<?xml version="1.0" encoding="UTF-8"?>
<testsuite xmlns:xsi="http://www.w3.org/2001/XMLSchema-instance" xsi:noNamespaceSchemaLocation="https://maven.apache.org/surefire/maven-surefire-plugin/xsd/surefire-test-report.xsd" name="com.shaw.ediorderservices.service.shipinfo.ShipInfoServiceTest" time="1.508" tests="2" errors="1" skipped="0" failures="1">
  <properties>
    <property name="java.specification.version" value="14"/>
    <property name="sun.jnu.encoding" value="UTF-8"/>
    <property name="java.class.path" value="/Users/waaronwaddell/Documents/GitHub/Public/EDI/EDI-Public/target/test-classes:/Users/waaronwaddell/Documents/GitHub/Public/EDI/EDI-Public/target/classes:/Users/waaronwaddell/.m2/repository/com/shaw/mock/mock-builder/0.0.1-SNAPSHOT/mock-builder-0.0.1-SNAPSHOT.jar:/Users/waaronwaddell/.m2/repository/javax/persistence/javax.persistence-api/2.2/javax.persistence-api-2.2.jar:/Users/waaronwaddell/.m2/repository/org/apache/logging/log4j/log4j-core/2.12.1/log4j-core-2.12.1.jar:/Users/waaronwaddell/.m2/repository/org/apache/logging/log4j/log4j-api/2.12.1/log4j-api-2.12.1.jar:/Users/waaronwaddell/.m2/repository/org/springframework/boot/spring-boot-starter-data-jpa/2.2.6.RELEASE/spring-boot-starter-data-jpa-2.2.6.RELEASE.jar:/Users/waaronwaddell/.m2/repository/org/springframework/boot/spring-boot-starter-aop/2.2.6.RELEASE/spring-boot-starter-aop-2.2.6.RELEASE.jar:/Users/waaronwaddell/.m2/repository/org/springframework/spring-aop/5.2.5.RELEASE/spring-aop-5.2.5.RELEASE.jar:/Users/waaronwaddell/.m2/repository/org/aspectj/aspectjweaver/1.9.5/aspectjweaver-1.9.5.jar:/Users/waaronwaddell/.m2/repository/org/springframework/boot/spring-boot-starter-jdbc/2.2.6.RELEASE/spring-boot-starter-jdbc-2.2.6.RELEASE.jar:/Users/waaronwaddell/.m2/repository/com/zaxxer/HikariCP/3.4.2/HikariCP-3.4.2.jar:/Users/waaronwaddell/.m2/repository/org/springframework/spring-jdbc/5.2.5.RELEASE/spring-jdbc-5.2.5.RELEASE.jar:/Users/waaronwaddell/.m2/repository/jakarta/activation/jakarta.activation-api/1.2.2/jakarta.activation-api-1.2.2.jar:/Users/waaronwaddell/.m2/repository/jakarta/persistence/jakarta.persistence-api/2.2.3/jakarta.persistence-api-2.2.3.jar:/Users/waaronwaddell/.m2/repository/jakarta/transaction/jakarta.transaction-api/1.3.3/jakarta.transaction-api-1.3.3.jar:/Users/waaronwaddell/.m2/repository/org/hibernate/hibernate-core/5.4.12.Final/hibernate-core-5.4.12.Final.jar:/Users/waaronwaddell/.m2/repository/org/javassist/javassist/3.24.0-GA/javassist-3.24.0-GA.jar:/Users/waaronwaddell/.m2/repository/net/bytebuddy/byte-buddy/1.10.8/byte-buddy-1.10.8.jar:/Users/waaronwaddell/.m2/repository/antlr/antlr/2.7.7/antlr-2.7.7.jar:/Users/waaronwaddell/.m2/repository/org/jboss/jandex/2.1.1.Final/jandex-2.1.1.Final.jar:/Users/waaronwaddell/.m2/repository/org/dom4j/dom4j/2.1.1/dom4j-2.1.1.jar:/Users/waaronwaddell/.m2/repository/org/hibernate/common/hibernate-commons-annotations/5.1.0.Final/hibernate-commons-annotations-5.1.0.Final.jar:/Users/waaronwaddell/.m2/repository/org/glassfish/jaxb/jaxb-runtime/2.3.2/jaxb-runtime-2.3.2.jar:/Users/waaronwaddell/.m2/repository/org/glassfish/jaxb/txw2/2.3.2/txw2-2.3.2.jar:/Users/waaronwaddell/.m2/repository/com/sun/istack/istack-commons-runtime/3.0.8/istack-commons-runtime-3.0.8.jar:/Users/waaronwaddell/.m2/repository/org/jvnet/staxex/stax-ex/1.8.1/stax-ex-1.8.1.jar:/Users/waaronwaddell/.m2/repository/com/sun/xml/fastinfoset/FastInfoset/1.2.16/FastInfoset-1.2.16.jar:/Users/waaronwaddell/.m2/repository/org/springframework/data/spring-data-jpa/2.2.6.RELEASE/spring-data-jpa-2.2.6.RELEASE.jar:/Users/waaronwaddell/.m2/repository/org/springframework/data/spring-data-commons/2.2.6.RELEASE/spring-data-commons-2.2.6.RELEASE.jar:/Users/waaronwaddell/.m2/repository/org/springframework/spring-orm/5.2.5.RELEASE/spring-orm-5.2.5.RELEASE.jar:/Users/waaronwaddell/.m2/repository/org/springframework/spring-context/5.2.5.RELEASE/spring-context-5.2.5.RELEASE.jar:/Users/waaronwaddell/.m2/repository/org/springframework/spring-tx/5.2.5.RELEASE/spring-tx-5.2.5.RELEASE.jar:/Users/waaronwaddell/.m2/repository/org/springframework/spring-beans/5.2.5.RELEASE/spring-beans-5.2.5.RELEASE.jar:/Users/waaronwaddell/.m2/repository/org/springframework/spring-aspects/5.2.5.RELEASE/spring-aspects-5.2.5.RELEASE.jar:/Users/waaronwaddell/.m2/repository/org/springframework/boot/spring-boot-starter-web/2.2.6.RELEASE/spring-boot-starter-web-2.2.6.RELEASE.jar:/Users/waaronwaddell/.m2/repository/org/springframework/boot/spring-boot-starter/2.2.6.RELEASE/spring-boot-starter-2.2.6.RELEASE.jar:/Users/waaronwaddell/.m2/repository/org/springframework/boot/spring-boot/2.2.6.RELEASE/spring-boot-2.2.6.RELEASE.jar:/Users/waaronwaddell/.m2/repository/org/springframework/boot/spring-boot-autoconfigure/2.2.6.RELEASE/spring-boot-autoconfigure-2.2.6.RELEASE.jar:/Users/waaronwaddell/.m2/repository/org/springframework/boot/spring-boot-starter-logging/2.2.6.RELEASE/spring-boot-starter-logging-2.2.6.RELEASE.jar:/Users/waaronwaddell/.m2/repository/ch/qos/logback/logback-classic/1.2.3/logback-classic-1.2.3.jar:/Users/waaronwaddell/.m2/repository/ch/qos/logback/logback-core/1.2.3/logback-core-1.2.3.jar:/Users/waaronwaddell/.m2/repository/org/apache/logging/log4j/log4j-to-slf4j/2.12.1/log4j-to-slf4j-2.12.1.jar:/Users/waaronwaddell/.m2/repository/org/slf4j/jul-to-slf4j/1.7.30/jul-to-slf4j-1.7.30.jar:/Users/waaronwaddell/.m2/repository/jakarta/annotation/jakarta.annotation-api/1.3.5/jakarta.annotation-api-1.3.5.jar:/Users/waaronwaddell/.m2/repository/org/yaml/snakeyaml/1.25/snakeyaml-1.25.jar:/Users/waaronwaddell/.m2/repository/org/springframework/boot/spring-boot-starter-json/2.2.6.RELEASE/spring-boot-starter-json-2.2.6.RELEASE.jar:/Users/waaronwaddell/.m2/repository/com/fasterxml/jackson/core/jackson-databind/2.10.3/jackson-databind-2.10.3.jar:/Users/waaronwaddell/.m2/repository/com/fasterxml/jackson/core/jackson-core/2.10.3/jackson-core-2.10.3.jar:/Users/waaronwaddell/.m2/repository/com/fasterxml/jackson/datatype/jackson-datatype-jdk8/2.10.3/jackson-datatype-jdk8-2.10.3.jar:/Users/waaronwaddell/.m2/repository/com/fasterxml/jackson/datatype/jackson-datatype-jsr310/2.10.3/jackson-datatype-jsr310-2.10.3.jar:/Users/waaronwaddell/.m2/repository/com/fasterxml/jackson/module/jackson-module-parameter-names/2.10.3/jackson-module-parameter-names-2.10.3.jar:/Users/waaronwaddell/.m2/repository/org/springframework/boot/spring-boot-starter-tomcat/2.2.6.RELEASE/spring-boot-starter-tomcat-2.2.6.RELEASE.jar:/Users/waaronwaddell/.m2/repository/org/apache/tomcat/embed/tomcat-embed-core/9.0.33/tomcat-embed-core-9.0.33.jar:/Users/waaronwaddell/.m2/repository/org/apache/tomcat/embed/tomcat-embed-el/9.0.33/tomcat-embed-el-9.0.33.jar:/Users/waaronwaddell/.m2/repository/org/apache/tomcat/embed/tomcat-embed-websocket/9.0.33/tomcat-embed-websocket-9.0.33.jar:/Users/waaronwaddell/.m2/repository/org/springframework/boot/spring-boot-starter-validation/2.2.6.RELEASE/spring-boot-starter-validation-2.2.6.RELEASE.jar:/Users/waaronwaddell/.m2/repository/jakarta/validation/jakarta.validation-api/2.0.2/jakarta.validation-api-2.0.2.jar:/Users/waaronwaddell/.m2/repository/org/hibernate/validator/hibernate-validator/6.0.18.Final/hibernate-validator-6.0.18.Final.jar:/Users/waaronwaddell/.m2/repository/org/springframework/spring-web/5.2.5.RELEASE/spring-web-5.2.5.RELEASE.jar:/Users/waaronwaddell/.m2/repository/org/springframework/spring-webmvc/5.2.5.RELEASE/spring-webmvc-5.2.5.RELEASE.jar:/Users/waaronwaddell/.m2/repository/org/springframework/spring-expression/5.2.5.RELEASE/spring-expression-5.2.5.RELEASE.jar:/Users/waaronwaddell/.m2/repository/com/google/collections/google-collections/1.0/google-collections-1.0.jar:/Users/waaronwaddell/.m2/repository/com/google/code/gson/gson/2.8.6/gson-2.8.6.jar:/Users/waaronwaddell/.m2/repository/org/apache/commons/commons-lang3/3.9/commons-lang3-3.9.jar:/Users/waaronwaddell/.m2/repository/org/mapstruct/mapstruct/1.3.1.Final/mapstruct-1.3.1.Final.jar:/Users/waaronwaddell/.m2/repository/com/h2database/h2/1.4.200/h2-1.4.200.jar:/Users/waaronwaddell/.m2/repository/com/microsoft/sqlserver/mssql-jdbc/7.4.1.jre8/mssql-jdbc-7.4.1.jre8.jar:/Users/waaronwaddell/.m2/repository/io/springfox/springfox-swagger2/2.9.2/springfox-swagger2-2.9.2.jar:/Users/waaronwaddell/.m2/repository/io/swagger/swagger-annotations/1.5.20/swagger-annotations-1.5.20.jar:/Users/waaronwaddell/.m2/repository/io/swagger/swagger-models/1.5.20/swagger-models-1.5.20.jar:/Users/waaronwaddell/.m2/repository/com/fasterxml/jackson/core/jackson-annotations/2.10.3/jackson-annotations-2.10.3.jar:/Users/waaronwaddell/.m2/repository/io/springfox/springfox-spi/2.9.2/springfox-spi-2.9.2.jar:/Users/waaronwaddell/.m2/repository/io/springfox/springfox-core/2.9.2/springfox-core-2.9.2.jar:/Users/waaronwaddell/.m2/repository/io/springfox/springfox-schema/2.9.2/springfox-schema-2.9.2.jar:/Users/waaronwaddell/.m2/repository/io/springfox/springfox-swagger-common/2.9.2/springfox-swagger-common-2.9.2.jar:/Users/waaronwaddell/.m2/repository/io/springfox/springfox-spring-web/2.9.2/springfox-spring-web-2.9.2.jar:/Users/waaronwaddell/.m2/repository/com/google/guava/guava/20.0/guava-20.0.jar:/Users/waaronwaddell/.m2/repository/com/fasterxml/classmate/1.5.1/classmate-1.5.1.jar:/Users/waaronwaddell/.m2/repository/org/slf4j/slf4j-api/1.7.30/slf4j-api-1.7.30.jar:/Users/waaronwaddell/.m2/repository/org/springframework/plugin/spring-plugin-core/1.2.0.RELEASE/spring-plugin-core-1.2.0.RELEASE.jar:/Users/waaronwaddell/.m2/repository/org/springframework/plugin/spring-plugin-metadata/1.2.0.RELEASE/spring-plugin-metadata-1.2.0.RELEASE.jar:/Users/waaronwaddell/.m2/repository/io/springfox/springfox-swagger-ui/2.9.2/springfox-swagger-ui-2.9.2.jar:/Users/waaronwaddell/.m2/repository/org/springframework/boot/spring-boot-starter-test/2.2.6.RELEASE/spring-boot-starter-test-2.2.6.RELEASE.jar:/Users/waaronwaddell/.m2/repository/org/springframework/boot/spring-boot-test/2.2.6.RELEASE/spring-boot-test-2.2.6.RELEASE.jar:/Users/waaronwaddell/.m2/repository/org/springframework/boot/spring-boot-test-autoconfigure/2.2.6.RELEASE/spring-boot-test-autoconfigure-2.2.6.RELEASE.jar:/Users/waaronwaddell/.m2/repository/com/jayway/jsonpath/json-path/2.4.0/json-path-2.4.0.jar:/Users/waaronwaddell/.m2/repository/net/minidev/json-smart/2.3/json-smart-2.3.jar:/Users/waaronwaddell/.m2/repository/net/minidev/accessors-smart/1.2/accessors-smart-1.2.jar:/Users/waaronwaddell/.m2/repository/org/ow2/asm/asm/5.0.4/asm-5.0.4.jar:/Users/waaronwaddell/.m2/repository/jakarta/xml/bind/jakarta.xml.bind-api/2.3.3/jakarta.xml.bind-api-2.3.3.jar:/Users/waaronwaddell/.m2/repository/org/junit/jupiter/junit-jupiter/5.5.2/junit-jupiter-5.5.2.jar:/Users/waaronwaddell/.m2/repository/org/junit/jupiter/junit-jupiter-api/5.5.2/junit-jupiter-api-5.5.2.jar:/Users/waaronwaddell/.m2/repository/org/apiguardian/apiguardian-api/1.1.0/apiguardian-api-1.1.0.jar:/Users/waaronwaddell/.m2/repository/org/opentest4j/opentest4j/1.2.0/opentest4j-1.2.0.jar:/Users/waaronwaddell/.m2/repository/org/junit/platform/junit-platform-commons/1.5.2/junit-platform-commons-1.5.2.jar:/Users/waaronwaddell/.m2/repository/org/junit/jupiter/junit-jupiter-params/5.5.2/junit-jupiter-params-5.5.2.jar:/Users/waaronwaddell/.m2/repository/org/junit/jupiter/junit-jupiter-engine/5.5.2/junit-jupiter-engine-5.5.2.jar:/Users/waaronwaddell/.m2/repository/org/junit/platform/junit-platform-engine/1.5.2/junit-platform-engine-1.5.2.jar:/Users/waaronwaddell/.m2/repository/org/mockito/mockito-junit-jupiter/3.1.0/mockito-junit-jupiter-3.1.0.jar:/Users/waaronwaddell/.m2/repository/org/assertj/assertj-core/3.13.2/assertj-core-3.13.2.jar:/Users/waaronwaddell/.m2/repository/org/hamcrest/hamcrest/2.1/hamcrest-2.1.jar:/Users/waaronwaddell/.m2/repository/org/mockito/mockito-core/3.1.0/mockito-core-3.1.0.jar:/Users/waaronwaddell/.m2/repository/net/bytebuddy/byte-buddy-agent/1.10.8/byte-buddy-agent-1.10.8.jar:/Users/waaronwaddell/.m2/repository/org/objenesis/objenesis/2.6/objenesis-2.6.jar:/Users/waaronwaddell/.m2/repository/org/skyscreamer/jsonassert/1.5.0/jsonassert-1.5.0.jar:/Users/waaronwaddell/.m2/repository/com/vaadin/external/google/android-json/0.0.20131108.vaadin1/android-json-0.0.20131108.vaadin1.jar:/Users/waaronwaddell/.m2/repository/org/springframework/spring-core/5.2.5.RELEASE/spring-core-5.2.5.RELEASE.jar:/Users/waaronwaddell/.m2/repository/org/springframework/spring-jcl/5.2.5.RELEASE/spring-jcl-5.2.5.RELEASE.jar:/Users/waaronwaddell/.m2/repository/org/springframework/spring-test/5.2.5.RELEASE/spring-test-5.2.5.RELEASE.jar:/Users/waaronwaddell/.m2/repository/org/xmlunit/xmlunit-core/2.6.4/xmlunit-core-2.6.4.jar:/Users/waaronwaddell/.m2/repository/org/springframework/boot/spring-boot-configuration-processor/2.2.6.RELEASE/spring-boot-configuration-processor-2.2.6.RELEASE.jar:/Users/waaronwaddell/.m2/repository/org/hibernate/hibernate-ehcache/5.4.12.Final/hibernate-ehcache-5.4.12.Final.jar:/Users/waaronwaddell/.m2/repository/org/jboss/logging/jboss-logging/3.4.1.Final/jboss-logging-3.4.1.Final.jar:/Users/waaronwaddell/.m2/repository/net/sf/ehcache/ehcache/2.10.6/ehcache-2.10.6.jar:/Users/waaronwaddell/.m2/repository/commons-dbcp/commons-dbcp/1.4/commons-dbcp-1.4.jar:/Users/waaronwaddell/.m2/repository/commons-pool/commons-pool/1.6/commons-pool-1.6.jar:"/>
    <property name="java.vm.vendor" value="Oracle Corporation"/>
    <property name="sun.arch.data.model" value="64"/>
    <property name="java.vendor.url" value="https://java.oracle.com/"/>
    <property name="os.name" value="Mac OS X"/>
    <property name="java.vm.specification.version" value="14"/>
    <property name="sun.java.launcher" value="SUN_STANDARD"/>
    <property name="user.country" value="US"/>
    <property name="sun.boot.library.path" value="/Library/Java/JavaVirtualMachines/jdk-14.0.1.jdk/Contents/Home/lib"/>
    <property name="sun.java.command" value="/Users/waaronwaddell/Documents/GitHub/Public/EDI/EDI-Public/target/surefire/surefirebooter1253495891782149255.jar /Users/waaronwaddell/Documents/GitHub/Public/EDI/EDI-Public/target/surefire 2020-06-19T13-28-19_209-jvmRun1 surefire7372129257937609197tmp surefire_07823809038847804982tmp"/>
    <property name="http.nonProxyHosts" value="local|*.local|169.254/16|*.169.254/16"/>
    <property name="jdk.debug" value="release"/>
    <property name="surefire.test.class.path" value="/Users/waaronwaddell/Documents/GitHub/Public/EDI/EDI-Public/target/test-classes:/Users/waaronwaddell/Documents/GitHub/Public/EDI/EDI-Public/target/classes:/Users/waaronwaddell/.m2/repository/com/shaw/mock/mock-builder/0.0.1-SNAPSHOT/mock-builder-0.0.1-SNAPSHOT.jar:/Users/waaronwaddell/.m2/repository/javax/persistence/javax.persistence-api/2.2/javax.persistence-api-2.2.jar:/Users/waaronwaddell/.m2/repository/org/apache/logging/log4j/log4j-core/2.12.1/log4j-core-2.12.1.jar:/Users/waaronwaddell/.m2/repository/org/apache/logging/log4j/log4j-api/2.12.1/log4j-api-2.12.1.jar:/Users/waaronwaddell/.m2/repository/org/springframework/boot/spring-boot-starter-data-jpa/2.2.6.RELEASE/spring-boot-starter-data-jpa-2.2.6.RELEASE.jar:/Users/waaronwaddell/.m2/repository/org/springframework/boot/spring-boot-starter-aop/2.2.6.RELEASE/spring-boot-starter-aop-2.2.6.RELEASE.jar:/Users/waaronwaddell/.m2/repository/org/springframework/spring-aop/5.2.5.RELEASE/spring-aop-5.2.5.RELEASE.jar:/Users/waaronwaddell/.m2/repository/org/aspectj/aspectjweaver/1.9.5/aspectjweaver-1.9.5.jar:/Users/waaronwaddell/.m2/repository/org/springframework/boot/spring-boot-starter-jdbc/2.2.6.RELEASE/spring-boot-starter-jdbc-2.2.6.RELEASE.jar:/Users/waaronwaddell/.m2/repository/com/zaxxer/HikariCP/3.4.2/HikariCP-3.4.2.jar:/Users/waaronwaddell/.m2/repository/org/springframework/spring-jdbc/5.2.5.RELEASE/spring-jdbc-5.2.5.RELEASE.jar:/Users/waaronwaddell/.m2/repository/jakarta/activation/jakarta.activation-api/1.2.2/jakarta.activation-api-1.2.2.jar:/Users/waaronwaddell/.m2/repository/jakarta/persistence/jakarta.persistence-api/2.2.3/jakarta.persistence-api-2.2.3.jar:/Users/waaronwaddell/.m2/repository/jakarta/transaction/jakarta.transaction-api/1.3.3/jakarta.transaction-api-1.3.3.jar:/Users/waaronwaddell/.m2/repository/org/hibernate/hibernate-core/5.4.12.Final/hibernate-core-5.4.12.Final.jar:/Users/waaronwaddell/.m2/repository/org/javassist/javassist/3.24.0-GA/javassist-3.24.0-GA.jar:/Users/waaronwaddell/.m2/repository/net/bytebuddy/byte-buddy/1.10.8/byte-buddy-1.10.8.jar:/Users/waaronwaddell/.m2/repository/antlr/antlr/2.7.7/antlr-2.7.7.jar:/Users/waaronwaddell/.m2/repository/org/jboss/jandex/2.1.1.Final/jandex-2.1.1.Final.jar:/Users/waaronwaddell/.m2/repository/org/dom4j/dom4j/2.1.1/dom4j-2.1.1.jar:/Users/waaronwaddell/.m2/repository/org/hibernate/common/hibernate-commons-annotations/5.1.0.Final/hibernate-commons-annotations-5.1.0.Final.jar:/Users/waaronwaddell/.m2/repository/org/glassfish/jaxb/jaxb-runtime/2.3.2/jaxb-runtime-2.3.2.jar:/Users/waaronwaddell/.m2/repository/org/glassfish/jaxb/txw2/2.3.2/txw2-2.3.2.jar:/Users/waaronwaddell/.m2/repository/com/sun/istack/istack-commons-runtime/3.0.8/istack-commons-runtime-3.0.8.jar:/Users/waaronwaddell/.m2/repository/org/jvnet/staxex/stax-ex/1.8.1/stax-ex-1.8.1.jar:/Users/waaronwaddell/.m2/repository/com/sun/xml/fastinfoset/FastInfoset/1.2.16/FastInfoset-1.2.16.jar:/Users/waaronwaddell/.m2/repository/org/springframework/data/spring-data-jpa/2.2.6.RELEASE/spring-data-jpa-2.2.6.RELEASE.jar:/Users/waaronwaddell/.m2/repository/org/springframework/data/spring-data-commons/2.2.6.RELEASE/spring-data-commons-2.2.6.RELEASE.jar:/Users/waaronwaddell/.m2/repository/org/springframework/spring-orm/5.2.5.RELEASE/spring-orm-5.2.5.RELEASE.jar:/Users/waaronwaddell/.m2/repository/org/springframework/spring-context/5.2.5.RELEASE/spring-context-5.2.5.RELEASE.jar:/Users/waaronwaddell/.m2/repository/org/springframework/spring-tx/5.2.5.RELEASE/spring-tx-5.2.5.RELEASE.jar:/Users/waaronwaddell/.m2/repository/org/springframework/spring-beans/5.2.5.RELEASE/spring-beans-5.2.5.RELEASE.jar:/Users/waaronwaddell/.m2/repository/org/springframework/spring-aspects/5.2.5.RELEASE/spring-aspects-5.2.5.RELEASE.jar:/Users/waaronwaddell/.m2/repository/org/springframework/boot/spring-boot-starter-web/2.2.6.RELEASE/spring-boot-starter-web-2.2.6.RELEASE.jar:/Users/waaronwaddell/.m2/repository/org/springframework/boot/spring-boot-starter/2.2.6.RELEASE/spring-boot-starter-2.2.6.RELEASE.jar:/Users/waaronwaddell/.m2/repository/org/springframework/boot/spring-boot/2.2.6.RELEASE/spring-boot-2.2.6.RELEASE.jar:/Users/waaronwaddell/.m2/repository/org/springframework/boot/spring-boot-autoconfigure/2.2.6.RELEASE/spring-boot-autoconfigure-2.2.6.RELEASE.jar:/Users/waaronwaddell/.m2/repository/org/springframework/boot/spring-boot-starter-logging/2.2.6.RELEASE/spring-boot-starter-logging-2.2.6.RELEASE.jar:/Users/waaronwaddell/.m2/repository/ch/qos/logback/logback-classic/1.2.3/logback-classic-1.2.3.jar:/Users/waaronwaddell/.m2/repository/ch/qos/logback/logback-core/1.2.3/logback-core-1.2.3.jar:/Users/waaronwaddell/.m2/repository/org/apache/logging/log4j/log4j-to-slf4j/2.12.1/log4j-to-slf4j-2.12.1.jar:/Users/waaronwaddell/.m2/repository/org/slf4j/jul-to-slf4j/1.7.30/jul-to-slf4j-1.7.30.jar:/Users/waaronwaddell/.m2/repository/jakarta/annotation/jakarta.annotation-api/1.3.5/jakarta.annotation-api-1.3.5.jar:/Users/waaronwaddell/.m2/repository/org/yaml/snakeyaml/1.25/snakeyaml-1.25.jar:/Users/waaronwaddell/.m2/repository/org/springframework/boot/spring-boot-starter-json/2.2.6.RELEASE/spring-boot-starter-json-2.2.6.RELEASE.jar:/Users/waaronwaddell/.m2/repository/com/fasterxml/jackson/core/jackson-databind/2.10.3/jackson-databind-2.10.3.jar:/Users/waaronwaddell/.m2/repository/com/fasterxml/jackson/core/jackson-core/2.10.3/jackson-core-2.10.3.jar:/Users/waaronwaddell/.m2/repository/com/fasterxml/jackson/datatype/jackson-datatype-jdk8/2.10.3/jackson-datatype-jdk8-2.10.3.jar:/Users/waaronwaddell/.m2/repository/com/fasterxml/jackson/datatype/jackson-datatype-jsr310/2.10.3/jackson-datatype-jsr310-2.10.3.jar:/Users/waaronwaddell/.m2/repository/com/fasterxml/jackson/module/jackson-module-parameter-names/2.10.3/jackson-module-parameter-names-2.10.3.jar:/Users/waaronwaddell/.m2/repository/org/springframework/boot/spring-boot-starter-tomcat/2.2.6.RELEASE/spring-boot-starter-tomcat-2.2.6.RELEASE.jar:/Users/waaronwaddell/.m2/repository/org/apache/tomcat/embed/tomcat-embed-core/9.0.33/tomcat-embed-core-9.0.33.jar:/Users/waaronwaddell/.m2/repository/org/apache/tomcat/embed/tomcat-embed-el/9.0.33/tomcat-embed-el-9.0.33.jar:/Users/waaronwaddell/.m2/repository/org/apache/tomcat/embed/tomcat-embed-websocket/9.0.33/tomcat-embed-websocket-9.0.33.jar:/Users/waaronwaddell/.m2/repository/org/springframework/boot/spring-boot-starter-validation/2.2.6.RELEASE/spring-boot-starter-validation-2.2.6.RELEASE.jar:/Users/waaronwaddell/.m2/repository/jakarta/validation/jakarta.validation-api/2.0.2/jakarta.validation-api-2.0.2.jar:/Users/waaronwaddell/.m2/repository/org/hibernate/validator/hibernate-validator/6.0.18.Final/hibernate-validator-6.0.18.Final.jar:/Users/waaronwaddell/.m2/repository/org/springframework/spring-web/5.2.5.RELEASE/spring-web-5.2.5.RELEASE.jar:/Users/waaronwaddell/.m2/repository/org/springframework/spring-webmvc/5.2.5.RELEASE/spring-webmvc-5.2.5.RELEASE.jar:/Users/waaronwaddell/.m2/repository/org/springframework/spring-expression/5.2.5.RELEASE/spring-expression-5.2.5.RELEASE.jar:/Users/waaronwaddell/.m2/repository/com/google/collections/google-collections/1.0/google-collections-1.0.jar:/Users/waaronwaddell/.m2/repository/com/google/code/gson/gson/2.8.6/gson-2.8.6.jar:/Users/waaronwaddell/.m2/repository/org/apache/commons/commons-lang3/3.9/commons-lang3-3.9.jar:/Users/waaronwaddell/.m2/repository/org/mapstruct/mapstruct/1.3.1.Final/mapstruct-1.3.1.Final.jar:/Users/waaronwaddell/.m2/repository/com/h2database/h2/1.4.200/h2-1.4.200.jar:/Users/waaronwaddell/.m2/repository/com/microsoft/sqlserver/mssql-jdbc/7.4.1.jre8/mssql-jdbc-7.4.1.jre8.jar:/Users/waaronwaddell/.m2/repository/io/springfox/springfox-swagger2/2.9.2/springfox-swagger2-2.9.2.jar:/Users/waaronwaddell/.m2/repository/io/swagger/swagger-annotations/1.5.20/swagger-annotations-1.5.20.jar:/Users/waaronwaddell/.m2/repository/io/swagger/swagger-models/1.5.20/swagger-models-1.5.20.jar:/Users/waaronwaddell/.m2/repository/com/fasterxml/jackson/core/jackson-annotations/2.10.3/jackson-annotations-2.10.3.jar:/Users/waaronwaddell/.m2/repository/io/springfox/springfox-spi/2.9.2/springfox-spi-2.9.2.jar:/Users/waaronwaddell/.m2/repository/io/springfox/springfox-core/2.9.2/springfox-core-2.9.2.jar:/Users/waaronwaddell/.m2/repository/io/springfox/springfox-schema/2.9.2/springfox-schema-2.9.2.jar:/Users/waaronwaddell/.m2/repository/io/springfox/springfox-swagger-common/2.9.2/springfox-swagger-common-2.9.2.jar:/Users/waaronwaddell/.m2/repository/io/springfox/springfox-spring-web/2.9.2/springfox-spring-web-2.9.2.jar:/Users/waaronwaddell/.m2/repository/com/google/guava/guava/20.0/guava-20.0.jar:/Users/waaronwaddell/.m2/repository/com/fasterxml/classmate/1.5.1/classmate-1.5.1.jar:/Users/waaronwaddell/.m2/repository/org/slf4j/slf4j-api/1.7.30/slf4j-api-1.7.30.jar:/Users/waaronwaddell/.m2/repository/org/springframework/plugin/spring-plugin-core/1.2.0.RELEASE/spring-plugin-core-1.2.0.RELEASE.jar:/Users/waaronwaddell/.m2/repository/org/springframework/plugin/spring-plugin-metadata/1.2.0.RELEASE/spring-plugin-metadata-1.2.0.RELEASE.jar:/Users/waaronwaddell/.m2/repository/io/springfox/springfox-swagger-ui/2.9.2/springfox-swagger-ui-2.9.2.jar:/Users/waaronwaddell/.m2/repository/org/springframework/boot/spring-boot-starter-test/2.2.6.RELEASE/spring-boot-starter-test-2.2.6.RELEASE.jar:/Users/waaronwaddell/.m2/repository/org/springframework/boot/spring-boot-test/2.2.6.RELEASE/spring-boot-test-2.2.6.RELEASE.jar:/Users/waaronwaddell/.m2/repository/org/springframework/boot/spring-boot-test-autoconfigure/2.2.6.RELEASE/spring-boot-test-autoconfigure-2.2.6.RELEASE.jar:/Users/waaronwaddell/.m2/repository/com/jayway/jsonpath/json-path/2.4.0/json-path-2.4.0.jar:/Users/waaronwaddell/.m2/repository/net/minidev/json-smart/2.3/json-smart-2.3.jar:/Users/waaronwaddell/.m2/repository/net/minidev/accessors-smart/1.2/accessors-smart-1.2.jar:/Users/waaronwaddell/.m2/repository/org/ow2/asm/asm/5.0.4/asm-5.0.4.jar:/Users/waaronwaddell/.m2/repository/jakarta/xml/bind/jakarta.xml.bind-api/2.3.3/jakarta.xml.bind-api-2.3.3.jar:/Users/waaronwaddell/.m2/repository/org/junit/jupiter/junit-jupiter/5.5.2/junit-jupiter-5.5.2.jar:/Users/waaronwaddell/.m2/repository/org/junit/jupiter/junit-jupiter-api/5.5.2/junit-jupiter-api-5.5.2.jar:/Users/waaronwaddell/.m2/repository/org/apiguardian/apiguardian-api/1.1.0/apiguardian-api-1.1.0.jar:/Users/waaronwaddell/.m2/repository/org/opentest4j/opentest4j/1.2.0/opentest4j-1.2.0.jar:/Users/waaronwaddell/.m2/repository/org/junit/platform/junit-platform-commons/1.5.2/junit-platform-commons-1.5.2.jar:/Users/waaronwaddell/.m2/repository/org/junit/jupiter/junit-jupiter-params/5.5.2/junit-jupiter-params-5.5.2.jar:/Users/waaronwaddell/.m2/repository/org/junit/jupiter/junit-jupiter-engine/5.5.2/junit-jupiter-engine-5.5.2.jar:/Users/waaronwaddell/.m2/repository/org/junit/platform/junit-platform-engine/1.5.2/junit-platform-engine-1.5.2.jar:/Users/waaronwaddell/.m2/repository/org/mockito/mockito-junit-jupiter/3.1.0/mockito-junit-jupiter-3.1.0.jar:/Users/waaronwaddell/.m2/repository/org/assertj/assertj-core/3.13.2/assertj-core-3.13.2.jar:/Users/waaronwaddell/.m2/repository/org/hamcrest/hamcrest/2.1/hamcrest-2.1.jar:/Users/waaronwaddell/.m2/repository/org/mockito/mockito-core/3.1.0/mockito-core-3.1.0.jar:/Users/waaronwaddell/.m2/repository/net/bytebuddy/byte-buddy-agent/1.10.8/byte-buddy-agent-1.10.8.jar:/Users/waaronwaddell/.m2/repository/org/objenesis/objenesis/2.6/objenesis-2.6.jar:/Users/waaronwaddell/.m2/repository/org/skyscreamer/jsonassert/1.5.0/jsonassert-1.5.0.jar:/Users/waaronwaddell/.m2/repository/com/vaadin/external/google/android-json/0.0.20131108.vaadin1/android-json-0.0.20131108.vaadin1.jar:/Users/waaronwaddell/.m2/repository/org/springframework/spring-core/5.2.5.RELEASE/spring-core-5.2.5.RELEASE.jar:/Users/waaronwaddell/.m2/repository/org/springframework/spring-jcl/5.2.5.RELEASE/spring-jcl-5.2.5.RELEASE.jar:/Users/waaronwaddell/.m2/repository/org/springframework/spring-test/5.2.5.RELEASE/spring-test-5.2.5.RELEASE.jar:/Users/waaronwaddell/.m2/repository/org/xmlunit/xmlunit-core/2.6.4/xmlunit-core-2.6.4.jar:/Users/waaronwaddell/.m2/repository/org/springframework/boot/spring-boot-configuration-processor/2.2.6.RELEASE/spring-boot-configuration-processor-2.2.6.RELEASE.jar:/Users/waaronwaddell/.m2/repository/org/hibernate/hibernate-ehcache/5.4.12.Final/hibernate-ehcache-5.4.12.Final.jar:/Users/waaronwaddell/.m2/repository/org/jboss/logging/jboss-logging/3.4.1.Final/jboss-logging-3.4.1.Final.jar:/Users/waaronwaddell/.m2/repository/net/sf/ehcache/ehcache/2.10.6/ehcache-2.10.6.jar:/Users/waaronwaddell/.m2/repository/commons-dbcp/commons-dbcp/1.4/commons-dbcp-1.4.jar:/Users/waaronwaddell/.m2/repository/commons-pool/commons-pool/1.6/commons-pool-1.6.jar:"/>
    <property name="sun.cpu.endian" value="little"/>
    <property name="user.home" value="/Users/waaronwaddell"/>
    <property name="user.language" value="en"/>
    <property name="java.specification.vendor" value="Oracle Corporation"/>
    <property name="java.version.date" value="2020-04-14"/>
    <property name="java.home" value="/Library/Java/JavaVirtualMachines/jdk-14.0.1.jdk/Contents/Home"/>
    <property name="file.separator" value="/"/>
    <property name="style.color" value="always"/>
    <property name="basedir" value="/Users/waaronwaddell/Documents/GitHub/Public/EDI/EDI-Public"/>
    <property name="java.vm.compressedOopsMode" value="Zero based"/>
    <property name="line.separator" value="&#10;"/>
    <property name="java.specification.name" value="Java Platform API Specification"/>
    <property name="java.vm.specification.vendor" value="Oracle Corporation"/>
    <property name="surefire.real.class.path" value="/Users/waaronwaddell/Documents/GitHub/Public/EDI/EDI-Public/target/surefire/surefirebooter1253495891782149255.jar"/>
    <property name="sun.management.compiler" value="HotSpot 64-Bit Tiered Compilers"/>
    <property name="ftp.nonProxyHosts" value="local|*.local|169.254/16|*.169.254/16"/>
    <property name="java.runtime.version" value="14.0.1+7"/>
    <property name="user.name" value="waaronwaddell"/>
    <property name="path.separator" value=":"/>
    <property name="os.version" value="10.15.5"/>
    <property name="java.runtime.name" value="Java(TM) SE Runtime Environment"/>
    <property name="file.encoding" value="UTF-8"/>
    <property name="java.vm.name" value="Java HotSpot(TM) 64-Bit Server VM"/>
    <property name="localRepository" value="/Users/waaronwaddell/.m2/repository"/>
    <property name="java.vendor.url.bug" value="https://bugreport.java.com/bugreport/"/>
    <property name="java.io.tmpdir" value="/var/folders/v1/7ssr3hdd2_qfv951y30bn48w0000gn/T/"/>
    <property name="java.version" value="14.0.1"/>
    <property name="user.dir" value="/Users/waaronwaddell/Documents/GitHub/Public/EDI/EDI-Public"/>
    <property name="os.arch" value="x86_64"/>
    <property name="java.vm.specification.name" value="Java Virtual Machine Specification"/>
    <property name="java.library.path" value="/Users/waaronwaddell/Library/Java/Extensions:/Library/Java/Extensions:/Network/Library/Java/Extensions:/System/Library/Java/Extensions:/usr/lib/java:."/>
    <property name="java.vm.info" value="mixed mode, sharing"/>
    <property name="java.vendor" value="Oracle Corporation"/>
    <property name="java.vm.version" value="14.0.1+7"/>
    <property name="sun.io.unicode.encoding" value="UnicodeBig"/>
    <property name="socksNonProxyHosts" value="local|*.local|169.254/16|*.169.254/16"/>
    <property name="java.class.version" value="58.0"/>
  </properties>
  <testcase name="testCreateShipInfo" classname="com.shaw.ediorderservices.service.shipinfo.ShipInfoServiceTest" time="0.008">
    <error type="java.lang.NullPointerException">java.lang.NullPointerException
	at com.shaw.ediorderservices.service.shipinfo.ShipInfoServiceTest.testCreateShipInfo(ShipInfoServiceTest.java:74)
</error>
    <system-out><![CDATA[
  .   ____          _            __ _ _
 /\\ / ___'_ __ _ _(_)_ __  __ _ \ \ \ \
( ( )\___ | '_ | '_| | '_ \/ _` | \ \ \ \
 \\/  ___)| |_)| | | | | || (_| |  ) ) ) )
  '  |____| .__|_| |_|_| |_\__, | / / / /
 =========|_|==============|___/=/_/_/_/
 :: Spring Boot ::        (v2.2.6.RELEASE)

2020-06-19 13:28:32 INFO  [StartupInfoLogger.java:55] Starting ShipInfoServiceTest on Aarons-MBP.home with PID 45897 (started by waaronwaddell in /Users/waaronwaddell/Documents/GitHub/Public/EDI/EDI-Public)
2020-06-19 13:28:32 DEBUG [StartupInfoLogger.java:56] Running with Spring Boot v2.2.6.RELEASE, Spring v5.2.5.RELEASE
2020-06-19 13:28:32 INFO  [SpringApplication.java:651] No active profile set, falling back to default profiles: default
2020-06-19 13:28:32 DEBUG [HikariConfig.java:900] Driver class org.h2.Driver found in Thread context class loader jdk.internal.loader.ClassLoaders$AppClassLoader@55054057
2020-06-19 13:28:33 DEBUG [HikariConfig.java:900] Driver class org.h2.Driver found in Thread context class loader jdk.internal.loader.ClassLoaders$AppClassLoader@55054057
2020-06-19 13:28:33 INFO  [LogHelper.java:31] HHH000204: Processing PersistenceUnitInfo [name: db2PU]
2020-06-19 13:28:33 DEBUG [HikariConfig.java:1020] HikariPool-9 - configuration:
2020-06-19 13:28:33 DEBUG [HikariConfig.java:1052] allowPoolSuspension.............false
2020-06-19 13:28:33 DEBUG [HikariConfig.java:1052] autoCommit......................true
2020-06-19 13:28:33 DEBUG [HikariConfig.java:1052] catalog.........................none
2020-06-19 13:28:33 DEBUG [HikariConfig.java:1052] connectionInitSql...............none
2020-06-19 13:28:33 DEBUG [HikariConfig.java:1052] connectionTestQuery.............none
2020-06-19 13:28:33 DEBUG [HikariConfig.java:1052] connectionTimeout...............30000
2020-06-19 13:28:33 DEBUG [HikariConfig.java:1052] dataSource......................none
2020-06-19 13:28:33 DEBUG [HikariConfig.java:1052] dataSourceClassName.............none
2020-06-19 13:28:33 DEBUG [HikariConfig.java:1052] dataSourceJNDI..................none
2020-06-19 13:28:33 DEBUG [HikariConfig.java:1052] dataSourceProperties............{password=<masked>}
2020-06-19 13:28:33 DEBUG [HikariConfig.java:1052] driverClassName................."org.h2.Driver"
2020-06-19 13:28:33 DEBUG [HikariConfig.java:1052] healthCheckProperties...........{}
2020-06-19 13:28:33 DEBUG [HikariConfig.java:1052] healthCheckRegistry.............none
2020-06-19 13:28:33 DEBUG [HikariConfig.java:1052] idleTimeout.....................600000
2020-06-19 13:28:33 DEBUG [HikariConfig.java:1052] initializationFailTimeout.......1
2020-06-19 13:28:33 DEBUG [HikariConfig.java:1052] isolateInternalQueries..........false
2020-06-19 13:28:33 DEBUG [HikariConfig.java:1052] jdbcUrl.........................jdbc:h2:mem:db2;INIT=create schema IF NOT EXISTS SHXP
2020-06-19 13:28:33 DEBUG [HikariConfig.java:1052] leakDetectionThreshold..........0
2020-06-19 13:28:33 DEBUG [HikariConfig.java:1052] maxLifetime.....................1800000
2020-06-19 13:28:33 DEBUG [HikariConfig.java:1052] maximumPoolSize.................10
2020-06-19 13:28:33 DEBUG [HikariConfig.java:1052] metricRegistry..................none
2020-06-19 13:28:33 DEBUG [HikariConfig.java:1052] metricsTrackerFactory...........none
2020-06-19 13:28:33 DEBUG [HikariConfig.java:1052] minimumIdle.....................10
2020-06-19 13:28:33 DEBUG [HikariConfig.java:1052] password........................<masked>
2020-06-19 13:28:33 DEBUG [HikariConfig.java:1052] poolName........................"HikariPool-9"
2020-06-19 13:28:33 DEBUG [HikariConfig.java:1052] readOnly........................false
2020-06-19 13:28:33 DEBUG [HikariConfig.java:1052] registerMbeans..................false
2020-06-19 13:28:33 DEBUG [HikariConfig.java:1052] scheduledExecutor...............none
2020-06-19 13:28:33 DEBUG [HikariConfig.java:1052] schema..........................none
2020-06-19 13:28:33 DEBUG [HikariConfig.java:1052] threadFactory...................internal
2020-06-19 13:28:33 DEBUG [HikariConfig.java:1052] transactionIsolation............default
2020-06-19 13:28:33 DEBUG [HikariConfig.java:1052] username........................"sa"
2020-06-19 13:28:33 DEBUG [HikariConfig.java:1052] validationTimeout...............5000
2020-06-19 13:28:33 INFO  [HikariDataSource.java:110] HikariPool-9 - Starting...
2020-06-19 13:28:33 DEBUG [HikariPool.java:558] HikariPool-9 - Added connection conn80: url=jdbc:h2:mem:db2 user=SA
2020-06-19 13:28:33 INFO  [HikariDataSource.java:123] HikariPool-9 - Start completed.
2020-06-19 13:28:33 INFO  [Dialect.java:172] HHH000400: Using dialect: org.hibernate.dialect.H2Dialect
2020-06-19 13:28:33 DEBUG [HikariPool.java:417] HikariPool-9 - Pool stats (total=1, active=0, idle=1, waiting=0)
2020-06-19 13:28:33 DEBUG [HikariPool.java:722] HikariPool-9 - Added connection conn81: url=jdbc:h2:mem:db2 user=SA
2020-06-19 13:28:33 DEBUG [HikariPool.java:722] HikariPool-9 - Added connection conn82: url=jdbc:h2:mem:db2 user=SA
2020-06-19 13:28:33 DEBUG [HikariPool.java:722] HikariPool-9 - Added connection conn83: url=jdbc:h2:mem:db2 user=SA
2020-06-19 13:28:33 DEBUG [HikariPool.java:722] HikariPool-9 - Added connection conn84: url=jdbc:h2:mem:db2 user=SA
2020-06-19 13:28:33 DEBUG [HikariPool.java:722] HikariPool-9 - Added connection conn85: url=jdbc:h2:mem:db2 user=SA
2020-06-19 13:28:33 DEBUG [HikariPool.java:722] HikariPool-9 - Added connection conn86: url=jdbc:h2:mem:db2 user=SA
2020-06-19 13:28:33 DEBUG [HikariPool.java:722] HikariPool-9 - Added connection conn87: url=jdbc:h2:mem:db2 user=SA
2020-06-19 13:28:33 DEBUG [HikariPool.java:722] HikariPool-9 - Added connection conn88: url=jdbc:h2:mem:db2 user=SA
2020-06-19 13:28:33 DEBUG [HikariPool.java:722] HikariPool-9 - Added connection conn89: url=jdbc:h2:mem:db2 user=SA
2020-06-19 13:28:33 DEBUG [HikariPool.java:417] HikariPool-9 - After adding stats (total=10, active=0, idle=10, waiting=0)
Hibernate: create table SHXP.EDI_SHIP_INFO (DATE_STAMP date not null, ORDER_NBR varchar(6) not null, ACCT_CONTACT varchar(45) default  not null, AGREEMENT_NBR varchar(15) not null, AUTH_REP varchar(45) default  not null, AUTHORIZATION_NO varchar(10) default  not null, BILL_TO_STORE_NBR varchar(20) not null, BS_STORE_NBR varchar(10) not null, CARR_CODE varchar(2) not null, COMM_CUST varchar(7) not null, CONS_STATUS_MSG varchar(35) default  not null, CONSUMER_ADDRESS varchar(35) not null, CONSUMER_ADDRESS_2 varchar(35) not null, CONSUMER_CITY varchar(19) not null, CONSUMER_PO_DATE date not null, CONSUMER_SHIP_FLG varchar(1) not null, CONSUMER_NAME varchar(35) not null, CONSUMER_STATE varchar(2) not null, CONSUMER_ZIP varchar(9) not null, CONTRACT_NBR varchar(15) default  not null, CROSS_DOCK varchar(10) not null, CUST_NBR varchar(7) not null, CUST_PMT_METH varchar(30) default  not null, CUST_PO varchar(22) not null, CUST_SP_INST varchar(45) default  not null, CUST_WH_NBR varchar(4) default  not null, CUSTOMER_CODE varchar(2) not null, DELIVERY_DATE date, DELV_REQST_DATE date, department varchar(5) not null, DIV_DESC varchar(20) not null, DUNS_NBR varchar(15) not null, EDI_ORDER_NUMBER bigint, EVENT_INFO varchar(15) not null, GIFT_MESSAGE_1 varchar(45) not null, GIFT_MESSAGE_2 varchar(45) not null, HDR_DROP_DATE date default CURRENT_DATE not null, LAST_CHNG_DATE timestamp default CURRENT_DATE not null, LAST_CHNG_ID varchar(8) default  not null, NB_DATE date default CURRENT_DATE not null, NO_ASN_FLAG varchar(1) not null, ONLINE_TYPE varchar(1) default  not null, ORDER_MER_COST bigint default  not null, ORDER_RET_HAND bigint default  not null, ORDER_RET_SH bigint default  not null, ORDER_RET_TAX bigint default  not null, ORDER_RET_TOTAL bigint default  not null, ORDER_TYPE varchar(1) not null, ORDER_TYPE_DESC varchar(15) not null, ORDERING_SYS varchar(2) not null, PO_DATE date not null, PO_TYPE_SUFFIX varchar(10) default  not null, PS_MSG varchar(255) default  not null, PURCHASED_BY varchar(45) not null, RECEIVING_STORE varchar(10) not null, REF_TC_NBR varchar(20) default  not null, RETURN_MSG varchar(35) default  not null, ROUTE_BY_DATE date default CURRENT_DATE not null, SALES_CHECK_NO varchar(30) not null, SALES_REQ_CODE varchar(2) default  not null, SHIP_BY_DATE date, SHIP_CANCEL_DATE date default CURRENT_DATE not null, SHIP_TO_DEST_CODE varchar(2) not null, SPEC_PO_NUMBER varchar(20) not null, SPL_BILL_TO_STORE varchar(10) not null, SPL_SHIP_TO_STORE varchar(10) not null, SPL_XDOCK_CENTER varchar(10) not null, STORE_NAME varchar(45) not null, VENDOR_NO varchar(15) not null, primary key (DATE_STAMP, ORDER_NBR))
2020-06-19 13:28:33 WARN  [ExceptionHandlerLoggedImpl.java:27] GenerationTarget encountered exception accepting command : Error executing DDL "create table SHXP.EDI_SHIP_INFO (DATE_STAMP date not null, ORDER_NBR varchar(6) not null, ACCT_CONTACT varchar(45) default  not null, AGREEMENT_NBR varchar(15) not null, AUTH_REP varchar(45) default  not null, AUTHORIZATION_NO varchar(10) default  not null, BILL_TO_STORE_NBR varchar(20) not null, BS_STORE_NBR varchar(10) not null, CARR_CODE varchar(2) not null, COMM_CUST varchar(7) not null, CONS_STATUS_MSG varchar(35) default  not null, CONSUMER_ADDRESS varchar(35) not null, CONSUMER_ADDRESS_2 varchar(35) not null, CONSUMER_CITY varchar(19) not null, CONSUMER_PO_DATE date not null, CONSUMER_SHIP_FLG varchar(1) not null, CONSUMER_NAME varchar(35) not null, CONSUMER_STATE varchar(2) not null, CONSUMER_ZIP varchar(9) not null, CONTRACT_NBR varchar(15) default  not null, CROSS_DOCK varchar(10) not null, CUST_NBR varchar(7) not null, CUST_PMT_METH varchar(30) default  not null, CUST_PO varchar(22) not null, CUST_SP_INST varchar(45) default  not null, CUST_WH_NBR varchar(4) default  not null, CUSTOMER_CODE varchar(2) not null, DELIVERY_DATE date, DELV_REQST_DATE date, department varchar(5) not null, DIV_DESC varchar(20) not null, DUNS_NBR varchar(15) not null, EDI_ORDER_NUMBER bigint, EVENT_INFO varchar(15) not null, GIFT_MESSAGE_1 varchar(45) not null, GIFT_MESSAGE_2 varchar(45) not null, HDR_DROP_DATE date default CURRENT_DATE not null, LAST_CHNG_DATE timestamp default CURRENT_DATE not null, LAST_CHNG_ID varchar(8) default  not null, NB_DATE date default CURRENT_DATE not null, NO_ASN_FLAG varchar(1) not null, ONLINE_TYPE varchar(1) default  not null, ORDER_MER_COST bigint default  not null, ORDER_RET_HAND bigint default  not null, ORDER_RET_SH bigint default  not null, ORDER_RET_TAX bigint default  not null, ORDER_RET_TOTAL bigint default  not null, ORDER_TYPE varchar(1) not null, ORDER_TYPE_DESC varchar(15) not null, ORDERING_SYS varchar(2) not null, PO_DATE date not null, PO_TYPE_SUFFIX varchar(10) default  not null, PS_MSG varchar(255) default  not null, PURCHASED_BY varchar(45) not null, RECEIVING_STORE varchar(10) not null, REF_TC_NBR varchar(20) default  not null, RETURN_MSG varchar(35) default  not null, ROUTE_BY_DATE date default CURRENT_DATE not null, SALES_CHECK_NO varchar(30) not null, SALES_REQ_CODE varchar(2) default  not null, SHIP_BY_DATE date, SHIP_CANCEL_DATE date default CURRENT_DATE not null, SHIP_TO_DEST_CODE varchar(2) not null, SPEC_PO_NUMBER varchar(20) not null, SPL_BILL_TO_STORE varchar(10) not null, SPL_SHIP_TO_STORE varchar(10) not null, SPL_XDOCK_CENTER varchar(10) not null, STORE_NAME varchar(45) not null, VENDOR_NO varchar(15) not null, primary key (DATE_STAMP, ORDER_NBR))" via JDBC Statement
org.hibernate.tool.schema.spi.CommandAcceptanceException: Error executing DDL "create table SHXP.EDI_SHIP_INFO (DATE_STAMP date not null, ORDER_NBR varchar(6) not null, ACCT_CONTACT varchar(45) default  not null, AGREEMENT_NBR varchar(15) not null, AUTH_REP varchar(45) default  not null, AUTHORIZATION_NO varchar(10) default  not null, BILL_TO_STORE_NBR varchar(20) not null, BS_STORE_NBR varchar(10) not null, CARR_CODE varchar(2) not null, COMM_CUST varchar(7) not null, CONS_STATUS_MSG varchar(35) default  not null, CONSUMER_ADDRESS varchar(35) not null, CONSUMER_ADDRESS_2 varchar(35) not null, CONSUMER_CITY varchar(19) not null, CONSUMER_PO_DATE date not null, CONSUMER_SHIP_FLG varchar(1) not null, CONSUMER_NAME varchar(35) not null, CONSUMER_STATE varchar(2) not null, CONSUMER_ZIP varchar(9) not null, CONTRACT_NBR varchar(15) default  not null, CROSS_DOCK varchar(10) not null, CUST_NBR varchar(7) not null, CUST_PMT_METH varchar(30) default  not null, CUST_PO varchar(22) not null, CUST_SP_INST varchar(45) default  not null, CUST_WH_NBR varchar(4) default  not null, CUSTOMER_CODE varchar(2) not null, DELIVERY_DATE date, DELV_REQST_DATE date, department varchar(5) not null, DIV_DESC varchar(20) not null, DUNS_NBR varchar(15) not null, EDI_ORDER_NUMBER bigint, EVENT_INFO varchar(15) not null, GIFT_MESSAGE_1 varchar(45) not null, GIFT_MESSAGE_2 varchar(45) not null, HDR_DROP_DATE date default CURRENT_DATE not null, LAST_CHNG_DATE timestamp default CURRENT_DATE not null, LAST_CHNG_ID varchar(8) default  not null, NB_DATE date default CURRENT_DATE not null, NO_ASN_FLAG varchar(1) not null, ONLINE_TYPE varchar(1) default  not null, ORDER_MER_COST bigint default  not null, ORDER_RET_HAND bigint default  not null, ORDER_RET_SH bigint default  not null, ORDER_RET_TAX bigint default  not null, ORDER_RET_TOTAL bigint default  not null, ORDER_TYPE varchar(1) not null, ORDER_TYPE_DESC varchar(15) not null, ORDERING_SYS varchar(2) not null, PO_DATE date not null, PO_TYPE_SUFFIX varchar(10) default  not null, PS_MSG varchar(255) default  not null, PURCHASED_BY varchar(45) not null, RECEIVING_STORE varchar(10) not null, REF_TC_NBR varchar(20) default  not null, RETURN_MSG varchar(35) default  not null, ROUTE_BY_DATE date default CURRENT_DATE not null, SALES_CHECK_NO varchar(30) not null, SALES_REQ_CODE varchar(2) default  not null, SHIP_BY_DATE date, SHIP_CANCEL_DATE date default CURRENT_DATE not null, SHIP_TO_DEST_CODE varchar(2) not null, SPEC_PO_NUMBER varchar(20) not null, SPL_BILL_TO_STORE varchar(10) not null, SPL_SHIP_TO_STORE varchar(10) not null, SPL_XDOCK_CENTER varchar(10) not null, STORE_NAME varchar(45) not null, VENDOR_NO varchar(15) not null, primary key (DATE_STAMP, ORDER_NBR))" via JDBC Statement
	at org.hibernate.tool.schema.internal.exec.GenerationTargetToDatabase.accept(GenerationTargetToDatabase.java:67)
	at org.hibernate.tool.schema.internal.AbstractSchemaMigrator.applySqlString(AbstractSchemaMigrator.java:559)
	at org.hibernate.tool.schema.internal.AbstractSchemaMigrator.applySqlStrings(AbstractSchemaMigrator.java:504)
	at org.hibernate.tool.schema.internal.AbstractSchemaMigrator.createTable(AbstractSchemaMigrator.java:277)
	at org.hibernate.tool.schema.internal.GroupedSchemaMigratorImpl.performTablesMigration(GroupedSchemaMigratorImpl.java:71)
	at org.hibernate.tool.schema.internal.AbstractSchemaMigrator.performMigration(AbstractSchemaMigrator.java:207)
	at org.hibernate.tool.schema.internal.AbstractSchemaMigrator.doMigration(AbstractSchemaMigrator.java:114)
	at org.hibernate.tool.schema.spi.SchemaManagementToolCoordinator.performDatabaseAction(SchemaManagementToolCoordinator.java:184)
	at org.hibernate.tool.schema.spi.SchemaManagementToolCoordinator.process(SchemaManagementToolCoordinator.java:73)
	at org.hibernate.internal.SessionFactoryImpl.<init>(SessionFactoryImpl.java:314)
	at org.hibernate.boot.internal.SessionFactoryBuilderImpl.build(SessionFactoryBuilderImpl.java:468)
	at org.hibernate.jpa.boot.internal.EntityManagerFactoryBuilderImpl.build(EntityManagerFactoryBuilderImpl.java:1237)
	at org.springframework.orm.jpa.vendor.SpringHibernateJpaPersistenceProvider.createContainerEntityManagerFactory(SpringHibernateJpaPersistenceProvider.java:58)
	at org.springframework.orm.jpa.LocalContainerEntityManagerFactoryBean.createNativeEntityManagerFactory(LocalContainerEntityManagerFactoryBean.java:365)
	at org.springframework.orm.jpa.AbstractEntityManagerFactoryBean.buildNativeEntityManagerFactory(AbstractEntityManagerFactoryBean.java:391)
	at org.springframework.orm.jpa.AbstractEntityManagerFactoryBean.afterPropertiesSet(AbstractEntityManagerFactoryBean.java:378)
	at org.springframework.orm.jpa.LocalContainerEntityManagerFactoryBean.afterPropertiesSet(LocalContainerEntityManagerFactoryBean.java:341)
	at org.springframework.beans.factory.support.AbstractAutowireCapableBeanFactory.invokeInitMethods(AbstractAutowireCapableBeanFactory.java:1855)
	at org.springframework.beans.factory.support.AbstractAutowireCapableBeanFactory.initializeBean(AbstractAutowireCapableBeanFactory.java:1792)
	at org.springframework.beans.factory.support.AbstractAutowireCapableBeanFactory.doCreateBean(AbstractAutowireCapableBeanFactory.java:595)
	at org.springframework.beans.factory.support.AbstractAutowireCapableBeanFactory.createBean(AbstractAutowireCapableBeanFactory.java:517)
	at org.springframework.beans.factory.support.AbstractBeanFactory.lambda$doGetBean$0(AbstractBeanFactory.java:323)
	at org.springframework.beans.factory.support.DefaultSingletonBeanRegistry.getSingleton(DefaultSingletonBeanRegistry.java:222)
	at org.springframework.beans.factory.support.AbstractBeanFactory.doGetBean(AbstractBeanFactory.java:321)
	at org.springframework.beans.factory.support.AbstractBeanFactory.getBean(AbstractBeanFactory.java:202)
	at org.springframework.context.support.AbstractApplicationContext.getBean(AbstractApplicationContext.java:1108)
	at org.springframework.context.support.AbstractApplicationContext.finishBeanFactoryInitialization(AbstractApplicationContext.java:868)
	at org.springframework.context.support.AbstractApplicationContext.refresh(AbstractApplicationContext.java:550)
	at org.springframework.boot.SpringApplication.refresh(SpringApplication.java:747)
	at org.springframework.boot.SpringApplication.refreshContext(SpringApplication.java:397)
	at org.springframework.boot.SpringApplication.run(SpringApplication.java:315)
	at org.springframework.boot.test.context.SpringBootContextLoader.loadContext(SpringBootContextLoader.java:126)
	at org.springframework.test.context.cache.DefaultCacheAwareContextLoaderDelegate.loadContextInternal(DefaultCacheAwareContextLoaderDelegate.java:99)
	at org.springframework.test.context.cache.DefaultCacheAwareContextLoaderDelegate.loadContext(DefaultCacheAwareContextLoaderDelegate.java:124)
	at org.springframework.test.context.support.DefaultTestContext.getApplicationContext(DefaultTestContext.java:123)
	at org.springframework.test.context.web.ServletTestExecutionListener.setUpRequestContextIfNecessary(ServletTestExecutionListener.java:190)
	at org.springframework.test.context.web.ServletTestExecutionListener.prepareTestInstance(ServletTestExecutionListener.java:132)
	at org.springframework.test.context.TestContextManager.prepareTestInstance(TestContextManager.java:244)
	at org.springframework.test.context.junit.jupiter.SpringExtension.postProcessTestInstance(SpringExtension.java:98)
	at org.junit.jupiter.engine.descriptor.ClassBasedTestDescriptor.lambda$invokeTestInstancePostProcessors$5(ClassBasedTestDescriptor.java:337)
	at org.junit.jupiter.engine.descriptor.ClassBasedTestDescriptor.executeAndMaskThrowable(ClassBasedTestDescriptor.java:342)
	at org.junit.jupiter.engine.descriptor.ClassBasedTestDescriptor.lambda$invokeTestInstancePostProcessors$6(ClassBasedTestDescriptor.java:337)
	at java.base/java.util.stream.ReferencePipeline$3$1.accept(ReferencePipeline.java:195)
	at java.base/java.util.stream.ReferencePipeline$2$1.accept(ReferencePipeline.java:177)
	at java.base/java.util.ArrayList$ArrayListSpliterator.forEachRemaining(ArrayList.java:1624)
	at java.base/java.util.stream.AbstractPipeline.copyInto(AbstractPipeline.java:484)
	at java.base/java.util.stream.AbstractPipeline.wrapAndCopyInto(AbstractPipeline.java:474)
	at java.base/java.util.stream.StreamSpliterators$WrappingSpliterator.forEachRemaining(StreamSpliterators.java:312)
	at java.base/java.util.stream.Streams$ConcatSpliterator.forEachRemaining(Streams.java:735)
	at java.base/java.util.stream.ReferencePipeline$Head.forEach(ReferencePipeline.java:658)
	at org.junit.jupiter.engine.descriptor.ClassBasedTestDescriptor.invokeTestInstancePostProcessors(ClassBasedTestDescriptor.java:336)
	at org.junit.jupiter.engine.descriptor.ClassBasedTestDescriptor.instantiateAndPostProcessTestInstance(ClassBasedTestDescriptor.java:259)
	at org.junit.jupiter.engine.descriptor.ClassBasedTestDescriptor.lambda$testInstancesProvider$2(ClassBasedTestDescriptor.java:252)
	at java.base/java.util.Optional.orElseGet(Optional.java:362)
	at org.junit.jupiter.engine.descriptor.ClassBasedTestDescriptor.lambda$testInstancesProvider$3(ClassBasedTestDescriptor.java:251)
	at org.junit.jupiter.engine.execution.TestInstancesProvider.getTestInstances(TestInstancesProvider.java:29)
	at org.junit.jupiter.engine.descriptor.ClassBasedTestDescriptor.lambda$before$0(ClassBasedTestDescriptor.java:184)
	at org.junit.platform.engine.support.hierarchical.ThrowableCollector.execute(ThrowableCollector.java:73)
	at org.junit.jupiter.engine.descriptor.ClassBasedTestDescriptor.before(ClassBasedTestDescriptor.java:183)
	at org.junit.jupiter.engine.descriptor.ClassBasedTestDescriptor.before(ClassBasedTestDescriptor.java:77)
	at org.junit.platform.engine.support.hierarchical.NodeTestTask.lambda$executeRecursively$5(NodeTestTask.java:132)
	at org.junit.platform.engine.support.hierarchical.ThrowableCollector.execute(ThrowableCollector.java:73)
	at org.junit.platform.engine.support.hierarchical.NodeTestTask.lambda$executeRecursively$7(NodeTestTask.java:125)
	at org.junit.platform.engine.support.hierarchical.Node.around(Node.java:135)
	at org.junit.platform.engine.support.hierarchical.NodeTestTask.lambda$executeRecursively$8(NodeTestTask.java:123)
	at org.junit.platform.engine.support.hierarchical.ThrowableCollector.execute(ThrowableCollector.java:73)
	at org.junit.platform.engine.support.hierarchical.NodeTestTask.executeRecursively(NodeTestTask.java:122)
	at org.junit.platform.engine.support.hierarchical.NodeTestTask.execute(NodeTestTask.java:80)
	at java.base/java.util.ArrayList.forEach(ArrayList.java:1510)
	at org.junit.platform.engine.support.hierarchical.SameThreadHierarchicalTestExecutorService.invokeAll(SameThreadHierarchicalTestExecutorService.java:38)
	at org.junit.platform.engine.support.hierarchical.NodeTestTask.lambda$executeRecursively$5(NodeTestTask.java:139)
	at org.junit.platform.engine.support.hierarchical.ThrowableCollector.execute(ThrowableCollector.java:73)
	at org.junit.platform.engine.support.hierarchical.NodeTestTask.lambda$executeRecursively$7(NodeTestTask.java:125)
	at org.junit.platform.engine.support.hierarchical.Node.around(Node.java:135)
	at org.junit.platform.engine.support.hierarchical.NodeTestTask.lambda$executeRecursively$8(NodeTestTask.java:123)
	at org.junit.platform.engine.support.hierarchical.ThrowableCollector.execute(ThrowableCollector.java:73)
	at org.junit.platform.engine.support.hierarchical.NodeTestTask.executeRecursively(NodeTestTask.java:122)
	at org.junit.platform.engine.support.hierarchical.NodeTestTask.execute(NodeTestTask.java:80)
	at org.junit.platform.engine.support.hierarchical.SameThreadHierarchicalTestExecutorService.submit(SameThreadHierarchicalTestExecutorService.java:32)
	at org.junit.platform.engine.support.hierarchical.HierarchicalTestExecutor.execute(HierarchicalTestExecutor.java:57)
	at org.junit.platform.engine.support.hierarchical.HierarchicalTestEngine.execute(HierarchicalTestEngine.java:51)
	at org.junit.platform.launcher.core.DefaultLauncher.execute(DefaultLauncher.java:220)
	at org.junit.platform.launcher.core.DefaultLauncher.lambda$execute$6(DefaultLauncher.java:188)
	at org.junit.platform.launcher.core.DefaultLauncher.withInterceptedStreams(DefaultLauncher.java:202)
	at org.junit.platform.launcher.core.DefaultLauncher.execute(DefaultLauncher.java:181)
	at org.junit.platform.launcher.core.DefaultLauncher.execute(DefaultLauncher.java:128)
	at org.apache.maven.surefire.junitplatform.JUnitPlatformProvider.invokeAllTests(JUnitPlatformProvider.java:150)
	at org.apache.maven.surefire.junitplatform.JUnitPlatformProvider.invoke(JUnitPlatformProvider.java:124)
	at org.apache.maven.surefire.booter.ForkedBooter.invokeProviderInSameClassLoader(ForkedBooter.java:384)
	at org.apache.maven.surefire.booter.ForkedBooter.runSuitesInProcess(ForkedBooter.java:345)
	at org.apache.maven.surefire.booter.ForkedBooter.execute(ForkedBooter.java:126)
	at org.apache.maven.surefire.booter.ForkedBooter.main(ForkedBooter.java:418)
Caused by: org.h2.jdbc.JdbcSQLSyntaxErrorException: Table "EDI_SHIP_INFO" already exists; SQL statement:
create table SHXP.EDI_SHIP_INFO (DATE_STAMP date not null, ORDER_NBR varchar(6) not null, ACCT_CONTACT varchar(45) default  not null, AGREEMENT_NBR varchar(15) not null, AUTH_REP varchar(45) default  not null, AUTHORIZATION_NO varchar(10) default  not null, BILL_TO_STORE_NBR varchar(20) not null, BS_STORE_NBR varchar(10) not null, CARR_CODE varchar(2) not null, COMM_CUST varchar(7) not null, CONS_STATUS_MSG varchar(35) default  not null, CONSUMER_ADDRESS varchar(35) not null, CONSUMER_ADDRESS_2 varchar(35) not null, CONSUMER_CITY varchar(19) not null, CONSUMER_PO_DATE date not null, CONSUMER_SHIP_FLG varchar(1) not null, CONSUMER_NAME varchar(35) not null, CONSUMER_STATE varchar(2) not null, CONSUMER_ZIP varchar(9) not null, CONTRACT_NBR varchar(15) default  not null, CROSS_DOCK varchar(10) not null, CUST_NBR varchar(7) not null, CUST_PMT_METH varchar(30) default  not null, CUST_PO varchar(22) not null, CUST_SP_INST varchar(45) default  not null, CUST_WH_NBR varchar(4) default  not null, CUSTOMER_CODE varchar(2) not null, DELIVERY_DATE date, DELV_REQST_DATE date, department varchar(5) not null, DIV_DESC varchar(20) not null, DUNS_NBR varchar(15) not null, EDI_ORDER_NUMBER bigint, EVENT_INFO varchar(15) not null, GIFT_MESSAGE_1 varchar(45) not null, GIFT_MESSAGE_2 varchar(45) not null, HDR_DROP_DATE date default CURRENT_DATE not null, LAST_CHNG_DATE timestamp default CURRENT_DATE not null, LAST_CHNG_ID varchar(8) default  not null, NB_DATE date default CURRENT_DATE not null, NO_ASN_FLAG varchar(1) not null, ONLINE_TYPE varchar(1) default  not null, ORDER_MER_COST bigint default  not null, ORDER_RET_HAND bigint default  not null, ORDER_RET_SH bigint default  not null, ORDER_RET_TAX bigint default  not null, ORDER_RET_TOTAL bigint default  not null, ORDER_TYPE varchar(1) not null, ORDER_TYPE_DESC varchar(15) not null, ORDERING_SYS varchar(2) not null, PO_DATE date not null, PO_TYPE_SUFFIX varchar(10) default  not null, PS_MSG varchar(255) default  not null, PURCHASED_BY varchar(45) not null, RECEIVING_STORE varchar(10) not null, REF_TC_NBR varchar(20) default  not null, RETURN_MSG varchar(35) default  not null, ROUTE_BY_DATE date default CURRENT_DATE not null, SALES_CHECK_NO varchar(30) not null, SALES_REQ_CODE varchar(2) default  not null, SHIP_BY_DATE date, SHIP_CANCEL_DATE date default CURRENT_DATE not null, SHIP_TO_DEST_CODE varchar(2) not null, SPEC_PO_NUMBER varchar(20) not null, SPL_BILL_TO_STORE varchar(10) not null, SPL_SHIP_TO_STORE varchar(10) not null, SPL_XDOCK_CENTER varchar(10) not null, STORE_NAME varchar(45) not null, VENDOR_NO varchar(15) not null, primary key (DATE_STAMP, ORDER_NBR)) [42101-200]
	at org.h2.message.DbException.getJdbcSQLException(DbException.java:453)
	at org.h2.message.DbException.getJdbcSQLException(DbException.java:429)
	at org.h2.message.DbException.get(DbException.java:205)
	at org.h2.message.DbException.get(DbException.java:181)
	at org.h2.command.ddl.CreateTable.update(CreateTable.java:89)
	at org.h2.command.CommandContainer.update(CommandContainer.java:198)
	at org.h2.command.Command.executeUpdate(Command.java:251)
	at org.h2.jdbc.JdbcStatement.executeInternal(JdbcStatement.java:228)
	at org.h2.jdbc.JdbcStatement.execute(JdbcStatement.java:201)
	at com.zaxxer.hikari.pool.ProxyStatement.execute(ProxyStatement.java:95)
	at com.zaxxer.hikari.pool.HikariProxyStatement.execute(HikariProxyStatement.java)
	at org.hibernate.tool.schema.internal.exec.GenerationTargetToDatabase.accept(GenerationTargetToDatabase.java:54)
	... 91 common frames omitted
Hibernate: alter table SHXP.EDI_SHIP_INFO drop constraint if exists UK_1fjihvn7gr79vjkx2nt2w0ipj
Hibernate: alter table SHXP.EDI_SHIP_INFO add constraint UK_1fjihvn7gr79vjkx2nt2w0ipj unique (DATE_STAMP)
Hibernate: alter table SHXP.EDI_SHIP_INFO drop constraint if exists UK_c89vdlxa8hpr3p807vgd44gi9
Hibernate: alter table SHXP.EDI_SHIP_INFO add constraint UK_c89vdlxa8hpr3p807vgd44gi9 unique (ORDER_NBR)
2020-06-19 13:28:33 INFO  [JtaPlatformInitiator.java:52] HHH000490: Using JtaPlatform implementation: [org.hibernate.engine.transaction.jta.platform.internal.NoJtaPlatform]
2020-06-19 13:28:33 INFO  [LogHelper.java:31] HHH000204: Processing PersistenceUnitInfo [name: sqlPU]
2020-06-19 13:28:33 DEBUG [HikariConfig.java:1020] HikariPool-10 - configuration:
2020-06-19 13:28:33 DEBUG [HikariConfig.java:1052] allowPoolSuspension.............false
2020-06-19 13:28:33 DEBUG [HikariConfig.java:1052] autoCommit......................true
2020-06-19 13:28:33 DEBUG [HikariConfig.java:1052] catalog.........................none
2020-06-19 13:28:33 DEBUG [HikariConfig.java:1052] connectionInitSql...............none
2020-06-19 13:28:33 DEBUG [HikariConfig.java:1052] connectionTestQuery.............none
2020-06-19 13:28:33 DEBUG [HikariConfig.java:1052] connectionTimeout...............30000
2020-06-19 13:28:33 DEBUG [HikariConfig.java:1052] dataSource......................none
2020-06-19 13:28:33 DEBUG [HikariConfig.java:1052] dataSourceClassName.............none
2020-06-19 13:28:33 DEBUG [HikariConfig.java:1052] dataSourceJNDI..................none
2020-06-19 13:28:33 DEBUG [HikariConfig.java:1052] dataSourceProperties............{password=<masked>}
2020-06-19 13:28:33 DEBUG [HikariConfig.java:1052] driverClassName................."org.h2.Driver"
2020-06-19 13:28:33 DEBUG [HikariConfig.java:1052] healthCheckProperties...........{}
2020-06-19 13:28:33 DEBUG [HikariConfig.java:1052] healthCheckRegistry.............none
2020-06-19 13:28:33 DEBUG [HikariConfig.java:1052] idleTimeout.....................600000
2020-06-19 13:28:33 DEBUG [HikariConfig.java:1052] initializationFailTimeout.......1
2020-06-19 13:28:33 DEBUG [HikariConfig.java:1052] isolateInternalQueries..........false
2020-06-19 13:28:33 DEBUG [HikariConfig.java:1052] jdbcUrl.........................jdbc:h2:mem:sql;INIT=create schema IF NOT EXISTS CSD
2020-06-19 13:28:33 DEBUG [HikariConfig.java:1052] leakDetectionThreshold..........0
2020-06-19 13:28:33 DEBUG [HikariConfig.java:1052] maxLifetime.....................1800000
2020-06-19 13:28:33 DEBUG [HikariConfig.java:1052] maximumPoolSize.................10
2020-06-19 13:28:33 DEBUG [HikariConfig.java:1052] metricRegistry..................none
2020-06-19 13:28:33 DEBUG [HikariConfig.java:1052] metricsTrackerFactory...........none
2020-06-19 13:28:33 DEBUG [HikariConfig.java:1052] minimumIdle.....................10
2020-06-19 13:28:33 DEBUG [HikariConfig.java:1052] password........................<masked>
2020-06-19 13:28:33 DEBUG [HikariConfig.java:1052] poolName........................"HikariPool-10"
2020-06-19 13:28:33 DEBUG [HikariConfig.java:1052] readOnly........................false
2020-06-19 13:28:33 DEBUG [HikariConfig.java:1052] registerMbeans..................false
2020-06-19 13:28:33 DEBUG [HikariConfig.java:1052] scheduledExecutor...............none
2020-06-19 13:28:33 DEBUG [HikariConfig.java:1052] schema..........................none
2020-06-19 13:28:33 DEBUG [HikariConfig.java:1052] threadFactory...................internal
2020-06-19 13:28:33 DEBUG [HikariConfig.java:1052] transactionIsolation............default
2020-06-19 13:28:33 DEBUG [HikariConfig.java:1052] username........................"sa"
2020-06-19 13:28:33 DEBUG [HikariConfig.java:1052] validationTimeout...............5000
2020-06-19 13:28:33 INFO  [HikariDataSource.java:110] HikariPool-10 - Starting...
2020-06-19 13:28:33 DEBUG [HikariPool.java:558] HikariPool-10 - Added connection conn90: url=jdbc:h2:mem:sql user=SA
2020-06-19 13:28:33 INFO  [HikariDataSource.java:123] HikariPool-10 - Start completed.
2020-06-19 13:28:33 INFO  [Dialect.java:172] HHH000400: Using dialect: org.hibernate.dialect.H2Dialect
2020-06-19 13:28:33 DEBUG [HikariPool.java:417] HikariPool-10 - Pool stats (total=1, active=0, idle=1, waiting=0)
2020-06-19 13:28:33 DEBUG [HikariPool.java:722] HikariPool-10 - Added connection conn91: url=jdbc:h2:mem:sql user=SA
2020-06-19 13:28:33 DEBUG [HikariPool.java:722] HikariPool-10 - Added connection conn92: url=jdbc:h2:mem:sql user=SA
2020-06-19 13:28:33 DEBUG [HikariPool.java:722] HikariPool-10 - Added connection conn93: url=jdbc:h2:mem:sql user=SA
2020-06-19 13:28:33 DEBUG [HikariPool.java:722] HikariPool-10 - Added connection conn94: url=jdbc:h2:mem:sql user=SA
2020-06-19 13:28:33 DEBUG [HikariPool.java:722] HikariPool-10 - Added connection conn95: url=jdbc:h2:mem:sql user=SA
2020-06-19 13:28:33 DEBUG [HikariPool.java:722] HikariPool-10 - Added connection conn96: url=jdbc:h2:mem:sql user=SA
2020-06-19 13:28:33 DEBUG [HikariPool.java:722] HikariPool-10 - Added connection conn97: url=jdbc:h2:mem:sql user=SA
2020-06-19 13:28:33 DEBUG [HikariPool.java:722] HikariPool-10 - Added connection conn98: url=jdbc:h2:mem:sql user=SA
2020-06-19 13:28:33 DEBUG [HikariPool.java:722] HikariPool-10 - Added connection conn99: url=jdbc:h2:mem:sql user=SA
2020-06-19 13:28:33 DEBUG [HikariPool.java:417] HikariPool-10 - After adding stats (total=10, active=0, idle=10, waiting=0)
2020-06-19 13:28:33 INFO  [JtaPlatformInitiator.java:52] HHH000490: Using JtaPlatform implementation: [org.hibernate.engine.transaction.jta.platform.internal.NoJtaPlatform]
2020-06-19 13:28:33 INFO  [ValidationService.java:61] loading rules...
Hibernate: select edireasonc0_.EDI_REASON_CODE as edi_reas1_6_, edireasonc0_.AUTO_CREATE_FLAG as auto_cre2_6_, edireasonc0_.CHANGE_TIMESTAMP as change_t3_6_, edireasonc0_.CHANGED_BY as changed_4_6_, edireasonc0_.CREATE_TIMESTAMP as create_t5_6_, edireasonc0_.CREATED_BY as created_6_6_, edireasonc0_.DEFAULT_ACTION as default_7_6_, edireasonc0_.description as descript8_6_, edireasonc0_.LEVEL as level9_6_, edireasonc0_.precedence as precede10_6_ from EDI_REASON_CODE edireasonc0_
2020-06-19 13:28:33 INFO  [ValidationService.java:61] loading rules...
Hibernate: select edireasonc0_.EDI_REASON_CODE as edi_reas1_6_, edireasonc0_.AUTO_CREATE_FLAG as auto_cre2_6_, edireasonc0_.CHANGE_TIMESTAMP as change_t3_6_, edireasonc0_.CHANGED_BY as changed_4_6_, edireasonc0_.CREATE_TIMESTAMP as create_t5_6_, edireasonc0_.CREATED_BY as created_6_6_, edireasonc0_.DEFAULT_ACTION as default_7_6_, edireasonc0_.description as descript8_6_, edireasonc0_.LEVEL as level9_6_, edireasonc0_.precedence as precede10_6_ from EDI_REASON_CODE edireasonc0_
2020-06-19 13:28:34 INFO  [StartupInfoLogger.java:61] Started ShipInfoServiceTest in 1.269 seconds (JVM running for 14.662)
2020-06-19 13:28:34 DEBUG [MockBuilder.java:94] set deliveryDate -> 1993-06-05
2020-06-19 13:28:34 DEBUG [MockBuilder.java:94] set ohStatusCode -> C
2020-06-19 13:28:34 DEBUG [MockBuilder.java:94] set consStatusMsg -> miOlIHRHkeyAXZozmfJf
2020-06-19 13:28:34 DEBUG [MockBuilder.java:94] set dunsNbr -> ACzJbRkOtlrwZml
2020-06-19 13:28:34 DEBUG [MockBuilder.java:94] set eventInfo -> WqcMPtWYiPagovZ
2020-06-19 13:28:34 DEBUG [MockBuilder.java:94] set onNote -> UajzuLhNGkNYgmLzRygn
2020-06-19 13:28:34 DEBUG [MockBuilder.java:94] set delvCutOffDt -> 1994-11-27
2020-06-19 13:28:34 DEBUG [MockBuilder.java:94] set errorCode -> JFB
2020-06-19 13:28:34 DEBUG [MockBuilder.java:94] set contractUsageInd -> q
2020-06-19 13:28:34 DEBUG [MockBuilder.java:94] set onlineType -> r
2020-06-19 13:28:34 DEBUG [MockBuilder.java:94] set explodeFlag -> m
2020-06-19 13:28:34 DEBUG [MockBuilder.java:94] set errorDescription -> omUgUEJpTBVXlrwTlaUJ
2020-06-19 13:28:34 DEBUG [MockBuilder.java:94] set crossDockCenter -> cdWYdByJan
2020-06-19 13:28:34 DEBUG [MockBuilder.java:94] set storeName -> tbzLwvXdYiodAhzksMoY
2020-06-19 13:28:34 DEBUG [MockBuilder.java:94] set orderDate -> 1983-07-20
2020-06-19 13:28:34 DEBUG [MockBuilder.java:94] set fobPoint -> fz
2020-06-19 13:28:34 DEBUG [MockBuilder.java:94] set orderingSystem -> oM
2020-06-19 13:28:34 DEBUG [MockBuilder.java:94] set orderLoc -> FJ
2020-06-19 13:28:34 DEBUG [MockBuilder.java:94] set purchasedBy -> NnRWVojnDuOzlKjIFRdl
2020-06-19 13:28:34 DEBUG [MockBuilder.java:94] set divDesc -> hubuDIDitcskOuvMWbwl
2020-06-19 13:28:34 DEBUG [MockBuilder.java:94] set frtCode -> x
2020-06-19 13:28:34 DEBUG [MockBuilder.java:94] set phoneNumber -> xgDVbFvgOel
2020-06-19 13:28:34 DEBUG [MockBuilder.java:94] set custDept -> NJvHE
2020-06-19 13:28:34 DEBUG [MockBuilder.java:94] set orderMerCost -> 9454521.800322335
2020-06-19 13:28:34 DEBUG [MockBuilder.java:94] set giftMessage1 -> BDGQyuGwuLBSgtRvWxro
2020-06-19 13:28:34 DEBUG [MockBuilder.java:94] set poControl -> fYloS
2020-06-19 13:28:34 DEBUG [MockBuilder.java:94] set beg -> xNJsk
2020-06-19 13:28:34 DEBUG [MockBuilder.java:94] set shawOrderNumber -> SxmjUA
2020-06-19 13:28:34 DEBUG [MockBuilder.java:94] set giftMessage2 -> APlhoznzmRuQVcvIWorV
2020-06-19 13:28:34 DEBUG [MockBuilder.java:94] set errorTimestamp -> 1970-01-01T01:35:39
2020-06-19 13:28:34 DEBUG [MockBuilder.java:94] set termsNetDays -> zEj
2020-06-19 13:28:34 DEBUG [MockBuilder.java:94] set poDateValue -> 1976-11-19
2020-06-19 13:28:34 DEBUG [MockBuilder.java:94] set chngLid -> sjaAVeeB
2020-06-19 13:28:34 DEBUG [MockBuilder.java:94] set rcdCode -> d
2020-06-19 13:28:34 DEBUG [MockBuilder.java:94] set salesCheckNumber -> iHFJeSgDvFtsbSYrOFKy
2020-06-19 13:28:34 DEBUG [MockBuilder.java:94] set billToState -> Yh
2020-06-19 13:28:34 DEBUG [MockBuilder.java:94] set poDateQualifier -> Dkc
2020-06-19 13:28:34 DEBUG [MockBuilder.java:94] set nbDate -> 1984-11-01
2020-06-19 13:28:34 DEBUG [MockBuilder.java:94] set chngTimestamp -> 1970-01-01T00:32:28
2020-06-19 13:28:34 DEBUG [MockBuilder.java:94] set poNumber -> eXwmeGIwUpvVYGuZUPwU
2020-06-19 13:28:34 DEBUG [MockBuilder.java:94] set newStoreInd -> h
2020-06-19 13:28:34 DEBUG [MockBuilder.java:94] set commCust -> UITHbSm
2020-06-19 13:28:34 DEBUG [MockBuilder.java:94] set hostAlertFlag -> s
2020-06-19 13:28:34 DEBUG [MockBuilder.java:94] set termsTypeFlag -> CE
2020-06-19 13:28:34 DEBUG [MockBuilder.java:94] set billToStore -> UTixMXIYbh
2020-06-19 13:28:34 DEBUG [MockBuilder.java:94] set customerCode -> XZ
2020-06-19 13:28:34 DEBUG [MockBuilder.java:94] set noAsnFlag -> k
2020-06-19 13:28:34 DEBUG [MockBuilder.java:94] set poType -> qCiSG
2020-06-19 13:28:34 DEBUG [MockBuilder.java:94] set salesReqCode -> Zp
2020-06-19 13:28:34 DEBUG [MockBuilder.java:94] set custNbr -> NHfKeTY
2020-06-19 13:28:34 DEBUG [MockBuilder.java:94] set bsStoreNbr -> sPoeABdUOL
2020-06-19 13:28:34 DEBUG [MockBuilder.java:94] set poTypeSuffix -> dmMPAmrlzi
2020-06-19 13:28:34 DEBUG [MockBuilder.java:94] set receivedTimestamp -> 1970-01-01T02:20:26
2020-06-19 13:28:34 DEBUG [MockBuilder.java:94] set sellCo -> Rm
2020-06-19 13:28:34 DEBUG [MockBuilder.java:94] set customerRefNbr -> FAg
2020-06-19 13:28:34 DEBUG [MockBuilder.java:94] set cancelDateQualifier -> tGC
2020-06-19 13:28:34 DEBUG [MockBuilder.java:94] set psMsg -> QsFsqTKhnpuCMlUZmiZU
2020-06-19 13:28:34 DEBUG [MockBuilder.java:94] set poQual -> iL
2020-06-19 13:28:34 DEBUG [MockBuilder.java:94] set seqNbr -> 761117
2020-06-19 13:28:34 DEBUG [MockBuilder.java:94] set carrierCode -> kJ
2020-06-19 13:28:34 DEBUG [MockBuilder.java:94] set totalBindingFt -> 8493236.460683672
2020-06-19 13:28:34 DEBUG [MockBuilder.java:94] set customerSidemark -> WJwTJfSgTUuJrbauuYOj
2020-06-19 13:28:34 DEBUG [MockBuilder.java:94] set orderRetTotal -> 8472150.272965124
2020-06-19 13:28:34 DEBUG [MockBuilder.java:94] set ohCancelDateValue -> 1971-06-18
2020-06-19 13:28:34 DEBUG [MockBuilder.java:94] set cbCutLength -> 2949785.1640720996
2020-06-19 13:28:34 DEBUG [MockBuilder.java:94] set refTcNbr -> RTOHsBKSsbjzLsUdcPFt
2020-06-19 13:28:34 DEBUG [MockBuilder.java:94] set custPmtMeth -> XrGLnSVVBjuhulzFXBOk
2020-06-19 13:28:34 DEBUG [MockBuilder.java:94] set srvLevel -> Rx
2020-06-19 13:28:34 DEBUG [MockBuilder.java:94] set reserveOrderInd -> M
2020-06-19 13:28:34 DEBUG [MockBuilder.java:94] set inputMethod -> RedAbCuzlJ
2020-06-19 13:28:34 DEBUG [MockBuilder.java:94] set orderRetHand -> 9642581.064115122
2020-06-19 13:28:34 DEBUG [MockBuilder.java:94] set orderType -> c
2020-06-19 13:28:34 DEBUG [MockBuilder.java:94] set returnMsg -> BsFKebWQmGzCKvzuTJeV
2020-06-19 13:28:34 DEBUG [MockBuilder.java:94] set agreementNumber -> jOnpZaIEnATOwem
2020-06-19 13:28:34 DEBUG [MockBuilder.java:94] set custSpInst -> nZKKLANHwUsXgdSvwkET
2020-06-19 13:28:34 DEBUG [MockBuilder.java:94] set statusCode -> u
2020-06-19 13:28:34 DEBUG [MockBuilder.java:94] set orderTypeDesc -> YcPziXBJyShpnVj
2020-06-19 13:28:34 DEBUG [MockBuilder.java:94] set routeByDate -> 1982-11-26
2020-06-19 13:28:34 DEBUG [MockBuilder.java:94] set markForStore -> uuoxbaJIXb
2020-06-19 13:28:34 DEBUG [MockBuilder.java:94] set custWhNbr -> tIei
2020-06-19 13:28:34 DEBUG [MockBuilder.java:94] set assignedAgent -> rHLMnhDC
2020-06-19 13:28:34 DEBUG [MockBuilder.java:94] set orderRetSh -> 339480.80958211
2020-06-19 13:28:34 DEBUG [MockBuilder.java:94] set orderWeight -> 5221745.510974169
2020-06-19 13:28:34 DEBUG [MockBuilder.java:94] set stdCarrAlphaInd -> jydy
2020-06-19 13:28:34 DEBUG [MockBuilder.java:94] set shipComplete -> V
2020-06-19 13:28:34 DEBUG [MockBuilder.java:94] set shipPartCompInd -> H
2020-06-19 13:28:34 DEBUG [MockBuilder.java:94] set authRep -> rylwWdnrczsOLrzYOwdA
2020-06-19 13:28:34 DEBUG [MockBuilder.java:94] set shipByCutOffDt -> 1994-11-11
2020-06-19 13:28:34 DEBUG [MockBuilder.java:94] set mediaEventCode -> Kz
2020-06-19 13:28:34 DEBUG [MockBuilder.java:94] set shipDateValue -> 1995-04-17
2020-06-19 13:28:34 DEBUG [MockBuilder.java:94] set authorizationNo -> aiHBqsAcdx
2020-06-19 13:28:34 DEBUG [MockBuilder.java:94] set shipPt -> YL
2020-06-19 13:28:34 DEBUG [MockBuilder.java:94] set shipByDate -> 1996-12-03
2020-06-19 13:28:34 DEBUG [MockBuilder.java:94] set shipDateQualifier -> FSb
2020-06-19 13:28:34 DEBUG [MockBuilder.java:94] set acctContact -> wqIJYIQFZwtQtzWoLCRo
2020-06-19 13:28:34 DEBUG [MockBuilder.java:94] set phone -> ZYXcunOwTLHbUCG
2020-06-19 13:28:34 DEBUG [MockBuilder.java:94] set shipCancelDate -> 1982-07-06
2020-06-19 13:28:34 DEBUG [MockBuilder.java:94] set shipInstruction -> vNoQDltvXtmIJgLffTmx
2020-06-19 13:28:34 DEBUG [MockBuilder.java:94] set specialInstruct2 -> JatuQBOpiakKJxKQzasQ
2020-06-19 13:28:34 DEBUG [MockBuilder.java:94] set acknowlegeOrdInd -> p
2020-06-19 13:28:34 DEBUG [MockBuilder.java:94] set userId -> riwTwLjK
2020-06-19 13:28:34 DEBUG [MockBuilder.java:94] set orderRetTax -> 9539745.433394413
2020-06-19 13:28:34 DEBUG [MockBuilder.java:94] set province -> PbTeIrOuRLnFdfoyMoz
2020-06-19 13:28:34 DEBUG [MockBuilder.java:94] set country -> TDNMKgSvpSMlfoPCbQx
2020-06-19 13:28:34 DEBUG [MockBuilder.java:94] set specialInstruct1 -> aPuMnIwnXjznLxqRPQyp
2020-06-19 13:28:34 DEBUG [MockBuilder.java:94] set vendorNo -> XiFpWNFlTECUfbQ
2020-06-19 13:28:34 DEBUG [MockBuilder.java:94] set specialInstruct3 -> kofkeIHGBTYaszBxGrhR
2020-06-19 13:28:34 DEBUG [MockBuilder.java:94] set addressLine2 -> YqmLfhMxqwOMVphXCBAZ
2020-06-19 13:28:34 DEBUG [MockBuilder.java:94] set addrKey -> 908155
2020-06-19 13:28:34 DEBUG [MockBuilder.java:94] set cnCity -> lQyrLHgPSrtmHqyvGbJ
2020-06-19 13:28:34 DEBUG [MockBuilder.java:94] set name -> XHPqnlIOsCCZmYVtCLMV
2020-06-19 13:28:34 DEBUG [MockBuilder.java:94] set truncFlag -> U
2020-06-19 13:28:34 DEBUG [MockBuilder.java:94] set specialInstruct4 -> zgVOdUqtLzEwrsndirbQ
2020-06-19 13:28:34 DEBUG [MockBuilder.java:94] set city -> EOdstcfTkppxgFdcNhP
2020-06-19 13:28:34 DEBUG [MockBuilder.java:94] set wcStore -> IyOaUqWAoJ
2020-06-19 13:28:34 DEBUG [MockBuilder.java:94] set destCode -> vL
2020-06-19 13:28:34 DEBUG [MockBuilder.java:94] set addressLine1 -> iOOxZMwkqvJxLPztfMAK
2020-06-19 13:28:34 DEBUG [MockBuilder.java:94] set specialPoNo -> UaGGWzgzmdKeqELrxzQY
2020-06-19 13:28:34 DEBUG [MockBuilder.java:94] set store -> bRXahTAQTy
2020-06-19 13:28:34 DEBUG [MockBuilder.java:94] set custNbr -> hGvAzhg
2020-06-19 13:28:34 DEBUG [MockBuilder.java:94] set zip -> ALNdjXWHWVF
2020-06-19 13:28:34 DEBUG [MockBuilder.java:94] set flag -> 755174
2020-06-19 13:28:34 DEBUG [MockBuilder.java:94] set cphone -> jSXhSOwLmNKHqFZDLYJj
2020-06-19 13:28:34 DEBUG [MockBuilder.java:94] set ccountry -> LwPzsNJeoJOKsrsqmQUd
2020-06-19 13:28:34 DEBUG [MockBuilder.java:94] set city -> EqcgoKGLROddhkCLmhc
2020-06-19 13:28:34 DEBUG [MockBuilder.java:94] set state -> bs
2020-06-19 13:28:34 DEBUG [MockBuilder.java:94] set cprovince -> zlqKmbIcBmpuznxibmwp
2020-06-19 13:28:34 DEBUG [MockBuilder.java:94] set state -> fd
2020-06-19 13:28:34 DEBUG [MockBuilder.java:94] set addressLine2 -> YTewLsVCPbBKXSRXQvVW
2020-06-19 13:28:34 DEBUG [MockBuilder.java:94] set consumerPoDateValue -> 1992-07-14
2020-06-19 13:28:34 DEBUG [MockBuilder.java:94] set consumerShipFlg -> j
2020-06-19 13:28:34 DEBUG [MockBuilder.java:94] set name -> NFGjMepJMTeRiRdXfYLX
2020-06-19 13:28:34 DEBUG [MockBuilder.java:94] set shipToAddress -> LegacyShipToAddress [addressLine1=iOOxZMwkqvJxLPztfMAK, addressLine2=YqmLfhMxqwOMVphXCBAZ, city=EOdstcfTkppxgFdcNhP, cnCity=lQyrLHgPSrtmHqyvGbJ, country=TDNMKgSvpSMlfoPCbQx, custNbr=hGvAzhg, destCode=vL, flag=755174, name=XHPqnlIOsCCZmYVtCLMV, phone=ZYXcunOwTLHbUCG, province=PbTeIrOuRLnFdfoyMoz, state=bs, store=bRXahTAQTy, truncFlag=U, zip=ALNdjXWHWVF]
2020-06-19 13:28:34 DEBUG [MockBuilder.java:94] set zip -> dqKeUoZoo
2020-06-19 13:28:34 DEBUG [MockBuilder.java:94] set addressLine1 -> cXFuDTSrrMALCJjsTOyU
2020-06-19 13:28:34 DEBUG [MockBuilder.java:94] set consumerAddress -> LegacyConsumerAddress [cprovince=zlqKmbIcBmpuznxibmwp, ccountry=LwPzsNJeoJOKsrsqmQUd, cphone=jSXhSOwLmNKHqFZDLYJj, addressLine1=cXFuDTSrrMALCJjsTOyU, addressLine2=YTewLsVCPbBKXSRXQvVW, city=EqcgoKGLROddhkCLmhc, name=NFGjMepJMTeRiRdXfYLX, consumerPoDateValue=1992-07-14, consumerShipFlg=j, state=fd, zip=dqKeUoZoo]
2020-06-19 13:28:34 DEBUG [MockBuilder.java:94] set state -> iz
2020-06-19 13:28:34 DEBUG [MockBuilder.java:94] set city -> JACfuUGbnNlsTjRyLdNU
2020-06-19 13:28:34 DEBUG [MockBuilder.java:94] set addressLine1 -> cjKHIpkfKCJGjUvjJmtC
2020-06-19 13:28:34 DEBUG [MockBuilder.java:94] set name -> GvyMHxJOwOwRKRpuaejy
2020-06-19 13:28:34 DEBUG [MockBuilder.java:94] set tpcountry -> NvEqHBMQGByAsnKTTTEM
2020-06-19 13:28:34 DEBUG [MockBuilder.java:94] set zip -> qUJibGQRLCSVTBem
2020-06-19 13:28:34 DEBUG [MockBuilder.java:94] set billFlag -> D
2020-06-19 13:28:34 DEBUG [MockBuilder.java:94] set addressLine2 -> XAbjDvBnTEdNgOZKcjRY
2020-06-19 13:28:34 DEBUG [MockBuilder.java:94] set accountNbr -> ukZLqvmRnJDKKziEZeIG
2020-06-19 13:28:34 DEBUG [MockBuilder.java:94] set name2 -> DegczbAqHPSozKmSfoxR
2020-06-19 13:28:34 DEBUG [MockBuilder.java:94] set tpprovince -> OCKYIdupGsVzJfqFhUrn
2020-06-19 13:28:34 DEBUG [MockBuilder.java:94] set tpphone -> nXgwsBOQelRdINHVshiI
2020-06-19 13:28:34 DEBUG [MockBuilder.java:94] set thirdPartyAddress -> LegacyThirdPartyAddress [tpprovince=OCKYIdupGsVzJfqFhUrn, tpcountry=NvEqHBMQGByAsnKTTTEM, tpphone=nXgwsBOQelRdINHVshiI, addressLine1=cjKHIpkfKCJGjUvjJmtC, addressLine2=XAbjDvBnTEdNgOZKcjRY, accountNbr=ukZLqvmRnJDKKziEZeIG, billFlag=D, city=JACfuUGbnNlsTjRyLdNU, name=GvyMHxJOwOwRKRpuaejy, name2=DegczbAqHPSozKmSfoxR, state=iz, zip=qUJibGQRLCSVTBem]
2020-06-19 13:28:34 DEBUG [MockBuilder.java:94] set dates -> null
2020-06-19 13:28:34 DEBUG [MockBuilder.java:94] set lines -> null
2020-06-19 13:28:34 DEBUG [MockHelper.java:99] EdiOrderHeader [legacyOrderNumber=null, acctContact=wqIJYIQFZwtQtzWoLCRo, acknowlegeOrdInd=p, addrKey=908155, agreementNumber=jOnpZaIEnATOwem, assignedAgent=rHLMnhDC, authRep=rylwWdnrczsOLrzYOwdA, authorizationNo=aiHBqsAcdx, beg=xNJsk, billToState=Yh, billToStore=UTixMXIYbh, bsStoreNbr=sPoeABdUOL, cancelDateQualifier=tGC, carrierCode=kJ, cbCutLength=2949785.1640720996, chngLid=sjaAVeeB, chngTimestamp=1970-01-01T00:32:28, commCust=UITHbSm, consStatusMsg=miOlIHRHkeyAXZozmfJf, contractUsageInd=q, crossDockCenter=cdWYdByJan, custDept=NJvHE, custPmtMeth=XrGLnSVVBjuhulzFXBOk, custSpInst=nZKKLANHwUsXgdSvwkET, custWhNbr=tIei, customerCode=XZ, custNbr=NHfKeTY, customerRefNbr=FAg, customerSidemark=WJwTJfSgTUuJrbauuYOj, deliveryDate=1993-06-05, delvCutOffDt=1994-11-27, divDesc=hubuDIDitcskOuvMWbwl, dunsNbr=ACzJbRkOtlrwZml, errorCode=JFB, errorDescription=omUgUEJpTBVXlrwTlaUJ, errorTimestamp=1970-01-01T01:35:39, eventInfo=WqcMPtWYiPagovZ, explodeFlag=m, fobPoint=fz, frtCode=x, giftMessage1=BDGQyuGwuLBSgtRvWxro, giftMessage2=APlhoznzmRuQVcvIWorV, hostAlertFlag=s, inputMethod=RedAbCuzlJ, markForStore=uuoxbaJIXb, mediaEventCode=Kz, nbDate=1984-11-01, newStoreInd=h, noAsnFlag=k, ohCancelDateValue=1971-06-18, ohStatusCode=C, onNote=UajzuLhNGkNYgmLzRygn, onlineType=r, orderDate=1983-07-20, orderLoc=01, orderMerCost=9454521.800322335, shawOrderNumber=SxmjUA, orderRetHand=9642581.064115122, orderRetSh=339480.80958211, orderRetTax=9539745.433394413, orderRetTotal=8472150.272965124, orderType=S, orderTypeDesc=SAMPLES, orderWeight=5221745.510974169, orderingSystem=oM, phoneNumber=xgDVbFvgOel, poControl=fYloS, poDateValue=1976-11-19, poDateQualifier=Dkc, poNumber=eXwmeGIwUpvVYGuZUPwU, poQual=iL, poType=qCiSG, poTypeSuffix=dmMPAmrlzi, psMsg=QsFsqTKhnpuCMlUZmiZU, purchasedBy=NnRWVojnDuOzlKjIFRdl, rcdCode=d, receivedTimestamp=1970-01-01T02:20:26, refTcNbr=RTOHsBKSsbjzLsUdcPFt, reserveOrderInd=M, returnMsg=BsFKebWQmGzCKvzuTJeV, routeByDate=1982-11-26, salesCheckNumber=iHFJeSgDvFtsbSYrOFKy, salesReqCode=Zp, sellCo=Rm, seqNbr=761117, shipByCutOffDt=1994-11-11, shipByDate=1996-12-03, shipCancelDate=1982-07-06, shipComplete=V, shipDateValue=1995-04-17, shipDateQualifier=FSb, shipInstruction=vNoQDltvXtmIJgLffTmx, shipPartCompInd=H, shipPt=YL, specialInstruct1=aPuMnIwnXjznLxqRPQyp, specialInstruct2=JatuQBOpiakKJxKQzasQ, specialInstruct3=kofkeIHGBTYaszBxGrhR, specialInstruct4=zgVOdUqtLzEwrsndirbQ, specialPoNo=UaGGWzgzmdKeqELrxzQY, srvLevel=Rx, statusCode=u, stdCarrAlphaInd=jydy, storeName=tbzLwvXdYiodAhzksMoY, termsNetDays=zEj, termsTypeFlag=CE, totalBindingFt=8493236.460683672, userId=riwTwLjK, vendorNo=XiFpWNFlTECUfbQ, wcStore=IyOaUqWAoJ, consumerAddress=LegacyConsumerAddress [cprovince=zlqKmbIcBmpuznxibmwp, ccountry=LwPzsNJeoJOKsrsqmQUd, cphone=jSXhSOwLmNKHqFZDLYJj, addressLine1=cXFuDTSrrMALCJjsTOyU, addressLine2=YTewLsVCPbBKXSRXQvVW, city=EqcgoKGLROddhkCLmhc, name=NFGjMepJMTeRiRdXfYLX, consumerPoDateValue=1992-07-14, consumerShipFlg=j, state=fd, zip=dqKeUoZoo], shipToAddress=LegacyShipToAddress [addressLine1=iOOxZMwkqvJxLPztfMAK, addressLine2=YqmLfhMxqwOMVphXCBAZ, city=EOdstcfTkppxgFdcNhP, cnCity=lQyrLHgPSrtmHqyvGbJ, country=TDNMKgSvpSMlfoPCbQx, custNbr=hGvAzhg, destCode=vL, flag=755174, name=XHPqnlIOsCCZmYVtCLMV, phone=ZYXcunOwTLHbUCG, province=PbTeIrOuRLnFdfoyMoz, state=bs, store=bRXahTAQTy, truncFlag=U, zip=ALNdjXWHWVF], thirdPartyAddress=LegacyThirdPartyAddress [tpprovince=OCKYIdupGsVzJfqFhUrn, tpcountry=NvEqHBMQGByAsnKTTTEM, tpphone=nXgwsBOQelRdINHVshiI, addressLine1=cjKHIpkfKCJGjUvjJmtC, addressLine2=XAbjDvBnTEdNgOZKcjRY, accountNbr=ukZLqvmRnJDKKziEZeIG, billFlag=D, city=JACfuUGbnNlsTjRyLdNU, name=GvyMHxJOwOwRKRpuaejy, name2=DegczbAqHPSozKmSfoxR, state=iz, zip=qUJibGQRLCSVTBem], dates=null, lines=null]
Hibernate: call next value for SHXP.EDI_ORDER_NBR
Hibernate: insert into EDI_ORDER_HEADER (ACCT_CONTACT, ACKNOWLEGE_ORD_IND, ADDR_KEY, AGREEMENT_NUMBER, ASSIGNED_AGENT, AUTH_REP, AUTHORIZATION_NO, beg, BILL_TO_STATE, BILL_TO_STORE, BS_STORE_NBR, CANCEL_DATE_QUAL, CARRIER_CODE, CB_CUT_LENGTH, CHNG_LID, CHNG_TIMESTAMP, COMM_CUST, CONS_STATUS_MSG, CONSUMER_ADDRESS, CONSUMER_ADDRESS_2, CONSUMER_CITY, CONSUMER_PO_DATE, CONSUMER_SHIP_FLG, CONSUMER_NAME, CONSUMER_STATE, CONSUMER_ZIP, CONTRACT_USAGE_IND, CROSS_DOCK_CENTER, CUST_DEPT, CUSTOMER_NUMBER, CUST_PMT_METH, CUST_SP_INST, CUST_WH_NBR, CUSTOMER_CODE, CUSTOMER_REF_NBR, CUSTOMER_SIDEMARK, DELIVERY_DATE, DELV_CUT_OFF_DT, DIV_DESC, DUNS_NBR, ERROR_CODE, ERROR_DESCRIPTION, ERROR_TIMESTAMP, EVENT_INFO, EXPLODE_FLAG, FOB_POINT, FRT_CODE, GIFT_MESSAGE_1, GIFT_MESSAGE_2, HOST_ALERT_FLAG, INPUT_METHOD, MARK_FOR_STORE, MEDIA_EVENT_CODE, NB_DATE, NEW_STORE_IND, NO_ASN_FLAG, OH_CANCEL_DATE, OH_STATUS_CODE, ON_NOTE, ONLINE_TYPE, ORDER_DATE, ORDER_LOC, ORDER_MER_COST, ORDER_RET_HAND, ORDER_RET_SH, ORDER_RET_TAX, ORDER_RET_TOTAL, ORDER_TYPE, ORDER_TYPE_DESC, ORDER_WEIGHT, ORDERING_SYSTEM, PHONE_NUMBER, PO_CONTROL, PO_DATE_QUAL, PO_DATE, PO_NUMBER, PO_QUAL, PO_TYPE, PO_TYPE_SUFFIX, PS_MSG, PURCHASED_BY, RCD_CODE, RECEIVED_TIMESTAMP, REF_TC_NBR, RESERVE_ORDER_IND, RETURN_MSG, ROUTE_BY_DATE, SALES_CHECK_NUMBER, SALES_REQ_CODE, SELL_CO, SEQ_NBR, ORDER_NUMBER, SHIP_BY_CUT_OFF_DT, SHIP_BY_DATE, SHIP_CANCEL_DATE, SHIP_COMPLETE, SHIP_DATE_QUAL, SHIP_DATE, SHIP_INSTRUCTION, SHIP_PART_COMP_IND, SHIP_PT, SHIP_TO_ADDRESS_1, SHIP_TO_ADDRESS_2, SHIP_TO_CITY, SHIP_TO_CN_CITY, SHIP_TO_COUNTRY, SHIP_TO_CUST_NBR, SHIP_TO_DEST_COD, SHIP_TO_FLAG, SHIP_TO_NAME, SHIP_TO_PHONE, SHIP_TO_PROVENCE, SHIP_TO_STATE, SHIP_TO_STORE, SHIP_TO_TRUNC_FLG, SHIP_TO_ZIP, SPECIAL_INSTRUCT_1, SPECIAL_INSTRUCT_2, SPECIAL_INSTRUCT_3, SPECIAL_INSTRUCT_4, SPECIAL_PO_NO, SRV_LEVEL, STATUS_CODE, STD_CARR_ALPHA_IND, STORE_NAME, TERMS_NET_DAYS, TERMS_TYPE_FLAG, THIRD_PARTY_ACCT_NBR, THIRD_PARTY_ADDR_1, THIRD_PARTY_ADDR_2, THIRD_PARTY_BILL_FLAG, THIRD_PARTY_CITY, THIRD_PARTY_NAME, THIRD_PARTY_NAME_2, THIRD_PARTY_STATE, THIRD_PARTY_ZIP, TOTAL_BINDING_FT, USER_ID, VENDOR_NO, WC_STORE, EDI_ORDER_NUMBER) values (?, ?, ?, ?, ?, ?, ?, ?, ?, ?, ?, ?, ?, ?, ?, ?, ?, ?, ?, ?, ?, ?, ?, ?, ?, ?, ?, ?, ?, ?, ?, ?, ?, ?, ?, ?, ?, ?, ?, ?, ?, ?, ?, ?, ?, ?, ?, ?, ?, ?, ?, ?, ?, ?, ?, ?, ?, ?, ?, ?, ?, ?, ?, ?, ?, ?, ?, ?, ?, ?, ?, ?, ?, ?, ?, ?, ?, ?, ?, ?, ?, ?, ?, ?, ?, ?, ?, ?, ?, ?, ?, ?, ?, ?, ?, ?, ?, ?, ?, ?, ?, ?, ?, ?, ?, ?, ?, ?, ?, ?, ?, ?, ?, ?, ?, ?, ?, ?, ?, ?, ?, ?, ?, ?, ?, ?, ?, ?, ?, ?, ?, ?, ?, ?, ?, ?, ?, ?, ?, ?, ?)
2020-06-19 13:28:34 TRACE [BasicBinder.java:64] binding parameter [1] as [VARCHAR] - [wqIJYIQFZwtQtzWoLCRo]
2020-06-19 13:28:34 TRACE [BasicBinder.java:64] binding parameter [2] as [VARCHAR] - [p]
2020-06-19 13:28:34 TRACE [BasicBinder.java:64] binding parameter [3] as [INTEGER] - [908155]
2020-06-19 13:28:34 TRACE [BasicBinder.java:64] binding parameter [4] as [VARCHAR] - [jOnpZaIEnATOwem]
2020-06-19 13:28:34 TRACE [BasicBinder.java:64] binding parameter [5] as [VARCHAR] - [rHLMnhDC]
2020-06-19 13:28:34 TRACE [BasicBinder.java:64] binding parameter [6] as [VARCHAR] - [rylwWdnrczsOLrzYOwdA]
2020-06-19 13:28:34 TRACE [BasicBinder.java:64] binding parameter [7] as [VARCHAR] - [aiHBqsAcdx]
2020-06-19 13:28:34 TRACE [BasicBinder.java:64] binding parameter [8] as [VARCHAR] - [xNJsk]
2020-06-19 13:28:34 TRACE [BasicBinder.java:64] binding parameter [9] as [VARCHAR] - [Yh]
2020-06-19 13:28:34 TRACE [BasicBinder.java:64] binding parameter [10] as [VARCHAR] - [UTixMXIYbh]
2020-06-19 13:28:34 TRACE [BasicBinder.java:64] binding parameter [11] as [VARCHAR] - [sPoeABdUOL]
2020-06-19 13:28:34 TRACE [BasicBinder.java:64] binding parameter [12] as [VARCHAR] - [tGC]
2020-06-19 13:28:34 TRACE [BasicBinder.java:64] binding parameter [13] as [VARCHAR] - [kJ]
2020-06-19 13:28:34 TRACE [BasicBinder.java:64] binding parameter [14] as [DOUBLE] - [2949785.1640720996]
2020-06-19 13:28:34 TRACE [BasicBinder.java:64] binding parameter [15] as [VARCHAR] - [sjaAVeeB]
2020-06-19 13:28:34 TRACE [BasicBinder.java:64] binding parameter [16] as [TIMESTAMP] - [1970-01-01T00:32:28]
2020-06-19 13:28:34 TRACE [BasicBinder.java:64] binding parameter [17] as [VARCHAR] - [UITHbSm]
2020-06-19 13:28:34 TRACE [BasicBinder.java:64] binding parameter [18] as [VARCHAR] - [miOlIHRHkeyAXZozmfJf]
2020-06-19 13:28:34 TRACE [BasicBinder.java:64] binding parameter [19] as [VARCHAR] - [cXFuDTSrrMALCJjsTOyU]
2020-06-19 13:28:34 TRACE [BasicBinder.java:64] binding parameter [20] as [VARCHAR] - [YTewLsVCPbBKXSRXQvVW]
2020-06-19 13:28:34 TRACE [BasicBinder.java:64] binding parameter [21] as [VARCHAR] - [EqcgoKGLROddhkCLmhc]
2020-06-19 13:28:34 TRACE [BasicBinder.java:64] binding parameter [22] as [DATE] - [1992-07-14]
2020-06-19 13:28:34 TRACE [BasicBinder.java:64] binding parameter [23] as [VARCHAR] - [j]
2020-06-19 13:28:34 TRACE [BasicBinder.java:64] binding parameter [24] as [VARCHAR] - [NFGjMepJMTeRiRdXfYLX]
2020-06-19 13:28:34 TRACE [BasicBinder.java:64] binding parameter [25] as [VARCHAR] - [fd]
2020-06-19 13:28:34 TRACE [BasicBinder.java:64] binding parameter [26] as [VARCHAR] - [dqKeUoZoo]
2020-06-19 13:28:34 TRACE [BasicBinder.java:64] binding parameter [27] as [VARCHAR] - [q]
2020-06-19 13:28:34 TRACE [BasicBinder.java:64] binding parameter [28] as [VARCHAR] - [cdWYdByJan]
2020-06-19 13:28:34 TRACE [BasicBinder.java:64] binding parameter [29] as [VARCHAR] - [NJvHE]
2020-06-19 13:28:34 TRACE [BasicBinder.java:64] binding parameter [30] as [VARCHAR] - [NHfKeTY]
2020-06-19 13:28:34 TRACE [BasicBinder.java:64] binding parameter [31] as [VARCHAR] - [XrGLnSVVBjuhulzFXBOk]
2020-06-19 13:28:34 TRACE [BasicBinder.java:64] binding parameter [32] as [VARCHAR] - [nZKKLANHwUsXgdSvwkET]
2020-06-19 13:28:34 TRACE [BasicBinder.java:64] binding parameter [33] as [VARCHAR] - [tIei]
2020-06-19 13:28:34 TRACE [BasicBinder.java:64] binding parameter [34] as [VARCHAR] - [XZ]
2020-06-19 13:28:34 TRACE [BasicBinder.java:64] binding parameter [35] as [VARCHAR] - [FAg]
2020-06-19 13:28:34 TRACE [BasicBinder.java:64] binding parameter [36] as [VARCHAR] - [WJwTJfSgTUuJrbauuYOj]
2020-06-19 13:28:34 TRACE [BasicBinder.java:64] binding parameter [37] as [DATE] - [1993-06-05]
2020-06-19 13:28:34 TRACE [BasicBinder.java:64] binding parameter [38] as [DATE] - [1994-11-27]
2020-06-19 13:28:34 TRACE [BasicBinder.java:64] binding parameter [39] as [VARCHAR] - [hubuDIDitcskOuvMWbwl]
2020-06-19 13:28:34 TRACE [BasicBinder.java:64] binding parameter [40] as [VARCHAR] - [ACzJbRkOtlrwZml]
2020-06-19 13:28:34 TRACE [BasicBinder.java:64] binding parameter [41] as [VARCHAR] - [JFB]
2020-06-19 13:28:34 TRACE [BasicBinder.java:64] binding parameter [42] as [VARCHAR] - [omUgUEJpTBVXlrwTlaUJ]
2020-06-19 13:28:34 TRACE [BasicBinder.java:64] binding parameter [43] as [TIMESTAMP] - [1970-01-01T01:35:39]
2020-06-19 13:28:34 TRACE [BasicBinder.java:64] binding parameter [44] as [VARCHAR] - [WqcMPtWYiPagovZ]
2020-06-19 13:28:34 TRACE [BasicBinder.java:64] binding parameter [45] as [VARCHAR] - [m]
2020-06-19 13:28:34 TRACE [BasicBinder.java:64] binding parameter [46] as [VARCHAR] - [fz]
2020-06-19 13:28:34 TRACE [BasicBinder.java:64] binding parameter [47] as [VARCHAR] - [x]
2020-06-19 13:28:34 TRACE [BasicBinder.java:64] binding parameter [48] as [VARCHAR] - [BDGQyuGwuLBSgtRvWxro]
2020-06-19 13:28:34 TRACE [BasicBinder.java:64] binding parameter [49] as [VARCHAR] - [APlhoznzmRuQVcvIWorV]
2020-06-19 13:28:34 TRACE [BasicBinder.java:64] binding parameter [50] as [VARCHAR] - [s]
2020-06-19 13:28:34 TRACE [BasicBinder.java:64] binding parameter [51] as [VARCHAR] - [RedAbCuzlJ]
2020-06-19 13:28:34 TRACE [BasicBinder.java:64] binding parameter [52] as [VARCHAR] - [uuoxbaJIXb]
2020-06-19 13:28:34 TRACE [BasicBinder.java:64] binding parameter [53] as [VARCHAR] - [Kz]
2020-06-19 13:28:34 TRACE [BasicBinder.java:64] binding parameter [54] as [DATE] - [1984-11-01]
2020-06-19 13:28:34 TRACE [BasicBinder.java:64] binding parameter [55] as [VARCHAR] - [h]
2020-06-19 13:28:34 TRACE [BasicBinder.java:64] binding parameter [56] as [VARCHAR] - [k]
2020-06-19 13:28:34 TRACE [BasicBinder.java:64] binding parameter [57] as [DATE] - [1971-06-18]
2020-06-19 13:28:34 TRACE [BasicBinder.java:64] binding parameter [58] as [VARCHAR] - [C]
2020-06-19 13:28:34 TRACE [BasicBinder.java:64] binding parameter [59] as [VARCHAR] - [UajzuLhNGkNYgmLzRygn]
2020-06-19 13:28:34 TRACE [BasicBinder.java:64] binding parameter [60] as [VARCHAR] - [r]
2020-06-19 13:28:34 TRACE [BasicBinder.java:64] binding parameter [61] as [DATE] - [1983-07-20]
2020-06-19 13:28:34 TRACE [BasicBinder.java:64] binding parameter [62] as [VARCHAR] - [01]
2020-06-19 13:28:34 TRACE [BasicBinder.java:64] binding parameter [63] as [DOUBLE] - [9454521.800322335]
2020-06-19 13:28:34 TRACE [BasicBinder.java:64] binding parameter [64] as [DOUBLE] - [9642581.064115122]
2020-06-19 13:28:34 TRACE [BasicBinder.java:64] binding parameter [65] as [DOUBLE] - [339480.80958211]
2020-06-19 13:28:34 TRACE [BasicBinder.java:64] binding parameter [66] as [DOUBLE] - [9539745.433394413]
2020-06-19 13:28:34 TRACE [BasicBinder.java:64] binding parameter [67] as [DOUBLE] - [8472150.272965124]
2020-06-19 13:28:34 TRACE [BasicBinder.java:64] binding parameter [68] as [VARCHAR] - [S]
2020-06-19 13:28:34 TRACE [BasicBinder.java:64] binding parameter [69] as [VARCHAR] - [SAMPLES]
2020-06-19 13:28:34 TRACE [BasicBinder.java:64] binding parameter [70] as [DOUBLE] - [5221745.510974169]
2020-06-19 13:28:34 TRACE [BasicBinder.java:64] binding parameter [71] as [VARCHAR] - [oM]
2020-06-19 13:28:34 TRACE [BasicBinder.java:64] binding parameter [72] as [VARCHAR] - [xgDVbFvgOel]
2020-06-19 13:28:34 TRACE [BasicBinder.java:64] binding parameter [73] as [VARCHAR] - [fYloS]
2020-06-19 13:28:34 TRACE [BasicBinder.java:64] binding parameter [74] as [VARCHAR] - [Dkc]
2020-06-19 13:28:34 TRACE [BasicBinder.java:64] binding parameter [75] as [DATE] - [1976-11-19]
2020-06-19 13:28:34 TRACE [BasicBinder.java:64] binding parameter [76] as [VARCHAR] - [eXwmeGIwUpvVYGuZUPwU]
2020-06-19 13:28:34 TRACE [BasicBinder.java:64] binding parameter [77] as [VARCHAR] - [iL]
2020-06-19 13:28:34 TRACE [BasicBinder.java:64] binding parameter [78] as [VARCHAR] - [qCiSG]
2020-06-19 13:28:34 TRACE [BasicBinder.java:64] binding parameter [79] as [VARCHAR] - [dmMPAmrlzi]
2020-06-19 13:28:34 TRACE [BasicBinder.java:64] binding parameter [80] as [VARCHAR] - [QsFsqTKhnpuCMlUZmiZU]
2020-06-19 13:28:34 TRACE [BasicBinder.java:64] binding parameter [81] as [VARCHAR] - [NnRWVojnDuOzlKjIFRdl]
2020-06-19 13:28:34 TRACE [BasicBinder.java:64] binding parameter [82] as [VARCHAR] - [d]
2020-06-19 13:28:34 TRACE [BasicBinder.java:64] binding parameter [83] as [TIMESTAMP] - [1970-01-01T02:20:26]
2020-06-19 13:28:34 TRACE [BasicBinder.java:64] binding parameter [84] as [VARCHAR] - [RTOHsBKSsbjzLsUdcPFt]
2020-06-19 13:28:34 TRACE [BasicBinder.java:64] binding parameter [85] as [VARCHAR] - [M]
2020-06-19 13:28:34 TRACE [BasicBinder.java:64] binding parameter [86] as [VARCHAR] - [BsFKebWQmGzCKvzuTJeV]
2020-06-19 13:28:34 TRACE [BasicBinder.java:64] binding parameter [87] as [DATE] - [1982-11-26]
2020-06-19 13:28:34 TRACE [BasicBinder.java:64] binding parameter [88] as [VARCHAR] - [iHFJeSgDvFtsbSYrOFKy]
2020-06-19 13:28:34 TRACE [BasicBinder.java:64] binding parameter [89] as [VARCHAR] - [Zp]
2020-06-19 13:28:34 TRACE [BasicBinder.java:64] binding parameter [90] as [VARCHAR] - [Rm]
2020-06-19 13:28:34 TRACE [BasicBinder.java:64] binding parameter [91] as [INTEGER] - [761117]
2020-06-19 13:28:34 TRACE [BasicBinder.java:64] binding parameter [92] as [VARCHAR] - [SxmjUA]
2020-06-19 13:28:34 TRACE [BasicBinder.java:64] binding parameter [93] as [DATE] - [1994-11-11]
2020-06-19 13:28:34 TRACE [BasicBinder.java:64] binding parameter [94] as [DATE] - [1996-12-03]
2020-06-19 13:28:34 TRACE [BasicBinder.java:64] binding parameter [95] as [DATE] - [1982-07-06]
2020-06-19 13:28:34 TRACE [BasicBinder.java:64] binding parameter [96] as [VARCHAR] - [V]
2020-06-19 13:28:34 TRACE [BasicBinder.java:64] binding parameter [97] as [VARCHAR] - [FSb]
2020-06-19 13:28:34 TRACE [BasicBinder.java:64] binding parameter [98] as [DATE] - [1995-04-17]
2020-06-19 13:28:34 TRACE [BasicBinder.java:64] binding parameter [99] as [VARCHAR] - [vNoQDltvXtmIJgLffTmx]
2020-06-19 13:28:34 TRACE [BasicBinder.java:64] binding parameter [100] as [VARCHAR] - [H]
2020-06-19 13:28:34 TRACE [BasicBinder.java:64] binding parameter [101] as [VARCHAR] - [YL]
2020-06-19 13:28:34 TRACE [BasicBinder.java:64] binding parameter [102] as [VARCHAR] - [iOOxZMwkqvJxLPztfMAK]
2020-06-19 13:28:34 TRACE [BasicBinder.java:64] binding parameter [103] as [VARCHAR] - [YqmLfhMxqwOMVphXCBAZ]
2020-06-19 13:28:34 TRACE [BasicBinder.java:64] binding parameter [104] as [VARCHAR] - [EOdstcfTkppxgFdcNhP]
2020-06-19 13:28:34 TRACE [BasicBinder.java:64] binding parameter [105] as [VARCHAR] - [lQyrLHgPSrtmHqyvGbJ]
2020-06-19 13:28:34 TRACE [BasicBinder.java:64] binding parameter [106] as [VARCHAR] - [TDNMKgSvpSMlfoPCbQx]
2020-06-19 13:28:34 TRACE [BasicBinder.java:64] binding parameter [107] as [VARCHAR] - [hGvAzhg]
2020-06-19 13:28:34 TRACE [BasicBinder.java:64] binding parameter [108] as [VARCHAR] - [vL]
2020-06-19 13:28:34 TRACE [BasicBinder.java:64] binding parameter [109] as [INTEGER] - [755174]
2020-06-19 13:28:34 TRACE [BasicBinder.java:64] binding parameter [110] as [VARCHAR] - [XHPqnlIOsCCZmYVtCLMV]
2020-06-19 13:28:34 TRACE [BasicBinder.java:64] binding parameter [111] as [VARCHAR] - [ZYXcunOwTLHbUCG]
2020-06-19 13:28:34 TRACE [BasicBinder.java:64] binding parameter [112] as [VARCHAR] - [PbTeIrOuRLnFdfoyMoz]
2020-06-19 13:28:34 TRACE [BasicBinder.java:64] binding parameter [113] as [VARCHAR] - [bs]
2020-06-19 13:28:34 TRACE [BasicBinder.java:64] binding parameter [114] as [VARCHAR] - [bRXahTAQTy]
2020-06-19 13:28:34 TRACE [BasicBinder.java:64] binding parameter [115] as [VARCHAR] - [U]
2020-06-19 13:28:34 TRACE [BasicBinder.java:64] binding parameter [116] as [VARCHAR] - [ALNdjXWHWVF]
2020-06-19 13:28:34 TRACE [BasicBinder.java:64] binding parameter [117] as [VARCHAR] - [aPuMnIwnXjznLxqRPQyp]
2020-06-19 13:28:34 TRACE [BasicBinder.java:64] binding parameter [118] as [VARCHAR] - [JatuQBOpiakKJxKQzasQ]
2020-06-19 13:28:34 TRACE [BasicBinder.java:64] binding parameter [119] as [VARCHAR] - [kofkeIHGBTYaszBxGrhR]
2020-06-19 13:28:34 TRACE [BasicBinder.java:64] binding parameter [120] as [VARCHAR] - [zgVOdUqtLzEwrsndirbQ]
2020-06-19 13:28:34 TRACE [BasicBinder.java:64] binding parameter [121] as [VARCHAR] - [UaGGWzgzmdKeqELrxzQY]
2020-06-19 13:28:34 TRACE [BasicBinder.java:64] binding parameter [122] as [VARCHAR] - [Rx]
2020-06-19 13:28:34 TRACE [BasicBinder.java:64] binding parameter [123] as [VARCHAR] - [u]
2020-06-19 13:28:34 TRACE [BasicBinder.java:64] binding parameter [124] as [VARCHAR] - [jydy]
2020-06-19 13:28:34 TRACE [BasicBinder.java:64] binding parameter [125] as [VARCHAR] - [tbzLwvXdYiodAhzksMoY]
2020-06-19 13:28:34 TRACE [BasicBinder.java:64] binding parameter [126] as [VARCHAR] - [zEj]
2020-06-19 13:28:34 TRACE [BasicBinder.java:64] binding parameter [127] as [VARCHAR] - [CE]
2020-06-19 13:28:34 TRACE [BasicBinder.java:64] binding parameter [128] as [VARCHAR] - [ukZLqvmRnJDKKziEZeIG]
2020-06-19 13:28:34 TRACE [BasicBinder.java:64] binding parameter [129] as [VARCHAR] - [cjKHIpkfKCJGjUvjJmtC]
2020-06-19 13:28:34 TRACE [BasicBinder.java:64] binding parameter [130] as [VARCHAR] - [XAbjDvBnTEdNgOZKcjRY]
2020-06-19 13:28:34 TRACE [BasicBinder.java:64] binding parameter [131] as [VARCHAR] - [D]
2020-06-19 13:28:34 TRACE [BasicBinder.java:64] binding parameter [132] as [VARCHAR] - [JACfuUGbnNlsTjRyLdNU]
2020-06-19 13:28:34 TRACE [BasicBinder.java:64] binding parameter [133] as [VARCHAR] - [GvyMHxJOwOwRKRpuaejy]
2020-06-19 13:28:34 TRACE [BasicBinder.java:64] binding parameter [134] as [VARCHAR] - [DegczbAqHPSozKmSfoxR]
2020-06-19 13:28:34 TRACE [BasicBinder.java:64] binding parameter [135] as [VARCHAR] - [iz]
2020-06-19 13:28:34 TRACE [BasicBinder.java:64] binding parameter [136] as [VARCHAR] - [qUJibGQRLCSVTBem]
2020-06-19 13:28:34 TRACE [BasicBinder.java:64] binding parameter [137] as [DOUBLE] - [8493236.460683672]
2020-06-19 13:28:34 TRACE [BasicBinder.java:64] binding parameter [138] as [VARCHAR] - [riwTwLjK]
2020-06-19 13:28:34 TRACE [BasicBinder.java:64] binding parameter [139] as [VARCHAR] - [XiFpWNFlTECUfbQ]
2020-06-19 13:28:34 TRACE [BasicBinder.java:64] binding parameter [140] as [VARCHAR] - [IyOaUqWAoJ]
2020-06-19 13:28:34 TRACE [BasicBinder.java:64] binding parameter [141] as [BIGINT] - [32]
2020-06-19 13:28:34 DEBUG [MockBuilder.java:94] set orderingSystem -> Az
2020-06-19 13:28:34 DEBUG [MockBuilder.java:94] set salesCheckNumber -> wIJOsRxKVDvtRNeegbdp
2020-06-19 13:28:34 DEBUG [MockBuilder.java:94] set storeName -> bQHyCvuNIZpvJMAvpHRA
2020-06-19 13:28:34 DEBUG [MockBuilder.java:94] set purchasedBy -> RXcGiCPDvUJfsXSzhVPP
2020-06-19 13:28:34 DEBUG [MockBuilder.java:94] set phoneNumber -> TbIWAdTDvOQ
2020-06-19 13:28:34 DEBUG [MockBuilder.java:94] set consStatusMsg -> xwcZeQEQhMlZYNIILxKi
2020-06-19 13:28:34 DEBUG [MockBuilder.java:94] set eventInfo -> gGuKaVjQNrHtjzW
2020-06-19 13:28:34 DEBUG [MockBuilder.java:94] set termsNetDays -> zVv
2020-06-19 13:28:34 DEBUG [MockBuilder.java:94] set ohStatusCode -> T
2020-06-19 13:28:34 DEBUG [MockBuilder.java:94] set contractUsageInd -> v
2020-06-19 13:28:34 DEBUG [MockBuilder.java:94] set salesReqCode -> Yy
2020-06-19 13:28:34 DEBUG [MockBuilder.java:94] set termsTypeFlag -> IS
2020-06-19 13:28:34 DEBUG [MockBuilder.java:94] set onNote -> dFaARGvSigggurSubmWh
2020-06-19 13:28:34 DEBUG [MockBuilder.java:94] set crossDockCenter -> KSkcdwrnel
2020-06-19 13:28:34 DEBUG [MockBuilder.java:94] set shipPartCompInd -> g
2020-06-19 13:28:34 DEBUG [MockBuilder.java:94] set poControl -> khlUv
2020-06-19 13:28:34 DEBUG [MockBuilder.java:94] set sellCo -> eZ
2020-06-19 13:28:34 DEBUG [MockBuilder.java:94] set onlineType -> F
2020-06-19 13:28:34 DEBUG [MockBuilder.java:94] set custDept -> yqSXt
2020-06-19 13:28:34 DEBUG [MockBuilder.java:94] set totalBindingFt -> 8032301.751256363
2020-06-19 13:28:34 DEBUG [MockBuilder.java:94] set rcdCode -> O
2020-06-19 13:28:34 DEBUG [MockBuilder.java:94] set seqNbr -> 823122
2020-06-19 13:28:34 DEBUG [MockBuilder.java:94] set orderDate -> 1996-06-18
2020-06-19 13:28:34 DEBUG [MockBuilder.java:94] set poDateValue -> 1987-07-24
2020-06-19 13:28:34 DEBUG [MockBuilder.java:94] set explodeFlag -> p
2020-06-19 13:28:34 DEBUG [MockBuilder.java:94] set reserveOrderInd -> f
2020-06-19 13:28:34 DEBUG [MockBuilder.java:94] set orderLoc -> ds
2020-06-19 13:28:34 DEBUG [MockBuilder.java:94] set shipPt -> hT
2020-06-19 13:28:34 DEBUG [MockBuilder.java:94] set receivedTimestamp -> 1970-01-01T00:54:13
2020-06-19 13:28:34 DEBUG [MockBuilder.java:94] set orderMerCost -> 870992.3969409389
2020-06-19 13:28:34 DEBUG [MockBuilder.java:94] set chngLid -> kOGAInJo
2020-06-19 13:28:34 DEBUG [MockBuilder.java:94] set srvLevel -> NB
2020-06-19 13:28:34 DEBUG [MockBuilder.java:94] set specialInstruct1 -> MPTDQPfiQOcWewJRcxGB
2020-06-19 13:28:34 DEBUG [MockBuilder.java:94] set poDateQualifier -> WnG
2020-06-19 13:28:34 DEBUG [MockBuilder.java:94] set shawOrderNumber -> iyUWbJ
2020-06-19 13:28:34 DEBUG [MockBuilder.java:94] set chngTimestamp -> 1970-01-01T01:15:22
2020-06-19 13:28:34 DEBUG [MockBuilder.java:94] set specialInstruct2 -> XFCHslWUGWPibGcaIflN
2020-06-19 13:28:34 DEBUG [MockBuilder.java:94] set poNumber -> KMLUDGwYWFDewaCulfjp
2020-06-19 13:28:34 DEBUG [MockBuilder.java:94] set refTcNbr -> sauHKPIfVStqdUpmZwsz
2020-06-19 13:28:34 DEBUG [MockBuilder.java:94] set fobPoint -> FK
2020-06-19 13:28:34 DEBUG [MockBuilder.java:94] set returnMsg -> IJPBXiLjTPhcWZnguDFB
2020-06-19 13:28:34 DEBUG [MockBuilder.java:94] set statusCode -> E
2020-06-19 13:28:34 DEBUG [MockBuilder.java:94] set nbDate -> 1971-07-20
2020-06-19 13:28:34 DEBUG [MockBuilder.java:94] set routeByDate -> 1970-10-10
2020-06-19 13:28:34 DEBUG [MockBuilder.java:94] set commCust -> NBcHWBW
2020-06-19 13:28:34 DEBUG [MockBuilder.java:94] set specialInstruct3 -> yKoEJJfLsjoXlWdZbqrP
2020-06-19 13:28:34 DEBUG [MockBuilder.java:94] set stdCarrAlphaInd -> YQfd
2020-06-19 13:28:34 DEBUG [MockBuilder.java:94] set newStoreInd -> Y
2020-06-19 13:28:34 DEBUG [MockBuilder.java:94] set orderRetTotal -> 7621942.5758950235
2020-06-19 13:28:34 DEBUG [MockBuilder.java:94] set poQual -> aC
2020-06-19 13:28:34 DEBUG [MockBuilder.java:94] set customerCode -> Tp
2020-06-19 13:28:34 DEBUG [MockBuilder.java:94] set frtCode -> h
2020-06-19 13:28:34 DEBUG [MockBuilder.java:94] set orderType -> n
2020-06-19 13:28:34 DEBUG [MockBuilder.java:94] set poType -> XWAZl
2020-06-19 13:28:34 DEBUG [MockBuilder.java:94] set custNbr -> jSADTYK
2020-06-19 13:28:34 DEBUG [MockBuilder.java:94] set phone -> LAbnHXffZjjsGIz
2020-06-19 13:28:34 DEBUG [MockBuilder.java:94] set noAsnFlag -> U
2020-06-19 13:28:34 DEBUG [MockBuilder.java:94] set specialInstruct4 -> awhGcUBHNMlCUZiqPddC
2020-06-19 13:28:34 DEBUG [MockBuilder.java:94] set customerRefNbr -> XfZ
2020-06-19 13:28:34 DEBUG [MockBuilder.java:94] set giftMessage1 -> ewtrQFgvOXmeinTKiUFZ
2020-06-19 13:28:34 DEBUG [MockBuilder.java:94] set province -> FzhIEgemoWVoQTcwTcI
2020-06-19 13:28:34 DEBUG [MockBuilder.java:94] set ohCancelDateValue -> 1970-06-14
2020-06-19 13:28:34 DEBUG [MockBuilder.java:94] set customerSidemark -> LjUdqXTkFhiVzRvtMgdW
2020-06-19 13:28:34 DEBUG [MockBuilder.java:94] set giftMessage2 -> sVZyTfKbumclGoeVtwBi
2020-06-19 13:28:34 DEBUG [MockBuilder.java:94] set orderTypeDesc -> VHDMPGmNLLINDiK
2020-06-19 13:28:34 DEBUG [MockBuilder.java:94] set custPmtMeth -> ysWEvnIfYLMqtdIFRAqy
2020-06-19 13:28:34 DEBUG [MockBuilder.java:94] set inputMethod -> yNyCLUPVit
2020-06-19 13:28:34 DEBUG [MockBuilder.java:94] set specialPoNo -> UWSdJKUuamFXvbYtFqkO
2020-06-19 13:28:34 DEBUG [MockBuilder.java:94] set poTypeSuffix -> BJhYpFnYEJ
2020-06-19 13:28:34 DEBUG [MockBuilder.java:94] set name -> SRfheIiRzudRwbsYNEof
2020-06-19 13:28:34 DEBUG [MockBuilder.java:94] set orderWeight -> 7277474.229822261
2020-06-19 13:28:34 DEBUG [MockBuilder.java:94] set markForStore -> BeOEixkBLp
2020-06-19 13:28:34 DEBUG [MockBuilder.java:94] set custSpInst -> CRjiNBITOhtUajzStCSk
2020-06-19 13:28:34 DEBUG [MockBuilder.java:94] set mediaEventCode -> Kd
2020-06-19 13:28:34 DEBUG [MockBuilder.java:94] set flag -> 238505
2020-06-19 13:28:34 DEBUG [MockBuilder.java:94] set hostAlertFlag -> u
2020-06-19 13:28:34 DEBUG [MockBuilder.java:94] set dunsNbr -> AJCmrvPhYRGDchT
2020-06-19 13:28:34 DEBUG [MockBuilder.java:94] set psMsg -> lhLKcEDNLplgRowFQkcE
2020-06-19 13:28:34 DEBUG [MockBuilder.java:94] set deliveryDate -> 1983-04-27
2020-06-19 13:28:34 DEBUG [MockBuilder.java:94] set shipComplete -> C
2020-06-19 13:28:34 DEBUG [MockBuilder.java:94] set custWhNbr -> odzP
2020-06-19 13:28:34 DEBUG [MockBuilder.java:94] set errorCode -> CFA
2020-06-19 13:28:34 DEBUG [MockBuilder.java:94] set shipDateValue -> 1985-09-10
2020-06-19 13:28:34 DEBUG [MockBuilder.java:94] set orderRetHand -> 1288333.8194240748
2020-06-19 13:28:34 DEBUG [MockBuilder.java:94] set agreementNumber -> CfXfVblGniTqvyb
2020-06-19 13:28:34 DEBUG [MockBuilder.java:94] set delvCutOffDt -> 1972-04-18
2020-06-19 13:28:34 DEBUG [MockBuilder.java:94] set shipDateQualifier -> BBq
2020-06-19 13:28:34 DEBUG [MockBuilder.java:94] set beg -> sDqjv
2020-06-19 13:28:34 DEBUG [MockBuilder.java:94] set truncFlag -> M
2020-06-19 13:28:34 DEBUG [MockBuilder.java:94] set assignedAgent -> DKYIbfxF
2020-06-19 13:28:34 DEBUG [MockBuilder.java:94] set errorDescription -> UyLgSgkvKvpZAunwMPtn
2020-06-19 13:28:34 DEBUG [MockBuilder.java:94] set orderRetSh -> 9485759.644509183
2020-06-19 13:28:34 DEBUG [MockBuilder.java:94] set billToState -> TZ
2020-06-19 13:28:34 DEBUG [MockBuilder.java:94] set divDesc -> XtFSyoqvZOlGtfKruDSm
2020-06-19 13:28:34 DEBUG [MockBuilder.java:94] set authRep -> BJqcfWOBRWtcwoUAJqgV
2020-06-19 13:28:34 DEBUG [MockBuilder.java:94] set zip -> mHDxQZpwuOE
2020-06-19 13:28:34 DEBUG [MockBuilder.java:94] set errorTimestamp -> 1970-01-01T00:21:19
2020-06-19 13:28:34 DEBUG [MockBuilder.java:94] set billToStore -> EHbCzZRhbU
2020-06-19 13:28:34 DEBUG [MockBuilder.java:94] set authorizationNo -> WgJHcvptAP
2020-06-19 13:28:34 DEBUG [MockBuilder.java:94] set bsStoreNbr -> AqrvJhlgip
2020-06-19 13:28:34 DEBUG [MockBuilder.java:94] set store -> gOVfmOiNmM
2020-06-19 13:28:34 DEBUG [MockBuilder.java:94] set orderRetTax -> 1507692.5602175344
2020-06-19 13:28:34 DEBUG [MockBuilder.java:94] set shipInstruction -> iMQdJNuJdrTLRWWskXhh
2020-06-19 13:28:34 DEBUG [MockBuilder.java:94] set country -> DEwJOLsMaiUUPWADVhN
2020-06-19 13:28:34 DEBUG [MockBuilder.java:94] set cancelDateQualifier -> EjX
2020-06-19 13:28:34 DEBUG [MockBuilder.java:94] set state -> bo
2020-06-19 13:28:34 DEBUG [MockBuilder.java:94] set cnCity -> DGPpQaAWWYuyXliRiJD
2020-06-19 13:28:34 DEBUG [MockBuilder.java:94] set userId -> qXVCZjId
2020-06-19 13:28:34 DEBUG [MockBuilder.java:94] set acctContact -> EquQAYvYqXkDpURmGtHg
2020-06-19 13:28:34 DEBUG [MockBuilder.java:94] set addressLine2 -> pLXNqgNGMDfLLrMqCNRG
2020-06-19 13:28:34 DEBUG [MockBuilder.java:94] set vendorNo -> TqAmMYUnaiXrbWx
2020-06-19 13:28:34 DEBUG [MockBuilder.java:94] set carrierCode -> Fs
2020-06-19 13:28:34 DEBUG [MockBuilder.java:94] set shipByCutOffDt -> 1985-02-13
2020-06-19 13:28:34 DEBUG [MockBuilder.java:94] set acknowlegeOrdInd -> C
2020-06-19 13:28:34 DEBUG [MockBuilder.java:94] set custNbr -> fTzkfJY
2020-06-19 13:28:34 DEBUG [MockBuilder.java:94] set wcStore -> nNUAfDubWE
2020-06-19 13:28:34 DEBUG [MockBuilder.java:94] set city -> gdYfnClKtYfmNWgpcHx
2020-06-19 13:28:34 DEBUG [MockBuilder.java:94] set cbCutLength -> 9774553.169569574
2020-06-19 13:28:34 DEBUG [MockBuilder.java:94] set destCode -> VE
2020-06-19 13:28:34 DEBUG [MockBuilder.java:94] set addressLine1 -> VNWDMomqnQGATYPrOvax
2020-06-19 13:28:34 DEBUG [MockBuilder.java:94] set addrKey -> 86171
2020-06-19 13:28:34 DEBUG [MockBuilder.java:94] set shipByDate -> 1989-03-01
2020-06-19 13:28:34 DEBUG [MockBuilder.java:94] set shipCancelDate -> 1970-12-16
2020-06-19 13:28:34 DEBUG [MockBuilder.java:94] set shipToAddress -> LegacyShipToAddress [addressLine1=VNWDMomqnQGATYPrOvax, addressLine2=pLXNqgNGMDfLLrMqCNRG, city=gdYfnClKtYfmNWgpcHx, cnCity=DGPpQaAWWYuyXliRiJD, country=DEwJOLsMaiUUPWADVhN, custNbr=fTzkfJY, destCode=VE, flag=238505, name=SRfheIiRzudRwbsYNEof, phone=LAbnHXffZjjsGIz, province=FzhIEgemoWVoQTcwTcI, state=bo, store=gOVfmOiNmM, truncFlag=M, zip=mHDxQZpwuOE]
2020-06-19 13:28:34 DEBUG [MockBuilder.java:94] set cphone -> GJoRHTHYYKwdrakRoyoF
2020-06-19 13:28:34 DEBUG [MockBuilder.java:94] set name -> NGkbLuSnvvqiRvmqoakR
2020-06-19 13:28:34 DEBUG [MockBuilder.java:94] set state -> zo
2020-06-19 13:28:34 DEBUG [MockBuilder.java:94] set consumerShipFlg -> c
2020-06-19 13:28:34 DEBUG [MockBuilder.java:94] set ccountry -> flMjERCmxlvpeHUvzkdi
2020-06-19 13:28:34 DEBUG [MockBuilder.java:94] set city -> HQwLCNNwjxHLouItcQd
2020-06-19 13:28:34 DEBUG [MockBuilder.java:94] set addressLine2 -> ECLujyVkiZgntkvNjMcu
2020-06-19 13:28:34 DEBUG [MockBuilder.java:94] set zip -> qrgcOHDxv
2020-06-19 13:28:34 DEBUG [MockBuilder.java:94] set addressLine1 -> hvlMpocQkTBwQFreguAx
2020-06-19 13:28:34 DEBUG [MockBuilder.java:94] set cprovince -> CTkHtubcbbqELCtoNtlD
2020-06-19 13:28:34 DEBUG [MockBuilder.java:94] set city -> wOKDjxzhByzFaNtCZcvu
2020-06-19 13:28:34 DEBUG [MockBuilder.java:94] set consumerPoDateValue -> 1982-12-10
2020-06-19 13:28:34 DEBUG [MockBuilder.java:94] set addressLine1 -> opqomeZCyaKBjVanAyUf
2020-06-19 13:28:34 DEBUG [MockBuilder.java:94] set tpcountry -> BPsJVYlVvkdKKjxEmzqy
2020-06-19 13:28:34 DEBUG [MockBuilder.java:94] set name -> aqFkZEkPNLahYSkjpvHL
2020-06-19 13:28:34 DEBUG [MockBuilder.java:94] set state -> kC
2020-06-19 13:28:34 DEBUG [MockBuilder.java:94] set accountNbr -> WUeVLGtASUfbQFqIrsny
2020-06-19 13:28:34 DEBUG [MockBuilder.java:94] set name2 -> DZZfHDvmANgMdpeuBcgk
2020-06-19 13:28:34 DEBUG [MockBuilder.java:94] set consumerAddress -> LegacyConsumerAddress [cprovince=CTkHtubcbbqELCtoNtlD, ccountry=flMjERCmxlvpeHUvzkdi, cphone=GJoRHTHYYKwdrakRoyoF, addressLine1=hvlMpocQkTBwQFreguAx, addressLine2=ECLujyVkiZgntkvNjMcu, city=HQwLCNNwjxHLouItcQd, name=NGkbLuSnvvqiRvmqoakR, consumerPoDateValue=1982-12-10, consumerShipFlg=c, state=zo, zip=qrgcOHDxv]
2020-06-19 13:28:34 DEBUG [MockBuilder.java:94] set tpprovince -> dLBsbxDUlfutaVqIcomM
2020-06-19 13:28:34 DEBUG [MockBuilder.java:94] set tpphone -> RRNSXnNiDbdKpmekQZie
2020-06-19 13:28:34 DEBUG [MockBuilder.java:94] set billFlag -> V
2020-06-19 13:28:34 DEBUG [MockBuilder.java:94] set zip -> WjydcEfbtxQJDKln
2020-06-19 13:28:34 DEBUG [MockBuilder.java:94] set addressLine2 -> mTHzWtsGYurNCQnfttIf
2020-06-19 13:28:34 DEBUG [MockBuilder.java:94] set thirdPartyAddress -> LegacyThirdPartyAddress [tpprovince=dLBsbxDUlfutaVqIcomM, tpcountry=BPsJVYlVvkdKKjxEmzqy, tpphone=RRNSXnNiDbdKpmekQZie, addressLine1=opqomeZCyaKBjVanAyUf, addressLine2=mTHzWtsGYurNCQnfttIf, accountNbr=WUeVLGtASUfbQFqIrsny, billFlag=V, city=wOKDjxzhByzFaNtCZcvu, name=aqFkZEkPNLahYSkjpvHL, name2=DZZfHDvmANgMdpeuBcgk, state=kC, zip=WjydcEfbtxQJDKln]
2020-06-19 13:28:34 DEBUG [MockBuilder.java:94] set dates -> null
2020-06-19 13:28:34 DEBUG [MockBuilder.java:94] set lines -> null
2020-06-19 13:28:34 DEBUG [MockHelper.java:99] EdiOrderHeader [legacyOrderNumber=null, acctContact=EquQAYvYqXkDpURmGtHg, acknowlegeOrdInd=C, addrKey=86171, agreementNumber=CfXfVblGniTqvyb, assignedAgent=DKYIbfxF, authRep=BJqcfWOBRWtcwoUAJqgV, authorizationNo=WgJHcvptAP, beg=sDqjv, billToState=TZ, billToStore=EHbCzZRhbU, bsStoreNbr=AqrvJhlgip, cancelDateQualifier=EjX, carrierCode=Fs, cbCutLength=9774553.169569574, chngLid=kOGAInJo, chngTimestamp=1970-01-01T01:15:22, commCust=NBcHWBW, consStatusMsg=xwcZeQEQhMlZYNIILxKi, contractUsageInd=v, crossDockCenter=KSkcdwrnel, custDept=yqSXt, custPmtMeth=ysWEvnIfYLMqtdIFRAqy, custSpInst=CRjiNBITOhtUajzStCSk, custWhNbr=odzP, customerCode=Tp, custNbr=jSADTYK, customerRefNbr=XfZ, customerSidemark=LjUdqXTkFhiVzRvtMgdW, deliveryDate=1983-04-27, delvCutOffDt=1972-04-18, divDesc=XtFSyoqvZOlGtfKruDSm, dunsNbr=AJCmrvPhYRGDchT, errorCode=CFA, errorDescription=UyLgSgkvKvpZAunwMPtn, errorTimestamp=1970-01-01T00:21:19, eventInfo=gGuKaVjQNrHtjzW, explodeFlag=p, fobPoint=FK, frtCode=h, giftMessage1=ewtrQFgvOXmeinTKiUFZ, giftMessage2=sVZyTfKbumclGoeVtwBi, hostAlertFlag=u, inputMethod=yNyCLUPVit, markForStore=BeOEixkBLp, mediaEventCode=Kd, nbDate=1971-07-20, newStoreInd=Y, noAsnFlag=U, ohCancelDateValue=1970-06-14, ohStatusCode=T, onNote=dFaARGvSigggurSubmWh, onlineType=F, orderDate=1996-06-18, orderLoc=01, orderMerCost=870992.3969409389, shawOrderNumber=iyUWbJ, orderRetHand=1288333.8194240748, orderRetSh=9485759.644509183, orderRetTax=1507692.5602175344, orderRetTotal=7621942.5758950235, orderType=H, orderTypeDesc=HARDSURFACES, orderWeight=7277474.229822261, orderingSystem=Az, phoneNumber=TbIWAdTDvOQ, poControl=khlUv, poDateValue=1987-07-24, poDateQualifier=WnG, poNumber=KMLUDGwYWFDewaCulfjp, poQual=aC, poType=XWAZl, poTypeSuffix=BJhYpFnYEJ, psMsg=lhLKcEDNLplgRowFQkcE, purchasedBy=RXcGiCPDvUJfsXSzhVPP, rcdCode=O, receivedTimestamp=1970-01-01T00:54:13, refTcNbr=sauHKPIfVStqdUpmZwsz, reserveOrderInd=f, returnMsg=IJPBXiLjTPhcWZnguDFB, routeByDate=1970-10-10, salesCheckNumber=wIJOsRxKVDvtRNeegbdp, salesReqCode=Yy, sellCo=eZ, seqNbr=823122, shipByCutOffDt=1985-02-13, shipByDate=1989-03-01, shipCancelDate=1970-12-16, shipComplete=C, shipDateValue=1985-09-10, shipDateQualifier=BBq, shipInstruction=iMQdJNuJdrTLRWWskXhh, shipPartCompInd=g, shipPt=hT, specialInstruct1=MPTDQPfiQOcWewJRcxGB, specialInstruct2=XFCHslWUGWPibGcaIflN, specialInstruct3=yKoEJJfLsjoXlWdZbqrP, specialInstruct4=awhGcUBHNMlCUZiqPddC, specialPoNo=UWSdJKUuamFXvbYtFqkO, srvLevel=NB, statusCode=E, stdCarrAlphaInd=YQfd, storeName=bQHyCvuNIZpvJMAvpHRA, termsNetDays=zVv, termsTypeFlag=IS, totalBindingFt=8032301.751256363, userId=qXVCZjId, vendorNo=TqAmMYUnaiXrbWx, wcStore=nNUAfDubWE, consumerAddress=LegacyConsumerAddress [cprovince=CTkHtubcbbqELCtoNtlD, ccountry=flMjERCmxlvpeHUvzkdi, cphone=GJoRHTHYYKwdrakRoyoF, addressLine1=hvlMpocQkTBwQFreguAx, addressLine2=ECLujyVkiZgntkvNjMcu, city=HQwLCNNwjxHLouItcQd, name=NGkbLuSnvvqiRvmqoakR, consumerPoDateValue=1982-12-10, consumerShipFlg=c, state=zo, zip=qrgcOHDxv], shipToAddress=LegacyShipToAddress [addressLine1=VNWDMomqnQGATYPrOvax, addressLine2=pLXNqgNGMDfLLrMqCNRG, city=gdYfnClKtYfmNWgpcHx, cnCity=DGPpQaAWWYuyXliRiJD, country=DEwJOLsMaiUUPWADVhN, custNbr=fTzkfJY, destCode=VE, flag=238505, name=SRfheIiRzudRwbsYNEof, phone=LAbnHXffZjjsGIz, province=FzhIEgemoWVoQTcwTcI, state=bo, store=gOVfmOiNmM, truncFlag=M, zip=mHDxQZpwuOE], thirdPartyAddress=LegacyThirdPartyAddress [tpprovince=dLBsbxDUlfutaVqIcomM, tpcountry=BPsJVYlVvkdKKjxEmzqy, tpphone=RRNSXnNiDbdKpmekQZie, addressLine1=opqomeZCyaKBjVanAyUf, addressLine2=mTHzWtsGYurNCQnfttIf, accountNbr=WUeVLGtASUfbQFqIrsny, billFlag=V, city=wOKDjxzhByzFaNtCZcvu, name=aqFkZEkPNLahYSkjpvHL, name2=DZZfHDvmANgMdpeuBcgk, state=kC, zip=WjydcEfbtxQJDKln], dates=null, lines=null]
Hibernate: call next value for SHXP.EDI_ORDER_NBR
Hibernate: insert into EDI_ORDER_HEADER (ACCT_CONTACT, ACKNOWLEGE_ORD_IND, ADDR_KEY, AGREEMENT_NUMBER, ASSIGNED_AGENT, AUTH_REP, AUTHORIZATION_NO, beg, BILL_TO_STATE, BILL_TO_STORE, BS_STORE_NBR, CANCEL_DATE_QUAL, CARRIER_CODE, CB_CUT_LENGTH, CHNG_LID, CHNG_TIMESTAMP, COMM_CUST, CONS_STATUS_MSG, CONSUMER_ADDRESS, CONSUMER_ADDRESS_2, CONSUMER_CITY, CONSUMER_PO_DATE, CONSUMER_SHIP_FLG, CONSUMER_NAME, CONSUMER_STATE, CONSUMER_ZIP, CONTRACT_USAGE_IND, CROSS_DOCK_CENTER, CUST_DEPT, CUSTOMER_NUMBER, CUST_PMT_METH, CUST_SP_INST, CUST_WH_NBR, CUSTOMER_CODE, CUSTOMER_REF_NBR, CUSTOMER_SIDEMARK, DELIVERY_DATE, DELV_CUT_OFF_DT, DIV_DESC, DUNS_NBR, ERROR_CODE, ERROR_DESCRIPTION, ERROR_TIMESTAMP, EVENT_INFO, EXPLODE_FLAG, FOB_POINT, FRT_CODE, GIFT_MESSAGE_1, GIFT_MESSAGE_2, HOST_ALERT_FLAG, INPUT_METHOD, MARK_FOR_STORE, MEDIA_EVENT_CODE, NB_DATE, NEW_STORE_IND, NO_ASN_FLAG, OH_CANCEL_DATE, OH_STATUS_CODE, ON_NOTE, ONLINE_TYPE, ORDER_DATE, ORDER_LOC, ORDER_MER_COST, ORDER_RET_HAND, ORDER_RET_SH, ORDER_RET_TAX, ORDER_RET_TOTAL, ORDER_TYPE, ORDER_TYPE_DESC, ORDER_WEIGHT, ORDERING_SYSTEM, PHONE_NUMBER, PO_CONTROL, PO_DATE_QUAL, PO_DATE, PO_NUMBER, PO_QUAL, PO_TYPE, PO_TYPE_SUFFIX, PS_MSG, PURCHASED_BY, RCD_CODE, RECEIVED_TIMESTAMP, REF_TC_NBR, RESERVE_ORDER_IND, RETURN_MSG, ROUTE_BY_DATE, SALES_CHECK_NUMBER, SALES_REQ_CODE, SELL_CO, SEQ_NBR, ORDER_NUMBER, SHIP_BY_CUT_OFF_DT, SHIP_BY_DATE, SHIP_CANCEL_DATE, SHIP_COMPLETE, SHIP_DATE_QUAL, SHIP_DATE, SHIP_INSTRUCTION, SHIP_PART_COMP_IND, SHIP_PT, SHIP_TO_ADDRESS_1, SHIP_TO_ADDRESS_2, SHIP_TO_CITY, SHIP_TO_CN_CITY, SHIP_TO_COUNTRY, SHIP_TO_CUST_NBR, SHIP_TO_DEST_COD, SHIP_TO_FLAG, SHIP_TO_NAME, SHIP_TO_PHONE, SHIP_TO_PROVENCE, SHIP_TO_STATE, SHIP_TO_STORE, SHIP_TO_TRUNC_FLG, SHIP_TO_ZIP, SPECIAL_INSTRUCT_1, SPECIAL_INSTRUCT_2, SPECIAL_INSTRUCT_3, SPECIAL_INSTRUCT_4, SPECIAL_PO_NO, SRV_LEVEL, STATUS_CODE, STD_CARR_ALPHA_IND, STORE_NAME, TERMS_NET_DAYS, TERMS_TYPE_FLAG, THIRD_PARTY_ACCT_NBR, THIRD_PARTY_ADDR_1, THIRD_PARTY_ADDR_2, THIRD_PARTY_BILL_FLAG, THIRD_PARTY_CITY, THIRD_PARTY_NAME, THIRD_PARTY_NAME_2, THIRD_PARTY_STATE, THIRD_PARTY_ZIP, TOTAL_BINDING_FT, USER_ID, VENDOR_NO, WC_STORE, EDI_ORDER_NUMBER) values (?, ?, ?, ?, ?, ?, ?, ?, ?, ?, ?, ?, ?, ?, ?, ?, ?, ?, ?, ?, ?, ?, ?, ?, ?, ?, ?, ?, ?, ?, ?, ?, ?, ?, ?, ?, ?, ?, ?, ?, ?, ?, ?, ?, ?, ?, ?, ?, ?, ?, ?, ?, ?, ?, ?, ?, ?, ?, ?, ?, ?, ?, ?, ?, ?, ?, ?, ?, ?, ?, ?, ?, ?, ?, ?, ?, ?, ?, ?, ?, ?, ?, ?, ?, ?, ?, ?, ?, ?, ?, ?, ?, ?, ?, ?, ?, ?, ?, ?, ?, ?, ?, ?, ?, ?, ?, ?, ?, ?, ?, ?, ?, ?, ?, ?, ?, ?, ?, ?, ?, ?, ?, ?, ?, ?, ?, ?, ?, ?, ?, ?, ?, ?, ?, ?, ?, ?, ?, ?, ?, ?)
2020-06-19 13:28:34 TRACE [BasicBinder.java:64] binding parameter [1] as [VARCHAR] - [EquQAYvYqXkDpURmGtHg]
2020-06-19 13:28:34 TRACE [BasicBinder.java:64] binding parameter [2] as [VARCHAR] - [C]
2020-06-19 13:28:34 TRACE [BasicBinder.java:64] binding parameter [3] as [INTEGER] - [86171]
2020-06-19 13:28:34 TRACE [BasicBinder.java:64] binding parameter [4] as [VARCHAR] - [CfXfVblGniTqvyb]
2020-06-19 13:28:34 TRACE [BasicBinder.java:64] binding parameter [5] as [VARCHAR] - [DKYIbfxF]
2020-06-19 13:28:34 TRACE [BasicBinder.java:64] binding parameter [6] as [VARCHAR] - [BJqcfWOBRWtcwoUAJqgV]
2020-06-19 13:28:34 TRACE [BasicBinder.java:64] binding parameter [7] as [VARCHAR] - [WgJHcvptAP]
2020-06-19 13:28:34 TRACE [BasicBinder.java:64] binding parameter [8] as [VARCHAR] - [sDqjv]
2020-06-19 13:28:34 TRACE [BasicBinder.java:64] binding parameter [9] as [VARCHAR] - [TZ]
2020-06-19 13:28:34 TRACE [BasicBinder.java:64] binding parameter [10] as [VARCHAR] - [EHbCzZRhbU]
2020-06-19 13:28:34 TRACE [BasicBinder.java:64] binding parameter [11] as [VARCHAR] - [AqrvJhlgip]
2020-06-19 13:28:34 TRACE [BasicBinder.java:64] binding parameter [12] as [VARCHAR] - [EjX]
2020-06-19 13:28:34 TRACE [BasicBinder.java:64] binding parameter [13] as [VARCHAR] - [Fs]
2020-06-19 13:28:34 TRACE [BasicBinder.java:64] binding parameter [14] as [DOUBLE] - [9774553.169569574]
2020-06-19 13:28:34 TRACE [BasicBinder.java:64] binding parameter [15] as [VARCHAR] - [kOGAInJo]
2020-06-19 13:28:34 TRACE [BasicBinder.java:64] binding parameter [16] as [TIMESTAMP] - [1970-01-01T01:15:22]
2020-06-19 13:28:34 TRACE [BasicBinder.java:64] binding parameter [17] as [VARCHAR] - [NBcHWBW]
2020-06-19 13:28:34 TRACE [BasicBinder.java:64] binding parameter [18] as [VARCHAR] - [xwcZeQEQhMlZYNIILxKi]
2020-06-19 13:28:34 TRACE [BasicBinder.java:64] binding parameter [19] as [VARCHAR] - [hvlMpocQkTBwQFreguAx]
2020-06-19 13:28:34 TRACE [BasicBinder.java:64] binding parameter [20] as [VARCHAR] - [ECLujyVkiZgntkvNjMcu]
2020-06-19 13:28:34 TRACE [BasicBinder.java:64] binding parameter [21] as [VARCHAR] - [HQwLCNNwjxHLouItcQd]
2020-06-19 13:28:34 TRACE [BasicBinder.java:64] binding parameter [22] as [DATE] - [1982-12-10]
2020-06-19 13:28:34 TRACE [BasicBinder.java:64] binding parameter [23] as [VARCHAR] - [c]
2020-06-19 13:28:34 TRACE [BasicBinder.java:64] binding parameter [24] as [VARCHAR] - [NGkbLuSnvvqiRvmqoakR]
2020-06-19 13:28:34 TRACE [BasicBinder.java:64] binding parameter [25] as [VARCHAR] - [zo]
2020-06-19 13:28:34 TRACE [BasicBinder.java:64] binding parameter [26] as [VARCHAR] - [qrgcOHDxv]
2020-06-19 13:28:34 TRACE [BasicBinder.java:64] binding parameter [27] as [VARCHAR] - [v]
2020-06-19 13:28:34 TRACE [BasicBinder.java:64] binding parameter [28] as [VARCHAR] - [KSkcdwrnel]
2020-06-19 13:28:34 TRACE [BasicBinder.java:64] binding parameter [29] as [VARCHAR] - [yqSXt]
2020-06-19 13:28:34 TRACE [BasicBinder.java:64] binding parameter [30] as [VARCHAR] - [jSADTYK]
2020-06-19 13:28:34 TRACE [BasicBinder.java:64] binding parameter [31] as [VARCHAR] - [ysWEvnIfYLMqtdIFRAqy]
2020-06-19 13:28:34 TRACE [BasicBinder.java:64] binding parameter [32] as [VARCHAR] - [CRjiNBITOhtUajzStCSk]
2020-06-19 13:28:34 TRACE [BasicBinder.java:64] binding parameter [33] as [VARCHAR] - [odzP]
2020-06-19 13:28:34 TRACE [BasicBinder.java:64] binding parameter [34] as [VARCHAR] - [Tp]
2020-06-19 13:28:34 TRACE [BasicBinder.java:64] binding parameter [35] as [VARCHAR] - [XfZ]
2020-06-19 13:28:34 TRACE [BasicBinder.java:64] binding parameter [36] as [VARCHAR] - [LjUdqXTkFhiVzRvtMgdW]
2020-06-19 13:28:34 TRACE [BasicBinder.java:64] binding parameter [37] as [DATE] - [1983-04-27]
2020-06-19 13:28:34 TRACE [BasicBinder.java:64] binding parameter [38] as [DATE] - [1972-04-18]
2020-06-19 13:28:34 TRACE [BasicBinder.java:64] binding parameter [39] as [VARCHAR] - [XtFSyoqvZOlGtfKruDSm]
2020-06-19 13:28:34 TRACE [BasicBinder.java:64] binding parameter [40] as [VARCHAR] - [AJCmrvPhYRGDchT]
2020-06-19 13:28:34 TRACE [BasicBinder.java:64] binding parameter [41] as [VARCHAR] - [CFA]
2020-06-19 13:28:34 TRACE [BasicBinder.java:64] binding parameter [42] as [VARCHAR] - [UyLgSgkvKvpZAunwMPtn]
2020-06-19 13:28:34 TRACE [BasicBinder.java:64] binding parameter [43] as [TIMESTAMP] - [1970-01-01T00:21:19]
2020-06-19 13:28:34 TRACE [BasicBinder.java:64] binding parameter [44] as [VARCHAR] - [gGuKaVjQNrHtjzW]
2020-06-19 13:28:34 TRACE [BasicBinder.java:64] binding parameter [45] as [VARCHAR] - [p]
2020-06-19 13:28:34 TRACE [BasicBinder.java:64] binding parameter [46] as [VARCHAR] - [FK]
2020-06-19 13:28:34 TRACE [BasicBinder.java:64] binding parameter [47] as [VARCHAR] - [h]
2020-06-19 13:28:34 TRACE [BasicBinder.java:64] binding parameter [48] as [VARCHAR] - [ewtrQFgvOXmeinTKiUFZ]
2020-06-19 13:28:34 TRACE [BasicBinder.java:64] binding parameter [49] as [VARCHAR] - [sVZyTfKbumclGoeVtwBi]
2020-06-19 13:28:34 TRACE [BasicBinder.java:64] binding parameter [50] as [VARCHAR] - [u]
2020-06-19 13:28:34 TRACE [BasicBinder.java:64] binding parameter [51] as [VARCHAR] - [yNyCLUPVit]
2020-06-19 13:28:34 TRACE [BasicBinder.java:64] binding parameter [52] as [VARCHAR] - [BeOEixkBLp]
2020-06-19 13:28:34 TRACE [BasicBinder.java:64] binding parameter [53] as [VARCHAR] - [Kd]
2020-06-19 13:28:34 TRACE [BasicBinder.java:64] binding parameter [54] as [DATE] - [1971-07-20]
2020-06-19 13:28:34 TRACE [BasicBinder.java:64] binding parameter [55] as [VARCHAR] - [Y]
2020-06-19 13:28:34 TRACE [BasicBinder.java:64] binding parameter [56] as [VARCHAR] - [U]
2020-06-19 13:28:34 TRACE [BasicBinder.java:64] binding parameter [57] as [DATE] - [1970-06-14]
2020-06-19 13:28:34 TRACE [BasicBinder.java:64] binding parameter [58] as [VARCHAR] - [T]
2020-06-19 13:28:34 TRACE [BasicBinder.java:64] binding parameter [59] as [VARCHAR] - [dFaARGvSigggurSubmWh]
2020-06-19 13:28:34 TRACE [BasicBinder.java:64] binding parameter [60] as [VARCHAR] - [F]
2020-06-19 13:28:34 TRACE [BasicBinder.java:64] binding parameter [61] as [DATE] - [1996-06-18]
2020-06-19 13:28:34 TRACE [BasicBinder.java:64] binding parameter [62] as [VARCHAR] - [01]
2020-06-19 13:28:34 TRACE [BasicBinder.java:64] binding parameter [63] as [DOUBLE] - [870992.3969409389]
2020-06-19 13:28:34 TRACE [BasicBinder.java:64] binding parameter [64] as [DOUBLE] - [1288333.8194240748]
2020-06-19 13:28:34 TRACE [BasicBinder.java:64] binding parameter [65] as [DOUBLE] - [9485759.644509183]
2020-06-19 13:28:34 TRACE [BasicBinder.java:64] binding parameter [66] as [DOUBLE] - [1507692.5602175344]
2020-06-19 13:28:34 TRACE [BasicBinder.java:64] binding parameter [67] as [DOUBLE] - [7621942.5758950235]
2020-06-19 13:28:34 TRACE [BasicBinder.java:64] binding parameter [68] as [VARCHAR] - [H]
2020-06-19 13:28:34 TRACE [BasicBinder.java:64] binding parameter [69] as [VARCHAR] - [HARDSURFACES]
2020-06-19 13:28:34 TRACE [BasicBinder.java:64] binding parameter [70] as [DOUBLE] - [7277474.229822261]
2020-06-19 13:28:34 TRACE [BasicBinder.java:64] binding parameter [71] as [VARCHAR] - [Az]
2020-06-19 13:28:34 TRACE [BasicBinder.java:64] binding parameter [72] as [VARCHAR] - [TbIWAdTDvOQ]
2020-06-19 13:28:34 TRACE [BasicBinder.java:64] binding parameter [73] as [VARCHAR] - [khlUv]
2020-06-19 13:28:34 TRACE [BasicBinder.java:64] binding parameter [74] as [VARCHAR] - [WnG]
2020-06-19 13:28:34 TRACE [BasicBinder.java:64] binding parameter [75] as [DATE] - [1987-07-24]
2020-06-19 13:28:34 TRACE [BasicBinder.java:64] binding parameter [76] as [VARCHAR] - [KMLUDGwYWFDewaCulfjp]
2020-06-19 13:28:34 TRACE [BasicBinder.java:64] binding parameter [77] as [VARCHAR] - [aC]
2020-06-19 13:28:34 TRACE [BasicBinder.java:64] binding parameter [78] as [VARCHAR] - [XWAZl]
2020-06-19 13:28:34 TRACE [BasicBinder.java:64] binding parameter [79] as [VARCHAR] - [BJhYpFnYEJ]
2020-06-19 13:28:34 TRACE [BasicBinder.java:64] binding parameter [80] as [VARCHAR] - [lhLKcEDNLplgRowFQkcE]
2020-06-19 13:28:34 TRACE [BasicBinder.java:64] binding parameter [81] as [VARCHAR] - [RXcGiCPDvUJfsXSzhVPP]
2020-06-19 13:28:34 TRACE [BasicBinder.java:64] binding parameter [82] as [VARCHAR] - [O]
2020-06-19 13:28:34 TRACE [BasicBinder.java:64] binding parameter [83] as [TIMESTAMP] - [1970-01-01T00:54:13]
2020-06-19 13:28:34 TRACE [BasicBinder.java:64] binding parameter [84] as [VARCHAR] - [sauHKPIfVStqdUpmZwsz]
2020-06-19 13:28:34 TRACE [BasicBinder.java:64] binding parameter [85] as [VARCHAR] - [f]
2020-06-19 13:28:34 TRACE [BasicBinder.java:64] binding parameter [86] as [VARCHAR] - [IJPBXiLjTPhcWZnguDFB]
2020-06-19 13:28:34 TRACE [BasicBinder.java:64] binding parameter [87] as [DATE] - [1970-10-10]
2020-06-19 13:28:34 TRACE [BasicBinder.java:64] binding parameter [88] as [VARCHAR] - [wIJOsRxKVDvtRNeegbdp]
2020-06-19 13:28:34 TRACE [BasicBinder.java:64] binding parameter [89] as [VARCHAR] - [Yy]
2020-06-19 13:28:34 TRACE [BasicBinder.java:64] binding parameter [90] as [VARCHAR] - [eZ]
2020-06-19 13:28:34 TRACE [BasicBinder.java:64] binding parameter [91] as [INTEGER] - [823122]
2020-06-19 13:28:34 TRACE [BasicBinder.java:64] binding parameter [92] as [VARCHAR] - [iyUWbJ]
2020-06-19 13:28:34 TRACE [BasicBinder.java:64] binding parameter [93] as [DATE] - [1985-02-13]
2020-06-19 13:28:34 TRACE [BasicBinder.java:64] binding parameter [94] as [DATE] - [1989-03-01]
2020-06-19 13:28:34 TRACE [BasicBinder.java:64] binding parameter [95] as [DATE] - [1970-12-16]
2020-06-19 13:28:34 TRACE [BasicBinder.java:64] binding parameter [96] as [VARCHAR] - [C]
2020-06-19 13:28:34 TRACE [BasicBinder.java:64] binding parameter [97] as [VARCHAR] - [BBq]
2020-06-19 13:28:34 TRACE [BasicBinder.java:64] binding parameter [98] as [DATE] - [1985-09-10]
2020-06-19 13:28:34 TRACE [BasicBinder.java:64] binding parameter [99] as [VARCHAR] - [iMQdJNuJdrTLRWWskXhh]
2020-06-19 13:28:34 TRACE [BasicBinder.java:64] binding parameter [100] as [VARCHAR] - [g]
2020-06-19 13:28:34 TRACE [BasicBinder.java:64] binding parameter [101] as [VARCHAR] - [hT]
2020-06-19 13:28:34 TRACE [BasicBinder.java:64] binding parameter [102] as [VARCHAR] - [VNWDMomqnQGATYPrOvax]
2020-06-19 13:28:34 TRACE [BasicBinder.java:64] binding parameter [103] as [VARCHAR] - [pLXNqgNGMDfLLrMqCNRG]
2020-06-19 13:28:34 TRACE [BasicBinder.java:64] binding parameter [104] as [VARCHAR] - [gdYfnClKtYfmNWgpcHx]
2020-06-19 13:28:34 TRACE [BasicBinder.java:64] binding parameter [105] as [VARCHAR] - [DGPpQaAWWYuyXliRiJD]
2020-06-19 13:28:34 TRACE [BasicBinder.java:64] binding parameter [106] as [VARCHAR] - [DEwJOLsMaiUUPWADVhN]
2020-06-19 13:28:34 TRACE [BasicBinder.java:64] binding parameter [107] as [VARCHAR] - [fTzkfJY]
2020-06-19 13:28:34 TRACE [BasicBinder.java:64] binding parameter [108] as [VARCHAR] - [VE]
2020-06-19 13:28:34 TRACE [BasicBinder.java:64] binding parameter [109] as [INTEGER] - [238505]
2020-06-19 13:28:34 TRACE [BasicBinder.java:64] binding parameter [110] as [VARCHAR] - [SRfheIiRzudRwbsYNEof]
2020-06-19 13:28:34 TRACE [BasicBinder.java:64] binding parameter [111] as [VARCHAR] - [LAbnHXffZjjsGIz]
2020-06-19 13:28:34 TRACE [BasicBinder.java:64] binding parameter [112] as [VARCHAR] - [FzhIEgemoWVoQTcwTcI]
2020-06-19 13:28:34 TRACE [BasicBinder.java:64] binding parameter [113] as [VARCHAR] - [bo]
2020-06-19 13:28:34 TRACE [BasicBinder.java:64] binding parameter [114] as [VARCHAR] - [gOVfmOiNmM]
2020-06-19 13:28:34 TRACE [BasicBinder.java:64] binding parameter [115] as [VARCHAR] - [M]
2020-06-19 13:28:34 TRACE [BasicBinder.java:64] binding parameter [116] as [VARCHAR] - [mHDxQZpwuOE]
2020-06-19 13:28:34 TRACE [BasicBinder.java:64] binding parameter [117] as [VARCHAR] - [MPTDQPfiQOcWewJRcxGB]
2020-06-19 13:28:34 TRACE [BasicBinder.java:64] binding parameter [118] as [VARCHAR] - [XFCHslWUGWPibGcaIflN]
2020-06-19 13:28:34 TRACE [BasicBinder.java:64] binding parameter [119] as [VARCHAR] - [yKoEJJfLsjoXlWdZbqrP]
2020-06-19 13:28:34 TRACE [BasicBinder.java:64] binding parameter [120] as [VARCHAR] - [awhGcUBHNMlCUZiqPddC]
2020-06-19 13:28:34 TRACE [BasicBinder.java:64] binding parameter [121] as [VARCHAR] - [UWSdJKUuamFXvbYtFqkO]
2020-06-19 13:28:34 TRACE [BasicBinder.java:64] binding parameter [122] as [VARCHAR] - [NB]
2020-06-19 13:28:34 TRACE [BasicBinder.java:64] binding parameter [123] as [VARCHAR] - [E]
2020-06-19 13:28:34 TRACE [BasicBinder.java:64] binding parameter [124] as [VARCHAR] - [YQfd]
2020-06-19 13:28:34 TRACE [BasicBinder.java:64] binding parameter [125] as [VARCHAR] - [bQHyCvuNIZpvJMAvpHRA]
2020-06-19 13:28:34 TRACE [BasicBinder.java:64] binding parameter [126] as [VARCHAR] - [zVv]
2020-06-19 13:28:34 TRACE [BasicBinder.java:64] binding parameter [127] as [VARCHAR] - [IS]
2020-06-19 13:28:34 TRACE [BasicBinder.java:64] binding parameter [128] as [VARCHAR] - [WUeVLGtASUfbQFqIrsny]
2020-06-19 13:28:34 TRACE [BasicBinder.java:64] binding parameter [129] as [VARCHAR] - [opqomeZCyaKBjVanAyUf]
2020-06-19 13:28:34 TRACE [BasicBinder.java:64] binding parameter [130] as [VARCHAR] - [mTHzWtsGYurNCQnfttIf]
2020-06-19 13:28:34 TRACE [BasicBinder.java:64] binding parameter [131] as [VARCHAR] - [V]
2020-06-19 13:28:34 TRACE [BasicBinder.java:64] binding parameter [132] as [VARCHAR] - [wOKDjxzhByzFaNtCZcvu]
2020-06-19 13:28:34 TRACE [BasicBinder.java:64] binding parameter [133] as [VARCHAR] - [aqFkZEkPNLahYSkjpvHL]
2020-06-19 13:28:34 TRACE [BasicBinder.java:64] binding parameter [134] as [VARCHAR] - [DZZfHDvmANgMdpeuBcgk]
2020-06-19 13:28:34 TRACE [BasicBinder.java:64] binding parameter [135] as [VARCHAR] - [kC]
2020-06-19 13:28:34 TRACE [BasicBinder.java:64] binding parameter [136] as [VARCHAR] - [WjydcEfbtxQJDKln]
2020-06-19 13:28:34 TRACE [BasicBinder.java:64] binding parameter [137] as [DOUBLE] - [8032301.751256363]
2020-06-19 13:28:34 TRACE [BasicBinder.java:64] binding parameter [138] as [VARCHAR] - [qXVCZjId]
2020-06-19 13:28:34 TRACE [BasicBinder.java:64] binding parameter [139] as [VARCHAR] - [TqAmMYUnaiXrbWx]
2020-06-19 13:28:34 TRACE [BasicBinder.java:64] binding parameter [140] as [VARCHAR] - [nNUAfDubWE]
2020-06-19 13:28:34 TRACE [BasicBinder.java:64] binding parameter [141] as [BIGINT] - [33]
2020-06-19 13:28:34 DEBUG [MockBuilder.java:94] set changeTimestamp -> 1970-01-01T00:20:23
2020-06-19 13:28:34 DEBUG [MockBuilder.java:94] set autoCreateFlag -> D
2020-06-19 13:28:34 DEBUG [MockBuilder.java:94] set precedence -> 1018298.3366731276
2020-06-19 13:28:34 DEBUG [MockBuilder.java:94] set createdBy -> HQtjXAhI
2020-06-19 13:28:34 DEBUG [MockBuilder.java:94] set ediReasonCode -> 334147
2020-06-19 13:28:34 DEBUG [MockBuilder.java:94] set ediOrdValidations -> null
2020-06-19 13:28:34 DEBUG [MockBuilder.java:94] set changedBy -> WXiXIKRN
2020-06-19 13:28:34 DEBUG [MockBuilder.java:94] set defaultAction -> u
2020-06-19 13:28:34 DEBUG [MockBuilder.java:94] set createTimestamp -> 1970-01-01T00:40:59
2020-06-19 13:28:34 DEBUG [MockBuilder.java:94] set level -> x
2020-06-19 13:28:34 DEBUG [MockBuilder.java:94] set description -> EOaxMneFdRDraYcmxonw
Hibernate: select edireasonc0_.EDI_REASON_CODE as edi_reas1_6_1_, edireasonc0_.AUTO_CREATE_FLAG as auto_cre2_6_1_, edireasonc0_.CHANGE_TIMESTAMP as change_t3_6_1_, edireasonc0_.CHANGED_BY as changed_4_6_1_, edireasonc0_.CREATE_TIMESTAMP as create_t5_6_1_, edireasonc0_.CREATED_BY as created_6_6_1_, edireasonc0_.DEFAULT_ACTION as default_7_6_1_, edireasonc0_.description as descript8_6_1_, edireasonc0_.LEVEL as level9_6_1_, edireasonc0_.precedence as precede10_6_1_, ediordvali1_.edi_reason_code as edi_rea11_2_3_, ediordvali1_.EDI_ORDER_NBR as edi_orde1_2_3_, ediordvali1_.PO_LINE_NBR as po_line_2_2_3_, ediordvali1_.TIME_STAMP as time_sta3_2_3_, ediordvali1_.EDI_ORDER_NBR as edi_orde1_2_0_, ediordvali1_.PO_LINE_NBR as po_line_2_2_0_, ediordvali1_.TIME_STAMP as time_sta3_2_0_, ediordvali1_.ACTION_CODE as action_c4_2_0_, ediordvali1_.ASSIGNED_TO as assigned5_2_0_, ediordvali1_.CHANGED_BY as changed_6_2_0_, ediordvali1_.CHANGED_TIMESTAMP as changed_7_2_0_, ediordvali1_.CREATED_BY as created_8_2_0_, ediordvali1_.CREATED_TIMESTAMP as created_9_2_0_, ediordvali1_.edi_reason_code as edi_rea11_2_0_, ediordvali1_.status as status10_2_0_ from EDI_REASON_CODE edireasonc0_ left outer join EDI_ORD_VALIDATION ediordvali1_ on edireasonc0_.EDI_REASON_CODE=ediordvali1_.edi_reason_code where edireasonc0_.EDI_REASON_CODE=?
2020-06-19 13:28:34 TRACE [BasicBinder.java:64] binding parameter [1] as [INTEGER] - [63]
2020-06-19 13:28:34 INFO  [ShipInfoServiceTest.java:71] {
  "header": {
    "projectName": "JnYdmOotNOfdhzdPcbXU",
    "subset": true,
    "swatch": true,
    "residentialDelvFlag": "ukNTSxBMgkVIaOrknaQl",
    "thirdPartyAdd1": "fyqfekRuJZGswWhTPOvd",
    "thirdPartyAdd2": "rwpLmGKEVPMcBTkTNlXS",
    "thirdPartyCity": "sukoyaVqWUGckJvIgkXK",
    "thirdPartyName": "zrCsrOovdiOMuvkewQim",
    "thirdPartyName2": "DwcFAJoBruCcAhPkhYIm",
    "thirdPartyState": "jdQAxzXoDtSzVADDKmWl",
    "thirdPartyZip": "EraVyRWtAQbvixLxZXbt",
    "shipToName2": "XvooqJCVlIKItzKllqPy",
    "lastLineNbr": 31293,
    "beforeDeliveryFlag": "wLUHlfNFSHiRoUpfqkav",
    "bulkOrderNbr": "fiywzUxZwHydHIxRgjYl",
    "carrServiceLevel": "jgSZFggaTfmQcroKYtAf",
    "collateFlag": "AmQOwJTPaCKWNVoXTLvb",
    "labelContact": "DyQouVRcpBPoHRvkBJBF",
    "labelDeliveryInfo": "cPFwIekNoFQkWYSwdBTn",
    "labelProjectName": "iaKXOdZOqFHlIKGXXzsV",
    "labelShiptoPhone": "SkucnvjYMIyZQilefxvz",
    "location": "rcpytCXmkWBbgcPErfwg",
    "locationName": "mOcfFScwNyHyYCCxZWPd",
    "marketFlag": "HPSFyrWVocEAGQcmqWSo",
    "thirdPartyAcc": "XQTnlLSuYxjeYtmtOFRp",
    "thirdPartyBillFlag": "pwWeefUhbLKwFweJdkBz",
    "callBefDelFlag": "NLFdMSswewyuiKwtcBgr",
    "thirdPartyFlag": "OxqEKYIFiZxPPqSfFoWl",
    "repFlag": "UenavvNkcVtDQlmDXQSx",
    "rushFlag": "cwSbaiEzNgnsdizVudmm",
    "totalLines": 952657,
    "totalWeight": 3631595.8040132537,
    "carrierFlag": "xsiSVyzVYttScmOnSieq",
    "demand": true,
    "honeyWell": true,
    "orderLocation": "TrbFuTHJUMZAIyMXOPrc",
    "creditMessage": "tAmhOBUuwjaQdnLatmEm",
    "shipToAddress1": "DfQvbgSavtJhMgLCqqlq",
    "shipToAddress2": "QOYkxmbaDgRYuCzzDegF",
    "shipToCity": "EqKivFKCkTPQxvexSCsO",
    "shipToState": "RicsdGzdVGqHgRYsescV",
    "shipToZipcode": "UhVwXUdHfvxWoVLSMJsy",
    "shipToName": "erPNvYmJTTIPBLRfmgmx",
    "billCity": "qGATkISynrCVyVgUwXbu",
    "serviceCode": "vYMTGHOIQisgAjrkFcgc",
    "custName": "nxYeldTtapyxSHfmFPzt",
    "area": 75761,
    "billAddress1": "vQMgdeHfFwjLPVSmTqfE",
    "billAddress2": "sKipEzIziRoWAXRjCEuf",
    "billState": "buCyagbWTlLamUbBdLIQ",
    "billToName": "GGMuhLqJcudsZgqujokv",
    "billZipcode": "XKMCDeDPmwlVVrJsOekK",
    "carrierCode": "XAWBKpPnBUQIkdAyAOYm",
    "carrierName": "EzEgxhEKWZqFviESecvn",
    "commCust": "gUYsSYRODAmsukdMovvm",
    "confirmStat": "IMFOVpozriQMwtITlcKT",
    "countryCode": "CSKSkkPWlbDkqGPuQRNK",
    "destCountryCode": "gYsLXXTwcnOQyjGzZQUA",
    "creditCode": "kVhKClUJRsKKuNpakcbr",
    "creditDate": "1988-12-13",
    "creditDesc": "JTgRwqjviLTlYEtKuDfE",
    "custKwic": "LZljwCtEsmgYfMwmEMVL",
    "custNbr": "cIqGQMjmqVoFfeCNWwMe",
    "custRefNbr": "rDEsIhuiccHDciVfGfdE",
    "deliveryDate": "1984-05-29",
    "department": "uVOWTKAzMmJkifTSXShd",
    "district": "AVCIVjlOLXuyyeqCJaJo",
    "dtlsNbr": 153377,
    "freightCode": "ZNRwKraEMLVKCdbkzFaR",
    "headerStatus": "bXUADVuVufZIXKiwwgzt",
    "nbDate": "1976-06-17",
    "operatorId": "muJQnkMxrymLEAHhfEDg",
    "orderDate": "1991-06-23",
    "orderNbr": "eBWarJwkwewrDJoNlqwP",
    "orderTime": "AoZbdIrKhdGtifTFBBXm",
    "orderType": "kaqWYebMtWlkJVYzZjVS",
    "orderTypeDesc": "DdJTphjwJLmCvcpwdUuQ",
    "ovalCode1": "yMhvzRiymcKsZZhhpEaB",
    "ovalCode2": "TOlypudvhoGLoEhwZTkQ",
    "ovalCode3": "ELMvMyiZdOhznpzKSLEr",
    "ovalCode4": "hKdqfIRxPYsmiMaWZrff",
    "ovalDesc3": "ilknkLKMJbQbSmuxsJGh",
    "ovalDesc1": "EHJXzQjAdAMLnPMnLeCh",
    "ovalDesc2": "SjXtzWDzGipknpvyfFFI",
    "ovalDesc4": "yzEFeWGWBnzhJfXLdxlU",
    "poNbr": "niZpWmjcNuQbNXohSTIC",
    "pricingDate": "1971-03-08",
    "productDesc": "GyNHbAeVftlXSlameDqV",
    "productType": "CEAsCYkOQBcKQoqOpfrJ",
    "region": "ZSFwWnnbEdznLcElcYIO",
    "route": "PemmfikCrknBMMlxvkqo",
    "selco": "vIpnTYyvBOsCAnfFzKNV",
    "selcoDesc": "onbewdfIaWJaOdSPTpBB",
    "serviceDate": "1979-09-29",
    "shipPoint": "kGTbWNmgsInlPtNWqZUv",
    "smNote": "irxouMQnJiZZgNIjzyxX",
    "statusCode": "rzMvPTUyWMdhLUoYqAlM",
    "termsCode": "IAjMHHNOudTdVRpIGwWt",
    "termsDesc": "worJUmxXdJFleyXxVnld",
    "territory": "YRRdzIPNreIRadgkXOji",
    "userId": "AXHPlAhATEqZlDMRlOGd",
    "shippingType": "uuvszkqifhKbEDEXJldG",
    "addrKey": 254647,
    "addrSeq": 466620,
    "ratingMethod": "soledPdKumelslOFWWnW",
    "orderPriced": 40443,
    "endUse": "NgnjHWNmZmJPHOZxgTNN",
    "incoTerms": "AHSEKTREXlBuXzpbzjPN",
    "projectNbr": "ksEQQxWUIlOrDbDspZhL",
    "endUseDesc": "RPNUEuVcYjuHYsWkExgM",
    "parentOrderNbr": "wEPSUShsBOwdrBNZzsGp"
  },
  "resultMessage": "DJBGhpPcAMfDUpHrjCwD",
  "resultType": "sQEYrNBnzYLJwBnfctoZ",
  "successful": true
}
]]></system-out>
  </testcase>
  <testcase name="testGetSplValues" classname="com.shaw.ediorderservices.service.shipinfo.ShipInfoServiceTest" time="0.166">
    <failure message="expected: &lt;RIgDorzbbu&gt; but was: &lt;&gt;" type="org.opentest4j.AssertionFailedError"><![CDATA[org.opentest4j.AssertionFailedError: expected: <RIgDorzbbu> but was: <>
	at com.shaw.ediorderservices.service.shipinfo.ShipInfoServiceTest.testGetSplValues(ShipInfoServiceTest.java:99)
]]></failure>
    <system-out><![CDATA[2020-06-19 13:28:34 DEBUG [MockBuilder.java:94] set consStatusMsg -> KDJpxiAkLqeFrrIMsRXd
2020-06-19 13:28:34 DEBUG [MockBuilder.java:94] set dunsNbr -> rMiZABsdiAPKLtv
2020-06-19 13:28:34 DEBUG [MockBuilder.java:94] set shipPartCompInd -> l
2020-06-19 13:28:34 DEBUG [MockBuilder.java:94] set eventInfo -> xhqMUqNYlKOxTEX
2020-06-19 13:28:34 DEBUG [MockBuilder.java:94] set ohStatusCode -> o
2020-06-19 13:28:34 DEBUG [MockBuilder.java:94] set purchasedBy -> JiPTMuOCDUbomRUuUPtO
2020-06-19 13:28:34 DEBUG [MockBuilder.java:94] set shipPt -> ux
2020-06-19 13:28:34 DEBUG [MockBuilder.java:94] set explodeFlag -> n
2020-06-19 13:28:34 DEBUG [MockBuilder.java:94] set contractUsageInd -> D
2020-06-19 13:28:34 DEBUG [MockBuilder.java:94] set onNote -> hOZeJRcxxdSWxtmPlynL
2020-06-19 13:28:34 DEBUG [MockBuilder.java:94] set specialInstruct1 -> LzBNFGIUZGZeEcKsslZK
2020-06-19 13:28:34 DEBUG [MockBuilder.java:94] set orderingSystem -> rH
2020-06-19 13:28:34 DEBUG [MockBuilder.java:94] set storeName -> aNUDXIAjFLvfBEtiSJBH
2020-06-19 13:28:34 DEBUG [MockBuilder.java:94] set rcdCode -> G
2020-06-19 13:28:34 DEBUG [MockBuilder.java:94] set crossDockCenter -> CejvBohzfQ
2020-06-19 13:28:34 DEBUG [MockBuilder.java:94] set specialInstruct2 -> hTTLQElkzYjPtVQbssSV
2020-06-19 13:28:34 DEBUG [MockBuilder.java:94] set errorCode -> vmM
2020-06-19 13:28:34 DEBUG [MockBuilder.java:94] set phoneNumber -> twYGkNenLuX
2020-06-19 13:28:34 DEBUG [MockBuilder.java:94] set termsNetDays -> Bun
2020-06-19 13:28:34 DEBUG [MockBuilder.java:94] set fobPoint -> TQ
2020-06-19 13:28:34 DEBUG [MockBuilder.java:94] set specialInstruct3 -> xKYSxapjFdxEyTdqAjWL
2020-06-19 13:28:34 DEBUG [MockBuilder.java:94] set poControl -> IcfGM
2020-06-19 13:28:34 DEBUG [MockBuilder.java:94] set termsTypeFlag -> Xx
2020-06-19 13:28:34 DEBUG [MockBuilder.java:94] set errorDescription -> KbucwoJDQNnQQEzrfaRy
2020-06-19 13:28:34 DEBUG [MockBuilder.java:94] set frtCode -> E
2020-06-19 13:28:34 DEBUG [MockBuilder.java:94] set poDateValue -> 1978-05-03
2020-06-19 13:28:34 DEBUG [MockBuilder.java:94] set totalBindingFt -> 4904487.172893762
2020-06-19 13:28:34 DEBUG [MockBuilder.java:94] set errorTimestamp -> 1970-01-01T02:27:18
2020-06-19 13:28:34 DEBUG [MockBuilder.java:94] set giftMessage1 -> XjXfkfXIafLKukxIeZlr
2020-06-19 13:28:34 DEBUG [MockBuilder.java:94] set onlineType -> N
2020-06-19 13:28:34 DEBUG [MockBuilder.java:94] set custDept -> MFMdo
2020-06-19 13:28:34 DEBUG [MockBuilder.java:94] set receivedTimestamp -> 1970-01-01T01:02:36
2020-06-19 13:28:34 DEBUG [MockBuilder.java:94] set deliveryDate -> 1988-06-17
2020-06-19 13:28:34 DEBUG [MockBuilder.java:94] set giftMessage2 -> VokTRtEcimuaErIJwOFL
2020-06-19 13:28:34 DEBUG [MockBuilder.java:94] set specialInstruct4 -> VJXuXNiVNCBKEWjBNASp
2020-06-19 13:28:34 DEBUG [MockBuilder.java:94] set delvCutOffDt -> 1976-12-20
2020-06-19 13:28:34 DEBUG [MockBuilder.java:94] set poDateQualifier -> MaD
2020-06-19 13:28:34 DEBUG [MockBuilder.java:94] set srvLevel -> jT
2020-06-19 13:28:34 DEBUG [MockBuilder.java:94] set specialPoNo -> XYWFBmcDjKMMvirZwCNO
2020-06-19 13:28:34 DEBUG [MockBuilder.java:94] set orderDate -> 1979-08-05
2020-06-19 13:28:34 DEBUG [MockBuilder.java:94] set chngLid -> SAJaryir
2020-06-19 13:28:34 DEBUG [MockBuilder.java:94] set hostAlertFlag -> e
2020-06-19 13:28:34 DEBUG [MockBuilder.java:94] set orderLoc -> Gv
2020-06-19 13:28:34 DEBUG [MockBuilder.java:94] set poNumber -> RdZrSkeUtukLVuGYfsJq
2020-06-19 13:28:34 DEBUG [MockBuilder.java:94] set divDesc -> vwzyIUdFNNzrDAxDOTXU
2020-06-19 13:28:34 DEBUG [MockBuilder.java:94] set chngTimestamp -> 1970-01-01T01:36:39
2020-06-19 13:28:34 DEBUG [MockBuilder.java:94] set refTcNbr -> wWpKwcAgfCddzDZuRtTm
2020-06-19 13:28:34 DEBUG [MockBuilder.java:94] set salesCheckNumber -> OFXWuyWlRxiJBzXRTTgJ
2020-06-19 13:28:34 DEBUG [MockBuilder.java:94] set poQual -> tx
2020-06-19 13:28:34 DEBUG [MockBuilder.java:94] set commCust -> RFfHSbN
2020-06-19 13:28:34 DEBUG [MockBuilder.java:94] set orderMerCost -> 306630.4472444102
2020-06-19 13:28:34 DEBUG [MockBuilder.java:94] set salesReqCode -> Wu
2020-06-19 13:28:34 DEBUG [MockBuilder.java:94] set shipComplete -> p
2020-06-19 13:28:34 DEBUG [MockBuilder.java:94] set customerCode -> lW
2020-06-19 13:28:34 DEBUG [MockBuilder.java:94] set shawOrderNumber -> LpzXel
2020-06-19 13:28:34 DEBUG [MockBuilder.java:94] set sellCo -> zb
2020-06-19 13:28:34 DEBUG [MockBuilder.java:94] set shipDateValue -> 1985-09-15
2020-06-19 13:28:34 DEBUG [MockBuilder.java:94] set custNbr -> uwZyquF
2020-06-19 13:28:34 DEBUG [MockBuilder.java:94] set seqNbr -> 593048
2020-06-19 13:28:34 DEBUG [MockBuilder.java:94] set nbDate -> 1971-06-24
2020-06-19 13:28:34 DEBUG [MockBuilder.java:94] set poType -> GfShV
2020-06-19 13:28:34 DEBUG [MockBuilder.java:94] set customerRefNbr -> Qli
2020-06-19 13:28:34 DEBUG [MockBuilder.java:94] set statusCode -> w
2020-06-19 13:28:34 DEBUG [MockBuilder.java:94] set shipDateQualifier -> aDI
2020-06-19 13:28:34 DEBUG [MockBuilder.java:94] set shipByCutOffDt -> 1992-01-15
2020-06-19 13:28:34 DEBUG [MockBuilder.java:94] set reserveOrderInd -> Y
2020-06-19 13:28:34 DEBUG [MockBuilder.java:94] set customerSidemark -> ryrBwPnqqxskwdToLfKH
2020-06-19 13:28:34 DEBUG [MockBuilder.java:94] set orderRetTotal -> 2980761.2539146817
2020-06-19 13:28:34 DEBUG [MockBuilder.java:94] set shipInstruction -> lbIdKiduvXSYUAiRTQuU
2020-06-19 13:28:34 DEBUG [MockBuilder.java:94] set custPmtMeth -> cnFopAzMpKJOHnEGFYQt
2020-06-19 13:28:34 DEBUG [MockBuilder.java:94] set returnMsg -> hmPAStOYZkHSKMwDEfPQ
2020-06-19 13:28:34 DEBUG [MockBuilder.java:94] set newStoreInd -> z
2020-06-19 13:28:34 DEBUG [MockBuilder.java:94] set stdCarrAlphaInd -> iJdW
2020-06-19 13:28:34 DEBUG [MockBuilder.java:94] set custSpInst -> XLAORmaYxyQErJKutHHD
2020-06-19 13:28:34 DEBUG [MockBuilder.java:94] set poTypeSuffix -> iXzQSKtPcZ
2020-06-19 13:28:34 DEBUG [MockBuilder.java:94] set routeByDate -> 1971-12-25
2020-06-19 13:28:34 DEBUG [MockBuilder.java:94] set orderType -> X
2020-06-19 13:28:34 DEBUG [MockBuilder.java:94] set custWhNbr -> utoR
2020-06-19 13:28:34 DEBUG [MockBuilder.java:94] set inputMethod -> aZBQIUVKZm
2020-06-19 13:28:34 DEBUG [MockBuilder.java:94] set userId -> BdmUWBXv
2020-06-19 13:28:34 DEBUG [MockBuilder.java:94] set beg -> WbaFD
2020-06-19 13:28:34 DEBUG [MockBuilder.java:94] set orderTypeDesc -> MQSbMwYnJcnPrbd
2020-06-19 13:28:34 DEBUG [MockBuilder.java:94] set shipByDate -> 1996-09-15
2020-06-19 13:28:34 DEBUG [MockBuilder.java:94] set markForStore -> FTtWJNcsBK
2020-06-19 13:28:34 DEBUG [MockBuilder.java:94] set billToState -> JV
2020-06-19 13:28:34 DEBUG [MockBuilder.java:94] set noAsnFlag -> v
2020-06-19 13:28:34 DEBUG [MockBuilder.java:94] set orderWeight -> 6120318.731858672
2020-06-19 13:28:34 DEBUG [MockBuilder.java:94] set phone -> apBRdHPdfabcBUV
2020-06-19 13:28:34 DEBUG [MockBuilder.java:94] set mediaEventCode -> ET
2020-06-19 13:28:34 DEBUG [MockBuilder.java:94] set billToStore -> tJVzDXFKJJ
2020-06-19 13:28:34 DEBUG [MockBuilder.java:94] set ohCancelDateValue -> 1973-12-10
2020-06-19 13:28:34 DEBUG [MockBuilder.java:94] set vendorNo -> bgFDAEkrwHbebcH
2020-06-19 13:28:34 DEBUG [MockBuilder.java:94] set bsStoreNbr -> lBGgBoJgvY
2020-06-19 13:28:34 DEBUG [MockBuilder.java:94] set psMsg -> rGhwIDBlkyimMAeviKUB
2020-06-19 13:28:34 DEBUG [MockBuilder.java:94] set province -> XqeWTYKlPhuqWbJWJKQ
2020-06-19 13:28:34 DEBUG [MockBuilder.java:94] set shipCancelDate -> 1986-05-20
2020-06-19 13:28:34 DEBUG [MockBuilder.java:94] set cancelDateQualifier -> tiR
2020-06-19 13:28:34 DEBUG [MockBuilder.java:94] set orderRetHand -> 9500454.15798488
2020-06-19 13:28:34 DEBUG [MockBuilder.java:94] set wcStore -> sDdxdvhhfM
2020-06-19 13:28:34 DEBUG [MockBuilder.java:94] set country -> PoOOcsiqmVBnlStIlSv
2020-06-19 13:28:34 DEBUG [MockBuilder.java:94] set carrierCode -> hS
2020-06-19 13:28:34 DEBUG [MockBuilder.java:94] set name -> HQAnUuqLYnbfwybMQdor
2020-06-19 13:28:34 DEBUG [MockBuilder.java:94] set truncFlag -> v
2020-06-19 13:28:34 DEBUG [MockBuilder.java:94] set orderRetSh -> 928973.9656307567
2020-06-19 13:28:34 DEBUG [MockBuilder.java:94] set cbCutLength -> 4792456.088602782
2020-06-19 13:28:34 DEBUG [MockBuilder.java:94] set flag -> 619913
2020-06-19 13:28:34 DEBUG [MockBuilder.java:94] set store -> RQhvWntahr
2020-06-19 13:28:34 DEBUG [MockBuilder.java:94] set cnCity -> IOorgZhrrNGjjVtoRAb
2020-06-19 13:28:34 DEBUG [MockBuilder.java:94] set agreementNumber -> TidmioxfIRjOYUj
2020-06-19 13:28:34 DEBUG [MockBuilder.java:94] set orderRetTax -> 6465563.596665841
2020-06-19 13:28:34 DEBUG [MockBuilder.java:94] set zip -> xOFNTnaDFlT
2020-06-19 13:28:34 DEBUG [MockBuilder.java:94] set destCode -> RJ
2020-06-19 13:28:34 DEBUG [MockBuilder.java:94] set assignedAgent -> tSiJNjFK
2020-06-19 13:28:34 DEBUG [MockBuilder.java:94] set cphone -> rPpPYBtkmUxfyJoxJGvB
2020-06-19 13:28:34 DEBUG [MockBuilder.java:94] set ccountry -> QrJjnbxarBuXzIWOdemL
2020-06-19 13:28:34 DEBUG [MockBuilder.java:94] set name -> sExZabRVnVQFnLfDlXWD
2020-06-19 13:28:34 DEBUG [MockBuilder.java:94] set state -> xn
2020-06-19 13:28:34 DEBUG [MockBuilder.java:94] set state -> Hi
2020-06-19 13:28:34 DEBUG [MockBuilder.java:94] set addressLine2 -> qEyGHIXwtcHRZrAZATCV
2020-06-19 13:28:34 DEBUG [MockBuilder.java:94] set custNbr -> jxSrUBI
2020-06-19 13:28:34 DEBUG [MockBuilder.java:94] set consumerPoDateValue -> 1982-09-27
2020-06-19 13:28:34 DEBUG [MockBuilder.java:94] set consumerShipFlg -> b
2020-06-19 13:28:34 DEBUG [MockBuilder.java:94] set addressLine1 -> lcJrqQjUKhNuxzMYFqGJ
2020-06-19 13:28:34 DEBUG [MockBuilder.java:94] set authRep -> OLGiRDtMDrgSqerPbjoJ
2020-06-19 13:28:34 DEBUG [MockBuilder.java:94] set cprovince -> FRUqvzfcNvStqRBWPtcg
2020-06-19 13:28:34 DEBUG [MockBuilder.java:94] set addressLine1 -> gcAxkXbAoLOvUqNEOBEq
2020-06-19 13:28:34 DEBUG [MockBuilder.java:94] set city -> OMZVhvwWdKIgdbHDUAy
2020-06-19 13:28:34 DEBUG [MockBuilder.java:94] set addressLine2 -> gqKBQsfQPVKNXHwYoGGR
2020-06-19 13:28:34 DEBUG [MockBuilder.java:94] set authorizationNo -> JSTLqqpUEO
2020-06-19 13:28:34 DEBUG [MockBuilder.java:94] set acctContact -> avCqdOTUKCYmoMBykZqY
2020-06-19 13:28:34 DEBUG [MockBuilder.java:94] set zip -> KyXgtOrai
2020-06-19 13:28:34 DEBUG [MockBuilder.java:94] set city -> fIqXZMcDDpiqyHkXrII
2020-06-19 13:28:34 DEBUG [MockBuilder.java:94] set acknowlegeOrdInd -> B
2020-06-19 13:28:34 DEBUG [MockBuilder.java:94] set consumerAddress -> LegacyConsumerAddress [cprovince=FRUqvzfcNvStqRBWPtcg, ccountry=QrJjnbxarBuXzIWOdemL, cphone=rPpPYBtkmUxfyJoxJGvB, addressLine1=lcJrqQjUKhNuxzMYFqGJ, addressLine2=qEyGHIXwtcHRZrAZATCV, city=OMZVhvwWdKIgdbHDUAy, name=sExZabRVnVQFnLfDlXWD, consumerPoDateValue=1982-09-27, consumerShipFlg=b, state=Hi, zip=KyXgtOrai]
2020-06-19 13:28:34 DEBUG [MockBuilder.java:94] set shipToAddress -> LegacyShipToAddress [addressLine1=gcAxkXbAoLOvUqNEOBEq, addressLine2=gqKBQsfQPVKNXHwYoGGR, city=fIqXZMcDDpiqyHkXrII, cnCity=IOorgZhrrNGjjVtoRAb, country=PoOOcsiqmVBnlStIlSv, custNbr=jxSrUBI, destCode=RJ, flag=619913, name=HQAnUuqLYnbfwybMQdor, phone=apBRdHPdfabcBUV, province=XqeWTYKlPhuqWbJWJKQ, state=xn, store=RQhvWntahr, truncFlag=v, zip=xOFNTnaDFlT]
2020-06-19 13:28:34 DEBUG [MockBuilder.java:94] set addrKey -> 911220
2020-06-19 13:28:34 DEBUG [MockBuilder.java:94] set addressLine1 -> kiELHLZlBOzQMZRFLgFo
2020-06-19 13:28:34 DEBUG [MockBuilder.java:94] set billFlag -> n
2020-06-19 13:28:34 DEBUG [MockBuilder.java:94] set city -> JdnxFZcSoxVysHHCvdNt
2020-06-19 13:28:34 DEBUG [MockBuilder.java:94] set tpcountry -> wpTITmqgELQRXQeYtzOj
2020-06-19 13:28:34 DEBUG [MockBuilder.java:94] set zip -> RXSlOHQgvYniJsXD
2020-06-19 13:28:34 DEBUG [MockBuilder.java:94] set state -> ha
2020-06-19 13:28:34 DEBUG [MockBuilder.java:94] set name -> qwnyaZIGdJhjdCwzqgOt
2020-06-19 13:28:34 DEBUG [MockBuilder.java:94] set name2 -> UuxWopzEPaVQvzaNdcsN
2020-06-19 13:28:34 DEBUG [MockBuilder.java:94] set tpphone -> rgEnZSjnnvRmgBPfsyEd
2020-06-19 13:28:34 DEBUG [MockBuilder.java:94] set accountNbr -> gCytTQMUBknIDwItRvRh
2020-06-19 13:28:34 DEBUG [MockBuilder.java:94] set addressLine2 -> WZUcFvgVXzAcWAxdtAxL
2020-06-19 13:28:34 DEBUG [MockBuilder.java:94] set tpprovince -> ZlrOOvtNyxEKkclbTsGP
2020-06-19 13:28:34 DEBUG [MockBuilder.java:94] set thirdPartyAddress -> LegacyThirdPartyAddress [tpprovince=ZlrOOvtNyxEKkclbTsGP, tpcountry=wpTITmqgELQRXQeYtzOj, tpphone=rgEnZSjnnvRmgBPfsyEd, addressLine1=kiELHLZlBOzQMZRFLgFo, addressLine2=WZUcFvgVXzAcWAxdtAxL, accountNbr=gCytTQMUBknIDwItRvRh, billFlag=n, city=JdnxFZcSoxVysHHCvdNt, name=qwnyaZIGdJhjdCwzqgOt, name2=UuxWopzEPaVQvzaNdcsN, state=ha, zip=RXSlOHQgvYniJsXD]
2020-06-19 13:28:34 DEBUG [MockBuilder.java:94] set dates -> null
2020-06-19 13:28:34 DEBUG [MockBuilder.java:94] set lines -> null
2020-06-19 13:28:34 DEBUG [MockHelper.java:99] EdiOrderHeader [legacyOrderNumber=null, acctContact=avCqdOTUKCYmoMBykZqY, acknowlegeOrdInd=B, addrKey=911220, agreementNumber=TidmioxfIRjOYUj, assignedAgent=tSiJNjFK, authRep=OLGiRDtMDrgSqerPbjoJ, authorizationNo=JSTLqqpUEO, beg=WbaFD, billToState=JV, billToStore=tJVzDXFKJJ, bsStoreNbr=lBGgBoJgvY, cancelDateQualifier=tiR, carrierCode=hS, cbCutLength=4792456.088602782, chngLid=SAJaryir, chngTimestamp=1970-01-01T01:36:39, commCust=RFfHSbN, consStatusMsg=KDJpxiAkLqeFrrIMsRXd, contractUsageInd=D, crossDockCenter=CejvBohzfQ, custDept=MFMdo, custPmtMeth=cnFopAzMpKJOHnEGFYQt, custSpInst=XLAORmaYxyQErJKutHHD, custWhNbr=utoR, customerCode=lW, custNbr=uwZyquF, customerRefNbr=Qli, customerSidemark=ryrBwPnqqxskwdToLfKH, deliveryDate=1988-06-17, delvCutOffDt=1976-12-20, divDesc=vwzyIUdFNNzrDAxDOTXU, dunsNbr=rMiZABsdiAPKLtv, errorCode=vmM, errorDescription=KbucwoJDQNnQQEzrfaRy, errorTimestamp=1970-01-01T02:27:18, eventInfo=xhqMUqNYlKOxTEX, explodeFlag=n, fobPoint=TQ, frtCode=E, giftMessage1=XjXfkfXIafLKukxIeZlr, giftMessage2=VokTRtEcimuaErIJwOFL, hostAlertFlag=e, inputMethod=aZBQIUVKZm, markForStore=FTtWJNcsBK, mediaEventCode=ET, nbDate=1971-06-24, newStoreInd=z, noAsnFlag=v, ohCancelDateValue=1973-12-10, ohStatusCode=o, onNote=hOZeJRcxxdSWxtmPlynL, onlineType=N, orderDate=1979-08-05, orderLoc=01, orderMerCost=306630.4472444102, shawOrderNumber=LpzXel, orderRetHand=9500454.15798488, orderRetSh=928973.9656307567, orderRetTax=6465563.596665841, orderRetTotal=2980761.2539146817, orderType=S, orderTypeDesc=SAMPLES, orderWeight=6120318.731858672, orderingSystem=rH, phoneNumber=twYGkNenLuX, poControl=IcfGM, poDateValue=1978-05-03, poDateQualifier=MaD, poNumber=RdZrSkeUtukLVuGYfsJq, poQual=tx, poType=GfShV, poTypeSuffix=iXzQSKtPcZ, psMsg=rGhwIDBlkyimMAeviKUB, purchasedBy=JiPTMuOCDUbomRUuUPtO, rcdCode=G, receivedTimestamp=1970-01-01T01:02:36, refTcNbr=wWpKwcAgfCddzDZuRtTm, reserveOrderInd=Y, returnMsg=hmPAStOYZkHSKMwDEfPQ, routeByDate=1971-12-25, salesCheckNumber=OFXWuyWlRxiJBzXRTTgJ, salesReqCode=Wu, sellCo=zb, seqNbr=593048, shipByCutOffDt=1992-01-15, shipByDate=1996-09-15, shipCancelDate=1986-05-20, shipComplete=p, shipDateValue=1985-09-15, shipDateQualifier=aDI, shipInstruction=lbIdKiduvXSYUAiRTQuU, shipPartCompInd=l, shipPt=ux, specialInstruct1=LzBNFGIUZGZeEcKsslZK, specialInstruct2=hTTLQElkzYjPtVQbssSV, specialInstruct3=xKYSxapjFdxEyTdqAjWL, specialInstruct4=VJXuXNiVNCBKEWjBNASp, specialPoNo=XYWFBmcDjKMMvirZwCNO, srvLevel=jT, statusCode=w, stdCarrAlphaInd=iJdW, storeName=aNUDXIAjFLvfBEtiSJBH, termsNetDays=Bun, termsTypeFlag=Xx, totalBindingFt=4904487.172893762, userId=BdmUWBXv, vendorNo=bgFDAEkrwHbebcH, wcStore=sDdxdvhhfM, consumerAddress=LegacyConsumerAddress [cprovince=FRUqvzfcNvStqRBWPtcg, ccountry=QrJjnbxarBuXzIWOdemL, cphone=rPpPYBtkmUxfyJoxJGvB, addressLine1=lcJrqQjUKhNuxzMYFqGJ, addressLine2=qEyGHIXwtcHRZrAZATCV, city=OMZVhvwWdKIgdbHDUAy, name=sExZabRVnVQFnLfDlXWD, consumerPoDateValue=1982-09-27, consumerShipFlg=b, state=Hi, zip=KyXgtOrai], shipToAddress=LegacyShipToAddress [addressLine1=gcAxkXbAoLOvUqNEOBEq, addressLine2=gqKBQsfQPVKNXHwYoGGR, city=fIqXZMcDDpiqyHkXrII, cnCity=IOorgZhrrNGjjVtoRAb, country=PoOOcsiqmVBnlStIlSv, custNbr=jxSrUBI, destCode=RJ, flag=619913, name=HQAnUuqLYnbfwybMQdor, phone=apBRdHPdfabcBUV, province=XqeWTYKlPhuqWbJWJKQ, state=xn, store=RQhvWntahr, truncFlag=v, zip=xOFNTnaDFlT], thirdPartyAddress=LegacyThirdPartyAddress [tpprovince=ZlrOOvtNyxEKkclbTsGP, tpcountry=wpTITmqgELQRXQeYtzOj, tpphone=rgEnZSjnnvRmgBPfsyEd, addressLine1=kiELHLZlBOzQMZRFLgFo, addressLine2=WZUcFvgVXzAcWAxdtAxL, accountNbr=gCytTQMUBknIDwItRvRh, billFlag=n, city=JdnxFZcSoxVysHHCvdNt, name=qwnyaZIGdJhjdCwzqgOt, name2=UuxWopzEPaVQvzaNdcsN, state=ha, zip=RXSlOHQgvYniJsXD], dates=null, lines=null]
Hibernate: call next value for SHXP.EDI_ORDER_NBR
Hibernate: insert into EDI_ORDER_HEADER (ACCT_CONTACT, ACKNOWLEGE_ORD_IND, ADDR_KEY, AGREEMENT_NUMBER, ASSIGNED_AGENT, AUTH_REP, AUTHORIZATION_NO, beg, BILL_TO_STATE, BILL_TO_STORE, BS_STORE_NBR, CANCEL_DATE_QUAL, CARRIER_CODE, CB_CUT_LENGTH, CHNG_LID, CHNG_TIMESTAMP, COMM_CUST, CONS_STATUS_MSG, CONSUMER_ADDRESS, CONSUMER_ADDRESS_2, CONSUMER_CITY, CONSUMER_PO_DATE, CONSUMER_SHIP_FLG, CONSUMER_NAME, CONSUMER_STATE, CONSUMER_ZIP, CONTRACT_USAGE_IND, CROSS_DOCK_CENTER, CUST_DEPT, CUSTOMER_NUMBER, CUST_PMT_METH, CUST_SP_INST, CUST_WH_NBR, CUSTOMER_CODE, CUSTOMER_REF_NBR, CUSTOMER_SIDEMARK, DELIVERY_DATE, DELV_CUT_OFF_DT, DIV_DESC, DUNS_NBR, ERROR_CODE, ERROR_DESCRIPTION, ERROR_TIMESTAMP, EVENT_INFO, EXPLODE_FLAG, FOB_POINT, FRT_CODE, GIFT_MESSAGE_1, GIFT_MESSAGE_2, HOST_ALERT_FLAG, INPUT_METHOD, MARK_FOR_STORE, MEDIA_EVENT_CODE, NB_DATE, NEW_STORE_IND, NO_ASN_FLAG, OH_CANCEL_DATE, OH_STATUS_CODE, ON_NOTE, ONLINE_TYPE, ORDER_DATE, ORDER_LOC, ORDER_MER_COST, ORDER_RET_HAND, ORDER_RET_SH, ORDER_RET_TAX, ORDER_RET_TOTAL, ORDER_TYPE, ORDER_TYPE_DESC, ORDER_WEIGHT, ORDERING_SYSTEM, PHONE_NUMBER, PO_CONTROL, PO_DATE_QUAL, PO_DATE, PO_NUMBER, PO_QUAL, PO_TYPE, PO_TYPE_SUFFIX, PS_MSG, PURCHASED_BY, RCD_CODE, RECEIVED_TIMESTAMP, REF_TC_NBR, RESERVE_ORDER_IND, RETURN_MSG, ROUTE_BY_DATE, SALES_CHECK_NUMBER, SALES_REQ_CODE, SELL_CO, SEQ_NBR, ORDER_NUMBER, SHIP_BY_CUT_OFF_DT, SHIP_BY_DATE, SHIP_CANCEL_DATE, SHIP_COMPLETE, SHIP_DATE_QUAL, SHIP_DATE, SHIP_INSTRUCTION, SHIP_PART_COMP_IND, SHIP_PT, SHIP_TO_ADDRESS_1, SHIP_TO_ADDRESS_2, SHIP_TO_CITY, SHIP_TO_CN_CITY, SHIP_TO_COUNTRY, SHIP_TO_CUST_NBR, SHIP_TO_DEST_COD, SHIP_TO_FLAG, SHIP_TO_NAME, SHIP_TO_PHONE, SHIP_TO_PROVENCE, SHIP_TO_STATE, SHIP_TO_STORE, SHIP_TO_TRUNC_FLG, SHIP_TO_ZIP, SPECIAL_INSTRUCT_1, SPECIAL_INSTRUCT_2, SPECIAL_INSTRUCT_3, SPECIAL_INSTRUCT_4, SPECIAL_PO_NO, SRV_LEVEL, STATUS_CODE, STD_CARR_ALPHA_IND, STORE_NAME, TERMS_NET_DAYS, TERMS_TYPE_FLAG, THIRD_PARTY_ACCT_NBR, THIRD_PARTY_ADDR_1, THIRD_PARTY_ADDR_2, THIRD_PARTY_BILL_FLAG, THIRD_PARTY_CITY, THIRD_PARTY_NAME, THIRD_PARTY_NAME_2, THIRD_PARTY_STATE, THIRD_PARTY_ZIP, TOTAL_BINDING_FT, USER_ID, VENDOR_NO, WC_STORE, EDI_ORDER_NUMBER) values (?, ?, ?, ?, ?, ?, ?, ?, ?, ?, ?, ?, ?, ?, ?, ?, ?, ?, ?, ?, ?, ?, ?, ?, ?, ?, ?, ?, ?, ?, ?, ?, ?, ?, ?, ?, ?, ?, ?, ?, ?, ?, ?, ?, ?, ?, ?, ?, ?, ?, ?, ?, ?, ?, ?, ?, ?, ?, ?, ?, ?, ?, ?, ?, ?, ?, ?, ?, ?, ?, ?, ?, ?, ?, ?, ?, ?, ?, ?, ?, ?, ?, ?, ?, ?, ?, ?, ?, ?, ?, ?, ?, ?, ?, ?, ?, ?, ?, ?, ?, ?, ?, ?, ?, ?, ?, ?, ?, ?, ?, ?, ?, ?, ?, ?, ?, ?, ?, ?, ?, ?, ?, ?, ?, ?, ?, ?, ?, ?, ?, ?, ?, ?, ?, ?, ?, ?, ?, ?, ?, ?)
2020-06-19 13:28:34 TRACE [BasicBinder.java:64] binding parameter [1] as [VARCHAR] - [avCqdOTUKCYmoMBykZqY]
2020-06-19 13:28:34 TRACE [BasicBinder.java:64] binding parameter [2] as [VARCHAR] - [B]
2020-06-19 13:28:34 TRACE [BasicBinder.java:64] binding parameter [3] as [INTEGER] - [911220]
2020-06-19 13:28:34 TRACE [BasicBinder.java:64] binding parameter [4] as [VARCHAR] - [TidmioxfIRjOYUj]
2020-06-19 13:28:34 TRACE [BasicBinder.java:64] binding parameter [5] as [VARCHAR] - [tSiJNjFK]
2020-06-19 13:28:34 TRACE [BasicBinder.java:64] binding parameter [6] as [VARCHAR] - [OLGiRDtMDrgSqerPbjoJ]
2020-06-19 13:28:34 TRACE [BasicBinder.java:64] binding parameter [7] as [VARCHAR] - [JSTLqqpUEO]
2020-06-19 13:28:34 TRACE [BasicBinder.java:64] binding parameter [8] as [VARCHAR] - [WbaFD]
2020-06-19 13:28:34 TRACE [BasicBinder.java:64] binding parameter [9] as [VARCHAR] - [JV]
2020-06-19 13:28:34 TRACE [BasicBinder.java:64] binding parameter [10] as [VARCHAR] - [tJVzDXFKJJ]
2020-06-19 13:28:34 TRACE [BasicBinder.java:64] binding parameter [11] as [VARCHAR] - [lBGgBoJgvY]
2020-06-19 13:28:34 TRACE [BasicBinder.java:64] binding parameter [12] as [VARCHAR] - [tiR]
2020-06-19 13:28:34 TRACE [BasicBinder.java:64] binding parameter [13] as [VARCHAR] - [hS]
2020-06-19 13:28:34 TRACE [BasicBinder.java:64] binding parameter [14] as [DOUBLE] - [4792456.088602782]
2020-06-19 13:28:34 TRACE [BasicBinder.java:64] binding parameter [15] as [VARCHAR] - [SAJaryir]
2020-06-19 13:28:34 TRACE [BasicBinder.java:64] binding parameter [16] as [TIMESTAMP] - [1970-01-01T01:36:39]
2020-06-19 13:28:34 TRACE [BasicBinder.java:64] binding parameter [17] as [VARCHAR] - [RFfHSbN]
2020-06-19 13:28:34 TRACE [BasicBinder.java:64] binding parameter [18] as [VARCHAR] - [KDJpxiAkLqeFrrIMsRXd]
2020-06-19 13:28:34 TRACE [BasicBinder.java:64] binding parameter [19] as [VARCHAR] - [lcJrqQjUKhNuxzMYFqGJ]
2020-06-19 13:28:34 TRACE [BasicBinder.java:64] binding parameter [20] as [VARCHAR] - [qEyGHIXwtcHRZrAZATCV]
2020-06-19 13:28:34 TRACE [BasicBinder.java:64] binding parameter [21] as [VARCHAR] - [OMZVhvwWdKIgdbHDUAy]
2020-06-19 13:28:34 TRACE [BasicBinder.java:64] binding parameter [22] as [DATE] - [1982-09-27]
2020-06-19 13:28:34 TRACE [BasicBinder.java:64] binding parameter [23] as [VARCHAR] - [b]
2020-06-19 13:28:34 TRACE [BasicBinder.java:64] binding parameter [24] as [VARCHAR] - [sExZabRVnVQFnLfDlXWD]
2020-06-19 13:28:34 TRACE [BasicBinder.java:64] binding parameter [25] as [VARCHAR] - [Hi]
2020-06-19 13:28:34 TRACE [BasicBinder.java:64] binding parameter [26] as [VARCHAR] - [KyXgtOrai]
2020-06-19 13:28:34 TRACE [BasicBinder.java:64] binding parameter [27] as [VARCHAR] - [D]
2020-06-19 13:28:34 TRACE [BasicBinder.java:64] binding parameter [28] as [VARCHAR] - [CejvBohzfQ]
2020-06-19 13:28:34 TRACE [BasicBinder.java:64] binding parameter [29] as [VARCHAR] - [MFMdo]
2020-06-19 13:28:34 TRACE [BasicBinder.java:64] binding parameter [30] as [VARCHAR] - [uwZyquF]
2020-06-19 13:28:34 TRACE [BasicBinder.java:64] binding parameter [31] as [VARCHAR] - [cnFopAzMpKJOHnEGFYQt]
2020-06-19 13:28:34 TRACE [BasicBinder.java:64] binding parameter [32] as [VARCHAR] - [XLAORmaYxyQErJKutHHD]
2020-06-19 13:28:34 TRACE [BasicBinder.java:64] binding parameter [33] as [VARCHAR] - [utoR]
2020-06-19 13:28:34 TRACE [BasicBinder.java:64] binding parameter [34] as [VARCHAR] - [lW]
2020-06-19 13:28:34 TRACE [BasicBinder.java:64] binding parameter [35] as [VARCHAR] - [Qli]
2020-06-19 13:28:34 TRACE [BasicBinder.java:64] binding parameter [36] as [VARCHAR] - [ryrBwPnqqxskwdToLfKH]
2020-06-19 13:28:34 TRACE [BasicBinder.java:64] binding parameter [37] as [DATE] - [1988-06-17]
2020-06-19 13:28:34 TRACE [BasicBinder.java:64] binding parameter [38] as [DATE] - [1976-12-20]
2020-06-19 13:28:34 TRACE [BasicBinder.java:64] binding parameter [39] as [VARCHAR] - [vwzyIUdFNNzrDAxDOTXU]
2020-06-19 13:28:34 TRACE [BasicBinder.java:64] binding parameter [40] as [VARCHAR] - [rMiZABsdiAPKLtv]
2020-06-19 13:28:34 TRACE [BasicBinder.java:64] binding parameter [41] as [VARCHAR] - [vmM]
2020-06-19 13:28:34 TRACE [BasicBinder.java:64] binding parameter [42] as [VARCHAR] - [KbucwoJDQNnQQEzrfaRy]
2020-06-19 13:28:34 TRACE [BasicBinder.java:64] binding parameter [43] as [TIMESTAMP] - [1970-01-01T02:27:18]
2020-06-19 13:28:34 TRACE [BasicBinder.java:64] binding parameter [44] as [VARCHAR] - [xhqMUqNYlKOxTEX]
2020-06-19 13:28:34 TRACE [BasicBinder.java:64] binding parameter [45] as [VARCHAR] - [n]
2020-06-19 13:28:34 TRACE [BasicBinder.java:64] binding parameter [46] as [VARCHAR] - [TQ]
2020-06-19 13:28:34 TRACE [BasicBinder.java:64] binding parameter [47] as [VARCHAR] - [E]
2020-06-19 13:28:34 TRACE [BasicBinder.java:64] binding parameter [48] as [VARCHAR] - [XjXfkfXIafLKukxIeZlr]
2020-06-19 13:28:34 TRACE [BasicBinder.java:64] binding parameter [49] as [VARCHAR] - [VokTRtEcimuaErIJwOFL]
2020-06-19 13:28:34 TRACE [BasicBinder.java:64] binding parameter [50] as [VARCHAR] - [e]
2020-06-19 13:28:34 TRACE [BasicBinder.java:64] binding parameter [51] as [VARCHAR] - [aZBQIUVKZm]
2020-06-19 13:28:34 TRACE [BasicBinder.java:64] binding parameter [52] as [VARCHAR] - [FTtWJNcsBK]
2020-06-19 13:28:34 TRACE [BasicBinder.java:64] binding parameter [53] as [VARCHAR] - [ET]
2020-06-19 13:28:34 TRACE [BasicBinder.java:64] binding parameter [54] as [DATE] - [1971-06-24]
2020-06-19 13:28:34 TRACE [BasicBinder.java:64] binding parameter [55] as [VARCHAR] - [z]
2020-06-19 13:28:34 TRACE [BasicBinder.java:64] binding parameter [56] as [VARCHAR] - [v]
2020-06-19 13:28:34 TRACE [BasicBinder.java:64] binding parameter [57] as [DATE] - [1973-12-10]
2020-06-19 13:28:34 TRACE [BasicBinder.java:64] binding parameter [58] as [VARCHAR] - [o]
2020-06-19 13:28:34 TRACE [BasicBinder.java:64] binding parameter [59] as [VARCHAR] - [hOZeJRcxxdSWxtmPlynL]
2020-06-19 13:28:34 TRACE [BasicBinder.java:64] binding parameter [60] as [VARCHAR] - [N]
2020-06-19 13:28:34 TRACE [BasicBinder.java:64] binding parameter [61] as [DATE] - [1979-08-05]
2020-06-19 13:28:34 TRACE [BasicBinder.java:64] binding parameter [62] as [VARCHAR] - [01]
2020-06-19 13:28:34 TRACE [BasicBinder.java:64] binding parameter [63] as [DOUBLE] - [306630.4472444102]
2020-06-19 13:28:34 TRACE [BasicBinder.java:64] binding parameter [64] as [DOUBLE] - [9500454.15798488]
2020-06-19 13:28:34 TRACE [BasicBinder.java:64] binding parameter [65] as [DOUBLE] - [928973.9656307567]
2020-06-19 13:28:34 TRACE [BasicBinder.java:64] binding parameter [66] as [DOUBLE] - [6465563.596665841]
2020-06-19 13:28:34 TRACE [BasicBinder.java:64] binding parameter [67] as [DOUBLE] - [2980761.2539146817]
2020-06-19 13:28:34 TRACE [BasicBinder.java:64] binding parameter [68] as [VARCHAR] - [S]
2020-06-19 13:28:34 TRACE [BasicBinder.java:64] binding parameter [69] as [VARCHAR] - [SAMPLES]
2020-06-19 13:28:34 TRACE [BasicBinder.java:64] binding parameter [70] as [DOUBLE] - [6120318.731858672]
2020-06-19 13:28:34 TRACE [BasicBinder.java:64] binding parameter [71] as [VARCHAR] - [rH]
2020-06-19 13:28:34 TRACE [BasicBinder.java:64] binding parameter [72] as [VARCHAR] - [twYGkNenLuX]
2020-06-19 13:28:34 TRACE [BasicBinder.java:64] binding parameter [73] as [VARCHAR] - [IcfGM]
2020-06-19 13:28:34 TRACE [BasicBinder.java:64] binding parameter [74] as [VARCHAR] - [MaD]
2020-06-19 13:28:34 TRACE [BasicBinder.java:64] binding parameter [75] as [DATE] - [1978-05-03]
2020-06-19 13:28:34 TRACE [BasicBinder.java:64] binding parameter [76] as [VARCHAR] - [RdZrSkeUtukLVuGYfsJq]
2020-06-19 13:28:34 TRACE [BasicBinder.java:64] binding parameter [77] as [VARCHAR] - [tx]
2020-06-19 13:28:34 TRACE [BasicBinder.java:64] binding parameter [78] as [VARCHAR] - [GfShV]
2020-06-19 13:28:34 TRACE [BasicBinder.java:64] binding parameter [79] as [VARCHAR] - [iXzQSKtPcZ]
2020-06-19 13:28:34 TRACE [BasicBinder.java:64] binding parameter [80] as [VARCHAR] - [rGhwIDBlkyimMAeviKUB]
2020-06-19 13:28:34 TRACE [BasicBinder.java:64] binding parameter [81] as [VARCHAR] - [JiPTMuOCDUbomRUuUPtO]
2020-06-19 13:28:34 TRACE [BasicBinder.java:64] binding parameter [82] as [VARCHAR] - [G]
2020-06-19 13:28:34 TRACE [BasicBinder.java:64] binding parameter [83] as [TIMESTAMP] - [1970-01-01T01:02:36]
2020-06-19 13:28:34 TRACE [BasicBinder.java:64] binding parameter [84] as [VARCHAR] - [wWpKwcAgfCddzDZuRtTm]
2020-06-19 13:28:34 TRACE [BasicBinder.java:64] binding parameter [85] as [VARCHAR] - [Y]
2020-06-19 13:28:34 TRACE [BasicBinder.java:64] binding parameter [86] as [VARCHAR] - [hmPAStOYZkHSKMwDEfPQ]
2020-06-19 13:28:34 TRACE [BasicBinder.java:64] binding parameter [87] as [DATE] - [1971-12-25]
2020-06-19 13:28:34 TRACE [BasicBinder.java:64] binding parameter [88] as [VARCHAR] - [OFXWuyWlRxiJBzXRTTgJ]
2020-06-19 13:28:34 TRACE [BasicBinder.java:64] binding parameter [89] as [VARCHAR] - [Wu]
2020-06-19 13:28:34 TRACE [BasicBinder.java:64] binding parameter [90] as [VARCHAR] - [zb]
2020-06-19 13:28:34 TRACE [BasicBinder.java:64] binding parameter [91] as [INTEGER] - [593048]
2020-06-19 13:28:34 TRACE [BasicBinder.java:64] binding parameter [92] as [VARCHAR] - [LpzXel]
2020-06-19 13:28:34 TRACE [BasicBinder.java:64] binding parameter [93] as [DATE] - [1992-01-15]
2020-06-19 13:28:34 TRACE [BasicBinder.java:64] binding parameter [94] as [DATE] - [1996-09-15]
2020-06-19 13:28:34 TRACE [BasicBinder.java:64] binding parameter [95] as [DATE] - [1986-05-20]
2020-06-19 13:28:34 TRACE [BasicBinder.java:64] binding parameter [96] as [VARCHAR] - [p]
2020-06-19 13:28:34 TRACE [BasicBinder.java:64] binding parameter [97] as [VARCHAR] - [aDI]
2020-06-19 13:28:34 TRACE [BasicBinder.java:64] binding parameter [98] as [DATE] - [1985-09-15]
2020-06-19 13:28:34 TRACE [BasicBinder.java:64] binding parameter [99] as [VARCHAR] - [lbIdKiduvXSYUAiRTQuU]
2020-06-19 13:28:34 TRACE [BasicBinder.java:64] binding parameter [100] as [VARCHAR] - [l]
2020-06-19 13:28:34 TRACE [BasicBinder.java:64] binding parameter [101] as [VARCHAR] - [ux]
2020-06-19 13:28:34 TRACE [BasicBinder.java:64] binding parameter [102] as [VARCHAR] - [gcAxkXbAoLOvUqNEOBEq]
2020-06-19 13:28:34 TRACE [BasicBinder.java:64] binding parameter [103] as [VARCHAR] - [gqKBQsfQPVKNXHwYoGGR]
2020-06-19 13:28:34 TRACE [BasicBinder.java:64] binding parameter [104] as [VARCHAR] - [fIqXZMcDDpiqyHkXrII]
2020-06-19 13:28:34 TRACE [BasicBinder.java:64] binding parameter [105] as [VARCHAR] - [IOorgZhrrNGjjVtoRAb]
2020-06-19 13:28:34 TRACE [BasicBinder.java:64] binding parameter [106] as [VARCHAR] - [PoOOcsiqmVBnlStIlSv]
2020-06-19 13:28:34 TRACE [BasicBinder.java:64] binding parameter [107] as [VARCHAR] - [jxSrUBI]
2020-06-19 13:28:34 TRACE [BasicBinder.java:64] binding parameter [108] as [VARCHAR] - [RJ]
2020-06-19 13:28:34 TRACE [BasicBinder.java:64] binding parameter [109] as [INTEGER] - [619913]
2020-06-19 13:28:34 TRACE [BasicBinder.java:64] binding parameter [110] as [VARCHAR] - [HQAnUuqLYnbfwybMQdor]
2020-06-19 13:28:34 TRACE [BasicBinder.java:64] binding parameter [111] as [VARCHAR] - [apBRdHPdfabcBUV]
2020-06-19 13:28:34 TRACE [BasicBinder.java:64] binding parameter [112] as [VARCHAR] - [XqeWTYKlPhuqWbJWJKQ]
2020-06-19 13:28:34 TRACE [BasicBinder.java:64] binding parameter [113] as [VARCHAR] - [xn]
2020-06-19 13:28:34 TRACE [BasicBinder.java:64] binding parameter [114] as [VARCHAR] - [RQhvWntahr]
2020-06-19 13:28:34 TRACE [BasicBinder.java:64] binding parameter [115] as [VARCHAR] - [v]
2020-06-19 13:28:34 TRACE [BasicBinder.java:64] binding parameter [116] as [VARCHAR] - [xOFNTnaDFlT]
2020-06-19 13:28:34 TRACE [BasicBinder.java:64] binding parameter [117] as [VARCHAR] - [LzBNFGIUZGZeEcKsslZK]
2020-06-19 13:28:34 TRACE [BasicBinder.java:64] binding parameter [118] as [VARCHAR] - [hTTLQElkzYjPtVQbssSV]
2020-06-19 13:28:34 TRACE [BasicBinder.java:64] binding parameter [119] as [VARCHAR] - [xKYSxapjFdxEyTdqAjWL]
2020-06-19 13:28:34 TRACE [BasicBinder.java:64] binding parameter [120] as [VARCHAR] - [VJXuXNiVNCBKEWjBNASp]
2020-06-19 13:28:34 TRACE [BasicBinder.java:64] binding parameter [121] as [VARCHAR] - [XYWFBmcDjKMMvirZwCNO]
2020-06-19 13:28:34 TRACE [BasicBinder.java:64] binding parameter [122] as [VARCHAR] - [jT]
2020-06-19 13:28:34 TRACE [BasicBinder.java:64] binding parameter [123] as [VARCHAR] - [w]
2020-06-19 13:28:34 TRACE [BasicBinder.java:64] binding parameter [124] as [VARCHAR] - [iJdW]
2020-06-19 13:28:34 TRACE [BasicBinder.java:64] binding parameter [125] as [VARCHAR] - [aNUDXIAjFLvfBEtiSJBH]
2020-06-19 13:28:34 TRACE [BasicBinder.java:64] binding parameter [126] as [VARCHAR] - [Bun]
2020-06-19 13:28:34 TRACE [BasicBinder.java:64] binding parameter [127] as [VARCHAR] - [Xx]
2020-06-19 13:28:34 TRACE [BasicBinder.java:64] binding parameter [128] as [VARCHAR] - [gCytTQMUBknIDwItRvRh]
2020-06-19 13:28:34 TRACE [BasicBinder.java:64] binding parameter [129] as [VARCHAR] - [kiELHLZlBOzQMZRFLgFo]
2020-06-19 13:28:34 TRACE [BasicBinder.java:64] binding parameter [130] as [VARCHAR] - [WZUcFvgVXzAcWAxdtAxL]
2020-06-19 13:28:34 TRACE [BasicBinder.java:64] binding parameter [131] as [VARCHAR] - [n]
2020-06-19 13:28:34 TRACE [BasicBinder.java:64] binding parameter [132] as [VARCHAR] - [JdnxFZcSoxVysHHCvdNt]
2020-06-19 13:28:34 TRACE [BasicBinder.java:64] binding parameter [133] as [VARCHAR] - [qwnyaZIGdJhjdCwzqgOt]
2020-06-19 13:28:34 TRACE [BasicBinder.java:64] binding parameter [134] as [VARCHAR] - [UuxWopzEPaVQvzaNdcsN]
2020-06-19 13:28:34 TRACE [BasicBinder.java:64] binding parameter [135] as [VARCHAR] - [ha]
2020-06-19 13:28:34 TRACE [BasicBinder.java:64] binding parameter [136] as [VARCHAR] - [RXSlOHQgvYniJsXD]
2020-06-19 13:28:34 TRACE [BasicBinder.java:64] binding parameter [137] as [DOUBLE] - [4904487.172893762]
2020-06-19 13:28:34 TRACE [BasicBinder.java:64] binding parameter [138] as [VARCHAR] - [BdmUWBXv]
2020-06-19 13:28:34 TRACE [BasicBinder.java:64] binding parameter [139] as [VARCHAR] - [bgFDAEkrwHbebcH]
2020-06-19 13:28:34 TRACE [BasicBinder.java:64] binding parameter [140] as [VARCHAR] - [sDdxdvhhfM]
2020-06-19 13:28:34 TRACE [BasicBinder.java:64] binding parameter [141] as [BIGINT] - [34]
2020-06-19 13:28:34 DEBUG [MockBuilder.java:94] set eventInfo -> iUPOercKUirzAYi
2020-06-19 13:28:34 DEBUG [MockBuilder.java:94] set storeName -> iHmewPSnZLuvpBWMAqsf
2020-06-19 13:28:34 DEBUG [MockBuilder.java:94] set purchasedBy -> xYvakAdGrDHEdwBxyWhS
2020-06-19 13:28:34 DEBUG [MockBuilder.java:94] set orderingSystem -> WX
2020-06-19 13:28:34 DEBUG [MockBuilder.java:94] set phone -> DHpSlaKldZtNnIi
2020-06-19 13:28:34 DEBUG [MockBuilder.java:94] set explodeFlag -> O
2020-06-19 13:28:34 DEBUG [MockBuilder.java:94] set shipComplete -> r
2020-06-19 13:28:34 DEBUG [MockBuilder.java:94] set phoneNumber -> ddqlzozyTOZ
2020-06-19 13:28:34 DEBUG [MockBuilder.java:94] set province -> YkeGzyfkmsbfFFkyhDu
2020-06-19 13:28:34 DEBUG [MockBuilder.java:94] set shipPartCompInd -> z
2020-06-19 13:28:34 DEBUG [MockBuilder.java:94] set fobPoint -> zp
2020-06-19 13:28:34 DEBUG [MockBuilder.java:94] set poControl -> fpRNu
2020-06-19 13:28:34 DEBUG [MockBuilder.java:94] set shipDateValue -> 1985-12-25
2020-06-19 13:28:34 DEBUG [MockBuilder.java:94] set shipByCutOffDt -> 1982-09-03
2020-06-19 13:28:34 DEBUG [MockBuilder.java:94] set shipPt -> CE
2020-06-19 13:28:34 DEBUG [MockBuilder.java:94] set frtCode -> G
2020-06-19 13:28:34 DEBUG [MockBuilder.java:94] set termsNetDays -> lrH
2020-06-19 13:28:34 DEBUG [MockBuilder.java:94] set shipDateQualifier -> atW
2020-06-19 13:28:34 DEBUG [MockBuilder.java:94] set specialInstruct1 -> ACWHutjMsYiClDxQTMWo
2020-06-19 13:28:34 DEBUG [MockBuilder.java:94] set giftMessage1 -> SOyVdJlZhonBaOaggHdx
2020-06-19 13:28:34 DEBUG [MockBuilder.java:94] set shipByDate -> 1971-03-16
2020-06-19 13:28:34 DEBUG [MockBuilder.java:94] set shipInstruction -> zCbbPYPOOsjYWykPDUfA
2020-06-19 13:28:34 DEBUG [MockBuilder.java:94] set rcdCode -> W
2020-06-19 13:28:34 DEBUG [MockBuilder.java:94] set name -> SohMDqmjDdzNDyxGUuzY
2020-06-19 13:28:34 DEBUG [MockBuilder.java:94] set giftMessage2 -> NRhrHDccmtRkIZznqnrM
2020-06-19 13:28:34 DEBUG [MockBuilder.java:94] set poDateValue -> 1976-06-29
2020-06-19 13:28:34 DEBUG [MockBuilder.java:94] set shipCancelDate -> 1979-01-18
2020-06-19 13:28:34 DEBUG [MockBuilder.java:94] set termsTypeFlag -> QT
2020-06-19 13:28:34 DEBUG [MockBuilder.java:94] set hostAlertFlag -> I
2020-06-19 13:28:34 DEBUG [MockBuilder.java:94] set specialInstruct2 -> ZaWAHCtaxYgwODWlAwed
2020-06-19 13:28:34 DEBUG [MockBuilder.java:94] set flag -> 689271
2020-06-19 13:28:34 DEBUG [MockBuilder.java:94] set dunsNbr -> PWSMWQkNhyZgWUN
2020-06-19 13:28:34 DEBUG [MockBuilder.java:94] set receivedTimestamp -> 1970-01-01T01:02:56
2020-06-19 13:28:34 DEBUG [MockBuilder.java:94] set totalBindingFt -> 5297041.049284472
2020-06-19 13:28:34 DEBUG [MockBuilder.java:94] set errorCode -> hzu
2020-06-19 13:28:34 DEBUG [MockBuilder.java:94] set salesCheckNumber -> tlpSmOHHSDKRFHiYpnHV
2020-06-19 13:28:34 DEBUG [MockBuilder.java:94] set truncFlag -> u
2020-06-19 13:28:34 DEBUG [MockBuilder.java:94] set specialInstruct3 -> dXaiBqnkDCmZXRzthQpl
2020-06-19 13:28:34 DEBUG [MockBuilder.java:94] set srvLevel -> Yr
2020-06-19 13:28:34 DEBUG [MockBuilder.java:94] set errorDescription -> iTuVDjobFokOJSPmpAvo
2020-06-19 13:28:34 DEBUG [MockBuilder.java:94] set specialInstruct4 -> lnItlmJaXZjTiJXxUbiw
2020-06-19 13:28:34 DEBUG [MockBuilder.java:94] set statusCode -> K
2020-06-19 13:28:34 DEBUG [MockBuilder.java:94] set zip -> ZnbJJyNZCpE
2020-06-19 13:28:34 DEBUG [MockBuilder.java:94] set reserveOrderInd -> H
2020-06-19 13:28:34 DEBUG [MockBuilder.java:94] set poDateQualifier -> jOt
2020-06-19 13:28:34 DEBUG [MockBuilder.java:94] set stdCarrAlphaInd -> wtyO
2020-06-19 13:28:34 DEBUG [MockBuilder.java:94] set refTcNbr -> dgZgfGiGbLUopDeXIhta
2020-06-19 13:28:34 DEBUG [MockBuilder.java:94] set salesReqCode -> WI
2020-06-19 13:28:34 DEBUG [MockBuilder.java:94] set returnMsg -> pjKdOcdPckmviSIbyRIY
2020-06-19 13:28:34 DEBUG [MockBuilder.java:94] set errorTimestamp -> 1970-01-01T02:24:13
2020-06-19 13:28:34 DEBUG [MockBuilder.java:94] set poNumber -> MsFHDNQXfxJTxmWiNdxH
2020-06-19 13:28:34 DEBUG [MockBuilder.java:94] set specialPoNo -> cNebGWVLHARiBICUjSdA
2020-06-19 13:28:34 DEBUG [MockBuilder.java:94] set sellCo -> PD
2020-06-19 13:28:34 DEBUG [MockBuilder.java:94] set poType -> zaFXl
2020-06-19 13:28:34 DEBUG [MockBuilder.java:94] set routeByDate -> 1971-12-28
2020-06-19 13:28:34 DEBUG [MockBuilder.java:94] set poQual -> dM
2020-06-19 13:28:34 DEBUG [MockBuilder.java:94] set store -> GwClvTTyWM
2020-06-19 13:28:34 DEBUG [MockBuilder.java:94] set deliveryDate -> 1985-06-20
2020-06-19 13:28:34 DEBUG [MockBuilder.java:94] set consStatusMsg -> hgQhxDPwGgTrInZDoIgO
2020-06-19 13:28:34 DEBUG [MockBuilder.java:94] set beg -> ydEia
2020-06-19 13:28:34 DEBUG [MockBuilder.java:94] set seqNbr -> 425665
2020-06-19 13:28:34 DEBUG [MockBuilder.java:94] set orderRetTotal -> 8033232.385513888
2020-06-19 13:28:34 DEBUG [MockBuilder.java:94] set contractUsageInd -> n
2020-06-19 13:28:34 DEBUG [MockBuilder.java:94] set billToState -> es
2020-06-19 13:28:34 DEBUG [MockBuilder.java:94] set poTypeSuffix -> GXjieXBjJH
2020-06-19 13:28:34 DEBUG [MockBuilder.java:94] set orderType -> C
2020-06-19 13:28:34 DEBUG [MockBuilder.java:94] set delvCutOffDt -> 1995-10-29
2020-06-19 13:28:34 DEBUG [MockBuilder.java:94] set agreementNumber -> ieUTatTBgwanpvi
2020-06-19 13:28:34 DEBUG [MockBuilder.java:94] set crossDockCenter -> dAbGvofyUC
2020-06-19 13:28:34 DEBUG [MockBuilder.java:94] set orderTypeDesc -> dVbpxlYOJDEuGUU
2020-06-19 13:28:34 DEBUG [MockBuilder.java:94] set billToStore -> gGPnofAjVJ
2020-06-19 13:28:34 DEBUG [MockBuilder.java:94] set divDesc -> sRpIenuoOEocnxIIvEyA
2020-06-19 13:28:34 DEBUG [MockBuilder.java:94] set state -> xC
2020-06-19 13:28:34 DEBUG [MockBuilder.java:94] set orderWeight -> 191730.19807537418
2020-06-19 13:28:34 DEBUG [MockBuilder.java:94] set custDept -> AJFxV
2020-06-19 13:28:34 DEBUG [MockBuilder.java:94] set bsStoreNbr -> qkYwJNzOXw
2020-06-19 13:28:34 DEBUG [MockBuilder.java:94] set ohStatusCode -> d
2020-06-19 13:28:34 DEBUG [MockBuilder.java:94] set psMsg -> XFtEIeEYNpjzYBbnASVX
2020-06-19 13:28:34 DEBUG [MockBuilder.java:94] set orderRetHand -> 8664982.786443366
2020-06-19 13:28:34 DEBUG [MockBuilder.java:94] set cancelDateQualifier -> TXF
2020-06-19 13:28:34 DEBUG [MockBuilder.java:94] set onNote -> phEpquoEdUPxqkDZvyYD
2020-06-19 13:28:34 DEBUG [MockBuilder.java:94] set chngLid -> zwRzgbLf
2020-06-19 13:28:34 DEBUG [MockBuilder.java:94] set country -> PKQvWcvMslfxqKdLwYJ
2020-06-19 13:28:34 DEBUG [MockBuilder.java:94] set userId -> gLgCMgid
2020-06-19 13:28:34 DEBUG [MockBuilder.java:94] set assignedAgent -> tKgCIRax
2020-06-19 13:28:34 DEBUG [MockBuilder.java:94] set onlineType -> N
2020-06-19 13:28:34 DEBUG [MockBuilder.java:94] set chngTimestamp -> 1970-01-01T02:29:53
2020-06-19 13:28:34 DEBUG [MockBuilder.java:94] set orderRetSh -> 8355912.563181315
2020-06-19 13:28:34 DEBUG [MockBuilder.java:94] set vendorNo -> wgKgoWYQrubsUYT
2020-06-19 13:28:34 DEBUG [MockBuilder.java:94] set authRep -> QcqbjMlBNTkeWhDkcBdY
2020-06-19 13:28:34 DEBUG [MockBuilder.java:94] set orderDate -> 1977-06-05
2020-06-19 13:28:34 DEBUG [MockBuilder.java:94] set wcStore -> qAvVWPKasi
2020-06-19 13:28:34 DEBUG [MockBuilder.java:94] set commCust -> JfCAnHz
2020-06-19 13:28:34 DEBUG [MockBuilder.java:94] set carrierCode -> oV
2020-06-19 13:28:34 DEBUG [MockBuilder.java:94] set authorizationNo -> JmMBElSBQN
2020-06-19 13:28:34 DEBUG [MockBuilder.java:94] set cnCity -> gHhxhlRHTArNztwTfRS
2020-06-19 13:28:34 DEBUG [MockBuilder.java:94] set orderLoc -> qY
2020-06-19 13:28:34 DEBUG [MockBuilder.java:94] set orderRetTax -> 2798881.3688676152
2020-06-19 13:28:34 DEBUG [MockBuilder.java:94] set acctContact -> XagOmLLRbdJpKMmvqDXk
2020-06-19 13:28:34 DEBUG [MockBuilder.java:94] set customerCode -> Wl
2020-06-19 13:28:34 DEBUG [MockBuilder.java:94] set name -> wQTTTHamCxsHSpBGbQgw
2020-06-19 13:28:34 DEBUG [MockBuilder.java:94] set acknowlegeOrdInd -> l
2020-06-19 13:28:34 DEBUG [MockBuilder.java:94] set custPmtMeth -> YwoAYAZqFuuecYDnoEil
2020-06-19 13:28:34 DEBUG [MockBuilder.java:94] set cbCutLength -> 1239471.3380832598
2020-06-19 13:28:34 DEBUG [MockBuilder.java:94] set custNbr -> vCrJNOF
2020-06-19 13:28:34 DEBUG [MockBuilder.java:94] set addrKey -> 576932
2020-06-19 13:28:34 DEBUG [MockBuilder.java:94] set orderMerCost -> 439166.46492031583
2020-06-19 13:28:34 DEBUG [MockBuilder.java:94] set destCode -> wJ
2020-06-19 13:28:34 DEBUG [MockBuilder.java:94] set inputMethod -> QvzZXtWfIG
2020-06-19 13:28:34 DEBUG [MockBuilder.java:94] set consumerPoDateValue -> 1995-08-15
2020-06-19 13:28:34 DEBUG [MockBuilder.java:94] set shawOrderNumber -> ISLHSx
2020-06-19 13:28:34 DEBUG [MockBuilder.java:94] set customerRefNbr -> Doe
2020-06-19 13:28:34 DEBUG [MockBuilder.java:94] set custSpInst -> DFiVNFfEleIaXFkoRybR
2020-06-19 13:28:34 DEBUG [MockBuilder.java:94] set custNbr -> LYcMEps
2020-06-19 13:28:34 DEBUG [MockBuilder.java:94] set markForStore -> YUABqetwlU
2020-06-19 13:28:34 DEBUG [MockBuilder.java:94] set addressLine2 -> khvVOOAQXhMCpphqHqtq
2020-06-19 13:28:34 DEBUG [MockBuilder.java:94] set customerSidemark -> gmFKnpzdVLtVsosThoWR
2020-06-19 13:28:34 DEBUG [MockBuilder.java:94] set custWhNbr -> QrjW
2020-06-19 13:28:34 DEBUG [MockBuilder.java:94] set city -> mkuVfrJBCNktOPVtTDE
2020-06-19 13:28:34 DEBUG [MockBuilder.java:94] set mediaEventCode -> KD
2020-06-19 13:28:34 DEBUG [MockBuilder.java:94] set city -> tyTxGlefjVpeffPVjve
2020-06-19 13:28:34 DEBUG [MockBuilder.java:94] set addressLine1 -> lFHLdXrKROSipTlAkzKK
2020-06-19 13:28:34 DEBUG [MockBuilder.java:94] set ccountry -> oBncVdVSFGgqCgSeYvEk
2020-06-19 13:28:34 DEBUG [MockBuilder.java:94] set consumerShipFlg -> P
2020-06-19 13:28:34 DEBUG [MockBuilder.java:94] set addressLine2 -> BvcCQgpNmxArnsiXYIAR
2020-06-19 13:28:34 DEBUG [MockBuilder.java:94] set nbDate -> 1992-08-04
2020-06-19 13:28:34 DEBUG [MockBuilder.java:94] set cprovince -> tWVSgiuxQDweuviHeGKF
2020-06-19 13:28:34 DEBUG [MockBuilder.java:94] set cphone -> HwmvrTIOdguXutWyOmYW
2020-06-19 13:28:34 DEBUG [MockBuilder.java:94] set shipToAddress -> LegacyShipToAddress [addressLine1=lFHLdXrKROSipTlAkzKK, addressLine2=khvVOOAQXhMCpphqHqtq, city=tyTxGlefjVpeffPVjve, cnCity=gHhxhlRHTArNztwTfRS, country=PKQvWcvMslfxqKdLwYJ, custNbr=LYcMEps, destCode=wJ, flag=689271, name=SohMDqmjDdzNDyxGUuzY, phone=DHpSlaKldZtNnIi, province=YkeGzyfkmsbfFFkyhDu, state=xC, store=GwClvTTyWM, truncFlag=u, zip=ZnbJJyNZCpE]
2020-06-19 13:28:34 DEBUG [MockBuilder.java:94] set zip -> kqYTTITyz
2020-06-19 13:28:34 DEBUG [MockBuilder.java:94] set state -> tg
2020-06-19 13:28:34 DEBUG [MockBuilder.java:94] set addressLine1 -> xJiWJRyneXKbxqsvAAGr
2020-06-19 13:28:34 DEBUG [MockBuilder.java:94] set newStoreInd -> j
2020-06-19 13:28:34 DEBUG [MockBuilder.java:94] set noAsnFlag -> z
2020-06-19 13:28:34 DEBUG [MockBuilder.java:94] set consumerAddress -> LegacyConsumerAddress [cprovince=tWVSgiuxQDweuviHeGKF, ccountry=oBncVdVSFGgqCgSeYvEk, cphone=HwmvrTIOdguXutWyOmYW, addressLine1=xJiWJRyneXKbxqsvAAGr, addressLine2=BvcCQgpNmxArnsiXYIAR, city=mkuVfrJBCNktOPVtTDE, name=wQTTTHamCxsHSpBGbQgw, consumerPoDateValue=1995-08-15, consumerShipFlg=P, state=tg, zip=kqYTTITyz]
2020-06-19 13:28:34 DEBUG [MockBuilder.java:94] set ohCancelDateValue -> 1986-04-22
2020-06-19 13:28:34 DEBUG [MockBuilder.java:94] set addressLine1 -> YDNgkvvztLVcTvKkCBhc
2020-06-19 13:28:34 DEBUG [MockBuilder.java:94] set tpcountry -> JgAeieiYddLKucpZFSih
2020-06-19 13:28:34 DEBUG [MockBuilder.java:94] set billFlag -> i
2020-06-19 13:28:34 DEBUG [MockBuilder.java:94] set state -> ZI
2020-06-19 13:28:34 DEBUG [MockBuilder.java:94] set accountNbr -> avHsxhawcQiYtswphKDe
2020-06-19 13:28:34 DEBUG [MockBuilder.java:94] set addressLine2 -> KJKYmbYLRHYtMZvboRhP
2020-06-19 13:28:34 DEBUG [MockBuilder.java:94] set name -> CUmAhfylGVtrRuwCbBGE
2020-06-19 13:28:34 DEBUG [MockBuilder.java:94] set tpphone -> pPArjPugLpraKifNhDZG
2020-06-19 13:28:34 DEBUG [MockBuilder.java:94] set city -> wgZjXxdfIzihoLtGEkNE
2020-06-19 13:28:34 DEBUG [MockBuilder.java:94] set zip -> agAnEYVJoyDszeud
2020-06-19 13:28:34 DEBUG [MockBuilder.java:94] set name2 -> OVOERETaHrNWdWNOwNBt
2020-06-19 13:28:34 DEBUG [MockBuilder.java:94] set tpprovince -> iWyrynbvrDGnWyLvRbgl
2020-06-19 13:28:34 DEBUG [MockBuilder.java:94] set thirdPartyAddress -> LegacyThirdPartyAddress [tpprovince=iWyrynbvrDGnWyLvRbgl, tpcountry=JgAeieiYddLKucpZFSih, tpphone=pPArjPugLpraKifNhDZG, addressLine1=YDNgkvvztLVcTvKkCBhc, addressLine2=KJKYmbYLRHYtMZvboRhP, accountNbr=avHsxhawcQiYtswphKDe, billFlag=i, city=wgZjXxdfIzihoLtGEkNE, name=CUmAhfylGVtrRuwCbBGE, name2=OVOERETaHrNWdWNOwNBt, state=ZI, zip=agAnEYVJoyDszeud]
2020-06-19 13:28:34 DEBUG [MockBuilder.java:94] set dates -> null
2020-06-19 13:28:34 DEBUG [MockBuilder.java:94] set lines -> null
2020-06-19 13:28:34 DEBUG [MockHelper.java:99] EdiOrderHeader [legacyOrderNumber=null, acctContact=XagOmLLRbdJpKMmvqDXk, acknowlegeOrdInd=l, addrKey=576932, agreementNumber=ieUTatTBgwanpvi, assignedAgent=tKgCIRax, authRep=QcqbjMlBNTkeWhDkcBdY, authorizationNo=JmMBElSBQN, beg=ydEia, billToState=es, billToStore=gGPnofAjVJ, bsStoreNbr=qkYwJNzOXw, cancelDateQualifier=TXF, carrierCode=oV, cbCutLength=1239471.3380832598, chngLid=zwRzgbLf, chngTimestamp=1970-01-01T02:29:53, commCust=JfCAnHz, consStatusMsg=hgQhxDPwGgTrInZDoIgO, contractUsageInd=n, crossDockCenter=dAbGvofyUC, custDept=AJFxV, custPmtMeth=YwoAYAZqFuuecYDnoEil, custSpInst=DFiVNFfEleIaXFkoRybR, custWhNbr=QrjW, customerCode=Wl, custNbr=vCrJNOF, customerRefNbr=Doe, customerSidemark=gmFKnpzdVLtVsosThoWR, deliveryDate=1985-06-20, delvCutOffDt=1995-10-29, divDesc=sRpIenuoOEocnxIIvEyA, dunsNbr=PWSMWQkNhyZgWUN, errorCode=hzu, errorDescription=iTuVDjobFokOJSPmpAvo, errorTimestamp=1970-01-01T02:24:13, eventInfo=iUPOercKUirzAYi, explodeFlag=O, fobPoint=zp, frtCode=G, giftMessage1=SOyVdJlZhonBaOaggHdx, giftMessage2=NRhrHDccmtRkIZznqnrM, hostAlertFlag=I, inputMethod=QvzZXtWfIG, markForStore=YUABqetwlU, mediaEventCode=KD, nbDate=1992-08-04, newStoreInd=j, noAsnFlag=z, ohCancelDateValue=1986-04-22, ohStatusCode=d, onNote=phEpquoEdUPxqkDZvyYD, onlineType=N, orderDate=1977-06-05, orderLoc=01, orderMerCost=439166.46492031583, shawOrderNumber=ISLHSx, orderRetHand=8664982.786443366, orderRetSh=8355912.563181315, orderRetTax=2798881.3688676152, orderRetTotal=8033232.385513888, orderType=H, orderTypeDesc=HARDSURFACES, orderWeight=191730.19807537418, orderingSystem=WX, phoneNumber=ddqlzozyTOZ, poControl=fpRNu, poDateValue=1976-06-29, poDateQualifier=jOt, poNumber=MsFHDNQXfxJTxmWiNdxH, poQual=dM, poType=zaFXl, poTypeSuffix=GXjieXBjJH, psMsg=XFtEIeEYNpjzYBbnASVX, purchasedBy=xYvakAdGrDHEdwBxyWhS, rcdCode=W, receivedTimestamp=1970-01-01T01:02:56, refTcNbr=dgZgfGiGbLUopDeXIhta, reserveOrderInd=H, returnMsg=pjKdOcdPckmviSIbyRIY, routeByDate=1971-12-28, salesCheckNumber=tlpSmOHHSDKRFHiYpnHV, salesReqCode=WI, sellCo=PD, seqNbr=425665, shipByCutOffDt=1982-09-03, shipByDate=1971-03-16, shipCancelDate=1979-01-18, shipComplete=r, shipDateValue=1985-12-25, shipDateQualifier=atW, shipInstruction=zCbbPYPOOsjYWykPDUfA, shipPartCompInd=z, shipPt=CE, specialInstruct1=ACWHutjMsYiClDxQTMWo, specialInstruct2=ZaWAHCtaxYgwODWlAwed, specialInstruct3=dXaiBqnkDCmZXRzthQpl, specialInstruct4=lnItlmJaXZjTiJXxUbiw, specialPoNo=cNebGWVLHARiBICUjSdA, srvLevel=Yr, statusCode=K, stdCarrAlphaInd=wtyO, storeName=iHmewPSnZLuvpBWMAqsf, termsNetDays=lrH, termsTypeFlag=QT, totalBindingFt=5297041.049284472, userId=gLgCMgid, vendorNo=wgKgoWYQrubsUYT, wcStore=qAvVWPKasi, consumerAddress=LegacyConsumerAddress [cprovince=tWVSgiuxQDweuviHeGKF, ccountry=oBncVdVSFGgqCgSeYvEk, cphone=HwmvrTIOdguXutWyOmYW, addressLine1=xJiWJRyneXKbxqsvAAGr, addressLine2=BvcCQgpNmxArnsiXYIAR, city=mkuVfrJBCNktOPVtTDE, name=wQTTTHamCxsHSpBGbQgw, consumerPoDateValue=1995-08-15, consumerShipFlg=P, state=tg, zip=kqYTTITyz], shipToAddress=LegacyShipToAddress [addressLine1=lFHLdXrKROSipTlAkzKK, addressLine2=khvVOOAQXhMCpphqHqtq, city=tyTxGlefjVpeffPVjve, cnCity=gHhxhlRHTArNztwTfRS, country=PKQvWcvMslfxqKdLwYJ, custNbr=LYcMEps, destCode=wJ, flag=689271, name=SohMDqmjDdzNDyxGUuzY, phone=DHpSlaKldZtNnIi, province=YkeGzyfkmsbfFFkyhDu, state=xC, store=GwClvTTyWM, truncFlag=u, zip=ZnbJJyNZCpE], thirdPartyAddress=LegacyThirdPartyAddress [tpprovince=iWyrynbvrDGnWyLvRbgl, tpcountry=JgAeieiYddLKucpZFSih, tpphone=pPArjPugLpraKifNhDZG, addressLine1=YDNgkvvztLVcTvKkCBhc, addressLine2=KJKYmbYLRHYtMZvboRhP, accountNbr=avHsxhawcQiYtswphKDe, billFlag=i, city=wgZjXxdfIzihoLtGEkNE, name=CUmAhfylGVtrRuwCbBGE, name2=OVOERETaHrNWdWNOwNBt, state=ZI, zip=agAnEYVJoyDszeud], dates=null, lines=null]
Hibernate: call next value for SHXP.EDI_ORDER_NBR
Hibernate: insert into EDI_ORDER_HEADER (ACCT_CONTACT, ACKNOWLEGE_ORD_IND, ADDR_KEY, AGREEMENT_NUMBER, ASSIGNED_AGENT, AUTH_REP, AUTHORIZATION_NO, beg, BILL_TO_STATE, BILL_TO_STORE, BS_STORE_NBR, CANCEL_DATE_QUAL, CARRIER_CODE, CB_CUT_LENGTH, CHNG_LID, CHNG_TIMESTAMP, COMM_CUST, CONS_STATUS_MSG, CONSUMER_ADDRESS, CONSUMER_ADDRESS_2, CONSUMER_CITY, CONSUMER_PO_DATE, CONSUMER_SHIP_FLG, CONSUMER_NAME, CONSUMER_STATE, CONSUMER_ZIP, CONTRACT_USAGE_IND, CROSS_DOCK_CENTER, CUST_DEPT, CUSTOMER_NUMBER, CUST_PMT_METH, CUST_SP_INST, CUST_WH_NBR, CUSTOMER_CODE, CUSTOMER_REF_NBR, CUSTOMER_SIDEMARK, DELIVERY_DATE, DELV_CUT_OFF_DT, DIV_DESC, DUNS_NBR, ERROR_CODE, ERROR_DESCRIPTION, ERROR_TIMESTAMP, EVENT_INFO, EXPLODE_FLAG, FOB_POINT, FRT_CODE, GIFT_MESSAGE_1, GIFT_MESSAGE_2, HOST_ALERT_FLAG, INPUT_METHOD, MARK_FOR_STORE, MEDIA_EVENT_CODE, NB_DATE, NEW_STORE_IND, NO_ASN_FLAG, OH_CANCEL_DATE, OH_STATUS_CODE, ON_NOTE, ONLINE_TYPE, ORDER_DATE, ORDER_LOC, ORDER_MER_COST, ORDER_RET_HAND, ORDER_RET_SH, ORDER_RET_TAX, ORDER_RET_TOTAL, ORDER_TYPE, ORDER_TYPE_DESC, ORDER_WEIGHT, ORDERING_SYSTEM, PHONE_NUMBER, PO_CONTROL, PO_DATE_QUAL, PO_DATE, PO_NUMBER, PO_QUAL, PO_TYPE, PO_TYPE_SUFFIX, PS_MSG, PURCHASED_BY, RCD_CODE, RECEIVED_TIMESTAMP, REF_TC_NBR, RESERVE_ORDER_IND, RETURN_MSG, ROUTE_BY_DATE, SALES_CHECK_NUMBER, SALES_REQ_CODE, SELL_CO, SEQ_NBR, ORDER_NUMBER, SHIP_BY_CUT_OFF_DT, SHIP_BY_DATE, SHIP_CANCEL_DATE, SHIP_COMPLETE, SHIP_DATE_QUAL, SHIP_DATE, SHIP_INSTRUCTION, SHIP_PART_COMP_IND, SHIP_PT, SHIP_TO_ADDRESS_1, SHIP_TO_ADDRESS_2, SHIP_TO_CITY, SHIP_TO_CN_CITY, SHIP_TO_COUNTRY, SHIP_TO_CUST_NBR, SHIP_TO_DEST_COD, SHIP_TO_FLAG, SHIP_TO_NAME, SHIP_TO_PHONE, SHIP_TO_PROVENCE, SHIP_TO_STATE, SHIP_TO_STORE, SHIP_TO_TRUNC_FLG, SHIP_TO_ZIP, SPECIAL_INSTRUCT_1, SPECIAL_INSTRUCT_2, SPECIAL_INSTRUCT_3, SPECIAL_INSTRUCT_4, SPECIAL_PO_NO, SRV_LEVEL, STATUS_CODE, STD_CARR_ALPHA_IND, STORE_NAME, TERMS_NET_DAYS, TERMS_TYPE_FLAG, THIRD_PARTY_ACCT_NBR, THIRD_PARTY_ADDR_1, THIRD_PARTY_ADDR_2, THIRD_PARTY_BILL_FLAG, THIRD_PARTY_CITY, THIRD_PARTY_NAME, THIRD_PARTY_NAME_2, THIRD_PARTY_STATE, THIRD_PARTY_ZIP, TOTAL_BINDING_FT, USER_ID, VENDOR_NO, WC_STORE, EDI_ORDER_NUMBER) values (?, ?, ?, ?, ?, ?, ?, ?, ?, ?, ?, ?, ?, ?, ?, ?, ?, ?, ?, ?, ?, ?, ?, ?, ?, ?, ?, ?, ?, ?, ?, ?, ?, ?, ?, ?, ?, ?, ?, ?, ?, ?, ?, ?, ?, ?, ?, ?, ?, ?, ?, ?, ?, ?, ?, ?, ?, ?, ?, ?, ?, ?, ?, ?, ?, ?, ?, ?, ?, ?, ?, ?, ?, ?, ?, ?, ?, ?, ?, ?, ?, ?, ?, ?, ?, ?, ?, ?, ?, ?, ?, ?, ?, ?, ?, ?, ?, ?, ?, ?, ?, ?, ?, ?, ?, ?, ?, ?, ?, ?, ?, ?, ?, ?, ?, ?, ?, ?, ?, ?, ?, ?, ?, ?, ?, ?, ?, ?, ?, ?, ?, ?, ?, ?, ?, ?, ?, ?, ?, ?, ?)
2020-06-19 13:28:34 TRACE [BasicBinder.java:64] binding parameter [1] as [VARCHAR] - [XagOmLLRbdJpKMmvqDXk]
2020-06-19 13:28:34 TRACE [BasicBinder.java:64] binding parameter [2] as [VARCHAR] - [l]
2020-06-19 13:28:34 TRACE [BasicBinder.java:64] binding parameter [3] as [INTEGER] - [576932]
2020-06-19 13:28:34 TRACE [BasicBinder.java:64] binding parameter [4] as [VARCHAR] - [ieUTatTBgwanpvi]
2020-06-19 13:28:34 TRACE [BasicBinder.java:64] binding parameter [5] as [VARCHAR] - [tKgCIRax]
2020-06-19 13:28:34 TRACE [BasicBinder.java:64] binding parameter [6] as [VARCHAR] - [QcqbjMlBNTkeWhDkcBdY]
2020-06-19 13:28:34 TRACE [BasicBinder.java:64] binding parameter [7] as [VARCHAR] - [JmMBElSBQN]
2020-06-19 13:28:34 TRACE [BasicBinder.java:64] binding parameter [8] as [VARCHAR] - [ydEia]
2020-06-19 13:28:34 TRACE [BasicBinder.java:64] binding parameter [9] as [VARCHAR] - [es]
2020-06-19 13:28:34 TRACE [BasicBinder.java:64] binding parameter [10] as [VARCHAR] - [gGPnofAjVJ]
2020-06-19 13:28:34 TRACE [BasicBinder.java:64] binding parameter [11] as [VARCHAR] - [qkYwJNzOXw]
2020-06-19 13:28:34 TRACE [BasicBinder.java:64] binding parameter [12] as [VARCHAR] - [TXF]
2020-06-19 13:28:34 TRACE [BasicBinder.java:64] binding parameter [13] as [VARCHAR] - [oV]
2020-06-19 13:28:34 TRACE [BasicBinder.java:64] binding parameter [14] as [DOUBLE] - [1239471.3380832598]
2020-06-19 13:28:34 TRACE [BasicBinder.java:64] binding parameter [15] as [VARCHAR] - [zwRzgbLf]
2020-06-19 13:28:34 TRACE [BasicBinder.java:64] binding parameter [16] as [TIMESTAMP] - [1970-01-01T02:29:53]
2020-06-19 13:28:34 TRACE [BasicBinder.java:64] binding parameter [17] as [VARCHAR] - [JfCAnHz]
2020-06-19 13:28:34 TRACE [BasicBinder.java:64] binding parameter [18] as [VARCHAR] - [hgQhxDPwGgTrInZDoIgO]
2020-06-19 13:28:34 TRACE [BasicBinder.java:64] binding parameter [19] as [VARCHAR] - [xJiWJRyneXKbxqsvAAGr]
2020-06-19 13:28:34 TRACE [BasicBinder.java:64] binding parameter [20] as [VARCHAR] - [BvcCQgpNmxArnsiXYIAR]
2020-06-19 13:28:34 TRACE [BasicBinder.java:64] binding parameter [21] as [VARCHAR] - [mkuVfrJBCNktOPVtTDE]
2020-06-19 13:28:34 TRACE [BasicBinder.java:64] binding parameter [22] as [DATE] - [1995-08-15]
2020-06-19 13:28:34 TRACE [BasicBinder.java:64] binding parameter [23] as [VARCHAR] - [P]
2020-06-19 13:28:34 TRACE [BasicBinder.java:64] binding parameter [24] as [VARCHAR] - [wQTTTHamCxsHSpBGbQgw]
2020-06-19 13:28:34 TRACE [BasicBinder.java:64] binding parameter [25] as [VARCHAR] - [tg]
2020-06-19 13:28:34 TRACE [BasicBinder.java:64] binding parameter [26] as [VARCHAR] - [kqYTTITyz]
2020-06-19 13:28:34 TRACE [BasicBinder.java:64] binding parameter [27] as [VARCHAR] - [n]
2020-06-19 13:28:34 TRACE [BasicBinder.java:64] binding parameter [28] as [VARCHAR] - [dAbGvofyUC]
2020-06-19 13:28:34 TRACE [BasicBinder.java:64] binding parameter [29] as [VARCHAR] - [AJFxV]
2020-06-19 13:28:34 TRACE [BasicBinder.java:64] binding parameter [30] as [VARCHAR] - [vCrJNOF]
2020-06-19 13:28:34 TRACE [BasicBinder.java:64] binding parameter [31] as [VARCHAR] - [YwoAYAZqFuuecYDnoEil]
2020-06-19 13:28:34 TRACE [BasicBinder.java:64] binding parameter [32] as [VARCHAR] - [DFiVNFfEleIaXFkoRybR]
2020-06-19 13:28:34 TRACE [BasicBinder.java:64] binding parameter [33] as [VARCHAR] - [QrjW]
2020-06-19 13:28:34 TRACE [BasicBinder.java:64] binding parameter [34] as [VARCHAR] - [Wl]
2020-06-19 13:28:34 TRACE [BasicBinder.java:64] binding parameter [35] as [VARCHAR] - [Doe]
2020-06-19 13:28:34 TRACE [BasicBinder.java:64] binding parameter [36] as [VARCHAR] - [gmFKnpzdVLtVsosThoWR]
2020-06-19 13:28:34 TRACE [BasicBinder.java:64] binding parameter [37] as [DATE] - [1985-06-20]
2020-06-19 13:28:34 TRACE [BasicBinder.java:64] binding parameter [38] as [DATE] - [1995-10-29]
2020-06-19 13:28:34 TRACE [BasicBinder.java:64] binding parameter [39] as [VARCHAR] - [sRpIenuoOEocnxIIvEyA]
2020-06-19 13:28:34 TRACE [BasicBinder.java:64] binding parameter [40] as [VARCHAR] - [PWSMWQkNhyZgWUN]
2020-06-19 13:28:34 TRACE [BasicBinder.java:64] binding parameter [41] as [VARCHAR] - [hzu]
2020-06-19 13:28:34 TRACE [BasicBinder.java:64] binding parameter [42] as [VARCHAR] - [iTuVDjobFokOJSPmpAvo]
2020-06-19 13:28:34 TRACE [BasicBinder.java:64] binding parameter [43] as [TIMESTAMP] - [1970-01-01T02:24:13]
2020-06-19 13:28:34 TRACE [BasicBinder.java:64] binding parameter [44] as [VARCHAR] - [iUPOercKUirzAYi]
2020-06-19 13:28:34 TRACE [BasicBinder.java:64] binding parameter [45] as [VARCHAR] - [O]
2020-06-19 13:28:34 TRACE [BasicBinder.java:64] binding parameter [46] as [VARCHAR] - [zp]
2020-06-19 13:28:34 TRACE [BasicBinder.java:64] binding parameter [47] as [VARCHAR] - [G]
2020-06-19 13:28:34 TRACE [BasicBinder.java:64] binding parameter [48] as [VARCHAR] - [SOyVdJlZhonBaOaggHdx]
2020-06-19 13:28:34 TRACE [BasicBinder.java:64] binding parameter [49] as [VARCHAR] - [NRhrHDccmtRkIZznqnrM]
2020-06-19 13:28:34 TRACE [BasicBinder.java:64] binding parameter [50] as [VARCHAR] - [I]
2020-06-19 13:28:34 TRACE [BasicBinder.java:64] binding parameter [51] as [VARCHAR] - [QvzZXtWfIG]
2020-06-19 13:28:34 TRACE [BasicBinder.java:64] binding parameter [52] as [VARCHAR] - [YUABqetwlU]
2020-06-19 13:28:34 TRACE [BasicBinder.java:64] binding parameter [53] as [VARCHAR] - [KD]
2020-06-19 13:28:34 TRACE [BasicBinder.java:64] binding parameter [54] as [DATE] - [1992-08-04]
2020-06-19 13:28:34 TRACE [BasicBinder.java:64] binding parameter [55] as [VARCHAR] - [j]
2020-06-19 13:28:34 TRACE [BasicBinder.java:64] binding parameter [56] as [VARCHAR] - [z]
2020-06-19 13:28:34 TRACE [BasicBinder.java:64] binding parameter [57] as [DATE] - [1986-04-22]
2020-06-19 13:28:34 TRACE [BasicBinder.java:64] binding parameter [58] as [VARCHAR] - [d]
2020-06-19 13:28:34 TRACE [BasicBinder.java:64] binding parameter [59] as [VARCHAR] - [phEpquoEdUPxqkDZvyYD]
2020-06-19 13:28:34 TRACE [BasicBinder.java:64] binding parameter [60] as [VARCHAR] - [N]
2020-06-19 13:28:34 TRACE [BasicBinder.java:64] binding parameter [61] as [DATE] - [1977-06-05]
2020-06-19 13:28:34 TRACE [BasicBinder.java:64] binding parameter [62] as [VARCHAR] - [01]
2020-06-19 13:28:34 TRACE [BasicBinder.java:64] binding parameter [63] as [DOUBLE] - [439166.46492031583]
2020-06-19 13:28:34 TRACE [BasicBinder.java:64] binding parameter [64] as [DOUBLE] - [8664982.786443366]
2020-06-19 13:28:34 TRACE [BasicBinder.java:64] binding parameter [65] as [DOUBLE] - [8355912.563181315]
2020-06-19 13:28:34 TRACE [BasicBinder.java:64] binding parameter [66] as [DOUBLE] - [2798881.3688676152]
2020-06-19 13:28:34 TRACE [BasicBinder.java:64] binding parameter [67] as [DOUBLE] - [8033232.385513888]
2020-06-19 13:28:34 TRACE [BasicBinder.java:64] binding parameter [68] as [VARCHAR] - [H]
2020-06-19 13:28:34 TRACE [BasicBinder.java:64] binding parameter [69] as [VARCHAR] - [HARDSURFACES]
2020-06-19 13:28:34 TRACE [BasicBinder.java:64] binding parameter [70] as [DOUBLE] - [191730.19807537418]
2020-06-19 13:28:34 TRACE [BasicBinder.java:64] binding parameter [71] as [VARCHAR] - [WX]
2020-06-19 13:28:34 TRACE [BasicBinder.java:64] binding parameter [72] as [VARCHAR] - [ddqlzozyTOZ]
2020-06-19 13:28:34 TRACE [BasicBinder.java:64] binding parameter [73] as [VARCHAR] - [fpRNu]
2020-06-19 13:28:34 TRACE [BasicBinder.java:64] binding parameter [74] as [VARCHAR] - [jOt]
2020-06-19 13:28:34 TRACE [BasicBinder.java:64] binding parameter [75] as [DATE] - [1976-06-29]
2020-06-19 13:28:34 TRACE [BasicBinder.java:64] binding parameter [76] as [VARCHAR] - [MsFHDNQXfxJTxmWiNdxH]
2020-06-19 13:28:34 TRACE [BasicBinder.java:64] binding parameter [77] as [VARCHAR] - [dM]
2020-06-19 13:28:34 TRACE [BasicBinder.java:64] binding parameter [78] as [VARCHAR] - [zaFXl]
2020-06-19 13:28:34 TRACE [BasicBinder.java:64] binding parameter [79] as [VARCHAR] - [GXjieXBjJH]
2020-06-19 13:28:34 TRACE [BasicBinder.java:64] binding parameter [80] as [VARCHAR] - [XFtEIeEYNpjzYBbnASVX]
2020-06-19 13:28:34 TRACE [BasicBinder.java:64] binding parameter [81] as [VARCHAR] - [xYvakAdGrDHEdwBxyWhS]
2020-06-19 13:28:34 TRACE [BasicBinder.java:64] binding parameter [82] as [VARCHAR] - [W]
2020-06-19 13:28:34 TRACE [BasicBinder.java:64] binding parameter [83] as [TIMESTAMP] - [1970-01-01T01:02:56]
2020-06-19 13:28:34 TRACE [BasicBinder.java:64] binding parameter [84] as [VARCHAR] - [dgZgfGiGbLUopDeXIhta]
2020-06-19 13:28:34 TRACE [BasicBinder.java:64] binding parameter [85] as [VARCHAR] - [H]
2020-06-19 13:28:34 TRACE [BasicBinder.java:64] binding parameter [86] as [VARCHAR] - [pjKdOcdPckmviSIbyRIY]
2020-06-19 13:28:34 TRACE [BasicBinder.java:64] binding parameter [87] as [DATE] - [1971-12-28]
2020-06-19 13:28:34 TRACE [BasicBinder.java:64] binding parameter [88] as [VARCHAR] - [tlpSmOHHSDKRFHiYpnHV]
2020-06-19 13:28:34 TRACE [BasicBinder.java:64] binding parameter [89] as [VARCHAR] - [WI]
2020-06-19 13:28:34 TRACE [BasicBinder.java:64] binding parameter [90] as [VARCHAR] - [PD]
2020-06-19 13:28:34 TRACE [BasicBinder.java:64] binding parameter [91] as [INTEGER] - [425665]
2020-06-19 13:28:34 TRACE [BasicBinder.java:64] binding parameter [92] as [VARCHAR] - [ISLHSx]
2020-06-19 13:28:34 TRACE [BasicBinder.java:64] binding parameter [93] as [DATE] - [1982-09-03]
2020-06-19 13:28:34 TRACE [BasicBinder.java:64] binding parameter [94] as [DATE] - [1971-03-16]
2020-06-19 13:28:34 TRACE [BasicBinder.java:64] binding parameter [95] as [DATE] - [1979-01-18]
2020-06-19 13:28:34 TRACE [BasicBinder.java:64] binding parameter [96] as [VARCHAR] - [r]
2020-06-19 13:28:34 TRACE [BasicBinder.java:64] binding parameter [97] as [VARCHAR] - [atW]
2020-06-19 13:28:34 TRACE [BasicBinder.java:64] binding parameter [98] as [DATE] - [1985-12-25]
2020-06-19 13:28:34 TRACE [BasicBinder.java:64] binding parameter [99] as [VARCHAR] - [zCbbPYPOOsjYWykPDUfA]
2020-06-19 13:28:34 TRACE [BasicBinder.java:64] binding parameter [100] as [VARCHAR] - [z]
2020-06-19 13:28:34 TRACE [BasicBinder.java:64] binding parameter [101] as [VARCHAR] - [CE]
2020-06-19 13:28:34 TRACE [BasicBinder.java:64] binding parameter [102] as [VARCHAR] - [lFHLdXrKROSipTlAkzKK]
2020-06-19 13:28:34 TRACE [BasicBinder.java:64] binding parameter [103] as [VARCHAR] - [khvVOOAQXhMCpphqHqtq]
2020-06-19 13:28:34 TRACE [BasicBinder.java:64] binding parameter [104] as [VARCHAR] - [tyTxGlefjVpeffPVjve]
2020-06-19 13:28:34 TRACE [BasicBinder.java:64] binding parameter [105] as [VARCHAR] - [gHhxhlRHTArNztwTfRS]
2020-06-19 13:28:34 TRACE [BasicBinder.java:64] binding parameter [106] as [VARCHAR] - [PKQvWcvMslfxqKdLwYJ]
2020-06-19 13:28:34 TRACE [BasicBinder.java:64] binding parameter [107] as [VARCHAR] - [LYcMEps]
2020-06-19 13:28:34 TRACE [BasicBinder.java:64] binding parameter [108] as [VARCHAR] - [wJ]
2020-06-19 13:28:34 TRACE [BasicBinder.java:64] binding parameter [109] as [INTEGER] - [689271]
2020-06-19 13:28:34 TRACE [BasicBinder.java:64] binding parameter [110] as [VARCHAR] - [SohMDqmjDdzNDyxGUuzY]
2020-06-19 13:28:34 TRACE [BasicBinder.java:64] binding parameter [111] as [VARCHAR] - [DHpSlaKldZtNnIi]
2020-06-19 13:28:34 TRACE [BasicBinder.java:64] binding parameter [112] as [VARCHAR] - [YkeGzyfkmsbfFFkyhDu]
2020-06-19 13:28:34 TRACE [BasicBinder.java:64] binding parameter [113] as [VARCHAR] - [xC]
2020-06-19 13:28:34 TRACE [BasicBinder.java:64] binding parameter [114] as [VARCHAR] - [GwClvTTyWM]
2020-06-19 13:28:34 TRACE [BasicBinder.java:64] binding parameter [115] as [VARCHAR] - [u]
2020-06-19 13:28:34 TRACE [BasicBinder.java:64] binding parameter [116] as [VARCHAR] - [ZnbJJyNZCpE]
2020-06-19 13:28:34 TRACE [BasicBinder.java:64] binding parameter [117] as [VARCHAR] - [ACWHutjMsYiClDxQTMWo]
2020-06-19 13:28:34 TRACE [BasicBinder.java:64] binding parameter [118] as [VARCHAR] - [ZaWAHCtaxYgwODWlAwed]
2020-06-19 13:28:34 TRACE [BasicBinder.java:64] binding parameter [119] as [VARCHAR] - [dXaiBqnkDCmZXRzthQpl]
2020-06-19 13:28:34 TRACE [BasicBinder.java:64] binding parameter [120] as [VARCHAR] - [lnItlmJaXZjTiJXxUbiw]
2020-06-19 13:28:34 TRACE [BasicBinder.java:64] binding parameter [121] as [VARCHAR] - [cNebGWVLHARiBICUjSdA]
2020-06-19 13:28:34 TRACE [BasicBinder.java:64] binding parameter [122] as [VARCHAR] - [Yr]
2020-06-19 13:28:34 TRACE [BasicBinder.java:64] binding parameter [123] as [VARCHAR] - [K]
2020-06-19 13:28:34 TRACE [BasicBinder.java:64] binding parameter [124] as [VARCHAR] - [wtyO]
2020-06-19 13:28:34 TRACE [BasicBinder.java:64] binding parameter [125] as [VARCHAR] - [iHmewPSnZLuvpBWMAqsf]
2020-06-19 13:28:34 TRACE [BasicBinder.java:64] binding parameter [126] as [VARCHAR] - [lrH]
2020-06-19 13:28:34 TRACE [BasicBinder.java:64] binding parameter [127] as [VARCHAR] - [QT]
2020-06-19 13:28:34 TRACE [BasicBinder.java:64] binding parameter [128] as [VARCHAR] - [avHsxhawcQiYtswphKDe]
2020-06-19 13:28:34 TRACE [BasicBinder.java:64] binding parameter [129] as [VARCHAR] - [YDNgkvvztLVcTvKkCBhc]
2020-06-19 13:28:34 TRACE [BasicBinder.java:64] binding parameter [130] as [VARCHAR] - [KJKYmbYLRHYtMZvboRhP]
2020-06-19 13:28:34 TRACE [BasicBinder.java:64] binding parameter [131] as [VARCHAR] - [i]
2020-06-19 13:28:34 TRACE [BasicBinder.java:64] binding parameter [132] as [VARCHAR] - [wgZjXxdfIzihoLtGEkNE]
2020-06-19 13:28:34 TRACE [BasicBinder.java:64] binding parameter [133] as [VARCHAR] - [CUmAhfylGVtrRuwCbBGE]
2020-06-19 13:28:34 TRACE [BasicBinder.java:64] binding parameter [134] as [VARCHAR] - [OVOERETaHrNWdWNOwNBt]
2020-06-19 13:28:34 TRACE [BasicBinder.java:64] binding parameter [135] as [VARCHAR] - [ZI]
2020-06-19 13:28:34 TRACE [BasicBinder.java:64] binding parameter [136] as [VARCHAR] - [agAnEYVJoyDszeud]
2020-06-19 13:28:34 TRACE [BasicBinder.java:64] binding parameter [137] as [DOUBLE] - [5297041.049284472]
2020-06-19 13:28:34 TRACE [BasicBinder.java:64] binding parameter [138] as [VARCHAR] - [gLgCMgid]
2020-06-19 13:28:34 TRACE [BasicBinder.java:64] binding parameter [139] as [VARCHAR] - [wgKgoWYQrubsUYT]
2020-06-19 13:28:34 TRACE [BasicBinder.java:64] binding parameter [140] as [VARCHAR] - [qAvVWPKasi]
2020-06-19 13:28:34 TRACE [BasicBinder.java:64] binding parameter [141] as [BIGINT] - [35]
2020-06-19 13:28:34 DEBUG [MockBuilder.java:94] set changeTimestamp -> 1970-01-01T01:49:04
2020-06-19 13:28:34 DEBUG [MockBuilder.java:94] set level -> f
2020-06-19 13:28:34 DEBUG [MockBuilder.java:94] set autoCreateFlag -> J
2020-06-19 13:28:34 DEBUG [MockBuilder.java:94] set createdBy -> NSXJogJX
2020-06-19 13:28:34 DEBUG [MockBuilder.java:94] set precedence -> 9922484.267674426
2020-06-19 13:28:34 DEBUG [MockBuilder.java:94] set createTimestamp -> 1970-01-01T02:10:25
2020-06-19 13:28:34 DEBUG [MockBuilder.java:94] set ediOrdValidations -> null
2020-06-19 13:28:34 DEBUG [MockBuilder.java:94] set ediReasonCode -> 210565
2020-06-19 13:28:34 DEBUG [MockBuilder.java:94] set changedBy -> ODpxFbui
2020-06-19 13:28:34 DEBUG [MockBuilder.java:94] set description -> bGMowVZSsSwEzPNgaDko
2020-06-19 13:28:34 DEBUG [MockBuilder.java:94] set defaultAction -> z
Hibernate: select edireasonc0_.EDI_REASON_CODE as edi_reas1_6_1_, edireasonc0_.AUTO_CREATE_FLAG as auto_cre2_6_1_, edireasonc0_.CHANGE_TIMESTAMP as change_t3_6_1_, edireasonc0_.CHANGED_BY as changed_4_6_1_, edireasonc0_.CREATE_TIMESTAMP as create_t5_6_1_, edireasonc0_.CREATED_BY as created_6_6_1_, edireasonc0_.DEFAULT_ACTION as default_7_6_1_, edireasonc0_.description as descript8_6_1_, edireasonc0_.LEVEL as level9_6_1_, edireasonc0_.precedence as precede10_6_1_, ediordvali1_.edi_reason_code as edi_rea11_2_3_, ediordvali1_.EDI_ORDER_NBR as edi_orde1_2_3_, ediordvali1_.PO_LINE_NBR as po_line_2_2_3_, ediordvali1_.TIME_STAMP as time_sta3_2_3_, ediordvali1_.EDI_ORDER_NBR as edi_orde1_2_0_, ediordvali1_.PO_LINE_NBR as po_line_2_2_0_, ediordvali1_.TIME_STAMP as time_sta3_2_0_, ediordvali1_.ACTION_CODE as action_c4_2_0_, ediordvali1_.ASSIGNED_TO as assigned5_2_0_, ediordvali1_.CHANGED_BY as changed_6_2_0_, ediordvali1_.CHANGED_TIMESTAMP as changed_7_2_0_, ediordvali1_.CREATED_BY as created_8_2_0_, ediordvali1_.CREATED_TIMESTAMP as created_9_2_0_, ediordvali1_.edi_reason_code as edi_rea11_2_0_, ediordvali1_.status as status10_2_0_ from EDI_REASON_CODE edireasonc0_ left outer join EDI_ORD_VALIDATION ediordvali1_ on edireasonc0_.EDI_REASON_CODE=ediordvali1_.edi_reason_code where edireasonc0_.EDI_REASON_CODE=?
2020-06-19 13:28:34 TRACE [BasicBinder.java:64] binding parameter [1] as [INTEGER] - [63]
2020-06-19 13:28:34 DEBUG [MockBuilder.java:94] set orderingSystem -> zm
2020-06-19 13:28:34 DEBUG [MockBuilder.java:94] set shipPartCompInd -> O
2020-06-19 13:28:34 DEBUG [MockBuilder.java:94] set eventInfo -> QooqpxwFVwrXGkC
2020-06-19 13:28:34 DEBUG [MockBuilder.java:94] set consStatusMsg -> rIgljuypWUoiGWsAVjUu
2020-06-19 13:28:34 DEBUG [MockBuilder.java:94] set purchasedBy -> oMerZYAWUAYvjPgRFDfe
2020-06-19 13:28:34 DEBUG [MockBuilder.java:94] set storeName -> feoYONPcVKEEpabPFdKq
2020-06-19 13:28:34 DEBUG [MockBuilder.java:94] set shipPt -> PK
2020-06-19 13:28:34 DEBUG [MockBuilder.java:94] set explodeFlag -> j
2020-06-19 13:28:34 DEBUG [MockBuilder.java:94] set contractUsageInd -> a
2020-06-19 13:28:34 DEBUG [MockBuilder.java:94] set orderRetTotal -> 9070265.028096838
2020-06-19 13:28:34 DEBUG [MockBuilder.java:94] set specialInstruct1 -> LLOIdIuOoNBFDgwWgBZI
2020-06-19 13:28:34 DEBUG [MockBuilder.java:94] set fobPoint -> Tn
2020-06-19 13:28:34 DEBUG [MockBuilder.java:94] set termsNetDays -> ify
2020-06-19 13:28:34 DEBUG [MockBuilder.java:94] set crossDockCenter -> jzkgqHTlfa
2020-06-19 13:28:34 DEBUG [MockBuilder.java:94] set rcdCode -> f
2020-06-19 13:28:34 DEBUG [MockBuilder.java:94] set specialInstruct2 -> xJiJTjWpehFuUUjfvNtA
2020-06-19 13:28:34 DEBUG [MockBuilder.java:94] set termsTypeFlag -> cy
2020-06-19 13:28:34 DEBUG [MockBuilder.java:94] set poDateValue -> 1981-08-03
2020-06-19 13:28:34 DEBUG [MockBuilder.java:94] set specialInstruct3 -> VHhRsIEuEBbEFnqtJTJS
2020-06-19 13:28:34 DEBUG [MockBuilder.java:94] set phoneNumber -> jfkkSeNHhdB
2020-06-19 13:28:34 DEBUG [MockBuilder.java:94] set totalBindingFt -> 9700090.982294226
2020-06-19 13:28:34 DEBUG [MockBuilder.java:94] set specialInstruct4 -> amBfWQfFbFwTdVveXTXh
2020-06-19 13:28:34 DEBUG [MockBuilder.java:94] set poDateQualifier -> bRL
2020-06-19 13:28:34 DEBUG [MockBuilder.java:94] set srvLevel -> nI
2020-06-19 13:28:34 DEBUG [MockBuilder.java:94] set frtCode -> C
2020-06-19 13:28:34 DEBUG [MockBuilder.java:94] set poControl -> DlYnx
2020-06-19 13:28:34 DEBUG [MockBuilder.java:94] set specialPoNo -> sXmksRWRAKTzyNVMDzMF
2020-06-19 13:28:34 DEBUG [MockBuilder.java:94] set statusCode -> x
2020-06-19 13:28:34 DEBUG [MockBuilder.java:94] set custDept -> CJskY
2020-06-19 13:28:34 DEBUG [MockBuilder.java:94] set salesCheckNumber -> oskipBiqozKKhpaZKDnd
2020-06-19 13:28:34 DEBUG [MockBuilder.java:94] set orderType -> q
2020-06-19 13:28:34 DEBUG [MockBuilder.java:94] set stdCarrAlphaInd -> fSTp
2020-06-19 13:28:34 DEBUG [MockBuilder.java:94] set salesReqCode -> aR
2020-06-19 13:28:34 DEBUG [MockBuilder.java:94] set receivedTimestamp -> 1970-01-01T02:01:05
2020-06-19 13:28:34 DEBUG [MockBuilder.java:94] set orderTypeDesc -> FmBFTAtqjKHgSuq
2020-06-19 13:28:34 DEBUG [MockBuilder.java:94] set poNumber -> FNMKmgkEJqFdgwiJmsuM
2020-06-19 13:28:34 DEBUG [MockBuilder.java:94] set shipComplete -> i
2020-06-19 13:28:34 DEBUG [MockBuilder.java:94] set orderWeight -> 5759359.520742077
2020-06-19 13:28:34 DEBUG [MockBuilder.java:94] set phone -> WnKiFmKWxvqlJWE
2020-06-19 13:28:34 DEBUG [MockBuilder.java:94] set giftMessage1 -> UkcDBDNQPTeVfxyYdBtg
2020-06-19 13:28:34 DEBUG [MockBuilder.java:94] set shipDateValue -> 1984-02-07
2020-06-19 13:28:34 DEBUG [MockBuilder.java:94] set orderRetHand -> 7488813.973805371
2020-06-19 13:28:34 DEBUG [MockBuilder.java:94] set chngLid -> mgEyknWG
2020-06-19 13:28:34 DEBUG [MockBuilder.java:94] set province -> omBSTezFyQmeQtDnMWw
2020-06-19 13:28:34 DEBUG [MockBuilder.java:94] set orderRetSh -> 6192664.301486616
2020-06-19 13:28:34 DEBUG [MockBuilder.java:94] set shipDateQualifier -> nTK
2020-06-19 13:28:34 DEBUG [MockBuilder.java:94] set sellCo -> TD
2020-06-19 13:28:34 DEBUG [MockBuilder.java:94] set chngTimestamp -> 1970-01-01T00:02:05
2020-06-19 13:28:34 DEBUG [MockBuilder.java:94] set orderRetTax -> 9443377.605786173
2020-06-19 13:28:34 DEBUG [MockBuilder.java:94] set shipInstruction -> skhnXriFDlOgQBiEoxLh
2020-06-19 13:28:34 DEBUG [MockBuilder.java:94] set name -> yEfVKABFYnBFPaPXGHjN
2020-06-19 13:28:34 DEBUG [MockBuilder.java:94] set poQual -> hA
2020-06-19 13:28:34 DEBUG [MockBuilder.java:94] set commCust -> ldOKnzH
2020-06-19 13:28:34 DEBUG [MockBuilder.java:94] set reserveOrderInd -> j
2020-06-19 13:28:34 DEBUG [MockBuilder.java:94] set shipByCutOffDt -> 1986-07-16
2020-06-19 13:28:34 DEBUG [MockBuilder.java:94] set refTcNbr -> NUrRsjHvMlgyzXekTUgj
2020-06-19 13:28:34 DEBUG [MockBuilder.java:94] set userId -> IMxYoWss
2020-06-19 13:28:34 DEBUG [MockBuilder.java:94] set customerCode -> ZH
2020-06-19 13:28:34 DEBUG [MockBuilder.java:94] set shipByDate -> 1982-11-28
2020-06-19 13:28:34 DEBUG [MockBuilder.java:94] set returnMsg -> ltJVbwTMdvIZmDvvGIdy
2020-06-19 13:28:34 DEBUG [MockBuilder.java:94] set giftMessage2 -> WXlcNrBiMTIbtKCXQQcC
2020-06-19 13:28:34 DEBUG [MockBuilder.java:94] set vendorNo -> czjXIHmaBaMuptr
2020-06-19 13:28:34 DEBUG [MockBuilder.java:94] set custNbr -> EKukGFo
2020-06-19 13:28:34 DEBUG [MockBuilder.java:94] set seqNbr -> 682631
2020-06-19 13:28:34 DEBUG [MockBuilder.java:94] set routeByDate -> 1986-05-18
2020-06-19 13:28:34 DEBUG [MockBuilder.java:94] set hostAlertFlag -> s
2020-06-19 13:28:34 DEBUG [MockBuilder.java:94] set wcStore -> cZLUxnivSr
2020-06-19 13:28:34 DEBUG [MockBuilder.java:94] set customerRefNbr -> nQw
2020-06-19 13:28:34 DEBUG [MockBuilder.java:94] set country -> zOMeVtJcjveFNAwLUXi
2020-06-19 13:28:34 DEBUG [MockBuilder.java:94] set flag -> 871300
2020-06-19 13:28:34 DEBUG [MockBuilder.java:94] set beg -> BeYQW
2020-06-19 13:28:34 DEBUG [MockBuilder.java:94] set shipCancelDate -> 1981-07-25
2020-06-19 13:28:34 DEBUG [MockBuilder.java:94] set cnCity -> JkjeoVLGRwwvtgxGDoE
2020-06-19 13:28:34 DEBUG [MockBuilder.java:94] set poType -> XqOzz
2020-06-19 13:28:34 DEBUG [MockBuilder.java:94] set customerSidemark -> StKvMycRMWUsxhMPdgWx
2020-06-19 13:28:34 DEBUG [MockBuilder.java:94] set billToState -> RO
2020-06-19 13:28:34 DEBUG [MockBuilder.java:94] set store -> cMOaWrgGIb
2020-06-19 13:28:34 DEBUG [MockBuilder.java:94] set name -> ixxPTXFsUaIkhmPvHtbc
2020-06-19 13:28:34 DEBUG [MockBuilder.java:94] set truncFlag -> X
2020-06-19 13:28:34 DEBUG [MockBuilder.java:94] set custPmtMeth -> AqgEPvBcCRuRtRaRTnSz
2020-06-19 13:28:34 DEBUG [MockBuilder.java:94] set billToStore -> RIgDorzbbu
2020-06-19 13:28:34 DEBUG [MockBuilder.java:94] set state -> CC
2020-06-19 13:28:34 DEBUG [MockBuilder.java:94] set custSpInst -> tfqPVFowMnYFYOpjgYrW
2020-06-19 13:28:34 DEBUG [MockBuilder.java:94] set bsStoreNbr -> YfcNAISEVa
2020-06-19 13:28:34 DEBUG [MockBuilder.java:94] set consumerPoDateValue -> 1988-07-18
2020-06-19 13:28:34 DEBUG [MockBuilder.java:94] set zip -> VIftTEHTVRK
2020-06-19 13:28:34 DEBUG [MockBuilder.java:94] set poTypeSuffix -> CoTBHCfLbr
2020-06-19 13:28:34 DEBUG [MockBuilder.java:94] set custWhNbr -> GbPW
2020-06-19 13:28:34 DEBUG [MockBuilder.java:94] set cancelDateQualifier -> kHK
2020-06-19 13:28:34 DEBUG [MockBuilder.java:94] set city -> GKvSWkmyexQpVEGhRJT
2020-06-19 13:28:34 DEBUG [MockBuilder.java:94] set addressLine2 -> oXRMqiwxtnAnGyKQMDSJ
2020-06-19 13:28:34 DEBUG [MockBuilder.java:94] set carrierCode -> WZ
2020-06-19 13:28:34 DEBUG [MockBuilder.java:94] set dunsNbr -> wPeRUMPtptvWCsq
2020-06-19 13:28:34 DEBUG [MockBuilder.java:94] set cbCutLength -> 742166.6976678865
2020-06-19 13:28:34 DEBUG [MockBuilder.java:94] set state -> FJ
2020-06-19 13:28:34 DEBUG [MockBuilder.java:94] set destCode -> Ts
2020-06-19 13:28:34 DEBUG [MockBuilder.java:94] set agreementNumber -> TjxJiAfNVmKCQLV
2020-06-19 13:28:34 DEBUG [MockBuilder.java:94] set errorCode -> IRG
2020-06-19 13:28:34 DEBUG [MockBuilder.java:94] set ohStatusCode -> q
2020-06-19 13:28:34 DEBUG [MockBuilder.java:94] set assignedAgent -> NYISAaAf
2020-06-19 13:28:34 DEBUG [MockBuilder.java:94] set psMsg -> sAQQtRYYvLUuYhbaOxcE
2020-06-19 13:28:34 DEBUG [MockBuilder.java:94] set errorDescription -> rWIkovcddhacyylTLITV
2020-06-19 13:28:34 DEBUG [MockBuilder.java:94] set authRep -> McTsrKizxZSnmgMhGbDR
2020-06-19 13:28:34 DEBUG [MockBuilder.java:94] set custNbr -> QrsqUsT
2020-06-19 13:28:34 DEBUG [MockBuilder.java:94] set nbDate -> 1974-08-05
2020-06-19 13:28:34 DEBUG [MockBuilder.java:94] set authorizationNo -> cxmUmAlIrn
2020-06-19 13:28:34 DEBUG [MockBuilder.java:94] set zip -> mncNEjGxq
2020-06-19 13:28:34 DEBUG [MockBuilder.java:94] set addressLine1 -> TCclnxVGvgfZhGgOnMso
2020-06-19 13:28:34 DEBUG [MockBuilder.java:94] set acctContact -> SlBYYPtIqsiRdUBefTXl
2020-06-19 13:28:34 DEBUG [MockBuilder.java:94] set errorTimestamp -> 1970-01-01T01:54:05
2020-06-19 13:28:34 DEBUG [MockBuilder.java:94] set newStoreInd -> J
2020-06-19 13:28:34 DEBUG [MockBuilder.java:94] set onNote -> lvFYGTrPEYigDOUoptKs
2020-06-19 13:28:34 DEBUG [MockBuilder.java:94] set acknowlegeOrdInd -> F
2020-06-19 13:28:34 DEBUG [MockBuilder.java:94] set cphone -> mIjXJYCrSkLqNgegimRn
2020-06-19 13:28:34 DEBUG [MockBuilder.java:94] set noAsnFlag -> M
2020-06-19 13:28:34 DEBUG [MockBuilder.java:94] set addrKey -> 949209
2020-06-19 13:28:34 DEBUG [MockBuilder.java:94] set deliveryDate -> 1994-09-04
2020-06-19 13:28:34 DEBUG [MockBuilder.java:94] set city -> OoUAgRnNOukpgSCNvZE
2020-06-19 13:28:34 DEBUG [MockBuilder.java:94] set ohCancelDateValue -> 1997-02-26
2020-06-19 13:28:34 DEBUG [MockBuilder.java:94] set consumerShipFlg -> J
2020-06-19 13:28:34 DEBUG [MockBuilder.java:94] set inputMethod -> oEnOKrsrVW
2020-06-19 13:28:34 DEBUG [MockBuilder.java:94] set delvCutOffDt -> 1989-02-13
2020-06-19 13:28:34 DEBUG [MockBuilder.java:94] set orderDate -> 1981-10-24
2020-06-19 13:28:34 DEBUG [MockBuilder.java:94] set ccountry -> QisaLgFEtpJTZwIJMJFk
2020-06-19 13:28:34 DEBUG [MockBuilder.java:94] set markForStore -> hhiZIsMmEf
2020-06-19 13:28:34 DEBUG [MockBuilder.java:94] set divDesc -> DWelRGjEzoYeoBNnPaJO
2020-06-19 13:28:34 DEBUG [MockBuilder.java:94] set shipToAddress -> LegacyShipToAddress [addressLine1=TCclnxVGvgfZhGgOnMso, addressLine2=oXRMqiwxtnAnGyKQMDSJ, city=OoUAgRnNOukpgSCNvZE, cnCity=JkjeoVLGRwwvtgxGDoE, country=zOMeVtJcjveFNAwLUXi, custNbr=QrsqUsT, destCode=Ts, flag=871300, name=yEfVKABFYnBFPaPXGHjN, phone=WnKiFmKWxvqlJWE, province=omBSTezFyQmeQtDnMWw, state=CC, store=cMOaWrgGIb, truncFlag=X, zip=VIftTEHTVRK]
2020-06-19 13:28:34 DEBUG [MockBuilder.java:94] set cprovince -> acWSNWYEdJLoQDMBucYG
2020-06-19 13:28:34 DEBUG [MockBuilder.java:94] set mediaEventCode -> cE
2020-06-19 13:28:34 DEBUG [MockBuilder.java:94] set onlineType -> b
2020-06-19 13:28:34 DEBUG [MockBuilder.java:94] set addressLine2 -> JxYEdoAmocsleeUUEdRa
2020-06-19 13:28:34 DEBUG [MockBuilder.java:94] set addressLine1 -> KiJZoZbbhKZSqaQEZJKo
2020-06-19 13:28:34 DEBUG [MockBuilder.java:94] set orderLoc -> JP
2020-06-19 13:28:34 DEBUG [MockBuilder.java:94] set addressLine1 -> yNJHJnbvlitQBtIOAFWZ
2020-06-19 13:28:34 DEBUG [MockBuilder.java:94] set accountNbr -> ddWYXzSmZykUodeWVOeC
2020-06-19 13:28:34 DEBUG [MockBuilder.java:94] set city -> UygQnUkIPQVzSQflKFzl
2020-06-19 13:28:34 DEBUG [MockBuilder.java:94] set addressLine2 -> fbgncmGzMfmVhkLwmZoa
2020-06-19 13:28:34 DEBUG [MockBuilder.java:94] set orderMerCost -> 5209938.452779733
2020-06-19 13:28:34 DEBUG [MockBuilder.java:94] set consumerAddress -> LegacyConsumerAddress [cprovince=acWSNWYEdJLoQDMBucYG, ccountry=QisaLgFEtpJTZwIJMJFk, cphone=mIjXJYCrSkLqNgegimRn, addressLine1=KiJZoZbbhKZSqaQEZJKo, addressLine2=JxYEdoAmocsleeUUEdRa, city=GKvSWkmyexQpVEGhRJT, name=ixxPTXFsUaIkhmPvHtbc, consumerPoDateValue=1988-07-18, consumerShipFlg=J, state=FJ, zip=mncNEjGxq]
2020-06-19 13:28:34 DEBUG [MockBuilder.java:94] set name -> CKVEiCCorjqzSzpZQrgh
2020-06-19 13:28:34 DEBUG [MockBuilder.java:94] set state -> Ax
2020-06-19 13:28:34 DEBUG [MockBuilder.java:94] set tpcountry -> hRchvaEdUxyeuMnrrgLd
2020-06-19 13:28:34 DEBUG [MockBuilder.java:94] set name2 -> wCsbpHomzXRudqattbks
2020-06-19 13:28:34 DEBUG [MockBuilder.java:94] set tpprovince -> oeFtcJNNEdfHVFsgQMUr
2020-06-19 13:28:34 DEBUG [MockBuilder.java:94] set zip -> TmajeMuhIlNgNjnS
2020-06-19 13:28:34 DEBUG [MockBuilder.java:94] set tpphone -> uymwCJvxwzgAoCbpIrxB
2020-06-19 13:28:34 DEBUG [MockBuilder.java:94] set billFlag -> M
2020-06-19 13:28:34 DEBUG [MockBuilder.java:94] set shawOrderNumber -> LFeVTo
2020-06-19 13:28:34 DEBUG [MockBuilder.java:94] set thirdPartyAddress -> LegacyThirdPartyAddress [tpprovince=oeFtcJNNEdfHVFsgQMUr, tpcountry=hRchvaEdUxyeuMnrrgLd, tpphone=uymwCJvxwzgAoCbpIrxB, addressLine1=yNJHJnbvlitQBtIOAFWZ, addressLine2=fbgncmGzMfmVhkLwmZoa, accountNbr=ddWYXzSmZykUodeWVOeC, billFlag=M, city=UygQnUkIPQVzSQflKFzl, name=CKVEiCCorjqzSzpZQrgh, name2=wCsbpHomzXRudqattbks, state=Ax, zip=TmajeMuhIlNgNjnS]
2020-06-19 13:28:34 DEBUG [MockBuilder.java:94] set dates -> null
2020-06-19 13:28:34 DEBUG [MockBuilder.java:94] set lines -> null
2020-06-19 13:28:34 DEBUG [MockBuilder.java:94] set vendorNo -> pJrUfHhRgfJpbMm
2020-06-19 13:28:34 DEBUG [MockBuilder.java:94] set type -> QvfpTejZAxWNKjYBvkCl
2020-06-19 13:28:34 DEBUG [MockBuilder.java:94] set shipByDate -> 1973-11-03
2020-06-19 13:28:34 DEBUG [MockBuilder.java:94] set orderingSystem -> wb
2020-06-19 13:28:34 DEBUG [MockBuilder.java:94] set createdBy -> xWgZNDMLgH
2020-06-19 13:28:34 DEBUG [MockBuilder.java:94] set shipCancelDate -> 1981-05-01
2020-06-19 13:28:34 DEBUG [MockBuilder.java:94] set commCust -> itFggmf
2020-06-19 13:28:34 DEBUG [MockBuilder.java:94] set createTimestamp -> 1970-01-01T01:11:28
2020-06-19 13:28:34 DEBUG [MockBuilder.java:94] set legacyOrderNumber -> 230817235
2020-06-19 13:28:34 DEBUG [MockBuilder.java:94] set validations -> null
2020-06-19 13:28:34 DEBUG [MockBuilder.java:94] set dunsNbr -> hYyDtFFtMmGWiuc
2020-06-19 13:28:34 DEBUG [MockBuilder.java:94] set shawOrderNbr -> AjOmWN
2020-06-19 13:28:34 DEBUG [MockBuilder.java:94] set createTimestamp -> 1970-01-01T02:38:24
2020-06-19 13:28:34 DEBUG [MockBuilder.java:94] set beg -> jisso
2020-06-19 13:28:34 DEBUG [MockBuilder.java:94] set nbDate -> 1980-11-27
2020-06-19 13:28:34 DEBUG [MockBuilder.java:94] set changeTimestamp -> 1970-01-01T02:33:33
2020-06-19 13:28:34 DEBUG [MockBuilder.java:94] set requestOrderJson -> PpDKIUBvwfPkwxBRepBM
2020-06-19 13:28:34 DEBUG [MockBuilder.java:94] set changedBy -> piHPdjKuoJ
2020-06-19 13:28:34 DEBUG [MockBuilder.java:94] set changeTimestamp -> 1970-01-01T00:44:12
2020-06-19 13:28:34 DEBUG [MockBuilder.java:94] set dateValue -> 1981-05-24
2020-06-19 13:28:34 DEBUG [MockBuilder.java:94] set freightType -> LZZEiFEZZWaXcXZfiSXB
2020-06-19 13:28:34 DEBUG [MockBuilder.java:94] set orderType -> SHanLYAkEJqltiNgyeAQ
2020-06-19 13:28:34 DEBUG [MockBuilder.java:94] set changedBy -> juFlczSorv
2020-06-19 13:28:34 DEBUG [MockBuilder.java:94] set createdBy -> fosJFkUMPv
2020-06-19 13:28:34 DEBUG [MockBuilder.java:94] set poNumber -> yewCGEzEIzysRDIOmbKP
2020-06-19 13:28:34 DEBUG [MockBuilder.java:94] set changedBy -> RguMDsVexc
2020-06-19 13:28:34 DEBUG [MockBuilder.java:94] set changeTimestamp -> 1970-01-01T02:20:25
2020-06-19 13:28:34 DEBUG [MockBuilder.java:94] set createTimestamp -> 1970-01-01T01:23:13
2020-06-19 13:28:34 DEBUG [MockBuilder.java:94] set qualifier -> iLY
2020-06-19 13:28:34 DEBUG [MockBuilder.java:94] set customerNumber -> IMNsXF
2020-06-19 13:28:34 DEBUG [MockBuilder.java:94] set createTimestamp -> 1970-01-01T00:59:35
2020-06-19 13:28:34 DEBUG [MockBuilder.java:94] set dateValue -> 1973-01-06
2020-06-19 13:28:34 DEBUG [MockBuilder.java:94] set changeTimestamp -> 1970-01-01T00:31:02
2020-06-19 13:28:34 DEBUG [MockBuilder.java:94] set agreementNumber -> PulihOuOksCkvjR
2020-06-19 13:28:34 DEBUG [MockBuilder.java:94] set dateValue -> 1992-01-09
2020-06-19 13:28:34 DEBUG [MockBuilder.java:94] set createdBy -> hDhUtlBKzG
2020-06-19 13:28:34 DEBUG [MockBuilder.java:94] set changedBy -> MwrXAGskFN
2020-06-19 13:28:34 DEBUG [MockBuilder.java:94] set createdBy -> aVQvOFiJCr
2020-06-19 13:28:34 DEBUG [MockBuilder.java:94] set carrierCode -> qH
2020-06-19 13:28:34 DEBUG [MockBuilder.java:94] set country -> Cv
2020-06-19 13:28:34 DEBUG [MockBuilder.java:94] set qualifier -> kEF
2020-06-19 13:28:34 DEBUG [MockBuilder.java:94] set zip -> oTSvtYASCurJdNFx
2020-06-19 13:28:34 DEBUG [MockBuilder.java:94] set customerCode -> Cp
2020-06-19 13:28:34 DEBUG [MockBuilder.java:94] set country -> AY
2020-06-19 13:28:34 DEBUG [MockBuilder.java:94] set storeName -> phIElPmVPPYgcAemMJqI
2020-06-19 13:28:34 DEBUG [MockBuilder.java:94] set province -> pEACdDxOoCrgSTJWlCH
2020-06-19 13:28:34 DEBUG [MockBuilder.java:94] set qualifier -> zJR
2020-06-19 13:28:34 DEBUG [MockBuilder.java:94] set zip -> ewSKHjtlRnvZTNwZ
2020-06-19 13:28:34 DEBUG [MockBuilder.java:94] set billToStore -> meMcQqzLDj
2020-06-19 13:28:34 DEBUG [MockBuilder.java:94] set poDate -> com.shaw.ediorderservices.persistance.sqlserver.entity.date.PoDate@1edaa8ed
2020-06-19 13:28:34 DEBUG [MockBuilder.java:94] set cancelDate -> com.shaw.ediorderservices.persistance.sqlserver.entity.date.CancelDate@6beca155
2020-06-19 13:28:34 DEBUG [MockBuilder.java:94] set shipDate -> com.shaw.ediorderservices.persistance.sqlserver.entity.date.ShipDate@69823333
2020-06-19 13:28:34 DEBUG [MockBuilder.java:94] set sampVvalue -> VqHXAVpqhVQVChKMXRot
2020-06-19 13:28:34 DEBUG [MockBuilder.java:94] set dates -> null
2020-06-19 13:28:34 DEBUG [MockBuilder.java:94] set serviceCode -> BCvjjzMYqhqtlqghSvkb
2020-06-19 13:28:34 DEBUG [MockBuilder.java:94] set custDept -> fwZor
2020-06-19 13:28:34 DEBUG [MockBuilder.java:94] set generics -> null
2020-06-19 13:28:34 DEBUG [MockBuilder.java:94] set addressLine1 -> JDHBrTOENzfTejDdpJsf
2020-06-19 13:28:34 DEBUG [MockBuilder.java:94] set sampType -> LdKJMfvkhWJgzzDuSjjF
2020-06-19 13:28:34 DEBUG [MockBuilder.java:94] set createTimestamp -> 1970-01-01T00:05:35
2020-06-19 13:28:34 DEBUG [MockBuilder.java:94] set lines -> null
2020-06-19 13:28:34 DEBUG [MockBuilder.java:94] set state -> uH
2020-06-19 13:28:34 DEBUG [MockBuilder.java:94] set province -> zKnRROzJIpiPPeXYYcA
2020-06-19 13:28:34 DEBUG [MockBuilder.java:94] set changeTimestamp -> 1970-01-01T01:23:07
2020-06-19 13:28:34 DEBUG [MockBuilder.java:94] set careOf -> kjtCRimzxdZrBliqoNJD
2020-06-19 13:28:34 DEBUG [MockBuilder.java:94] set createdBy -> dtajkETrMw
2020-06-19 13:28:34 DEBUG [MockBuilder.java:94] set name -> lYYJpBkpuZnYGlrmgDDE
2020-06-19 13:28:34 DEBUG [MockBuilder.java:94] set careOf -> QNYQjZACYcFWHfkmQiFO
2020-06-19 13:28:34 DEBUG [MockBuilder.java:94] set state -> cu
2020-06-19 13:28:34 DEBUG [MockBuilder.java:94] set country -> NU
2020-06-19 13:28:34 DEBUG [MockBuilder.java:94] set changedBy -> QGmqbEleKU
2020-06-19 13:28:34 DEBUG [MockBuilder.java:94] set city -> nxwmyDtCOhtERwLdWYPw
2020-06-19 13:28:34 DEBUG [MockBuilder.java:94] set phone -> TkwwedAhRktEJsL
2020-06-19 13:28:34 DEBUG [MockBuilder.java:94] set createTimestamp -> 1970-01-01T01:49
2020-06-19 13:28:34 DEBUG [MockBuilder.java:94] set billFlag -> P
2020-06-19 13:28:34 DEBUG [MockBuilder.java:94] set accountNbr -> rPMvSsadGCfImfwQKaUP
2020-06-19 13:28:34 DEBUG [MockBuilder.java:94] set changeTimestamp -> 1970-01-01T00:26:02
2020-06-19 13:28:34 DEBUG [MockBuilder.java:94] set name -> KHCmfvBKKcpwOlkzIPJp
2020-06-19 13:28:34 DEBUG [MockBuilder.java:94] set addressLine2 -> QPnowPJoXlHPvilPiasq
2020-06-19 13:28:34 DEBUG [MockBuilder.java:94] set createTimestamp -> 1970-01-01T00:55:45
2020-06-19 13:28:34 DEBUG [MockBuilder.java:94] set changedBy -> JgNCjQFPrf
2020-06-19 13:28:34 DEBUG [MockBuilder.java:94] set createdBy -> torNdZLlql
2020-06-19 13:28:34 DEBUG [MockBuilder.java:94] set changeTimestamp -> 1970-01-01T01:47:26
2020-06-19 13:28:34 DEBUG [MockBuilder.java:94] set zip -> tBeuVGYhlLfGfceX
2020-06-19 13:28:34 DEBUG [MockBuilder.java:94] set changedBy -> foohcOQrmS
2020-06-19 13:28:34 DEBUG [MockBuilder.java:94] set addressLine2 -> BTLfEXoyYmYUeEksQXWu
2020-06-19 13:28:34 DEBUG [MockBuilder.java:94] set city -> jshzyJKpgSrLoEKOHiYB
2020-06-19 13:28:34 DEBUG [MockBuilder.java:94] set province -> XBdqsFLMieFncialzWb
2020-06-19 13:28:34 DEBUG [MockBuilder.java:94] set state -> SK
2020-06-19 13:28:34 DEBUG [MockBuilder.java:94] set addressLine1 -> zgoBJjzjRJjTadqZdwDv
2020-06-19 13:28:34 DEBUG [MockBuilder.java:94] set createdBy -> TKbgUEmlpC
2020-06-19 13:28:34 DEBUG [MockBuilder.java:94] set phone -> SGGqMUOTKtJkvze
2020-06-19 13:28:34 DEBUG [MockBuilder.java:94] set phone -> OhWgXaaLeuuyNzB
2020-06-19 13:28:34 DEBUG [MockBuilder.java:94] set city -> QgfyXQhFzXVvwWKzXiKJ
2020-06-19 13:28:34 DEBUG [MockBuilder.java:94] set addressLine2 -> XMWmjsBRmjXCVCIjUkjC
2020-06-19 13:28:34 DEBUG [MockBuilder.java:94] set shipToFlag -> 7951223.186845618
2020-06-19 13:28:34 DEBUG [MockBuilder.java:94] set shipFlag -> a
2020-06-19 13:28:34 DEBUG [MockBuilder.java:94] set truncFlag -> i
2020-06-19 13:28:34 DEBUG [MockBuilder.java:94] set poDate -> 1976-04-20
2020-06-19 13:28:34 DEBUG [MockBuilder.java:94] set custNbr -> XMhWXMw
2020-06-19 13:28:34 DEBUG [MockBuilder.java:94] set name -> ISCfXtuAaHGCNRxCHPcO
2020-06-19 13:28:34 DEBUG [MockBuilder.java:94] set addressLine1 -> cKHURPbHZvroKWztXPfl
2020-06-19 13:28:34 DEBUG [MockBuilder.java:94] set destinationCode -> rv
2020-06-19 13:28:34 DEBUG [MockBuilder.java:94] set careOf -> EGvdCqiEkyqgMqDLpRNp
2020-06-19 13:28:34 DEBUG [MockBuilder.java:94] set shipToAddress -> com.shaw.ediorderservices.persistance.sqlserver.entity.address.ShipToAddress@3842cbf0
2020-06-19 13:28:34 DEBUG [MockBuilder.java:94] set ediOrder -> null
2020-06-19 13:28:34 DEBUG [MockBuilder.java:94] set thirdPartyAddress -> com.shaw.ediorderservices.persistance.sqlserver.entity.address.ThirdPartyAddress@53d088c4
2020-06-19 13:28:34 DEBUG [MockBuilder.java:94] set ediOrder -> null
2020-06-19 13:28:34 DEBUG [MockBuilder.java:94] set consumerAddress -> com.shaw.ediorderservices.persistance.sqlserver.entity.address.ConsumerAddress@68eaf68f
2020-06-19 13:28:34 DEBUG [MockBuilder.java:94] set createTimestamp -> 1970-01-01T01:23:04
2020-06-19 13:28:34 DEBUG [MockBuilder.java:94] set lineType -> eagABpuRVyFbRkzDIQXw
2020-06-19 13:28:34 DEBUG [MockBuilder.java:94] set ref -> KIO
2020-06-19 13:28:34 DEBUG [MockBuilder.java:94] set changedBy -> NIiIlwDDBS
2020-06-19 13:28:34 DEBUG [MockBuilder.java:94] set changeTimestamp -> 1970-01-01T00:34:44
2020-06-19 13:28:34 DEBUG [MockBuilder.java:94] set color -> tzPlX
2020-06-19 13:28:34 DEBUG [MockBuilder.java:94] set shipDate -> 1973-12-10
2020-06-19 13:28:34 DEBUG [MockBuilder.java:94] set style -> wvQwH
2020-06-19 13:28:34 DEBUG [MockBuilder.java:94] set samplesValue -> MsmQgFhUeMEuTFZWpgfQ
2020-06-19 13:28:34 DEBUG [MockBuilder.java:94] set createdBy -> QsfxzKkpsk
2020-06-19 13:28:34 DEBUG [MockBuilder.java:94] set custReqShipDate -> 1983-07-17
2020-06-19 13:28:34 DEBUG [MockBuilder.java:94] set lineNbr -> 905492
2020-06-19 13:28:34 DEBUG [MockBuilder.java:94] set validations -> null
2020-06-19 13:28:34 DEBUG [MockHelper.java:58] EdiOrder [id=null, customerCode=Cp, orderingSystem=wb, type=SHanLYAkEJqltiNgyeAQ, legacyId=230817235, shawOrderNbr=AjOmWN, carrierCode=qH, customerNumber=IMNsXF, commCust=itFggmf, poNumber=yewCGEzEIzysRDIOmbKP, freightType=LZZEiFEZZWaXcXZfiSXB, serviceCode=BCvjjzMYqhqtlqghSvkb, billToStore=meMcQqzLDj, agreementNumber=PulihOuOksCkvjR, custDept=fwZor, storeName=phIElPmVPPYgcAemMJqI, vendorNo=pJrUfHhRgfJpbMm, dunsNbr=hYyDtFFtMmGWiuc, beg=jisso, shipCancelDate=1981-05-01, shipByDate=1973-11-03, nbDate=1980-11-27, shipDate=com.shaw.ediorderservices.persistance.sqlserver.entity.date.ShipDate@69823333, cancelDate=com.shaw.ediorderservices.persistance.sqlserver.entity.date.CancelDate@6beca155, poDate=com.shaw.ediorderservices.persistance.sqlserver.entity.date.PoDate@1edaa8ed, dates=null, shipToAddress=com.shaw.ediorderservices.persistance.sqlserver.entity.address.ShipToAddress@3842cbf0, consumerAddress=com.shaw.ediorderservices.persistance.sqlserver.entity.address.ConsumerAddress@68eaf68f, thirdPartyAddress=com.shaw.ediorderservices.persistance.sqlserver.entity.address.ThirdPartyAddress@53d088c4, lines=[com.shaw.ediorderservices.persistance.sqlserver.entity.line.SamplesEdiLine@2c740de7], generics=null, validations=null]
]]></system-out>
    <system-err><![CDATA[java.lang.InstantiationException
	at java.base/jdk.internal.reflect.InstantiationExceptionConstructorAccessorImpl.newInstance(InstantiationExceptionConstructorAccessorImpl.java:48)
	at java.base/java.lang.reflect.Constructor.newInstanceWithCaller(Constructor.java:500)
	at java.base/java.lang.reflect.Constructor.newInstance(Constructor.java:481)
	at com.shaw.mock.builder.MockBuilder.build(MockBuilder.java:41)
	at com.shaw.mock.builder.MockBuilder.setMockValue(MockBuilder.java:86)
	at com.shaw.mock.builder.MockBuilder.lambda$build$3(MockBuilder.java:42)
	at java.base/java.util.stream.ForEachOps$ForEachOp$OfRef.accept(ForEachOps.java:183)
	at java.base/java.util.ArrayList$ArrayListSpliterator.forEachRemaining(ArrayList.java:1624)
	at java.base/java.util.stream.AbstractPipeline.copyInto(AbstractPipeline.java:484)
	at java.base/java.util.stream.ForEachOps$ForEachTask.compute(ForEachOps.java:290)
	at java.base/java.util.concurrent.CountedCompleter.exec(CountedCompleter.java:746)
	at java.base/java.util.concurrent.ForkJoinTask.doExec(ForkJoinTask.java:290)
	at java.base/java.util.concurrent.ForkJoinPool.awaitJoin(ForkJoinPool.java:1717)
	at java.base/java.util.concurrent.ForkJoinTask.doInvoke(ForkJoinTask.java:411)
	at java.base/java.util.concurrent.ForkJoinTask.invoke(ForkJoinTask.java:736)
	at java.base/java.util.stream.ForEachOps$ForEachOp.evaluateParallel(ForEachOps.java:159)
	at java.base/java.util.stream.ForEachOps$ForEachOp$OfRef.evaluateParallel(ForEachOps.java:173)
	at java.base/java.util.stream.AbstractPipeline.evaluate(AbstractPipeline.java:233)
	at java.base/java.util.stream.ReferencePipeline.forEach(ReferencePipeline.java:497)
	at java.base/java.util.stream.ReferencePipeline$Head.forEach(ReferencePipeline.java:661)
	at com.shaw.mock.builder.MockBuilder.build(MockBuilder.java:42)
	at com.shaw.mock.builder.MockBuilder.setMockValue(MockBuilder.java:86)
	at com.shaw.mock.builder.MockBuilder.lambda$build$3(MockBuilder.java:42)
	at java.base/java.util.stream.ForEachOps$ForEachOp$OfRef.accept(ForEachOps.java:183)
	at java.base/java.util.ArrayList$ArrayListSpliterator.forEachRemaining(ArrayList.java:1624)
	at java.base/java.util.stream.AbstractPipeline.copyInto(AbstractPipeline.java:484)
	at java.base/java.util.stream.ForEachOps$ForEachTask.compute(ForEachOps.java:290)
	at java.base/java.util.concurrent.CountedCompleter.exec(CountedCompleter.java:746)
	at java.base/java.util.concurrent.ForkJoinTask.doExec(ForkJoinTask.java:290)
	at java.base/java.util.concurrent.ForkJoinPool$WorkQueue.topLevelExec(ForkJoinPool.java:1016)
	at java.base/java.util.concurrent.ForkJoinPool.scan(ForkJoinPool.java:1665)
	at java.base/java.util.concurrent.ForkJoinPool.runWorker(ForkJoinPool.java:1598)
	at java.base/java.util.concurrent.ForkJoinWorkerThread.run(ForkJoinWorkerThread.java:177)
java.lang.InstantiationException
	at java.base/jdk.internal.reflect.InstantiationExceptionConstructorAccessorImpl.newInstance(InstantiationExceptionConstructorAccessorImpl.java:48)
	at java.base/java.lang.reflect.Constructor.newInstanceWithCaller(Constructor.java:500)
	at java.base/java.lang.reflect.Constructor.newInstance(Constructor.java:481)
	at com.shaw.mock.builder.MockBuilder.build(MockBuilder.java:41)
	at com.shaw.mock.builder.MockBuilder.setMockValue(MockBuilder.java:86)
	at com.shaw.mock.builder.MockBuilder.lambda$build$3(MockBuilder.java:42)
	at java.base/java.util.stream.ForEachOps$ForEachOp$OfRef.accept(ForEachOps.java:183)
	at java.base/java.util.ArrayList$ArrayListSpliterator.forEachRemaining(ArrayList.java:1624)
	at java.base/java.util.stream.AbstractPipeline.copyInto(AbstractPipeline.java:484)
	at java.base/java.util.stream.ForEachOps$ForEachTask.compute(ForEachOps.java:290)
	at java.base/java.util.concurrent.CountedCompleter.exec(CountedCompleter.java:746)
	at java.base/java.util.concurrent.ForkJoinTask.doExec(ForkJoinTask.java:290)
	at java.base/java.util.concurrent.ForkJoinPool.awaitJoin(ForkJoinPool.java:1717)
	at java.base/java.util.concurrent.ForkJoinTask.doInvoke(ForkJoinTask.java:411)
	at java.base/java.util.concurrent.ForkJoinTask.invoke(ForkJoinTask.java:736)
	at java.base/java.util.stream.ForEachOps$ForEachOp.evaluateParallel(ForEachOps.java:159)
	at java.base/java.util.stream.ForEachOps$ForEachOp$OfRef.evaluateParallel(ForEachOps.java:173)
	at java.base/java.util.stream.AbstractPipeline.evaluate(AbstractPipeline.java:233)
	at java.base/java.util.stream.ReferencePipeline.forEach(ReferencePipeline.java:497)
	at java.base/java.util.stream.ReferencePipeline$Head.forEach(ReferencePipeline.java:661)
	at com.shaw.mock.builder.MockBuilder.build(MockBuilder.java:42)
	at com.shaw.mock.builder.MockBuilder.setMockValue(MockBuilder.java:86)
	at com.shaw.mock.builder.MockBuilder.lambda$build$3(MockBuilder.java:42)
	at java.base/java.util.stream.ForEachOps$ForEachOp$OfRef.accept(ForEachOps.java:183)
	at java.base/java.util.ArrayList$ArrayListSpliterator.forEachRemaining(ArrayList.java:1624)
	at java.base/java.util.stream.AbstractPipeline.copyInto(AbstractPipeline.java:484)
	at java.base/java.util.stream.ForEachOps$ForEachTask.compute(ForEachOps.java:290)
	at java.base/java.util.concurrent.CountedCompleter.exec(CountedCompleter.java:746)
	at java.base/java.util.concurrent.ForkJoinTask.doExec(ForkJoinTask.java:290)
	at java.base/java.util.concurrent.ForkJoinPool$WorkQueue.topLevelExec(ForkJoinPool.java:1016)
	at java.base/java.util.concurrent.ForkJoinPool.scan(ForkJoinPool.java:1665)
	at java.base/java.util.concurrent.ForkJoinPool.runWorker(ForkJoinPool.java:1598)
	at java.base/java.util.concurrent.ForkJoinWorkerThread.run(ForkJoinWorkerThread.java:177)
]]></system-err>
  </testcase>
</testsuite>