<?xml version="1.0" encoding="UTF-8"?>
<testsuite xmlns:xsi="http://www.w3.org/2001/XMLSchema-instance" xsi:noNamespaceSchemaLocation="https://maven.apache.org/surefire/maven-surefire-plugin/xsd/surefire-test-report.xsd" name="com.shaw.ediorderservices.persistance.db2.dao.EdiReasonCodeRepositoryTest" time="0.437" tests="1" errors="0" skipped="1" failures="0">
  <properties>
    <property name="java.specification.version" value="14"/>
    <property name="sun.jnu.encoding" value="UTF-8"/>
    <property name="java.class.path" value="/Users/waaronwaddell/Documents/GitHub/Public/EDI/EDI-Public/target/test-classes:/Users/waaronwaddell/Documents/GitHub/Public/EDI/EDI-Public/target/classes:/Users/waaronwaddell/.m2/repository/com/shaw/mock/mock-builder/0.0.1-SNAPSHOT/mock-builder-0.0.1-SNAPSHOT.jar:/Users/waaronwaddell/.m2/repository/javax/persistence/javax.persistence-api/2.2/javax.persistence-api-2.2.jar:/Users/waaronwaddell/.m2/repository/org/apache/logging/log4j/log4j-core/2.12.1/log4j-core-2.12.1.jar:/Users/waaronwaddell/.m2/repository/org/apache/logging/log4j/log4j-api/2.12.1/log4j-api-2.12.1.jar:/Users/waaronwaddell/.m2/repository/org/springframework/boot/spring-boot-starter-data-jpa/2.2.6.RELEASE/spring-boot-starter-data-jpa-2.2.6.RELEASE.jar:/Users/waaronwaddell/.m2/repository/org/springframework/boot/spring-boot-starter-aop/2.2.6.RELEASE/spring-boot-starter-aop-2.2.6.RELEASE.jar:/Users/waaronwaddell/.m2/repository/org/springframework/spring-aop/5.2.5.RELEASE/spring-aop-5.2.5.RELEASE.jar:/Users/waaronwaddell/.m2/repository/org/aspectj/aspectjweaver/1.9.5/aspectjweaver-1.9.5.jar:/Users/waaronwaddell/.m2/repository/org/springframework/boot/spring-boot-starter-jdbc/2.2.6.RELEASE/spring-boot-starter-jdbc-2.2.6.RELEASE.jar:/Users/waaronwaddell/.m2/repository/com/zaxxer/HikariCP/3.4.2/HikariCP-3.4.2.jar:/Users/waaronwaddell/.m2/repository/org/springframework/spring-jdbc/5.2.5.RELEASE/spring-jdbc-5.2.5.RELEASE.jar:/Users/waaronwaddell/.m2/repository/jakarta/activation/jakarta.activation-api/1.2.2/jakarta.activation-api-1.2.2.jar:/Users/waaronwaddell/.m2/repository/jakarta/persistence/jakarta.persistence-api/2.2.3/jakarta.persistence-api-2.2.3.jar:/Users/waaronwaddell/.m2/repository/jakarta/transaction/jakarta.transaction-api/1.3.3/jakarta.transaction-api-1.3.3.jar:/Users/waaronwaddell/.m2/repository/org/hibernate/hibernate-core/5.4.12.Final/hibernate-core-5.4.12.Final.jar:/Users/waaronwaddell/.m2/repository/org/javassist/javassist/3.24.0-GA/javassist-3.24.0-GA.jar:/Users/waaronwaddell/.m2/repository/net/bytebuddy/byte-buddy/1.10.8/byte-buddy-1.10.8.jar:/Users/waaronwaddell/.m2/repository/antlr/antlr/2.7.7/antlr-2.7.7.jar:/Users/waaronwaddell/.m2/repository/org/jboss/jandex/2.1.1.Final/jandex-2.1.1.Final.jar:/Users/waaronwaddell/.m2/repository/org/dom4j/dom4j/2.1.1/dom4j-2.1.1.jar:/Users/waaronwaddell/.m2/repository/org/hibernate/common/hibernate-commons-annotations/5.1.0.Final/hibernate-commons-annotations-5.1.0.Final.jar:/Users/waaronwaddell/.m2/repository/org/glassfish/jaxb/jaxb-runtime/2.3.2/jaxb-runtime-2.3.2.jar:/Users/waaronwaddell/.m2/repository/org/glassfish/jaxb/txw2/2.3.2/txw2-2.3.2.jar:/Users/waaronwaddell/.m2/repository/com/sun/istack/istack-commons-runtime/3.0.8/istack-commons-runtime-3.0.8.jar:/Users/waaronwaddell/.m2/repository/org/jvnet/staxex/stax-ex/1.8.1/stax-ex-1.8.1.jar:/Users/waaronwaddell/.m2/repository/com/sun/xml/fastinfoset/FastInfoset/1.2.16/FastInfoset-1.2.16.jar:/Users/waaronwaddell/.m2/repository/org/springframework/data/spring-data-jpa/2.2.6.RELEASE/spring-data-jpa-2.2.6.RELEASE.jar:/Users/waaronwaddell/.m2/repository/org/springframework/data/spring-data-commons/2.2.6.RELEASE/spring-data-commons-2.2.6.RELEASE.jar:/Users/waaronwaddell/.m2/repository/org/springframework/spring-orm/5.2.5.RELEASE/spring-orm-5.2.5.RELEASE.jar:/Users/waaronwaddell/.m2/repository/org/springframework/spring-context/5.2.5.RELEASE/spring-context-5.2.5.RELEASE.jar:/Users/waaronwaddell/.m2/repository/org/springframework/spring-tx/5.2.5.RELEASE/spring-tx-5.2.5.RELEASE.jar:/Users/waaronwaddell/.m2/repository/org/springframework/spring-beans/5.2.5.RELEASE/spring-beans-5.2.5.RELEASE.jar:/Users/waaronwaddell/.m2/repository/org/springframework/spring-aspects/5.2.5.RELEASE/spring-aspects-5.2.5.RELEASE.jar:/Users/waaronwaddell/.m2/repository/org/springframework/boot/spring-boot-starter-web/2.2.6.RELEASE/spring-boot-starter-web-2.2.6.RELEASE.jar:/Users/waaronwaddell/.m2/repository/org/springframework/boot/spring-boot-starter/2.2.6.RELEASE/spring-boot-starter-2.2.6.RELEASE.jar:/Users/waaronwaddell/.m2/repository/org/springframework/boot/spring-boot/2.2.6.RELEASE/spring-boot-2.2.6.RELEASE.jar:/Users/waaronwaddell/.m2/repository/org/springframework/boot/spring-boot-autoconfigure/2.2.6.RELEASE/spring-boot-autoconfigure-2.2.6.RELEASE.jar:/Users/waaronwaddell/.m2/repository/org/springframework/boot/spring-boot-starter-logging/2.2.6.RELEASE/spring-boot-starter-logging-2.2.6.RELEASE.jar:/Users/waaronwaddell/.m2/repository/ch/qos/logback/logback-classic/1.2.3/logback-classic-1.2.3.jar:/Users/waaronwaddell/.m2/repository/ch/qos/logback/logback-core/1.2.3/logback-core-1.2.3.jar:/Users/waaronwaddell/.m2/repository/org/apache/logging/log4j/log4j-to-slf4j/2.12.1/log4j-to-slf4j-2.12.1.jar:/Users/waaronwaddell/.m2/repository/org/slf4j/jul-to-slf4j/1.7.30/jul-to-slf4j-1.7.30.jar:/Users/waaronwaddell/.m2/repository/jakarta/annotation/jakarta.annotation-api/1.3.5/jakarta.annotation-api-1.3.5.jar:/Users/waaronwaddell/.m2/repository/org/yaml/snakeyaml/1.25/snakeyaml-1.25.jar:/Users/waaronwaddell/.m2/repository/org/springframework/boot/spring-boot-starter-json/2.2.6.RELEASE/spring-boot-starter-json-2.2.6.RELEASE.jar:/Users/waaronwaddell/.m2/repository/com/fasterxml/jackson/core/jackson-databind/2.10.3/jackson-databind-2.10.3.jar:/Users/waaronwaddell/.m2/repository/com/fasterxml/jackson/core/jackson-core/2.10.3/jackson-core-2.10.3.jar:/Users/waaronwaddell/.m2/repository/com/fasterxml/jackson/datatype/jackson-datatype-jdk8/2.10.3/jackson-datatype-jdk8-2.10.3.jar:/Users/waaronwaddell/.m2/repository/com/fasterxml/jackson/datatype/jackson-datatype-jsr310/2.10.3/jackson-datatype-jsr310-2.10.3.jar:/Users/waaronwaddell/.m2/repository/com/fasterxml/jackson/module/jackson-module-parameter-names/2.10.3/jackson-module-parameter-names-2.10.3.jar:/Users/waaronwaddell/.m2/repository/org/springframework/boot/spring-boot-starter-tomcat/2.2.6.RELEASE/spring-boot-starter-tomcat-2.2.6.RELEASE.jar:/Users/waaronwaddell/.m2/repository/org/apache/tomcat/embed/tomcat-embed-core/9.0.33/tomcat-embed-core-9.0.33.jar:/Users/waaronwaddell/.m2/repository/org/apache/tomcat/embed/tomcat-embed-el/9.0.33/tomcat-embed-el-9.0.33.jar:/Users/waaronwaddell/.m2/repository/org/apache/tomcat/embed/tomcat-embed-websocket/9.0.33/tomcat-embed-websocket-9.0.33.jar:/Users/waaronwaddell/.m2/repository/org/springframework/boot/spring-boot-starter-validation/2.2.6.RELEASE/spring-boot-starter-validation-2.2.6.RELEASE.jar:/Users/waaronwaddell/.m2/repository/jakarta/validation/jakarta.validation-api/2.0.2/jakarta.validation-api-2.0.2.jar:/Users/waaronwaddell/.m2/repository/org/hibernate/validator/hibernate-validator/6.0.18.Final/hibernate-validator-6.0.18.Final.jar:/Users/waaronwaddell/.m2/repository/org/springframework/spring-web/5.2.5.RELEASE/spring-web-5.2.5.RELEASE.jar:/Users/waaronwaddell/.m2/repository/org/springframework/spring-webmvc/5.2.5.RELEASE/spring-webmvc-5.2.5.RELEASE.jar:/Users/waaronwaddell/.m2/repository/org/springframework/spring-expression/5.2.5.RELEASE/spring-expression-5.2.5.RELEASE.jar:/Users/waaronwaddell/.m2/repository/com/google/collections/google-collections/1.0/google-collections-1.0.jar:/Users/waaronwaddell/.m2/repository/com/google/code/gson/gson/2.8.6/gson-2.8.6.jar:/Users/waaronwaddell/.m2/repository/org/apache/commons/commons-lang3/3.9/commons-lang3-3.9.jar:/Users/waaronwaddell/.m2/repository/org/mapstruct/mapstruct/1.3.1.Final/mapstruct-1.3.1.Final.jar:/Users/waaronwaddell/.m2/repository/com/h2database/h2/1.4.200/h2-1.4.200.jar:/Users/waaronwaddell/.m2/repository/com/microsoft/sqlserver/mssql-jdbc/7.4.1.jre8/mssql-jdbc-7.4.1.jre8.jar:/Users/waaronwaddell/.m2/repository/io/springfox/springfox-swagger2/2.9.2/springfox-swagger2-2.9.2.jar:/Users/waaronwaddell/.m2/repository/io/swagger/swagger-annotations/1.5.20/swagger-annotations-1.5.20.jar:/Users/waaronwaddell/.m2/repository/io/swagger/swagger-models/1.5.20/swagger-models-1.5.20.jar:/Users/waaronwaddell/.m2/repository/com/fasterxml/jackson/core/jackson-annotations/2.10.3/jackson-annotations-2.10.3.jar:/Users/waaronwaddell/.m2/repository/io/springfox/springfox-spi/2.9.2/springfox-spi-2.9.2.jar:/Users/waaronwaddell/.m2/repository/io/springfox/springfox-core/2.9.2/springfox-core-2.9.2.jar:/Users/waaronwaddell/.m2/repository/io/springfox/springfox-schema/2.9.2/springfox-schema-2.9.2.jar:/Users/waaronwaddell/.m2/repository/io/springfox/springfox-swagger-common/2.9.2/springfox-swagger-common-2.9.2.jar:/Users/waaronwaddell/.m2/repository/io/springfox/springfox-spring-web/2.9.2/springfox-spring-web-2.9.2.jar:/Users/waaronwaddell/.m2/repository/com/google/guava/guava/20.0/guava-20.0.jar:/Users/waaronwaddell/.m2/repository/com/fasterxml/classmate/1.5.1/classmate-1.5.1.jar:/Users/waaronwaddell/.m2/repository/org/slf4j/slf4j-api/1.7.30/slf4j-api-1.7.30.jar:/Users/waaronwaddell/.m2/repository/org/springframework/plugin/spring-plugin-core/1.2.0.RELEASE/spring-plugin-core-1.2.0.RELEASE.jar:/Users/waaronwaddell/.m2/repository/org/springframework/plugin/spring-plugin-metadata/1.2.0.RELEASE/spring-plugin-metadata-1.2.0.RELEASE.jar:/Users/waaronwaddell/.m2/repository/io/springfox/springfox-swagger-ui/2.9.2/springfox-swagger-ui-2.9.2.jar:/Users/waaronwaddell/.m2/repository/org/springframework/boot/spring-boot-starter-test/2.2.6.RELEASE/spring-boot-starter-test-2.2.6.RELEASE.jar:/Users/waaronwaddell/.m2/repository/org/springframework/boot/spring-boot-test/2.2.6.RELEASE/spring-boot-test-2.2.6.RELEASE.jar:/Users/waaronwaddell/.m2/repository/org/springframework/boot/spring-boot-test-autoconfigure/2.2.6.RELEASE/spring-boot-test-autoconfigure-2.2.6.RELEASE.jar:/Users/waaronwaddell/.m2/repository/com/jayway/jsonpath/json-path/2.4.0/json-path-2.4.0.jar:/Users/waaronwaddell/.m2/repository/net/minidev/json-smart/2.3/json-smart-2.3.jar:/Users/waaronwaddell/.m2/repository/net/minidev/accessors-smart/1.2/accessors-smart-1.2.jar:/Users/waaronwaddell/.m2/repository/org/ow2/asm/asm/5.0.4/asm-5.0.4.jar:/Users/waaronwaddell/.m2/repository/jakarta/xml/bind/jakarta.xml.bind-api/2.3.3/jakarta.xml.bind-api-2.3.3.jar:/Users/waaronwaddell/.m2/repository/org/junit/jupiter/junit-jupiter/5.5.2/junit-jupiter-5.5.2.jar:/Users/waaronwaddell/.m2/repository/org/junit/jupiter/junit-jupiter-api/5.5.2/junit-jupiter-api-5.5.2.jar:/Users/waaronwaddell/.m2/repository/org/apiguardian/apiguardian-api/1.1.0/apiguardian-api-1.1.0.jar:/Users/waaronwaddell/.m2/repository/org/opentest4j/opentest4j/1.2.0/opentest4j-1.2.0.jar:/Users/waaronwaddell/.m2/repository/org/junit/platform/junit-platform-commons/1.5.2/junit-platform-commons-1.5.2.jar:/Users/waaronwaddell/.m2/repository/org/junit/jupiter/junit-jupiter-params/5.5.2/junit-jupiter-params-5.5.2.jar:/Users/waaronwaddell/.m2/repository/org/junit/jupiter/junit-jupiter-engine/5.5.2/junit-jupiter-engine-5.5.2.jar:/Users/waaronwaddell/.m2/repository/org/junit/platform/junit-platform-engine/1.5.2/junit-platform-engine-1.5.2.jar:/Users/waaronwaddell/.m2/repository/org/mockito/mockito-junit-jupiter/3.1.0/mockito-junit-jupiter-3.1.0.jar:/Users/waaronwaddell/.m2/repository/org/assertj/assertj-core/3.13.2/assertj-core-3.13.2.jar:/Users/waaronwaddell/.m2/repository/org/hamcrest/hamcrest/2.1/hamcrest-2.1.jar:/Users/waaronwaddell/.m2/repository/org/mockito/mockito-core/3.1.0/mockito-core-3.1.0.jar:/Users/waaronwaddell/.m2/repository/net/bytebuddy/byte-buddy-agent/1.10.8/byte-buddy-agent-1.10.8.jar:/Users/waaronwaddell/.m2/repository/org/objenesis/objenesis/2.6/objenesis-2.6.jar:/Users/waaronwaddell/.m2/repository/org/skyscreamer/jsonassert/1.5.0/jsonassert-1.5.0.jar:/Users/waaronwaddell/.m2/repository/com/vaadin/external/google/android-json/0.0.20131108.vaadin1/android-json-0.0.20131108.vaadin1.jar:/Users/waaronwaddell/.m2/repository/org/springframework/spring-core/5.2.5.RELEASE/spring-core-5.2.5.RELEASE.jar:/Users/waaronwaddell/.m2/repository/org/springframework/spring-jcl/5.2.5.RELEASE/spring-jcl-5.2.5.RELEASE.jar:/Users/waaronwaddell/.m2/repository/org/springframework/spring-test/5.2.5.RELEASE/spring-test-5.2.5.RELEASE.jar:/Users/waaronwaddell/.m2/repository/org/xmlunit/xmlunit-core/2.6.4/xmlunit-core-2.6.4.jar:/Users/waaronwaddell/.m2/repository/org/springframework/boot/spring-boot-configuration-processor/2.2.6.RELEASE/spring-boot-configuration-processor-2.2.6.RELEASE.jar:/Users/waaronwaddell/.m2/repository/org/hibernate/hibernate-ehcache/5.4.12.Final/hibernate-ehcache-5.4.12.Final.jar:/Users/waaronwaddell/.m2/repository/org/jboss/logging/jboss-logging/3.4.1.Final/jboss-logging-3.4.1.Final.jar:/Users/waaronwaddell/.m2/repository/net/sf/ehcache/ehcache/2.10.6/ehcache-2.10.6.jar:/Users/waaronwaddell/.m2/repository/commons-dbcp/commons-dbcp/1.4/commons-dbcp-1.4.jar:/Users/waaronwaddell/.m2/repository/commons-pool/commons-pool/1.6/commons-pool-1.6.jar:"/>
    <property name="java.vm.vendor" value="Oracle Corporation"/>
    <property name="sun.arch.data.model" value="64"/>
    <property name="java.vendor.url" value="https://java.oracle.com/"/>
    <property name="os.name" value="Mac OS X"/>
    <property name="java.vm.specification.version" value="14"/>
    <property name="sun.java.launcher" value="SUN_STANDARD"/>
    <property name="user.country" value="US"/>
    <property name="sun.boot.library.path" value="/Library/Java/JavaVirtualMachines/jdk-14.0.1.jdk/Contents/Home/lib"/>
    <property name="sun.java.command" value="/Users/waaronwaddell/Documents/GitHub/Public/EDI/EDI-Public/target/surefire/surefirebooter1253495891782149255.jar /Users/waaronwaddell/Documents/GitHub/Public/EDI/EDI-Public/target/surefire 2020-06-19T13-28-19_209-jvmRun1 surefire7372129257937609197tmp surefire_07823809038847804982tmp"/>
    <property name="http.nonProxyHosts" value="local|*.local|169.254/16|*.169.254/16"/>
    <property name="jdk.debug" value="release"/>
    <property name="surefire.test.class.path" value="/Users/waaronwaddell/Documents/GitHub/Public/EDI/EDI-Public/target/test-classes:/Users/waaronwaddell/Documents/GitHub/Public/EDI/EDI-Public/target/classes:/Users/waaronwaddell/.m2/repository/com/shaw/mock/mock-builder/0.0.1-SNAPSHOT/mock-builder-0.0.1-SNAPSHOT.jar:/Users/waaronwaddell/.m2/repository/javax/persistence/javax.persistence-api/2.2/javax.persistence-api-2.2.jar:/Users/waaronwaddell/.m2/repository/org/apache/logging/log4j/log4j-core/2.12.1/log4j-core-2.12.1.jar:/Users/waaronwaddell/.m2/repository/org/apache/logging/log4j/log4j-api/2.12.1/log4j-api-2.12.1.jar:/Users/waaronwaddell/.m2/repository/org/springframework/boot/spring-boot-starter-data-jpa/2.2.6.RELEASE/spring-boot-starter-data-jpa-2.2.6.RELEASE.jar:/Users/waaronwaddell/.m2/repository/org/springframework/boot/spring-boot-starter-aop/2.2.6.RELEASE/spring-boot-starter-aop-2.2.6.RELEASE.jar:/Users/waaronwaddell/.m2/repository/org/springframework/spring-aop/5.2.5.RELEASE/spring-aop-5.2.5.RELEASE.jar:/Users/waaronwaddell/.m2/repository/org/aspectj/aspectjweaver/1.9.5/aspectjweaver-1.9.5.jar:/Users/waaronwaddell/.m2/repository/org/springframework/boot/spring-boot-starter-jdbc/2.2.6.RELEASE/spring-boot-starter-jdbc-2.2.6.RELEASE.jar:/Users/waaronwaddell/.m2/repository/com/zaxxer/HikariCP/3.4.2/HikariCP-3.4.2.jar:/Users/waaronwaddell/.m2/repository/org/springframework/spring-jdbc/5.2.5.RELEASE/spring-jdbc-5.2.5.RELEASE.jar:/Users/waaronwaddell/.m2/repository/jakarta/activation/jakarta.activation-api/1.2.2/jakarta.activation-api-1.2.2.jar:/Users/waaronwaddell/.m2/repository/jakarta/persistence/jakarta.persistence-api/2.2.3/jakarta.persistence-api-2.2.3.jar:/Users/waaronwaddell/.m2/repository/jakarta/transaction/jakarta.transaction-api/1.3.3/jakarta.transaction-api-1.3.3.jar:/Users/waaronwaddell/.m2/repository/org/hibernate/hibernate-core/5.4.12.Final/hibernate-core-5.4.12.Final.jar:/Users/waaronwaddell/.m2/repository/org/javassist/javassist/3.24.0-GA/javassist-3.24.0-GA.jar:/Users/waaronwaddell/.m2/repository/net/bytebuddy/byte-buddy/1.10.8/byte-buddy-1.10.8.jar:/Users/waaronwaddell/.m2/repository/antlr/antlr/2.7.7/antlr-2.7.7.jar:/Users/waaronwaddell/.m2/repository/org/jboss/jandex/2.1.1.Final/jandex-2.1.1.Final.jar:/Users/waaronwaddell/.m2/repository/org/dom4j/dom4j/2.1.1/dom4j-2.1.1.jar:/Users/waaronwaddell/.m2/repository/org/hibernate/common/hibernate-commons-annotations/5.1.0.Final/hibernate-commons-annotations-5.1.0.Final.jar:/Users/waaronwaddell/.m2/repository/org/glassfish/jaxb/jaxb-runtime/2.3.2/jaxb-runtime-2.3.2.jar:/Users/waaronwaddell/.m2/repository/org/glassfish/jaxb/txw2/2.3.2/txw2-2.3.2.jar:/Users/waaronwaddell/.m2/repository/com/sun/istack/istack-commons-runtime/3.0.8/istack-commons-runtime-3.0.8.jar:/Users/waaronwaddell/.m2/repository/org/jvnet/staxex/stax-ex/1.8.1/stax-ex-1.8.1.jar:/Users/waaronwaddell/.m2/repository/com/sun/xml/fastinfoset/FastInfoset/1.2.16/FastInfoset-1.2.16.jar:/Users/waaronwaddell/.m2/repository/org/springframework/data/spring-data-jpa/2.2.6.RELEASE/spring-data-jpa-2.2.6.RELEASE.jar:/Users/waaronwaddell/.m2/repository/org/springframework/data/spring-data-commons/2.2.6.RELEASE/spring-data-commons-2.2.6.RELEASE.jar:/Users/waaronwaddell/.m2/repository/org/springframework/spring-orm/5.2.5.RELEASE/spring-orm-5.2.5.RELEASE.jar:/Users/waaronwaddell/.m2/repository/org/springframework/spring-context/5.2.5.RELEASE/spring-context-5.2.5.RELEASE.jar:/Users/waaronwaddell/.m2/repository/org/springframework/spring-tx/5.2.5.RELEASE/spring-tx-5.2.5.RELEASE.jar:/Users/waaronwaddell/.m2/repository/org/springframework/spring-beans/5.2.5.RELEASE/spring-beans-5.2.5.RELEASE.jar:/Users/waaronwaddell/.m2/repository/org/springframework/spring-aspects/5.2.5.RELEASE/spring-aspects-5.2.5.RELEASE.jar:/Users/waaronwaddell/.m2/repository/org/springframework/boot/spring-boot-starter-web/2.2.6.RELEASE/spring-boot-starter-web-2.2.6.RELEASE.jar:/Users/waaronwaddell/.m2/repository/org/springframework/boot/spring-boot-starter/2.2.6.RELEASE/spring-boot-starter-2.2.6.RELEASE.jar:/Users/waaronwaddell/.m2/repository/org/springframework/boot/spring-boot/2.2.6.RELEASE/spring-boot-2.2.6.RELEASE.jar:/Users/waaronwaddell/.m2/repository/org/springframework/boot/spring-boot-autoconfigure/2.2.6.RELEASE/spring-boot-autoconfigure-2.2.6.RELEASE.jar:/Users/waaronwaddell/.m2/repository/org/springframework/boot/spring-boot-starter-logging/2.2.6.RELEASE/spring-boot-starter-logging-2.2.6.RELEASE.jar:/Users/waaronwaddell/.m2/repository/ch/qos/logback/logback-classic/1.2.3/logback-classic-1.2.3.jar:/Users/waaronwaddell/.m2/repository/ch/qos/logback/logback-core/1.2.3/logback-core-1.2.3.jar:/Users/waaronwaddell/.m2/repository/org/apache/logging/log4j/log4j-to-slf4j/2.12.1/log4j-to-slf4j-2.12.1.jar:/Users/waaronwaddell/.m2/repository/org/slf4j/jul-to-slf4j/1.7.30/jul-to-slf4j-1.7.30.jar:/Users/waaronwaddell/.m2/repository/jakarta/annotation/jakarta.annotation-api/1.3.5/jakarta.annotation-api-1.3.5.jar:/Users/waaronwaddell/.m2/repository/org/yaml/snakeyaml/1.25/snakeyaml-1.25.jar:/Users/waaronwaddell/.m2/repository/org/springframework/boot/spring-boot-starter-json/2.2.6.RELEASE/spring-boot-starter-json-2.2.6.RELEASE.jar:/Users/waaronwaddell/.m2/repository/com/fasterxml/jackson/core/jackson-databind/2.10.3/jackson-databind-2.10.3.jar:/Users/waaronwaddell/.m2/repository/com/fasterxml/jackson/core/jackson-core/2.10.3/jackson-core-2.10.3.jar:/Users/waaronwaddell/.m2/repository/com/fasterxml/jackson/datatype/jackson-datatype-jdk8/2.10.3/jackson-datatype-jdk8-2.10.3.jar:/Users/waaronwaddell/.m2/repository/com/fasterxml/jackson/datatype/jackson-datatype-jsr310/2.10.3/jackson-datatype-jsr310-2.10.3.jar:/Users/waaronwaddell/.m2/repository/com/fasterxml/jackson/module/jackson-module-parameter-names/2.10.3/jackson-module-parameter-names-2.10.3.jar:/Users/waaronwaddell/.m2/repository/org/springframework/boot/spring-boot-starter-tomcat/2.2.6.RELEASE/spring-boot-starter-tomcat-2.2.6.RELEASE.jar:/Users/waaronwaddell/.m2/repository/org/apache/tomcat/embed/tomcat-embed-core/9.0.33/tomcat-embed-core-9.0.33.jar:/Users/waaronwaddell/.m2/repository/org/apache/tomcat/embed/tomcat-embed-el/9.0.33/tomcat-embed-el-9.0.33.jar:/Users/waaronwaddell/.m2/repository/org/apache/tomcat/embed/tomcat-embed-websocket/9.0.33/tomcat-embed-websocket-9.0.33.jar:/Users/waaronwaddell/.m2/repository/org/springframework/boot/spring-boot-starter-validation/2.2.6.RELEASE/spring-boot-starter-validation-2.2.6.RELEASE.jar:/Users/waaronwaddell/.m2/repository/jakarta/validation/jakarta.validation-api/2.0.2/jakarta.validation-api-2.0.2.jar:/Users/waaronwaddell/.m2/repository/org/hibernate/validator/hibernate-validator/6.0.18.Final/hibernate-validator-6.0.18.Final.jar:/Users/waaronwaddell/.m2/repository/org/springframework/spring-web/5.2.5.RELEASE/spring-web-5.2.5.RELEASE.jar:/Users/waaronwaddell/.m2/repository/org/springframework/spring-webmvc/5.2.5.RELEASE/spring-webmvc-5.2.5.RELEASE.jar:/Users/waaronwaddell/.m2/repository/org/springframework/spring-expression/5.2.5.RELEASE/spring-expression-5.2.5.RELEASE.jar:/Users/waaronwaddell/.m2/repository/com/google/collections/google-collections/1.0/google-collections-1.0.jar:/Users/waaronwaddell/.m2/repository/com/google/code/gson/gson/2.8.6/gson-2.8.6.jar:/Users/waaronwaddell/.m2/repository/org/apache/commons/commons-lang3/3.9/commons-lang3-3.9.jar:/Users/waaronwaddell/.m2/repository/org/mapstruct/mapstruct/1.3.1.Final/mapstruct-1.3.1.Final.jar:/Users/waaronwaddell/.m2/repository/com/h2database/h2/1.4.200/h2-1.4.200.jar:/Users/waaronwaddell/.m2/repository/com/microsoft/sqlserver/mssql-jdbc/7.4.1.jre8/mssql-jdbc-7.4.1.jre8.jar:/Users/waaronwaddell/.m2/repository/io/springfox/springfox-swagger2/2.9.2/springfox-swagger2-2.9.2.jar:/Users/waaronwaddell/.m2/repository/io/swagger/swagger-annotations/1.5.20/swagger-annotations-1.5.20.jar:/Users/waaronwaddell/.m2/repository/io/swagger/swagger-models/1.5.20/swagger-models-1.5.20.jar:/Users/waaronwaddell/.m2/repository/com/fasterxml/jackson/core/jackson-annotations/2.10.3/jackson-annotations-2.10.3.jar:/Users/waaronwaddell/.m2/repository/io/springfox/springfox-spi/2.9.2/springfox-spi-2.9.2.jar:/Users/waaronwaddell/.m2/repository/io/springfox/springfox-core/2.9.2/springfox-core-2.9.2.jar:/Users/waaronwaddell/.m2/repository/io/springfox/springfox-schema/2.9.2/springfox-schema-2.9.2.jar:/Users/waaronwaddell/.m2/repository/io/springfox/springfox-swagger-common/2.9.2/springfox-swagger-common-2.9.2.jar:/Users/waaronwaddell/.m2/repository/io/springfox/springfox-spring-web/2.9.2/springfox-spring-web-2.9.2.jar:/Users/waaronwaddell/.m2/repository/com/google/guava/guava/20.0/guava-20.0.jar:/Users/waaronwaddell/.m2/repository/com/fasterxml/classmate/1.5.1/classmate-1.5.1.jar:/Users/waaronwaddell/.m2/repository/org/slf4j/slf4j-api/1.7.30/slf4j-api-1.7.30.jar:/Users/waaronwaddell/.m2/repository/org/springframework/plugin/spring-plugin-core/1.2.0.RELEASE/spring-plugin-core-1.2.0.RELEASE.jar:/Users/waaronwaddell/.m2/repository/org/springframework/plugin/spring-plugin-metadata/1.2.0.RELEASE/spring-plugin-metadata-1.2.0.RELEASE.jar:/Users/waaronwaddell/.m2/repository/io/springfox/springfox-swagger-ui/2.9.2/springfox-swagger-ui-2.9.2.jar:/Users/waaronwaddell/.m2/repository/org/springframework/boot/spring-boot-starter-test/2.2.6.RELEASE/spring-boot-starter-test-2.2.6.RELEASE.jar:/Users/waaronwaddell/.m2/repository/org/springframework/boot/spring-boot-test/2.2.6.RELEASE/spring-boot-test-2.2.6.RELEASE.jar:/Users/waaronwaddell/.m2/repository/org/springframework/boot/spring-boot-test-autoconfigure/2.2.6.RELEASE/spring-boot-test-autoconfigure-2.2.6.RELEASE.jar:/Users/waaronwaddell/.m2/repository/com/jayway/jsonpath/json-path/2.4.0/json-path-2.4.0.jar:/Users/waaronwaddell/.m2/repository/net/minidev/json-smart/2.3/json-smart-2.3.jar:/Users/waaronwaddell/.m2/repository/net/minidev/accessors-smart/1.2/accessors-smart-1.2.jar:/Users/waaronwaddell/.m2/repository/org/ow2/asm/asm/5.0.4/asm-5.0.4.jar:/Users/waaronwaddell/.m2/repository/jakarta/xml/bind/jakarta.xml.bind-api/2.3.3/jakarta.xml.bind-api-2.3.3.jar:/Users/waaronwaddell/.m2/repository/org/junit/jupiter/junit-jupiter/5.5.2/junit-jupiter-5.5.2.jar:/Users/waaronwaddell/.m2/repository/org/junit/jupiter/junit-jupiter-api/5.5.2/junit-jupiter-api-5.5.2.jar:/Users/waaronwaddell/.m2/repository/org/apiguardian/apiguardian-api/1.1.0/apiguardian-api-1.1.0.jar:/Users/waaronwaddell/.m2/repository/org/opentest4j/opentest4j/1.2.0/opentest4j-1.2.0.jar:/Users/waaronwaddell/.m2/repository/org/junit/platform/junit-platform-commons/1.5.2/junit-platform-commons-1.5.2.jar:/Users/waaronwaddell/.m2/repository/org/junit/jupiter/junit-jupiter-params/5.5.2/junit-jupiter-params-5.5.2.jar:/Users/waaronwaddell/.m2/repository/org/junit/jupiter/junit-jupiter-engine/5.5.2/junit-jupiter-engine-5.5.2.jar:/Users/waaronwaddell/.m2/repository/org/junit/platform/junit-platform-engine/1.5.2/junit-platform-engine-1.5.2.jar:/Users/waaronwaddell/.m2/repository/org/mockito/mockito-junit-jupiter/3.1.0/mockito-junit-jupiter-3.1.0.jar:/Users/waaronwaddell/.m2/repository/org/assertj/assertj-core/3.13.2/assertj-core-3.13.2.jar:/Users/waaronwaddell/.m2/repository/org/hamcrest/hamcrest/2.1/hamcrest-2.1.jar:/Users/waaronwaddell/.m2/repository/org/mockito/mockito-core/3.1.0/mockito-core-3.1.0.jar:/Users/waaronwaddell/.m2/repository/net/bytebuddy/byte-buddy-agent/1.10.8/byte-buddy-agent-1.10.8.jar:/Users/waaronwaddell/.m2/repository/org/objenesis/objenesis/2.6/objenesis-2.6.jar:/Users/waaronwaddell/.m2/repository/org/skyscreamer/jsonassert/1.5.0/jsonassert-1.5.0.jar:/Users/waaronwaddell/.m2/repository/com/vaadin/external/google/android-json/0.0.20131108.vaadin1/android-json-0.0.20131108.vaadin1.jar:/Users/waaronwaddell/.m2/repository/org/springframework/spring-core/5.2.5.RELEASE/spring-core-5.2.5.RELEASE.jar:/Users/waaronwaddell/.m2/repository/org/springframework/spring-jcl/5.2.5.RELEASE/spring-jcl-5.2.5.RELEASE.jar:/Users/waaronwaddell/.m2/repository/org/springframework/spring-test/5.2.5.RELEASE/spring-test-5.2.5.RELEASE.jar:/Users/waaronwaddell/.m2/repository/org/xmlunit/xmlunit-core/2.6.4/xmlunit-core-2.6.4.jar:/Users/waaronwaddell/.m2/repository/org/springframework/boot/spring-boot-configuration-processor/2.2.6.RELEASE/spring-boot-configuration-processor-2.2.6.RELEASE.jar:/Users/waaronwaddell/.m2/repository/org/hibernate/hibernate-ehcache/5.4.12.Final/hibernate-ehcache-5.4.12.Final.jar:/Users/waaronwaddell/.m2/repository/org/jboss/logging/jboss-logging/3.4.1.Final/jboss-logging-3.4.1.Final.jar:/Users/waaronwaddell/.m2/repository/net/sf/ehcache/ehcache/2.10.6/ehcache-2.10.6.jar:/Users/waaronwaddell/.m2/repository/commons-dbcp/commons-dbcp/1.4/commons-dbcp-1.4.jar:/Users/waaronwaddell/.m2/repository/commons-pool/commons-pool/1.6/commons-pool-1.6.jar:"/>
    <property name="sun.cpu.endian" value="little"/>
    <property name="user.home" value="/Users/waaronwaddell"/>
    <property name="user.language" value="en"/>
    <property name="java.specification.vendor" value="Oracle Corporation"/>
    <property name="java.version.date" value="2020-04-14"/>
    <property name="java.home" value="/Library/Java/JavaVirtualMachines/jdk-14.0.1.jdk/Contents/Home"/>
    <property name="file.separator" value="/"/>
    <property name="style.color" value="always"/>
    <property name="basedir" value="/Users/waaronwaddell/Documents/GitHub/Public/EDI/EDI-Public"/>
    <property name="java.vm.compressedOopsMode" value="Zero based"/>
    <property name="line.separator" value="&#10;"/>
    <property name="java.specification.name" value="Java Platform API Specification"/>
    <property name="java.vm.specification.vendor" value="Oracle Corporation"/>
    <property name="surefire.real.class.path" value="/Users/waaronwaddell/Documents/GitHub/Public/EDI/EDI-Public/target/surefire/surefirebooter1253495891782149255.jar"/>
    <property name="sun.management.compiler" value="HotSpot 64-Bit Tiered Compilers"/>
    <property name="ftp.nonProxyHosts" value="local|*.local|169.254/16|*.169.254/16"/>
    <property name="java.runtime.version" value="14.0.1+7"/>
    <property name="user.name" value="waaronwaddell"/>
    <property name="path.separator" value=":"/>
    <property name="os.version" value="10.15.5"/>
    <property name="java.runtime.name" value="Java(TM) SE Runtime Environment"/>
    <property name="file.encoding" value="UTF-8"/>
    <property name="java.vm.name" value="Java HotSpot(TM) 64-Bit Server VM"/>
    <property name="localRepository" value="/Users/waaronwaddell/.m2/repository"/>
    <property name="java.vendor.url.bug" value="https://bugreport.java.com/bugreport/"/>
    <property name="java.io.tmpdir" value="/var/folders/v1/7ssr3hdd2_qfv951y30bn48w0000gn/T/"/>
    <property name="java.version" value="14.0.1"/>
    <property name="user.dir" value="/Users/waaronwaddell/Documents/GitHub/Public/EDI/EDI-Public"/>
    <property name="os.arch" value="x86_64"/>
    <property name="java.vm.specification.name" value="Java Virtual Machine Specification"/>
    <property name="java.library.path" value="/Users/waaronwaddell/Library/Java/Extensions:/Library/Java/Extensions:/Network/Library/Java/Extensions:/System/Library/Java/Extensions:/usr/lib/java:."/>
    <property name="java.vm.info" value="mixed mode, sharing"/>
    <property name="java.vendor" value="Oracle Corporation"/>
    <property name="java.vm.version" value="14.0.1+7"/>
    <property name="sun.io.unicode.encoding" value="UnicodeBig"/>
    <property name="socksNonProxyHosts" value="local|*.local|169.254/16|*.169.254/16"/>
    <property name="java.class.version" value="58.0"/>
  </properties>
  <testcase name="testCache" classname="com.shaw.ediorderservices.persistance.db2.dao.EdiReasonCodeRepositoryTest" time="0">
    <skipped message="void com.shaw.ediorderservices.persistance.db2.dao.EdiReasonCodeRepositoryTest.testCache() is @Disabled"/>
    <system-out><![CDATA[2020-06-19 13:28:25 DEBUG [MockBuilder.java:94] set specialInst4 -> jexggbrfGyrxpLGfVSSq
2020-06-19 13:28:25 DEBUG [MockBuilder.java:94] set territory -> AGJmWXDLhSTgyeoZnLVN
2020-06-19 13:28:25 DEBUG [MockBuilder.java:94] set termsDesc -> jQPTeSPYYIrGbHNxpkib
2020-06-19 13:28:25 DEBUG [MockBuilder.java:94] set fob -> SwpyXtNDOGFvxAJKdgOK
2020-06-19 13:28:25 DEBUG [MockBuilder.java:94] set storeTypeDesc -> QMpsUFAUGMUKueDhptVX
2020-06-19 13:28:25 DEBUG [MockBuilder.java:94] set status -> hihqYOefHLUdUpQMQxLn
2020-06-19 13:28:25 DEBUG [MockBuilder.java:94] set specialInst1 -> yjtTHlKEuezcYthOxIjF
2020-06-19 13:28:25 DEBUG [MockBuilder.java:94] set cptPriCarrier -> LIsWDUmPoGzdTLlHVyeU
2020-06-19 13:28:25 DEBUG [MockBuilder.java:94] set statusMsg -> ztaqhyOxhIKmVJXdZsyF
2020-06-19 13:28:25 DEBUG [MockBuilder.java:94] set territoryName -> jZvDFDAhactiKhXUrKJZ
2020-06-19 13:28:25 DEBUG [MockBuilder.java:94] set faxNbr -> rnilRToYnrvjTqJhFJVa
2020-06-19 13:28:25 DEBUG [MockBuilder.java:94] set zip -> klvQYIcnUzdchXPiPekO
2020-06-19 13:28:25 DEBUG [MockBuilder.java:94] set custNbr -> rzrSGykgThlrbAlmHiNf
2020-06-19 13:28:25 DEBUG [MockBuilder.java:94] set refNbr -> BIMhRdJxpXOMWimoDTUV
2020-06-19 13:28:25 DEBUG [MockBuilder.java:94] set state -> lajGFPIIDkBCIKIzbBXK
2020-06-19 13:28:25 DEBUG [MockBuilder.java:94] set salesPerson -> XOTCkolkrLQqAohuptBl
2020-06-19 13:28:25 DEBUG [MockBuilder.java:94] set custName -> qCYXnomKblEXRiFTPRuj
2020-06-19 13:28:25 DEBUG [MockBuilder.java:94] set plant -> LAJXMpQtwjjUpuTqhqhq
2020-06-19 13:28:25 DEBUG [MockBuilder.java:94] set cptileMillCarrier -> QEDopvEbmmdSkSzITdOG
2020-06-19 13:28:25 DEBUG [MockBuilder.java:94] set dateAdded -> nzEIxqwIjPCJgGIhMCEs
2020-06-19 13:28:25 DEBUG [MockBuilder.java:94] set selCo -> TqVEvZiKAPGCnmTBqVBp
2020-06-19 13:28:25 DEBUG [MockBuilder.java:94] set region -> aOlXJQIZtEcdUlYWXXwd
2020-06-19 13:28:25 DEBUG [MockBuilder.java:94] set termsCode -> BCHRDmWruUZPteKXxcLh
2020-06-19 13:28:25 DEBUG [MockBuilder.java:94] set refName -> ARIULLVFyyWhIDiBoSOc
2020-06-19 13:28:25 DEBUG [MockBuilder.java:94] set cptSecCarrier -> fjjkDwHSydCMuLlmSYjG
2020-06-19 13:28:25 DEBUG [MockBuilder.java:94] set cptLoc -> oNSIbTjoGtXmHddMaZen
2020-06-19 13:28:25 DEBUG [MockBuilder.java:94] set division -> iVpCCWrJVANtyEdgTmDh
2020-06-19 13:28:25 DEBUG [MockBuilder.java:94] set grpAcct -> BwCgXUQzAWuzMCgJudPa
2020-06-19 13:28:25 DEBUG [MockBuilder.java:94] set specialInst3 -> gwhubvDjGOmuZfOpJtKn
2020-06-19 13:28:25 DEBUG [MockBuilder.java:94] set commName -> pufPDHVCYCxzabaZUuxW
2020-06-19 13:28:25 DEBUG [MockBuilder.java:94] set districtManager -> kOIOrZfbRExZkRmqkpeN
2020-06-19 13:28:25 DEBUG [MockBuilder.java:94] set specialInst2 -> niQLltkkWnEQvItalJrq
2020-06-19 13:28:25 DEBUG [MockBuilder.java:94] set deliverySched -> BaVNYwtCOlKfAndAvwKw
2020-06-19 13:28:25 DEBUG [MockBuilder.java:94] set district2 -> svUUPKhhGaHXrnRQCpYR
2020-06-19 13:28:25 DEBUG [MockBuilder.java:94] set rugsSecCarrier -> xbFxDqZLzUGKPMdbeXPI
2020-06-19 13:28:25 DEBUG [MockBuilder.java:94] set district -> GzeAQTPKtYRhJMPoYgvS
2020-06-19 13:28:25 DEBUG [MockBuilder.java:94] set whseCarrier -> XbAQYJqVoIznKWaAalHM
2020-06-19 13:28:25 DEBUG [MockBuilder.java:94] set selcoName -> pQKQUWguwXzsjohJmrcI
2020-06-19 13:28:25 DEBUG [MockBuilder.java:94] set custSelco -> XEvZeSVausnrhKgTiLBK
2020-06-19 13:28:25 DEBUG [MockBuilder.java:94] set city -> KzglZLVpGahcwNFTwTgQ
2020-06-19 13:28:25 DEBUG [MockBuilder.java:94] set rugsPriCarrier -> UENoPuFzBJwvMZInpdqy
2020-06-19 13:28:25 DEBUG [MockBuilder.java:94] set custKwic -> bszcAaRKqzOtbRksUcLY
2020-06-19 13:28:25 DEBUG [MockBuilder.java:94] set phoneNbr -> UbzyMtIvOJBWlohQDHnE
2020-06-19 13:28:25 DEBUG [MockBuilder.java:94] set loc -> otFMlKJfEFZcUqykEpWm
2020-06-19 13:28:25 DEBUG [MockBuilder.java:94] set clericalInst1 -> GJjYVUvrOOjIwUeZeVaz
2020-06-19 13:28:25 DEBUG [MockBuilder.java:94] set addr2 -> rNSTBsqCYmGVwcaQzJCg
2020-06-19 13:28:25 DEBUG [MockBuilder.java:94] set addr1 -> HwxtXWLoEDyoeQsWGpEh
2020-06-19 13:28:25 DEBUG [MockBuilder.java:94] set millCarrier -> pVKVwhsTPYlUgCxLmGnz
2020-06-19 13:28:25 DEBUG [MockBuilder.java:94] set commCust -> mviVMQylxaSsrZqYPLVN
2020-06-19 13:28:25 DEBUG [MockBuilder.java:94] set clericalInst2 -> rGECRlqAOkeWmhWzmYNt
2020-06-19 13:28:25 DEBUG [MockBuilder.java:94] set area -> HIxyerCwqtdFJyAiOYea
2020-06-19 13:28:25 DEBUG [MockBuilder.java:94] set cptileWhseCarrier -> ktLSbkVAxbGLcijHActa
2020-06-19 13:28:25 DEBUG [MockBuilder.java:94] set cptileId -> VrDzLNphbFYvwefNLvyJ
2020-06-19 13:28:25 DEBUG [MockBuilder.java:94] set commCustInd -> true
2020-06-19 13:28:25 DEBUG [MockBuilder.java:94] set cptileLoc -> scZOVyYedOMeCEanETOR
2020-06-19 13:28:25 DEBUG [MockBuilder.java:94] set partNbr -> JGpAFsGAdxlrKlVYQJGs
2020-06-19 13:28:25 DEBUG [MockBuilder.java:94] set samplesSeqNbr -> hKXpzuIARfWFhWeMiNDZ
2020-06-19 13:28:25 DEBUG [MockBuilder.java:94] set delVehName -> BmAdchtvZIaSOCInWyqX
2020-06-19 13:28:25 DEBUG [MockBuilder.java:94] set packType -> bTJIXwcZgZFPeObYkMZk
2020-06-19 13:28:25 DEBUG [MockBuilder.java:94] set invPartNbr -> dQkLTBCGCvZpVLjohaLf
2020-06-19 13:28:25 DEBUG [MockBuilder.java:94] set invStyleNbr -> FCqQGRUZnyxfPxENcgXJ
2020-06-19 13:28:25 DEBUG [MockBuilder.java:94] set samplesColorNbr -> xbvocOuZqZpfzRgFYRat
2020-06-19 13:28:25 DEBUG [MockBuilder.java:94] set delVehNbr -> TsIzmjAopotaBkYTJGmq
2020-06-19 13:28:25 DEBUG [MockBuilder.java:94] set invColorNbr -> qZyeNsgShTFCPNeUckLm
2020-06-19 13:28:25 DEBUG [MockBuilder.java:94] set subset -> NvoaxOZmeGFKPcTXvfze
2020-06-19 13:28:25 DEBUG [MockBuilder.java:94] set samplesStyleNbr -> ZbhqkHRPXRJddOvxYLnS
2020-06-19 13:28:25 DEBUG [MockBuilder.java:94] set cartonQty -> 445465
2020-06-19 13:28:25 DEBUG [MockBuilder.java:94] set resultType -> GVJrYcqKmPqTOudwKrwY
2020-06-19 13:28:25 DEBUG [MockBuilder.java:94] set orderNbr -> ougCDTWcXCkKmsdkYJVS
2020-06-19 13:28:25 DEBUG [MockBuilder.java:94] set restricted -> true
2020-06-19 13:28:25 DEBUG [MockBuilder.java:94] set resultMessage -> bUXeVtJVdhgkQWWqdHAJ
2020-06-19 13:28:25 DEBUG [MockBuilder.java:94] set successful -> true
2020-06-19 13:28:25 DEBUG [MockBuilder.java:94] set orderDate -> null
2020-06-19 13:28:25 DEBUG [MockBuilder.java:94] set changeTimestamp -> 1970-01-01T00:33:30
2020-06-19 13:28:25 DEBUG [MockBuilder.java:94] set createTimestamp -> 1970-01-01T00:48:28
2020-06-19 13:28:25 DEBUG [MockBuilder.java:94] set createdBy -> RwXiaHkGuL
2020-06-19 13:28:25 DEBUG [MockBuilder.java:94] set changedBy -> xEtwcbiVgp
2020-06-19 13:28:25 DEBUG [MockBuilder.java:94] set actionCode -> wzoPbNqKpd
2020-06-19 13:28:25 DEBUG [MockBuilder.java:94] set description -> NKNrOzMjkjhOQfXhiwyf
2020-06-19 13:28:25 DEBUG [MockBuilder.java:94] set status -> P
2020-06-19 13:28:25 DEBUG [MockBuilder.java:94] set assignedTo -> pcSQbrpMqL
2020-06-19 13:28:25 DEBUG [MockBuilder.java:94] set createdBy -> nguWxDdZzF
2020-06-19 13:28:25 DEBUG [MockBuilder.java:94] set assignedTo -> dPAyvdUQFR
2020-06-19 13:28:25 DEBUG [MockBuilder.java:94] set createTimestamp -> 1970-01-01T01:33:58
2020-06-19 13:28:25 DEBUG [MockBuilder.java:94] set description -> zUAxYUzKXJAJrQptDllz
2020-06-19 13:28:25 DEBUG [MockBuilder.java:94] set actionCode -> gbwEXsdkmx
2020-06-19 13:28:25 DEBUG [MockBuilder.java:94] set changeTimestamp -> 1970-01-01T01:36:01
2020-06-19 13:28:25 DEBUG [MockBuilder.java:94] set status -> o
2020-06-19 13:28:25 DEBUG [MockBuilder.java:94] set changedBy -> CWnQRsYtKD
2020-06-19 13:28:25 DEBUG [MockBuilder.java:94] set eventInfo -> tcROlnvznUynPbJ
2020-06-19 13:28:25 DEBUG [MockBuilder.java:94] set orderingSystem -> dX
2020-06-19 13:28:25 DEBUG [MockBuilder.java:94] set purchasedBy -> XpvkKtZZiVQROukBLupo
2020-06-19 13:28:25 DEBUG [MockBuilder.java:94] set explodeFlag -> X
2020-06-19 13:28:25 DEBUG [MockBuilder.java:94] set phoneNumber -> cYsTrBtCyJM
2020-06-19 13:28:25 DEBUG [MockBuilder.java:94] set consStatusMsg -> QHaehPRtwHTRKOUasaxz
2020-06-19 13:28:25 DEBUG [MockBuilder.java:94] set fobPoint -> us
2020-06-19 13:28:25 DEBUG [MockBuilder.java:94] set poControl -> UqVmd
2020-06-19 13:28:25 DEBUG [MockBuilder.java:94] set contractUsageInd -> K
2020-06-19 13:28:25 DEBUG [MockBuilder.java:94] set rcdCode -> b
2020-06-19 13:28:25 DEBUG [MockBuilder.java:94] set frtCode -> S
2020-06-19 13:28:25 DEBUG [MockBuilder.java:94] set crossDockCenter -> KHRhaOxsYf
2020-06-19 13:28:25 DEBUG [MockBuilder.java:94] set poType -> HuMMR
2020-06-19 13:28:25 DEBUG [MockBuilder.java:94] set giftMessage1 -> NVQVhBUWeLKrQCWMRDOO
2020-06-19 13:28:25 DEBUG [MockBuilder.java:94] set custDept -> tnxvF
2020-06-19 13:28:25 DEBUG [MockBuilder.java:94] set receivedTimestamp -> 1970-01-01T00:55:12
2020-06-19 13:28:25 DEBUG [MockBuilder.java:94] set poTypeSuffix -> vRqtGrBwPs
2020-06-19 13:28:25 DEBUG [MockBuilder.java:94] set giftMessage2 -> ivrDGToshEPhUFnowyuG
2020-06-19 13:28:25 DEBUG [MockBuilder.java:94] set chngLid -> pSdSxidb
2020-06-19 13:28:25 DEBUG [MockBuilder.java:94] set psMsg -> QGDEZGHeeOErGgFBMGxR
2020-06-19 13:28:25 DEBUG [MockBuilder.java:94] set hostAlertFlag -> L
2020-06-19 13:28:25 DEBUG [MockBuilder.java:94] set chngTimestamp -> 1970-01-01T02:40:21
2020-06-19 13:28:25 DEBUG [MockBuilder.java:94] set refTcNbr -> fIHlhACDKCbGFXXVRSmV
2020-06-19 13:28:25 DEBUG [MockBuilder.java:94] set reserveOrderInd -> i
2020-06-19 13:28:25 DEBUG [MockBuilder.java:94] set dunsNbr -> fpAVIQBcUAYRAue
2020-06-19 13:28:25 DEBUG [MockBuilder.java:94] set poDateValue -> 1982-02-20
2020-06-19 13:28:25 DEBUG [MockBuilder.java:94] set returnMsg -> qtAbCHgYtiZnRVZZBxqc
2020-06-19 13:28:25 DEBUG [MockBuilder.java:94] set errorCode -> Uav
2020-06-19 13:28:25 DEBUG [MockBuilder.java:94] set poDateQualifier -> UtC
2020-06-19 13:28:25 DEBUG [MockBuilder.java:94] set orderRetTotal -> 6745856.722298283
2020-06-19 13:28:25 DEBUG [MockBuilder.java:94] set routeByDate -> 1971-08-01
2020-06-19 13:28:25 DEBUG [MockBuilder.java:94] set errorDescription -> MDpuNPDiGiZGzLmHDfnw
2020-06-19 13:28:25 DEBUG [MockBuilder.java:94] set orderType -> o
2020-06-19 13:28:25 DEBUG [MockBuilder.java:94] set poNumber -> UHYixJdtXToFGmlvgXQQ
2020-06-19 13:28:25 DEBUG [MockBuilder.java:94] set errorTimestamp -> 1970-01-01T00:09:39
2020-06-19 13:28:25 DEBUG [MockBuilder.java:94] set beg -> xWudG
2020-06-19 13:28:25 DEBUG [MockBuilder.java:94] set orderTypeDesc -> uyWmfWlBSUvuxQZ
2020-06-19 13:28:25 DEBUG [MockBuilder.java:94] set poQual -> dn
2020-06-19 13:28:25 DEBUG [MockBuilder.java:94] set deliveryDate -> 1981-05-07
2020-06-19 13:28:25 DEBUG [MockBuilder.java:94] set billToState -> Uy
2020-06-19 13:28:25 DEBUG [MockBuilder.java:94] set orderWeight -> 612974.520994185
2020-06-19 13:28:25 DEBUG [MockBuilder.java:94] set shipPartCompInd -> n
2020-06-19 13:28:25 DEBUG [MockBuilder.java:94] set delvCutOffDt -> 1996-07-03
2020-06-19 13:28:25 DEBUG [MockBuilder.java:94] set billToStore -> boKiOMupkC
2020-06-19 13:28:25 DEBUG [MockBuilder.java:94] set shipPt -> lS
2020-06-19 13:28:25 DEBUG [MockBuilder.java:94] set divDesc -> XQZsuNlTfsKbrRKMOpyF
2020-06-19 13:28:25 DEBUG [MockBuilder.java:94] set storeName -> GYwlqlxibnrqGVlOuBMJ
2020-06-19 13:28:25 DEBUG [MockBuilder.java:94] set specialInstruct1 -> ckZZWlNepiLSNVgDMkSh
2020-06-19 13:28:25 DEBUG [MockBuilder.java:94] set ohStatusCode -> E
2020-06-19 13:28:25 DEBUG [MockBuilder.java:94] set bsStoreNbr -> ZQekzRnbUh
2020-06-19 13:28:25 DEBUG [MockBuilder.java:94] set specialInstruct2 -> KPBebUZGHCNzObAMZyaP
2020-06-19 13:28:25 DEBUG [MockBuilder.java:94] set termsNetDays -> Ync
2020-06-19 13:28:25 DEBUG [MockBuilder.java:94] set cancelDateQualifier -> PLQ
2020-06-19 13:28:25 DEBUG [MockBuilder.java:94] set commCust -> gUDEVHq
2020-06-19 13:28:25 DEBUG [MockBuilder.java:94] set termsTypeFlag -> Ai
2020-06-19 13:28:25 DEBUG [MockBuilder.java:94] set carrierCode -> EA
2020-06-19 13:28:25 DEBUG [MockBuilder.java:94] set orderRetHand -> 5365661.480323573
2020-06-19 13:28:25 DEBUG [MockBuilder.java:94] set customerCode -> YR
2020-06-19 13:28:25 DEBUG [MockBuilder.java:94] set totalBindingFt -> 3335279.482705053
2020-06-19 13:28:25 DEBUG [MockBuilder.java:94] set custNbr -> TFLfCxk
2020-06-19 13:28:25 DEBUG [MockBuilder.java:94] set customerRefNbr -> KwC
2020-06-19 13:28:25 DEBUG [MockBuilder.java:94] set srvLevel -> Ga
2020-06-19 13:28:25 DEBUG [MockBuilder.java:94] set salesCheckNumber -> FyiyVeHBlqdQEoaDtedt
2020-06-19 13:28:25 DEBUG [MockBuilder.java:94] set statusCode -> n
2020-06-19 13:28:25 DEBUG [MockBuilder.java:94] set customerSidemark -> OjvijYHHeBfNQuigdnis
2020-06-19 13:28:25 DEBUG [MockBuilder.java:94] set salesReqCode -> Ve
2020-06-19 13:28:25 DEBUG [MockBuilder.java:94] set stdCarrAlphaInd -> YmQo
2020-06-19 13:28:25 DEBUG [MockBuilder.java:94] set onNote -> eAdIJByYzCmKNvGcTJai
2020-06-19 13:28:25 DEBUG [MockBuilder.java:94] set sellCo -> Gk
2020-06-19 13:28:25 DEBUG [MockBuilder.java:94] set custPmtMeth -> KCStbiDFCqvIhACeMySU
2020-06-19 13:28:25 DEBUG [MockBuilder.java:94] set specialInstruct3 -> OeFUrZnINoOJEXLIoOqX
2020-06-19 13:28:25 DEBUG [MockBuilder.java:94] set seqNbr -> 77230
2020-06-19 13:28:25 DEBUG [MockBuilder.java:94] set custSpInst -> htjNVRiacmWGcQozmrMx
2020-06-19 13:28:25 DEBUG [MockBuilder.java:94] set specialInstruct4 -> jtQJFTZkQcparYExPkjJ
2020-06-19 13:28:25 DEBUG [MockBuilder.java:94] set custWhNbr -> TfjR
2020-06-19 13:28:25 DEBUG [MockBuilder.java:94] set orderRetSh -> 4170375.5861852616
2020-06-19 13:28:25 DEBUG [MockBuilder.java:94] set specialPoNo -> LqiZVrnsiSJHPfjVPNUI
2020-06-19 13:28:25 DEBUG [MockBuilder.java:94] set cbCutLength -> 1517945.5304127673
2020-06-19 13:28:25 DEBUG [MockBuilder.java:94] set onlineType -> y
2020-06-19 13:28:25 DEBUG [MockBuilder.java:94] set shipComplete -> N
2020-06-19 13:28:25 DEBUG [MockBuilder.java:94] set agreementNumber -> PioDwZmJIReFSkj
2020-06-19 13:28:25 DEBUG [MockBuilder.java:94] set shipDateValue -> 1989-04-10
2020-06-19 13:28:25 DEBUG [MockBuilder.java:94] set assignedAgent -> MNMmewDJ
2020-06-19 13:28:25 DEBUG [MockBuilder.java:94] set shipDateQualifier -> zYM
2020-06-19 13:28:25 DEBUG [MockBuilder.java:94] set authRep -> MMhGOAmcOowZRAztJtjY
2020-06-19 13:28:25 DEBUG [MockBuilder.java:94] set shipInstruction -> RshaFTYEJeooSNxYiCJX
2020-06-19 13:28:25 DEBUG [MockBuilder.java:94] set authorizationNo -> JayEqXodUO
2020-06-19 13:28:25 DEBUG [MockBuilder.java:94] set shipByCutOffDt -> 1990-07-27
2020-06-19 13:28:25 DEBUG [MockBuilder.java:94] set acctContact -> itkKznbzRIMnfWjNTAhR
2020-06-19 13:28:25 DEBUG [MockBuilder.java:94] set shipByDate -> 1979-03-22
2020-06-19 13:28:25 DEBUG [MockBuilder.java:94] set shipCancelDate -> 1971-08-12
2020-06-19 13:28:25 DEBUG [MockBuilder.java:94] set orderDate -> 1975-10-24
2020-06-19 13:28:25 DEBUG [MockBuilder.java:94] set userId -> UjMrFbKK
2020-06-19 13:28:25 DEBUG [MockBuilder.java:94] set phone -> EIqyYFHNMLbsfRm
2020-06-19 13:28:25 DEBUG [MockBuilder.java:94] set orderLoc -> yl
2020-06-19 13:28:25 DEBUG [MockBuilder.java:94] set nbDate -> 1981-07-12
2020-06-19 13:28:25 DEBUG [MockBuilder.java:94] set province -> oipsNoLkHzWTvaTdATN
2020-06-19 13:28:25 DEBUG [MockBuilder.java:94] set orderMerCost -> 3630170.772339641
2020-06-19 13:28:25 DEBUG [MockBuilder.java:94] set newStoreInd -> R
2020-06-19 13:28:25 DEBUG [MockBuilder.java:94] set shawOrderNumber -> ymjVWC
2020-06-19 13:28:25 DEBUG [MockBuilder.java:94] set noAsnFlag -> G
2020-06-19 13:28:25 DEBUG [MockBuilder.java:94] set name -> NQZVegSMWXMBSmzhPysr
2020-06-19 13:28:25 DEBUG [MockBuilder.java:94] set orderRetTax -> 7076789.7626677975
2020-06-19 13:28:25 DEBUG [MockBuilder.java:94] set addressLine2 -> gvowSMOztqhYzuzKpyAz
2020-06-19 13:28:25 DEBUG [MockBuilder.java:94] set ohCancelDateValue -> 1972-05-08
2020-06-19 13:28:25 DEBUG [MockBuilder.java:94] set destCode -> nm
2020-06-19 13:28:25 DEBUG [MockBuilder.java:94] set acknowlegeOrdInd -> C
2020-06-19 13:28:25 DEBUG [MockBuilder.java:94] set vendorNo -> SxJpBZKaZhztcHw
2020-06-19 13:28:25 DEBUG [MockBuilder.java:94] set country -> SWDNNuSgHWJBkKawSrZ
2020-06-19 13:28:25 DEBUG [MockBuilder.java:94] set addrKey -> 333968
2020-06-19 13:28:25 DEBUG [MockBuilder.java:94] set city -> DxwcgkknJgDxCOlyegk
2020-06-19 13:28:25 DEBUG [MockBuilder.java:94] set wcStore -> JVSBzEgybI
2020-06-19 13:28:25 DEBUG [MockBuilder.java:94] set addressLine1 -> BsOJiDbaLHCodZTMxehP
2020-06-19 13:28:25 DEBUG [MockBuilder.java:94] set truncFlag -> f
2020-06-19 13:28:25 DEBUG [MockBuilder.java:94] set store -> AnLlyHHxxI
2020-06-19 13:28:25 DEBUG [MockBuilder.java:94] set zip -> xDEoyxpzGbI
2020-06-19 13:28:25 DEBUG [MockBuilder.java:94] set inputMethod -> SwWRFHinZZ
2020-06-19 13:28:25 DEBUG [MockBuilder.java:94] set custNbr -> ShebQyn
2020-06-19 13:28:25 DEBUG [MockBuilder.java:94] set name -> WFPTVhcczjJRnlriApJm
2020-06-19 13:28:25 DEBUG [MockBuilder.java:94] set markForStore -> EazkDgeBRE
2020-06-19 13:28:25 DEBUG [MockBuilder.java:94] set cphone -> wCwmBVuGlUKfAiEbXZHS
2020-06-19 13:28:25 DEBUG [MockBuilder.java:94] set mediaEventCode -> dC
2020-06-19 13:28:25 DEBUG [MockBuilder.java:94] set consumerPoDateValue -> 1981-08-20
2020-06-19 13:28:25 DEBUG [MockBuilder.java:94] set addressLine2 -> HcKEuTQZNFVuZcLRfvBL
2020-06-19 13:28:25 DEBUG [MockBuilder.java:94] set ccountry -> HlzhIHImUJoCdiBDrRRR
2020-06-19 13:28:25 DEBUG [MockBuilder.java:94] set addressLine1 -> wDuoUhrvxMoZeVEOQdQe
2020-06-19 13:28:25 DEBUG [MockBuilder.java:94] set cprovince -> wopCOYLHUmHZgrrrYHTU
2020-06-19 13:28:25 DEBUG [MockBuilder.java:94] set state -> wV
2020-06-19 13:28:25 DEBUG [MockBuilder.java:94] set flag -> 502436
2020-06-19 13:28:25 DEBUG [MockBuilder.java:94] set zip -> NsFhiprob
2020-06-19 13:28:25 DEBUG [MockBuilder.java:94] set cnCity -> VVwzVyqaeqTJUDEKtFx
2020-06-19 13:28:25 DEBUG [MockBuilder.java:94] set state -> Mv
2020-06-19 13:28:25 DEBUG [MockBuilder.java:94] set city -> LIREhvElpHiHAIeuJeO
2020-06-19 13:28:25 DEBUG [MockBuilder.java:94] set consumerShipFlg -> I
2020-06-19 13:28:25 DEBUG [MockBuilder.java:94] set consumerAddress -> LegacyConsumerAddress [cprovince=wopCOYLHUmHZgrrrYHTU, ccountry=HlzhIHImUJoCdiBDrRRR, cphone=wCwmBVuGlUKfAiEbXZHS, addressLine1=wDuoUhrvxMoZeVEOQdQe, addressLine2=HcKEuTQZNFVuZcLRfvBL, city=LIREhvElpHiHAIeuJeO, name=WFPTVhcczjJRnlriApJm, consumerPoDateValue=1981-08-20, consumerShipFlg=I, state=wV, zip=NsFhiprob]
2020-06-19 13:28:25 DEBUG [MockBuilder.java:94] set shipToAddress -> LegacyShipToAddress [addressLine1=BsOJiDbaLHCodZTMxehP, addressLine2=gvowSMOztqhYzuzKpyAz, city=DxwcgkknJgDxCOlyegk, cnCity=VVwzVyqaeqTJUDEKtFx, country=SWDNNuSgHWJBkKawSrZ, custNbr=ShebQyn, destCode=nm, flag=502436, name=NQZVegSMWXMBSmzhPysr, phone=EIqyYFHNMLbsfRm, province=oipsNoLkHzWTvaTdATN, state=Mv, store=AnLlyHHxxI, truncFlag=f, zip=xDEoyxpzGbI]
2020-06-19 13:28:25 DEBUG [MockBuilder.java:94] set addressLine1 -> ZFxECIXQOeRgxZtstNxz
2020-06-19 13:28:25 DEBUG [MockBuilder.java:94] set accountNbr -> dKZGJijNbieQpkIfGIfO
2020-06-19 13:28:25 DEBUG [MockBuilder.java:94] set state -> Ej
2020-06-19 13:28:25 DEBUG [MockBuilder.java:94] set addressLine2 -> KLNQQzQGEkvMaWilNAvz
2020-06-19 13:28:25 DEBUG [MockBuilder.java:94] set billFlag -> H
2020-06-19 13:28:25 DEBUG [MockBuilder.java:94] set name2 -> GmbmCTXIgJZCQIwDyEAH
2020-06-19 13:28:25 DEBUG [MockBuilder.java:94] set zip -> FJjHpAOnTUDZWpQL
2020-06-19 13:28:25 DEBUG [MockBuilder.java:94] set name -> oTqvoNgqUSeKFpXsyQaw
2020-06-19 13:28:25 DEBUG [MockBuilder.java:94] set tpcountry -> lSsSCPBqYPblmCdwVtoV
2020-06-19 13:28:25 DEBUG [MockBuilder.java:94] set tpphone -> pJwCFBjruxhSdskFsvBM
2020-06-19 13:28:25 DEBUG [MockBuilder.java:94] set city -> dpwzLEOlmYgLZQCWFJtD
2020-06-19 13:28:25 DEBUG [MockBuilder.java:94] set tpprovince -> tvRGcKLJLOQHqGXKAuDA
2020-06-19 13:28:25 DEBUG [MockBuilder.java:94] set thirdPartyAddress -> LegacyThirdPartyAddress [tpprovince=tvRGcKLJLOQHqGXKAuDA, tpcountry=lSsSCPBqYPblmCdwVtoV, tpphone=pJwCFBjruxhSdskFsvBM, addressLine1=ZFxECIXQOeRgxZtstNxz, addressLine2=KLNQQzQGEkvMaWilNAvz, accountNbr=dKZGJijNbieQpkIfGIfO, billFlag=H, city=dpwzLEOlmYgLZQCWFJtD, name=oTqvoNgqUSeKFpXsyQaw, name2=GmbmCTXIgJZCQIwDyEAH, state=Ej, zip=FJjHpAOnTUDZWpQL]
2020-06-19 13:28:25 DEBUG [MockBuilder.java:94] set dates -> null
2020-06-19 13:28:25 DEBUG [MockBuilder.java:94] set lines -> null
2020-06-19 13:28:25 DEBUG [MockHelper.java:99] EdiOrderHeader [legacyOrderNumber=null, acctContact=itkKznbzRIMnfWjNTAhR, acknowlegeOrdInd=C, addrKey=333968, agreementNumber=PioDwZmJIReFSkj, assignedAgent=MNMmewDJ, authRep=MMhGOAmcOowZRAztJtjY, authorizationNo=JayEqXodUO, beg=xWudG, billToState=Uy, billToStore=boKiOMupkC, bsStoreNbr=ZQekzRnbUh, cancelDateQualifier=PLQ, carrierCode=EA, cbCutLength=1517945.5304127673, chngLid=pSdSxidb, chngTimestamp=1970-01-01T02:40:21, commCust=gUDEVHq, consStatusMsg=QHaehPRtwHTRKOUasaxz, contractUsageInd=K, crossDockCenter=KHRhaOxsYf, custDept=tnxvF, custPmtMeth=KCStbiDFCqvIhACeMySU, custSpInst=htjNVRiacmWGcQozmrMx, custWhNbr=TfjR, customerCode=YR, custNbr=TFLfCxk, customerRefNbr=KwC, customerSidemark=OjvijYHHeBfNQuigdnis, deliveryDate=1981-05-07, delvCutOffDt=1996-07-03, divDesc=XQZsuNlTfsKbrRKMOpyF, dunsNbr=fpAVIQBcUAYRAue, errorCode=Uav, errorDescription=MDpuNPDiGiZGzLmHDfnw, errorTimestamp=1970-01-01T00:09:39, eventInfo=tcROlnvznUynPbJ, explodeFlag=X, fobPoint=us, frtCode=S, giftMessage1=NVQVhBUWeLKrQCWMRDOO, giftMessage2=ivrDGToshEPhUFnowyuG, hostAlertFlag=L, inputMethod=SwWRFHinZZ, markForStore=EazkDgeBRE, mediaEventCode=dC, nbDate=1981-07-12, newStoreInd=R, noAsnFlag=G, ohCancelDateValue=1972-05-08, ohStatusCode=E, onNote=eAdIJByYzCmKNvGcTJai, onlineType=y, orderDate=1975-10-24, orderLoc=01, orderMerCost=3630170.772339641, shawOrderNumber=ymjVWC, orderRetHand=5365661.480323573, orderRetSh=4170375.5861852616, orderRetTax=7076789.7626677975, orderRetTotal=6745856.722298283, orderType=C, orderTypeDesc=CARPET, orderWeight=612974.520994185, orderingSystem=dX, phoneNumber=cYsTrBtCyJM, poControl=UqVmd, poDateValue=1982-02-20, poDateQualifier=UtC, poNumber=UHYixJdtXToFGmlvgXQQ, poQual=dn, poType=HuMMR, poTypeSuffix=vRqtGrBwPs, psMsg=QGDEZGHeeOErGgFBMGxR, purchasedBy=XpvkKtZZiVQROukBLupo, rcdCode=b, receivedTimestamp=1970-01-01T00:55:12, refTcNbr=fIHlhACDKCbGFXXVRSmV, reserveOrderInd=i, returnMsg=qtAbCHgYtiZnRVZZBxqc, routeByDate=1971-08-01, salesCheckNumber=FyiyVeHBlqdQEoaDtedt, salesReqCode=Ve, sellCo=Gk, seqNbr=77230, shipByCutOffDt=1990-07-27, shipByDate=1979-03-22, shipCancelDate=1971-08-12, shipComplete=N, shipDateValue=1989-04-10, shipDateQualifier=zYM, shipInstruction=RshaFTYEJeooSNxYiCJX, shipPartCompInd=n, shipPt=lS, specialInstruct1=ckZZWlNepiLSNVgDMkSh, specialInstruct2=KPBebUZGHCNzObAMZyaP, specialInstruct3=OeFUrZnINoOJEXLIoOqX, specialInstruct4=jtQJFTZkQcparYExPkjJ, specialPoNo=LqiZVrnsiSJHPfjVPNUI, srvLevel=Ga, statusCode=n, stdCarrAlphaInd=YmQo, storeName=GYwlqlxibnrqGVlOuBMJ, termsNetDays=Ync, termsTypeFlag=Ai, totalBindingFt=3335279.482705053, userId=UjMrFbKK, vendorNo=SxJpBZKaZhztcHw, wcStore=JVSBzEgybI, consumerAddress=LegacyConsumerAddress [cprovince=wopCOYLHUmHZgrrrYHTU, ccountry=HlzhIHImUJoCdiBDrRRR, cphone=wCwmBVuGlUKfAiEbXZHS, addressLine1=wDuoUhrvxMoZeVEOQdQe, addressLine2=HcKEuTQZNFVuZcLRfvBL, city=LIREhvElpHiHAIeuJeO, name=WFPTVhcczjJRnlriApJm, consumerPoDateValue=1981-08-20, consumerShipFlg=I, state=wV, zip=NsFhiprob], shipToAddress=LegacyShipToAddress [addressLine1=BsOJiDbaLHCodZTMxehP, addressLine2=gvowSMOztqhYzuzKpyAz, city=DxwcgkknJgDxCOlyegk, cnCity=VVwzVyqaeqTJUDEKtFx, country=SWDNNuSgHWJBkKawSrZ, custNbr=ShebQyn, destCode=nm, flag=502436, name=NQZVegSMWXMBSmzhPysr, phone=EIqyYFHNMLbsfRm, province=oipsNoLkHzWTvaTdATN, state=Mv, store=AnLlyHHxxI, truncFlag=f, zip=xDEoyxpzGbI], thirdPartyAddress=LegacyThirdPartyAddress [tpprovince=tvRGcKLJLOQHqGXKAuDA, tpcountry=lSsSCPBqYPblmCdwVtoV, tpphone=pJwCFBjruxhSdskFsvBM, addressLine1=ZFxECIXQOeRgxZtstNxz, addressLine2=KLNQQzQGEkvMaWilNAvz, accountNbr=dKZGJijNbieQpkIfGIfO, billFlag=H, city=dpwzLEOlmYgLZQCWFJtD, name=oTqvoNgqUSeKFpXsyQaw, name2=GmbmCTXIgJZCQIwDyEAH, state=Ej, zip=FJjHpAOnTUDZWpQL], dates=null, lines=null]
2020-06-19 13:28:25 DEBUG [MockBuilder.java:94] set beg -> fGTxU
2020-06-19 13:28:25 DEBUG [MockBuilder.java:94] set commCust -> vCoyPWV
2020-06-19 13:28:25 DEBUG [MockBuilder.java:94] set createTimestamp -> 1970-01-01T02:20:37
2020-06-19 13:28:25 DEBUG [MockBuilder.java:94] set shipByDate -> 1977-08-08
2020-06-19 13:28:25 DEBUG [MockBuilder.java:94] set createTimestamp -> 1970-01-01T01:30:50
2020-06-19 13:28:25 DEBUG [MockBuilder.java:94] set freightType -> MbCwztHHCQVYuYHKoRLR
2020-06-19 13:28:25 DEBUG [MockBuilder.java:94] set shipCancelDate -> 1995-12-01
2020-06-19 13:28:25 DEBUG [MockBuilder.java:94] set changeTimestamp -> 1970-01-01T00:43:25
2020-06-19 13:28:25 DEBUG [MockBuilder.java:94] set dunsNbr -> mYahNLtpFwxCaig
2020-06-19 13:28:25 DEBUG [MockBuilder.java:94] set changedBy -> yjAPONPMRx
2020-06-19 13:28:25 DEBUG [MockBuilder.java:94] set changeTimestamp -> 1970-01-01T00:33:51
2020-06-19 13:28:25 DEBUG [MockBuilder.java:94] set vendorNo -> FjNspofHAUyTnoY
2020-06-19 13:28:25 DEBUG [MockBuilder.java:94] set dateValue -> 1970-04-23
2020-06-19 13:28:25 DEBUG [MockBuilder.java:94] set dateValue -> 1996-12-05
2020-06-19 13:28:25 DEBUG [MockBuilder.java:94] set createTimestamp -> 1970-01-01T01:47:47
2020-06-19 13:28:25 DEBUG [MockBuilder.java:94] set changedBy -> cOVZFPqWWy
2020-06-19 13:28:25 DEBUG [MockBuilder.java:94] set createdBy -> cuamBywdae
2020-06-19 13:28:25 DEBUG [MockBuilder.java:94] set createdBy -> nZrEekkdpV
2020-06-19 13:28:25 DEBUG [MockBuilder.java:94] set changeTimestamp -> 1970-01-01T00:25:32
2020-06-19 13:28:25 DEBUG [MockBuilder.java:94] set qualifier -> Cuz
2020-06-19 13:28:25 DEBUG [MockBuilder.java:94] set type -> wHQgCplRwWKxasxAfPBG
2020-06-19 13:28:25 DEBUG [MockBuilder.java:94] set nbDate -> 1970-03-03
2020-06-19 13:28:25 DEBUG [MockBuilder.java:94] set dates -> null
2020-06-19 13:28:25 DEBUG [MockBuilder.java:94] set changedBy -> TUCzFxPkJG
2020-06-19 13:28:25 DEBUG [MockBuilder.java:94] set agreementNumber -> ALBNERWLgsuMxzr
2020-06-19 13:28:25 DEBUG [MockBuilder.java:94] set dateValue -> 1986-08-10
2020-06-19 13:28:25 DEBUG [MockBuilder.java:94] set shipDate -> com.shaw.ediorderservices.persistance.sqlserver.entity.date.ShipDate@72a1ccad
2020-06-19 13:28:25 DEBUG [MockBuilder.java:94] set qualifier -> DTs
2020-06-19 13:28:25 DEBUG [MockBuilder.java:94] set createdBy -> WggDVvHacQ
2020-06-19 13:28:25 DEBUG [MockBuilder.java:94] set storeName -> NmvEqezBYhkNzUiSgzEJ
2020-06-19 13:28:25 DEBUG [MockBuilder.java:94] set poNumber -> wLtiCoXqhNEKCcmeUmQa
2020-06-19 13:28:25 DEBUG [MockBuilder.java:94] set createdBy -> TBLVJOfSnw
2020-06-19 13:28:25 DEBUG [MockBuilder.java:94] set billToStore -> DdJQlhCItz
2020-06-19 13:28:25 DEBUG [MockBuilder.java:94] set qualifier -> UUg
2020-06-19 13:28:25 DEBUG [MockBuilder.java:94] set validations -> null
2020-06-19 13:28:25 DEBUG [MockBuilder.java:94] set serviceCode -> bXyMfaKRpCKFNHvkWbZY
2020-06-19 13:28:25 DEBUG [MockBuilder.java:94] set poDate -> com.shaw.ediorderservices.persistance.sqlserver.entity.date.PoDate@1402eb9
2020-06-19 13:28:25 DEBUG [MockBuilder.java:94] set cancelDate -> com.shaw.ediorderservices.persistance.sqlserver.entity.date.CancelDate@51dd4ab6
2020-06-19 13:28:25 DEBUG [MockBuilder.java:94] set changedBy -> edQTRsNISj
2020-06-19 13:28:25 DEBUG [MockBuilder.java:94] set orderingSystem -> Yp
2020-06-19 13:28:25 DEBUG [MockBuilder.java:94] set requestOrderJson -> YjNAmhurvLHUCePFWWMJ
2020-06-19 13:28:25 DEBUG [MockBuilder.java:94] set changeTimestamp -> 1970-01-01T01:57:24
2020-06-19 13:28:25 DEBUG [MockBuilder.java:94] set customerCode -> UJ
2020-06-19 13:28:25 DEBUG [MockBuilder.java:94] set createTimestamp -> 1970-01-01T02:29:24
2020-06-19 13:28:25 DEBUG [MockBuilder.java:94] set legacyOrderNumber -> 481581817
2020-06-19 13:28:25 DEBUG [MockBuilder.java:94] set sampVvalue -> OtwzWQSPvoVDVnQHOHWE
2020-06-19 13:28:25 DEBUG [MockBuilder.java:94] set carrierCode -> dG
2020-06-19 13:28:25 DEBUG [MockBuilder.java:94] set shawOrderNbr -> HYUugk
2020-06-19 13:28:25 DEBUG [MockBuilder.java:94] set sampType -> QyaqOXJXiTVkSYPpvPaA
2020-06-19 13:28:25 DEBUG [MockBuilder.java:94] set generics -> null
2020-06-19 13:28:25 DEBUG [MockBuilder.java:94] set country -> OP
2020-06-19 13:28:25 DEBUG [MockBuilder.java:94] set orderType -> mdAVDHpNfeFgOQMehpnv
2020-06-19 13:28:25 DEBUG [MockBuilder.java:94] set country -> mB
2020-06-19 13:28:25 DEBUG [MockBuilder.java:94] set lines -> null
2020-06-19 13:28:25 DEBUG [MockBuilder.java:94] set zip -> AqHKCJTohiEAuAaX
2020-06-19 13:28:25 DEBUG [MockBuilder.java:94] set addressLine1 -> EnRCkeMqIplvFnltlBsU
2020-06-19 13:28:25 DEBUG [MockBuilder.java:94] set zip -> sXSByIChBTkFJTEX
2020-06-19 13:28:25 DEBUG [MockBuilder.java:94] set custDept -> BCQBg
2020-06-19 13:28:25 DEBUG [MockBuilder.java:94] set province -> fpoKiUllHdsbmPeDtJM
2020-06-19 13:28:25 DEBUG [MockBuilder.java:94] set careOf -> IwwPukOuJiZOPQskuALD
2020-06-19 13:28:25 DEBUG [MockBuilder.java:94] set city -> npiNAjhdrqmzLwXczjlX
2020-06-19 13:28:25 DEBUG [MockBuilder.java:94] set state -> uL
2020-06-19 13:28:25 DEBUG [MockBuilder.java:94] set province -> DeBCLxSrKqNZasfPSHQ
2020-06-19 13:28:25 DEBUG [MockBuilder.java:94] set country -> IW
2020-06-19 13:28:25 DEBUG [MockBuilder.java:94] set addressLine2 -> MldnZnzGTYlPrMjNZiqL
2020-06-19 13:28:25 DEBUG [MockBuilder.java:94] set state -> rm
2020-06-19 13:28:25 DEBUG [MockBuilder.java:94] set createTimestamp -> 1970-01-01T01:45:22
2020-06-19 13:28:25 DEBUG [MockBuilder.java:94] set zip -> FJONyEgdyvsFpRZB
2020-06-19 13:28:25 DEBUG [MockBuilder.java:94] set createTimestamp -> 1970-01-01T02:26:08
2020-06-19 13:28:25 DEBUG [MockBuilder.java:94] set createdBy -> iJPGqExhhM
2020-06-19 13:28:25 DEBUG [MockBuilder.java:94] set changeTimestamp -> 1970-01-01T00:21:28
2020-06-19 13:28:25 DEBUG [MockBuilder.java:94] set province -> KdganaYDiwMLLTlgeLN
2020-06-19 13:28:25 DEBUG [MockBuilder.java:94] set changeTimestamp -> 1970-01-01T01:48:38
2020-06-19 13:28:25 DEBUG [MockBuilder.java:94] set changedBy -> yBFOuaFDwI
2020-06-19 13:28:25 DEBUG [MockBuilder.java:94] set changedBy -> aMBDlcZMeX
2020-06-19 13:28:25 DEBUG [MockBuilder.java:94] set state -> DE
2020-06-19 13:28:25 DEBUG [MockBuilder.java:94] set phone -> ZXVkgLjKfeIdAEx
2020-06-19 13:28:25 DEBUG [MockBuilder.java:94] set careOf -> UbgWZgwrAIHhgXMeTnkB
2020-06-19 13:28:25 DEBUG [MockBuilder.java:94] set createdBy -> iogijLruZz
2020-06-19 13:28:25 DEBUG [MockBuilder.java:94] set createTimestamp -> 1970-01-01T00:27:58
2020-06-19 13:28:25 DEBUG [MockBuilder.java:94] set customerNumber -> AHhqXy
2020-06-19 13:28:25 DEBUG [MockBuilder.java:94] set createdBy -> zAuqyHNToa
2020-06-19 13:28:25 DEBUG [MockBuilder.java:94] set phone -> axfaRgHcTAulIyK
2020-06-19 13:28:25 DEBUG [MockBuilder.java:94] set changedBy -> ALHGmbGvpJ
2020-06-19 13:28:25 DEBUG [MockBuilder.java:94] set shipFlag -> L
2020-06-19 13:28:25 DEBUG [MockBuilder.java:94] set shipToFlag -> 2472031.579339465
2020-06-19 13:28:25 DEBUG [MockBuilder.java:94] set changeTimestamp -> 1970-01-01T00:43:04
2020-06-19 13:28:25 DEBUG [MockBuilder.java:94] set truncFlag -> T
2020-06-19 13:28:25 DEBUG [MockBuilder.java:94] set custNbr -> zBLpdCx
2020-06-19 13:28:25 DEBUG [MockBuilder.java:94] set addressLine1 -> sgSUwJrlASpjVqMdVLZE
2020-06-19 13:28:25 DEBUG [MockBuilder.java:94] set addressLine2 -> yCFHlMIvwwquybjayuHt
2020-06-19 13:28:25 DEBUG [MockBuilder.java:94] set addressLine1 -> YVRuLUlMwvoUyZQuGKXV
2020-06-19 13:28:25 DEBUG [MockBuilder.java:94] set poDate -> 1990-08-08
2020-06-19 13:28:25 DEBUG [MockBuilder.java:94] set careOf -> iNWjuMhkTwnSCPpbohqE
2020-06-19 13:28:25 DEBUG [MockBuilder.java:94] set city -> fNDybXkxJlwULYjBayur
2020-06-19 13:28:25 DEBUG [MockBuilder.java:94] set name -> EudGNlUmibilsKrRxrYh
2020-06-19 13:28:25 DEBUG [MockBuilder.java:94] set name -> TmAZIOPPeCRiMBoCpUBD
2020-06-19 13:28:25 DEBUG [MockBuilder.java:94] set city -> KCzLsckuVyaqfQUbqJYt
2020-06-19 13:28:25 DEBUG [MockBuilder.java:94] set addressLine2 -> HJsXmsITPDqTejuGWqnW
2020-06-19 13:28:25 DEBUG [MockBuilder.java:94] set phone -> DUVkADNUNgiaGqk
2020-06-19 13:28:25 DEBUG [MockBuilder.java:94] set accountNbr -> kbbPfiasOmlRFoAZAuvN
2020-06-19 13:28:25 DEBUG [MockBuilder.java:94] set billFlag -> U
2020-06-19 13:28:25 DEBUG [MockBuilder.java:94] set destinationCode -> wg
2020-06-19 13:28:25 DEBUG [MockBuilder.java:94] set name -> YnIoRPfNmevDHwFXtVHi
2020-06-19 13:28:25 DEBUG [MockBuilder.java:94] set shipToAddress -> com.shaw.ediorderservices.persistance.sqlserver.entity.address.ShipToAddress@d701a42
2020-06-19 13:28:25 DEBUG [MockBuilder.java:94] set ediOrder -> null
2020-06-19 13:28:25 DEBUG [MockBuilder.java:94] set consumerAddress -> com.shaw.ediorderservices.persistance.sqlserver.entity.address.ConsumerAddress@5da5e4e1
2020-06-19 13:28:25 DEBUG [MockBuilder.java:94] set ediOrder -> null
2020-06-19 13:28:25 DEBUG [MockBuilder.java:94] set thirdPartyAddress -> com.shaw.ediorderservices.persistance.sqlserver.entity.address.ThirdPartyAddress@2faf8a42
2020-06-19 13:28:25 DEBUG [MockBuilder.java:94] set style -> ZVYcB
2020-06-19 13:28:25 DEBUG [MockBuilder.java:94] set custReqShipDate -> 1983-11-19
2020-06-19 13:28:25 DEBUG [MockBuilder.java:94] set changedBy -> XQdnjTIiwL
2020-06-19 13:28:25 DEBUG [MockBuilder.java:94] set ref -> Xfu
2020-06-19 13:28:25 DEBUG [MockBuilder.java:94] set shipDate -> 1978-11-05
2020-06-19 13:28:25 DEBUG [MockBuilder.java:94] set color -> qaTbc
2020-06-19 13:28:25 DEBUG [MockBuilder.java:94] set changeTimestamp -> 1970-01-01T00:10:15
2020-06-19 13:28:25 DEBUG [MockBuilder.java:94] set validations -> null
2020-06-19 13:28:25 DEBUG [MockBuilder.java:94] set createTimestamp -> 1970-01-01T00:46:55
2020-06-19 13:28:25 DEBUG [MockBuilder.java:94] set lineType -> bcwlLRqaBGVUztpjDwKX
2020-06-19 13:28:25 DEBUG [MockBuilder.java:94] set createdBy -> hXCKYVcLPp
2020-06-19 13:28:25 DEBUG [MockBuilder.java:94] set samplesValue -> FLRsoGAunUFGqMuVSErg
2020-06-19 13:28:25 DEBUG [MockBuilder.java:94] set lineNbr -> 460665
2020-06-19 13:28:25 DEBUG [MockHelper.java:58] EdiOrder [id=null, customerCode=UJ, orderingSystem=Yp, type=mdAVDHpNfeFgOQMehpnv, legacyId=481581817, shawOrderNbr=HYUugk, carrierCode=dG, customerNumber=AHhqXy, commCust=vCoyPWV, poNumber=wLtiCoXqhNEKCcmeUmQa, freightType=MbCwztHHCQVYuYHKoRLR, serviceCode=bXyMfaKRpCKFNHvkWbZY, billToStore=DdJQlhCItz, agreementNumber=ALBNERWLgsuMxzr, custDept=BCQBg, storeName=NmvEqezBYhkNzUiSgzEJ, vendorNo=FjNspofHAUyTnoY, dunsNbr=mYahNLtpFwxCaig, beg=fGTxU, shipCancelDate=1995-12-01, shipByDate=1977-08-08, nbDate=1970-03-03, shipDate=com.shaw.ediorderservices.persistance.sqlserver.entity.date.ShipDate@72a1ccad, cancelDate=com.shaw.ediorderservices.persistance.sqlserver.entity.date.CancelDate@51dd4ab6, poDate=com.shaw.ediorderservices.persistance.sqlserver.entity.date.PoDate@1402eb9, dates=null, shipToAddress=com.shaw.ediorderservices.persistance.sqlserver.entity.address.ShipToAddress@d701a42, consumerAddress=com.shaw.ediorderservices.persistance.sqlserver.entity.address.ConsumerAddress@5da5e4e1, thirdPartyAddress=com.shaw.ediorderservices.persistance.sqlserver.entity.address.ThirdPartyAddress@2faf8a42, lines=[com.shaw.ediorderservices.persistance.sqlserver.entity.line.SamplesEdiLine@420849f6], generics=null, validations=null]
2020-06-19 13:28:25 DEBUG [MockBuilder.java:94] set generics -> null
2020-06-19 13:28:25 DEBUG [MockBuilder.java:94] set custDept -> PlkXs
2020-06-19 13:28:25 DEBUG [MockBuilder.java:94] set validations -> null
2020-06-19 13:28:25 DEBUG [MockBuilder.java:94] set storeName -> NNGKTDKYrXoMwmWsvFeK
2020-06-19 13:28:25 DEBUG [MockBuilder.java:94] set createTimestamp -> 1970-01-01T01:03:55
2020-06-19 13:28:25 DEBUG [MockBuilder.java:94] set billToStore -> DYNcdXweNK
2020-06-19 13:28:25 DEBUG [MockBuilder.java:94] set country -> GA
2020-06-19 13:28:25 DEBUG [MockBuilder.java:94] set zip -> lpJkqAiiHRWyVoKP
2020-06-19 13:28:25 DEBUG [MockBuilder.java:94] set agreementNumber -> kkveJMlFPIdLBtL
2020-06-19 13:28:25 DEBUG [MockBuilder.java:94] set province -> EQToGkBHdZPBjhZEukR
2020-06-19 13:28:25 DEBUG [MockBuilder.java:94] set beg -> eVVBC
2020-06-19 13:28:25 DEBUG [MockBuilder.java:94] set hostAlertFlag -> a
2020-06-19 13:28:25 DEBUG [MockBuilder.java:94] set deliveryCutOffDate -> 1982-12-10
2020-06-19 13:28:25 DEBUG [MockBuilder.java:94] set shipCancelDate -> 1984-07-14
2020-06-19 13:28:25 DEBUG [MockBuilder.java:94] set reserveOrderInd -> Q
2020-06-19 13:28:25 DEBUG [MockBuilder.java:94] set routeByDate -> 1975-04-05
2020-06-19 13:28:25 DEBUG [MockBuilder.java:94] set vendorNo -> AMKCMFPleYmCHCy
2020-06-19 13:28:25 DEBUG [MockBuilder.java:94] set consStatusMessage -> gbgVjTOISakENODjbqoV
2020-06-19 13:28:25 DEBUG [MockBuilder.java:94] set authorizationNo -> uEiktKnHYb
2020-06-19 13:28:25 DEBUG [MockBuilder.java:94] set createTimestamp -> 1970-01-01T01:52:46
2020-06-19 13:28:25 DEBUG [MockBuilder.java:94] set packingSlipMessage -> nzmDRyLSHdlxOLhObnQp
2020-06-19 13:28:25 DEBUG [MockBuilder.java:94] set dunsNbr -> byVHNEYSnmeJlHJ
2020-06-19 13:28:25 DEBUG [MockBuilder.java:94] set changeTimestamp -> 1970-01-01T01:40:57
2020-06-19 13:28:25 DEBUG [MockBuilder.java:94] set consumerPoDate -> 1972-07-27
2020-06-19 13:28:25 DEBUG [MockBuilder.java:94] set deliveryDate -> 1973-06-13
2020-06-19 13:28:25 DEBUG [MockBuilder.java:94] set changedBy -> wUyIMiaJoe
2020-06-19 13:28:25 DEBUG [MockBuilder.java:94] set commCust -> oAtDKDf
2020-06-19 13:28:25 DEBUG [MockBuilder.java:94] set markForStore -> fNeOtrUjjt
2020-06-19 13:28:25 DEBUG [MockBuilder.java:94] set dateValue -> 1979-04-03
2020-06-19 13:28:25 DEBUG [MockBuilder.java:94] set bsStore -> nqSOhyllEv
2020-06-19 13:28:25 DEBUG [MockBuilder.java:94] set poNumber -> DqQuXHBgZCWljvSbIivC
2020-06-19 13:28:25 DEBUG [MockBuilder.java:94] set customerCode -> ZG
2020-06-19 13:28:25 DEBUG [MockBuilder.java:94] set createdBy -> TtHVmCXakt
2020-06-19 13:28:25 DEBUG [MockBuilder.java:94] set orderingSystem -> TO
2020-06-19 13:28:25 DEBUG [MockBuilder.java:94] set qualifier -> UhM
2020-06-19 13:28:25 DEBUG [MockBuilder.java:94] set freightType -> JAvUbqWcCpGvXYXQrpey
2020-06-19 13:28:25 DEBUG [MockBuilder.java:94] set type -> wwshsbuQVVFofWqvPwoo
2020-06-19 13:28:25 DEBUG [MockBuilder.java:94] set shipDate -> com.shaw.ediorderservices.persistance.sqlserver.entity.date.ShipDate@4e197cf3
2020-06-19 13:28:25 DEBUG [MockBuilder.java:94] set orderType -> ysWvnyMYeWZhyBvGseqT
2020-06-19 13:28:25 DEBUG [MockBuilder.java:94] set serviceCode -> HhVcRagVRorYzOCZqqqB
2020-06-19 13:28:25 DEBUG [MockBuilder.java:94] set returnMessage -> xfDsfsYjPPDmPjFZoHmB
2020-06-19 13:28:25 DEBUG [MockBuilder.java:94] set requestOrderJson -> jZhFauULExkEtaKGdgpb
2020-06-19 13:28:25 DEBUG [MockBuilder.java:94] set carrierCode -> he
2020-06-19 13:28:25 DEBUG [MockBuilder.java:94] set createTimestamp -> 1970-01-01T01:40:20
2020-06-19 13:28:25 DEBUG [MockBuilder.java:94] set gift1Message -> fRgkFYyMOnmYTQQgMbsw
2020-06-19 13:28:25 DEBUG [MockBuilder.java:94] set customerNumber -> EmlGOs
2020-06-19 13:28:25 DEBUG [MockBuilder.java:94] set changeTimestamp -> 1970-01-01T01:20:34
2020-06-19 13:28:25 DEBUG [MockBuilder.java:94] set gift2Message -> KFXskfuXzIRkDuVXnBpE
2020-06-19 13:28:25 DEBUG [MockBuilder.java:94] set changeTimestamp -> 1970-01-01T01:54:59
2020-06-19 13:28:25 DEBUG [MockBuilder.java:94] set changedBy -> MNBNRHLttr
2020-06-19 13:28:25 DEBUG [MockBuilder.java:94] set legacyOrderNumber -> 803807058
2020-06-19 13:28:25 DEBUG [MockBuilder.java:94] set changedBy -> YUzlSIvvuT
2020-06-19 13:28:25 DEBUG [MockBuilder.java:94] set dateValue -> 1996-12-13
2020-06-19 13:28:25 DEBUG [MockBuilder.java:94] set shawOrderNbr -> bqlXZi
2020-06-19 13:28:25 DEBUG [MockBuilder.java:94] set createdBy -> IfHvEygorT
2020-06-19 13:28:25 DEBUG [MockBuilder.java:94] set dateValue -> 1987-10-12
2020-06-19 13:28:25 DEBUG [MockBuilder.java:94] set country -> IN
2020-06-19 13:28:25 DEBUG [MockBuilder.java:94] set qualifier -> LTs
2020-06-19 13:28:25 DEBUG [MockBuilder.java:94] set createdBy -> aaynheYQPd
2020-06-19 13:28:25 DEBUG [MockBuilder.java:94] set state -> oW
2020-06-19 13:28:25 DEBUG [MockBuilder.java:94] set cancelDate -> com.shaw.ediorderservices.persistance.sqlserver.entity.date.CancelDate@56da59f8
2020-06-19 13:28:25 DEBUG [MockBuilder.java:94] set zip -> McDQewnmLGUDJpNM
2020-06-19 13:28:25 DEBUG [MockBuilder.java:94] set shipByDate -> 1987-05-01
2020-06-19 13:28:25 DEBUG [MockBuilder.java:94] set qualifier -> VuB
2020-06-19 13:28:25 DEBUG [MockBuilder.java:94] set province -> LYqoiFJBqNGztADlmmb
2020-06-19 13:28:25 DEBUG [MockBuilder.java:94] set shipToConsFlag -> G
2020-06-19 13:28:25 DEBUG [MockBuilder.java:94] set nbDate -> 1979-09-07
2020-06-19 13:28:25 DEBUG [MockBuilder.java:94] set state -> ZA
2020-06-19 13:28:25 DEBUG [MockBuilder.java:94] set poDate -> com.shaw.ediorderservices.persistance.sqlserver.entity.date.PoDate@18dd9592
2020-06-19 13:28:25 DEBUG [MockBuilder.java:94] set shipToStore -> CexExCRNOc
2020-06-19 13:28:25 DEBUG [MockBuilder.java:94] set stdCarrierAlphaCode -> Okje
2020-06-19 13:28:25 DEBUG [MockBuilder.java:94] set crossDock -> RKlfYsBqVo
2020-06-19 13:28:25 DEBUG [MockBuilder.java:94] set dates -> null
2020-06-19 13:28:25 DEBUG [MockBuilder.java:94] set createTimestamp -> 1970-01-01T02:31:29
2020-06-19 13:28:25 DEBUG [MockBuilder.java:94] set carrMethCode -> pUsgSCIvtpUVcTXNgXeO
2020-06-19 13:28:25 DEBUG [MockBuilder.java:94] set changedBy -> MeBMGbdCLV
2020-06-19 13:28:25 DEBUG [MockBuilder.java:94] set changeTimestamp -> 1970-01-01T02:15:19
2020-06-19 13:28:25 DEBUG [MockBuilder.java:94] set noAsnFlag -> h
2020-06-19 13:28:25 DEBUG [MockBuilder.java:94] set changeTimestamp -> 1970-01-01T02:21:14
2020-06-19 13:28:25 DEBUG [MockBuilder.java:94] set careOf -> EMAansxHJoWXKVfKKXqj
2020-06-19 13:28:25 DEBUG [MockBuilder.java:94] set acknowledgeOrdInd -> e
2020-06-19 13:28:25 DEBUG [MockBuilder.java:94] set createdBy -> KMKduCHGRb
2020-06-19 13:28:25 DEBUG [MockBuilder.java:94] set shipPartCompInd -> B
2020-06-19 13:28:25 DEBUG [MockBuilder.java:94] set salesCheckNumber -> cTizkTtnQvcSrpiHJaJQ
2020-06-19 13:28:25 DEBUG [MockBuilder.java:94] set createTimestamp -> 1970-01-01T00:46:45
2020-06-19 13:28:25 DEBUG [MockBuilder.java:94] set createTimestamp -> 1970-01-01T00:31:29
2020-06-19 13:28:25 DEBUG [MockBuilder.java:94] set poQualifier -> cFtle
2020-06-19 13:28:25 DEBUG [MockBuilder.java:94] set addressLine1 -> eVzJgPPFTkDYHgGbwLDQ
2020-06-19 13:28:25 DEBUG [MockBuilder.java:94] set newStoreInd -> E
2020-06-19 13:28:25 DEBUG [MockBuilder.java:94] set createdBy -> LuLhIFSmoV
2020-06-19 13:28:25 DEBUG [MockBuilder.java:94] set careOf -> kVzRURTfyrUCbQrVJGfF
2020-06-19 13:28:25 DEBUG [MockBuilder.java:94] set phone -> ipBWliuAasJZeyL
2020-06-19 13:28:25 DEBUG [MockBuilder.java:94] set shipToFlag -> 8203475.673397696
2020-06-19 13:28:25 DEBUG [MockBuilder.java:94] set city -> JaOYdcCbzUCvzfRcYQpY
2020-06-19 13:28:25 DEBUG [MockBuilder.java:94] set truncFlag -> M
2020-06-19 13:28:25 DEBUG [MockBuilder.java:94] set changeTimestamp -> 1970-01-01T01:37:53
2020-06-19 13:28:25 DEBUG [MockBuilder.java:94] set addressLine2 -> XhhMHQwaTxuluVtSpAPr
2020-06-19 13:28:25 DEBUG [MockBuilder.java:94] set custNbr -> YcxlTNb
2020-06-19 13:28:25 DEBUG [MockBuilder.java:94] set destinationCode -> mf
2020-06-19 13:28:25 DEBUG [MockBuilder.java:94] set billFlag -> r
2020-06-19 13:28:25 DEBUG [MockBuilder.java:94] set addressLine2 -> aMRjkFilmFPksaDkHoOX
2020-06-19 13:28:25 DEBUG [MockBuilder.java:94] set name -> zYMzWWEujESrhuVNuSVE
2020-06-19 13:28:25 DEBUG [MockBuilder.java:94] set fobPoint -> CX
2020-06-19 13:28:25 DEBUG [MockBuilder.java:94] set changedBy -> cAQgulaHhz
2020-06-19 13:28:25 DEBUG [MockBuilder.java:94] set accountNbr -> xCGZmXpFKHOFpmSWgDTU
2020-06-19 13:28:25 DEBUG [MockBuilder.java:94] set createdBy -> EwCXOPkiRj
2020-06-19 13:28:25 DEBUG [MockBuilder.java:94] set name -> JzlHrjrJbgpzUuiahuGr
2020-06-19 13:28:25 DEBUG [MockBuilder.java:94] set phone -> OqmethNptGSRQzb
2020-06-19 13:28:25 DEBUG [MockBuilder.java:94] set changedBy -> VBMIVHKzPE
2020-06-19 13:28:25 DEBUG [MockBuilder.java:94] set addressLine1 -> GCoPMaxdoFzsvcIPRICZ
2020-06-19 13:28:25 DEBUG [MockBuilder.java:94] set city -> KHbfkEKAVYQDGwaOJeSu
2020-06-19 13:28:25 DEBUG [MockBuilder.java:94] set shipToAddress -> com.shaw.ediorderservices.persistance.sqlserver.entity.address.ShipToAddress@d855b9
2020-06-19 13:28:25 DEBUG [MockBuilder.java:94] set ediOrder -> null
2020-06-19 13:28:25 DEBUG [MockBuilder.java:94] set thirdPartyAddress -> com.shaw.ediorderservices.persistance.sqlserver.entity.address.ThirdPartyAddress@7552fd13
2020-06-19 13:28:25 DEBUG [MockBuilder.java:94] set lines -> null
2020-06-19 13:28:25 DEBUG [MockBuilder.java:94] set createTimestamp -> 1970-01-01T00:34:06
2020-06-19 13:28:25 DEBUG [MockBuilder.java:94] set country -> NN
2020-06-19 13:28:25 DEBUG [MockBuilder.java:94] set changeTimestamp -> 1970-01-01T02:08:37
2020-06-19 13:28:25 DEBUG [MockBuilder.java:94] set city -> SRBgfuAHCdXRuzhIxuqE
2020-06-19 13:28:25 DEBUG [MockBuilder.java:94] set zip -> kmVNBCACdVEMYgpl
2020-06-19 13:28:25 DEBUG [MockBuilder.java:94] set changedBy -> GczPlTfLcF
2020-06-19 13:28:25 DEBUG [MockBuilder.java:94] set addressLine2 -> vqdeGyoJfwCeJuopCUZo
2020-06-19 13:28:25 DEBUG [MockBuilder.java:94] set province -> LqMxsfjYpOacxspGOST
2020-06-19 13:28:25 DEBUG [MockBuilder.java:94] set createdBy -> kyUeKmvayf
2020-06-19 13:28:25 DEBUG [MockBuilder.java:94] set careOf -> nppkOkKySRVwldEKnQal
2020-06-19 13:28:25 DEBUG [MockBuilder.java:94] set phone -> clQsVnCLlhhOonC
2020-06-19 13:28:25 DEBUG [MockBuilder.java:94] set shipFlag -> F
2020-06-19 13:28:25 DEBUG [MockBuilder.java:94] set name -> yIhhGLiuFlNvJhUcRdJh
2020-06-19 13:28:25 DEBUG [MockBuilder.java:94] set poDate -> 1994-03-02
2020-06-19 13:28:25 DEBUG [MockBuilder.java:94] set addressLine1 -> OrSaEQleaolIBBNnDQpR
2020-06-19 13:28:25 DEBUG [MockBuilder.java:94] set state -> Kz
2020-06-19 13:28:25 DEBUG [MockBuilder.java:94] set ediOrder -> null
2020-06-19 13:28:25 DEBUG [MockBuilder.java:94] set consumerAddress -> com.shaw.ediorderservices.persistance.sqlserver.entity.address.ConsumerAddress@fe2521f
2020-06-19 13:28:25 DEBUG [MockBuilder.java:94] set shipDate -> 1987-04-28
2020-06-19 13:28:25 DEBUG [MockBuilder.java:94] set style -> pPFcw
2020-06-19 13:28:25 DEBUG [MockBuilder.java:94] set changedBy -> UteltMonDh
2020-06-19 13:28:25 DEBUG [MockBuilder.java:94] set hsValue -> GxzVoQILtxzaggHJGSWy
2020-06-19 13:28:25 DEBUG [MockBuilder.java:94] set ref -> sSL
2020-06-19 13:28:25 DEBUG [MockBuilder.java:94] set validations -> null
2020-06-19 13:28:25 DEBUG [MockBuilder.java:94] set custReqShipDate -> 1980-03-26
2020-06-19 13:28:25 DEBUG [MockBuilder.java:94] set changeTimestamp -> 1970-01-01T01:55:03
2020-06-19 13:28:25 DEBUG [MockBuilder.java:94] set lineNbr -> 837191
2020-06-19 13:28:25 DEBUG [MockBuilder.java:94] set createTimestamp -> 1970-01-01T02:39:20
2020-06-19 13:28:25 DEBUG [MockBuilder.java:94] set createdBy -> LAmOsmypWe
2020-06-19 13:28:25 DEBUG [MockBuilder.java:94] set lineType -> iwYeuiaKCxkJxBDwKFxq
2020-06-19 13:28:25 DEBUG [MockBuilder.java:94] set color -> orapU
2020-06-19 13:28:25 DEBUG [MockHelper.java:58] EdiOrder [id=null, customerCode=ZG, orderingSystem=TO, type=ysWvnyMYeWZhyBvGseqT, legacyId=803807058, shawOrderNbr=bqlXZi, carrierCode=he, customerNumber=EmlGOs, commCust=oAtDKDf, poNumber=DqQuXHBgZCWljvSbIivC, freightType=JAvUbqWcCpGvXYXQrpey, serviceCode=HhVcRagVRorYzOCZqqqB, billToStore=DYNcdXweNK, agreementNumber=kkveJMlFPIdLBtL, custDept=PlkXs, storeName=NNGKTDKYrXoMwmWsvFeK, vendorNo=AMKCMFPleYmCHCy, dunsNbr=byVHNEYSnmeJlHJ, beg=eVVBC, shipCancelDate=1984-07-14, shipByDate=1987-05-01, nbDate=1979-09-07, shipDate=com.shaw.ediorderservices.persistance.sqlserver.entity.date.ShipDate@4e197cf3, cancelDate=com.shaw.ediorderservices.persistance.sqlserver.entity.date.CancelDate@56da59f8, poDate=com.shaw.ediorderservices.persistance.sqlserver.entity.date.PoDate@18dd9592, dates=null, shipToAddress=com.shaw.ediorderservices.persistance.sqlserver.entity.address.ShipToAddress@d855b9, consumerAddress=com.shaw.ediorderservices.persistance.sqlserver.entity.address.ConsumerAddress@fe2521f, thirdPartyAddress=com.shaw.ediorderservices.persistance.sqlserver.entity.address.ThirdPartyAddress@7552fd13, lines=[com.shaw.ediorderservices.persistance.sqlserver.entity.line.HardsurfacesEdiLine@24f6f6bf], generics=null, validations=null]
2020-06-19 13:28:25 DEBUG [MockBuilder.java:94] set deliveryCutOffDate -> 1978-01-01
2020-06-19 13:28:25 DEBUG [MockBuilder.java:94] set routeByDate -> 1982-05-15
2020-06-19 13:28:25 DEBUG [MockBuilder.java:94] set consStatusMessage -> RkRYdGlqeTlRnlWniKNi
2020-06-19 13:28:25 DEBUG [MockBuilder.java:94] set packingSlipMessage -> XkodxcTULRRPoXrRvncu
2020-06-19 13:28:25 DEBUG [MockBuilder.java:94] set beg -> vnLhN
2020-06-19 13:28:25 DEBUG [MockBuilder.java:94] set consumerPoDate -> 1989-04-29
2020-06-19 13:28:25 DEBUG [MockBuilder.java:94] set carrierCode -> YE
2020-06-19 13:28:25 DEBUG [MockBuilder.java:94] set shipCancelDate -> 1974-10-17
2020-06-19 13:28:25 DEBUG [MockBuilder.java:94] set deliveryDate -> 1989-07-11
2020-06-19 13:28:25 DEBUG [MockBuilder.java:94] set customerNumber -> ycGxWL
2020-06-19 13:28:25 DEBUG [MockBuilder.java:94] set vendorNo -> AZSiZcWEiAqTYKB
2020-06-19 13:28:25 DEBUG [MockBuilder.java:94] set markForStore -> JGLvdxtdsB
2020-06-19 13:28:25 DEBUG [MockBuilder.java:94] set legacyOrderNumber -> 729954216
2020-06-19 13:28:25 DEBUG [MockBuilder.java:94] set dunsNbr -> jErcbMwZkFTtGNJ
2020-06-19 13:28:25 DEBUG [MockBuilder.java:94] set shawOrderNbr -> GsjQEG
2020-06-19 13:28:25 DEBUG [MockBuilder.java:94] set freightType -> oEqeFZvITJpVlBmCgWtT
2020-06-19 13:28:25 DEBUG [MockBuilder.java:94] set custDept -> AAutS
2020-06-19 13:28:25 DEBUG [MockBuilder.java:94] set serviceCode -> vmLUDjOjnLYKZrCxKBjy
2020-06-19 13:28:25 DEBUG [MockBuilder.java:94] set customerCode -> tt
2020-06-19 13:28:25 DEBUG [MockBuilder.java:94] set storeName -> NoGhZsDFttAcnfIUliKP
2020-06-19 13:28:25 DEBUG [MockBuilder.java:94] set orderingSystem -> Jb
2020-06-19 13:28:25 DEBUG [MockBuilder.java:94] set returnMessage -> mWGhkUwlCQiVnkdcYwab
2020-06-19 13:28:25 DEBUG [MockBuilder.java:94] set type -> mnCuoKzwCEDsnFflCkpj
2020-06-19 13:28:25 DEBUG [MockBuilder.java:94] set requestOrderJson -> IHXcxwzJEqCWFtQFecLQ
2020-06-19 13:28:25 DEBUG [MockBuilder.java:94] set orderType -> aJVJmEcCFVfBYfmNvezD
2020-06-19 13:28:25 DEBUG [MockBuilder.java:94] set gift1Message -> pVuYNkNZiRmvZelqPKhL
2020-06-19 13:28:25 DEBUG [MockBuilder.java:94] set gift2Message -> llnOGlwhlMkyAjxSxQLa
2020-06-19 13:28:25 DEBUG [MockBuilder.java:94] set createTimestamp -> 1970-01-01T02:06:14
2020-06-19 13:28:25 DEBUG [MockBuilder.java:94] set createTimestamp -> 1970-01-01T02:10:41
2020-06-19 13:28:25 DEBUG [MockBuilder.java:94] set changeTimestamp -> 1970-01-01T00:46:23
2020-06-19 13:28:25 DEBUG [MockBuilder.java:94] set changeTimestamp -> 1970-01-01T02:06:51
2020-06-19 13:28:25 DEBUG [MockBuilder.java:94] set changedBy -> ITmqKqchjF
2020-06-19 13:28:25 DEBUG [MockBuilder.java:94] set changedBy -> dMuBUrDsSj
2020-06-19 13:28:25 DEBUG [MockBuilder.java:94] set dateValue -> 1987-08-01
2020-06-19 13:28:25 DEBUG [MockBuilder.java:94] set dateValue -> 1972-04-06
2020-06-19 13:28:25 DEBUG [MockBuilder.java:94] set createdBy -> yYNEgBoNAP
2020-06-19 13:28:25 DEBUG [MockBuilder.java:94] set createdBy -> LkyIcqTDiU
2020-06-19 13:28:25 DEBUG [MockBuilder.java:94] set qualifier -> bkj
2020-06-19 13:28:25 DEBUG [MockBuilder.java:94] set poDate -> com.shaw.ediorderservices.persistance.sqlserver.entity.date.PoDate@60f0415b
2020-06-19 13:28:25 DEBUG [MockBuilder.java:94] set qualifier -> oTc
2020-06-19 13:28:25 DEBUG [MockBuilder.java:94] set dates -> null
2020-06-19 13:28:25 DEBUG [MockBuilder.java:94] set shipDate -> com.shaw.ediorderservices.persistance.sqlserver.entity.date.ShipDate@2a20e951
2020-06-19 13:28:25 DEBUG [MockBuilder.java:94] set country -> op
2020-06-19 13:28:25 DEBUG [MockBuilder.java:94] set zip -> jMzoMJjbmlgoIsTT
2020-06-19 13:28:25 DEBUG [MockBuilder.java:94] set createTimestamp -> 1970-01-01T01:26:57
2020-06-19 13:28:25 DEBUG [MockBuilder.java:94] set province -> UQjtWuBEFZzljIoFfBL
2020-06-19 13:28:25 DEBUG [MockBuilder.java:94] set state -> ql
2020-06-19 13:28:25 DEBUG [MockBuilder.java:94] set changeTimestamp -> 1970-01-01T02:44:28
2020-06-19 13:28:25 DEBUG [MockBuilder.java:94] set createTimestamp -> 1970-01-01T00:49:16
2020-06-19 13:28:25 DEBUG [MockBuilder.java:94] set changedBy -> ziXIEvJGFo
2020-06-19 13:28:25 DEBUG [MockBuilder.java:94] set changeTimestamp -> 1970-01-01T01:17:38
2020-06-19 13:28:25 DEBUG [MockBuilder.java:94] set changedBy -> GStpggLmCf
2020-06-19 13:28:25 DEBUG [MockBuilder.java:94] set dateValue -> 1991-12-11
2020-06-19 13:28:25 DEBUG [MockBuilder.java:94] set createdBy -> YfXUrTaFXW
2020-06-19 13:28:25 DEBUG [MockBuilder.java:94] set createdBy -> wBDNLmGDpI
2020-06-19 13:28:25 DEBUG [MockBuilder.java:94] set phone -> lWYlPabYTZPNgzY
2020-06-19 13:28:25 DEBUG [MockBuilder.java:94] set qualifier -> ZDk
2020-06-19 13:28:25 DEBUG [MockBuilder.java:94] set careOf -> kwaKYkFhnDeHTuCDzaem
2020-06-19 13:28:25 DEBUG [MockBuilder.java:94] set cancelDate -> com.shaw.ediorderservices.persistance.sqlserver.entity.date.CancelDate@51230575
2020-06-19 13:28:25 DEBUG [MockBuilder.java:94] set name -> dROSQahdKvVyOwZjFjST
2020-06-19 13:28:25 DEBUG [MockBuilder.java:94] set addressLine2 -> QnDmKllZEIhZtJJxqZaj
2020-06-19 13:28:25 DEBUG [MockBuilder.java:94] set shipByDate -> 1977-09-05
2020-06-19 13:28:25 DEBUG [MockBuilder.java:94] set city -> lZyyqNNwecQDKnliobRQ
2020-06-19 13:28:25 DEBUG [MockBuilder.java:94] set nbDate -> 1978-02-03
2020-06-19 13:28:25 DEBUG [MockBuilder.java:94] set addressLine1 -> PLRwKdxDZWADDktzILqz
2020-06-19 13:28:25 DEBUG [MockBuilder.java:94] set custNbr -> KDoGpuN
2020-06-19 13:28:25 DEBUG [MockBuilder.java:94] set shipToFlag -> 4436525.939459753
2020-06-19 13:28:25 DEBUG [MockBuilder.java:94] set generics -> null
2020-06-19 13:28:25 DEBUG [MockBuilder.java:94] set truncFlag -> L
2020-06-19 13:28:25 DEBUG [MockBuilder.java:94] set validations -> null
2020-06-19 13:28:25 DEBUG [MockBuilder.java:94] set commCust -> gTtaVlQ
2020-06-19 13:28:25 DEBUG [MockBuilder.java:94] set destinationCode -> RI
2020-06-19 13:28:25 DEBUG [MockBuilder.java:94] set poNumber -> YSriaTgeDVdkyvmOeTXv
2020-06-19 13:28:25 DEBUG [MockBuilder.java:94] set changedBy -> RsPufRMxTe
2020-06-19 13:28:25 DEBUG [MockBuilder.java:94] set changeTimestamp -> 1970-01-01T00:21:49
2020-06-19 13:28:25 DEBUG [MockBuilder.java:94] set createdBy -> KXFcfuJIsT
2020-06-19 13:28:25 DEBUG [MockBuilder.java:94] set bsStore -> AHOFIKhNdg
2020-06-19 13:28:25 DEBUG [MockBuilder.java:94] set country -> qH
2020-06-19 13:28:25 DEBUG [MockBuilder.java:94] set createTimestamp -> 1970-01-01T01:45:57
2020-06-19 13:28:25 DEBUG [MockBuilder.java:94] set addressLine1 -> qeJXncOqTsWqINhssAJK
2020-06-19 13:28:25 DEBUG [MockBuilder.java:94] set zip -> DGAbcCcDuFFdOKao
2020-06-19 13:28:25 DEBUG [MockBuilder.java:94] set createTimestamp -> 1970-01-01T01:13:49
2020-06-19 13:28:25 DEBUG [MockBuilder.java:94] set careOf -> ccwcoRmVBjHOBfQgKdpi
2020-06-19 13:28:25 DEBUG [MockBuilder.java:94] set province -> rCNBzOitSyWjlnHIFiK
2020-06-19 13:28:25 DEBUG [MockBuilder.java:94] set changeTimestamp -> 1970-01-01T00:32:06
2020-06-19 13:28:25 DEBUG [MockBuilder.java:94] set city -> aiIFULjfiJjZczKvvflh
2020-06-19 13:28:25 DEBUG [MockBuilder.java:94] set shipToAddress -> com.shaw.ediorderservices.persistance.sqlserver.entity.address.ShipToAddress@6d5fe50d
2020-06-19 13:28:25 DEBUG [MockBuilder.java:94] set state -> bQ
2020-06-19 13:28:25 DEBUG [MockBuilder.java:94] set changedBy -> wnobrLrRRp
2020-06-19 13:28:25 DEBUG [MockBuilder.java:94] set createdBy -> mqFvHgsMOb
2020-06-19 13:28:25 DEBUG [MockBuilder.java:94] set hostAlertFlag -> b
2020-06-19 13:28:25 DEBUG [MockBuilder.java:94] set phone -> WbFlhlNDUlOofjY
2020-06-19 13:28:25 DEBUG [MockBuilder.java:94] set shipToConsFlag -> h
2020-06-19 13:28:25 DEBUG [MockBuilder.java:94] set salesCheckNumber -> HsISWXuYMSsSDqSHGxVA
2020-06-19 13:28:25 DEBUG [MockBuilder.java:94] set newStoreInd -> V
2020-06-19 13:28:25 DEBUG [MockBuilder.java:94] set poQualifier -> KjIhX
2020-06-19 13:28:25 DEBUG [MockBuilder.java:94] set billToStore -> TWJMFfJZYA
2020-06-19 13:28:25 DEBUG [MockBuilder.java:94] set billFlag -> I
2020-06-19 13:28:25 DEBUG [MockBuilder.java:94] set reserveOrderInd -> j
2020-06-19 13:28:25 DEBUG [MockBuilder.java:94] set addressLine2 -> jHuBQIGuLjEPdFrVPEcL
2020-06-19 13:28:25 DEBUG [MockBuilder.java:94] set stdCarrierAlphaCode -> RArg
2020-06-19 13:28:25 DEBUG [MockBuilder.java:94] set country -> Ql
2020-06-19 13:28:25 DEBUG [MockBuilder.java:94] set name -> mrSXMwxQvVUwWEreeaTi
2020-06-19 13:28:25 DEBUG [MockBuilder.java:94] set agreementNumber -> eCxuwmjpDJdrUuC
2020-06-19 13:28:25 DEBUG [MockBuilder.java:94] set accountNbr -> YAOuqQObEIiWcbOGEGPT
2020-06-19 13:28:25 DEBUG [MockBuilder.java:94] set shipToStore -> XDTnbgHLMq
2020-06-19 13:28:25 DEBUG [MockBuilder.java:94] set authorizationNo -> RnEveXNfyM
2020-06-19 13:28:25 DEBUG [MockBuilder.java:94] set crossDock -> KuqhepJZMV
2020-06-19 13:28:25 DEBUG [MockBuilder.java:94] set acknowledgeOrdInd -> n
2020-06-19 13:28:25 DEBUG [MockBuilder.java:94] set carrMethCode -> QBbXPRtzhcCCTCuFuJOz
2020-06-19 13:28:25 DEBUG [MockBuilder.java:94] set fobPoint -> DM
2020-06-19 13:28:25 DEBUG [MockBuilder.java:94] set noAsnFlag -> y
2020-06-19 13:28:25 DEBUG [MockBuilder.java:94] set shipPartCompInd -> K
2020-06-19 13:28:25 DEBUG [MockBuilder.java:94] set createdBy -> sthsnolUIh
2020-06-19 13:28:25 DEBUG [MockBuilder.java:94] set ediOrder -> null
2020-06-19 13:28:25 DEBUG [MockBuilder.java:94] set city -> jSFuyCXoLwTMBrqKzmUQ
2020-06-19 13:28:25 DEBUG [MockBuilder.java:94] set phone -> SNONgwJBmPhlwSo
2020-06-19 13:28:25 DEBUG [MockBuilder.java:94] set thirdPartyAddress -> com.shaw.ediorderservices.persistance.sqlserver.entity.address.ThirdPartyAddress@187b6061
2020-06-19 13:28:25 DEBUG [MockBuilder.java:94] set addressLine2 -> lnkMdWhGZwlMVcLaJZxu
2020-06-19 13:28:25 DEBUG [MockBuilder.java:94] set lines -> null
2020-06-19 13:28:25 DEBUG [MockBuilder.java:94] set careOf -> xBpgsugEnBvQVRUVuSZT
2020-06-19 13:28:25 DEBUG [MockBuilder.java:94] set zip -> WIWWloDyWTuczncl
2020-06-19 13:28:25 DEBUG [MockBuilder.java:94] set shipFlag -> P
2020-06-19 13:28:25 DEBUG [MockBuilder.java:94] set addressLine1 -> yShFCZygvonUbonjjGOL
2020-06-19 13:28:25 DEBUG [MockBuilder.java:94] set poDate -> 1976-10-13
2020-06-19 13:28:25 DEBUG [MockBuilder.java:94] set createTimestamp -> 1970-01-01T00:37:47
2020-06-19 13:28:25 DEBUG [MockBuilder.java:94] set changedBy -> jfJpPhbbyh
2020-06-19 13:28:25 DEBUG [MockBuilder.java:94] set changeTimestamp -> 1970-01-01T01:14:31
2020-06-19 13:28:25 DEBUG [MockBuilder.java:94] set province -> ZkMATGbzPDqBpYmEhHh
2020-06-19 13:28:25 DEBUG [MockBuilder.java:94] set state -> QA
2020-06-19 13:28:25 DEBUG [MockBuilder.java:94] set name -> BhiDjZogYknygmEqtePh
2020-06-19 13:28:25 DEBUG [MockBuilder.java:94] set ediOrder -> null
2020-06-19 13:28:25 DEBUG [MockBuilder.java:94] set consumerAddress -> com.shaw.ediorderservices.persistance.sqlserver.entity.address.ConsumerAddress@195a9c31
2020-06-19 13:28:25 DEBUG [MockBuilder.java:94] set shipDate -> 1972-02-14
2020-06-19 13:28:25 DEBUG [MockBuilder.java:94] set ref -> Mxw
2020-06-19 13:28:25 DEBUG [MockBuilder.java:94] set validations -> null
2020-06-19 13:28:25 DEBUG [MockBuilder.java:94] set createTimestamp -> 1970-01-01T02:16:54
2020-06-19 13:28:25 DEBUG [MockBuilder.java:94] set color -> ENqAQ
2020-06-19 13:28:25 DEBUG [MockBuilder.java:94] set changeTimestamp -> 1970-01-01T00:04:23
2020-06-19 13:28:25 DEBUG [MockBuilder.java:94] set lineNbr -> 465579
2020-06-19 13:28:25 DEBUG [MockBuilder.java:94] set changedBy -> jnfvQavyjw
2020-06-19 13:28:25 DEBUG [MockBuilder.java:94] set style -> NKkPU
2020-06-19 13:28:25 DEBUG [MockBuilder.java:94] set hsValue -> lNdNFugxjMvPlAskrCae
2020-06-19 13:28:25 DEBUG [MockBuilder.java:94] set lineType -> LKpctHbhqTVgNZWkGhoZ
2020-06-19 13:28:25 DEBUG [MockBuilder.java:94] set createdBy -> WWfcHONHTS
2020-06-19 13:28:25 DEBUG [MockBuilder.java:94] set custReqShipDate -> 1977-10-13
2020-06-19 13:28:25 DEBUG [MockHelper.java:58] EdiOrder [id=null, customerCode=tt, orderingSystem=Jb, type=aJVJmEcCFVfBYfmNvezD, legacyId=729954216, shawOrderNbr=GsjQEG, carrierCode=YE, customerNumber=ycGxWL, commCust=gTtaVlQ, poNumber=YSriaTgeDVdkyvmOeTXv, freightType=oEqeFZvITJpVlBmCgWtT, serviceCode=vmLUDjOjnLYKZrCxKBjy, billToStore=TWJMFfJZYA, agreementNumber=eCxuwmjpDJdrUuC, custDept=AAutS, storeName=NoGhZsDFttAcnfIUliKP, vendorNo=AZSiZcWEiAqTYKB, dunsNbr=jErcbMwZkFTtGNJ, beg=vnLhN, shipCancelDate=1974-10-17, shipByDate=1977-09-05, nbDate=1978-02-03, shipDate=com.shaw.ediorderservices.persistance.sqlserver.entity.date.ShipDate@2a20e951, cancelDate=com.shaw.ediorderservices.persistance.sqlserver.entity.date.CancelDate@51230575, poDate=com.shaw.ediorderservices.persistance.sqlserver.entity.date.PoDate@60f0415b, dates=null, shipToAddress=com.shaw.ediorderservices.persistance.sqlserver.entity.address.ShipToAddress@6d5fe50d, consumerAddress=com.shaw.ediorderservices.persistance.sqlserver.entity.address.ConsumerAddress@195a9c31, thirdPartyAddress=com.shaw.ediorderservices.persistance.sqlserver.entity.address.ThirdPartyAddress@187b6061, lines=[com.shaw.ediorderservices.persistance.sqlserver.entity.line.CarpetEdiLine@255845b1], generics=null, validations=null]
2020-06-19 13:28:25 DEBUG [MockBuilder.java:94] set beg -> OVmrQ
2020-06-19 13:28:25 DEBUG [MockBuilder.java:94] set commCust -> uGByvJC
2020-06-19 13:28:25 DEBUG [MockBuilder.java:94] set createdBy -> xyjYtiNZqA
2020-06-19 13:28:25 DEBUG [MockBuilder.java:94] set shipByDate -> 1990-05-20
2020-06-19 13:28:25 DEBUG [MockBuilder.java:94] set freightType -> loOxFFekeQryNnivJreU
2020-06-19 13:28:25 DEBUG [MockBuilder.java:94] set validations -> null
2020-06-19 13:28:25 DEBUG [MockBuilder.java:94] set createTimestamp -> 1970-01-01T01:01:12
2020-06-19 13:28:25 DEBUG [MockBuilder.java:94] set createTimestamp -> 1970-01-01T02:14:42
2020-06-19 13:28:25 DEBUG [MockBuilder.java:94] set type -> TubAApbdCVvfUvNQIlBM
2020-06-19 13:28:25 DEBUG [MockBuilder.java:94] set changedBy -> BsGJTvhftW
2020-06-19 13:28:25 DEBUG [MockBuilder.java:94] set dunsNbr -> pvOuJMLSLAEQOLF
2020-06-19 13:28:25 DEBUG [MockBuilder.java:94] set orderingSystem -> lM
2020-06-19 13:28:25 DEBUG [MockBuilder.java:94] set changeTimestamp -> 1970-01-01T00:32:20
2020-06-19 13:28:25 DEBUG [MockBuilder.java:94] set vendorNo -> NoWuYGmqYGTaHCn
2020-06-19 13:28:25 DEBUG [MockBuilder.java:94] set changeTimestamp -> 1970-01-01T01:01:52
2020-06-19 13:28:25 DEBUG [MockBuilder.java:94] set requestOrderJson -> VLahgamdGPSoULKHNrzm
2020-06-19 13:28:25 DEBUG [MockBuilder.java:94] set createTimestamp -> 1970-01-01T00:46:46
2020-06-19 13:28:25 DEBUG [MockBuilder.java:94] set customerCode -> kc
2020-06-19 13:28:25 DEBUG [MockBuilder.java:94] set createTimestamp -> 1970-01-01T02:08:43
2020-06-19 13:28:25 DEBUG [MockBuilder.java:94] set sampVvalue -> xWpNPWofWPHFKmDIYxGR
2020-06-19 13:28:25 DEBUG [MockBuilder.java:94] set changedBy -> hwSuLywKgA
2020-06-19 13:28:25 DEBUG [MockBuilder.java:94] set country -> fQ
2020-06-19 13:28:25 DEBUG [MockBuilder.java:94] set sampType -> HJHHDuXxJGCfOQxQwuYM
2020-06-19 13:28:25 DEBUG [MockBuilder.java:94] set changeTimestamp -> 1970-01-01T02:34:42
2020-06-19 13:28:25 DEBUG [MockBuilder.java:94] set orderType -> IEcWeiVabqCtHooJPheX
2020-06-19 13:28:25 DEBUG [MockBuilder.java:94] set zip -> oCwIsxoEtBDuOstV
2020-06-19 13:28:25 DEBUG [MockBuilder.java:94] set changedBy -> qqQWyeGqmC
2020-06-19 13:28:25 DEBUG [MockBuilder.java:94] set dateValue -> 1984-10-30
2020-06-19 13:28:25 DEBUG [MockBuilder.java:94] set province -> SOAuyHmYwFhNRWGSpAc
2020-06-19 13:28:25 DEBUG [MockBuilder.java:94] set shipCancelDate -> 1992-07-15
2020-06-19 13:28:25 DEBUG [MockBuilder.java:94] set dateValue -> 1980-08-01
2020-06-19 13:28:25 DEBUG [MockBuilder.java:94] set state -> xA
2020-06-19 13:28:25 DEBUG [MockBuilder.java:94] set createdBy -> ZjiDHUyxJn
2020-06-19 13:28:25 DEBUG [MockBuilder.java:94] set nbDate -> 1980-03-28
2020-06-19 13:28:25 DEBUG [MockBuilder.java:94] set createdBy -> MsJTGaMCkU
2020-06-19 13:28:25 DEBUG [MockBuilder.java:94] set qualifier -> zjS
2020-06-19 13:28:25 DEBUG [MockBuilder.java:94] set createTimestamp -> 1970-01-01T02:30:51
2020-06-19 13:28:25 DEBUG [MockBuilder.java:94] set poNumber -> CiFEmuuYyVPTuciIZVBe
2020-06-19 13:28:25 DEBUG [MockBuilder.java:94] set qualifier -> QwF
2020-06-19 13:28:25 DEBUG [MockBuilder.java:94] set agreementNumber -> WqFEjyboaFwboTn
2020-06-19 13:28:25 DEBUG [MockBuilder.java:94] set customerNumber -> nMbJhX
2020-06-19 13:28:25 DEBUG [MockBuilder.java:94] set changeTimestamp -> 1970-01-01T00:01:21
2020-06-19 13:28:25 DEBUG [MockBuilder.java:94] set storeName -> PWBBhwRjIzwwrlyPXluX
2020-06-19 13:28:25 DEBUG [MockBuilder.java:94] set shipDate -> com.shaw.ediorderservices.persistance.sqlserver.entity.date.ShipDate@59e02113
2020-06-19 13:28:25 DEBUG [MockBuilder.java:94] set custDept -> RMFCV
2020-06-19 13:28:25 DEBUG [MockBuilder.java:94] set changedBy -> PuZEAWJYUV
2020-06-19 13:28:25 DEBUG [MockBuilder.java:94] set billToStore -> jRSCTYtMAA
2020-06-19 13:28:25 DEBUG [MockBuilder.java:94] set cancelDate -> com.shaw.ediorderservices.persistance.sqlserver.entity.date.CancelDate@6305888c
2020-06-19 13:28:25 DEBUG [MockBuilder.java:94] set createdBy -> KpCeiQKqXp
2020-06-19 13:28:25 DEBUG [MockBuilder.java:94] set serviceCode -> PUvFbYcuqPXMBTkxmUMl
2020-06-19 13:28:25 DEBUG [MockBuilder.java:94] set dates -> null
2020-06-19 13:28:25 DEBUG [MockBuilder.java:94] set phone -> muSNrqjaWCvoQVH
2020-06-19 13:28:25 DEBUG [MockBuilder.java:94] set changeTimestamp -> 1970-01-01T00:12:15
2020-06-19 13:28:25 DEBUG [MockBuilder.java:94] set dateValue -> 1995-04-08
2020-06-19 13:28:25 DEBUG [MockBuilder.java:94] set addressLine1 -> AYBtUdBoGEAXltaosbFQ
2020-06-19 13:28:25 DEBUG [MockBuilder.java:94] set changedBy -> WjMWUxxvDO
2020-06-19 13:28:25 DEBUG [MockBuilder.java:94] set country -> Mr
2020-06-19 13:28:25 DEBUG [MockBuilder.java:94] set createdBy -> avMlrOeJLd
2020-06-19 13:28:25 DEBUG [MockBuilder.java:94] set careOf -> yaudwBWoeIcAYZIOuRXC
2020-06-19 13:28:25 DEBUG [MockBuilder.java:94] set qualifier -> itl
2020-06-19 13:28:25 DEBUG [MockBuilder.java:94] set zip -> cwvsehKXldvSrXTv
2020-06-19 13:28:25 DEBUG [MockBuilder.java:94] set poDate -> com.shaw.ediorderservices.persistance.sqlserver.entity.date.PoDate@1be2ec3a
2020-06-19 13:28:25 DEBUG [MockBuilder.java:94] set city -> WtIwSMkbfMGIQURrvdbg
2020-06-19 13:28:25 DEBUG [MockBuilder.java:94] set province -> OfrfwIGMrKwyvTBqaZc
2020-06-19 13:28:25 DEBUG [MockBuilder.java:94] set country -> eP
2020-06-19 13:28:25 DEBUG [MockBuilder.java:94] set addressLine2 -> aXCvPYCmMLIswwCHysdz
2020-06-19 13:28:25 DEBUG [MockBuilder.java:94] set state -> UK
2020-06-19 13:28:25 DEBUG [MockBuilder.java:94] set zip -> GXmhDGojFdLbrTbp
2020-06-19 13:28:25 DEBUG [MockBuilder.java:94] set province -> lEyXqVWhHaokOaGakIQ
2020-06-19 13:28:25 DEBUG [MockBuilder.java:94] set createTimestamp -> 1970-01-01T01:46:39
2020-06-19 13:28:25 DEBUG [MockBuilder.java:94] set state -> ea
2020-06-19 13:28:25 DEBUG [MockBuilder.java:94] set createTimestamp -> 1970-01-01T02:27:41
2020-06-19 13:28:25 DEBUG [MockBuilder.java:94] set legacyOrderNumber -> 46705965
2020-06-19 13:28:25 DEBUG [MockBuilder.java:94] set changeTimestamp -> 1970-01-01T00:44:55
2020-06-19 13:28:25 DEBUG [MockBuilder.java:94] set changedBy -> VQLbguwIyS
2020-06-19 13:28:25 DEBUG [MockBuilder.java:94] set shawOrderNbr -> gWMREu
2020-06-19 13:28:25 DEBUG [MockBuilder.java:94] set createdBy -> bjNeyImTlq
2020-06-19 13:28:25 DEBUG [MockBuilder.java:94] set shipFlag -> l
2020-06-19 13:28:25 DEBUG [MockBuilder.java:94] set phone -> IQMfMukWRbTdFwf
2020-06-19 13:28:25 DEBUG [MockBuilder.java:94] set poDate -> 1975-02-22
2020-06-19 13:28:25 DEBUG [MockBuilder.java:94] set carrierCode -> OS
2020-06-19 13:28:25 DEBUG [MockBuilder.java:94] set careOf -> MRGuQlpHnjhZDAIByMGr
2020-06-19 13:28:25 DEBUG [MockBuilder.java:94] set name -> LeZFyDxDfzjKgKpjdwoV
2020-06-19 13:28:25 DEBUG [MockBuilder.java:94] set name -> ZiizywsdbwPUuCJnktgT
2020-06-19 13:28:25 DEBUG [MockBuilder.java:94] set ediOrder -> null
2020-06-19 13:28:25 DEBUG [MockBuilder.java:94] set addressLine2 -> juWBNaQdJhKjZeWPkrlk
2020-06-19 13:28:25 DEBUG [MockBuilder.java:94] set addressLine1 -> AYkfbqrnFUJmeiglPvPu
2020-06-19 13:28:25 DEBUG [MockBuilder.java:94] set city -> MVNWzcfJbxkrLoHvloAi
2020-06-19 13:28:25 DEBUG [MockBuilder.java:94] set name -> ckktBAWVBXPfAEGlaJYS
2020-06-19 13:28:25 DEBUG [MockBuilder.java:94] set changeTimestamp -> 1970-01-01T01:34:01
2020-06-19 13:28:25 DEBUG [MockBuilder.java:94] set addressLine1 -> ZDSOjgAbJzTcYloGbRfR
2020-06-19 13:28:25 DEBUG [MockBuilder.java:94] set changedBy -> alSLdZuBIz
2020-06-19 13:28:25 DEBUG [MockBuilder.java:94] set city -> mambZbemmiorQzeuAQci
2020-06-19 13:28:25 DEBUG [MockBuilder.java:94] set custNbr -> lcuVAoq
2020-06-19 13:28:25 DEBUG [MockBuilder.java:94] set addressLine2 -> jIPHkjSrZrmUklsLzJzA
2020-06-19 13:28:25 DEBUG [MockBuilder.java:94] set shipToFlag -> 3441372.03720925
2020-06-19 13:28:25 DEBUG [MockBuilder.java:94] set phone -> rBJEBIWfoBAJZFA
2020-06-19 13:28:25 DEBUG [MockBuilder.java:94] set careOf -> AgiyEelecAlvuBFpiGvv
2020-06-19 13:28:25 DEBUG [MockBuilder.java:94] set generics -> null
2020-06-19 13:28:25 DEBUG [MockBuilder.java:94] set destinationCode -> Iv
2020-06-19 13:28:25 DEBUG [MockBuilder.java:94] set lines -> null
2020-06-19 13:28:25 DEBUG [MockBuilder.java:94] set accountNbr -> ivIBVdUynIQkSrwEYvAn
2020-06-19 13:28:25 DEBUG [MockBuilder.java:94] set billFlag -> F
2020-06-19 13:28:25 DEBUG [MockBuilder.java:94] set ediOrder -> null
2020-06-19 13:28:25 DEBUG [MockBuilder.java:94] set createdBy -> uAsqbEDjGL
2020-06-19 13:28:25 DEBUG [MockBuilder.java:94] set truncFlag -> G
2020-06-19 13:28:25 DEBUG [MockBuilder.java:94] set consumerAddress -> com.shaw.ediorderservices.persistance.sqlserver.entity.address.ConsumerAddress@4f2c55a9
2020-06-19 13:28:25 DEBUG [MockBuilder.java:94] set thirdPartyAddress -> com.shaw.ediorderservices.persistance.sqlserver.entity.address.ThirdPartyAddress@7bf4091d
2020-06-19 13:28:25 DEBUG [MockBuilder.java:94] set shipToAddress -> com.shaw.ediorderservices.persistance.sqlserver.entity.address.ShipToAddress@563f96f6
2020-06-19 13:28:25 DEBUG [MockBuilder.java:94] set changedBy -> vbRHJVJxas
2020-06-19 13:28:25 DEBUG [MockBuilder.java:94] set shipDate -> 1984-03-10
2020-06-19 13:28:25 DEBUG [MockBuilder.java:94] set custReqShipDate -> 1989-01-02
2020-06-19 13:28:25 DEBUG [MockBuilder.java:94] set changeTimestamp -> 1970-01-01T02:15:50
2020-06-19 13:28:25 DEBUG [MockBuilder.java:94] set createTimestamp -> 1970-01-01T02:11:11
2020-06-19 13:28:25 DEBUG [MockBuilder.java:94] set style -> fdJIT
2020-06-19 13:28:25 DEBUG [MockBuilder.java:94] set validations -> null
2020-06-19 13:28:25 DEBUG [MockBuilder.java:94] set lineType -> eKhbdXyReinvdBWZytWK
2020-06-19 13:28:25 DEBUG [MockBuilder.java:94] set ref -> CFa
2020-06-19 13:28:25 DEBUG [MockBuilder.java:94] set samplesValue -> DFWZDDFARzyPvUudEctg
2020-06-19 13:28:25 DEBUG [MockBuilder.java:94] set createdBy -> hYTDtKWOHS
2020-06-19 13:28:25 DEBUG [MockBuilder.java:94] set color -> SbfUQ
2020-06-19 13:28:25 DEBUG [MockBuilder.java:94] set lineNbr -> 863393
2020-06-19 13:28:25 DEBUG [MockHelper.java:58] EdiOrder [id=null, customerCode=kc, orderingSystem=lM, type=IEcWeiVabqCtHooJPheX, legacyId=46705965, shawOrderNbr=gWMREu, carrierCode=OS, customerNumber=nMbJhX, commCust=uGByvJC, poNumber=CiFEmuuYyVPTuciIZVBe, freightType=loOxFFekeQryNnivJreU, serviceCode=PUvFbYcuqPXMBTkxmUMl, billToStore=jRSCTYtMAA, agreementNumber=WqFEjyboaFwboTn, custDept=RMFCV, storeName=PWBBhwRjIzwwrlyPXluX, vendorNo=NoWuYGmqYGTaHCn, dunsNbr=pvOuJMLSLAEQOLF, beg=OVmrQ, shipCancelDate=1992-07-15, shipByDate=1990-05-20, nbDate=1980-03-28, shipDate=com.shaw.ediorderservices.persistance.sqlserver.entity.date.ShipDate@59e02113, cancelDate=com.shaw.ediorderservices.persistance.sqlserver.entity.date.CancelDate@6305888c, poDate=com.shaw.ediorderservices.persistance.sqlserver.entity.date.PoDate@1be2ec3a, dates=null, shipToAddress=com.shaw.ediorderservices.persistance.sqlserver.entity.address.ShipToAddress@563f96f6, consumerAddress=com.shaw.ediorderservices.persistance.sqlserver.entity.address.ConsumerAddress@4f2c55a9, thirdPartyAddress=com.shaw.ediorderservices.persistance.sqlserver.entity.address.ThirdPartyAddress@7bf4091d, lines=[com.shaw.ediorderservices.persistance.sqlserver.entity.line.SamplesEdiLine@59a79420], generics=null, validations=null]
2020-06-19 13:28:25 DEBUG [MockBuilder.java:94] set customerNumber -> MCluNq
2020-06-19 13:28:25 DEBUG [MockBuilder.java:94] set agreementNumber -> derptbuEAzWxcpJ
2020-06-19 13:28:25 DEBUG [MockBuilder.java:94] set carrierCode -> Ui
2020-06-19 13:28:25 DEBUG [MockBuilder.java:94] set type -> uwRwBkhqhhYzuDoMVKlg
2020-06-19 13:28:25 DEBUG [MockBuilder.java:94] set storeName -> pXOzGvLseCwaJTTjlfqF
2020-06-19 13:28:25 DEBUG [MockBuilder.java:94] set createTimestamp -> 1970-01-01T00:06:22
2020-06-19 13:28:25 DEBUG [MockBuilder.java:94] set orderingSystem -> jG
2020-06-19 13:28:25 DEBUG [MockBuilder.java:94] set custDept -> RqIrl
2020-06-19 13:28:25 DEBUG [MockBuilder.java:94] set legacyOrderNumber -> 124573184
2020-06-19 13:28:25 DEBUG [MockBuilder.java:94] set shawOrderNbr -> grvPxF
2020-06-19 13:28:25 DEBUG [MockBuilder.java:94] set requestOrderJson -> nRcNGbLMeYaApdGiECcD
2020-06-19 13:28:25 DEBUG [MockBuilder.java:94] set changeTimestamp -> 1970-01-01T00:06:20
2020-06-19 13:28:25 DEBUG [MockBuilder.java:94] set orderType -> HVMlIlAfNOtfThjtJUzS
2020-06-19 13:28:25 DEBUG [MockBuilder.java:94] set customerCode -> jG
2020-06-19 13:28:25 DEBUG [MockBuilder.java:94] set serviceCode -> UAtCQkDZcvnTQuFoRUCw
2020-06-19 13:28:25 DEBUG [MockBuilder.java:94] set sampVvalue -> CTSoiqskkRzsVpFayZoJ
2020-06-19 13:28:25 DEBUG [MockBuilder.java:94] set changedBy -> TneFNTZFZP
2020-06-19 13:28:25 DEBUG [MockBuilder.java:94] set sampType -> UtWLUXJWVGaoFXAqzTYx
2020-06-19 13:28:25 DEBUG [MockBuilder.java:94] set country -> yc
2020-06-19 13:28:25 DEBUG [MockBuilder.java:94] set country -> Ic
2020-06-19 13:28:25 DEBUG [MockBuilder.java:94] set dateValue -> 1974-12-17
2020-06-19 13:28:25 DEBUG [MockBuilder.java:94] set createdBy -> HKwOtRseql
2020-06-19 13:28:25 DEBUG [MockBuilder.java:94] set zip -> cpFVzyOpNXNVlqno
2020-06-19 13:28:25 DEBUG [MockBuilder.java:94] set zip -> OYhWRhuRfoUsbuzw
2020-06-19 13:28:25 DEBUG [MockBuilder.java:94] set validations -> null
2020-06-19 13:28:25 DEBUG [MockBuilder.java:94] set createdBy -> QpCYVRMQUu
2020-06-19 13:28:25 DEBUG [MockBuilder.java:94] set province -> FvHqBsrsHHuaDfcgAhm
2020-06-19 13:28:25 DEBUG [MockBuilder.java:94] set changedBy -> tmNTNcpobW
2020-06-19 13:28:25 DEBUG [MockBuilder.java:94] set changeTimestamp -> 1970-01-01T00:23:07
2020-06-19 13:28:25 DEBUG [MockBuilder.java:94] set state -> yU
2020-06-19 13:28:25 DEBUG [MockBuilder.java:94] set createTimestamp -> 1970-01-01T01:02:58
2020-06-19 13:28:25 DEBUG [MockBuilder.java:94] set beg -> yUfMu
2020-06-19 13:28:25 DEBUG [MockBuilder.java:94] set qualifier -> irb
2020-06-19 13:28:25 DEBUG [MockBuilder.java:94] set createTimestamp -> 1970-01-01T02:41:36
2020-06-19 13:28:25 DEBUG [MockBuilder.java:94] set dunsNbr -> ibqMsVcOeiThuyW
2020-06-19 13:28:25 DEBUG [MockBuilder.java:94] set shipByDate -> 1994-05-29
2020-06-19 13:28:25 DEBUG [MockBuilder.java:94] set vendorNo -> zZlhCpAHVsLGyBV
2020-06-19 13:28:25 DEBUG [MockBuilder.java:94] set changeTimestamp -> 1970-01-01T01:05:11
2020-06-19 13:28:25 DEBUG [MockBuilder.java:94] set shipDate -> com.shaw.ediorderservices.persistance.sqlserver.entity.date.ShipDate@4a77d2a5
2020-06-19 13:28:25 DEBUG [MockBuilder.java:94] set changedBy -> dKkWkFwWxm
2020-06-19 13:28:25 DEBUG [MockBuilder.java:94] set commCust -> zQBmXuv
2020-06-19 13:28:25 DEBUG [MockBuilder.java:94] set nbDate -> 1990-02-16
2020-06-19 13:28:25 DEBUG [MockBuilder.java:94] set createdBy -> WEHcEFcSOh
2020-06-19 13:28:25 DEBUG [MockBuilder.java:94] set generics -> null
2020-06-19 13:28:25 DEBUG [MockBuilder.java:94] set createTimestamp -> 1970-01-01T01:40:45
2020-06-19 13:28:25 DEBUG [MockBuilder.java:94] set phone -> DzZIXgUGFYaVfEL
2020-06-19 13:28:25 DEBUG [MockBuilder.java:94] set lines -> null
2020-06-19 13:28:25 DEBUG [MockBuilder.java:94] set addressLine1 -> WrxJquZUNvkhTRRrUVWt
2020-06-19 13:28:25 DEBUG [MockBuilder.java:94] set freightType -> UZsoMAdWXgFyhUKVuoDG
2020-06-19 13:28:25 DEBUG [MockBuilder.java:94] set careOf -> fVAQBSlBQNPPwXRWgRQf
2020-06-19 13:28:25 DEBUG [MockBuilder.java:94] set poNumber -> WSezUNAsazhobSpvGkFn
2020-06-19 13:28:25 DEBUG [MockBuilder.java:94] set city -> gwNzAHtzjkJkvwEMvTGT
2020-06-19 13:28:25 DEBUG [MockBuilder.java:94] set addressLine2 -> PNRBUlNkeEBXQTYsWjgP
2020-06-19 13:28:25 DEBUG [MockBuilder.java:94] set createTimestamp -> 1970-01-01T01:38
2020-06-19 13:28:25 DEBUG [MockBuilder.java:94] set changeTimestamp -> 1970-01-01T00:19:15
2020-06-19 13:28:25 DEBUG [MockBuilder.java:94] set changedBy -> JMXwichjXb
2020-06-19 13:28:25 DEBUG [MockBuilder.java:94] set createdBy -> pichApvPtS
2020-06-19 13:28:25 DEBUG [MockBuilder.java:94] set phone -> rshzRZbVaApvyys
2020-06-19 13:28:25 DEBUG [MockBuilder.java:94] set ediOrder -> null
2020-06-19 13:28:25 DEBUG [MockBuilder.java:94] set state -> Gq
2020-06-19 13:28:25 DEBUG [MockBuilder.java:94] set name -> KBlaiVEkzKzPRaUiTAdZ
2020-06-19 13:28:25 DEBUG [MockBuilder.java:94] set billFlag -> c
2020-06-19 13:28:25 DEBUG [MockBuilder.java:94] set addressLine1 -> PSkvVMqLtAKnpAOqskxh
2020-06-19 13:28:25 DEBUG [MockBuilder.java:94] set accountNbr -> IjlHkRmRYRUWlWXmDZnu
2020-06-19 13:28:25 DEBUG [MockBuilder.java:94] set createTimestamp -> 1970-01-01T00:56:01
2020-06-19 13:28:25 DEBUG [MockBuilder.java:94] set careOf -> rbzskupiHkYqgwovGvEI
2020-06-19 13:28:25 DEBUG [MockBuilder.java:94] set dateValue -> 1988-07-26
2020-06-19 13:28:25 DEBUG [MockBuilder.java:94] set createdBy -> zqEDngKmQs
2020-06-19 13:28:25 DEBUG [MockBuilder.java:94] set city -> HOBpKNbqypiVrhvoHQcd
2020-06-19 13:28:25 DEBUG [MockBuilder.java:94] set qualifier -> QhO
2020-06-19 13:28:25 DEBUG [MockBuilder.java:94] set addressLine2 -> BfSoSNazTkFdWRypvCVt
2020-06-19 13:28:25 DEBUG [MockBuilder.java:94] set changedBy -> epSuFAdGEk
2020-06-19 13:28:25 DEBUG [MockBuilder.java:94] set billToStore -> vuYQOQeuBn
2020-06-19 13:28:25 DEBUG [MockBuilder.java:94] set dates -> null
2020-06-19 13:28:25 DEBUG [MockBuilder.java:94] set province -> lZaPgGtwuVgwFdAYHBU
2020-06-19 13:28:25 DEBUG [MockBuilder.java:94] set dateValue -> 1980-03-02
2020-06-19 13:28:25 DEBUG [MockBuilder.java:94] set createdBy -> CUGBueIStP
2020-06-19 13:28:25 DEBUG [MockBuilder.java:94] set country -> Qk
2020-06-19 13:28:25 DEBUG [MockBuilder.java:94] set qualifier -> ZeV
2020-06-19 13:28:25 DEBUG [MockBuilder.java:94] set changedBy -> UIAqocbTDN
2020-06-19 13:28:25 DEBUG [MockBuilder.java:94] set zip -> EJbDMcpsCgrocajH
2020-06-19 13:28:25 DEBUG [MockBuilder.java:94] set shipFlag -> V
2020-06-19 13:28:25 DEBUG [MockBuilder.java:94] set province -> aYQVnDnFNeNvmGOANvb
2020-06-19 13:28:25 DEBUG [MockBuilder.java:94] set poDate -> 1984-12-20
2020-06-19 13:28:25 DEBUG [MockBuilder.java:94] set name -> HKqxXHijUnuotseRBnkP
2020-06-19 13:28:25 DEBUG [MockBuilder.java:94] set state -> Dt
2020-06-19 13:28:25 DEBUG [MockBuilder.java:94] set careOf -> uAqAcFGbtFIpkFoxZTVc
2020-06-19 13:28:25 DEBUG [MockBuilder.java:94] set createTimestamp -> 1970-01-01T01:38:18
2020-06-19 13:28:25 DEBUG [MockBuilder.java:94] set name -> CMFgVsjtljNAIDpUwCMR
2020-06-19 13:28:25 DEBUG [MockBuilder.java:94] set changeTimestamp -> 1970-01-01T00:55:22
2020-06-19 13:28:25 DEBUG [MockBuilder.java:94] set addressLine2 -> GNdmpCsDoHZXMkLhLFCU
2020-06-19 13:28:25 DEBUG [MockBuilder.java:94] set changedBy -> bqTKqzHKKf
2020-06-19 13:28:25 DEBUG [MockBuilder.java:94] set city -> eQMtiwgAzMeduzDaNKfh
2020-06-19 13:28:25 DEBUG [MockBuilder.java:94] set createdBy -> xtEaqasEQb
2020-06-19 13:28:25 DEBUG [MockBuilder.java:94] set addressLine1 -> JtMXdeOVFsJlzxNTZciu
2020-06-19 13:28:25 DEBUG [MockBuilder.java:94] set phone -> wwXWytLoKfarBsY
2020-06-19 13:28:25 DEBUG [MockBuilder.java:94] set shipToFlag -> 3592098.11639294
2020-06-19 13:28:25 DEBUG [MockBuilder.java:94] set custNbr -> yuZEUJf
2020-06-19 13:28:25 DEBUG [MockBuilder.java:94] set truncFlag -> G
2020-06-19 13:28:25 DEBUG [MockBuilder.java:94] set thirdPartyAddress -> com.shaw.ediorderservices.persistance.sqlserver.entity.address.ThirdPartyAddress@345121af
2020-06-19 13:28:25 DEBUG [MockBuilder.java:94] set destinationCode -> Jh
2020-06-19 13:28:25 DEBUG [MockBuilder.java:94] set shipCancelDate -> 1983-02-01
2020-06-19 13:28:25 DEBUG [MockBuilder.java:94] set changeTimestamp -> 1970-01-01T00:52:21
2020-06-19 13:28:25 DEBUG [MockBuilder.java:94] set changeTimestamp -> 1970-01-01T00:19:16
2020-06-19 13:28:25 DEBUG [MockBuilder.java:94] set shipToAddress -> com.shaw.ediorderservices.persistance.sqlserver.entity.address.ShipToAddress@4a57465b
2020-06-19 13:28:25 DEBUG [MockBuilder.java:94] set ediOrder -> null
2020-06-19 13:28:25 DEBUG [MockBuilder.java:94] set poDate -> com.shaw.ediorderservices.persistance.sqlserver.entity.date.PoDate@12a6ae7
2020-06-19 13:28:25 DEBUG [MockBuilder.java:94] set cancelDate -> com.shaw.ediorderservices.persistance.sqlserver.entity.date.CancelDate@7b788701
2020-06-19 13:28:25 DEBUG [MockBuilder.java:94] set consumerAddress -> com.shaw.ediorderservices.persistance.sqlserver.entity.address.ConsumerAddress@160fe1d8
2020-06-19 13:28:25 DEBUG [MockBuilder.java:94] set ref -> tMb
2020-06-19 13:28:25 DEBUG [MockBuilder.java:94] set lineType -> XYSyHoRZoOFvsxLetXwF
2020-06-19 13:28:25 DEBUG [MockBuilder.java:94] set style -> CuKKO
2020-06-19 13:28:25 DEBUG [MockBuilder.java:94] set color -> DUwgK
2020-06-19 13:28:25 DEBUG [MockBuilder.java:94] set lineNbr -> 193433
2020-06-19 13:28:25 DEBUG [MockBuilder.java:94] set changedBy -> veufzJpxCV
2020-06-19 13:28:25 DEBUG [MockBuilder.java:94] set createdBy -> RhccvqAeDm
2020-06-19 13:28:25 DEBUG [MockBuilder.java:94] set createTimestamp -> 1970-01-01T02:34:37
2020-06-19 13:28:25 DEBUG [MockBuilder.java:94] set changeTimestamp -> 1970-01-01T00:56:48
2020-06-19 13:28:25 DEBUG [MockBuilder.java:94] set samplesValue -> vfdWguEDVPAxYXvQIXSf
2020-06-19 13:28:25 DEBUG [MockBuilder.java:94] set shipDate -> 1974-10-08
2020-06-19 13:28:25 DEBUG [MockBuilder.java:94] set custReqShipDate -> 1973-05-03
2020-06-19 13:28:25 DEBUG [MockBuilder.java:94] set validations -> null
2020-06-19 13:28:25 DEBUG [MockHelper.java:58] EdiOrder [id=null, customerCode=jG, orderingSystem=jG, type=HVMlIlAfNOtfThjtJUzS, legacyId=124573184, shawOrderNbr=grvPxF, carrierCode=Ui, customerNumber=MCluNq, commCust=zQBmXuv, poNumber=WSezUNAsazhobSpvGkFn, freightType=UZsoMAdWXgFyhUKVuoDG, serviceCode=UAtCQkDZcvnTQuFoRUCw, billToStore=vuYQOQeuBn, agreementNumber=derptbuEAzWxcpJ, custDept=RqIrl, storeName=pXOzGvLseCwaJTTjlfqF, vendorNo=zZlhCpAHVsLGyBV, dunsNbr=ibqMsVcOeiThuyW, beg=yUfMu, shipCancelDate=1983-02-01, shipByDate=1994-05-29, nbDate=1990-02-16, shipDate=com.shaw.ediorderservices.persistance.sqlserver.entity.date.ShipDate@4a77d2a5, cancelDate=com.shaw.ediorderservices.persistance.sqlserver.entity.date.CancelDate@7b788701, poDate=com.shaw.ediorderservices.persistance.sqlserver.entity.date.PoDate@12a6ae7, dates=null, shipToAddress=com.shaw.ediorderservices.persistance.sqlserver.entity.address.ShipToAddress@4a57465b, consumerAddress=com.shaw.ediorderservices.persistance.sqlserver.entity.address.ConsumerAddress@160fe1d8, thirdPartyAddress=com.shaw.ediorderservices.persistance.sqlserver.entity.address.ThirdPartyAddress@345121af, lines=[com.shaw.ediorderservices.persistance.sqlserver.entity.line.SamplesEdiLine@2de57397], generics=null, validations=null]
2020-06-19 13:28:25 DEBUG [MockBuilder.java:94] set type -> NsZMIRHMgrFFdRQAdSjB
2020-06-19 13:28:25 DEBUG [MockBuilder.java:94] set country -> Db
2020-06-19 13:28:25 DEBUG [MockBuilder.java:94] set agreementNumber -> nCctSGYnOXHxglg
2020-06-19 13:28:25 DEBUG [MockBuilder.java:94] set changedBy -> zoPxOeuUhj
2020-06-19 13:28:25 DEBUG [MockBuilder.java:94] set zip -> ZlxJvmkHZzRivVqj
2020-06-19 13:28:25 DEBUG [MockBuilder.java:94] set storeName -> VjUSiZThTRdiSCvtDPBr
2020-06-19 13:28:25 DEBUG [MockBuilder.java:94] set changeTimestamp -> 1970-01-01T02:17:04
2020-06-19 13:28:25 DEBUG [MockBuilder.java:94] set custDept -> bvTQe
2020-06-19 13:28:25 DEBUG [MockBuilder.java:94] set province -> DioPVPGtKSruGaKjxAF
2020-06-19 13:28:25 DEBUG [MockBuilder.java:94] set createTimestamp -> 1970-01-01T02:08
2020-06-19 13:28:25 DEBUG [MockBuilder.java:94] set billToStore -> nGYMHVQNAE
2020-06-19 13:28:25 DEBUG [MockBuilder.java:94] set createTimestamp -> 1970-01-01T01:51:47
2020-06-19 13:28:25 DEBUG [MockBuilder.java:94] set state -> zE
2020-06-19 13:28:25 DEBUG [MockBuilder.java:94] set serviceCode -> MaYXLCoBxVxaKnMUOPzd
2020-06-19 13:28:25 DEBUG [MockBuilder.java:94] set validations -> null
2020-06-19 13:28:25 DEBUG [MockBuilder.java:94] set customerNumber -> deKBSx
2020-06-19 13:28:25 DEBUG [MockBuilder.java:94] set createTimestamp -> 1970-01-01T00:13:04
2020-06-19 13:28:25 DEBUG [MockBuilder.java:94] set carrierCode -> xu
2020-06-19 13:28:25 DEBUG [MockBuilder.java:94] set changeTimestamp -> 1970-01-01T01:37:24
2020-06-19 13:28:25 DEBUG [MockBuilder.java:94] set freightType -> TQLENlRQKJgZiUfopdZP
2020-06-19 13:28:25 DEBUG [MockBuilder.java:94] set poNumber -> WcBnyGnpsEIcdkDRSqcj
2020-06-19 13:28:25 DEBUG [MockBuilder.java:94] set changeTimestamp -> 1970-01-01T00:27
2020-06-19 13:28:25 DEBUG [MockBuilder.java:94] set requestOrderJson -> LfUvegrbKQvsUexQjQkB
2020-06-19 13:28:25 DEBUG [MockBuilder.java:94] set sampVvalue -> GfOhFjwtEkjyCsRtKERt
2020-06-19 13:28:25 DEBUG [MockBuilder.java:94] set customerCode -> um
2020-06-19 13:28:25 DEBUG [MockBuilder.java:94] set changedBy -> WSjECNuWHl
2020-06-19 13:28:25 DEBUG [MockBuilder.java:94] set changedBy -> VfJlLsHOIC
2020-06-19 13:28:25 DEBUG [MockBuilder.java:94] set legacyOrderNumber -> 896058142
2020-06-19 13:28:25 DEBUG [MockBuilder.java:94] set sampType -> jWEylPgZorKcgCxSnzwW
2020-06-19 13:28:25 DEBUG [MockBuilder.java:94] set createdBy -> XBJVhLpgLJ
2020-06-19 13:28:25 DEBUG [MockBuilder.java:94] set orderType -> rXvBkBDPpXTByrrFQdND
2020-06-19 13:28:25 DEBUG [MockBuilder.java:94] set dateValue -> 1992-02-18
2020-06-19 13:28:25 DEBUG [MockBuilder.java:94] set beg -> RnMYs
2020-06-19 13:28:25 DEBUG [MockBuilder.java:94] set phone -> xnIEKqnqTtHeaUM
2020-06-19 13:28:25 DEBUG [MockBuilder.java:94] set addressLine1 -> quoSnhhafEglmInWRsoa
2020-06-19 13:28:25 DEBUG [MockBuilder.java:94] set country -> ZB
2020-06-19 13:28:25 DEBUG [MockBuilder.java:94] set createdBy -> UBNBEqXsQk
2020-06-19 13:28:25 DEBUG [MockBuilder.java:94] set careOf -> vwyROMDOWPzAabnZSgci
2020-06-19 13:28:25 DEBUG [MockBuilder.java:94] set zip -> SHfFOIRDbPDoLjYQ
2020-06-19 13:28:25 DEBUG [MockBuilder.java:94] set createdBy -> OIGxVWvKVw
2020-06-19 13:28:25 DEBUG [MockBuilder.java:94] set qualifier -> Yes
2020-06-19 13:28:25 DEBUG [MockBuilder.java:94] set province -> eaYnMuvYvMWgoIwxDgC
2020-06-19 13:28:25 DEBUG [MockBuilder.java:94] set state -> zI
2020-06-19 13:28:25 DEBUG [MockBuilder.java:94] set shipDate -> com.shaw.ediorderservices.persistance.sqlserver.entity.date.ShipDate@75552781
2020-06-19 13:28:25 DEBUG [MockBuilder.java:94] set createTimestamp -> 1970-01-01T01:00:15
2020-06-19 13:28:25 DEBUG [MockBuilder.java:94] set createTimestamp -> 1970-01-01T02:45:30
2020-06-19 13:28:25 DEBUG [MockBuilder.java:94] set changeTimestamp -> 1970-01-01T02:02:09
2020-06-19 13:28:25 DEBUG [MockBuilder.java:94] set changeTimestamp -> 1970-01-01T01:58:03
2020-06-19 13:28:25 DEBUG [MockBuilder.java:94] set changedBy -> IRPXxjGeNQ
2020-06-19 13:28:25 DEBUG [MockBuilder.java:94] set changedBy -> VroRHHnigo
2020-06-19 13:28:25 DEBUG [MockBuilder.java:94] set commCust -> WnTLiGP
2020-06-19 13:28:25 DEBUG [MockBuilder.java:94] set createdBy -> vVHNCiotCN
2020-06-19 13:28:25 DEBUG [MockBuilder.java:94] set orderingSystem -> YA
2020-06-19 13:28:25 DEBUG [MockBuilder.java:94] set shawOrderNbr -> VLpylt
2020-06-19 13:28:25 DEBUG [MockBuilder.java:94] set shipByDate -> 1988-04-22
2020-06-19 13:28:25 DEBUG [MockBuilder.java:94] set city -> LbgvutIrkdCfaClMsfNP
2020-06-19 13:28:25 DEBUG [MockBuilder.java:94] set nbDate -> 1978-02-17
2020-06-19 13:28:25 DEBUG [MockBuilder.java:94] set dateValue -> 1975-02-13
2020-06-19 13:28:25 DEBUG [MockBuilder.java:94] set generics -> null
2020-06-19 13:28:25 DEBUG [MockBuilder.java:94] set dunsNbr -> frbSJBgvwXIFdoC
2020-06-19 13:28:25 DEBUG [MockBuilder.java:94] set phone -> qugXDzcVGmyEbMn
2020-06-19 13:28:25 DEBUG [MockBuilder.java:94] set createdBy -> jZUeyDKZud
2020-06-19 13:28:25 DEBUG [MockBuilder.java:94] set lines -> null
2020-06-19 13:28:25 DEBUG [MockBuilder.java:94] set addressLine2 -> qqmUAIHRCQjfumCuBstB
2020-06-19 13:28:25 DEBUG [MockBuilder.java:94] set qualifier -> Pxe
2020-06-19 13:28:25 DEBUG [MockBuilder.java:94] set addressLine1 -> mPmcwAZALkLvTTwiVBFO
2020-06-19 13:28:25 DEBUG [MockBuilder.java:94] set poDate -> com.shaw.ediorderservices.persistance.sqlserver.entity.date.PoDate@24674ee4
2020-06-19 13:28:25 DEBUG [MockBuilder.java:94] set shipCancelDate -> 1974-12-15
2020-06-19 13:28:25 DEBUG [MockBuilder.java:94] set dates -> null
2020-06-19 13:28:25 DEBUG [MockBuilder.java:94] set careOf -> nfuNUTVtWdmadFzRbBIm
2020-06-19 13:28:25 DEBUG [MockBuilder.java:94] set careOf -> RJebSFMhIRLYRblwzuTs
2020-06-19 13:28:25 DEBUG [MockBuilder.java:94] set city -> TewwOscOOuCyAoKYSyKw
2020-06-19 13:28:25 DEBUG [MockBuilder.java:94] set name -> BdKlfKCYUoGmUaRrgalT
2020-06-19 13:28:25 DEBUG [MockBuilder.java:94] set createTimestamp -> 1970-01-01T00:44
2020-06-19 13:28:25 DEBUG [MockBuilder.java:94] set addressLine2 -> AtjyZrnRTYRyuusHiZsM
2020-06-19 13:28:25 DEBUG [MockBuilder.java:94] set city -> tLrGrsSlrffuDbxiXuom
2020-06-19 13:28:25 DEBUG [MockBuilder.java:94] set changeTimestamp -> 1970-01-01T01:11:34
2020-06-19 13:28:25 DEBUG [MockBuilder.java:94] set addressLine1 -> RkawSqYzhrSAUQwFIrel
2020-06-19 13:28:25 DEBUG [MockBuilder.java:94] set changedBy -> acKnVWUJHl
2020-06-19 13:28:25 DEBUG [MockBuilder.java:94] set ediOrder -> null
2020-06-19 13:28:25 DEBUG [MockBuilder.java:94] set country -> rR
2020-06-19 13:28:25 DEBUG [MockBuilder.java:94] set dateValue -> 1983-07-31
2020-06-19 13:28:25 DEBUG [MockBuilder.java:94] set name -> pRyvYSzYmadlmDtvLThG
2020-06-19 13:28:25 DEBUG [MockBuilder.java:94] set createdBy -> UYqynflBLG
2020-06-19 13:28:25 DEBUG [MockBuilder.java:94] set shipToFlag -> 9144264.69903092
2020-06-19 13:28:25 DEBUG [MockBuilder.java:94] set accountNbr -> bNujciJSkOMCTbovPioK
2020-06-19 13:28:25 DEBUG [MockBuilder.java:94] set truncFlag -> k
2020-06-19 13:28:25 DEBUG [MockBuilder.java:94] set vendorNo -> eaAmwmgTzhreeIZ
2020-06-19 13:28:25 DEBUG [MockBuilder.java:94] set custNbr -> wVzEhMj
2020-06-19 13:28:25 DEBUG [MockBuilder.java:94] set destinationCode -> jg
2020-06-19 13:28:25 DEBUG [MockBuilder.java:94] set createTimestamp -> 1970-01-01T01:31:07
2020-06-19 13:28:25 DEBUG [MockBuilder.java:94] set province -> xBTItcwtHhHOhBSEVXe
2020-06-19 13:28:25 DEBUG [MockBuilder.java:94] set state -> oc
2020-06-19 13:28:25 DEBUG [MockBuilder.java:94] set billFlag -> C
2020-06-19 13:28:25 DEBUG [MockBuilder.java:94] set addressLine2 -> qVyKszCxXqYyByoFejFF
2020-06-19 13:28:25 DEBUG [MockBuilder.java:94] set createdBy -> LipYVEKBXY
2020-06-19 13:28:25 DEBUG [MockBuilder.java:94] set phone -> kaxmUujqfQUAXUh
2020-06-19 13:28:25 DEBUG [MockBuilder.java:94] set thirdPartyAddress -> com.shaw.ediorderservices.persistance.sqlserver.entity.address.ThirdPartyAddress@46a14928
2020-06-19 13:28:25 DEBUG [MockBuilder.java:94] set changedBy -> WjBFqVRugQ
2020-06-19 13:28:25 DEBUG [MockBuilder.java:94] set poDate -> 1981-09-05
2020-06-19 13:28:25 DEBUG [MockBuilder.java:94] set shipFlag -> A
2020-06-19 13:28:25 DEBUG [MockBuilder.java:94] set ediOrder -> null
2020-06-19 13:28:25 DEBUG [MockBuilder.java:94] set name -> noNDaOhOCIxHIqjwdMJw
2020-06-19 13:28:25 DEBUG [MockBuilder.java:94] set zip -> HYHnWQqALJYULYdW
2020-06-19 13:28:25 DEBUG [MockBuilder.java:94] set qualifier -> Vcy
2020-06-19 13:28:25 DEBUG [MockBuilder.java:94] set changeTimestamp -> 1970-01-01T01:32:46
2020-06-19 13:28:25 DEBUG [MockBuilder.java:94] set consumerAddress -> com.shaw.ediorderservices.persistance.sqlserver.entity.address.ConsumerAddress@55b4f310
2020-06-19 13:28:25 DEBUG [MockBuilder.java:94] set cancelDate -> com.shaw.ediorderservices.persistance.sqlserver.entity.date.CancelDate@5ebe00e3
2020-06-19 13:28:25 DEBUG [MockBuilder.java:94] set shipToAddress -> com.shaw.ediorderservices.persistance.sqlserver.entity.address.ShipToAddress@4e46d370
2020-06-19 13:28:25 DEBUG [MockBuilder.java:94] set style -> pvKTt
2020-06-19 13:28:25 DEBUG [MockBuilder.java:94] set ref -> olb
2020-06-19 13:28:25 DEBUG [MockBuilder.java:94] set custReqShipDate -> 1993-06-02
2020-06-19 13:28:25 DEBUG [MockBuilder.java:94] set color -> mPvbT
2020-06-19 13:28:25 DEBUG [MockBuilder.java:94] set changedBy -> HRdwAFRjyD
2020-06-19 13:28:25 DEBUG [MockBuilder.java:94] set lineType -> MdZClpFsPpBFqcBUOxqi
2020-06-19 13:28:25 DEBUG [MockBuilder.java:94] set changeTimestamp -> 1970-01-01T01:04:48
2020-06-19 13:28:25 DEBUG [MockBuilder.java:94] set lineNbr -> 910378
2020-06-19 13:28:25 DEBUG [MockBuilder.java:94] set samplesValue -> bVvNXfydAiffzIAXlsUZ
2020-06-19 13:28:25 DEBUG [MockBuilder.java:94] set createTimestamp -> 1970-01-01T02:44:27
2020-06-19 13:28:25 DEBUG [MockBuilder.java:94] set createdBy -> qUXiXOOJif
2020-06-19 13:28:25 DEBUG [MockBuilder.java:94] set shipDate -> 1982-09-25
2020-06-19 13:28:25 DEBUG [MockBuilder.java:94] set validations -> null
2020-06-19 13:28:25 DEBUG [MockHelper.java:58] EdiOrder [id=null, customerCode=um, orderingSystem=YA, type=rXvBkBDPpXTByrrFQdND, legacyId=896058142, shawOrderNbr=VLpylt, carrierCode=xu, customerNumber=deKBSx, commCust=WnTLiGP, poNumber=WcBnyGnpsEIcdkDRSqcj, freightType=TQLENlRQKJgZiUfopdZP, serviceCode=MaYXLCoBxVxaKnMUOPzd, billToStore=nGYMHVQNAE, agreementNumber=nCctSGYnOXHxglg, custDept=bvTQe, storeName=VjUSiZThTRdiSCvtDPBr, vendorNo=eaAmwmgTzhreeIZ, dunsNbr=frbSJBgvwXIFdoC, beg=RnMYs, shipCancelDate=1974-12-15, shipByDate=1988-04-22, nbDate=1978-02-17, shipDate=com.shaw.ediorderservices.persistance.sqlserver.entity.date.ShipDate@75552781, cancelDate=com.shaw.ediorderservices.persistance.sqlserver.entity.date.CancelDate@5ebe00e3, poDate=com.shaw.ediorderservices.persistance.sqlserver.entity.date.PoDate@24674ee4, dates=null, shipToAddress=com.shaw.ediorderservices.persistance.sqlserver.entity.address.ShipToAddress@4e46d370, consumerAddress=com.shaw.ediorderservices.persistance.sqlserver.entity.address.ConsumerAddress@55b4f310, thirdPartyAddress=com.shaw.ediorderservices.persistance.sqlserver.entity.address.ThirdPartyAddress@46a14928, lines=[com.shaw.ediorderservices.persistance.sqlserver.entity.line.SamplesEdiLine@1036bb9f], generics=null, validations=null]
2020-06-19 13:28:25 DEBUG [MockBuilder.java:94] set priceReqBy -> YZQsIcbOBWgPeQAkpfat
2020-06-19 13:28:25 DEBUG [MockBuilder.java:94] set cartNbr -> IVOzzkTSuIVTtmoPZyYe
2020-06-19 13:28:25 DEBUG [MockBuilder.java:94] set shipPoint -> lqCPrbeFwAfbLyEhLbxj
2020-06-19 13:28:25 DEBUG [MockBuilder.java:94] set zipcode -> JWYknVGhemkpSlutmvaj
2020-06-19 13:28:25 DEBUG [MockBuilder.java:94] set cartOrderNbr -> GhqNCQmJrFlUjvpPCvSK
2020-06-19 13:28:25 DEBUG [MockBuilder.java:94] set freightCode -> mNTxVEbrVBJGgApcjxtQ
2020-06-19 13:28:25 DEBUG [MockBuilder.java:94] set prodType -> pTBgGBhFTjzvBReMkMDA
2020-06-19 13:28:25 DEBUG [MockBuilder.java:94] set countryCode -> TLUpPvZSEIDuVSWJnErj
2020-06-19 13:28:25 DEBUG [MockBuilder.java:94] set priceExplain -> true
2020-06-19 13:28:25 DEBUG [MockBuilder.java:94] set cartLineErrors -> null
2020-06-19 13:28:25 DEBUG [MockBuilder.java:94] set locCode -> KFAELnmXVWiEjbGUDmir
2020-06-19 13:28:25 DEBUG [MockBuilder.java:94] set lines -> null
2020-06-19 13:28:25 DEBUG [MockBuilder.java:94] set discount -> ZtTIxaLCXCjqrVAmeTDV
2020-06-19 13:28:25 DEBUG [MockBuilder.java:94] set swatch -> true
2020-06-19 13:28:25 DEBUG [MockBuilder.java:94] set pricingFlag -> ypOKwJzXFQKxVBRxderT
2020-06-19 13:28:25 DEBUG [MockBuilder.java:94] set subset -> true
2020-06-19 13:28:25 DEBUG [MockBuilder.java:94] set shipDate -> null
2020-06-19 13:28:25 DEBUG [MockBuilder.java:94] set createdBy -> sUtntOIloy
2020-06-19 13:28:25 DEBUG [MockBuilder.java:94] set assignedTo -> fHrmxQoUxa
2020-06-19 13:28:25 DEBUG [MockBuilder.java:94] set status -> n
2020-06-19 13:28:25 DEBUG [MockBuilder.java:94] set changedTimestamp -> 1970-01-01T02:26:32
2020-06-19 13:28:25 DEBUG [MockBuilder.java:94] set createdTimestamp -> 1970-01-01T02:46:28
2020-06-19 13:28:25 DEBUG [MockBuilder.java:94] set defaultAction -> F
2020-06-19 13:28:25 DEBUG [MockBuilder.java:94] set changeTimestamp -> 1970-01-01T00:24:26
2020-06-19 13:28:25 DEBUG [MockBuilder.java:94] set description -> ccPIRiLYjiPMufakIRiP
2020-06-19 13:28:25 DEBUG [MockBuilder.java:94] set createTimestamp -> 1970-01-01T01:37:09
2020-06-19 13:28:25 DEBUG [MockBuilder.java:94] set createdBy -> ErIezcRv
2020-06-19 13:28:25 DEBUG [MockBuilder.java:94] set changedBy -> eoSQbVAk
2020-06-19 13:28:25 DEBUG [MockBuilder.java:94] set precedence -> 7784935.48122554
2020-06-19 13:28:25 DEBUG [MockBuilder.java:94] set autoCreateFlag -> a
2020-06-19 13:28:25 DEBUG [MockBuilder.java:94] set ediReasonCode -> 547248
2020-06-19 13:28:25 DEBUG [MockBuilder.java:94] set ediOrdValidations -> null
2020-06-19 13:28:25 DEBUG [MockBuilder.java:94] set level -> T
2020-06-19 13:28:25 DEBUG [MockBuilder.java:94] set actionCode -> FpPckBEXVG
2020-06-19 13:28:25 DEBUG [MockBuilder.java:94] set changedBy -> whhdDWuckC
2020-06-19 13:28:25 DEBUG [MockBuilder.java:94] set poLineNbr -> bSaBmX
2020-06-19 13:28:25 DEBUG [MockBuilder.java:94] set ediOrderNbr -> 296780921
2020-06-19 13:28:25 DEBUG [MockBuilder.java:94] set ediReasonCode -> com.shaw.ediorderservices.persistance.db2.entity.EdiReasonCode@6372a5b4
2020-06-19 13:28:25 DEBUG [MockBuilder.java:94] set timeStamp -> 1970-01-01T02:11:28
2020-06-19 13:28:25 DEBUG [MockBuilder.java:94] set id -> com.shaw.ediorderservices.persistance.db2.entity.EdiOrdValidation$EdiOrdValidationPK@cc323298
2020-06-19 13:28:25 DEBUG [MockBuilder.java:94] set successful -> true
2020-06-19 13:28:25 DEBUG [MockBuilder.java:94] set lines -> null
2020-06-19 13:28:25 DEBUG [MockBuilder.java:94] set resultMessage -> DJBGhpPcAMfDUpHrjCwD
2020-06-19 13:28:25 DEBUG [MockBuilder.java:94] set resultType -> sQEYrNBnzYLJwBnfctoZ
2020-06-19 13:28:25 DEBUG [MockBuilder.java:94] set territory -> YRRdzIPNreIRadgkXOji
2020-06-19 13:28:25 DEBUG [MockBuilder.java:94] set region -> ZSFwWnnbEdznLcElcYIO
2020-06-19 13:28:25 DEBUG [MockBuilder.java:94] set incoTerms -> AHSEKTREXlBuXzpbzjPN
2020-06-19 13:28:25 DEBUG [MockBuilder.java:94] set userId -> AXHPlAhATEqZlDMRlOGd
2020-06-19 13:28:25 DEBUG [MockBuilder.java:94] set route -> PemmfikCrknBMMlxvkqo
2020-06-19 13:28:25 DEBUG [MockBuilder.java:94] set projectNbr -> ksEQQxWUIlOrDbDspZhL
2020-06-19 13:28:25 DEBUG [MockBuilder.java:94] set shippingType -> uuvszkqifhKbEDEXJldG
2020-06-19 13:28:25 DEBUG [MockBuilder.java:94] set endUseDesc -> RPNUEuVcYjuHYsWkExgM
2020-06-19 13:28:25 DEBUG [MockBuilder.java:94] set custKwic -> LZljwCtEsmgYfMwmEMVL
2020-06-19 13:28:25 DEBUG [MockBuilder.java:94] set parentOrderNbr -> wEPSUShsBOwdrBNZzsGp
2020-06-19 13:28:25 DEBUG [MockBuilder.java:94] set ovalCode2 -> TOlypudvhoGLoEhwZTkQ
2020-06-19 13:28:25 DEBUG [MockBuilder.java:94] set custNbr -> cIqGQMjmqVoFfeCNWwMe
2020-06-19 13:28:25 DEBUG [MockBuilder.java:94] set addrSeq -> 466620
2020-06-19 13:28:25 DEBUG [MockBuilder.java:94] set ovalCode3 -> ELMvMyiZdOhznpzKSLEr
2020-06-19 13:28:25 DEBUG [MockBuilder.java:94] set custRefNbr -> rDEsIhuiccHDciVfGfdE
2020-06-19 13:28:25 DEBUG [MockBuilder.java:94] set ovalCode4 -> hKdqfIRxPYsmiMaWZrff
2020-06-19 13:28:25 DEBUG [MockBuilder.java:94] set deliveryDate -> 1984-05-29
2020-06-19 13:28:25 DEBUG [MockBuilder.java:94] set ovalDesc3 -> ilknkLKMJbQbSmuxsJGh
2020-06-19 13:28:25 DEBUG [MockBuilder.java:94] set orderLocation -> TrbFuTHJUMZAIyMXOPrc
2020-06-19 13:28:25 DEBUG [MockBuilder.java:94] set department -> uVOWTKAzMmJkifTSXShd
2020-06-19 13:28:25 DEBUG [MockBuilder.java:94] set orderType -> kaqWYebMtWlkJVYzZjVS
2020-06-19 13:28:25 DEBUG [MockBuilder.java:94] set creditMessage -> tAmhOBUuwjaQdnLatmEm
2020-06-19 13:28:25 DEBUG [MockBuilder.java:94] set district -> AVCIVjlOLXuyyeqCJaJo
2020-06-19 13:28:25 DEBUG [MockBuilder.java:94] set orderTypeDesc -> DdJTphjwJLmCvcpwdUuQ
2020-06-19 13:28:25 DEBUG [MockBuilder.java:94] set specialInst -> null
2020-06-19 13:28:25 DEBUG [MockBuilder.java:94] set selco -> vIpnTYyvBOsCAnfFzKNV
2020-06-19 13:28:25 DEBUG [MockBuilder.java:94] set addrKey -> 254647
2020-06-19 13:28:25 DEBUG [MockBuilder.java:94] set shipToAddress1 -> DfQvbgSavtJhMgLCqqlq
2020-06-19 13:28:25 DEBUG [MockBuilder.java:94] set ratingMethod -> soledPdKumelslOFWWnW
2020-06-19 13:28:25 DEBUG [MockBuilder.java:94] set selcoDesc -> onbewdfIaWJaOdSPTpBB
2020-06-19 13:28:25 DEBUG [MockBuilder.java:94] set shipToAddress2 -> QOYkxmbaDgRYuCzzDegF
2020-06-19 13:28:25 DEBUG [MockBuilder.java:94] set statusCode -> rzMvPTUyWMdhLUoYqAlM
2020-06-19 13:28:25 DEBUG [MockBuilder.java:94] set orderPriced -> 40443
2020-06-19 13:28:25 DEBUG [MockBuilder.java:94] set shipToCity -> EqKivFKCkTPQxvexSCsO
2020-06-19 13:28:25 DEBUG [MockBuilder.java:94] set termsCode -> IAjMHHNOudTdVRpIGwWt
2020-06-19 13:28:25 DEBUG [MockBuilder.java:94] set endUse -> NgnjHWNmZmJPHOZxgTNN
2020-06-19 13:28:25 DEBUG [MockBuilder.java:94] set shipToState -> RicsdGzdVGqHgRYsescV
2020-06-19 13:28:25 DEBUG [MockBuilder.java:94] set termsDesc -> worJUmxXdJFleyXxVnld
2020-06-19 13:28:25 DEBUG [MockBuilder.java:94] set labelContact -> DyQouVRcpBPoHRvkBJBF
2020-06-19 13:28:25 DEBUG [MockBuilder.java:94] set freightCode -> ZNRwKraEMLVKCdbkzFaR
2020-06-19 13:28:25 DEBUG [MockBuilder.java:94] set totalWeight -> 3631595.8040132537
2020-06-19 13:28:25 DEBUG [MockBuilder.java:94] set labelDeliveryInfo -> cPFwIekNoFQkWYSwdBTn
2020-06-19 13:28:25 DEBUG [MockBuilder.java:94] set headerStatus -> bXUADVuVufZIXKiwwgzt
2020-06-19 13:28:25 DEBUG [MockBuilder.java:94] set carrierFlag -> xsiSVyzVYttScmOnSieq
2020-06-19 13:28:25 DEBUG [MockBuilder.java:94] set labelProjectName -> iaKXOdZOqFHlIKGXXzsV
2020-06-19 13:28:25 DEBUG [MockBuilder.java:94] set nbDate -> 1976-06-17
2020-06-19 13:28:25 DEBUG [MockBuilder.java:94] set labelShiptoPhone -> SkucnvjYMIyZQilefxvz
2020-06-19 13:28:25 DEBUG [MockBuilder.java:94] set demand -> true
2020-06-19 13:28:25 DEBUG [MockBuilder.java:94] set bulkOrderNbr -> fiywzUxZwHydHIxRgjYl
2020-06-19 13:28:25 DEBUG [MockBuilder.java:94] set operatorId -> muJQnkMxrymLEAHhfEDg
2020-06-19 13:28:25 DEBUG [MockBuilder.java:94] set dtlsNbr -> 153377
2020-06-19 13:28:25 DEBUG [MockBuilder.java:94] set ovalCode1 -> yMhvzRiymcKsZZhhpEaB
2020-06-19 13:28:25 DEBUG [MockBuilder.java:94] set orderDate -> 1991-06-23
2020-06-19 13:28:25 DEBUG [MockBuilder.java:94] set billAddress1 -> vQMgdeHfFwjLPVSmTqfE
2020-06-19 13:28:25 DEBUG [MockBuilder.java:94] set orderNbr -> eBWarJwkwewrDJoNlqwP
2020-06-19 13:28:25 DEBUG [MockBuilder.java:94] set poNbr -> niZpWmjcNuQbNXohSTIC
2020-06-19 13:28:25 DEBUG [MockBuilder.java:94] set billAddress2 -> sKipEzIziRoWAXRjCEuf
2020-06-19 13:28:25 DEBUG [MockBuilder.java:94] set orderTime -> AoZbdIrKhdGtifTFBBXm
2020-06-19 13:28:25 DEBUG [MockBuilder.java:94] set pricingDate -> 1971-03-08
2020-06-19 13:28:25 DEBUG [MockBuilder.java:94] set billState -> buCyagbWTlLamUbBdLIQ
2020-06-19 13:28:25 DEBUG [MockBuilder.java:94] set productDesc -> GyNHbAeVftlXSlameDqV
2020-06-19 13:28:25 DEBUG [MockBuilder.java:94] set repFlag -> UenavvNkcVtDQlmDXQSx
2020-06-19 13:28:25 DEBUG [MockBuilder.java:94] set billToName -> GGMuhLqJcudsZgqujokv
2020-06-19 13:28:25 DEBUG [MockBuilder.java:94] set productType -> CEAsCYkOQBcKQoqOpfrJ
2020-06-19 13:28:25 DEBUG [MockBuilder.java:94] set rushFlag -> cwSbaiEzNgnsdizVudmm
2020-06-19 13:28:25 DEBUG [MockBuilder.java:94] set ovalDesc1 -> EHJXzQjAdAMLnPMnLeCh
2020-06-19 13:28:25 DEBUG [MockBuilder.java:94] set billZipcode -> XKMCDeDPmwlVVrJsOekK
2020-06-19 13:28:25 DEBUG [MockBuilder.java:94] set serviceDate -> 1979-09-29
2020-06-19 13:28:25 DEBUG [MockBuilder.java:94] set totalLines -> 952657
2020-06-19 13:28:25 DEBUG [MockBuilder.java:94] set ovalDesc2 -> SjXtzWDzGipknpvyfFFI
2020-06-19 13:28:25 DEBUG [MockBuilder.java:94] set carrierCode -> XAWBKpPnBUQIkdAyAOYm
2020-06-19 13:28:25 DEBUG [MockBuilder.java:94] set shipPoint -> kGTbWNmgsInlPtNWqZUv
2020-06-19 13:28:25 DEBUG [MockBuilder.java:94] set ovalDesc4 -> yzEFeWGWBnzhJfXLdxlU
2020-06-19 13:28:25 DEBUG [MockBuilder.java:94] set carrierName -> EzEgxhEKWZqFviESecvn
2020-06-19 13:28:25 DEBUG [MockBuilder.java:94] set smNote -> irxouMQnJiZZgNIjzyxX
2020-06-19 13:28:25 DEBUG [MockBuilder.java:94] set headerSidemarks -> null
2020-06-19 13:28:25 DEBUG [MockBuilder.java:94] set thirdPartyName -> zrCsrOovdiOMuvkewQim
2020-06-19 13:28:25 DEBUG [MockBuilder.java:94] set serviceCode -> vYMTGHOIQisgAjrkFcgc
2020-06-19 13:28:25 DEBUG [MockBuilder.java:94] set destCountryCode -> gYsLXXTwcnOQyjGzZQUA
2020-06-19 13:28:25 DEBUG [MockBuilder.java:94] set commCust -> gUYsSYRODAmsukdMovvm
2020-06-19 13:28:25 DEBUG [MockBuilder.java:94] set custName -> nxYeldTtapyxSHfmFPzt
2020-06-19 13:28:25 DEBUG [MockBuilder.java:94] set creditCode -> kVhKClUJRsKKuNpakcbr
2020-06-19 13:28:25 DEBUG [MockBuilder.java:94] set area -> 75761
2020-06-19 13:28:25 DEBUG [MockBuilder.java:94] set confirmStat -> IMFOVpozriQMwtITlcKT
2020-06-19 13:28:25 DEBUG [MockBuilder.java:94] set honeyWell -> true
2020-06-19 13:28:25 DEBUG [MockBuilder.java:94] set carrServiceLevel -> jgSZFggaTfmQcroKYtAf
2020-06-19 13:28:25 DEBUG [MockBuilder.java:94] set thirdPartyName2 -> DwcFAJoBruCcAhPkhYIm
2020-06-19 13:28:25 DEBUG [MockBuilder.java:94] set thirdPartyAcc -> XQTnlLSuYxjeYtmtOFRp
2020-06-19 13:28:25 DEBUG [MockBuilder.java:94] set thirdPartyState -> jdQAxzXoDtSzVADDKmWl
2020-06-19 13:28:25 DEBUG [MockBuilder.java:94] set collateFlag -> AmQOwJTPaCKWNVoXTLvb
2020-06-19 13:28:25 DEBUG [MockBuilder.java:94] set thirdPartyBillFlag -> pwWeefUhbLKwFweJdkBz
2020-06-19 13:28:25 DEBUG [MockBuilder.java:94] set thirdPartyZip -> EraVyRWtAQbvixLxZXbt
2020-06-19 13:28:25 DEBUG [MockBuilder.java:94] set location -> rcpytCXmkWBbgcPErfwg
2020-06-19 13:28:25 DEBUG [MockBuilder.java:94] set callBefDelFlag -> NLFdMSswewyuiKwtcBgr
2020-06-19 13:28:25 DEBUG [MockBuilder.java:94] set shipToName2 -> XvooqJCVlIKItzKllqPy
2020-06-19 13:28:25 DEBUG [MockBuilder.java:94] set locationName -> mOcfFScwNyHyYCCxZWPd
2020-06-19 13:28:25 DEBUG [MockBuilder.java:94] set thirdPartyFlag -> OxqEKYIFiZxPPqSfFoWl
2020-06-19 13:28:25 DEBUG [MockBuilder.java:94] set lastLineNbr -> 31293
2020-06-19 13:28:25 DEBUG [MockBuilder.java:94] set marketFlag -> HPSFyrWVocEAGQcmqWSo
2020-06-19 13:28:25 DEBUG [MockBuilder.java:94] set residentialDelvFlag -> ukNTSxBMgkVIaOrknaQl
2020-06-19 13:28:25 DEBUG [MockBuilder.java:94] set beforeDeliveryFlag -> wLUHlfNFSHiRoUpfqkav
2020-06-19 13:28:25 DEBUG [MockBuilder.java:94] set projectName -> JnYdmOotNOfdhzdPcbXU
2020-06-19 13:28:25 DEBUG [MockBuilder.java:94] set thirdPartyAdd1 -> fyqfekRuJZGswWhTPOvd
2020-06-19 13:28:25 DEBUG [MockBuilder.java:94] set subset -> true
2020-06-19 13:28:25 DEBUG [MockBuilder.java:94] set creditDate -> 1988-12-13
2020-06-19 13:28:25 DEBUG [MockBuilder.java:94] set thirdPartyAdd2 -> rwpLmGKEVPMcBTkTNlXS
2020-06-19 13:28:25 DEBUG [MockBuilder.java:94] set shipToZipcode -> UhVwXUdHfvxWoVLSMJsy
2020-06-19 13:28:25 DEBUG [MockBuilder.java:94] set thirdPartyCity -> sukoyaVqWUGckJvIgkXK
2020-06-19 13:28:25 DEBUG [MockBuilder.java:94] set creditDesc -> JTgRwqjviLTlYEtKuDfE
2020-06-19 13:28:25 DEBUG [MockBuilder.java:94] set swatch -> true
2020-06-19 13:28:25 DEBUG [MockBuilder.java:94] set countryCode -> CSKSkkPWlbDkqGPuQRNK
2020-06-19 13:28:25 DEBUG [MockBuilder.java:94] set shipToName -> erPNvYmJTTIPBLRfmgmx
2020-06-19 13:28:25 DEBUG [MockBuilder.java:94] set billCity -> qGATkISynrCVyVgUwXbu
2020-06-19 13:28:25 DEBUG [MockBuilder.java:94] set header -> com.shaw.ediorderservices.csws.OrderHeader@63495474
2020-06-19 13:28:25 DEBUG [MockBuilder.java:94] set commodity -> vpHtNLScNCbpdgeIwiav
2020-06-19 13:28:25 DEBUG [MockBuilder.java:94] set totWeight -> 7913397.104558654
2020-06-19 13:28:25 DEBUG [MockBuilder.java:94] set selCo -> AUkySTvZcYYOpVDBxhoq
2020-06-19 13:28:25 DEBUG [MockBuilder.java:94] set colorNbr -> BWVfsbUEmpTxlhHMaYUO
2020-06-19 13:28:25 DEBUG [MockBuilder.java:94] set custStatusCode -> dALhflbMUHrxPORrSFtS
2020-06-19 13:28:25 DEBUG [MockBuilder.java:94] set replacementFlag -> true
2020-06-19 13:28:25 DEBUG [MockBuilder.java:94] set demandStatusCode -> JriPVrhGfeMMcemQJbNg
2020-06-19 13:28:25 DEBUG [MockBuilder.java:94] set smpColorNbr -> AaqzyURoVmbtppPUgCTK
2020-06-19 13:28:25 DEBUG [MockBuilder.java:94] set cutBoundFlag -> true
2020-06-19 13:28:25 DEBUG [MockBuilder.java:94] set demandOrder -> yPJEvfRVoFTduRibnZgu
2020-06-19 13:28:25 DEBUG [MockBuilder.java:94] set leadTypeDesc -> TPbOKVqbATcdRpPMIdsn
2020-06-19 13:28:25 DEBUG [MockBuilder.java:94] set builderFlag -> true
2020-06-19 13:28:25 DEBUG [MockBuilder.java:94] set description -> HwBKAGftbqMoufwDyypI
2020-06-19 13:28:25 DEBUG [MockBuilder.java:94] set swatchFlag -> true
2020-06-19 13:28:25 DEBUG [MockBuilder.java:94] set priceUOM -> iPPQjyvwpvYLMAKxwXMc
2020-06-19 13:28:25 DEBUG [MockBuilder.java:94] set foreignCurrency -> UXhRMpIaVGYTOtiikREh
2020-06-19 13:28:25 DEBUG [MockBuilder.java:94] set location -> YSvEsBKyKlLwKWvlHEpH
2020-06-19 13:28:25 DEBUG [MockBuilder.java:94] set smpStyleNbr -> BgaOcwDaGwbxavbNXnwC
2020-06-19 13:28:25 DEBUG [MockBuilder.java:94] set smpTypeset -> HQGsfltSwihbVjYzMqtZ
2020-06-19 13:28:25 DEBUG [MockBuilder.java:94] set leadTimeDate -> 1971-01-04
2020-06-19 13:28:25 DEBUG [MockBuilder.java:94] set leadTimeFlag -> DDYdwWQqWnZEmJXCtmyv
2020-06-19 13:28:25 DEBUG [MockBuilder.java:94] set rcsCode -> ZaseAlduaAcjgfoUppRu
2020-06-19 13:28:25 DEBUG [MockBuilder.java:94] set restricted -> true
2020-06-19 13:28:25 DEBUG [MockBuilder.java:94] set qty -> UvPFWHnevuqyDgHzLYLj
2020-06-19 13:28:25 DEBUG [MockBuilder.java:94] set foreignPrice -> yvhUxiHGAIepLfNBSknn
2020-06-19 13:28:25 DEBUG [MockBuilder.java:94] set colorName -> dWctvJjXRaHurrVEhNFg
2020-06-19 13:28:25 DEBUG [MockBuilder.java:94] set productCode -> RhCZHqpyAOIlsknhsyvE
2020-06-19 13:28:25 DEBUG [MockBuilder.java:94] set statusCode -> ZJoASeYCAdtQClnkTbLm
2020-06-19 13:28:25 DEBUG [MockBuilder.java:94] set extPrice -> IuSJLekfYVayHJOAqlMn
2020-06-19 13:28:25 DEBUG [MockBuilder.java:94] set groupId -> OfRDfQAPJEqUTqzahvYK
2020-06-19 13:28:25 DEBUG [MockBuilder.java:94] set packType -> nSDOERidlxCYsNFYfxUk
2020-06-19 13:28:25 DEBUG [MockBuilder.java:94] set dyelot -> NtUCRmSYroUBZAOybJfk
2020-06-19 13:28:25 DEBUG [MockBuilder.java:94] set groupNbr -> VvmMZZNPOXqhrZMdsSyM
2020-06-19 13:28:25 DEBUG [MockBuilder.java:94] set styleName -> OdsLGZnufkZufEVeOMUe
2020-06-19 13:28:25 DEBUG [MockBuilder.java:94] set unitPrice -> FSahLEzqyOOmXGUldEVa
2020-06-19 13:28:25 DEBUG [MockBuilder.java:94] set width -> stzjbXwtedlXzMLiHvvB
2020-06-19 13:28:25 DEBUG [MockBuilder.java:94] set styleNbr -> inFnSbtHjvQYpmocKroT
2020-06-19 13:28:25 DEBUG [MockBuilder.java:94] set length -> QOoKgHbPdfUEssOBjQnd
2020-06-19 13:28:25 DEBUG [MockBuilder.java:94] set uom -> BsFxYTPPrHVTrhSHaWPn
2020-06-19 13:28:25 DEBUG [MockBuilder.java:94] set demaindLine -> kqxJajTrKBOeHOkWSujh
2020-06-19 13:28:25 DEBUG [MockBuilder.java:94] set smpTypesetDesc -> AGKHdFlnHFxrbQgwWwjb
2020-06-19 13:28:25 DEBUG [MockBuilder.java:94] set lineNbr -> eUzqBkeqOYvnjlMNZwIZ
2020-06-19 13:28:25 DEBUG [MockBuilder.java:94] set shipDate -> 1993-02-28
2020-06-19 13:28:25 DEBUG [MockBuilder.java:94] set ediReasonCode -> 594674
2020-06-19 13:28:25 DEBUG [MockBuilder.java:94] set changeTimestamp -> 1970-01-01T01:12:29
2020-06-19 13:28:25 DEBUG [MockBuilder.java:94] set defaultAction -> y
2020-06-19 13:28:25 DEBUG [MockBuilder.java:94] set level -> w
2020-06-19 13:28:25 DEBUG [MockBuilder.java:94] set createTimestamp -> 1970-01-01T02:43:04
2020-06-19 13:28:25 DEBUG [MockBuilder.java:94] set ediOrdValidations -> null
2020-06-19 13:28:25 DEBUG [MockBuilder.java:94] set changedBy -> UzhLOXUW
2020-06-19 13:28:25 DEBUG [MockBuilder.java:94] set autoCreateFlag -> x
2020-06-19 13:28:25 DEBUG [MockBuilder.java:94] set createdBy -> JJKoYISL
2020-06-19 13:28:25 DEBUG [MockBuilder.java:94] set precedence -> 4364247.77099084
2020-06-19 13:28:25 DEBUG [MockBuilder.java:94] set description -> yhUGrOVsqpoSOIizYzRL
2020-06-19 13:28:25 DEBUG [MockBuilder.java:94] set storeDesc -> iFXKfoWOouqKqBqvjXhs
2020-06-19 13:28:25 DEBUG [MockBuilder.java:94] set custCode -> GW
2020-06-19 13:28:25 DEBUG [MockBuilder.java:94] set lastChngDate -> 1970-01-01T01:30:44
2020-06-19 13:28:25 DEBUG [MockBuilder.java:94] set orderingSys -> Yz
2020-06-19 13:28:25 DEBUG [MockBuilder.java:94] set custNbr -> eGHWNBG
2020-06-19 13:28:25 DEBUG [MockBuilder.java:94] set lastChngId -> ycVsbhEP
2020-06-19 13:28:25 DEBUG [MockBuilder.java:94] set custStoreNbr -> enQYYPiLVhWocpNQYfYP
2020-06-19 13:28:25 DEBUG [MockBuilder.java:94] set rfidFlag -> a
2020-06-19 13:28:25 DEBUG [MockBuilder.java:94] set shawStoreNbr -> psIGFyktHvYPIroHdWUM
2020-06-19 13:28:25 DEBUG [MockBuilder.java:94] set id -> com.shaw.ediorderservices.persistance.db2.entity.EdiSplStoreXref$EdiSplStoreXrefPK@2e555f47
2020-06-19 13:28:25 DEBUG [MockBuilder.java:94] set lastChngId -> zpPZifZP
2020-06-19 13:28:25 DEBUG [MockBuilder.java:94] set custNbr -> Ipcglpb
2020-06-19 13:28:25 DEBUG [MockBuilder.java:94] set storeDesc -> xQZNzliNezTeikseNjKR
2020-06-19 13:28:25 DEBUG [MockBuilder.java:94] set orderingSys -> bn
2020-06-19 13:28:25 DEBUG [MockBuilder.java:94] set lastChngDate -> 1970-01-01T02:02:02
2020-06-19 13:28:25 DEBUG [MockBuilder.java:94] set custCode -> sE
2020-06-19 13:28:25 DEBUG [MockBuilder.java:94] set shawStoreNbr -> FYCLpGuLSJjoaqPgoiWS
2020-06-19 13:28:25 DEBUG [MockBuilder.java:94] set custStoreNbr -> bzXunihoDWItgDpTomwo
2020-06-19 13:28:25 DEBUG [MockBuilder.java:94] set rfidFlag -> i
2020-06-19 13:28:25 DEBUG [MockBuilder.java:94] set id -> com.shaw.ediorderservices.persistance.db2.entity.EdiSplStoreXref$EdiSplStoreXrefPK@2d529ce1
2020-06-19 13:28:25 DEBUG [MockBuilder.java:94] set storeDesc -> LgvEwwnjrECLbySlgPOg
2020-06-19 13:28:25 DEBUG [MockBuilder.java:94] set lastChngId -> UvnEwbny
2020-06-19 13:28:25 DEBUG [MockBuilder.java:94] set custNbr -> JoNkQxe
2020-06-19 13:28:25 DEBUG [MockBuilder.java:94] set lastChngDate -> 1970-01-01T01:03:02
2020-06-19 13:28:25 DEBUG [MockBuilder.java:94] set shawStoreNbr -> bBrtZVUbTixdCPpXzYYX
2020-06-19 13:28:25 DEBUG [MockBuilder.java:94] set custCode -> Df
2020-06-19 13:28:25 DEBUG [MockBuilder.java:94] set custStoreNbr -> vpNLCLUFnsYbdMlTVVkw
2020-06-19 13:28:25 DEBUG [MockBuilder.java:94] set rfidFlag -> f
2020-06-19 13:28:25 DEBUG [MockBuilder.java:94] set orderingSys -> ib
2020-06-19 13:28:25 DEBUG [MockBuilder.java:94] set id -> com.shaw.ediorderservices.persistance.db2.entity.EdiSplStoreXref$EdiSplStoreXrefPK@9e0b7915
2020-06-19 13:28:25 DEBUG [MockBuilder.java:94] set eventInfo -> CibsderBqMuopvY
2020-06-19 13:28:25 DEBUG [MockBuilder.java:94] set beg -> ODxLz
2020-06-19 13:28:25 DEBUG [MockBuilder.java:94] set explodeFlag -> S
2020-06-19 13:28:25 DEBUG [MockBuilder.java:94] set orderRetTotal -> 2163590.1156792413
2020-06-19 13:28:25 DEBUG [MockBuilder.java:94] set orderingSystem -> ky
2020-06-19 13:28:25 DEBUG [MockBuilder.java:94] set billToState -> eQ
2020-06-19 13:28:25 DEBUG [MockBuilder.java:94] set consStatusMsg -> TnSSYbrvMrMawTWQfnZk
2020-06-19 13:28:25 DEBUG [MockBuilder.java:94] set storeName -> ycuveKeyHEytbxnHvrYK
2020-06-19 13:28:25 DEBUG [MockBuilder.java:94] set agreementNumber -> SEugswIgxTREXvM
2020-06-19 13:28:25 DEBUG [MockBuilder.java:94] set fobPoint -> AQ
2020-06-19 13:28:25 DEBUG [MockBuilder.java:94] set billToStore -> mkRKDnPppG
2020-06-19 13:28:25 DEBUG [MockBuilder.java:94] set phoneNumber -> TuimBvnoSbv
2020-06-19 13:28:25 DEBUG [MockBuilder.java:94] set orderType -> z
2020-06-19 13:28:25 DEBUG [MockBuilder.java:94] set contractUsageInd -> Z
2020-06-19 13:28:25 DEBUG [MockBuilder.java:94] set termsNetDays -> OSQ
2020-06-19 13:28:25 DEBUG [MockBuilder.java:94] set assignedAgent -> JQQENIfj
2020-06-19 13:28:25 DEBUG [MockBuilder.java:94] set frtCode -> X
2020-06-19 13:28:25 DEBUG [MockBuilder.java:94] set bsStoreNbr -> OSQxTKgrss
2020-06-19 13:28:25 DEBUG [MockBuilder.java:94] set poControl -> rrKjn
2020-06-19 13:28:25 DEBUG [MockBuilder.java:94] set termsTypeFlag -> or
2020-06-19 13:28:25 DEBUG [MockBuilder.java:94] set crossDockCenter -> FSXcdJrZzJ
2020-06-19 13:28:25 DEBUG [MockBuilder.java:94] set orderTypeDesc -> oyyLLZTHGItOEIo
2020-06-19 13:28:25 DEBUG [MockBuilder.java:94] set giftMessage1 -> aVWCrGuVLRwysbutQQNu
2020-06-19 13:28:25 DEBUG [MockBuilder.java:94] set cancelDateQualifier -> bRE
2020-06-19 13:28:25 DEBUG [MockBuilder.java:94] set authRep -> MYaVoJaegynteSanLMjJ
2020-06-19 13:28:25 DEBUG [MockBuilder.java:94] set custDept -> lwceG
2020-06-19 13:28:25 DEBUG [MockBuilder.java:94] set giftMessage2 -> bEmUBDvZmMFwVTtTwktu
2020-06-19 13:28:25 DEBUG [MockBuilder.java:94] set carrierCode -> sC
2020-06-19 13:28:25 DEBUG [MockBuilder.java:94] set totalBindingFt -> 553233.2164131225
2020-06-19 13:28:25 DEBUG [MockBuilder.java:94] set chngLid -> bkiFXytO
2020-06-19 13:28:25 DEBUG [MockBuilder.java:94] set orderWeight -> 848916.6317432182
2020-06-19 13:28:25 DEBUG [MockBuilder.java:94] set hostAlertFlag -> g
2020-06-19 13:28:25 DEBUG [MockBuilder.java:94] set poDateValue -> 1984-05-01
2020-06-19 13:28:25 DEBUG [MockBuilder.java:94] set srvLevel -> qS
2020-06-19 13:28:25 DEBUG [MockBuilder.java:94] set authorizationNo -> NnXZlTDpat
2020-06-19 13:28:25 DEBUG [MockBuilder.java:94] set orderRetHand -> 11183.055219081509
2020-06-19 13:28:25 DEBUG [MockBuilder.java:94] set dunsNbr -> XHwPlNoZzewqiWV
2020-06-19 13:28:25 DEBUG [MockBuilder.java:94] set cbCutLength -> 6642327.25506706
2020-06-19 13:28:25 DEBUG [MockBuilder.java:94] set statusCode -> D
2020-06-19 13:28:25 DEBUG [MockBuilder.java:94] set chngTimestamp -> 1970-01-01T00:18:13
2020-06-19 13:28:25 DEBUG [MockBuilder.java:94] set poDateQualifier -> NLE
2020-06-19 13:28:25 DEBUG [MockBuilder.java:94] set acctContact -> IxIRlqPzbOUXqbACvNdI
2020-06-19 13:28:25 DEBUG [MockBuilder.java:94] set customerCode -> Cm
2020-06-19 13:28:25 DEBUG [MockBuilder.java:94] set orderRetSh -> 6053705.338131931
2020-06-19 13:28:25 DEBUG [MockBuilder.java:94] set stdCarrAlphaInd -> vCuz
2020-06-19 13:28:25 DEBUG [MockBuilder.java:94] set commCust -> kVdlPrh
2020-06-19 13:28:25 DEBUG [MockBuilder.java:94] set errorCode -> BQF
2020-06-19 13:28:25 DEBUG [MockBuilder.java:94] set poNumber -> sUzkGFgMEcXxXERIsAOZ
2020-06-19 13:28:25 DEBUG [MockBuilder.java:94] set custNbr -> GUARYtM
2020-06-19 13:28:25 DEBUG [MockBuilder.java:94] set orderRetTax -> 2441838.767227583
2020-06-19 13:28:25 DEBUG [MockBuilder.java:94] set ohStatusCode -> X
2020-06-19 13:28:25 DEBUG [MockBuilder.java:94] set acknowlegeOrdInd -> T
2020-06-19 13:28:25 DEBUG [MockBuilder.java:94] set errorDescription -> LiNGMgislsubzJVgtvEZ
2020-06-19 13:28:25 DEBUG [MockBuilder.java:94] set poQual -> EY
2020-06-19 13:28:25 DEBUG [MockBuilder.java:94] set customerRefNbr -> HmY
2020-06-19 13:28:25 DEBUG [MockBuilder.java:94] set shipPartCompInd -> n
2020-06-19 13:28:25 DEBUG [MockBuilder.java:94] set onNote -> ezgXnHvaiZDGPkDfYuPw
2020-06-19 13:28:25 DEBUG [MockBuilder.java:94] set addrKey -> 632590
2020-06-19 13:28:25 DEBUG [MockBuilder.java:94] set salesCheckNumber -> IqMTpdFPcuXEZgKCFTLF
2020-06-19 13:28:25 DEBUG [MockBuilder.java:94] set customerSidemark -> uYnfeGnaxsFsupqyeJsI
2020-06-19 13:28:25 DEBUG [MockBuilder.java:94] set errorTimestamp -> 1970-01-01T00:36:35
2020-06-19 13:28:25 DEBUG [MockBuilder.java:94] set shipPt -> Er
2020-06-19 13:28:25 DEBUG [MockBuilder.java:94] set onlineType -> v
2020-06-19 13:28:25 DEBUG [MockBuilder.java:94] set custPmtMeth -> kSvGkZaRognuZjVdbjIX
2020-06-19 13:28:25 DEBUG [MockBuilder.java:94] set salesReqCode -> FD
2020-06-19 13:28:25 DEBUG [MockBuilder.java:94] set phone -> YUeilqiUxQRzgHE
2020-06-19 13:28:25 DEBUG [MockBuilder.java:94] set nbDate -> 1971-04-30
2020-06-19 13:28:25 DEBUG [MockBuilder.java:94] set specialInstruct1 -> qFGSFmxxVEYHcGFhekwz
2020-06-19 13:28:25 DEBUG [MockBuilder.java:94] set deliveryDate -> 1971-01-11
2020-06-19 13:28:25 DEBUG [MockBuilder.java:94] set orderDate -> 1997-03-30
2020-06-19 13:28:25 DEBUG [MockBuilder.java:94] set sellCo -> Qa
2020-06-19 13:28:25 DEBUG [MockBuilder.java:94] set custSpInst -> lQhfeAfqSJdUwDDqeyxb
2020-06-19 13:28:25 DEBUG [MockBuilder.java:94] set newStoreInd -> T
2020-06-19 13:28:25 DEBUG [MockBuilder.java:94] set province -> mEqjyqavcQCXCTOZBYv
2020-06-19 13:28:25 DEBUG [MockBuilder.java:94] set specialInstruct2 -> rQqgJBuphQWZqmdcjJra
2020-06-19 13:28:25 DEBUG [MockBuilder.java:94] set orderLoc -> Zq
2020-06-19 13:28:25 DEBUG [MockBuilder.java:94] set delvCutOffDt -> 1990-11-03
2020-06-19 13:28:25 DEBUG [MockBuilder.java:94] set seqNbr -> 676008
2020-06-19 13:28:25 DEBUG [MockBuilder.java:94] set custWhNbr -> FeEn
2020-06-19 13:28:25 DEBUG [MockBuilder.java:94] set noAsnFlag -> R
2020-06-19 13:28:25 DEBUG [MockBuilder.java:94] set specialInstruct3 -> xhTfTIZYLGUlBhgAqNcH
2020-06-19 13:28:25 DEBUG [MockBuilder.java:94] set name -> uCfNUZqdnBybnJhwqmfv
2020-06-19 13:28:25 DEBUG [MockBuilder.java:94] set orderMerCost -> 8314874.951211714
2020-06-19 13:28:25 DEBUG [MockBuilder.java:94] set divDesc -> yRYEVPclbvVKYbTUCaBx
2020-06-19 13:28:25 DEBUG [MockBuilder.java:94] set inputMethod -> RsJAiUKcGg
2020-06-19 13:28:25 DEBUG [MockBuilder.java:94] set ohCancelDateValue -> 1976-09-06
2020-06-19 13:28:25 DEBUG [MockBuilder.java:94] set reserveOrderInd -> w
2020-06-19 13:28:25 DEBUG [MockBuilder.java:94] set specialInstruct4 -> IZIGQCZwYOGrcoCeNmoc
2020-06-19 13:28:25 DEBUG [MockBuilder.java:94] set flag -> 718799
2020-06-19 13:28:25 DEBUG [MockBuilder.java:94] set markForStore -> IWYEbqOPhu
2020-06-19 13:28:25 DEBUG [MockBuilder.java:94] set shawOrderNumber -> HHDTPM
2020-06-19 13:28:25 DEBUG [MockBuilder.java:94] set shipComplete -> U
2020-06-19 13:28:25 DEBUG [MockBuilder.java:94] set specialPoNo -> ocHlOgHCEBmrplkREMON
2020-06-19 13:28:25 DEBUG [MockBuilder.java:94] set mediaEventCode -> tE
2020-06-19 13:28:25 DEBUG [MockBuilder.java:94] set poType -> DGbDc
2020-06-19 13:28:25 DEBUG [MockBuilder.java:94] set truncFlag -> A
2020-06-19 13:28:25 DEBUG [MockBuilder.java:94] set shipDateValue -> 1984-11-07
2020-06-19 13:28:25 DEBUG [MockBuilder.java:94] set returnMsg -> bhIAKiKAcEfgjlTzlomj
2020-06-19 13:28:25 DEBUG [MockBuilder.java:94] set shipByCutOffDt -> 1980-02-05
2020-06-19 13:28:25 DEBUG [MockBuilder.java:94] set userId -> OhAKonEu
2020-06-19 13:28:25 DEBUG [MockBuilder.java:94] set country -> xtQPBVDSDKpiUqzLLRK
2020-06-19 13:28:25 DEBUG [MockBuilder.java:94] set poTypeSuffix -> tjLqiWJWcl
2020-06-19 13:28:25 DEBUG [MockBuilder.java:94] set shipDateQualifier -> fDL
2020-06-19 13:28:25 DEBUG [MockBuilder.java:94] set routeByDate -> 1973-07-19
2020-06-19 13:28:25 DEBUG [MockBuilder.java:94] set zip -> GtOwjzyPnNY
2020-06-19 13:28:25 DEBUG [MockBuilder.java:94] set vendorNo -> uBiUBnDfJBGFjpM
2020-06-19 13:28:25 DEBUG [MockBuilder.java:94] set shipByDate -> 1985-11-13
2020-06-19 13:28:25 DEBUG [MockBuilder.java:94] set cnCity -> HnrPUykYhQGoJezaZfL
2020-06-19 13:28:25 DEBUG [MockBuilder.java:94] set wcStore -> jePIPeBBGS
2020-06-19 13:28:25 DEBUG [MockBuilder.java:94] set store -> jKVexbTYDl
2020-06-19 13:28:25 DEBUG [MockBuilder.java:94] set psMsg -> ZxBsaWwsehUjACMzRGny
2020-06-19 13:28:25 DEBUG [MockBuilder.java:94] set shipInstruction -> WPCejnsIoeFSKlQvQJwx
2020-06-19 13:28:25 DEBUG [MockBuilder.java:94] set destCode -> qt
2020-06-19 13:28:25 DEBUG [MockBuilder.java:94] set addressLine2 -> VbNvNCjZcjprftBBClIE
2020-06-19 13:28:25 DEBUG [MockBuilder.java:94] set shipCancelDate -> 1973-03-10
2020-06-19 13:28:25 DEBUG [MockBuilder.java:94] set custNbr -> YVpOdWy
2020-06-19 13:28:25 DEBUG [MockBuilder.java:94] set state -> LX
2020-06-19 13:28:25 DEBUG [MockBuilder.java:94] set addressLine1 -> RXgplMCDcgFuHvdJaWig
2020-06-19 13:28:25 DEBUG [MockBuilder.java:94] set city -> POCbfscAIMscfitYmwB
2020-06-19 13:28:25 DEBUG [MockBuilder.java:94] set state -> BV
2020-06-19 13:28:25 DEBUG [MockBuilder.java:94] set ccountry -> KmMmXWDYFWvYmQxbVIaj
2020-06-19 13:28:25 DEBUG [MockBuilder.java:94] set cphone -> ucSxRUUUyKQuvvxYoMoe
2020-06-19 13:28:25 DEBUG [MockBuilder.java:94] set cprovince -> EjbjWVlOMZRXaAXPoFnK
2020-06-19 13:28:25 DEBUG [MockBuilder.java:94] set consumerShipFlg -> G
2020-06-19 13:28:25 DEBUG [MockBuilder.java:94] set zip -> CrTZYGggk
2020-06-19 13:28:25 DEBUG [MockBuilder.java:94] set city -> qBrqLMIXKxaTaZTvOcb
2020-06-19 13:28:25 DEBUG [MockBuilder.java:94] set name -> UabNMiLnxXrfvZAXjXXa
2020-06-19 13:28:25 DEBUG [MockBuilder.java:94] set addressLine1 -> SSkRRjHSrFrABMphyhQk
2020-06-19 13:28:25 DEBUG [MockBuilder.java:94] set addressLine2 -> ubaXeUNQwBipOiVKqmtL
2020-06-19 13:28:25 DEBUG [MockBuilder.java:94] set consumerPoDateValue -> 1995-08-24
2020-06-19 13:28:25 DEBUG [MockBuilder.java:94] set shipToAddress -> LegacyShipToAddress [addressLine1=RXgplMCDcgFuHvdJaWig, addressLine2=VbNvNCjZcjprftBBClIE, city=POCbfscAIMscfitYmwB, cnCity=HnrPUykYhQGoJezaZfL, country=xtQPBVDSDKpiUqzLLRK, custNbr=YVpOdWy, destCode=qt, flag=718799, name=uCfNUZqdnBybnJhwqmfv, phone=YUeilqiUxQRzgHE, province=mEqjyqavcQCXCTOZBYv, state=LX, store=jKVexbTYDl, truncFlag=A, zip=GtOwjzyPnNY]
2020-06-19 13:28:25 DEBUG [MockBuilder.java:94] set consumerAddress -> LegacyConsumerAddress [cprovince=EjbjWVlOMZRXaAXPoFnK, ccountry=KmMmXWDYFWvYmQxbVIaj, cphone=ucSxRUUUyKQuvvxYoMoe, addressLine1=SSkRRjHSrFrABMphyhQk, addressLine2=ubaXeUNQwBipOiVKqmtL, city=qBrqLMIXKxaTaZTvOcb, name=UabNMiLnxXrfvZAXjXXa, consumerPoDateValue=1995-08-24, consumerShipFlg=G, state=BV, zip=CrTZYGggk]
2020-06-19 13:28:25 DEBUG [MockBuilder.java:94] set addressLine1 -> BNRBxZeCJLvMdSNFvhmo
2020-06-19 13:28:25 DEBUG [MockBuilder.java:94] set tpphone -> efycJNuiuXDBMjZIVXNH
2020-06-19 13:28:25 DEBUG [MockBuilder.java:94] set tpcountry -> OlmUbWYJJLcOoURpLrus
2020-06-19 13:28:25 DEBUG [MockBuilder.java:94] set addressLine2 -> xKqxChrzxxQRSrSXqVrU
2020-06-19 13:28:25 DEBUG [MockBuilder.java:94] set city -> RiXDszxtBjnmYIwKjmvm
2020-06-19 13:28:25 DEBUG [MockBuilder.java:94] set tpprovince -> jqAEFpsGZyWOIKmsxLSs
2020-06-19 13:28:25 DEBUG [MockBuilder.java:94] set state -> aw
2020-06-19 13:28:25 DEBUG [MockBuilder.java:94] set name2 -> OHZUmoetubYpyhJQdIip
2020-06-19 13:28:25 DEBUG [MockBuilder.java:94] set accountNbr -> TruJZaBycynYAcwHeseU
2020-06-19 13:28:25 DEBUG [MockBuilder.java:94] set zip -> aSPBOgBgEShpPNnZ
2020-06-19 13:28:25 DEBUG [MockBuilder.java:94] set billFlag -> v
2020-06-19 13:28:25 DEBUG [MockBuilder.java:94] set name -> nIJcivWuMwAXeRkDLKkK
2020-06-19 13:28:25 DEBUG [MockBuilder.java:94] set thirdPartyAddress -> LegacyThirdPartyAddress [tpprovince=jqAEFpsGZyWOIKmsxLSs, tpcountry=OlmUbWYJJLcOoURpLrus, tpphone=efycJNuiuXDBMjZIVXNH, addressLine1=BNRBxZeCJLvMdSNFvhmo, addressLine2=xKqxChrzxxQRSrSXqVrU, accountNbr=TruJZaBycynYAcwHeseU, billFlag=v, city=RiXDszxtBjnmYIwKjmvm, name=nIJcivWuMwAXeRkDLKkK, name2=OHZUmoetubYpyhJQdIip, state=aw, zip=aSPBOgBgEShpPNnZ]
2020-06-19 13:28:25 DEBUG [MockBuilder.java:94] set dates -> null
2020-06-19 13:28:25 DEBUG [MockBuilder.java:94] set lines -> null
2020-06-19 13:28:25 DEBUG [MockBuilder.java:94] set purchasedBy -> fMMuXuUShjqSPrsCLNaB
2020-06-19 13:28:25 DEBUG [MockBuilder.java:94] set rcdCode -> c
2020-06-19 13:28:25 DEBUG [MockBuilder.java:94] set receivedTimestamp -> 1970-01-01T01:19:14
2020-06-19 13:28:25 DEBUG [MockBuilder.java:94] set refTcNbr -> PSdmxKXTNFrdvhccmIxx
2020-06-19 13:28:25 DEBUG [MockHelper.java:99] EdiOrderHeader [legacyOrderNumber=null, acctContact=IxIRlqPzbOUXqbACvNdI, acknowlegeOrdInd=T, addrKey=632590, agreementNumber=SEugswIgxTREXvM, assignedAgent=JQQENIfj, authRep=MYaVoJaegynteSanLMjJ, authorizationNo=NnXZlTDpat, beg=ODxLz, billToState=eQ, billToStore=mkRKDnPppG, bsStoreNbr=OSQxTKgrss, cancelDateQualifier=bRE, carrierCode=sC, cbCutLength=6642327.25506706, chngLid=bkiFXytO, chngTimestamp=1970-01-01T00:18:13, commCust=kVdlPrh, consStatusMsg=TnSSYbrvMrMawTWQfnZk, contractUsageInd=Z, crossDockCenter=FSXcdJrZzJ, custDept=lwceG, custPmtMeth=kSvGkZaRognuZjVdbjIX, custSpInst=lQhfeAfqSJdUwDDqeyxb, custWhNbr=FeEn, customerCode=Cm, custNbr=GUARYtM, customerRefNbr=HmY, customerSidemark=uYnfeGnaxsFsupqyeJsI, deliveryDate=1971-01-11, delvCutOffDt=1990-11-03, divDesc=yRYEVPclbvVKYbTUCaBx, dunsNbr=XHwPlNoZzewqiWV, errorCode=BQF, errorDescription=LiNGMgislsubzJVgtvEZ, errorTimestamp=1970-01-01T00:36:35, eventInfo=CibsderBqMuopvY, explodeFlag=S, fobPoint=AQ, frtCode=X, giftMessage1=aVWCrGuVLRwysbutQQNu, giftMessage2=bEmUBDvZmMFwVTtTwktu, hostAlertFlag=g, inputMethod=RsJAiUKcGg, markForStore=IWYEbqOPhu, mediaEventCode=tE, nbDate=1971-04-30, newStoreInd=T, noAsnFlag=R, ohCancelDateValue=1976-09-06, ohStatusCode=X, onNote=ezgXnHvaiZDGPkDfYuPw, onlineType=v, orderDate=1997-03-30, orderLoc=01, orderMerCost=8314874.951211714, shawOrderNumber=HHDTPM, orderRetHand=11183.055219081509, orderRetSh=6053705.338131931, orderRetTax=2441838.767227583, orderRetTotal=2163590.1156792413, orderType=S, orderTypeDesc=SAMPLES, orderWeight=848916.6317432182, orderingSystem=ky, phoneNumber=TuimBvnoSbv, poControl=rrKjn, poDateValue=1984-05-01, poDateQualifier=NLE, poNumber=sUzkGFgMEcXxXERIsAOZ, poQual=EY, poType=DGbDc, poTypeSuffix=tjLqiWJWcl, psMsg=ZxBsaWwsehUjACMzRGny, purchasedBy=fMMuXuUShjqSPrsCLNaB, rcdCode=c, receivedTimestamp=1970-01-01T01:19:14, refTcNbr=PSdmxKXTNFrdvhccmIxx, reserveOrderInd=w, returnMsg=bhIAKiKAcEfgjlTzlomj, routeByDate=1973-07-19, salesCheckNumber=IqMTpdFPcuXEZgKCFTLF, salesReqCode=FD, sellCo=Qa, seqNbr=676008, shipByCutOffDt=1980-02-05, shipByDate=1985-11-13, shipCancelDate=1973-03-10, shipComplete=U, shipDateValue=1984-11-07, shipDateQualifier=fDL, shipInstruction=WPCejnsIoeFSKlQvQJwx, shipPartCompInd=n, shipPt=Er, specialInstruct1=qFGSFmxxVEYHcGFhekwz, specialInstruct2=rQqgJBuphQWZqmdcjJra, specialInstruct3=xhTfTIZYLGUlBhgAqNcH, specialInstruct4=IZIGQCZwYOGrcoCeNmoc, specialPoNo=ocHlOgHCEBmrplkREMON, srvLevel=qS, statusCode=D, stdCarrAlphaInd=vCuz, storeName=ycuveKeyHEytbxnHvrYK, termsNetDays=OSQ, termsTypeFlag=or, totalBindingFt=553233.2164131225, userId=OhAKonEu, vendorNo=uBiUBnDfJBGFjpM, wcStore=jePIPeBBGS, consumerAddress=LegacyConsumerAddress [cprovince=EjbjWVlOMZRXaAXPoFnK, ccountry=KmMmXWDYFWvYmQxbVIaj, cphone=ucSxRUUUyKQuvvxYoMoe, addressLine1=SSkRRjHSrFrABMphyhQk, addressLine2=ubaXeUNQwBipOiVKqmtL, city=qBrqLMIXKxaTaZTvOcb, name=UabNMiLnxXrfvZAXjXXa, consumerPoDateValue=1995-08-24, consumerShipFlg=G, state=BV, zip=CrTZYGggk], shipToAddress=LegacyShipToAddress [addressLine1=RXgplMCDcgFuHvdJaWig, addressLine2=VbNvNCjZcjprftBBClIE, city=POCbfscAIMscfitYmwB, cnCity=HnrPUykYhQGoJezaZfL, country=xtQPBVDSDKpiUqzLLRK, custNbr=YVpOdWy, destCode=qt, flag=718799, name=uCfNUZqdnBybnJhwqmfv, phone=YUeilqiUxQRzgHE, province=mEqjyqavcQCXCTOZBYv, state=LX, store=jKVexbTYDl, truncFlag=A, zip=GtOwjzyPnNY], thirdPartyAddress=LegacyThirdPartyAddress [tpprovince=jqAEFpsGZyWOIKmsxLSs, tpcountry=OlmUbWYJJLcOoURpLrus, tpphone=efycJNuiuXDBMjZIVXNH, addressLine1=BNRBxZeCJLvMdSNFvhmo, addressLine2=xKqxChrzxxQRSrSXqVrU, accountNbr=TruJZaBycynYAcwHeseU, billFlag=v, city=RiXDszxtBjnmYIwKjmvm, name=nIJcivWuMwAXeRkDLKkK, name2=OHZUmoetubYpyhJQdIip, state=aw, zip=aSPBOgBgEShpPNnZ], dates=null, lines=null]
Hibernate: call next value for SHXP.EDI_ORDER_NBR
Hibernate: insert into EDI_ORDER_HEADER (ACCT_CONTACT, ACKNOWLEGE_ORD_IND, ADDR_KEY, AGREEMENT_NUMBER, ASSIGNED_AGENT, AUTH_REP, AUTHORIZATION_NO, beg, BILL_TO_STATE, BILL_TO_STORE, BS_STORE_NBR, CANCEL_DATE_QUAL, CARRIER_CODE, CB_CUT_LENGTH, CHNG_LID, CHNG_TIMESTAMP, COMM_CUST, CONS_STATUS_MSG, CONSUMER_ADDRESS, CONSUMER_ADDRESS_2, CONSUMER_CITY, CONSUMER_PO_DATE, CONSUMER_SHIP_FLG, CONSUMER_NAME, CONSUMER_STATE, CONSUMER_ZIP, CONTRACT_USAGE_IND, CROSS_DOCK_CENTER, CUST_DEPT, CUSTOMER_NUMBER, CUST_PMT_METH, CUST_SP_INST, CUST_WH_NBR, CUSTOMER_CODE, CUSTOMER_REF_NBR, CUSTOMER_SIDEMARK, DELIVERY_DATE, DELV_CUT_OFF_DT, DIV_DESC, DUNS_NBR, ERROR_CODE, ERROR_DESCRIPTION, ERROR_TIMESTAMP, EVENT_INFO, EXPLODE_FLAG, FOB_POINT, FRT_CODE, GIFT_MESSAGE_1, GIFT_MESSAGE_2, HOST_ALERT_FLAG, INPUT_METHOD, MARK_FOR_STORE, MEDIA_EVENT_CODE, NB_DATE, NEW_STORE_IND, NO_ASN_FLAG, OH_CANCEL_DATE, OH_STATUS_CODE, ON_NOTE, ONLINE_TYPE, ORDER_DATE, ORDER_LOC, ORDER_MER_COST, ORDER_RET_HAND, ORDER_RET_SH, ORDER_RET_TAX, ORDER_RET_TOTAL, ORDER_TYPE, ORDER_TYPE_DESC, ORDER_WEIGHT, ORDERING_SYSTEM, PHONE_NUMBER, PO_CONTROL, PO_DATE_QUAL, PO_DATE, PO_NUMBER, PO_QUAL, PO_TYPE, PO_TYPE_SUFFIX, PS_MSG, PURCHASED_BY, RCD_CODE, RECEIVED_TIMESTAMP, REF_TC_NBR, RESERVE_ORDER_IND, RETURN_MSG, ROUTE_BY_DATE, SALES_CHECK_NUMBER, SALES_REQ_CODE, SELL_CO, SEQ_NBR, ORDER_NUMBER, SHIP_BY_CUT_OFF_DT, SHIP_BY_DATE, SHIP_CANCEL_DATE, SHIP_COMPLETE, SHIP_DATE_QUAL, SHIP_DATE, SHIP_INSTRUCTION, SHIP_PART_COMP_IND, SHIP_PT, SHIP_TO_ADDRESS_1, SHIP_TO_ADDRESS_2, SHIP_TO_CITY, SHIP_TO_CN_CITY, SHIP_TO_COUNTRY, SHIP_TO_CUST_NBR, SHIP_TO_DEST_COD, SHIP_TO_FLAG, SHIP_TO_NAME, SHIP_TO_PHONE, SHIP_TO_PROVENCE, SHIP_TO_STATE, SHIP_TO_STORE, SHIP_TO_TRUNC_FLG, SHIP_TO_ZIP, SPECIAL_INSTRUCT_1, SPECIAL_INSTRUCT_2, SPECIAL_INSTRUCT_3, SPECIAL_INSTRUCT_4, SPECIAL_PO_NO, SRV_LEVEL, STATUS_CODE, STD_CARR_ALPHA_IND, STORE_NAME, TERMS_NET_DAYS, TERMS_TYPE_FLAG, THIRD_PARTY_ACCT_NBR, THIRD_PARTY_ADDR_1, THIRD_PARTY_ADDR_2, THIRD_PARTY_BILL_FLAG, THIRD_PARTY_CITY, THIRD_PARTY_NAME, THIRD_PARTY_NAME_2, THIRD_PARTY_STATE, THIRD_PARTY_ZIP, TOTAL_BINDING_FT, USER_ID, VENDOR_NO, WC_STORE, EDI_ORDER_NUMBER) values (?, ?, ?, ?, ?, ?, ?, ?, ?, ?, ?, ?, ?, ?, ?, ?, ?, ?, ?, ?, ?, ?, ?, ?, ?, ?, ?, ?, ?, ?, ?, ?, ?, ?, ?, ?, ?, ?, ?, ?, ?, ?, ?, ?, ?, ?, ?, ?, ?, ?, ?, ?, ?, ?, ?, ?, ?, ?, ?, ?, ?, ?, ?, ?, ?, ?, ?, ?, ?, ?, ?, ?, ?, ?, ?, ?, ?, ?, ?, ?, ?, ?, ?, ?, ?, ?, ?, ?, ?, ?, ?, ?, ?, ?, ?, ?, ?, ?, ?, ?, ?, ?, ?, ?, ?, ?, ?, ?, ?, ?, ?, ?, ?, ?, ?, ?, ?, ?, ?, ?, ?, ?, ?, ?, ?, ?, ?, ?, ?, ?, ?, ?, ?, ?, ?, ?, ?, ?, ?, ?, ?)
2020-06-19 13:28:25 TRACE [BasicBinder.java:64] binding parameter [1] as [VARCHAR] - [IxIRlqPzbOUXqbACvNdI]
2020-06-19 13:28:25 TRACE [BasicBinder.java:64] binding parameter [2] as [VARCHAR] - [T]
2020-06-19 13:28:25 TRACE [BasicBinder.java:64] binding parameter [3] as [INTEGER] - [632590]
2020-06-19 13:28:25 TRACE [BasicBinder.java:64] binding parameter [4] as [VARCHAR] - [SEugswIgxTREXvM]
2020-06-19 13:28:25 TRACE [BasicBinder.java:64] binding parameter [5] as [VARCHAR] - [JQQENIfj]
2020-06-19 13:28:25 TRACE [BasicBinder.java:64] binding parameter [6] as [VARCHAR] - [MYaVoJaegynteSanLMjJ]
2020-06-19 13:28:25 TRACE [BasicBinder.java:64] binding parameter [7] as [VARCHAR] - [NnXZlTDpat]
2020-06-19 13:28:25 TRACE [BasicBinder.java:64] binding parameter [8] as [VARCHAR] - [ODxLz]
2020-06-19 13:28:25 TRACE [BasicBinder.java:64] binding parameter [9] as [VARCHAR] - [eQ]
2020-06-19 13:28:25 TRACE [BasicBinder.java:64] binding parameter [10] as [VARCHAR] - [mkRKDnPppG]
2020-06-19 13:28:25 TRACE [BasicBinder.java:64] binding parameter [11] as [VARCHAR] - [OSQxTKgrss]
2020-06-19 13:28:25 TRACE [BasicBinder.java:64] binding parameter [12] as [VARCHAR] - [bRE]
2020-06-19 13:28:25 TRACE [BasicBinder.java:64] binding parameter [13] as [VARCHAR] - [sC]
2020-06-19 13:28:25 TRACE [BasicBinder.java:64] binding parameter [14] as [DOUBLE] - [6642327.25506706]
2020-06-19 13:28:25 TRACE [BasicBinder.java:64] binding parameter [15] as [VARCHAR] - [bkiFXytO]
2020-06-19 13:28:25 TRACE [BasicBinder.java:64] binding parameter [16] as [TIMESTAMP] - [1970-01-01T00:18:13]
2020-06-19 13:28:25 TRACE [BasicBinder.java:64] binding parameter [17] as [VARCHAR] - [kVdlPrh]
2020-06-19 13:28:25 TRACE [BasicBinder.java:64] binding parameter [18] as [VARCHAR] - [TnSSYbrvMrMawTWQfnZk]
2020-06-19 13:28:25 TRACE [BasicBinder.java:64] binding parameter [19] as [VARCHAR] - [SSkRRjHSrFrABMphyhQk]
2020-06-19 13:28:25 TRACE [BasicBinder.java:64] binding parameter [20] as [VARCHAR] - [ubaXeUNQwBipOiVKqmtL]
2020-06-19 13:28:25 TRACE [BasicBinder.java:64] binding parameter [21] as [VARCHAR] - [qBrqLMIXKxaTaZTvOcb]
2020-06-19 13:28:25 TRACE [BasicBinder.java:64] binding parameter [22] as [DATE] - [1995-08-24]
2020-06-19 13:28:25 TRACE [BasicBinder.java:64] binding parameter [23] as [VARCHAR] - [G]
2020-06-19 13:28:25 TRACE [BasicBinder.java:64] binding parameter [24] as [VARCHAR] - [UabNMiLnxXrfvZAXjXXa]
2020-06-19 13:28:25 TRACE [BasicBinder.java:64] binding parameter [25] as [VARCHAR] - [BV]
2020-06-19 13:28:25 TRACE [BasicBinder.java:64] binding parameter [26] as [VARCHAR] - [CrTZYGggk]
2020-06-19 13:28:25 TRACE [BasicBinder.java:64] binding parameter [27] as [VARCHAR] - [Z]
2020-06-19 13:28:25 TRACE [BasicBinder.java:64] binding parameter [28] as [VARCHAR] - [FSXcdJrZzJ]
2020-06-19 13:28:25 TRACE [BasicBinder.java:64] binding parameter [29] as [VARCHAR] - [lwceG]
2020-06-19 13:28:25 TRACE [BasicBinder.java:64] binding parameter [30] as [VARCHAR] - [GUARYtM]
2020-06-19 13:28:25 TRACE [BasicBinder.java:64] binding parameter [31] as [VARCHAR] - [kSvGkZaRognuZjVdbjIX]
2020-06-19 13:28:25 TRACE [BasicBinder.java:64] binding parameter [32] as [VARCHAR] - [lQhfeAfqSJdUwDDqeyxb]
2020-06-19 13:28:25 TRACE [BasicBinder.java:64] binding parameter [33] as [VARCHAR] - [FeEn]
2020-06-19 13:28:25 TRACE [BasicBinder.java:64] binding parameter [34] as [VARCHAR] - [Cm]
2020-06-19 13:28:25 TRACE [BasicBinder.java:64] binding parameter [35] as [VARCHAR] - [HmY]
2020-06-19 13:28:25 TRACE [BasicBinder.java:64] binding parameter [36] as [VARCHAR] - [uYnfeGnaxsFsupqyeJsI]
2020-06-19 13:28:25 TRACE [BasicBinder.java:64] binding parameter [37] as [DATE] - [1971-01-11]
2020-06-19 13:28:25 TRACE [BasicBinder.java:64] binding parameter [38] as [DATE] - [1990-11-03]
2020-06-19 13:28:25 TRACE [BasicBinder.java:64] binding parameter [39] as [VARCHAR] - [yRYEVPclbvVKYbTUCaBx]
2020-06-19 13:28:25 TRACE [BasicBinder.java:64] binding parameter [40] as [VARCHAR] - [XHwPlNoZzewqiWV]
2020-06-19 13:28:25 TRACE [BasicBinder.java:64] binding parameter [41] as [VARCHAR] - [BQF]
2020-06-19 13:28:25 TRACE [BasicBinder.java:64] binding parameter [42] as [VARCHAR] - [LiNGMgislsubzJVgtvEZ]
2020-06-19 13:28:25 TRACE [BasicBinder.java:64] binding parameter [43] as [TIMESTAMP] - [1970-01-01T00:36:35]
2020-06-19 13:28:25 TRACE [BasicBinder.java:64] binding parameter [44] as [VARCHAR] - [CibsderBqMuopvY]
2020-06-19 13:28:25 TRACE [BasicBinder.java:64] binding parameter [45] as [VARCHAR] - [S]
2020-06-19 13:28:25 TRACE [BasicBinder.java:64] binding parameter [46] as [VARCHAR] - [AQ]
2020-06-19 13:28:25 TRACE [BasicBinder.java:64] binding parameter [47] as [VARCHAR] - [X]
2020-06-19 13:28:25 TRACE [BasicBinder.java:64] binding parameter [48] as [VARCHAR] - [aVWCrGuVLRwysbutQQNu]
2020-06-19 13:28:25 TRACE [BasicBinder.java:64] binding parameter [49] as [VARCHAR] - [bEmUBDvZmMFwVTtTwktu]
2020-06-19 13:28:25 TRACE [BasicBinder.java:64] binding parameter [50] as [VARCHAR] - [g]
2020-06-19 13:28:25 TRACE [BasicBinder.java:64] binding parameter [51] as [VARCHAR] - [RsJAiUKcGg]
2020-06-19 13:28:25 TRACE [BasicBinder.java:64] binding parameter [52] as [VARCHAR] - [IWYEbqOPhu]
2020-06-19 13:28:25 TRACE [BasicBinder.java:64] binding parameter [53] as [VARCHAR] - [tE]
2020-06-19 13:28:25 TRACE [BasicBinder.java:64] binding parameter [54] as [DATE] - [1971-04-30]
2020-06-19 13:28:25 TRACE [BasicBinder.java:64] binding parameter [55] as [VARCHAR] - [T]
2020-06-19 13:28:25 TRACE [BasicBinder.java:64] binding parameter [56] as [VARCHAR] - [R]
2020-06-19 13:28:25 TRACE [BasicBinder.java:64] binding parameter [57] as [DATE] - [1976-09-06]
2020-06-19 13:28:25 TRACE [BasicBinder.java:64] binding parameter [58] as [VARCHAR] - [X]
2020-06-19 13:28:25 TRACE [BasicBinder.java:64] binding parameter [59] as [VARCHAR] - [ezgXnHvaiZDGPkDfYuPw]
2020-06-19 13:28:25 TRACE [BasicBinder.java:64] binding parameter [60] as [VARCHAR] - [v]
2020-06-19 13:28:25 TRACE [BasicBinder.java:64] binding parameter [61] as [DATE] - [1997-03-30]
2020-06-19 13:28:25 TRACE [BasicBinder.java:64] binding parameter [62] as [VARCHAR] - [01]
2020-06-19 13:28:25 TRACE [BasicBinder.java:64] binding parameter [63] as [DOUBLE] - [8314874.951211714]
2020-06-19 13:28:25 TRACE [BasicBinder.java:64] binding parameter [64] as [DOUBLE] - [11183.055219081509]
2020-06-19 13:28:25 TRACE [BasicBinder.java:64] binding parameter [65] as [DOUBLE] - [6053705.338131931]
2020-06-19 13:28:25 TRACE [BasicBinder.java:64] binding parameter [66] as [DOUBLE] - [2441838.767227583]
2020-06-19 13:28:25 TRACE [BasicBinder.java:64] binding parameter [67] as [DOUBLE] - [2163590.1156792413]
2020-06-19 13:28:25 TRACE [BasicBinder.java:64] binding parameter [68] as [VARCHAR] - [S]
2020-06-19 13:28:25 TRACE [BasicBinder.java:64] binding parameter [69] as [VARCHAR] - [SAMPLES]
2020-06-19 13:28:25 TRACE [BasicBinder.java:64] binding parameter [70] as [DOUBLE] - [848916.6317432182]
2020-06-19 13:28:25 TRACE [BasicBinder.java:64] binding parameter [71] as [VARCHAR] - [ky]
2020-06-19 13:28:25 TRACE [BasicBinder.java:64] binding parameter [72] as [VARCHAR] - [TuimBvnoSbv]
2020-06-19 13:28:25 TRACE [BasicBinder.java:64] binding parameter [73] as [VARCHAR] - [rrKjn]
2020-06-19 13:28:25 TRACE [BasicBinder.java:64] binding parameter [74] as [VARCHAR] - [NLE]
2020-06-19 13:28:25 TRACE [BasicBinder.java:64] binding parameter [75] as [DATE] - [1984-05-01]
2020-06-19 13:28:25 TRACE [BasicBinder.java:64] binding parameter [76] as [VARCHAR] - [sUzkGFgMEcXxXERIsAOZ]
2020-06-19 13:28:25 TRACE [BasicBinder.java:64] binding parameter [77] as [VARCHAR] - [EY]
2020-06-19 13:28:25 TRACE [BasicBinder.java:64] binding parameter [78] as [VARCHAR] - [DGbDc]
2020-06-19 13:28:25 TRACE [BasicBinder.java:64] binding parameter [79] as [VARCHAR] - [tjLqiWJWcl]
2020-06-19 13:28:25 TRACE [BasicBinder.java:64] binding parameter [80] as [VARCHAR] - [ZxBsaWwsehUjACMzRGny]
2020-06-19 13:28:25 TRACE [BasicBinder.java:64] binding parameter [81] as [VARCHAR] - [fMMuXuUShjqSPrsCLNaB]
2020-06-19 13:28:25 TRACE [BasicBinder.java:64] binding parameter [82] as [VARCHAR] - [c]
2020-06-19 13:28:25 TRACE [BasicBinder.java:64] binding parameter [83] as [TIMESTAMP] - [1970-01-01T01:19:14]
2020-06-19 13:28:25 TRACE [BasicBinder.java:64] binding parameter [84] as [VARCHAR] - [PSdmxKXTNFrdvhccmIxx]
2020-06-19 13:28:25 TRACE [BasicBinder.java:64] binding parameter [85] as [VARCHAR] - [w]
2020-06-19 13:28:25 TRACE [BasicBinder.java:64] binding parameter [86] as [VARCHAR] - [bhIAKiKAcEfgjlTzlomj]
2020-06-19 13:28:25 TRACE [BasicBinder.java:64] binding parameter [87] as [DATE] - [1973-07-19]
2020-06-19 13:28:25 TRACE [BasicBinder.java:64] binding parameter [88] as [VARCHAR] - [IqMTpdFPcuXEZgKCFTLF]
2020-06-19 13:28:25 TRACE [BasicBinder.java:64] binding parameter [89] as [VARCHAR] - [FD]
2020-06-19 13:28:25 TRACE [BasicBinder.java:64] binding parameter [90] as [VARCHAR] - [Qa]
2020-06-19 13:28:25 TRACE [BasicBinder.java:64] binding parameter [91] as [INTEGER] - [676008]
2020-06-19 13:28:25 TRACE [BasicBinder.java:64] binding parameter [92] as [VARCHAR] - [HHDTPM]
2020-06-19 13:28:25 TRACE [BasicBinder.java:64] binding parameter [93] as [DATE] - [1980-02-05]
2020-06-19 13:28:25 TRACE [BasicBinder.java:64] binding parameter [94] as [DATE] - [1985-11-13]
2020-06-19 13:28:25 TRACE [BasicBinder.java:64] binding parameter [95] as [DATE] - [1973-03-10]
2020-06-19 13:28:25 TRACE [BasicBinder.java:64] binding parameter [96] as [VARCHAR] - [U]
2020-06-19 13:28:25 TRACE [BasicBinder.java:64] binding parameter [97] as [VARCHAR] - [fDL]
2020-06-19 13:28:25 TRACE [BasicBinder.java:64] binding parameter [98] as [DATE] - [1984-11-07]
2020-06-19 13:28:25 TRACE [BasicBinder.java:64] binding parameter [99] as [VARCHAR] - [WPCejnsIoeFSKlQvQJwx]
2020-06-19 13:28:25 TRACE [BasicBinder.java:64] binding parameter [100] as [VARCHAR] - [n]
2020-06-19 13:28:25 TRACE [BasicBinder.java:64] binding parameter [101] as [VARCHAR] - [Er]
2020-06-19 13:28:25 TRACE [BasicBinder.java:64] binding parameter [102] as [VARCHAR] - [RXgplMCDcgFuHvdJaWig]
2020-06-19 13:28:25 TRACE [BasicBinder.java:64] binding parameter [103] as [VARCHAR] - [VbNvNCjZcjprftBBClIE]
2020-06-19 13:28:25 TRACE [BasicBinder.java:64] binding parameter [104] as [VARCHAR] - [POCbfscAIMscfitYmwB]
2020-06-19 13:28:25 TRACE [BasicBinder.java:64] binding parameter [105] as [VARCHAR] - [HnrPUykYhQGoJezaZfL]
2020-06-19 13:28:25 TRACE [BasicBinder.java:64] binding parameter [106] as [VARCHAR] - [xtQPBVDSDKpiUqzLLRK]
2020-06-19 13:28:25 TRACE [BasicBinder.java:64] binding parameter [107] as [VARCHAR] - [YVpOdWy]
2020-06-19 13:28:25 TRACE [BasicBinder.java:64] binding parameter [108] as [VARCHAR] - [qt]
2020-06-19 13:28:25 TRACE [BasicBinder.java:64] binding parameter [109] as [INTEGER] - [718799]
2020-06-19 13:28:25 TRACE [BasicBinder.java:64] binding parameter [110] as [VARCHAR] - [uCfNUZqdnBybnJhwqmfv]
2020-06-19 13:28:25 TRACE [BasicBinder.java:64] binding parameter [111] as [VARCHAR] - [YUeilqiUxQRzgHE]
2020-06-19 13:28:25 TRACE [BasicBinder.java:64] binding parameter [112] as [VARCHAR] - [mEqjyqavcQCXCTOZBYv]
2020-06-19 13:28:25 TRACE [BasicBinder.java:64] binding parameter [113] as [VARCHAR] - [LX]
2020-06-19 13:28:25 TRACE [BasicBinder.java:64] binding parameter [114] as [VARCHAR] - [jKVexbTYDl]
2020-06-19 13:28:25 TRACE [BasicBinder.java:64] binding parameter [115] as [VARCHAR] - [A]
2020-06-19 13:28:25 TRACE [BasicBinder.java:64] binding parameter [116] as [VARCHAR] - [GtOwjzyPnNY]
2020-06-19 13:28:25 TRACE [BasicBinder.java:64] binding parameter [117] as [VARCHAR] - [qFGSFmxxVEYHcGFhekwz]
2020-06-19 13:28:25 TRACE [BasicBinder.java:64] binding parameter [118] as [VARCHAR] - [rQqgJBuphQWZqmdcjJra]
2020-06-19 13:28:25 TRACE [BasicBinder.java:64] binding parameter [119] as [VARCHAR] - [xhTfTIZYLGUlBhgAqNcH]
2020-06-19 13:28:25 TRACE [BasicBinder.java:64] binding parameter [120] as [VARCHAR] - [IZIGQCZwYOGrcoCeNmoc]
2020-06-19 13:28:25 TRACE [BasicBinder.java:64] binding parameter [121] as [VARCHAR] - [ocHlOgHCEBmrplkREMON]
2020-06-19 13:28:25 TRACE [BasicBinder.java:64] binding parameter [122] as [VARCHAR] - [qS]
2020-06-19 13:28:25 TRACE [BasicBinder.java:64] binding parameter [123] as [VARCHAR] - [D]
2020-06-19 13:28:25 TRACE [BasicBinder.java:64] binding parameter [124] as [VARCHAR] - [vCuz]
2020-06-19 13:28:25 TRACE [BasicBinder.java:64] binding parameter [125] as [VARCHAR] - [ycuveKeyHEytbxnHvrYK]
2020-06-19 13:28:25 TRACE [BasicBinder.java:64] binding parameter [126] as [VARCHAR] - [OSQ]
2020-06-19 13:28:25 TRACE [BasicBinder.java:64] binding parameter [127] as [VARCHAR] - [or]
2020-06-19 13:28:25 TRACE [BasicBinder.java:64] binding parameter [128] as [VARCHAR] - [TruJZaBycynYAcwHeseU]
2020-06-19 13:28:25 TRACE [BasicBinder.java:64] binding parameter [129] as [VARCHAR] - [BNRBxZeCJLvMdSNFvhmo]
2020-06-19 13:28:25 TRACE [BasicBinder.java:64] binding parameter [130] as [VARCHAR] - [xKqxChrzxxQRSrSXqVrU]
2020-06-19 13:28:25 TRACE [BasicBinder.java:64] binding parameter [131] as [VARCHAR] - [v]
2020-06-19 13:28:25 TRACE [BasicBinder.java:64] binding parameter [132] as [VARCHAR] - [RiXDszxtBjnmYIwKjmvm]
2020-06-19 13:28:25 TRACE [BasicBinder.java:64] binding parameter [133] as [VARCHAR] - [nIJcivWuMwAXeRkDLKkK]
2020-06-19 13:28:25 TRACE [BasicBinder.java:64] binding parameter [134] as [VARCHAR] - [OHZUmoetubYpyhJQdIip]
2020-06-19 13:28:25 TRACE [BasicBinder.java:64] binding parameter [135] as [VARCHAR] - [aw]
2020-06-19 13:28:25 TRACE [BasicBinder.java:64] binding parameter [136] as [VARCHAR] - [aSPBOgBgEShpPNnZ]
2020-06-19 13:28:25 TRACE [BasicBinder.java:64] binding parameter [137] as [DOUBLE] - [553233.2164131225]
2020-06-19 13:28:25 TRACE [BasicBinder.java:64] binding parameter [138] as [VARCHAR] - [OhAKonEu]
2020-06-19 13:28:25 TRACE [BasicBinder.java:64] binding parameter [139] as [VARCHAR] - [uBiUBnDfJBGFjpM]
2020-06-19 13:28:25 TRACE [BasicBinder.java:64] binding parameter [140] as [VARCHAR] - [jePIPeBBGS]
2020-06-19 13:28:25 TRACE [BasicBinder.java:64] binding parameter [141] as [BIGINT] - [1]
2020-06-19 13:28:25 DEBUG [MockBuilder.java:94] set dunsNbr -> ZOaIDjfAauYLiFi
2020-06-19 13:28:25 DEBUG [MockBuilder.java:94] set ohStatusCode -> k
2020-06-19 13:28:25 DEBUG [MockBuilder.java:94] set storeName -> YFUqHZCuvlotqKvlmXmY
2020-06-19 13:28:25 DEBUG [MockBuilder.java:94] set consStatusMsg -> bMgFNAqXuebDuCiSwFaB
2020-06-19 13:28:25 DEBUG [MockBuilder.java:94] set onNote -> GjJBYftKKLntwAoGjxAQ
2020-06-19 13:28:25 DEBUG [MockBuilder.java:94] set termsNetDays -> OIx
2020-06-19 13:28:25 DEBUG [MockBuilder.java:94] set eventInfo -> gjGzsqWoVvnPGHb
2020-06-19 13:28:25 DEBUG [MockBuilder.java:94] set errorCode -> tYC
2020-06-19 13:28:25 DEBUG [MockBuilder.java:94] set onlineType -> h
2020-06-19 13:28:25 DEBUG [MockBuilder.java:94] set termsTypeFlag -> UP
2020-06-19 13:28:25 DEBUG [MockBuilder.java:94] set explodeFlag -> S
2020-06-19 13:28:25 DEBUG [MockBuilder.java:94] set errorDescription -> tumXHYlCiACrHMPNlHIv
2020-06-19 13:28:25 DEBUG [MockBuilder.java:94] set orderDate -> 1983-08-31
2020-06-19 13:28:25 DEBUG [MockBuilder.java:94] set totalBindingFt -> 1603707.3152742712
2020-06-19 13:28:25 DEBUG [MockBuilder.java:94] set fobPoint -> JH
2020-06-19 13:28:25 DEBUG [MockBuilder.java:94] set orderLoc -> fF
2020-06-19 13:28:25 DEBUG [MockBuilder.java:94] set errorTimestamp -> 1970-01-01T01:02:23
2020-06-19 13:28:25 DEBUG [MockBuilder.java:94] set srvLevel -> ZP
2020-06-19 13:28:25 DEBUG [MockBuilder.java:94] set frtCode -> R
2020-06-19 13:28:25 DEBUG [MockBuilder.java:94] set deliveryDate -> 1970-03-17
2020-06-19 13:28:25 DEBUG [MockBuilder.java:94] set orderMerCost -> 8888796.998071907
2020-06-19 13:28:25 DEBUG [MockBuilder.java:94] set statusCode -> c
2020-06-19 13:28:25 DEBUG [MockBuilder.java:94] set giftMessage1 -> OLupjQsyIOKqOHoDWloh
2020-06-19 13:28:25 DEBUG [MockBuilder.java:94] set shawOrderNumber -> bQWAdk
2020-06-19 13:28:25 DEBUG [MockBuilder.java:94] set delvCutOffDt -> 1971-05-30
2020-06-19 13:28:25 DEBUG [MockBuilder.java:94] set giftMessage2 -> LnMJQhpESjtpZcFpEhWX
2020-06-19 13:28:25 DEBUG [MockBuilder.java:94] set contractUsageInd -> I
2020-06-19 13:28:25 DEBUG [MockBuilder.java:94] set salesCheckNumber -> ANuDHjeqmFOpwGMwTnYl
2020-06-19 13:28:25 DEBUG [MockBuilder.java:94] set nbDate -> 1985-08-30
2020-06-19 13:28:25 DEBUG [MockBuilder.java:94] set divDesc -> MEuOWHrQLNBPofngIijG
2020-06-19 13:28:25 DEBUG [MockBuilder.java:94] set orderingSystem -> qL
2020-06-19 13:28:25 DEBUG [MockBuilder.java:94] set stdCarrAlphaInd -> YCkL
2020-06-19 13:28:25 DEBUG [MockBuilder.java:94] set inputMethod -> AVaSLpAFYr
2020-06-19 13:28:25 DEBUG [MockBuilder.java:94] set salesReqCode -> TP
2020-06-19 13:28:25 DEBUG [MockBuilder.java:94] set crossDockCenter -> ueZZYDTKqi
2020-06-19 13:28:25 DEBUG [MockBuilder.java:94] set phoneNumber -> nSaTRBdfcIs
2020-06-19 13:28:25 DEBUG [MockBuilder.java:94] set markForStore -> pucwifhmUP
2020-06-19 13:28:25 DEBUG [MockBuilder.java:94] set sellCo -> xo
2020-06-19 13:28:25 DEBUG [MockBuilder.java:94] set custDept -> quhib
2020-06-19 13:28:25 DEBUG [MockBuilder.java:94] set seqNbr -> 42826
2020-06-19 13:28:25 DEBUG [MockBuilder.java:94] set newStoreInd -> H
2020-06-19 13:28:25 DEBUG [MockBuilder.java:94] set reserveOrderInd -> d
2020-06-19 13:28:25 DEBUG [MockBuilder.java:94] set chngLid -> jErmEDPF
2020-06-19 13:28:25 DEBUG [MockBuilder.java:94] set noAsnFlag -> Z
2020-06-19 13:28:25 DEBUG [MockBuilder.java:94] set returnMsg -> DJcuCBYXHserZLNTYMIO
2020-06-19 13:28:25 DEBUG [MockBuilder.java:94] set phone -> CKDtPFtMjEjCylS
2020-06-19 13:28:25 DEBUG [MockBuilder.java:94] set ohCancelDateValue -> 1976-12-26
2020-06-19 13:28:25 DEBUG [MockBuilder.java:94] set routeByDate -> 1977-02-15
2020-06-19 13:28:25 DEBUG [MockBuilder.java:94] set chngTimestamp -> 1970-01-01T01:52
2020-06-19 13:28:25 DEBUG [MockBuilder.java:94] set beg -> aooAi
2020-06-19 13:28:25 DEBUG [MockBuilder.java:94] set poType -> nlmtT
2020-06-19 13:28:25 DEBUG [MockBuilder.java:94] set hostAlertFlag -> r
2020-06-19 13:28:25 DEBUG [MockBuilder.java:94] set province -> cokHfxzeyXXvVUkAiCt
2020-06-19 13:28:25 DEBUG [MockBuilder.java:94] set commCust -> yEXXZAA
2020-06-19 13:28:25 DEBUG [MockBuilder.java:94] set poTypeSuffix -> LmArgBEaPv
2020-06-19 13:28:25 DEBUG [MockBuilder.java:94] set mediaEventCode -> Db
2020-06-19 13:28:25 DEBUG [MockBuilder.java:94] set agreementNumber -> amsVgZNecaPGPHa
2020-06-19 13:28:25 DEBUG [MockBuilder.java:94] set poControl -> tWmbZ
2020-06-19 13:28:25 DEBUG [MockBuilder.java:94] set psMsg -> nYibkoGebhFUQLoLhNIY
2020-06-19 13:28:25 DEBUG [MockBuilder.java:94] set billToState -> Pn
2020-06-19 13:28:25 DEBUG [MockBuilder.java:94] set name -> EOjzqiRLWEbfevYzAcBh
2020-06-19 13:28:25 DEBUG [MockBuilder.java:94] set assignedAgent -> qrTQbtkV
2020-06-19 13:28:25 DEBUG [MockBuilder.java:94] set custPmtMeth -> liwzOrXQVujrNuRjESKU
2020-06-19 13:28:25 DEBUG [MockBuilder.java:94] set customerCode -> An
2020-06-19 13:28:25 DEBUG [MockBuilder.java:94] set poDateValue -> 1978-11-19
2020-06-19 13:28:25 DEBUG [MockBuilder.java:94] set billToStore -> oZnzyGdywS
2020-06-19 13:28:25 DEBUG [MockBuilder.java:94] set bsStoreNbr -> lcCewSXDRZ
2020-06-19 13:28:25 DEBUG [MockBuilder.java:94] set flag -> 744057
2020-06-19 13:28:25 DEBUG [MockBuilder.java:94] set custSpInst -> MTToGLGEcpqPcauYslPJ
2020-06-19 13:28:25 DEBUG [MockBuilder.java:94] set authRep -> dICvBtEhYnTdOMlykNAP
2020-06-19 13:28:25 DEBUG [MockBuilder.java:94] set poDateQualifier -> rLJ
2020-06-19 13:28:25 DEBUG [MockBuilder.java:94] set shipPartCompInd -> m
2020-06-19 13:28:25 DEBUG [MockBuilder.java:94] set cancelDateQualifier -> iZH
2020-06-19 13:28:25 DEBUG [MockBuilder.java:94] set custWhNbr -> qwpn
2020-06-19 13:28:25 DEBUG [MockBuilder.java:94] set truncFlag -> f
2020-06-19 13:28:25 DEBUG [MockBuilder.java:94] set poNumber -> GIXjsvMSjDpbSVqpzpDo
2020-06-19 13:28:25 DEBUG [MockBuilder.java:94] set authorizationNo -> PkpjqnGvRO
2020-06-19 13:28:25 DEBUG [MockBuilder.java:94] set shipPt -> YA
2020-06-19 13:28:25 DEBUG [MockBuilder.java:94] set carrierCode -> FZ
2020-06-19 13:28:25 DEBUG [MockBuilder.java:94] set acctContact -> uPjVEiZSkGrPmhUuzPMh
2020-06-19 13:28:25 DEBUG [MockBuilder.java:94] set poQual -> JR
2020-06-19 13:28:25 DEBUG [MockBuilder.java:94] set shipComplete -> C
2020-06-19 13:28:25 DEBUG [MockBuilder.java:94] set specialInstruct1 -> GJcBJRDiekhiRfpzsMAv
2020-06-19 13:28:25 DEBUG [MockBuilder.java:94] set zip -> qjUqXKZFeBJ
2020-06-19 13:28:25 DEBUG [MockBuilder.java:94] set acknowlegeOrdInd -> D
2020-06-19 13:28:25 DEBUG [MockBuilder.java:94] set cbCutLength -> 8223498.915753696
2020-06-19 13:28:25 DEBUG [MockBuilder.java:94] set shipDateValue -> 1981-11-05
2020-06-19 13:28:25 DEBUG [MockBuilder.java:94] set specialInstruct2 -> vrAwLOGuCWmJCNLLduWG
2020-06-19 13:28:25 DEBUG [MockBuilder.java:94] set orderRetTotal -> 2681633.145344298
2020-06-19 13:28:25 DEBUG [MockBuilder.java:94] set addrKey -> 558695
2020-06-19 13:28:25 DEBUG [MockBuilder.java:94] set userId -> uSOQlSBU
2020-06-19 13:28:25 DEBUG [MockBuilder.java:94] set shipDateQualifier -> RTi
2020-06-19 13:28:25 DEBUG [MockBuilder.java:94] set specialInstruct3 -> veHjIrxhbOQeIZKzqYAn
2020-06-19 13:28:25 DEBUG [MockBuilder.java:94] set store -> GQJPEzEOdC
2020-06-19 13:28:25 DEBUG [MockBuilder.java:94] set shipByCutOffDt -> 1987-03-03
2020-06-19 13:28:25 DEBUG [MockBuilder.java:94] set custNbr -> AlMdXEZ
2020-06-19 13:28:25 DEBUG [MockBuilder.java:94] set orderType -> j
2020-06-19 13:28:25 DEBUG [MockBuilder.java:94] set shipInstruction -> LMudDusDcFtuBekxPCVK
2020-06-19 13:28:25 DEBUG [MockBuilder.java:94] set shipByDate -> 1991-10-19
2020-06-19 13:28:25 DEBUG [MockBuilder.java:94] set specialInstruct4 -> IFxkrYoiWgoznkIREXcU
2020-06-19 13:28:25 DEBUG [MockBuilder.java:94] set state -> qF
2020-06-19 13:28:25 DEBUG [MockBuilder.java:94] set shipCancelDate -> 1980-06-07
2020-06-19 13:28:25 DEBUG [MockBuilder.java:94] set country -> eJsyCsLerpzhpfTaNZt
2020-06-19 13:28:25 DEBUG [MockBuilder.java:94] set orderTypeDesc -> JNxZLFohkiUmlZW
2020-06-19 13:28:25 DEBUG [MockBuilder.java:94] set vendorNo -> wbVnWfonylznxaq
2020-06-19 13:28:25 DEBUG [MockBuilder.java:94] set specialPoNo -> wzKggLxAhTfYnfQFssaA
2020-06-19 13:28:25 DEBUG [MockBuilder.java:94] set addressLine2 -> CTyYBHMCnDLCsSTqgkKq
2020-06-19 13:28:25 DEBUG [MockBuilder.java:94] set destCode -> Qg
2020-06-19 13:28:25 DEBUG [MockBuilder.java:94] set custNbr -> xojdyLE
2020-06-19 13:28:25 DEBUG [MockBuilder.java:94] set cnCity -> lAgsQiILHztepafpDsy
2020-06-19 13:28:25 DEBUG [MockBuilder.java:94] set customerRefNbr -> VKt
2020-06-19 13:28:25 DEBUG [MockBuilder.java:94] set city -> CGBnlddJZDiJIXMyxgL
2020-06-19 13:28:25 DEBUG [MockBuilder.java:94] set wcStore -> exXeSIxFUX
2020-06-19 13:28:25 DEBUG [MockBuilder.java:94] set orderWeight -> 6366163.612183957
2020-06-19 13:28:25 DEBUG [MockBuilder.java:94] set customerSidemark -> cvZJauvvWARqDqMMRGnw
2020-06-19 13:28:25 DEBUG [MockBuilder.java:94] set orderRetHand -> 5024404.931418181
2020-06-19 13:28:25 DEBUG [MockBuilder.java:94] set addressLine1 -> xJpCDUIAZFLLVijcjdIT
2020-06-19 13:28:25 DEBUG [MockBuilder.java:94] set orderRetSh -> 7416197.000438044
2020-06-19 13:28:25 DEBUG [MockBuilder.java:94] set ccountry -> KwVaAqQcJDMFdwhcIgeD
2020-06-19 13:28:25 DEBUG [MockBuilder.java:94] set name -> uIuOaNCpUqUdUnlMjGer
2020-06-19 13:28:25 DEBUG [MockBuilder.java:94] set state -> qx
2020-06-19 13:28:25 DEBUG [MockBuilder.java:94] set consumerShipFlg -> M
2020-06-19 13:28:25 DEBUG [MockBuilder.java:94] set orderRetTax -> 8327033.453651692
2020-06-19 13:28:25 DEBUG [MockBuilder.java:94] set zip -> oHToqEozH
2020-06-19 13:28:25 DEBUG [MockBuilder.java:94] set cprovince -> KXzTEFWjeDxxULihTHjF
2020-06-19 13:28:25 DEBUG [MockBuilder.java:94] set cphone -> wqEsmMoEtjrYSBYBNOob
2020-06-19 13:28:25 DEBUG [MockBuilder.java:94] set consumerPoDateValue -> 1981-11-15
2020-06-19 13:28:25 DEBUG [MockBuilder.java:94] set addressLine2 -> lFuzTKiKNXEqElMNnSqb
2020-06-19 13:28:25 DEBUG [MockBuilder.java:94] set shipToAddress -> LegacyShipToAddress [addressLine1=xJpCDUIAZFLLVijcjdIT, addressLine2=CTyYBHMCnDLCsSTqgkKq, city=CGBnlddJZDiJIXMyxgL, cnCity=lAgsQiILHztepafpDsy, country=eJsyCsLerpzhpfTaNZt, custNbr=xojdyLE, destCode=Qg, flag=744057, name=EOjzqiRLWEbfevYzAcBh, phone=CKDtPFtMjEjCylS, province=cokHfxzeyXXvVUkAiCt, state=qF, store=GQJPEzEOdC, truncFlag=f, zip=qjUqXKZFeBJ]
2020-06-19 13:28:25 DEBUG [MockBuilder.java:94] set city -> NlVJnKZGeovriTysPBu
2020-06-19 13:28:25 DEBUG [MockBuilder.java:94] set addressLine1 -> rwnPWJCPlxZewtpQGFgb
2020-06-19 13:28:25 DEBUG [MockBuilder.java:94] set consumerAddress -> LegacyConsumerAddress [cprovince=KXzTEFWjeDxxULihTHjF, ccountry=KwVaAqQcJDMFdwhcIgeD, cphone=wqEsmMoEtjrYSBYBNOob, addressLine1=rwnPWJCPlxZewtpQGFgb, addressLine2=lFuzTKiKNXEqElMNnSqb, city=NlVJnKZGeovriTysPBu, name=uIuOaNCpUqUdUnlMjGer, consumerPoDateValue=1981-11-15, consumerShipFlg=M, state=qx, zip=oHToqEozH]
2020-06-19 13:28:25 DEBUG [MockBuilder.java:94] set addressLine1 -> LrtjrkkFCwXErfEOYOeb
2020-06-19 13:28:25 DEBUG [MockBuilder.java:94] set city -> lGHJhTrKYIUDpoJzDbzj
2020-06-19 13:28:25 DEBUG [MockBuilder.java:94] set state -> Kl
2020-06-19 13:28:25 DEBUG [MockBuilder.java:94] set accountNbr -> eazPZCclkupYYlTGVqvW
2020-06-19 13:28:25 DEBUG [MockBuilder.java:94] set tpcountry -> AKYrdmNyOIaiNqvzbPqb
2020-06-19 13:28:25 DEBUG [MockBuilder.java:94] set billFlag -> t
2020-06-19 13:28:25 DEBUG [MockBuilder.java:94] set tpphone -> gHVGCnlTsfAZkbEcZurB
2020-06-19 13:28:25 DEBUG [MockBuilder.java:94] set zip -> AMFpDrvaAFQLYudX
2020-06-19 13:28:25 DEBUG [MockBuilder.java:94] set addressLine2 -> VfGNSqwaFHgqybbpZiFH
2020-06-19 13:28:25 DEBUG [MockBuilder.java:94] set tpprovince -> IVJNKJzUQZgYPoTMztnm
2020-06-19 13:28:25 DEBUG [MockBuilder.java:94] set name2 -> FECBRZYMYPuDveuhaNXf
2020-06-19 13:28:25 DEBUG [MockBuilder.java:94] set name -> YqRqZCaoaipCdlBEpjWo
2020-06-19 13:28:25 DEBUG [MockBuilder.java:94] set thirdPartyAddress -> LegacyThirdPartyAddress [tpprovince=IVJNKJzUQZgYPoTMztnm, tpcountry=AKYrdmNyOIaiNqvzbPqb, tpphone=gHVGCnlTsfAZkbEcZurB, addressLine1=LrtjrkkFCwXErfEOYOeb, addressLine2=VfGNSqwaFHgqybbpZiFH, accountNbr=eazPZCclkupYYlTGVqvW, billFlag=t, city=lGHJhTrKYIUDpoJzDbzj, name=YqRqZCaoaipCdlBEpjWo, name2=FECBRZYMYPuDveuhaNXf, state=Kl, zip=AMFpDrvaAFQLYudX]
2020-06-19 13:28:25 DEBUG [MockBuilder.java:94] set dates -> null
2020-06-19 13:28:25 DEBUG [MockBuilder.java:94] set purchasedBy -> kISxoLlYmZkSTMUmfWmz
2020-06-19 13:28:25 DEBUG [MockBuilder.java:94] set lines -> null
2020-06-19 13:28:25 DEBUG [MockBuilder.java:94] set rcdCode -> Q
2020-06-19 13:28:25 DEBUG [MockBuilder.java:94] set receivedTimestamp -> 1970-01-01T00:46:52
2020-06-19 13:28:25 DEBUG [MockBuilder.java:94] set refTcNbr -> bPyzhyrZeHVyuNKysTqc
2020-06-19 13:28:25 DEBUG [MockHelper.java:99] EdiOrderHeader [legacyOrderNumber=null, acctContact=uPjVEiZSkGrPmhUuzPMh, acknowlegeOrdInd=D, addrKey=558695, agreementNumber=amsVgZNecaPGPHa, assignedAgent=qrTQbtkV, authRep=dICvBtEhYnTdOMlykNAP, authorizationNo=PkpjqnGvRO, beg=aooAi, billToState=Pn, billToStore=oZnzyGdywS, bsStoreNbr=lcCewSXDRZ, cancelDateQualifier=iZH, carrierCode=FZ, cbCutLength=8223498.915753696, chngLid=jErmEDPF, chngTimestamp=1970-01-01T01:52, commCust=yEXXZAA, consStatusMsg=bMgFNAqXuebDuCiSwFaB, contractUsageInd=I, crossDockCenter=ueZZYDTKqi, custDept=quhib, custPmtMeth=liwzOrXQVujrNuRjESKU, custSpInst=MTToGLGEcpqPcauYslPJ, custWhNbr=qwpn, customerCode=An, custNbr=AlMdXEZ, customerRefNbr=VKt, customerSidemark=cvZJauvvWARqDqMMRGnw, deliveryDate=1970-03-17, delvCutOffDt=1971-05-30, divDesc=MEuOWHrQLNBPofngIijG, dunsNbr=ZOaIDjfAauYLiFi, errorCode=tYC, errorDescription=tumXHYlCiACrHMPNlHIv, errorTimestamp=1970-01-01T01:02:23, eventInfo=gjGzsqWoVvnPGHb, explodeFlag=S, fobPoint=JH, frtCode=R, giftMessage1=OLupjQsyIOKqOHoDWloh, giftMessage2=LnMJQhpESjtpZcFpEhWX, hostAlertFlag=r, inputMethod=AVaSLpAFYr, markForStore=pucwifhmUP, mediaEventCode=Db, nbDate=1985-08-30, newStoreInd=H, noAsnFlag=Z, ohCancelDateValue=1976-12-26, ohStatusCode=k, onNote=GjJBYftKKLntwAoGjxAQ, onlineType=h, orderDate=1983-08-31, orderLoc=01, orderMerCost=8888796.998071907, shawOrderNumber=bQWAdk, orderRetHand=5024404.931418181, orderRetSh=7416197.000438044, orderRetTax=8327033.453651692, orderRetTotal=2681633.145344298, orderType=H, orderTypeDesc=HARDSURFACES, orderWeight=6366163.612183957, orderingSystem=qL, phoneNumber=nSaTRBdfcIs, poControl=tWmbZ, poDateValue=1978-11-19, poDateQualifier=rLJ, poNumber=GIXjsvMSjDpbSVqpzpDo, poQual=JR, poType=nlmtT, poTypeSuffix=LmArgBEaPv, psMsg=nYibkoGebhFUQLoLhNIY, purchasedBy=kISxoLlYmZkSTMUmfWmz, rcdCode=Q, receivedTimestamp=1970-01-01T00:46:52, refTcNbr=bPyzhyrZeHVyuNKysTqc, reserveOrderInd=d, returnMsg=DJcuCBYXHserZLNTYMIO, routeByDate=1977-02-15, salesCheckNumber=ANuDHjeqmFOpwGMwTnYl, salesReqCode=TP, sellCo=xo, seqNbr=42826, shipByCutOffDt=1987-03-03, shipByDate=1991-10-19, shipCancelDate=1980-06-07, shipComplete=C, shipDateValue=1981-11-05, shipDateQualifier=RTi, shipInstruction=LMudDusDcFtuBekxPCVK, shipPartCompInd=m, shipPt=YA, specialInstruct1=GJcBJRDiekhiRfpzsMAv, specialInstruct2=vrAwLOGuCWmJCNLLduWG, specialInstruct3=veHjIrxhbOQeIZKzqYAn, specialInstruct4=IFxkrYoiWgoznkIREXcU, specialPoNo=wzKggLxAhTfYnfQFssaA, srvLevel=ZP, statusCode=c, stdCarrAlphaInd=YCkL, storeName=YFUqHZCuvlotqKvlmXmY, termsNetDays=OIx, termsTypeFlag=UP, totalBindingFt=1603707.3152742712, userId=uSOQlSBU, vendorNo=wbVnWfonylznxaq, wcStore=exXeSIxFUX, consumerAddress=LegacyConsumerAddress [cprovince=KXzTEFWjeDxxULihTHjF, ccountry=KwVaAqQcJDMFdwhcIgeD, cphone=wqEsmMoEtjrYSBYBNOob, addressLine1=rwnPWJCPlxZewtpQGFgb, addressLine2=lFuzTKiKNXEqElMNnSqb, city=NlVJnKZGeovriTysPBu, name=uIuOaNCpUqUdUnlMjGer, consumerPoDateValue=1981-11-15, consumerShipFlg=M, state=qx, zip=oHToqEozH], shipToAddress=LegacyShipToAddress [addressLine1=xJpCDUIAZFLLVijcjdIT, addressLine2=CTyYBHMCnDLCsSTqgkKq, city=CGBnlddJZDiJIXMyxgL, cnCity=lAgsQiILHztepafpDsy, country=eJsyCsLerpzhpfTaNZt, custNbr=xojdyLE, destCode=Qg, flag=744057, name=EOjzqiRLWEbfevYzAcBh, phone=CKDtPFtMjEjCylS, province=cokHfxzeyXXvVUkAiCt, state=qF, store=GQJPEzEOdC, truncFlag=f, zip=qjUqXKZFeBJ], thirdPartyAddress=LegacyThirdPartyAddress [tpprovince=IVJNKJzUQZgYPoTMztnm, tpcountry=AKYrdmNyOIaiNqvzbPqb, tpphone=gHVGCnlTsfAZkbEcZurB, addressLine1=LrtjrkkFCwXErfEOYOeb, addressLine2=VfGNSqwaFHgqybbpZiFH, accountNbr=eazPZCclkupYYlTGVqvW, billFlag=t, city=lGHJhTrKYIUDpoJzDbzj, name=YqRqZCaoaipCdlBEpjWo, name2=FECBRZYMYPuDveuhaNXf, state=Kl, zip=AMFpDrvaAFQLYudX], dates=null, lines=null]
Hibernate: call next value for SHXP.EDI_ORDER_NBR
Hibernate: insert into EDI_ORDER_HEADER (ACCT_CONTACT, ACKNOWLEGE_ORD_IND, ADDR_KEY, AGREEMENT_NUMBER, ASSIGNED_AGENT, AUTH_REP, AUTHORIZATION_NO, beg, BILL_TO_STATE, BILL_TO_STORE, BS_STORE_NBR, CANCEL_DATE_QUAL, CARRIER_CODE, CB_CUT_LENGTH, CHNG_LID, CHNG_TIMESTAMP, COMM_CUST, CONS_STATUS_MSG, CONSUMER_ADDRESS, CONSUMER_ADDRESS_2, CONSUMER_CITY, CONSUMER_PO_DATE, CONSUMER_SHIP_FLG, CONSUMER_NAME, CONSUMER_STATE, CONSUMER_ZIP, CONTRACT_USAGE_IND, CROSS_DOCK_CENTER, CUST_DEPT, CUSTOMER_NUMBER, CUST_PMT_METH, CUST_SP_INST, CUST_WH_NBR, CUSTOMER_CODE, CUSTOMER_REF_NBR, CUSTOMER_SIDEMARK, DELIVERY_DATE, DELV_CUT_OFF_DT, DIV_DESC, DUNS_NBR, ERROR_CODE, ERROR_DESCRIPTION, ERROR_TIMESTAMP, EVENT_INFO, EXPLODE_FLAG, FOB_POINT, FRT_CODE, GIFT_MESSAGE_1, GIFT_MESSAGE_2, HOST_ALERT_FLAG, INPUT_METHOD, MARK_FOR_STORE, MEDIA_EVENT_CODE, NB_DATE, NEW_STORE_IND, NO_ASN_FLAG, OH_CANCEL_DATE, OH_STATUS_CODE, ON_NOTE, ONLINE_TYPE, ORDER_DATE, ORDER_LOC, ORDER_MER_COST, ORDER_RET_HAND, ORDER_RET_SH, ORDER_RET_TAX, ORDER_RET_TOTAL, ORDER_TYPE, ORDER_TYPE_DESC, ORDER_WEIGHT, ORDERING_SYSTEM, PHONE_NUMBER, PO_CONTROL, PO_DATE_QUAL, PO_DATE, PO_NUMBER, PO_QUAL, PO_TYPE, PO_TYPE_SUFFIX, PS_MSG, PURCHASED_BY, RCD_CODE, RECEIVED_TIMESTAMP, REF_TC_NBR, RESERVE_ORDER_IND, RETURN_MSG, ROUTE_BY_DATE, SALES_CHECK_NUMBER, SALES_REQ_CODE, SELL_CO, SEQ_NBR, ORDER_NUMBER, SHIP_BY_CUT_OFF_DT, SHIP_BY_DATE, SHIP_CANCEL_DATE, SHIP_COMPLETE, SHIP_DATE_QUAL, SHIP_DATE, SHIP_INSTRUCTION, SHIP_PART_COMP_IND, SHIP_PT, SHIP_TO_ADDRESS_1, SHIP_TO_ADDRESS_2, SHIP_TO_CITY, SHIP_TO_CN_CITY, SHIP_TO_COUNTRY, SHIP_TO_CUST_NBR, SHIP_TO_DEST_COD, SHIP_TO_FLAG, SHIP_TO_NAME, SHIP_TO_PHONE, SHIP_TO_PROVENCE, SHIP_TO_STATE, SHIP_TO_STORE, SHIP_TO_TRUNC_FLG, SHIP_TO_ZIP, SPECIAL_INSTRUCT_1, SPECIAL_INSTRUCT_2, SPECIAL_INSTRUCT_3, SPECIAL_INSTRUCT_4, SPECIAL_PO_NO, SRV_LEVEL, STATUS_CODE, STD_CARR_ALPHA_IND, STORE_NAME, TERMS_NET_DAYS, TERMS_TYPE_FLAG, THIRD_PARTY_ACCT_NBR, THIRD_PARTY_ADDR_1, THIRD_PARTY_ADDR_2, THIRD_PARTY_BILL_FLAG, THIRD_PARTY_CITY, THIRD_PARTY_NAME, THIRD_PARTY_NAME_2, THIRD_PARTY_STATE, THIRD_PARTY_ZIP, TOTAL_BINDING_FT, USER_ID, VENDOR_NO, WC_STORE, EDI_ORDER_NUMBER) values (?, ?, ?, ?, ?, ?, ?, ?, ?, ?, ?, ?, ?, ?, ?, ?, ?, ?, ?, ?, ?, ?, ?, ?, ?, ?, ?, ?, ?, ?, ?, ?, ?, ?, ?, ?, ?, ?, ?, ?, ?, ?, ?, ?, ?, ?, ?, ?, ?, ?, ?, ?, ?, ?, ?, ?, ?, ?, ?, ?, ?, ?, ?, ?, ?, ?, ?, ?, ?, ?, ?, ?, ?, ?, ?, ?, ?, ?, ?, ?, ?, ?, ?, ?, ?, ?, ?, ?, ?, ?, ?, ?, ?, ?, ?, ?, ?, ?, ?, ?, ?, ?, ?, ?, ?, ?, ?, ?, ?, ?, ?, ?, ?, ?, ?, ?, ?, ?, ?, ?, ?, ?, ?, ?, ?, ?, ?, ?, ?, ?, ?, ?, ?, ?, ?, ?, ?, ?, ?, ?, ?)
2020-06-19 13:28:25 TRACE [BasicBinder.java:64] binding parameter [1] as [VARCHAR] - [uPjVEiZSkGrPmhUuzPMh]
2020-06-19 13:28:25 TRACE [BasicBinder.java:64] binding parameter [2] as [VARCHAR] - [D]
2020-06-19 13:28:25 TRACE [BasicBinder.java:64] binding parameter [3] as [INTEGER] - [558695]
2020-06-19 13:28:25 TRACE [BasicBinder.java:64] binding parameter [4] as [VARCHAR] - [amsVgZNecaPGPHa]
2020-06-19 13:28:25 TRACE [BasicBinder.java:64] binding parameter [5] as [VARCHAR] - [qrTQbtkV]
2020-06-19 13:28:25 TRACE [BasicBinder.java:64] binding parameter [6] as [VARCHAR] - [dICvBtEhYnTdOMlykNAP]
2020-06-19 13:28:25 TRACE [BasicBinder.java:64] binding parameter [7] as [VARCHAR] - [PkpjqnGvRO]
2020-06-19 13:28:25 TRACE [BasicBinder.java:64] binding parameter [8] as [VARCHAR] - [aooAi]
2020-06-19 13:28:25 TRACE [BasicBinder.java:64] binding parameter [9] as [VARCHAR] - [Pn]
2020-06-19 13:28:25 TRACE [BasicBinder.java:64] binding parameter [10] as [VARCHAR] - [oZnzyGdywS]
2020-06-19 13:28:25 TRACE [BasicBinder.java:64] binding parameter [11] as [VARCHAR] - [lcCewSXDRZ]
2020-06-19 13:28:25 TRACE [BasicBinder.java:64] binding parameter [12] as [VARCHAR] - [iZH]
2020-06-19 13:28:25 TRACE [BasicBinder.java:64] binding parameter [13] as [VARCHAR] - [FZ]
2020-06-19 13:28:25 TRACE [BasicBinder.java:64] binding parameter [14] as [DOUBLE] - [8223498.915753696]
2020-06-19 13:28:25 TRACE [BasicBinder.java:64] binding parameter [15] as [VARCHAR] - [jErmEDPF]
2020-06-19 13:28:25 TRACE [BasicBinder.java:64] binding parameter [16] as [TIMESTAMP] - [1970-01-01T01:52]
2020-06-19 13:28:25 TRACE [BasicBinder.java:64] binding parameter [17] as [VARCHAR] - [yEXXZAA]
2020-06-19 13:28:25 TRACE [BasicBinder.java:64] binding parameter [18] as [VARCHAR] - [bMgFNAqXuebDuCiSwFaB]
2020-06-19 13:28:25 TRACE [BasicBinder.java:64] binding parameter [19] as [VARCHAR] - [rwnPWJCPlxZewtpQGFgb]
2020-06-19 13:28:25 TRACE [BasicBinder.java:64] binding parameter [20] as [VARCHAR] - [lFuzTKiKNXEqElMNnSqb]
2020-06-19 13:28:25 TRACE [BasicBinder.java:64] binding parameter [21] as [VARCHAR] - [NlVJnKZGeovriTysPBu]
2020-06-19 13:28:25 TRACE [BasicBinder.java:64] binding parameter [22] as [DATE] - [1981-11-15]
2020-06-19 13:28:25 TRACE [BasicBinder.java:64] binding parameter [23] as [VARCHAR] - [M]
2020-06-19 13:28:25 TRACE [BasicBinder.java:64] binding parameter [24] as [VARCHAR] - [uIuOaNCpUqUdUnlMjGer]
2020-06-19 13:28:25 TRACE [BasicBinder.java:64] binding parameter [25] as [VARCHAR] - [qx]
2020-06-19 13:28:25 TRACE [BasicBinder.java:64] binding parameter [26] as [VARCHAR] - [oHToqEozH]
2020-06-19 13:28:25 TRACE [BasicBinder.java:64] binding parameter [27] as [VARCHAR] - [I]
2020-06-19 13:28:25 TRACE [BasicBinder.java:64] binding parameter [28] as [VARCHAR] - [ueZZYDTKqi]
2020-06-19 13:28:25 TRACE [BasicBinder.java:64] binding parameter [29] as [VARCHAR] - [quhib]
2020-06-19 13:28:25 TRACE [BasicBinder.java:64] binding parameter [30] as [VARCHAR] - [AlMdXEZ]
2020-06-19 13:28:25 TRACE [BasicBinder.java:64] binding parameter [31] as [VARCHAR] - [liwzOrXQVujrNuRjESKU]
2020-06-19 13:28:25 TRACE [BasicBinder.java:64] binding parameter [32] as [VARCHAR] - [MTToGLGEcpqPcauYslPJ]
2020-06-19 13:28:25 TRACE [BasicBinder.java:64] binding parameter [33] as [VARCHAR] - [qwpn]
2020-06-19 13:28:25 TRACE [BasicBinder.java:64] binding parameter [34] as [VARCHAR] - [An]
2020-06-19 13:28:25 TRACE [BasicBinder.java:64] binding parameter [35] as [VARCHAR] - [VKt]
2020-06-19 13:28:25 TRACE [BasicBinder.java:64] binding parameter [36] as [VARCHAR] - [cvZJauvvWARqDqMMRGnw]
2020-06-19 13:28:25 TRACE [BasicBinder.java:64] binding parameter [37] as [DATE] - [1970-03-17]
2020-06-19 13:28:25 TRACE [BasicBinder.java:64] binding parameter [38] as [DATE] - [1971-05-30]
2020-06-19 13:28:25 TRACE [BasicBinder.java:64] binding parameter [39] as [VARCHAR] - [MEuOWHrQLNBPofngIijG]
2020-06-19 13:28:25 TRACE [BasicBinder.java:64] binding parameter [40] as [VARCHAR] - [ZOaIDjfAauYLiFi]
2020-06-19 13:28:25 TRACE [BasicBinder.java:64] binding parameter [41] as [VARCHAR] - [tYC]
2020-06-19 13:28:25 TRACE [BasicBinder.java:64] binding parameter [42] as [VARCHAR] - [tumXHYlCiACrHMPNlHIv]
2020-06-19 13:28:25 TRACE [BasicBinder.java:64] binding parameter [43] as [TIMESTAMP] - [1970-01-01T01:02:23]
2020-06-19 13:28:25 TRACE [BasicBinder.java:64] binding parameter [44] as [VARCHAR] - [gjGzsqWoVvnPGHb]
2020-06-19 13:28:25 TRACE [BasicBinder.java:64] binding parameter [45] as [VARCHAR] - [S]
2020-06-19 13:28:25 TRACE [BasicBinder.java:64] binding parameter [46] as [VARCHAR] - [JH]
2020-06-19 13:28:25 TRACE [BasicBinder.java:64] binding parameter [47] as [VARCHAR] - [R]
2020-06-19 13:28:25 TRACE [BasicBinder.java:64] binding parameter [48] as [VARCHAR] - [OLupjQsyIOKqOHoDWloh]
2020-06-19 13:28:25 TRACE [BasicBinder.java:64] binding parameter [49] as [VARCHAR] - [LnMJQhpESjtpZcFpEhWX]
2020-06-19 13:28:25 TRACE [BasicBinder.java:64] binding parameter [50] as [VARCHAR] - [r]
2020-06-19 13:28:25 TRACE [BasicBinder.java:64] binding parameter [51] as [VARCHAR] - [AVaSLpAFYr]
2020-06-19 13:28:25 TRACE [BasicBinder.java:64] binding parameter [52] as [VARCHAR] - [pucwifhmUP]
2020-06-19 13:28:25 TRACE [BasicBinder.java:64] binding parameter [53] as [VARCHAR] - [Db]
2020-06-19 13:28:25 TRACE [BasicBinder.java:64] binding parameter [54] as [DATE] - [1985-08-30]
2020-06-19 13:28:25 TRACE [BasicBinder.java:64] binding parameter [55] as [VARCHAR] - [H]
2020-06-19 13:28:25 TRACE [BasicBinder.java:64] binding parameter [56] as [VARCHAR] - [Z]
2020-06-19 13:28:25 TRACE [BasicBinder.java:64] binding parameter [57] as [DATE] - [1976-12-26]
2020-06-19 13:28:25 TRACE [BasicBinder.java:64] binding parameter [58] as [VARCHAR] - [k]
2020-06-19 13:28:25 TRACE [BasicBinder.java:64] binding parameter [59] as [VARCHAR] - [GjJBYftKKLntwAoGjxAQ]
2020-06-19 13:28:25 TRACE [BasicBinder.java:64] binding parameter [60] as [VARCHAR] - [h]
2020-06-19 13:28:25 TRACE [BasicBinder.java:64] binding parameter [61] as [DATE] - [1983-08-31]
2020-06-19 13:28:25 TRACE [BasicBinder.java:64] binding parameter [62] as [VARCHAR] - [01]
2020-06-19 13:28:25 TRACE [BasicBinder.java:64] binding parameter [63] as [DOUBLE] - [8888796.998071907]
2020-06-19 13:28:25 TRACE [BasicBinder.java:64] binding parameter [64] as [DOUBLE] - [5024404.931418181]
2020-06-19 13:28:25 TRACE [BasicBinder.java:64] binding parameter [65] as [DOUBLE] - [7416197.000438044]
2020-06-19 13:28:25 TRACE [BasicBinder.java:64] binding parameter [66] as [DOUBLE] - [8327033.453651692]
2020-06-19 13:28:25 TRACE [BasicBinder.java:64] binding parameter [67] as [DOUBLE] - [2681633.145344298]
2020-06-19 13:28:25 TRACE [BasicBinder.java:64] binding parameter [68] as [VARCHAR] - [H]
2020-06-19 13:28:25 TRACE [BasicBinder.java:64] binding parameter [69] as [VARCHAR] - [HARDSURFACES]
2020-06-19 13:28:25 TRACE [BasicBinder.java:64] binding parameter [70] as [DOUBLE] - [6366163.612183957]
2020-06-19 13:28:25 TRACE [BasicBinder.java:64] binding parameter [71] as [VARCHAR] - [qL]
2020-06-19 13:28:25 TRACE [BasicBinder.java:64] binding parameter [72] as [VARCHAR] - [nSaTRBdfcIs]
2020-06-19 13:28:25 TRACE [BasicBinder.java:64] binding parameter [73] as [VARCHAR] - [tWmbZ]
2020-06-19 13:28:25 TRACE [BasicBinder.java:64] binding parameter [74] as [VARCHAR] - [rLJ]
2020-06-19 13:28:25 TRACE [BasicBinder.java:64] binding parameter [75] as [DATE] - [1978-11-19]
2020-06-19 13:28:25 TRACE [BasicBinder.java:64] binding parameter [76] as [VARCHAR] - [GIXjsvMSjDpbSVqpzpDo]
2020-06-19 13:28:25 TRACE [BasicBinder.java:64] binding parameter [77] as [VARCHAR] - [JR]
2020-06-19 13:28:25 TRACE [BasicBinder.java:64] binding parameter [78] as [VARCHAR] - [nlmtT]
2020-06-19 13:28:25 TRACE [BasicBinder.java:64] binding parameter [79] as [VARCHAR] - [LmArgBEaPv]
2020-06-19 13:28:25 TRACE [BasicBinder.java:64] binding parameter [80] as [VARCHAR] - [nYibkoGebhFUQLoLhNIY]
2020-06-19 13:28:25 TRACE [BasicBinder.java:64] binding parameter [81] as [VARCHAR] - [kISxoLlYmZkSTMUmfWmz]
2020-06-19 13:28:25 TRACE [BasicBinder.java:64] binding parameter [82] as [VARCHAR] - [Q]
2020-06-19 13:28:25 TRACE [BasicBinder.java:64] binding parameter [83] as [TIMESTAMP] - [1970-01-01T00:46:52]
2020-06-19 13:28:25 TRACE [BasicBinder.java:64] binding parameter [84] as [VARCHAR] - [bPyzhyrZeHVyuNKysTqc]
2020-06-19 13:28:25 TRACE [BasicBinder.java:64] binding parameter [85] as [VARCHAR] - [d]
2020-06-19 13:28:25 TRACE [BasicBinder.java:64] binding parameter [86] as [VARCHAR] - [DJcuCBYXHserZLNTYMIO]
2020-06-19 13:28:25 TRACE [BasicBinder.java:64] binding parameter [87] as [DATE] - [1977-02-15]
2020-06-19 13:28:25 TRACE [BasicBinder.java:64] binding parameter [88] as [VARCHAR] - [ANuDHjeqmFOpwGMwTnYl]
2020-06-19 13:28:25 TRACE [BasicBinder.java:64] binding parameter [89] as [VARCHAR] - [TP]
2020-06-19 13:28:25 TRACE [BasicBinder.java:64] binding parameter [90] as [VARCHAR] - [xo]
2020-06-19 13:28:25 TRACE [BasicBinder.java:64] binding parameter [91] as [INTEGER] - [42826]
2020-06-19 13:28:25 TRACE [BasicBinder.java:64] binding parameter [92] as [VARCHAR] - [bQWAdk]
2020-06-19 13:28:25 TRACE [BasicBinder.java:64] binding parameter [93] as [DATE] - [1987-03-03]
2020-06-19 13:28:25 TRACE [BasicBinder.java:64] binding parameter [94] as [DATE] - [1991-10-19]
2020-06-19 13:28:25 TRACE [BasicBinder.java:64] binding parameter [95] as [DATE] - [1980-06-07]
2020-06-19 13:28:25 TRACE [BasicBinder.java:64] binding parameter [96] as [VARCHAR] - [C]
2020-06-19 13:28:25 TRACE [BasicBinder.java:64] binding parameter [97] as [VARCHAR] - [RTi]
2020-06-19 13:28:25 TRACE [BasicBinder.java:64] binding parameter [98] as [DATE] - [1981-11-05]
2020-06-19 13:28:25 TRACE [BasicBinder.java:64] binding parameter [99] as [VARCHAR] - [LMudDusDcFtuBekxPCVK]
2020-06-19 13:28:25 TRACE [BasicBinder.java:64] binding parameter [100] as [VARCHAR] - [m]
2020-06-19 13:28:25 TRACE [BasicBinder.java:64] binding parameter [101] as [VARCHAR] - [YA]
2020-06-19 13:28:25 TRACE [BasicBinder.java:64] binding parameter [102] as [VARCHAR] - [xJpCDUIAZFLLVijcjdIT]
2020-06-19 13:28:25 TRACE [BasicBinder.java:64] binding parameter [103] as [VARCHAR] - [CTyYBHMCnDLCsSTqgkKq]
2020-06-19 13:28:25 TRACE [BasicBinder.java:64] binding parameter [104] as [VARCHAR] - [CGBnlddJZDiJIXMyxgL]
2020-06-19 13:28:25 TRACE [BasicBinder.java:64] binding parameter [105] as [VARCHAR] - [lAgsQiILHztepafpDsy]
2020-06-19 13:28:25 TRACE [BasicBinder.java:64] binding parameter [106] as [VARCHAR] - [eJsyCsLerpzhpfTaNZt]
2020-06-19 13:28:25 TRACE [BasicBinder.java:64] binding parameter [107] as [VARCHAR] - [xojdyLE]
2020-06-19 13:28:25 TRACE [BasicBinder.java:64] binding parameter [108] as [VARCHAR] - [Qg]
2020-06-19 13:28:25 TRACE [BasicBinder.java:64] binding parameter [109] as [INTEGER] - [744057]
2020-06-19 13:28:25 TRACE [BasicBinder.java:64] binding parameter [110] as [VARCHAR] - [EOjzqiRLWEbfevYzAcBh]
2020-06-19 13:28:25 TRACE [BasicBinder.java:64] binding parameter [111] as [VARCHAR] - [CKDtPFtMjEjCylS]
2020-06-19 13:28:25 TRACE [BasicBinder.java:64] binding parameter [112] as [VARCHAR] - [cokHfxzeyXXvVUkAiCt]
2020-06-19 13:28:25 TRACE [BasicBinder.java:64] binding parameter [113] as [VARCHAR] - [qF]
2020-06-19 13:28:25 TRACE [BasicBinder.java:64] binding parameter [114] as [VARCHAR] - [GQJPEzEOdC]
2020-06-19 13:28:25 TRACE [BasicBinder.java:64] binding parameter [115] as [VARCHAR] - [f]
2020-06-19 13:28:25 TRACE [BasicBinder.java:64] binding parameter [116] as [VARCHAR] - [qjUqXKZFeBJ]
2020-06-19 13:28:25 TRACE [BasicBinder.java:64] binding parameter [117] as [VARCHAR] - [GJcBJRDiekhiRfpzsMAv]
2020-06-19 13:28:25 TRACE [BasicBinder.java:64] binding parameter [118] as [VARCHAR] - [vrAwLOGuCWmJCNLLduWG]
2020-06-19 13:28:25 TRACE [BasicBinder.java:64] binding parameter [119] as [VARCHAR] - [veHjIrxhbOQeIZKzqYAn]
2020-06-19 13:28:25 TRACE [BasicBinder.java:64] binding parameter [120] as [VARCHAR] - [IFxkrYoiWgoznkIREXcU]
2020-06-19 13:28:25 TRACE [BasicBinder.java:64] binding parameter [121] as [VARCHAR] - [wzKggLxAhTfYnfQFssaA]
2020-06-19 13:28:25 TRACE [BasicBinder.java:64] binding parameter [122] as [VARCHAR] - [ZP]
2020-06-19 13:28:25 TRACE [BasicBinder.java:64] binding parameter [123] as [VARCHAR] - [c]
2020-06-19 13:28:25 TRACE [BasicBinder.java:64] binding parameter [124] as [VARCHAR] - [YCkL]
2020-06-19 13:28:25 TRACE [BasicBinder.java:64] binding parameter [125] as [VARCHAR] - [YFUqHZCuvlotqKvlmXmY]
2020-06-19 13:28:25 TRACE [BasicBinder.java:64] binding parameter [126] as [VARCHAR] - [OIx]
2020-06-19 13:28:25 TRACE [BasicBinder.java:64] binding parameter [127] as [VARCHAR] - [UP]
2020-06-19 13:28:25 TRACE [BasicBinder.java:64] binding parameter [128] as [VARCHAR] - [eazPZCclkupYYlTGVqvW]
2020-06-19 13:28:25 TRACE [BasicBinder.java:64] binding parameter [129] as [VARCHAR] - [LrtjrkkFCwXErfEOYOeb]
2020-06-19 13:28:25 TRACE [BasicBinder.java:64] binding parameter [130] as [VARCHAR] - [VfGNSqwaFHgqybbpZiFH]
2020-06-19 13:28:25 TRACE [BasicBinder.java:64] binding parameter [131] as [VARCHAR] - [t]
2020-06-19 13:28:25 TRACE [BasicBinder.java:64] binding parameter [132] as [VARCHAR] - [lGHJhTrKYIUDpoJzDbzj]
2020-06-19 13:28:25 TRACE [BasicBinder.java:64] binding parameter [133] as [VARCHAR] - [YqRqZCaoaipCdlBEpjWo]
2020-06-19 13:28:25 TRACE [BasicBinder.java:64] binding parameter [134] as [VARCHAR] - [FECBRZYMYPuDveuhaNXf]
2020-06-19 13:28:25 TRACE [BasicBinder.java:64] binding parameter [135] as [VARCHAR] - [Kl]
2020-06-19 13:28:25 TRACE [BasicBinder.java:64] binding parameter [136] as [VARCHAR] - [AMFpDrvaAFQLYudX]
2020-06-19 13:28:25 TRACE [BasicBinder.java:64] binding parameter [137] as [DOUBLE] - [1603707.3152742712]
2020-06-19 13:28:25 TRACE [BasicBinder.java:64] binding parameter [138] as [VARCHAR] - [uSOQlSBU]
2020-06-19 13:28:25 TRACE [BasicBinder.java:64] binding parameter [139] as [VARCHAR] - [wbVnWfonylznxaq]
2020-06-19 13:28:25 TRACE [BasicBinder.java:64] binding parameter [140] as [VARCHAR] - [exXeSIxFUX]
2020-06-19 13:28:25 TRACE [BasicBinder.java:64] binding parameter [141] as [BIGINT] - [2]
2020-06-19 13:28:25 DEBUG [MockBuilder.java:94] set createTimestamp -> 1970-01-01T01:15:49
2020-06-19 13:28:25 DEBUG [MockBuilder.java:94] set changeTimestamp -> 1970-01-01T00:54:22
2020-06-19 13:28:25 DEBUG [MockBuilder.java:94] set ediReasonCode -> 849087
2020-06-19 13:28:25 DEBUG [MockBuilder.java:94] set changedBy -> SYDYQLAC
2020-06-19 13:28:25 DEBUG [MockBuilder.java:94] set autoCreateFlag -> T
2020-06-19 13:28:25 DEBUG [MockBuilder.java:94] set precedence -> 1643564.8754453147
2020-06-19 13:28:25 DEBUG [MockBuilder.java:94] set level -> v
2020-06-19 13:28:25 DEBUG [MockBuilder.java:94] set description -> QCvrrXEpOtqdjGLpwjkr
2020-06-19 13:28:25 DEBUG [MockBuilder.java:94] set ediOrdValidations -> null
2020-06-19 13:28:25 DEBUG [MockBuilder.java:94] set createdBy -> qHowQjbf
2020-06-19 13:28:25 DEBUG [MockBuilder.java:94] set defaultAction -> E
Hibernate: select edireasonc0_.EDI_REASON_CODE as edi_reas1_6_1_, edireasonc0_.AUTO_CREATE_FLAG as auto_cre2_6_1_, edireasonc0_.CHANGE_TIMESTAMP as change_t3_6_1_, edireasonc0_.CHANGED_BY as changed_4_6_1_, edireasonc0_.CREATE_TIMESTAMP as create_t5_6_1_, edireasonc0_.CREATED_BY as created_6_6_1_, edireasonc0_.DEFAULT_ACTION as default_7_6_1_, edireasonc0_.description as descript8_6_1_, edireasonc0_.LEVEL as level9_6_1_, edireasonc0_.precedence as precede10_6_1_, ediordvali1_.edi_reason_code as edi_rea11_2_3_, ediordvali1_.EDI_ORDER_NBR as edi_orde1_2_3_, ediordvali1_.PO_LINE_NBR as po_line_2_2_3_, ediordvali1_.TIME_STAMP as time_sta3_2_3_, ediordvali1_.EDI_ORDER_NBR as edi_orde1_2_0_, ediordvali1_.PO_LINE_NBR as po_line_2_2_0_, ediordvali1_.TIME_STAMP as time_sta3_2_0_, ediordvali1_.ACTION_CODE as action_c4_2_0_, ediordvali1_.ASSIGNED_TO as assigned5_2_0_, ediordvali1_.CHANGED_BY as changed_6_2_0_, ediordvali1_.CHANGED_TIMESTAMP as changed_7_2_0_, ediordvali1_.CREATED_BY as created_8_2_0_, ediordvali1_.CREATED_TIMESTAMP as created_9_2_0_, ediordvali1_.edi_reason_code as edi_rea11_2_0_, ediordvali1_.status as status10_2_0_ from EDI_REASON_CODE edireasonc0_ left outer join EDI_ORD_VALIDATION ediordvali1_ on edireasonc0_.EDI_REASON_CODE=ediordvali1_.edi_reason_code where edireasonc0_.EDI_REASON_CODE=?
2020-06-19 13:28:25 TRACE [BasicBinder.java:64] binding parameter [1] as [INTEGER] - [63]
Hibernate: insert into EDI_REASON_CODE (AUTO_CREATE_FLAG, CHANGE_TIMESTAMP, CHANGED_BY, CREATE_TIMESTAMP, CREATED_BY, DEFAULT_ACTION, description, LEVEL, precedence, EDI_REASON_CODE) values (?, ?, ?, ?, ?, ?, ?, ?, ?, ?)
2020-06-19 13:28:25 TRACE [BasicBinder.java:64] binding parameter [1] as [VARCHAR] - [T]
2020-06-19 13:28:25 TRACE [BasicBinder.java:64] binding parameter [2] as [TIMESTAMP] - [1970-01-01T00:54:22]
2020-06-19 13:28:25 TRACE [BasicBinder.java:64] binding parameter [3] as [VARCHAR] - [SYDYQLAC]
2020-06-19 13:28:25 TRACE [BasicBinder.java:64] binding parameter [4] as [TIMESTAMP] - [1970-01-01T01:15:49]
2020-06-19 13:28:25 TRACE [BasicBinder.java:64] binding parameter [5] as [VARCHAR] - [qHowQjbf]
2020-06-19 13:28:25 TRACE [BasicBinder.java:64] binding parameter [6] as [VARCHAR] - [E]
2020-06-19 13:28:25 TRACE [BasicBinder.java:64] binding parameter [7] as [VARCHAR] - [QCvrrXEpOtqdjGLpwjkr]
2020-06-19 13:28:25 TRACE [BasicBinder.java:64] binding parameter [8] as [VARCHAR] - [v]
2020-06-19 13:28:25 TRACE [BasicBinder.java:64] binding parameter [9] as [DOUBLE] - [1643564.8754453147]
2020-06-19 13:28:25 TRACE [BasicBinder.java:64] binding parameter [10] as [INTEGER] - [63]
]]></system-out>
    <system-err><![CDATA[java.lang.InstantiationException
	at java.base/jdk.internal.reflect.InstantiationExceptionConstructorAccessorImpl.newInstance(InstantiationExceptionConstructorAccessorImpl.java:48)
	at java.base/java.lang.reflect.Constructor.newInstanceWithCaller(Constructor.java:500)
	at java.base/java.lang.reflect.Constructor.newInstance(Constructor.java:481)
	at com.shaw.mock.builder.MockBuilder.build(MockBuilder.java:41)
	at com.shaw.mock.builder.MockBuilder.setMockValue(MockBuilder.java:86)
	at com.shaw.mock.builder.MockBuilder.lambda$build$3(MockBuilder.java:42)
	at java.base/java.util.stream.ForEachOps$ForEachOp$OfRef.accept(ForEachOps.java:183)
	at java.base/java.util.ArrayList$ArrayListSpliterator.forEachRemaining(ArrayList.java:1624)
	at java.base/java.util.stream.AbstractPipeline.copyInto(AbstractPipeline.java:484)
	at java.base/java.util.stream.ForEachOps$ForEachTask.compute(ForEachOps.java:290)
	at java.base/java.util.concurrent.CountedCompleter.exec(CountedCompleter.java:746)
	at java.base/java.util.concurrent.ForkJoinTask.doExec(ForkJoinTask.java:290)
	at java.base/java.util.concurrent.ForkJoinPool$WorkQueue.topLevelExec(ForkJoinPool.java:1016)
	at java.base/java.util.concurrent.ForkJoinPool.scan(ForkJoinPool.java:1665)
	at java.base/java.util.concurrent.ForkJoinPool.runWorker(ForkJoinPool.java:1598)
	at java.base/java.util.concurrent.ForkJoinWorkerThread.run(ForkJoinWorkerThread.java:177)
java.lang.InstantiationException
	at java.base/jdk.internal.reflect.InstantiationExceptionConstructorAccessorImpl.newInstance(InstantiationExceptionConstructorAccessorImpl.java:48)
	at java.base/java.lang.reflect.Constructor.newInstanceWithCaller(Constructor.java:500)
	at java.base/java.lang.reflect.Constructor.newInstance(Constructor.java:481)
	at com.shaw.mock.builder.MockBuilder.build(MockBuilder.java:41)
	at com.shaw.mock.builder.MockBuilder.setMockValue(MockBuilder.java:86)
	at com.shaw.mock.builder.MockBuilder.lambda$build$3(MockBuilder.java:42)
	at java.base/java.util.stream.ForEachOps$ForEachOp$OfRef.accept(ForEachOps.java:183)
	at java.base/java.util.ArrayList$ArrayListSpliterator.forEachRemaining(ArrayList.java:1624)
	at java.base/java.util.stream.AbstractPipeline.copyInto(AbstractPipeline.java:484)
	at java.base/java.util.stream.ForEachOps$ForEachTask.compute(ForEachOps.java:290)
	at java.base/java.util.concurrent.CountedCompleter.exec(CountedCompleter.java:746)
	at java.base/java.util.concurrent.ForkJoinTask.doExec(ForkJoinTask.java:290)
	at java.base/java.util.concurrent.ForkJoinPool$WorkQueue.topLevelExec(ForkJoinPool.java:1016)
	at java.base/java.util.concurrent.ForkJoinPool.scan(ForkJoinPool.java:1665)
	at java.base/java.util.concurrent.ForkJoinPool.runWorker(ForkJoinPool.java:1598)
	at java.base/java.util.concurrent.ForkJoinWorkerThread.run(ForkJoinWorkerThread.java:177)
java.lang.InstantiationException
	at java.base/jdk.internal.reflect.InstantiationExceptionConstructorAccessorImpl.newInstance(InstantiationExceptionConstructorAccessorImpl.java:48)
	at java.base/java.lang.reflect.Constructor.newInstanceWithCaller(Constructor.java:500)
	at java.base/java.lang.reflect.Constructor.newInstance(Constructor.java:481)
	at com.shaw.mock.builder.MockBuilder.build(MockBuilder.java:41)
	at com.shaw.mock.builder.MockBuilder.setMockValue(MockBuilder.java:86)
	at com.shaw.mock.builder.MockBuilder.lambda$build$3(MockBuilder.java:42)
	at java.base/java.util.stream.ForEachOps$ForEachOp$OfRef.accept(ForEachOps.java:183)
	at java.base/java.util.ArrayList$ArrayListSpliterator.forEachRemaining(ArrayList.java:1624)
	at java.base/java.util.stream.AbstractPipeline.copyInto(AbstractPipeline.java:484)
	at java.base/java.util.stream.ForEachOps$ForEachTask.compute(ForEachOps.java:290)
	at java.base/java.util.concurrent.CountedCompleter.exec(CountedCompleter.java:746)
	at java.base/java.util.concurrent.ForkJoinTask.doExec(ForkJoinTask.java:290)
	at java.base/java.util.concurrent.ForkJoinPool.awaitJoin(ForkJoinPool.java:1717)
	at java.base/java.util.concurrent.ForkJoinTask.doInvoke(ForkJoinTask.java:411)
	at java.base/java.util.concurrent.ForkJoinTask.invoke(ForkJoinTask.java:736)
	at java.base/java.util.stream.ForEachOps$ForEachOp.evaluateParallel(ForEachOps.java:159)
	at java.base/java.util.stream.ForEachOps$ForEachOp$OfRef.evaluateParallel(ForEachOps.java:173)
	at java.base/java.util.stream.AbstractPipeline.evaluate(AbstractPipeline.java:233)
	at java.base/java.util.stream.ReferencePipeline.forEach(ReferencePipeline.java:497)
	at java.base/java.util.stream.ReferencePipeline$Head.forEach(ReferencePipeline.java:661)
	at com.shaw.mock.builder.MockBuilder.build(MockBuilder.java:42)
	at com.shaw.mock.builder.MockBuilder.setMockValue(MockBuilder.java:86)
	at com.shaw.mock.builder.MockBuilder.lambda$build$3(MockBuilder.java:42)
	at java.base/java.util.stream.ForEachOps$ForEachOp$OfRef.accept(ForEachOps.java:183)
	at java.base/java.util.ArrayList$ArrayListSpliterator.forEachRemaining(ArrayList.java:1624)
	at java.base/java.util.stream.AbstractPipeline.copyInto(AbstractPipeline.java:484)
	at java.base/java.util.stream.ForEachOps$ForEachTask.compute(ForEachOps.java:290)
	at java.base/java.util.concurrent.CountedCompleter.exec(CountedCompleter.java:746)
	at java.base/java.util.concurrent.ForkJoinTask.doExec(ForkJoinTask.java:290)
	at java.base/java.util.concurrent.ForkJoinPool$WorkQueue.topLevelExec(ForkJoinPool.java:1016)
	at java.base/java.util.concurrent.ForkJoinPool.scan(ForkJoinPool.java:1665)
	at java.base/java.util.concurrent.ForkJoinPool.runWorker(ForkJoinPool.java:1598)
	at java.base/java.util.concurrent.ForkJoinWorkerThread.run(ForkJoinWorkerThread.java:177)
java.lang.InstantiationException
	at java.base/jdk.internal.reflect.InstantiationExceptionConstructorAccessorImpl.newInstance(InstantiationExceptionConstructorAccessorImpl.java:48)
	at java.base/java.lang.reflect.Constructor.newInstanceWithCaller(Constructor.java:500)
	at java.base/java.lang.reflect.Constructor.newInstance(Constructor.java:481)
	at com.shaw.mock.builder.MockBuilder.build(MockBuilder.java:41)
	at com.shaw.mock.builder.MockBuilder.setMockValue(MockBuilder.java:86)
	at com.shaw.mock.builder.MockBuilder.lambda$build$3(MockBuilder.java:42)
	at java.base/java.util.stream.ForEachOps$ForEachOp$OfRef.accept(ForEachOps.java:183)
	at java.base/java.util.ArrayList$ArrayListSpliterator.forEachRemaining(ArrayList.java:1624)
	at java.base/java.util.stream.AbstractPipeline.copyInto(AbstractPipeline.java:484)
	at java.base/java.util.stream.ForEachOps$ForEachTask.compute(ForEachOps.java:290)
	at java.base/java.util.concurrent.CountedCompleter.exec(CountedCompleter.java:746)
	at java.base/java.util.concurrent.ForkJoinTask.doExec(ForkJoinTask.java:290)
	at java.base/java.util.concurrent.ForkJoinPool$WorkQueue.topLevelExec(ForkJoinPool.java:1016)
	at java.base/java.util.concurrent.ForkJoinPool.scan(ForkJoinPool.java:1665)
	at java.base/java.util.concurrent.ForkJoinPool.runWorker(ForkJoinPool.java:1598)
	at java.base/java.util.concurrent.ForkJoinWorkerThread.run(ForkJoinWorkerThread.java:177)
java.lang.InstantiationException
	at java.base/jdk.internal.reflect.InstantiationExceptionConstructorAccessorImpl.newInstance(InstantiationExceptionConstructorAccessorImpl.java:48)
	at java.base/java.lang.reflect.Constructor.newInstanceWithCaller(Constructor.java:500)
	at java.base/java.lang.reflect.Constructor.newInstance(Constructor.java:481)
	at com.shaw.mock.builder.MockBuilder.build(MockBuilder.java:41)
	at com.shaw.mock.builder.MockBuilder.setMockValue(MockBuilder.java:86)
	at com.shaw.mock.builder.MockBuilder.lambda$build$3(MockBuilder.java:42)
	at java.base/java.util.stream.ForEachOps$ForEachOp$OfRef.accept(ForEachOps.java:183)
	at java.base/java.util.ArrayList$ArrayListSpliterator.forEachRemaining(ArrayList.java:1624)
	at java.base/java.util.stream.AbstractPipeline.copyInto(AbstractPipeline.java:484)
	at java.base/java.util.stream.ForEachOps$ForEachTask.compute(ForEachOps.java:290)
	at java.base/java.util.concurrent.CountedCompleter.exec(CountedCompleter.java:746)
	at java.base/java.util.concurrent.ForkJoinTask.doExec(ForkJoinTask.java:290)
	at java.base/java.util.concurrent.ForkJoinPool$WorkQueue.topLevelExec(ForkJoinPool.java:1016)
	at java.base/java.util.concurrent.ForkJoinPool.scan(ForkJoinPool.java:1665)
	at java.base/java.util.concurrent.ForkJoinPool.runWorker(ForkJoinPool.java:1598)
	at java.base/java.util.concurrent.ForkJoinWorkerThread.run(ForkJoinWorkerThread.java:177)
java.lang.InstantiationException
	at java.base/jdk.internal.reflect.InstantiationExceptionConstructorAccessorImpl.newInstance(InstantiationExceptionConstructorAccessorImpl.java:48)
	at java.base/java.lang.reflect.Constructor.newInstanceWithCaller(Constructor.java:500)
	at java.base/java.lang.reflect.Constructor.newInstance(Constructor.java:481)
	at com.shaw.mock.builder.MockBuilder.build(MockBuilder.java:41)
	at com.shaw.mock.builder.MockBuilder.setMockValue(MockBuilder.java:86)
	at com.shaw.mock.builder.MockBuilder.lambda$build$3(MockBuilder.java:42)
	at java.base/java.util.stream.ForEachOps$ForEachOp$OfRef.accept(ForEachOps.java:183)
	at java.base/java.util.ArrayList$ArrayListSpliterator.forEachRemaining(ArrayList.java:1624)
	at java.base/java.util.stream.AbstractPipeline.copyInto(AbstractPipeline.java:484)
	at java.base/java.util.stream.ForEachOps$ForEachTask.compute(ForEachOps.java:290)
	at java.base/java.util.concurrent.CountedCompleter.exec(CountedCompleter.java:746)
	at java.base/java.util.concurrent.ForkJoinTask.doExec(ForkJoinTask.java:290)
	at java.base/java.util.concurrent.ForkJoinPool.awaitJoin(ForkJoinPool.java:1717)
	at java.base/java.util.concurrent.ForkJoinTask.doInvoke(ForkJoinTask.java:411)
	at java.base/java.util.concurrent.ForkJoinTask.invoke(ForkJoinTask.java:736)
	at java.base/java.util.stream.ForEachOps$ForEachOp.evaluateParallel(ForEachOps.java:159)
	at java.base/java.util.stream.ForEachOps$ForEachOp$OfRef.evaluateParallel(ForEachOps.java:173)
	at java.base/java.util.stream.AbstractPipeline.evaluate(AbstractPipeline.java:233)
	at java.base/java.util.stream.ReferencePipeline.forEach(ReferencePipeline.java:497)
	at java.base/java.util.stream.ReferencePipeline$Head.forEach(ReferencePipeline.java:661)
	at com.shaw.mock.builder.MockBuilder.build(MockBuilder.java:42)
	at com.shaw.mock.builder.MockBuilder.setMockValue(MockBuilder.java:86)
	at com.shaw.mock.builder.MockBuilder.lambda$build$3(MockBuilder.java:42)
	at java.base/java.util.stream.ForEachOps$ForEachOp$OfRef.accept(ForEachOps.java:183)
	at java.base/java.util.ArrayList$ArrayListSpliterator.forEachRemaining(ArrayList.java:1624)
	at java.base/java.util.stream.AbstractPipeline.copyInto(AbstractPipeline.java:484)
	at java.base/java.util.stream.ForEachOps$ForEachTask.compute(ForEachOps.java:290)
	at java.base/java.util.concurrent.CountedCompleter.exec(CountedCompleter.java:746)
	at java.base/java.util.concurrent.ForkJoinTask.doExec(ForkJoinTask.java:290)
	at java.base/java.util.concurrent.ForkJoinPool$WorkQueue.topLevelExec(ForkJoinPool.java:1016)
	at java.base/java.util.concurrent.ForkJoinPool.scan(ForkJoinPool.java:1665)
	at java.base/java.util.concurrent.ForkJoinPool.runWorker(ForkJoinPool.java:1598)
	at java.base/java.util.concurrent.ForkJoinWorkerThread.run(ForkJoinWorkerThread.java:177)
java.lang.InstantiationException
	at java.base/jdk.internal.reflect.InstantiationExceptionConstructorAccessorImpl.newInstance(InstantiationExceptionConstructorAccessorImpl.java:48)
	at java.base/java.lang.reflect.Constructor.newInstanceWithCaller(Constructor.java:500)
	at java.base/java.lang.reflect.Constructor.newInstance(Constructor.java:481)
	at com.shaw.mock.builder.MockBuilder.build(MockBuilder.java:41)
	at com.shaw.mock.builder.MockBuilder.setMockValue(MockBuilder.java:86)
	at com.shaw.mock.builder.MockBuilder.lambda$build$3(MockBuilder.java:42)
	at java.base/java.util.stream.ForEachOps$ForEachOp$OfRef.accept(ForEachOps.java:183)
	at java.base/java.util.ArrayList$ArrayListSpliterator.forEachRemaining(ArrayList.java:1624)
	at java.base/java.util.stream.AbstractPipeline.copyInto(AbstractPipeline.java:484)
	at java.base/java.util.stream.ForEachOps$ForEachTask.compute(ForEachOps.java:290)
	at java.base/java.util.concurrent.CountedCompleter.exec(CountedCompleter.java:746)
	at java.base/java.util.concurrent.ForkJoinTask.doExec(ForkJoinTask.java:290)
	at java.base/java.util.concurrent.ForkJoinPool$WorkQueue.topLevelExec(ForkJoinPool.java:1016)
	at java.base/java.util.concurrent.ForkJoinPool.scan(ForkJoinPool.java:1665)
	at java.base/java.util.concurrent.ForkJoinPool.runWorker(ForkJoinPool.java:1598)
	at java.base/java.util.concurrent.ForkJoinWorkerThread.run(ForkJoinWorkerThread.java:177)
java.lang.InstantiationException
	at java.base/jdk.internal.reflect.InstantiationExceptionConstructorAccessorImpl.newInstance(InstantiationExceptionConstructorAccessorImpl.java:48)
	at java.base/java.lang.reflect.Constructor.newInstanceWithCaller(Constructor.java:500)
	at java.base/java.lang.reflect.Constructor.newInstance(Constructor.java:481)
	at com.shaw.mock.builder.MockBuilder.build(MockBuilder.java:41)
	at com.shaw.mock.builder.MockBuilder.setMockValue(MockBuilder.java:86)
	at com.shaw.mock.builder.MockBuilder.lambda$build$3(MockBuilder.java:42)
	at java.base/java.util.stream.ForEachOps$ForEachOp$OfRef.accept(ForEachOps.java:183)
	at java.base/java.util.ArrayList$ArrayListSpliterator.forEachRemaining(ArrayList.java:1624)
	at java.base/java.util.stream.AbstractPipeline.copyInto(AbstractPipeline.java:484)
	at java.base/java.util.stream.ForEachOps$ForEachTask.compute(ForEachOps.java:290)
	at java.base/java.util.concurrent.CountedCompleter.exec(CountedCompleter.java:746)
	at java.base/java.util.concurrent.ForkJoinTask.doExec(ForkJoinTask.java:290)
	at java.base/java.util.concurrent.ForkJoinPool$WorkQueue.helpCC(ForkJoinPool.java:1116)
	at java.base/java.util.concurrent.ForkJoinPool.awaitJoin(ForkJoinPool.java:1696)
	at java.base/java.util.concurrent.ForkJoinTask.doInvoke(ForkJoinTask.java:411)
	at java.base/java.util.concurrent.ForkJoinTask.invoke(ForkJoinTask.java:736)
	at java.base/java.util.stream.ForEachOps$ForEachOp.evaluateParallel(ForEachOps.java:159)
	at java.base/java.util.stream.ForEachOps$ForEachOp$OfRef.evaluateParallel(ForEachOps.java:173)
	at java.base/java.util.stream.AbstractPipeline.evaluate(AbstractPipeline.java:233)
	at java.base/java.util.stream.ReferencePipeline.forEach(ReferencePipeline.java:497)
	at java.base/java.util.stream.ReferencePipeline$Head.forEach(ReferencePipeline.java:661)
	at com.shaw.mock.builder.MockBuilder.build(MockBuilder.java:42)
	at com.shaw.mock.builder.MockBuilder.setMockValue(MockBuilder.java:86)
	at com.shaw.mock.builder.MockBuilder.lambda$build$3(MockBuilder.java:42)
	at java.base/java.util.stream.ForEachOps$ForEachOp$OfRef.accept(ForEachOps.java:183)
	at java.base/java.util.ArrayList$ArrayListSpliterator.forEachRemaining(ArrayList.java:1624)
	at java.base/java.util.stream.AbstractPipeline.copyInto(AbstractPipeline.java:484)
	at java.base/java.util.stream.ForEachOps$ForEachTask.compute(ForEachOps.java:290)
	at java.base/java.util.concurrent.CountedCompleter.exec(CountedCompleter.java:746)
	at java.base/java.util.concurrent.ForkJoinTask.doExec(ForkJoinTask.java:290)
	at java.base/java.util.concurrent.ForkJoinPool$WorkQueue.topLevelExec(ForkJoinPool.java:1016)
	at java.base/java.util.concurrent.ForkJoinPool.scan(ForkJoinPool.java:1665)
	at java.base/java.util.concurrent.ForkJoinPool.runWorker(ForkJoinPool.java:1598)
	at java.base/java.util.concurrent.ForkJoinWorkerThread.run(ForkJoinWorkerThread.java:177)
java.lang.InstantiationException
	at java.base/jdk.internal.reflect.InstantiationExceptionConstructorAccessorImpl.newInstance(InstantiationExceptionConstructorAccessorImpl.java:48)
	at java.base/java.lang.reflect.Constructor.newInstanceWithCaller(Constructor.java:500)
	at java.base/java.lang.reflect.Constructor.newInstance(Constructor.java:481)
	at com.shaw.mock.builder.MockBuilder.build(MockBuilder.java:41)
	at com.shaw.mock.builder.MockBuilder.setMockValue(MockBuilder.java:86)
	at com.shaw.mock.builder.MockBuilder.lambda$build$3(MockBuilder.java:42)
	at java.base/java.util.stream.ForEachOps$ForEachOp$OfRef.accept(ForEachOps.java:183)
	at java.base/java.util.ArrayList$ArrayListSpliterator.forEachRemaining(ArrayList.java:1624)
	at java.base/java.util.stream.AbstractPipeline.copyInto(AbstractPipeline.java:484)
	at java.base/java.util.stream.ForEachOps$ForEachTask.compute(ForEachOps.java:290)
	at java.base/java.util.concurrent.CountedCompleter.exec(CountedCompleter.java:746)
	at java.base/java.util.concurrent.ForkJoinTask.doExec(ForkJoinTask.java:290)
	at java.base/java.util.concurrent.ForkJoinPool$WorkQueue.topLevelExec(ForkJoinPool.java:1016)
	at java.base/java.util.concurrent.ForkJoinPool.scan(ForkJoinPool.java:1665)
	at java.base/java.util.concurrent.ForkJoinPool.runWorker(ForkJoinPool.java:1598)
	at java.base/java.util.concurrent.ForkJoinWorkerThread.run(ForkJoinWorkerThread.java:177)
java.lang.InstantiationException
	at java.base/jdk.internal.reflect.InstantiationExceptionConstructorAccessorImpl.newInstance(InstantiationExceptionConstructorAccessorImpl.java:48)
	at java.base/java.lang.reflect.Constructor.newInstanceWithCaller(Constructor.java:500)
	at java.base/java.lang.reflect.Constructor.newInstance(Constructor.java:481)
	at com.shaw.mock.builder.MockBuilder.build(MockBuilder.java:41)
	at com.shaw.mock.builder.MockBuilder.setMockValue(MockBuilder.java:86)
	at com.shaw.mock.builder.MockBuilder.lambda$build$3(MockBuilder.java:42)
	at java.base/java.util.stream.ForEachOps$ForEachOp$OfRef.accept(ForEachOps.java:183)
	at java.base/java.util.ArrayList$ArrayListSpliterator.forEachRemaining(ArrayList.java:1624)
	at java.base/java.util.stream.AbstractPipeline.copyInto(AbstractPipeline.java:484)
	at java.base/java.util.stream.ForEachOps$ForEachTask.compute(ForEachOps.java:290)
	at java.base/java.util.concurrent.CountedCompleter.exec(CountedCompleter.java:746)
	at java.base/java.util.concurrent.ForkJoinTask.doExec(ForkJoinTask.java:290)
	at java.base/java.util.concurrent.ForkJoinPool$WorkQueue.topLevelExec(ForkJoinPool.java:1016)
	at java.base/java.util.concurrent.ForkJoinPool.scan(ForkJoinPool.java:1665)
	at java.base/java.util.concurrent.ForkJoinPool.runWorker(ForkJoinPool.java:1598)
	at java.base/java.util.concurrent.ForkJoinWorkerThread.run(ForkJoinWorkerThread.java:177)
java.lang.InstantiationException
	at java.base/jdk.internal.reflect.InstantiationExceptionConstructorAccessorImpl.newInstance(InstantiationExceptionConstructorAccessorImpl.java:48)
	at java.base/java.lang.reflect.Constructor.newInstanceWithCaller(Constructor.java:500)
	at java.base/java.lang.reflect.Constructor.newInstance(Constructor.java:481)
	at com.shaw.mock.builder.MockBuilder.build(MockBuilder.java:41)
	at com.shaw.mock.builder.MockBuilder.setMockValue(MockBuilder.java:86)
	at com.shaw.mock.builder.MockBuilder.lambda$build$3(MockBuilder.java:42)
	at java.base/java.util.stream.ForEachOps$ForEachOp$OfRef.accept(ForEachOps.java:183)
	at java.base/java.util.ArrayList$ArrayListSpliterator.forEachRemaining(ArrayList.java:1624)
	at java.base/java.util.stream.AbstractPipeline.copyInto(AbstractPipeline.java:484)
	at java.base/java.util.stream.ForEachOps$ForEachTask.compute(ForEachOps.java:290)
	at java.base/java.util.concurrent.CountedCompleter.exec(CountedCompleter.java:746)
	at java.base/java.util.concurrent.ForkJoinTask.doExec(ForkJoinTask.java:290)
	at java.base/java.util.concurrent.ForkJoinPool$WorkQueue.helpCC(ForkJoinPool.java:1116)
	at java.base/java.util.concurrent.ForkJoinPool.awaitJoin(ForkJoinPool.java:1696)
	at java.base/java.util.concurrent.ForkJoinTask.doInvoke(ForkJoinTask.java:411)
	at java.base/java.util.concurrent.ForkJoinTask.invoke(ForkJoinTask.java:736)
	at java.base/java.util.stream.ForEachOps$ForEachOp.evaluateParallel(ForEachOps.java:159)
	at java.base/java.util.stream.ForEachOps$ForEachOp$OfRef.evaluateParallel(ForEachOps.java:173)
	at java.base/java.util.stream.AbstractPipeline.evaluate(AbstractPipeline.java:233)
	at java.base/java.util.stream.ReferencePipeline.forEach(ReferencePipeline.java:497)
	at java.base/java.util.stream.ReferencePipeline$Head.forEach(ReferencePipeline.java:661)
	at com.shaw.mock.builder.MockBuilder.build(MockBuilder.java:42)
	at com.shaw.mock.builder.MockBuilder.setMockValue(MockBuilder.java:86)
	at com.shaw.mock.builder.MockBuilder.lambda$build$3(MockBuilder.java:42)
	at java.base/java.util.stream.ForEachOps$ForEachOp$OfRef.accept(ForEachOps.java:183)
	at java.base/java.util.ArrayList$ArrayListSpliterator.forEachRemaining(ArrayList.java:1624)
	at java.base/java.util.stream.AbstractPipeline.copyInto(AbstractPipeline.java:484)
	at java.base/java.util.stream.ForEachOps$ForEachTask.compute(ForEachOps.java:290)
	at java.base/java.util.concurrent.CountedCompleter.exec(CountedCompleter.java:746)
	at java.base/java.util.concurrent.ForkJoinTask.doExec(ForkJoinTask.java:290)
	at java.base/java.util.concurrent.ForkJoinPool$WorkQueue.topLevelExec(ForkJoinPool.java:1016)
	at java.base/java.util.concurrent.ForkJoinPool.scan(ForkJoinPool.java:1665)
	at java.base/java.util.concurrent.ForkJoinPool.runWorker(ForkJoinPool.java:1598)
	at java.base/java.util.concurrent.ForkJoinWorkerThread.run(ForkJoinWorkerThread.java:177)
java.lang.InstantiationException
	at java.base/jdk.internal.reflect.InstantiationExceptionConstructorAccessorImpl.newInstance(InstantiationExceptionConstructorAccessorImpl.java:48)
	at java.base/java.lang.reflect.Constructor.newInstanceWithCaller(Constructor.java:500)
	at java.base/java.lang.reflect.Constructor.newInstance(Constructor.java:481)
	at com.shaw.mock.builder.MockBuilder.build(MockBuilder.java:41)
	at com.shaw.mock.builder.MockBuilder.setMockValue(MockBuilder.java:86)
	at com.shaw.mock.builder.MockBuilder.lambda$build$3(MockBuilder.java:42)
	at java.base/java.util.stream.ForEachOps$ForEachOp$OfRef.accept(ForEachOps.java:183)
	at java.base/java.util.ArrayList$ArrayListSpliterator.forEachRemaining(ArrayList.java:1624)
	at java.base/java.util.stream.AbstractPipeline.copyInto(AbstractPipeline.java:484)
	at java.base/java.util.stream.ForEachOps$ForEachTask.compute(ForEachOps.java:290)
	at java.base/java.util.concurrent.CountedCompleter.exec(CountedCompleter.java:746)
	at java.base/java.util.concurrent.ForkJoinTask.doExec(ForkJoinTask.java:290)
	at java.base/java.util.concurrent.ForkJoinPool$WorkQueue.topLevelExec(ForkJoinPool.java:1016)
	at java.base/java.util.concurrent.ForkJoinPool.scan(ForkJoinPool.java:1665)
	at java.base/java.util.concurrent.ForkJoinPool.runWorker(ForkJoinPool.java:1598)
	at java.base/java.util.concurrent.ForkJoinWorkerThread.run(ForkJoinWorkerThread.java:177)
java.lang.InstantiationException
	at java.base/jdk.internal.reflect.InstantiationExceptionConstructorAccessorImpl.newInstance(InstantiationExceptionConstructorAccessorImpl.java:48)
	at java.base/java.lang.reflect.Constructor.newInstanceWithCaller(Constructor.java:500)
	at java.base/java.lang.reflect.Constructor.newInstance(Constructor.java:481)
	at com.shaw.mock.builder.MockBuilder.build(MockBuilder.java:41)
	at com.shaw.mock.builder.MockBuilder.setMockValue(MockBuilder.java:86)
	at com.shaw.mock.builder.MockBuilder.lambda$build$3(MockBuilder.java:42)
	at java.base/java.util.stream.ForEachOps$ForEachOp$OfRef.accept(ForEachOps.java:183)
	at java.base/java.util.ArrayList$ArrayListSpliterator.forEachRemaining(ArrayList.java:1624)
	at java.base/java.util.stream.AbstractPipeline.copyInto(AbstractPipeline.java:484)
	at java.base/java.util.stream.ForEachOps$ForEachTask.compute(ForEachOps.java:290)
	at java.base/java.util.concurrent.CountedCompleter.exec(CountedCompleter.java:746)
	at java.base/java.util.concurrent.ForkJoinTask.doExec(ForkJoinTask.java:290)
	at java.base/java.util.concurrent.ForkJoinPool$WorkQueue.topLevelExec(ForkJoinPool.java:1016)
	at java.base/java.util.concurrent.ForkJoinPool.scan(ForkJoinPool.java:1665)
	at java.base/java.util.concurrent.ForkJoinPool.runWorker(ForkJoinPool.java:1598)
	at java.base/java.util.concurrent.ForkJoinWorkerThread.run(ForkJoinWorkerThread.java:177)
java.lang.InstantiationException
	at java.base/jdk.internal.reflect.InstantiationExceptionConstructorAccessorImpl.newInstance(InstantiationExceptionConstructorAccessorImpl.java:48)
	at java.base/java.lang.reflect.Constructor.newInstanceWithCaller(Constructor.java:500)
	at java.base/java.lang.reflect.Constructor.newInstance(Constructor.java:481)
	at com.shaw.mock.builder.MockBuilder.build(MockBuilder.java:41)
	at com.shaw.mock.builder.MockBuilder.setMockValue(MockBuilder.java:86)
	at com.shaw.mock.builder.MockBuilder.lambda$build$3(MockBuilder.java:42)
	at java.base/java.util.stream.ForEachOps$ForEachOp$OfRef.accept(ForEachOps.java:183)
	at java.base/java.util.ArrayList$ArrayListSpliterator.forEachRemaining(ArrayList.java:1624)
	at java.base/java.util.stream.AbstractPipeline.copyInto(AbstractPipeline.java:484)
	at java.base/java.util.stream.ForEachOps$ForEachTask.compute(ForEachOps.java:290)
	at java.base/java.util.concurrent.CountedCompleter.exec(CountedCompleter.java:746)
	at java.base/java.util.concurrent.ForkJoinTask.doExec(ForkJoinTask.java:290)
	at java.base/java.util.concurrent.ForkJoinPool$WorkQueue.helpCC(ForkJoinPool.java:1116)
	at java.base/java.util.concurrent.ForkJoinPool.externalHelpComplete(ForkJoinPool.java:1966)
	at java.base/java.util.concurrent.ForkJoinTask.tryExternalHelp(ForkJoinTask.java:378)
	at java.base/java.util.concurrent.ForkJoinTask.externalAwaitDone(ForkJoinTask.java:323)
	at java.base/java.util.concurrent.ForkJoinTask.doInvoke(ForkJoinTask.java:412)
	at java.base/java.util.concurrent.ForkJoinTask.invoke(ForkJoinTask.java:736)
	at java.base/java.util.stream.ForEachOps$ForEachOp.evaluateParallel(ForEachOps.java:159)
	at java.base/java.util.stream.ForEachOps$ForEachOp$OfRef.evaluateParallel(ForEachOps.java:173)
	at java.base/java.util.stream.AbstractPipeline.evaluate(AbstractPipeline.java:233)
	at java.base/java.util.stream.ReferencePipeline.forEach(ReferencePipeline.java:497)
	at java.base/java.util.stream.ReferencePipeline$Head.forEach(ReferencePipeline.java:661)
	at com.shaw.mock.builder.MockBuilder.build(MockBuilder.java:42)
	at com.shaw.ediorderservices.helper.MockTest.<clinit>(MockTest.java:66)
	at java.base/jdk.internal.reflect.NativeConstructorAccessorImpl.newInstance0(Native Method)
	at java.base/jdk.internal.reflect.NativeConstructorAccessorImpl.newInstance(NativeConstructorAccessorImpl.java:62)
	at java.base/jdk.internal.reflect.DelegatingConstructorAccessorImpl.newInstance(DelegatingConstructorAccessorImpl.java:45)
	at java.base/java.lang.reflect.Constructor.newInstanceWithCaller(Constructor.java:500)
	at java.base/java.lang.reflect.Constructor.newInstance(Constructor.java:481)
	at org.junit.platform.commons.util.ReflectionUtils.newInstance(ReflectionUtils.java:500)
	at org.junit.jupiter.engine.execution.ConstructorInvocation.proceed(ConstructorInvocation.java:56)
	at org.junit.jupiter.engine.execution.InvocationInterceptorChain$ValidatingInvocation.proceed(InvocationInterceptorChain.java:125)
	at org.junit.jupiter.api.extension.InvocationInterceptor.interceptTestClassConstructor(InvocationInterceptor.java:69)
	at org.junit.jupiter.engine.execution.ExecutableInvoker.lambda$invoke$0(ExecutableInvoker.java:105)
	at org.junit.jupiter.engine.execution.InvocationInterceptorChain$InterceptedInvocation.proceed(InvocationInterceptorChain.java:104)
	at org.junit.jupiter.engine.execution.InvocationInterceptorChain.proceed(InvocationInterceptorChain.java:62)
	at org.junit.jupiter.engine.execution.InvocationInterceptorChain.chainAndInvoke(InvocationInterceptorChain.java:43)
	at org.junit.jupiter.engine.execution.InvocationInterceptorChain.invoke(InvocationInterceptorChain.java:35)
	at org.junit.jupiter.engine.execution.ExecutableInvoker.invoke(ExecutableInvoker.java:104)
	at org.junit.jupiter.engine.execution.ExecutableInvoker.invoke(ExecutableInvoker.java:77)
	at org.junit.jupiter.engine.descriptor.ClassBasedTestDescriptor.invokeTestClassConstructor(ClassBasedTestDescriptor.java:329)
	at org.junit.jupiter.engine.descriptor.ClassBasedTestDescriptor.instantiateTestClass(ClassBasedTestDescriptor.java:276)
	at org.junit.jupiter.engine.descriptor.ClassTestDescriptor.instantiateTestClass(ClassTestDescriptor.java:77)
	at org.junit.jupiter.engine.descriptor.ClassBasedTestDescriptor.instantiateAndPostProcessTestInstance(ClassBasedTestDescriptor.java:258)
	at org.junit.jupiter.engine.descriptor.ClassBasedTestDescriptor.lambda$testInstancesProvider$2(ClassBasedTestDescriptor.java:252)
	at java.base/java.util.Optional.orElseGet(Optional.java:362)
	at org.junit.jupiter.engine.descriptor.ClassBasedTestDescriptor.lambda$testInstancesProvider$3(ClassBasedTestDescriptor.java:251)
	at org.junit.jupiter.engine.execution.TestInstancesProvider.getTestInstances(TestInstancesProvider.java:29)
	at org.junit.jupiter.engine.descriptor.ClassBasedTestDescriptor.lambda$before$0(ClassBasedTestDescriptor.java:184)
	at org.junit.platform.engine.support.hierarchical.ThrowableCollector.execute(ThrowableCollector.java:73)
	at org.junit.jupiter.engine.descriptor.ClassBasedTestDescriptor.before(ClassBasedTestDescriptor.java:183)
	at org.junit.jupiter.engine.descriptor.ClassBasedTestDescriptor.before(ClassBasedTestDescriptor.java:77)
	at org.junit.platform.engine.support.hierarchical.NodeTestTask.lambda$executeRecursively$5(NodeTestTask.java:132)
	at org.junit.platform.engine.support.hierarchical.ThrowableCollector.execute(ThrowableCollector.java:73)
	at org.junit.platform.engine.support.hierarchical.NodeTestTask.lambda$executeRecursively$7(NodeTestTask.java:125)
	at org.junit.platform.engine.support.hierarchical.Node.around(Node.java:135)
	at org.junit.platform.engine.support.hierarchical.NodeTestTask.lambda$executeRecursively$8(NodeTestTask.java:123)
	at org.junit.platform.engine.support.hierarchical.ThrowableCollector.execute(ThrowableCollector.java:73)
	at org.junit.platform.engine.support.hierarchical.NodeTestTask.executeRecursively(NodeTestTask.java:122)
	at org.junit.platform.engine.support.hierarchical.NodeTestTask.execute(NodeTestTask.java:80)
	at java.base/java.util.ArrayList.forEach(ArrayList.java:1510)
	at org.junit.platform.engine.support.hierarchical.SameThreadHierarchicalTestExecutorService.invokeAll(SameThreadHierarchicalTestExecutorService.java:38)
	at org.junit.platform.engine.support.hierarchical.NodeTestTask.lambda$executeRecursively$5(NodeTestTask.java:139)
	at org.junit.platform.engine.support.hierarchical.ThrowableCollector.execute(ThrowableCollector.java:73)
	at org.junit.platform.engine.support.hierarchical.NodeTestTask.lambda$executeRecursively$7(NodeTestTask.java:125)
	at org.junit.platform.engine.support.hierarchical.Node.around(Node.java:135)
	at org.junit.platform.engine.support.hierarchical.NodeTestTask.lambda$executeRecursively$8(NodeTestTask.java:123)
	at org.junit.platform.engine.support.hierarchical.ThrowableCollector.execute(ThrowableCollector.java:73)
	at org.junit.platform.engine.support.hierarchical.NodeTestTask.executeRecursively(NodeTestTask.java:122)
	at org.junit.platform.engine.support.hierarchical.NodeTestTask.execute(NodeTestTask.java:80)
	at org.junit.platform.engine.support.hierarchical.SameThreadHierarchicalTestExecutorService.submit(SameThreadHierarchicalTestExecutorService.java:32)
	at org.junit.platform.engine.support.hierarchical.HierarchicalTestExecutor.execute(HierarchicalTestExecutor.java:57)
	at org.junit.platform.engine.support.hierarchical.HierarchicalTestEngine.execute(HierarchicalTestEngine.java:51)
	at org.junit.platform.launcher.core.DefaultLauncher.execute(DefaultLauncher.java:220)
	at org.junit.platform.launcher.core.DefaultLauncher.lambda$execute$6(DefaultLauncher.java:188)
	at org.junit.platform.launcher.core.DefaultLauncher.withInterceptedStreams(DefaultLauncher.java:202)
	at org.junit.platform.launcher.core.DefaultLauncher.execute(DefaultLauncher.java:181)
	at org.junit.platform.launcher.core.DefaultLauncher.execute(DefaultLauncher.java:128)
	at org.apache.maven.surefire.junitplatform.JUnitPlatformProvider.invokeAllTests(JUnitPlatformProvider.java:150)
	at org.apache.maven.surefire.junitplatform.JUnitPlatformProvider.invoke(JUnitPlatformProvider.java:124)
	at org.apache.maven.surefire.booter.ForkedBooter.invokeProviderInSameClassLoader(ForkedBooter.java:384)
	at org.apache.maven.surefire.booter.ForkedBooter.runSuitesInProcess(ForkedBooter.java:345)
	at org.apache.maven.surefire.booter.ForkedBooter.execute(ForkedBooter.java:126)
	at org.apache.maven.surefire.booter.ForkedBooter.main(ForkedBooter.java:418)
]]></system-err>
  </testcase>
</testsuite>