<?xml version="1.0" encoding="UTF-8"?>
<testsuite xmlns:xsi="http://www.w3.org/2001/XMLSchema-instance" xsi:noNamespaceSchemaLocation="https://maven.apache.org/surefire/maven-surefire-plugin/xsd/surefire-test-report.xsd" name="com.shaw.ediorderservices.service.order.HardsurfacesOrderServiceTest" time="0.708" tests="4" errors="0" skipped="0" failures="4">
  <properties>
    <property name="java.specification.version" value="14"/>
    <property name="sun.jnu.encoding" value="UTF-8"/>
    <property name="java.class.path" value="/Users/waaronwaddell/Documents/GitHub/Public/EDI/EDI-Public/target/test-classes:/Users/waaronwaddell/Documents/GitHub/Public/EDI/EDI-Public/target/classes:/Users/waaronwaddell/.m2/repository/com/shaw/mock/mock-builder/0.0.1-SNAPSHOT/mock-builder-0.0.1-SNAPSHOT.jar:/Users/waaronwaddell/.m2/repository/javax/persistence/javax.persistence-api/2.2/javax.persistence-api-2.2.jar:/Users/waaronwaddell/.m2/repository/org/apache/logging/log4j/log4j-core/2.12.1/log4j-core-2.12.1.jar:/Users/waaronwaddell/.m2/repository/org/apache/logging/log4j/log4j-api/2.12.1/log4j-api-2.12.1.jar:/Users/waaronwaddell/.m2/repository/org/springframework/boot/spring-boot-starter-data-jpa/2.2.6.RELEASE/spring-boot-starter-data-jpa-2.2.6.RELEASE.jar:/Users/waaronwaddell/.m2/repository/org/springframework/boot/spring-boot-starter-aop/2.2.6.RELEASE/spring-boot-starter-aop-2.2.6.RELEASE.jar:/Users/waaronwaddell/.m2/repository/org/springframework/spring-aop/5.2.5.RELEASE/spring-aop-5.2.5.RELEASE.jar:/Users/waaronwaddell/.m2/repository/org/aspectj/aspectjweaver/1.9.5/aspectjweaver-1.9.5.jar:/Users/waaronwaddell/.m2/repository/org/springframework/boot/spring-boot-starter-jdbc/2.2.6.RELEASE/spring-boot-starter-jdbc-2.2.6.RELEASE.jar:/Users/waaronwaddell/.m2/repository/com/zaxxer/HikariCP/3.4.2/HikariCP-3.4.2.jar:/Users/waaronwaddell/.m2/repository/org/springframework/spring-jdbc/5.2.5.RELEASE/spring-jdbc-5.2.5.RELEASE.jar:/Users/waaronwaddell/.m2/repository/jakarta/activation/jakarta.activation-api/1.2.2/jakarta.activation-api-1.2.2.jar:/Users/waaronwaddell/.m2/repository/jakarta/persistence/jakarta.persistence-api/2.2.3/jakarta.persistence-api-2.2.3.jar:/Users/waaronwaddell/.m2/repository/jakarta/transaction/jakarta.transaction-api/1.3.3/jakarta.transaction-api-1.3.3.jar:/Users/waaronwaddell/.m2/repository/org/hibernate/hibernate-core/5.4.12.Final/hibernate-core-5.4.12.Final.jar:/Users/waaronwaddell/.m2/repository/org/javassist/javassist/3.24.0-GA/javassist-3.24.0-GA.jar:/Users/waaronwaddell/.m2/repository/net/bytebuddy/byte-buddy/1.10.8/byte-buddy-1.10.8.jar:/Users/waaronwaddell/.m2/repository/antlr/antlr/2.7.7/antlr-2.7.7.jar:/Users/waaronwaddell/.m2/repository/org/jboss/jandex/2.1.1.Final/jandex-2.1.1.Final.jar:/Users/waaronwaddell/.m2/repository/org/dom4j/dom4j/2.1.1/dom4j-2.1.1.jar:/Users/waaronwaddell/.m2/repository/org/hibernate/common/hibernate-commons-annotations/5.1.0.Final/hibernate-commons-annotations-5.1.0.Final.jar:/Users/waaronwaddell/.m2/repository/org/glassfish/jaxb/jaxb-runtime/2.3.2/jaxb-runtime-2.3.2.jar:/Users/waaronwaddell/.m2/repository/org/glassfish/jaxb/txw2/2.3.2/txw2-2.3.2.jar:/Users/waaronwaddell/.m2/repository/com/sun/istack/istack-commons-runtime/3.0.8/istack-commons-runtime-3.0.8.jar:/Users/waaronwaddell/.m2/repository/org/jvnet/staxex/stax-ex/1.8.1/stax-ex-1.8.1.jar:/Users/waaronwaddell/.m2/repository/com/sun/xml/fastinfoset/FastInfoset/1.2.16/FastInfoset-1.2.16.jar:/Users/waaronwaddell/.m2/repository/org/springframework/data/spring-data-jpa/2.2.6.RELEASE/spring-data-jpa-2.2.6.RELEASE.jar:/Users/waaronwaddell/.m2/repository/org/springframework/data/spring-data-commons/2.2.6.RELEASE/spring-data-commons-2.2.6.RELEASE.jar:/Users/waaronwaddell/.m2/repository/org/springframework/spring-orm/5.2.5.RELEASE/spring-orm-5.2.5.RELEASE.jar:/Users/waaronwaddell/.m2/repository/org/springframework/spring-context/5.2.5.RELEASE/spring-context-5.2.5.RELEASE.jar:/Users/waaronwaddell/.m2/repository/org/springframework/spring-tx/5.2.5.RELEASE/spring-tx-5.2.5.RELEASE.jar:/Users/waaronwaddell/.m2/repository/org/springframework/spring-beans/5.2.5.RELEASE/spring-beans-5.2.5.RELEASE.jar:/Users/waaronwaddell/.m2/repository/org/springframework/spring-aspects/5.2.5.RELEASE/spring-aspects-5.2.5.RELEASE.jar:/Users/waaronwaddell/.m2/repository/org/springframework/boot/spring-boot-starter-web/2.2.6.RELEASE/spring-boot-starter-web-2.2.6.RELEASE.jar:/Users/waaronwaddell/.m2/repository/org/springframework/boot/spring-boot-starter/2.2.6.RELEASE/spring-boot-starter-2.2.6.RELEASE.jar:/Users/waaronwaddell/.m2/repository/org/springframework/boot/spring-boot/2.2.6.RELEASE/spring-boot-2.2.6.RELEASE.jar:/Users/waaronwaddell/.m2/repository/org/springframework/boot/spring-boot-autoconfigure/2.2.6.RELEASE/spring-boot-autoconfigure-2.2.6.RELEASE.jar:/Users/waaronwaddell/.m2/repository/org/springframework/boot/spring-boot-starter-logging/2.2.6.RELEASE/spring-boot-starter-logging-2.2.6.RELEASE.jar:/Users/waaronwaddell/.m2/repository/ch/qos/logback/logback-classic/1.2.3/logback-classic-1.2.3.jar:/Users/waaronwaddell/.m2/repository/ch/qos/logback/logback-core/1.2.3/logback-core-1.2.3.jar:/Users/waaronwaddell/.m2/repository/org/apache/logging/log4j/log4j-to-slf4j/2.12.1/log4j-to-slf4j-2.12.1.jar:/Users/waaronwaddell/.m2/repository/org/slf4j/jul-to-slf4j/1.7.30/jul-to-slf4j-1.7.30.jar:/Users/waaronwaddell/.m2/repository/jakarta/annotation/jakarta.annotation-api/1.3.5/jakarta.annotation-api-1.3.5.jar:/Users/waaronwaddell/.m2/repository/org/yaml/snakeyaml/1.25/snakeyaml-1.25.jar:/Users/waaronwaddell/.m2/repository/org/springframework/boot/spring-boot-starter-json/2.2.6.RELEASE/spring-boot-starter-json-2.2.6.RELEASE.jar:/Users/waaronwaddell/.m2/repository/com/fasterxml/jackson/core/jackson-databind/2.10.3/jackson-databind-2.10.3.jar:/Users/waaronwaddell/.m2/repository/com/fasterxml/jackson/core/jackson-core/2.10.3/jackson-core-2.10.3.jar:/Users/waaronwaddell/.m2/repository/com/fasterxml/jackson/datatype/jackson-datatype-jdk8/2.10.3/jackson-datatype-jdk8-2.10.3.jar:/Users/waaronwaddell/.m2/repository/com/fasterxml/jackson/datatype/jackson-datatype-jsr310/2.10.3/jackson-datatype-jsr310-2.10.3.jar:/Users/waaronwaddell/.m2/repository/com/fasterxml/jackson/module/jackson-module-parameter-names/2.10.3/jackson-module-parameter-names-2.10.3.jar:/Users/waaronwaddell/.m2/repository/org/springframework/boot/spring-boot-starter-tomcat/2.2.6.RELEASE/spring-boot-starter-tomcat-2.2.6.RELEASE.jar:/Users/waaronwaddell/.m2/repository/org/apache/tomcat/embed/tomcat-embed-core/9.0.33/tomcat-embed-core-9.0.33.jar:/Users/waaronwaddell/.m2/repository/org/apache/tomcat/embed/tomcat-embed-el/9.0.33/tomcat-embed-el-9.0.33.jar:/Users/waaronwaddell/.m2/repository/org/apache/tomcat/embed/tomcat-embed-websocket/9.0.33/tomcat-embed-websocket-9.0.33.jar:/Users/waaronwaddell/.m2/repository/org/springframework/boot/spring-boot-starter-validation/2.2.6.RELEASE/spring-boot-starter-validation-2.2.6.RELEASE.jar:/Users/waaronwaddell/.m2/repository/jakarta/validation/jakarta.validation-api/2.0.2/jakarta.validation-api-2.0.2.jar:/Users/waaronwaddell/.m2/repository/org/hibernate/validator/hibernate-validator/6.0.18.Final/hibernate-validator-6.0.18.Final.jar:/Users/waaronwaddell/.m2/repository/org/springframework/spring-web/5.2.5.RELEASE/spring-web-5.2.5.RELEASE.jar:/Users/waaronwaddell/.m2/repository/org/springframework/spring-webmvc/5.2.5.RELEASE/spring-webmvc-5.2.5.RELEASE.jar:/Users/waaronwaddell/.m2/repository/org/springframework/spring-expression/5.2.5.RELEASE/spring-expression-5.2.5.RELEASE.jar:/Users/waaronwaddell/.m2/repository/com/google/collections/google-collections/1.0/google-collections-1.0.jar:/Users/waaronwaddell/.m2/repository/com/google/code/gson/gson/2.8.6/gson-2.8.6.jar:/Users/waaronwaddell/.m2/repository/org/apache/commons/commons-lang3/3.9/commons-lang3-3.9.jar:/Users/waaronwaddell/.m2/repository/org/mapstruct/mapstruct/1.3.1.Final/mapstruct-1.3.1.Final.jar:/Users/waaronwaddell/.m2/repository/com/h2database/h2/1.4.200/h2-1.4.200.jar:/Users/waaronwaddell/.m2/repository/com/microsoft/sqlserver/mssql-jdbc/7.4.1.jre8/mssql-jdbc-7.4.1.jre8.jar:/Users/waaronwaddell/.m2/repository/io/springfox/springfox-swagger2/2.9.2/springfox-swagger2-2.9.2.jar:/Users/waaronwaddell/.m2/repository/io/swagger/swagger-annotations/1.5.20/swagger-annotations-1.5.20.jar:/Users/waaronwaddell/.m2/repository/io/swagger/swagger-models/1.5.20/swagger-models-1.5.20.jar:/Users/waaronwaddell/.m2/repository/com/fasterxml/jackson/core/jackson-annotations/2.10.3/jackson-annotations-2.10.3.jar:/Users/waaronwaddell/.m2/repository/io/springfox/springfox-spi/2.9.2/springfox-spi-2.9.2.jar:/Users/waaronwaddell/.m2/repository/io/springfox/springfox-core/2.9.2/springfox-core-2.9.2.jar:/Users/waaronwaddell/.m2/repository/io/springfox/springfox-schema/2.9.2/springfox-schema-2.9.2.jar:/Users/waaronwaddell/.m2/repository/io/springfox/springfox-swagger-common/2.9.2/springfox-swagger-common-2.9.2.jar:/Users/waaronwaddell/.m2/repository/io/springfox/springfox-spring-web/2.9.2/springfox-spring-web-2.9.2.jar:/Users/waaronwaddell/.m2/repository/com/google/guava/guava/20.0/guava-20.0.jar:/Users/waaronwaddell/.m2/repository/com/fasterxml/classmate/1.5.1/classmate-1.5.1.jar:/Users/waaronwaddell/.m2/repository/org/slf4j/slf4j-api/1.7.30/slf4j-api-1.7.30.jar:/Users/waaronwaddell/.m2/repository/org/springframework/plugin/spring-plugin-core/1.2.0.RELEASE/spring-plugin-core-1.2.0.RELEASE.jar:/Users/waaronwaddell/.m2/repository/org/springframework/plugin/spring-plugin-metadata/1.2.0.RELEASE/spring-plugin-metadata-1.2.0.RELEASE.jar:/Users/waaronwaddell/.m2/repository/io/springfox/springfox-swagger-ui/2.9.2/springfox-swagger-ui-2.9.2.jar:/Users/waaronwaddell/.m2/repository/org/springframework/boot/spring-boot-starter-test/2.2.6.RELEASE/spring-boot-starter-test-2.2.6.RELEASE.jar:/Users/waaronwaddell/.m2/repository/org/springframework/boot/spring-boot-test/2.2.6.RELEASE/spring-boot-test-2.2.6.RELEASE.jar:/Users/waaronwaddell/.m2/repository/org/springframework/boot/spring-boot-test-autoconfigure/2.2.6.RELEASE/spring-boot-test-autoconfigure-2.2.6.RELEASE.jar:/Users/waaronwaddell/.m2/repository/com/jayway/jsonpath/json-path/2.4.0/json-path-2.4.0.jar:/Users/waaronwaddell/.m2/repository/net/minidev/json-smart/2.3/json-smart-2.3.jar:/Users/waaronwaddell/.m2/repository/net/minidev/accessors-smart/1.2/accessors-smart-1.2.jar:/Users/waaronwaddell/.m2/repository/org/ow2/asm/asm/5.0.4/asm-5.0.4.jar:/Users/waaronwaddell/.m2/repository/jakarta/xml/bind/jakarta.xml.bind-api/2.3.3/jakarta.xml.bind-api-2.3.3.jar:/Users/waaronwaddell/.m2/repository/org/junit/jupiter/junit-jupiter/5.5.2/junit-jupiter-5.5.2.jar:/Users/waaronwaddell/.m2/repository/org/junit/jupiter/junit-jupiter-api/5.5.2/junit-jupiter-api-5.5.2.jar:/Users/waaronwaddell/.m2/repository/org/apiguardian/apiguardian-api/1.1.0/apiguardian-api-1.1.0.jar:/Users/waaronwaddell/.m2/repository/org/opentest4j/opentest4j/1.2.0/opentest4j-1.2.0.jar:/Users/waaronwaddell/.m2/repository/org/junit/platform/junit-platform-commons/1.5.2/junit-platform-commons-1.5.2.jar:/Users/waaronwaddell/.m2/repository/org/junit/jupiter/junit-jupiter-params/5.5.2/junit-jupiter-params-5.5.2.jar:/Users/waaronwaddell/.m2/repository/org/junit/jupiter/junit-jupiter-engine/5.5.2/junit-jupiter-engine-5.5.2.jar:/Users/waaronwaddell/.m2/repository/org/junit/platform/junit-platform-engine/1.5.2/junit-platform-engine-1.5.2.jar:/Users/waaronwaddell/.m2/repository/org/mockito/mockito-junit-jupiter/3.1.0/mockito-junit-jupiter-3.1.0.jar:/Users/waaronwaddell/.m2/repository/org/assertj/assertj-core/3.13.2/assertj-core-3.13.2.jar:/Users/waaronwaddell/.m2/repository/org/hamcrest/hamcrest/2.1/hamcrest-2.1.jar:/Users/waaronwaddell/.m2/repository/org/mockito/mockito-core/3.1.0/mockito-core-3.1.0.jar:/Users/waaronwaddell/.m2/repository/net/bytebuddy/byte-buddy-agent/1.10.8/byte-buddy-agent-1.10.8.jar:/Users/waaronwaddell/.m2/repository/org/objenesis/objenesis/2.6/objenesis-2.6.jar:/Users/waaronwaddell/.m2/repository/org/skyscreamer/jsonassert/1.5.0/jsonassert-1.5.0.jar:/Users/waaronwaddell/.m2/repository/com/vaadin/external/google/android-json/0.0.20131108.vaadin1/android-json-0.0.20131108.vaadin1.jar:/Users/waaronwaddell/.m2/repository/org/springframework/spring-core/5.2.5.RELEASE/spring-core-5.2.5.RELEASE.jar:/Users/waaronwaddell/.m2/repository/org/springframework/spring-jcl/5.2.5.RELEASE/spring-jcl-5.2.5.RELEASE.jar:/Users/waaronwaddell/.m2/repository/org/springframework/spring-test/5.2.5.RELEASE/spring-test-5.2.5.RELEASE.jar:/Users/waaronwaddell/.m2/repository/org/xmlunit/xmlunit-core/2.6.4/xmlunit-core-2.6.4.jar:/Users/waaronwaddell/.m2/repository/org/springframework/boot/spring-boot-configuration-processor/2.2.6.RELEASE/spring-boot-configuration-processor-2.2.6.RELEASE.jar:/Users/waaronwaddell/.m2/repository/org/hibernate/hibernate-ehcache/5.4.12.Final/hibernate-ehcache-5.4.12.Final.jar:/Users/waaronwaddell/.m2/repository/org/jboss/logging/jboss-logging/3.4.1.Final/jboss-logging-3.4.1.Final.jar:/Users/waaronwaddell/.m2/repository/net/sf/ehcache/ehcache/2.10.6/ehcache-2.10.6.jar:/Users/waaronwaddell/.m2/repository/commons-dbcp/commons-dbcp/1.4/commons-dbcp-1.4.jar:/Users/waaronwaddell/.m2/repository/commons-pool/commons-pool/1.6/commons-pool-1.6.jar:"/>
    <property name="java.vm.vendor" value="Oracle Corporation"/>
    <property name="sun.arch.data.model" value="64"/>
    <property name="java.vendor.url" value="https://java.oracle.com/"/>
    <property name="os.name" value="Mac OS X"/>
    <property name="java.vm.specification.version" value="14"/>
    <property name="sun.java.launcher" value="SUN_STANDARD"/>
    <property name="user.country" value="US"/>
    <property name="sun.boot.library.path" value="/Library/Java/JavaVirtualMachines/jdk-14.0.1.jdk/Contents/Home/lib"/>
    <property name="sun.java.command" value="/Users/waaronwaddell/Documents/GitHub/Public/EDI/EDI-Public/target/surefire/surefirebooter1067781378459841719.jar /Users/waaronwaddell/Documents/GitHub/Public/EDI/EDI-Public/target/surefire 2020-06-19T14-05-37_438-jvmRun1 surefire11253841964817327219tmp surefire_03139745139692005344tmp"/>
    <property name="http.nonProxyHosts" value="local|*.local|169.254/16|*.169.254/16"/>
    <property name="jdk.debug" value="release"/>
    <property name="surefire.test.class.path" value="/Users/waaronwaddell/Documents/GitHub/Public/EDI/EDI-Public/target/test-classes:/Users/waaronwaddell/Documents/GitHub/Public/EDI/EDI-Public/target/classes:/Users/waaronwaddell/.m2/repository/com/shaw/mock/mock-builder/0.0.1-SNAPSHOT/mock-builder-0.0.1-SNAPSHOT.jar:/Users/waaronwaddell/.m2/repository/javax/persistence/javax.persistence-api/2.2/javax.persistence-api-2.2.jar:/Users/waaronwaddell/.m2/repository/org/apache/logging/log4j/log4j-core/2.12.1/log4j-core-2.12.1.jar:/Users/waaronwaddell/.m2/repository/org/apache/logging/log4j/log4j-api/2.12.1/log4j-api-2.12.1.jar:/Users/waaronwaddell/.m2/repository/org/springframework/boot/spring-boot-starter-data-jpa/2.2.6.RELEASE/spring-boot-starter-data-jpa-2.2.6.RELEASE.jar:/Users/waaronwaddell/.m2/repository/org/springframework/boot/spring-boot-starter-aop/2.2.6.RELEASE/spring-boot-starter-aop-2.2.6.RELEASE.jar:/Users/waaronwaddell/.m2/repository/org/springframework/spring-aop/5.2.5.RELEASE/spring-aop-5.2.5.RELEASE.jar:/Users/waaronwaddell/.m2/repository/org/aspectj/aspectjweaver/1.9.5/aspectjweaver-1.9.5.jar:/Users/waaronwaddell/.m2/repository/org/springframework/boot/spring-boot-starter-jdbc/2.2.6.RELEASE/spring-boot-starter-jdbc-2.2.6.RELEASE.jar:/Users/waaronwaddell/.m2/repository/com/zaxxer/HikariCP/3.4.2/HikariCP-3.4.2.jar:/Users/waaronwaddell/.m2/repository/org/springframework/spring-jdbc/5.2.5.RELEASE/spring-jdbc-5.2.5.RELEASE.jar:/Users/waaronwaddell/.m2/repository/jakarta/activation/jakarta.activation-api/1.2.2/jakarta.activation-api-1.2.2.jar:/Users/waaronwaddell/.m2/repository/jakarta/persistence/jakarta.persistence-api/2.2.3/jakarta.persistence-api-2.2.3.jar:/Users/waaronwaddell/.m2/repository/jakarta/transaction/jakarta.transaction-api/1.3.3/jakarta.transaction-api-1.3.3.jar:/Users/waaronwaddell/.m2/repository/org/hibernate/hibernate-core/5.4.12.Final/hibernate-core-5.4.12.Final.jar:/Users/waaronwaddell/.m2/repository/org/javassist/javassist/3.24.0-GA/javassist-3.24.0-GA.jar:/Users/waaronwaddell/.m2/repository/net/bytebuddy/byte-buddy/1.10.8/byte-buddy-1.10.8.jar:/Users/waaronwaddell/.m2/repository/antlr/antlr/2.7.7/antlr-2.7.7.jar:/Users/waaronwaddell/.m2/repository/org/jboss/jandex/2.1.1.Final/jandex-2.1.1.Final.jar:/Users/waaronwaddell/.m2/repository/org/dom4j/dom4j/2.1.1/dom4j-2.1.1.jar:/Users/waaronwaddell/.m2/repository/org/hibernate/common/hibernate-commons-annotations/5.1.0.Final/hibernate-commons-annotations-5.1.0.Final.jar:/Users/waaronwaddell/.m2/repository/org/glassfish/jaxb/jaxb-runtime/2.3.2/jaxb-runtime-2.3.2.jar:/Users/waaronwaddell/.m2/repository/org/glassfish/jaxb/txw2/2.3.2/txw2-2.3.2.jar:/Users/waaronwaddell/.m2/repository/com/sun/istack/istack-commons-runtime/3.0.8/istack-commons-runtime-3.0.8.jar:/Users/waaronwaddell/.m2/repository/org/jvnet/staxex/stax-ex/1.8.1/stax-ex-1.8.1.jar:/Users/waaronwaddell/.m2/repository/com/sun/xml/fastinfoset/FastInfoset/1.2.16/FastInfoset-1.2.16.jar:/Users/waaronwaddell/.m2/repository/org/springframework/data/spring-data-jpa/2.2.6.RELEASE/spring-data-jpa-2.2.6.RELEASE.jar:/Users/waaronwaddell/.m2/repository/org/springframework/data/spring-data-commons/2.2.6.RELEASE/spring-data-commons-2.2.6.RELEASE.jar:/Users/waaronwaddell/.m2/repository/org/springframework/spring-orm/5.2.5.RELEASE/spring-orm-5.2.5.RELEASE.jar:/Users/waaronwaddell/.m2/repository/org/springframework/spring-context/5.2.5.RELEASE/spring-context-5.2.5.RELEASE.jar:/Users/waaronwaddell/.m2/repository/org/springframework/spring-tx/5.2.5.RELEASE/spring-tx-5.2.5.RELEASE.jar:/Users/waaronwaddell/.m2/repository/org/springframework/spring-beans/5.2.5.RELEASE/spring-beans-5.2.5.RELEASE.jar:/Users/waaronwaddell/.m2/repository/org/springframework/spring-aspects/5.2.5.RELEASE/spring-aspects-5.2.5.RELEASE.jar:/Users/waaronwaddell/.m2/repository/org/springframework/boot/spring-boot-starter-web/2.2.6.RELEASE/spring-boot-starter-web-2.2.6.RELEASE.jar:/Users/waaronwaddell/.m2/repository/org/springframework/boot/spring-boot-starter/2.2.6.RELEASE/spring-boot-starter-2.2.6.RELEASE.jar:/Users/waaronwaddell/.m2/repository/org/springframework/boot/spring-boot/2.2.6.RELEASE/spring-boot-2.2.6.RELEASE.jar:/Users/waaronwaddell/.m2/repository/org/springframework/boot/spring-boot-autoconfigure/2.2.6.RELEASE/spring-boot-autoconfigure-2.2.6.RELEASE.jar:/Users/waaronwaddell/.m2/repository/org/springframework/boot/spring-boot-starter-logging/2.2.6.RELEASE/spring-boot-starter-logging-2.2.6.RELEASE.jar:/Users/waaronwaddell/.m2/repository/ch/qos/logback/logback-classic/1.2.3/logback-classic-1.2.3.jar:/Users/waaronwaddell/.m2/repository/ch/qos/logback/logback-core/1.2.3/logback-core-1.2.3.jar:/Users/waaronwaddell/.m2/repository/org/apache/logging/log4j/log4j-to-slf4j/2.12.1/log4j-to-slf4j-2.12.1.jar:/Users/waaronwaddell/.m2/repository/org/slf4j/jul-to-slf4j/1.7.30/jul-to-slf4j-1.7.30.jar:/Users/waaronwaddell/.m2/repository/jakarta/annotation/jakarta.annotation-api/1.3.5/jakarta.annotation-api-1.3.5.jar:/Users/waaronwaddell/.m2/repository/org/yaml/snakeyaml/1.25/snakeyaml-1.25.jar:/Users/waaronwaddell/.m2/repository/org/springframework/boot/spring-boot-starter-json/2.2.6.RELEASE/spring-boot-starter-json-2.2.6.RELEASE.jar:/Users/waaronwaddell/.m2/repository/com/fasterxml/jackson/core/jackson-databind/2.10.3/jackson-databind-2.10.3.jar:/Users/waaronwaddell/.m2/repository/com/fasterxml/jackson/core/jackson-core/2.10.3/jackson-core-2.10.3.jar:/Users/waaronwaddell/.m2/repository/com/fasterxml/jackson/datatype/jackson-datatype-jdk8/2.10.3/jackson-datatype-jdk8-2.10.3.jar:/Users/waaronwaddell/.m2/repository/com/fasterxml/jackson/datatype/jackson-datatype-jsr310/2.10.3/jackson-datatype-jsr310-2.10.3.jar:/Users/waaronwaddell/.m2/repository/com/fasterxml/jackson/module/jackson-module-parameter-names/2.10.3/jackson-module-parameter-names-2.10.3.jar:/Users/waaronwaddell/.m2/repository/org/springframework/boot/spring-boot-starter-tomcat/2.2.6.RELEASE/spring-boot-starter-tomcat-2.2.6.RELEASE.jar:/Users/waaronwaddell/.m2/repository/org/apache/tomcat/embed/tomcat-embed-core/9.0.33/tomcat-embed-core-9.0.33.jar:/Users/waaronwaddell/.m2/repository/org/apache/tomcat/embed/tomcat-embed-el/9.0.33/tomcat-embed-el-9.0.33.jar:/Users/waaronwaddell/.m2/repository/org/apache/tomcat/embed/tomcat-embed-websocket/9.0.33/tomcat-embed-websocket-9.0.33.jar:/Users/waaronwaddell/.m2/repository/org/springframework/boot/spring-boot-starter-validation/2.2.6.RELEASE/spring-boot-starter-validation-2.2.6.RELEASE.jar:/Users/waaronwaddell/.m2/repository/jakarta/validation/jakarta.validation-api/2.0.2/jakarta.validation-api-2.0.2.jar:/Users/waaronwaddell/.m2/repository/org/hibernate/validator/hibernate-validator/6.0.18.Final/hibernate-validator-6.0.18.Final.jar:/Users/waaronwaddell/.m2/repository/org/springframework/spring-web/5.2.5.RELEASE/spring-web-5.2.5.RELEASE.jar:/Users/waaronwaddell/.m2/repository/org/springframework/spring-webmvc/5.2.5.RELEASE/spring-webmvc-5.2.5.RELEASE.jar:/Users/waaronwaddell/.m2/repository/org/springframework/spring-expression/5.2.5.RELEASE/spring-expression-5.2.5.RELEASE.jar:/Users/waaronwaddell/.m2/repository/com/google/collections/google-collections/1.0/google-collections-1.0.jar:/Users/waaronwaddell/.m2/repository/com/google/code/gson/gson/2.8.6/gson-2.8.6.jar:/Users/waaronwaddell/.m2/repository/org/apache/commons/commons-lang3/3.9/commons-lang3-3.9.jar:/Users/waaronwaddell/.m2/repository/org/mapstruct/mapstruct/1.3.1.Final/mapstruct-1.3.1.Final.jar:/Users/waaronwaddell/.m2/repository/com/h2database/h2/1.4.200/h2-1.4.200.jar:/Users/waaronwaddell/.m2/repository/com/microsoft/sqlserver/mssql-jdbc/7.4.1.jre8/mssql-jdbc-7.4.1.jre8.jar:/Users/waaronwaddell/.m2/repository/io/springfox/springfox-swagger2/2.9.2/springfox-swagger2-2.9.2.jar:/Users/waaronwaddell/.m2/repository/io/swagger/swagger-annotations/1.5.20/swagger-annotations-1.5.20.jar:/Users/waaronwaddell/.m2/repository/io/swagger/swagger-models/1.5.20/swagger-models-1.5.20.jar:/Users/waaronwaddell/.m2/repository/com/fasterxml/jackson/core/jackson-annotations/2.10.3/jackson-annotations-2.10.3.jar:/Users/waaronwaddell/.m2/repository/io/springfox/springfox-spi/2.9.2/springfox-spi-2.9.2.jar:/Users/waaronwaddell/.m2/repository/io/springfox/springfox-core/2.9.2/springfox-core-2.9.2.jar:/Users/waaronwaddell/.m2/repository/io/springfox/springfox-schema/2.9.2/springfox-schema-2.9.2.jar:/Users/waaronwaddell/.m2/repository/io/springfox/springfox-swagger-common/2.9.2/springfox-swagger-common-2.9.2.jar:/Users/waaronwaddell/.m2/repository/io/springfox/springfox-spring-web/2.9.2/springfox-spring-web-2.9.2.jar:/Users/waaronwaddell/.m2/repository/com/google/guava/guava/20.0/guava-20.0.jar:/Users/waaronwaddell/.m2/repository/com/fasterxml/classmate/1.5.1/classmate-1.5.1.jar:/Users/waaronwaddell/.m2/repository/org/slf4j/slf4j-api/1.7.30/slf4j-api-1.7.30.jar:/Users/waaronwaddell/.m2/repository/org/springframework/plugin/spring-plugin-core/1.2.0.RELEASE/spring-plugin-core-1.2.0.RELEASE.jar:/Users/waaronwaddell/.m2/repository/org/springframework/plugin/spring-plugin-metadata/1.2.0.RELEASE/spring-plugin-metadata-1.2.0.RELEASE.jar:/Users/waaronwaddell/.m2/repository/io/springfox/springfox-swagger-ui/2.9.2/springfox-swagger-ui-2.9.2.jar:/Users/waaronwaddell/.m2/repository/org/springframework/boot/spring-boot-starter-test/2.2.6.RELEASE/spring-boot-starter-test-2.2.6.RELEASE.jar:/Users/waaronwaddell/.m2/repository/org/springframework/boot/spring-boot-test/2.2.6.RELEASE/spring-boot-test-2.2.6.RELEASE.jar:/Users/waaronwaddell/.m2/repository/org/springframework/boot/spring-boot-test-autoconfigure/2.2.6.RELEASE/spring-boot-test-autoconfigure-2.2.6.RELEASE.jar:/Users/waaronwaddell/.m2/repository/com/jayway/jsonpath/json-path/2.4.0/json-path-2.4.0.jar:/Users/waaronwaddell/.m2/repository/net/minidev/json-smart/2.3/json-smart-2.3.jar:/Users/waaronwaddell/.m2/repository/net/minidev/accessors-smart/1.2/accessors-smart-1.2.jar:/Users/waaronwaddell/.m2/repository/org/ow2/asm/asm/5.0.4/asm-5.0.4.jar:/Users/waaronwaddell/.m2/repository/jakarta/xml/bind/jakarta.xml.bind-api/2.3.3/jakarta.xml.bind-api-2.3.3.jar:/Users/waaronwaddell/.m2/repository/org/junit/jupiter/junit-jupiter/5.5.2/junit-jupiter-5.5.2.jar:/Users/waaronwaddell/.m2/repository/org/junit/jupiter/junit-jupiter-api/5.5.2/junit-jupiter-api-5.5.2.jar:/Users/waaronwaddell/.m2/repository/org/apiguardian/apiguardian-api/1.1.0/apiguardian-api-1.1.0.jar:/Users/waaronwaddell/.m2/repository/org/opentest4j/opentest4j/1.2.0/opentest4j-1.2.0.jar:/Users/waaronwaddell/.m2/repository/org/junit/platform/junit-platform-commons/1.5.2/junit-platform-commons-1.5.2.jar:/Users/waaronwaddell/.m2/repository/org/junit/jupiter/junit-jupiter-params/5.5.2/junit-jupiter-params-5.5.2.jar:/Users/waaronwaddell/.m2/repository/org/junit/jupiter/junit-jupiter-engine/5.5.2/junit-jupiter-engine-5.5.2.jar:/Users/waaronwaddell/.m2/repository/org/junit/platform/junit-platform-engine/1.5.2/junit-platform-engine-1.5.2.jar:/Users/waaronwaddell/.m2/repository/org/mockito/mockito-junit-jupiter/3.1.0/mockito-junit-jupiter-3.1.0.jar:/Users/waaronwaddell/.m2/repository/org/assertj/assertj-core/3.13.2/assertj-core-3.13.2.jar:/Users/waaronwaddell/.m2/repository/org/hamcrest/hamcrest/2.1/hamcrest-2.1.jar:/Users/waaronwaddell/.m2/repository/org/mockito/mockito-core/3.1.0/mockito-core-3.1.0.jar:/Users/waaronwaddell/.m2/repository/net/bytebuddy/byte-buddy-agent/1.10.8/byte-buddy-agent-1.10.8.jar:/Users/waaronwaddell/.m2/repository/org/objenesis/objenesis/2.6/objenesis-2.6.jar:/Users/waaronwaddell/.m2/repository/org/skyscreamer/jsonassert/1.5.0/jsonassert-1.5.0.jar:/Users/waaronwaddell/.m2/repository/com/vaadin/external/google/android-json/0.0.20131108.vaadin1/android-json-0.0.20131108.vaadin1.jar:/Users/waaronwaddell/.m2/repository/org/springframework/spring-core/5.2.5.RELEASE/spring-core-5.2.5.RELEASE.jar:/Users/waaronwaddell/.m2/repository/org/springframework/spring-jcl/5.2.5.RELEASE/spring-jcl-5.2.5.RELEASE.jar:/Users/waaronwaddell/.m2/repository/org/springframework/spring-test/5.2.5.RELEASE/spring-test-5.2.5.RELEASE.jar:/Users/waaronwaddell/.m2/repository/org/xmlunit/xmlunit-core/2.6.4/xmlunit-core-2.6.4.jar:/Users/waaronwaddell/.m2/repository/org/springframework/boot/spring-boot-configuration-processor/2.2.6.RELEASE/spring-boot-configuration-processor-2.2.6.RELEASE.jar:/Users/waaronwaddell/.m2/repository/org/hibernate/hibernate-ehcache/5.4.12.Final/hibernate-ehcache-5.4.12.Final.jar:/Users/waaronwaddell/.m2/repository/org/jboss/logging/jboss-logging/3.4.1.Final/jboss-logging-3.4.1.Final.jar:/Users/waaronwaddell/.m2/repository/net/sf/ehcache/ehcache/2.10.6/ehcache-2.10.6.jar:/Users/waaronwaddell/.m2/repository/commons-dbcp/commons-dbcp/1.4/commons-dbcp-1.4.jar:/Users/waaronwaddell/.m2/repository/commons-pool/commons-pool/1.6/commons-pool-1.6.jar:"/>
    <property name="sun.cpu.endian" value="little"/>
    <property name="user.home" value="/Users/waaronwaddell"/>
    <property name="user.language" value="en"/>
    <property name="java.specification.vendor" value="Oracle Corporation"/>
    <property name="java.version.date" value="2020-04-14"/>
    <property name="java.home" value="/Library/Java/JavaVirtualMachines/jdk-14.0.1.jdk/Contents/Home"/>
    <property name="file.separator" value="/"/>
    <property name="style.color" value="always"/>
    <property name="basedir" value="/Users/waaronwaddell/Documents/GitHub/Public/EDI/EDI-Public"/>
    <property name="java.vm.compressedOopsMode" value="Zero based"/>
    <property name="line.separator" value="&#10;"/>
    <property name="java.specification.name" value="Java Platform API Specification"/>
    <property name="java.vm.specification.vendor" value="Oracle Corporation"/>
    <property name="surefire.real.class.path" value="/Users/waaronwaddell/Documents/GitHub/Public/EDI/EDI-Public/target/surefire/surefirebooter1067781378459841719.jar"/>
    <property name="sun.management.compiler" value="HotSpot 64-Bit Tiered Compilers"/>
    <property name="ftp.nonProxyHosts" value="local|*.local|169.254/16|*.169.254/16"/>
    <property name="java.runtime.version" value="14.0.1+7"/>
    <property name="user.name" value="waaronwaddell"/>
    <property name="path.separator" value=":"/>
    <property name="os.version" value="10.15.5"/>
    <property name="java.runtime.name" value="Java(TM) SE Runtime Environment"/>
    <property name="file.encoding" value="UTF-8"/>
    <property name="java.vm.name" value="Java HotSpot(TM) 64-Bit Server VM"/>
    <property name="localRepository" value="/Users/waaronwaddell/.m2/repository"/>
    <property name="java.vendor.url.bug" value="https://bugreport.java.com/bugreport/"/>
    <property name="java.io.tmpdir" value="/var/folders/v1/7ssr3hdd2_qfv951y30bn48w0000gn/T/"/>
    <property name="java.version" value="14.0.1"/>
    <property name="user.dir" value="/Users/waaronwaddell/Documents/GitHub/Public/EDI/EDI-Public"/>
    <property name="os.arch" value="x86_64"/>
    <property name="java.vm.specification.name" value="Java Virtual Machine Specification"/>
    <property name="java.library.path" value="/Users/waaronwaddell/Library/Java/Extensions:/Library/Java/Extensions:/Network/Library/Java/Extensions:/System/Library/Java/Extensions:/usr/lib/java:."/>
    <property name="java.vm.info" value="mixed mode, sharing"/>
    <property name="java.vendor" value="Oracle Corporation"/>
    <property name="java.vm.version" value="14.0.1+7"/>
    <property name="sun.io.unicode.encoding" value="UnicodeBig"/>
    <property name="socksNonProxyHosts" value="local|*.local|169.254/16|*.169.254/16"/>
    <property name="java.class.version" value="58.0"/>
  </properties>
  <testcase name="testSave" classname="com.shaw.ediorderservices.service.order.HardsurfacesOrderServiceTest" time="0.001">
    <failure message="Not yet implemented" type="org.opentest4j.AssertionFailedError">org.opentest4j.AssertionFailedError: Not yet implemented
	at com.shaw.ediorderservices.service.order.HardsurfacesOrderServiceTest.testSave(HardsurfacesOrderServiceTest.java:21)
</failure>
    <system-out><![CDATA[2020-06-19 14:05:48 DEBUG [MockBuilder.java:94] set storeName -> ErYZWEuzUKRUtvoPYvPc
2020-06-19 14:05:48 DEBUG [MockBuilder.java:94] set shipPartCompInd -> x
2020-06-19 14:05:48 DEBUG [MockBuilder.java:94] set orderingSystem -> xJ
2020-06-19 14:05:48 DEBUG [MockBuilder.java:94] set ohStatusCode -> N
2020-06-19 14:05:48 DEBUG [MockBuilder.java:94] set eventInfo -> zqqyReiupNoqqWu
2020-06-19 14:05:48 DEBUG [MockBuilder.java:94] set shipPt -> uF
2020-06-19 14:05:48 DEBUG [MockBuilder.java:94] set termsNetDays -> JYC
2020-06-19 14:05:48 DEBUG [MockBuilder.java:94] set onNote -> YgvznRgEoaGzzYTInpxM
2020-06-19 14:05:48 DEBUG [MockBuilder.java:94] set phone -> byZuVvTFfoGDQZu
2020-06-19 14:05:48 DEBUG [MockBuilder.java:94] set consStatusMsg -> oDdYjLMbBDEudWkCLOBs
2020-06-19 14:05:48 DEBUG [MockBuilder.java:94] set specialInstruct1 -> iNOEomONBoBejLKwWakN
2020-06-19 14:05:48 DEBUG [MockBuilder.java:94] set phoneNumber -> bLpmnJCQdxe
2020-06-19 14:05:48 DEBUG [MockBuilder.java:94] set onlineType -> r
2020-06-19 14:05:48 DEBUG [MockBuilder.java:94] set termsTypeFlag -> mY
2020-06-19 14:05:48 DEBUG [MockBuilder.java:94] set contractUsageInd -> U
2020-06-19 14:05:48 DEBUG [MockBuilder.java:94] set specialInstruct2 -> AQWqoLwatTFomCyijorc
2020-06-19 14:05:48 DEBUG [MockBuilder.java:94] set orderDate -> 1986-05-19
2020-06-19 14:05:48 DEBUG [MockBuilder.java:94] set totalBindingFt -> 8546545.693224104
2020-06-19 14:05:48 DEBUG [MockBuilder.java:94] set poControl -> djtmL
2020-06-19 14:05:48 DEBUG [MockBuilder.java:94] set crossDockCenter -> AtsVhJEVjq
2020-06-19 14:05:48 DEBUG [MockBuilder.java:94] set orderLoc -> LH
2020-06-19 14:05:48 DEBUG [MockBuilder.java:94] set srvLevel -> aA
2020-06-19 14:05:48 DEBUG [MockBuilder.java:94] set custDept -> LscuA
2020-06-19 14:05:48 DEBUG [MockBuilder.java:94] set poDateValue -> 1978-07-25
2020-06-19 14:05:48 DEBUG [MockBuilder.java:94] set explodeFlag -> s
2020-06-19 14:05:48 DEBUG [MockBuilder.java:94] set statusCode -> k
2020-06-19 14:05:48 DEBUG [MockBuilder.java:94] set province -> dJvdrzXJEIBXWGHhaan
2020-06-19 14:05:48 DEBUG [MockBuilder.java:94] set chngLid -> TfukSPXF
2020-06-19 14:05:48 DEBUG [MockBuilder.java:94] set fobPoint -> pm
2020-06-19 14:05:48 DEBUG [MockBuilder.java:94] set stdCarrAlphaInd -> jlkb
2020-06-19 14:05:48 DEBUG [MockBuilder.java:94] set poDateQualifier -> ibt
2020-06-19 14:05:48 DEBUG [MockBuilder.java:94] set chngTimestamp -> 1970-01-01T00:43:39
2020-06-19 14:05:48 DEBUG [MockBuilder.java:94] set frtCode -> R
2020-06-19 14:05:48 DEBUG [MockBuilder.java:94] set name -> WFddGxWzelceUOwrfJZU
2020-06-19 14:05:48 DEBUG [MockBuilder.java:94] set salesCheckNumber -> pWmXcePzyBwpXxridGbx
2020-06-19 14:05:48 DEBUG [MockBuilder.java:94] set poNumber -> DDoUZlbnTPFdaZOXbeSm
2020-06-19 14:05:48 DEBUG [MockBuilder.java:94] set commCust -> HLyJIbB
2020-06-19 14:05:48 DEBUG [MockBuilder.java:94] set salesReqCode -> wh
2020-06-19 14:05:48 DEBUG [MockBuilder.java:94] set poQual -> bk
2020-06-19 14:05:48 DEBUG [MockBuilder.java:94] set specialInstruct3 -> vJBWriPxUWzAPfcvhsDg
2020-06-19 14:05:48 DEBUG [MockBuilder.java:94] set customerCode -> Bd
2020-06-19 14:05:48 DEBUG [MockBuilder.java:94] set sellCo -> bJ
2020-06-19 14:05:48 DEBUG [MockBuilder.java:94] set orderMerCost -> 7830677.334573909
2020-06-19 14:05:48 DEBUG [MockBuilder.java:94] set custNbr -> PiaOPCC
2020-06-19 14:05:48 DEBUG [MockBuilder.java:94] set seqNbr -> 130664
2020-06-19 14:05:48 DEBUG [MockBuilder.java:94] set shawOrderNumber -> APcTYj
2020-06-19 14:05:48 DEBUG [MockBuilder.java:94] set giftMessage1 -> KYRnzrUSZrMGWtiHTocQ
2020-06-19 14:05:48 DEBUG [MockBuilder.java:94] set customerRefNbr -> qjd
2020-06-19 14:05:48 DEBUG [MockBuilder.java:94] set flag -> 745026
2020-06-19 14:05:48 DEBUG [MockBuilder.java:94] set reserveOrderInd -> G
2020-06-19 14:05:48 DEBUG [MockBuilder.java:94] set giftMessage2 -> EnMpCsoxApAeBeijiDws
2020-06-19 14:05:48 DEBUG [MockBuilder.java:94] set nbDate -> 1982-10-22
2020-06-19 14:05:48 DEBUG [MockBuilder.java:94] set specialInstruct4 -> aHbMIzJhHBpnidArfQme
2020-06-19 14:05:48 DEBUG [MockBuilder.java:94] set orderRetTotal -> 4658853.607046578
2020-06-19 14:05:48 DEBUG [MockBuilder.java:94] set hostAlertFlag -> F
2020-06-19 14:05:48 DEBUG [MockBuilder.java:94] set newStoreInd -> X
2020-06-19 14:05:48 DEBUG [MockBuilder.java:94] set customerSidemark -> qGTizkDCrBhvyRCSfRRB
2020-06-19 14:05:48 DEBUG [MockBuilder.java:94] set specialPoNo -> AWJpcrLISkOYIhmJpbYH
2020-06-19 14:05:48 DEBUG [MockBuilder.java:94] set returnMsg -> UOXCRKqTKTVmRHVUTYBh
2020-06-19 14:05:48 DEBUG [MockBuilder.java:94] set noAsnFlag -> L
2020-06-19 14:05:48 DEBUG [MockBuilder.java:94] set truncFlag -> F
2020-06-19 14:05:48 DEBUG [MockBuilder.java:94] set orderType -> v
2020-06-19 14:05:48 DEBUG [MockBuilder.java:94] set shipComplete -> z
2020-06-19 14:05:48 DEBUG [MockBuilder.java:94] set routeByDate -> 1991-11-25
2020-06-19 14:05:48 DEBUG [MockBuilder.java:94] set dunsNbr -> fnYqjAhEbUzXnLm
2020-06-19 14:05:48 DEBUG [MockBuilder.java:94] set shipDateValue -> 1992-02-19
2020-06-19 14:05:48 DEBUG [MockBuilder.java:94] set poType -> IBqRn
2020-06-19 14:05:48 DEBUG [MockBuilder.java:94] set custPmtMeth -> HyMVQCGXCEqvpUYbSHtN
2020-06-19 14:05:48 DEBUG [MockBuilder.java:94] set ohCancelDateValue -> 1987-08-02
2020-06-19 14:05:48 DEBUG [MockBuilder.java:94] set shipDateQualifier -> gqh
2020-06-19 14:05:48 DEBUG [MockBuilder.java:94] set poTypeSuffix -> zSCOyClCMd
2020-06-19 14:05:48 DEBUG [MockBuilder.java:94] set orderTypeDesc -> ePftriRXSQQYPuZ
2020-06-19 14:05:48 DEBUG [MockBuilder.java:94] set inputMethod -> aHMdRIhKMk
2020-06-19 14:05:48 DEBUG [MockBuilder.java:94] set zip -> oYhMlOBfCoL
2020-06-19 14:05:48 DEBUG [MockBuilder.java:94] set errorCode -> wrE
2020-06-19 14:05:48 DEBUG [MockBuilder.java:94] set custSpInst -> RjMoRcFRAeWfqKqTGTHE
2020-06-19 14:05:48 DEBUG [MockBuilder.java:94] set orderWeight -> 3754135.7202076116
2020-06-19 14:05:48 DEBUG [MockBuilder.java:94] set markForStore -> CoaRhbjDCO
2020-06-19 14:05:48 DEBUG [MockBuilder.java:94] set errorDescription -> oTUfdQVryBLkwMwTzOdS
2020-06-19 14:05:48 DEBUG [MockBuilder.java:94] set custWhNbr -> sOdY
2020-06-19 14:05:48 DEBUG [MockBuilder.java:94] set orderRetHand -> 5223232.818793557
2020-06-19 14:05:48 DEBUG [MockBuilder.java:94] set mediaEventCode -> GC
2020-06-19 14:05:48 DEBUG [MockBuilder.java:94] set shipInstruction -> GQznZmuEKtfqgAQhvqYC
2020-06-19 14:05:48 DEBUG [MockBuilder.java:94] set errorTimestamp -> 1970-01-01T01:32
2020-06-19 14:05:48 DEBUG [MockBuilder.java:94] set beg -> EJTkN
2020-06-19 14:05:48 DEBUG [MockBuilder.java:94] set psMsg -> pGLoeOGXbdIIzcUnPeCJ
2020-06-19 14:05:48 DEBUG [MockBuilder.java:94] set userId -> RXPvDCRq
2020-06-19 14:05:48 DEBUG [MockBuilder.java:94] set store -> zwZiCjYVBb
2020-06-19 14:05:48 DEBUG [MockBuilder.java:94] set shipByCutOffDt -> 1993-04-13
2020-06-19 14:05:48 DEBUG [MockBuilder.java:94] set billToState -> il
2020-06-19 14:05:48 DEBUG [MockBuilder.java:94] set shipByDate -> 1993-04-09
2020-06-19 14:05:48 DEBUG [MockBuilder.java:94] set orderRetSh -> 10273.651558145459
2020-06-19 14:05:48 DEBUG [MockBuilder.java:94] set deliveryDate -> 1982-09-07
2020-06-19 14:05:48 DEBUG [MockBuilder.java:94] set state -> GY
2020-06-19 14:05:48 DEBUG [MockBuilder.java:94] set shipCancelDate -> 1987-05-23
2020-06-19 14:05:48 DEBUG [MockBuilder.java:94] set billToStore -> yfbeMjGrvR
2020-06-19 14:05:48 DEBUG [MockBuilder.java:94] set orderRetTax -> 5028011.745434448
2020-06-19 14:05:48 DEBUG [MockBuilder.java:94] set delvCutOffDt -> 1975-06-06
2020-06-19 14:05:48 DEBUG [MockBuilder.java:94] set bsStoreNbr -> GcbaUpfsLU
2020-06-19 14:05:48 DEBUG [MockBuilder.java:94] set vendorNo -> qaSuYKDnHpxcDqo
2020-06-19 14:05:48 DEBUG [MockBuilder.java:94] set divDesc -> KLZUKtDliOjnbiuMTRMK
2020-06-19 14:05:48 DEBUG [MockBuilder.java:94] set cnCity -> lMOuPQoXuqaUCMqEana
2020-06-19 14:05:48 DEBUG [MockBuilder.java:94] set country -> pykCUCcFIXysoYbCHoE
2020-06-19 14:05:48 DEBUG [MockBuilder.java:94] set cancelDateQualifier -> Aba
2020-06-19 14:05:48 DEBUG [MockBuilder.java:94] set wcStore -> CmhqDXVNnk
2020-06-19 14:05:48 DEBUG [MockBuilder.java:94] set custNbr -> VvIdLTt
2020-06-19 14:05:48 DEBUG [MockBuilder.java:94] set addressLine1 -> iAkkshnyFYruJQxmgaar
2020-06-19 14:05:48 DEBUG [MockBuilder.java:94] set destCode -> VO
2020-06-19 14:05:48 DEBUG [MockBuilder.java:94] set agreementNumber -> CcKDZfXlMIwCbUw
2020-06-19 14:05:48 DEBUG [MockBuilder.java:94] set city -> LWSloOzwvLTubNiFJJN
2020-06-19 14:05:48 DEBUG [MockBuilder.java:94] set name -> xYDrAxUAEhsrBJqEsncC
2020-06-19 14:05:48 DEBUG [MockBuilder.java:94] set assignedAgent -> ThMtMSRA
2020-06-19 14:05:48 DEBUG [MockBuilder.java:94] set state -> Xm
2020-06-19 14:05:48 DEBUG [MockBuilder.java:94] set carrierCode -> Dy
2020-06-19 14:05:48 DEBUG [MockBuilder.java:94] set consumerPoDateValue -> 1973-07-20
2020-06-19 14:05:48 DEBUG [MockBuilder.java:94] set addressLine2 -> YzjmpILGFjLAWJbjvFgd
2020-06-19 14:05:48 DEBUG [MockBuilder.java:94] set cbCutLength -> 8422573.967549913
2020-06-19 14:05:48 DEBUG [MockBuilder.java:94] set acctContact -> RcWXUPimUhWiYAPuYPKZ
2020-06-19 14:05:48 DEBUG [MockBuilder.java:94] set city -> RnJMlkCIZktBdejNWuv
2020-06-19 14:05:48 DEBUG [MockBuilder.java:94] set shipToAddress -> LegacyShipToAddress [addressLine1=iAkkshnyFYruJQxmgaar, addressLine2=YzjmpILGFjLAWJbjvFgd, city=LWSloOzwvLTubNiFJJN, cnCity=lMOuPQoXuqaUCMqEana, country=pykCUCcFIXysoYbCHoE, custNbr=VvIdLTt, destCode=VO, flag=745026, name=WFddGxWzelceUOwrfJZU, phone=byZuVvTFfoGDQZu, province=dJvdrzXJEIBXWGHhaan, state=GY, store=zwZiCjYVBb, truncFlag=F, zip=oYhMlOBfCoL]
2020-06-19 14:05:48 DEBUG [MockBuilder.java:94] set consumerShipFlg -> k
2020-06-19 14:05:48 DEBUG [MockBuilder.java:94] set cphone -> lXQhLoVWuEUUiJgySTwf
2020-06-19 14:05:48 DEBUG [MockBuilder.java:94] set ccountry -> EvWwnSrlpzgxknlSYWkO
2020-06-19 14:05:48 DEBUG [MockBuilder.java:94] set addressLine2 -> TvjjMBXXbPxhXvJMksPc
2020-06-19 14:05:48 DEBUG [MockBuilder.java:94] set acknowlegeOrdInd -> v
2020-06-19 14:05:48 DEBUG [MockBuilder.java:94] set city -> rVbBFbepctFsbDBqaPDR
2020-06-19 14:05:48 DEBUG [MockBuilder.java:94] set addressLine1 -> eOfCNLniVAVUWHOiLOGd
2020-06-19 14:05:48 DEBUG [MockBuilder.java:94] set zip -> gvsCYHcYz
2020-06-19 14:05:48 DEBUG [MockBuilder.java:94] set addrKey -> 317667
2020-06-19 14:05:48 DEBUG [MockBuilder.java:94] set authRep -> YYLqMEsmdqgvfdYMPdhA
2020-06-19 14:05:48 DEBUG [MockBuilder.java:94] set addressLine1 -> gghPDbKYiOKYEYlKmrLU
2020-06-19 14:05:48 DEBUG [MockBuilder.java:94] set accountNbr -> hKVlZvGmoxifUtelkAIP
2020-06-19 14:05:48 DEBUG [MockBuilder.java:94] set tpcountry -> MgHXHTeZIymtThWGTaqf
2020-06-19 14:05:48 DEBUG [MockBuilder.java:94] set cprovince -> TorIkhdFdoUjNYuLFARv
2020-06-19 14:05:48 DEBUG [MockBuilder.java:94] set name -> TPWQGQUMGjJBszOTvxHV
2020-06-19 14:05:48 DEBUG [MockBuilder.java:94] set state -> mc
2020-06-19 14:05:48 DEBUG [MockBuilder.java:94] set addressLine2 -> relreElBNCfWEByibfZz
2020-06-19 14:05:48 DEBUG [MockBuilder.java:94] set tpphone -> KqtpcNOivTyxebORFJTH
2020-06-19 14:05:48 DEBUG [MockBuilder.java:94] set authorizationNo -> KtYxNfIQjC
2020-06-19 14:05:48 DEBUG [MockBuilder.java:94] set tpprovince -> zhnEGMyBHehmSlQLmQRy
2020-06-19 14:05:48 DEBUG [MockBuilder.java:94] set name2 -> bhocojOjOplMAssHnDcp
2020-06-19 14:05:48 DEBUG [MockBuilder.java:94] set zip -> fUNprHpFckFWJsqI
2020-06-19 14:05:48 DEBUG [MockBuilder.java:94] set billFlag -> i
2020-06-19 14:05:48 DEBUG [MockBuilder.java:94] set consumerAddress -> LegacyConsumerAddress [cprovince=TorIkhdFdoUjNYuLFARv, ccountry=EvWwnSrlpzgxknlSYWkO, cphone=lXQhLoVWuEUUiJgySTwf, addressLine1=eOfCNLniVAVUWHOiLOGd, addressLine2=TvjjMBXXbPxhXvJMksPc, city=RnJMlkCIZktBdejNWuv, name=xYDrAxUAEhsrBJqEsncC, consumerPoDateValue=1973-07-20, consumerShipFlg=k, state=Xm, zip=gvsCYHcYz]
2020-06-19 14:05:48 DEBUG [MockBuilder.java:94] set thirdPartyAddress -> LegacyThirdPartyAddress [tpprovince=zhnEGMyBHehmSlQLmQRy, tpcountry=MgHXHTeZIymtThWGTaqf, tpphone=KqtpcNOivTyxebORFJTH, addressLine1=gghPDbKYiOKYEYlKmrLU, addressLine2=relreElBNCfWEByibfZz, accountNbr=hKVlZvGmoxifUtelkAIP, billFlag=i, city=rVbBFbepctFsbDBqaPDR, name=TPWQGQUMGjJBszOTvxHV, name2=bhocojOjOplMAssHnDcp, state=mc, zip=fUNprHpFckFWJsqI]
2020-06-19 14:05:48 DEBUG [MockBuilder.java:94] set dates -> null
2020-06-19 14:05:48 DEBUG [MockBuilder.java:94] set lines -> null
2020-06-19 14:05:48 DEBUG [MockBuilder.java:94] set purchasedBy -> hxuLJMayvmlFMWlpNuKo
2020-06-19 14:05:48 DEBUG [MockBuilder.java:94] set rcdCode -> G
2020-06-19 14:05:48 DEBUG [MockBuilder.java:94] set receivedTimestamp -> 1970-01-01T00:33:58
2020-06-19 14:05:48 DEBUG [MockBuilder.java:94] set refTcNbr -> ruhkoYUKwDbPTHraFqdh
2020-06-19 14:05:48 DEBUG [MockHelper.java:99] EdiOrderHeader [legacyOrderNumber=null, acctContact=RcWXUPimUhWiYAPuYPKZ, acknowlegeOrdInd=v, addrKey=317667, agreementNumber=CcKDZfXlMIwCbUw, assignedAgent=ThMtMSRA, authRep=YYLqMEsmdqgvfdYMPdhA, authorizationNo=KtYxNfIQjC, beg=EJTkN, billToState=il, billToStore=yfbeMjGrvR, bsStoreNbr=GcbaUpfsLU, cancelDateQualifier=Aba, carrierCode=Dy, cbCutLength=8422573.967549913, chngLid=TfukSPXF, chngTimestamp=1970-01-01T00:43:39, commCust=HLyJIbB, consStatusMsg=oDdYjLMbBDEudWkCLOBs, contractUsageInd=U, crossDockCenter=AtsVhJEVjq, custDept=LscuA, custPmtMeth=HyMVQCGXCEqvpUYbSHtN, custSpInst=RjMoRcFRAeWfqKqTGTHE, custWhNbr=sOdY, customerCode=Bd, custNbr=PiaOPCC, customerRefNbr=qjd, customerSidemark=qGTizkDCrBhvyRCSfRRB, deliveryDate=1982-09-07, delvCutOffDt=1975-06-06, divDesc=KLZUKtDliOjnbiuMTRMK, dunsNbr=fnYqjAhEbUzXnLm, errorCode=wrE, errorDescription=oTUfdQVryBLkwMwTzOdS, errorTimestamp=1970-01-01T01:32, eventInfo=zqqyReiupNoqqWu, explodeFlag=s, fobPoint=pm, frtCode=R, giftMessage1=KYRnzrUSZrMGWtiHTocQ, giftMessage2=EnMpCsoxApAeBeijiDws, hostAlertFlag=F, inputMethod=aHMdRIhKMk, markForStore=CoaRhbjDCO, mediaEventCode=GC, nbDate=1982-10-22, newStoreInd=X, noAsnFlag=L, ohCancelDateValue=1987-08-02, ohStatusCode=N, onNote=YgvznRgEoaGzzYTInpxM, onlineType=r, orderDate=1986-05-19, orderLoc=01, orderMerCost=7830677.334573909, shawOrderNumber=APcTYj, orderRetHand=5223232.818793557, orderRetSh=10273.651558145459, orderRetTax=5028011.745434448, orderRetTotal=4658853.607046578, orderType=S, orderTypeDesc=SAMPLES, orderWeight=3754135.7202076116, orderingSystem=xJ, phoneNumber=bLpmnJCQdxe, poControl=djtmL, poDateValue=1978-07-25, poDateQualifier=ibt, poNumber=DDoUZlbnTPFdaZOXbeSm, poQual=bk, poType=IBqRn, poTypeSuffix=zSCOyClCMd, psMsg=pGLoeOGXbdIIzcUnPeCJ, purchasedBy=hxuLJMayvmlFMWlpNuKo, rcdCode=G, receivedTimestamp=1970-01-01T00:33:58, refTcNbr=ruhkoYUKwDbPTHraFqdh, reserveOrderInd=G, returnMsg=UOXCRKqTKTVmRHVUTYBh, routeByDate=1991-11-25, salesCheckNumber=pWmXcePzyBwpXxridGbx, salesReqCode=wh, sellCo=bJ, seqNbr=130664, shipByCutOffDt=1993-04-13, shipByDate=1993-04-09, shipCancelDate=1987-05-23, shipComplete=z, shipDateValue=1992-02-19, shipDateQualifier=gqh, shipInstruction=GQznZmuEKtfqgAQhvqYC, shipPartCompInd=x, shipPt=uF, specialInstruct1=iNOEomONBoBejLKwWakN, specialInstruct2=AQWqoLwatTFomCyijorc, specialInstruct3=vJBWriPxUWzAPfcvhsDg, specialInstruct4=aHbMIzJhHBpnidArfQme, specialPoNo=AWJpcrLISkOYIhmJpbYH, srvLevel=aA, statusCode=k, stdCarrAlphaInd=jlkb, storeName=ErYZWEuzUKRUtvoPYvPc, termsNetDays=JYC, termsTypeFlag=mY, totalBindingFt=8546545.693224104, userId=RXPvDCRq, vendorNo=qaSuYKDnHpxcDqo, wcStore=CmhqDXVNnk, consumerAddress=LegacyConsumerAddress [cprovince=TorIkhdFdoUjNYuLFARv, ccountry=EvWwnSrlpzgxknlSYWkO, cphone=lXQhLoVWuEUUiJgySTwf, addressLine1=eOfCNLniVAVUWHOiLOGd, addressLine2=TvjjMBXXbPxhXvJMksPc, city=RnJMlkCIZktBdejNWuv, name=xYDrAxUAEhsrBJqEsncC, consumerPoDateValue=1973-07-20, consumerShipFlg=k, state=Xm, zip=gvsCYHcYz], shipToAddress=LegacyShipToAddress [addressLine1=iAkkshnyFYruJQxmgaar, addressLine2=YzjmpILGFjLAWJbjvFgd, city=LWSloOzwvLTubNiFJJN, cnCity=lMOuPQoXuqaUCMqEana, country=pykCUCcFIXysoYbCHoE, custNbr=VvIdLTt, destCode=VO, flag=745026, name=WFddGxWzelceUOwrfJZU, phone=byZuVvTFfoGDQZu, province=dJvdrzXJEIBXWGHhaan, state=GY, store=zwZiCjYVBb, truncFlag=F, zip=oYhMlOBfCoL], thirdPartyAddress=LegacyThirdPartyAddress [tpprovince=zhnEGMyBHehmSlQLmQRy, tpcountry=MgHXHTeZIymtThWGTaqf, tpphone=KqtpcNOivTyxebORFJTH, addressLine1=gghPDbKYiOKYEYlKmrLU, addressLine2=relreElBNCfWEByibfZz, accountNbr=hKVlZvGmoxifUtelkAIP, billFlag=i, city=rVbBFbepctFsbDBqaPDR, name=TPWQGQUMGjJBszOTvxHV, name2=bhocojOjOplMAssHnDcp, state=mc, zip=fUNprHpFckFWJsqI], dates=null, lines=null]
Hibernate: call next value for SHXP.EDI_ORDER_NBR
Hibernate: insert into EDI_ORDER_HEADER (ACCT_CONTACT, ACKNOWLEGE_ORD_IND, ADDR_KEY, AGREEMENT_NUMBER, ASSIGNED_AGENT, AUTH_REP, AUTHORIZATION_NO, beg, BILL_TO_STATE, BILL_TO_STORE, BS_STORE_NBR, CANCEL_DATE_QUAL, CARRIER_CODE, CB_CUT_LENGTH, CHNG_LID, CHNG_TIMESTAMP, COMM_CUST, CONS_STATUS_MSG, CONSUMER_ADDRESS, CONSUMER_ADDRESS_2, CONSUMER_CITY, CONSUMER_PO_DATE, CONSUMER_SHIP_FLG, CONSUMER_NAME, CONSUMER_STATE, CONSUMER_ZIP, CONTRACT_USAGE_IND, CROSS_DOCK_CENTER, CUST_DEPT, CUSTOMER_NUMBER, CUST_PMT_METH, CUST_SP_INST, CUST_WH_NBR, CUSTOMER_CODE, CUSTOMER_REF_NBR, CUSTOMER_SIDEMARK, DELIVERY_DATE, DELV_CUT_OFF_DT, DIV_DESC, DUNS_NBR, ERROR_CODE, ERROR_DESCRIPTION, ERROR_TIMESTAMP, EVENT_INFO, EXPLODE_FLAG, FOB_POINT, FRT_CODE, GIFT_MESSAGE_1, GIFT_MESSAGE_2, HOST_ALERT_FLAG, INPUT_METHOD, MARK_FOR_STORE, MEDIA_EVENT_CODE, NB_DATE, NEW_STORE_IND, NO_ASN_FLAG, OH_CANCEL_DATE, OH_STATUS_CODE, ON_NOTE, ONLINE_TYPE, ORDER_DATE, ORDER_LOC, ORDER_MER_COST, ORDER_RET_HAND, ORDER_RET_SH, ORDER_RET_TAX, ORDER_RET_TOTAL, ORDER_TYPE, ORDER_TYPE_DESC, ORDER_WEIGHT, ORDERING_SYSTEM, PHONE_NUMBER, PO_CONTROL, PO_DATE_QUAL, PO_DATE, PO_NUMBER, PO_QUAL, PO_TYPE, PO_TYPE_SUFFIX, PS_MSG, PURCHASED_BY, RCD_CODE, RECEIVED_TIMESTAMP, REF_TC_NBR, RESERVE_ORDER_IND, RETURN_MSG, ROUTE_BY_DATE, SALES_CHECK_NUMBER, SALES_REQ_CODE, SELL_CO, SEQ_NBR, ORDER_NUMBER, SHIP_BY_CUT_OFF_DT, SHIP_BY_DATE, SHIP_CANCEL_DATE, SHIP_COMPLETE, SHIP_DATE_QUAL, SHIP_DATE, SHIP_INSTRUCTION, SHIP_PART_COMP_IND, SHIP_PT, SHIP_TO_ADDRESS_1, SHIP_TO_ADDRESS_2, SHIP_TO_CITY, SHIP_TO_CN_CITY, SHIP_TO_COUNTRY, SHIP_TO_CUST_NBR, SHIP_TO_DEST_COD, SHIP_TO_FLAG, SHIP_TO_NAME, SHIP_TO_PHONE, SHIP_TO_PROVENCE, SHIP_TO_STATE, SHIP_TO_STORE, SHIP_TO_TRUNC_FLG, SHIP_TO_ZIP, SPECIAL_INSTRUCT_1, SPECIAL_INSTRUCT_2, SPECIAL_INSTRUCT_3, SPECIAL_INSTRUCT_4, SPECIAL_PO_NO, SRV_LEVEL, STATUS_CODE, STD_CARR_ALPHA_IND, STORE_NAME, TERMS_NET_DAYS, TERMS_TYPE_FLAG, THIRD_PARTY_ACCT_NBR, THIRD_PARTY_ADDR_1, THIRD_PARTY_ADDR_2, THIRD_PARTY_BILL_FLAG, THIRD_PARTY_CITY, THIRD_PARTY_NAME, THIRD_PARTY_NAME_2, THIRD_PARTY_STATE, THIRD_PARTY_ZIP, TOTAL_BINDING_FT, USER_ID, VENDOR_NO, WC_STORE, EDI_ORDER_NUMBER) values (?, ?, ?, ?, ?, ?, ?, ?, ?, ?, ?, ?, ?, ?, ?, ?, ?, ?, ?, ?, ?, ?, ?, ?, ?, ?, ?, ?, ?, ?, ?, ?, ?, ?, ?, ?, ?, ?, ?, ?, ?, ?, ?, ?, ?, ?, ?, ?, ?, ?, ?, ?, ?, ?, ?, ?, ?, ?, ?, ?, ?, ?, ?, ?, ?, ?, ?, ?, ?, ?, ?, ?, ?, ?, ?, ?, ?, ?, ?, ?, ?, ?, ?, ?, ?, ?, ?, ?, ?, ?, ?, ?, ?, ?, ?, ?, ?, ?, ?, ?, ?, ?, ?, ?, ?, ?, ?, ?, ?, ?, ?, ?, ?, ?, ?, ?, ?, ?, ?, ?, ?, ?, ?, ?, ?, ?, ?, ?, ?, ?, ?, ?, ?, ?, ?, ?, ?, ?, ?, ?, ?)
2020-06-19 14:05:48 TRACE [BasicBinder.java:64] binding parameter [1] as [VARCHAR] - [RcWXUPimUhWiYAPuYPKZ]
2020-06-19 14:05:48 TRACE [BasicBinder.java:64] binding parameter [2] as [VARCHAR] - [v]
2020-06-19 14:05:48 TRACE [BasicBinder.java:64] binding parameter [3] as [INTEGER] - [317667]
2020-06-19 14:05:48 TRACE [BasicBinder.java:64] binding parameter [4] as [VARCHAR] - [CcKDZfXlMIwCbUw]
2020-06-19 14:05:48 TRACE [BasicBinder.java:64] binding parameter [5] as [VARCHAR] - [ThMtMSRA]
2020-06-19 14:05:48 TRACE [BasicBinder.java:64] binding parameter [6] as [VARCHAR] - [YYLqMEsmdqgvfdYMPdhA]
2020-06-19 14:05:48 TRACE [BasicBinder.java:64] binding parameter [7] as [VARCHAR] - [KtYxNfIQjC]
2020-06-19 14:05:48 TRACE [BasicBinder.java:64] binding parameter [8] as [VARCHAR] - [EJTkN]
2020-06-19 14:05:48 TRACE [BasicBinder.java:64] binding parameter [9] as [VARCHAR] - [il]
2020-06-19 14:05:48 TRACE [BasicBinder.java:64] binding parameter [10] as [VARCHAR] - [yfbeMjGrvR]
2020-06-19 14:05:48 TRACE [BasicBinder.java:64] binding parameter [11] as [VARCHAR] - [GcbaUpfsLU]
2020-06-19 14:05:48 TRACE [BasicBinder.java:64] binding parameter [12] as [VARCHAR] - [Aba]
2020-06-19 14:05:48 TRACE [BasicBinder.java:64] binding parameter [13] as [VARCHAR] - [Dy]
2020-06-19 14:05:48 TRACE [BasicBinder.java:64] binding parameter [14] as [DOUBLE] - [8422573.967549913]
2020-06-19 14:05:48 TRACE [BasicBinder.java:64] binding parameter [15] as [VARCHAR] - [TfukSPXF]
2020-06-19 14:05:48 TRACE [BasicBinder.java:64] binding parameter [16] as [TIMESTAMP] - [1970-01-01T00:43:39]
2020-06-19 14:05:48 TRACE [BasicBinder.java:64] binding parameter [17] as [VARCHAR] - [HLyJIbB]
2020-06-19 14:05:48 TRACE [BasicBinder.java:64] binding parameter [18] as [VARCHAR] - [oDdYjLMbBDEudWkCLOBs]
2020-06-19 14:05:48 TRACE [BasicBinder.java:64] binding parameter [19] as [VARCHAR] - [eOfCNLniVAVUWHOiLOGd]
2020-06-19 14:05:48 TRACE [BasicBinder.java:64] binding parameter [20] as [VARCHAR] - [TvjjMBXXbPxhXvJMksPc]
2020-06-19 14:05:48 TRACE [BasicBinder.java:64] binding parameter [21] as [VARCHAR] - [RnJMlkCIZktBdejNWuv]
2020-06-19 14:05:48 TRACE [BasicBinder.java:64] binding parameter [22] as [DATE] - [1973-07-20]
2020-06-19 14:05:48 TRACE [BasicBinder.java:64] binding parameter [23] as [VARCHAR] - [k]
2020-06-19 14:05:48 TRACE [BasicBinder.java:64] binding parameter [24] as [VARCHAR] - [xYDrAxUAEhsrBJqEsncC]
2020-06-19 14:05:48 TRACE [BasicBinder.java:64] binding parameter [25] as [VARCHAR] - [Xm]
2020-06-19 14:05:48 TRACE [BasicBinder.java:64] binding parameter [26] as [VARCHAR] - [gvsCYHcYz]
2020-06-19 14:05:48 TRACE [BasicBinder.java:64] binding parameter [27] as [VARCHAR] - [U]
2020-06-19 14:05:48 TRACE [BasicBinder.java:64] binding parameter [28] as [VARCHAR] - [AtsVhJEVjq]
2020-06-19 14:05:48 TRACE [BasicBinder.java:64] binding parameter [29] as [VARCHAR] - [LscuA]
2020-06-19 14:05:48 TRACE [BasicBinder.java:64] binding parameter [30] as [VARCHAR] - [PiaOPCC]
2020-06-19 14:05:48 TRACE [BasicBinder.java:64] binding parameter [31] as [VARCHAR] - [HyMVQCGXCEqvpUYbSHtN]
2020-06-19 14:05:48 TRACE [BasicBinder.java:64] binding parameter [32] as [VARCHAR] - [RjMoRcFRAeWfqKqTGTHE]
2020-06-19 14:05:48 TRACE [BasicBinder.java:64] binding parameter [33] as [VARCHAR] - [sOdY]
2020-06-19 14:05:48 TRACE [BasicBinder.java:64] binding parameter [34] as [VARCHAR] - [Bd]
2020-06-19 14:05:48 TRACE [BasicBinder.java:64] binding parameter [35] as [VARCHAR] - [qjd]
2020-06-19 14:05:48 TRACE [BasicBinder.java:64] binding parameter [36] as [VARCHAR] - [qGTizkDCrBhvyRCSfRRB]
2020-06-19 14:05:48 TRACE [BasicBinder.java:64] binding parameter [37] as [DATE] - [1982-09-07]
2020-06-19 14:05:48 TRACE [BasicBinder.java:64] binding parameter [38] as [DATE] - [1975-06-06]
2020-06-19 14:05:48 TRACE [BasicBinder.java:64] binding parameter [39] as [VARCHAR] - [KLZUKtDliOjnbiuMTRMK]
2020-06-19 14:05:48 TRACE [BasicBinder.java:64] binding parameter [40] as [VARCHAR] - [fnYqjAhEbUzXnLm]
2020-06-19 14:05:48 TRACE [BasicBinder.java:64] binding parameter [41] as [VARCHAR] - [wrE]
2020-06-19 14:05:48 TRACE [BasicBinder.java:64] binding parameter [42] as [VARCHAR] - [oTUfdQVryBLkwMwTzOdS]
2020-06-19 14:05:48 TRACE [BasicBinder.java:64] binding parameter [43] as [TIMESTAMP] - [1970-01-01T01:32]
2020-06-19 14:05:48 TRACE [BasicBinder.java:64] binding parameter [44] as [VARCHAR] - [zqqyReiupNoqqWu]
2020-06-19 14:05:48 TRACE [BasicBinder.java:64] binding parameter [45] as [VARCHAR] - [s]
2020-06-19 14:05:48 TRACE [BasicBinder.java:64] binding parameter [46] as [VARCHAR] - [pm]
2020-06-19 14:05:48 TRACE [BasicBinder.java:64] binding parameter [47] as [VARCHAR] - [R]
2020-06-19 14:05:48 TRACE [BasicBinder.java:64] binding parameter [48] as [VARCHAR] - [KYRnzrUSZrMGWtiHTocQ]
2020-06-19 14:05:48 TRACE [BasicBinder.java:64] binding parameter [49] as [VARCHAR] - [EnMpCsoxApAeBeijiDws]
2020-06-19 14:05:48 TRACE [BasicBinder.java:64] binding parameter [50] as [VARCHAR] - [F]
2020-06-19 14:05:48 TRACE [BasicBinder.java:64] binding parameter [51] as [VARCHAR] - [aHMdRIhKMk]
2020-06-19 14:05:48 TRACE [BasicBinder.java:64] binding parameter [52] as [VARCHAR] - [CoaRhbjDCO]
2020-06-19 14:05:48 TRACE [BasicBinder.java:64] binding parameter [53] as [VARCHAR] - [GC]
2020-06-19 14:05:48 TRACE [BasicBinder.java:64] binding parameter [54] as [DATE] - [1982-10-22]
2020-06-19 14:05:48 TRACE [BasicBinder.java:64] binding parameter [55] as [VARCHAR] - [X]
2020-06-19 14:05:48 TRACE [BasicBinder.java:64] binding parameter [56] as [VARCHAR] - [L]
2020-06-19 14:05:48 TRACE [BasicBinder.java:64] binding parameter [57] as [DATE] - [1987-08-02]
2020-06-19 14:05:48 TRACE [BasicBinder.java:64] binding parameter [58] as [VARCHAR] - [N]
2020-06-19 14:05:48 TRACE [BasicBinder.java:64] binding parameter [59] as [VARCHAR] - [YgvznRgEoaGzzYTInpxM]
2020-06-19 14:05:48 TRACE [BasicBinder.java:64] binding parameter [60] as [VARCHAR] - [r]
2020-06-19 14:05:48 TRACE [BasicBinder.java:64] binding parameter [61] as [DATE] - [1986-05-19]
2020-06-19 14:05:48 TRACE [BasicBinder.java:64] binding parameter [62] as [VARCHAR] - [01]
2020-06-19 14:05:48 TRACE [BasicBinder.java:64] binding parameter [63] as [DOUBLE] - [7830677.334573909]
2020-06-19 14:05:48 TRACE [BasicBinder.java:64] binding parameter [64] as [DOUBLE] - [5223232.818793557]
2020-06-19 14:05:48 TRACE [BasicBinder.java:64] binding parameter [65] as [DOUBLE] - [10273.651558145459]
2020-06-19 14:05:48 TRACE [BasicBinder.java:64] binding parameter [66] as [DOUBLE] - [5028011.745434448]
2020-06-19 14:05:48 TRACE [BasicBinder.java:64] binding parameter [67] as [DOUBLE] - [4658853.607046578]
2020-06-19 14:05:48 TRACE [BasicBinder.java:64] binding parameter [68] as [VARCHAR] - [S]
2020-06-19 14:05:48 TRACE [BasicBinder.java:64] binding parameter [69] as [VARCHAR] - [SAMPLES]
2020-06-19 14:05:48 TRACE [BasicBinder.java:64] binding parameter [70] as [DOUBLE] - [3754135.7202076116]
2020-06-19 14:05:48 TRACE [BasicBinder.java:64] binding parameter [71] as [VARCHAR] - [xJ]
2020-06-19 14:05:48 TRACE [BasicBinder.java:64] binding parameter [72] as [VARCHAR] - [bLpmnJCQdxe]
2020-06-19 14:05:48 TRACE [BasicBinder.java:64] binding parameter [73] as [VARCHAR] - [djtmL]
2020-06-19 14:05:48 TRACE [BasicBinder.java:64] binding parameter [74] as [VARCHAR] - [ibt]
2020-06-19 14:05:48 TRACE [BasicBinder.java:64] binding parameter [75] as [DATE] - [1978-07-25]
2020-06-19 14:05:48 TRACE [BasicBinder.java:64] binding parameter [76] as [VARCHAR] - [DDoUZlbnTPFdaZOXbeSm]
2020-06-19 14:05:48 TRACE [BasicBinder.java:64] binding parameter [77] as [VARCHAR] - [bk]
2020-06-19 14:05:48 TRACE [BasicBinder.java:64] binding parameter [78] as [VARCHAR] - [IBqRn]
2020-06-19 14:05:48 TRACE [BasicBinder.java:64] binding parameter [79] as [VARCHAR] - [zSCOyClCMd]
2020-06-19 14:05:48 TRACE [BasicBinder.java:64] binding parameter [80] as [VARCHAR] - [pGLoeOGXbdIIzcUnPeCJ]
2020-06-19 14:05:48 TRACE [BasicBinder.java:64] binding parameter [81] as [VARCHAR] - [hxuLJMayvmlFMWlpNuKo]
2020-06-19 14:05:48 TRACE [BasicBinder.java:64] binding parameter [82] as [VARCHAR] - [G]
2020-06-19 14:05:48 TRACE [BasicBinder.java:64] binding parameter [83] as [TIMESTAMP] - [1970-01-01T00:33:58]
2020-06-19 14:05:48 TRACE [BasicBinder.java:64] binding parameter [84] as [VARCHAR] - [ruhkoYUKwDbPTHraFqdh]
2020-06-19 14:05:48 TRACE [BasicBinder.java:64] binding parameter [85] as [VARCHAR] - [G]
2020-06-19 14:05:48 TRACE [BasicBinder.java:64] binding parameter [86] as [VARCHAR] - [UOXCRKqTKTVmRHVUTYBh]
2020-06-19 14:05:48 TRACE [BasicBinder.java:64] binding parameter [87] as [DATE] - [1991-11-25]
2020-06-19 14:05:48 TRACE [BasicBinder.java:64] binding parameter [88] as [VARCHAR] - [pWmXcePzyBwpXxridGbx]
2020-06-19 14:05:48 TRACE [BasicBinder.java:64] binding parameter [89] as [VARCHAR] - [wh]
2020-06-19 14:05:48 TRACE [BasicBinder.java:64] binding parameter [90] as [VARCHAR] - [bJ]
2020-06-19 14:05:48 TRACE [BasicBinder.java:64] binding parameter [91] as [INTEGER] - [130664]
2020-06-19 14:05:48 TRACE [BasicBinder.java:64] binding parameter [92] as [VARCHAR] - [APcTYj]
2020-06-19 14:05:48 TRACE [BasicBinder.java:64] binding parameter [93] as [DATE] - [1993-04-13]
2020-06-19 14:05:48 TRACE [BasicBinder.java:64] binding parameter [94] as [DATE] - [1993-04-09]
2020-06-19 14:05:48 TRACE [BasicBinder.java:64] binding parameter [95] as [DATE] - [1987-05-23]
2020-06-19 14:05:48 TRACE [BasicBinder.java:64] binding parameter [96] as [VARCHAR] - [z]
2020-06-19 14:05:48 TRACE [BasicBinder.java:64] binding parameter [97] as [VARCHAR] - [gqh]
2020-06-19 14:05:48 TRACE [BasicBinder.java:64] binding parameter [98] as [DATE] - [1992-02-19]
2020-06-19 14:05:48 TRACE [BasicBinder.java:64] binding parameter [99] as [VARCHAR] - [GQznZmuEKtfqgAQhvqYC]
2020-06-19 14:05:48 TRACE [BasicBinder.java:64] binding parameter [100] as [VARCHAR] - [x]
2020-06-19 14:05:48 TRACE [BasicBinder.java:64] binding parameter [101] as [VARCHAR] - [uF]
2020-06-19 14:05:48 TRACE [BasicBinder.java:64] binding parameter [102] as [VARCHAR] - [iAkkshnyFYruJQxmgaar]
2020-06-19 14:05:48 TRACE [BasicBinder.java:64] binding parameter [103] as [VARCHAR] - [YzjmpILGFjLAWJbjvFgd]
2020-06-19 14:05:48 TRACE [BasicBinder.java:64] binding parameter [104] as [VARCHAR] - [LWSloOzwvLTubNiFJJN]
2020-06-19 14:05:48 TRACE [BasicBinder.java:64] binding parameter [105] as [VARCHAR] - [lMOuPQoXuqaUCMqEana]
2020-06-19 14:05:48 TRACE [BasicBinder.java:64] binding parameter [106] as [VARCHAR] - [pykCUCcFIXysoYbCHoE]
2020-06-19 14:05:48 TRACE [BasicBinder.java:64] binding parameter [107] as [VARCHAR] - [VvIdLTt]
2020-06-19 14:05:48 TRACE [BasicBinder.java:64] binding parameter [108] as [VARCHAR] - [VO]
2020-06-19 14:05:48 TRACE [BasicBinder.java:64] binding parameter [109] as [INTEGER] - [745026]
2020-06-19 14:05:48 TRACE [BasicBinder.java:64] binding parameter [110] as [VARCHAR] - [WFddGxWzelceUOwrfJZU]
2020-06-19 14:05:48 TRACE [BasicBinder.java:64] binding parameter [111] as [VARCHAR] - [byZuVvTFfoGDQZu]
2020-06-19 14:05:48 TRACE [BasicBinder.java:64] binding parameter [112] as [VARCHAR] - [dJvdrzXJEIBXWGHhaan]
2020-06-19 14:05:48 TRACE [BasicBinder.java:64] binding parameter [113] as [VARCHAR] - [GY]
2020-06-19 14:05:48 TRACE [BasicBinder.java:64] binding parameter [114] as [VARCHAR] - [zwZiCjYVBb]
2020-06-19 14:05:48 TRACE [BasicBinder.java:64] binding parameter [115] as [VARCHAR] - [F]
2020-06-19 14:05:48 TRACE [BasicBinder.java:64] binding parameter [116] as [VARCHAR] - [oYhMlOBfCoL]
2020-06-19 14:05:48 TRACE [BasicBinder.java:64] binding parameter [117] as [VARCHAR] - [iNOEomONBoBejLKwWakN]
2020-06-19 14:05:48 TRACE [BasicBinder.java:64] binding parameter [118] as [VARCHAR] - [AQWqoLwatTFomCyijorc]
2020-06-19 14:05:48 TRACE [BasicBinder.java:64] binding parameter [119] as [VARCHAR] - [vJBWriPxUWzAPfcvhsDg]
2020-06-19 14:05:48 TRACE [BasicBinder.java:64] binding parameter [120] as [VARCHAR] - [aHbMIzJhHBpnidArfQme]
2020-06-19 14:05:48 TRACE [BasicBinder.java:64] binding parameter [121] as [VARCHAR] - [AWJpcrLISkOYIhmJpbYH]
2020-06-19 14:05:48 TRACE [BasicBinder.java:64] binding parameter [122] as [VARCHAR] - [aA]
2020-06-19 14:05:48 TRACE [BasicBinder.java:64] binding parameter [123] as [VARCHAR] - [k]
2020-06-19 14:05:48 TRACE [BasicBinder.java:64] binding parameter [124] as [VARCHAR] - [jlkb]
2020-06-19 14:05:48 TRACE [BasicBinder.java:64] binding parameter [125] as [VARCHAR] - [ErYZWEuzUKRUtvoPYvPc]
2020-06-19 14:05:48 TRACE [BasicBinder.java:64] binding parameter [126] as [VARCHAR] - [JYC]
2020-06-19 14:05:48 TRACE [BasicBinder.java:64] binding parameter [127] as [VARCHAR] - [mY]
2020-06-19 14:05:48 TRACE [BasicBinder.java:64] binding parameter [128] as [VARCHAR] - [hKVlZvGmoxifUtelkAIP]
2020-06-19 14:05:48 TRACE [BasicBinder.java:64] binding parameter [129] as [VARCHAR] - [gghPDbKYiOKYEYlKmrLU]
2020-06-19 14:05:48 TRACE [BasicBinder.java:64] binding parameter [130] as [VARCHAR] - [relreElBNCfWEByibfZz]
2020-06-19 14:05:48 TRACE [BasicBinder.java:64] binding parameter [131] as [VARCHAR] - [i]
2020-06-19 14:05:48 TRACE [BasicBinder.java:64] binding parameter [132] as [VARCHAR] - [rVbBFbepctFsbDBqaPDR]
2020-06-19 14:05:48 TRACE [BasicBinder.java:64] binding parameter [133] as [VARCHAR] - [TPWQGQUMGjJBszOTvxHV]
2020-06-19 14:05:48 TRACE [BasicBinder.java:64] binding parameter [134] as [VARCHAR] - [bhocojOjOplMAssHnDcp]
2020-06-19 14:05:48 TRACE [BasicBinder.java:64] binding parameter [135] as [VARCHAR] - [mc]
2020-06-19 14:05:48 TRACE [BasicBinder.java:64] binding parameter [136] as [VARCHAR] - [fUNprHpFckFWJsqI]
2020-06-19 14:05:48 TRACE [BasicBinder.java:64] binding parameter [137] as [DOUBLE] - [8546545.693224104]
2020-06-19 14:05:48 TRACE [BasicBinder.java:64] binding parameter [138] as [VARCHAR] - [RXPvDCRq]
2020-06-19 14:05:48 TRACE [BasicBinder.java:64] binding parameter [139] as [VARCHAR] - [qaSuYKDnHpxcDqo]
2020-06-19 14:05:48 TRACE [BasicBinder.java:64] binding parameter [140] as [VARCHAR] - [CmhqDXVNnk]
2020-06-19 14:05:48 TRACE [BasicBinder.java:64] binding parameter [141] as [BIGINT] - [5]
2020-06-19 14:05:48 DEBUG [MockBuilder.java:94] set srvLevel -> tr
2020-06-19 14:05:48 DEBUG [MockBuilder.java:94] set phone -> qitBcYUeRhXokIm
2020-06-19 14:05:48 DEBUG [MockBuilder.java:94] set shipPartCompInd -> G
2020-06-19 14:05:48 DEBUG [MockBuilder.java:94] set beg -> eZXmQ
2020-06-19 14:05:48 DEBUG [MockBuilder.java:94] set storeName -> rlMJSGuPvqmqZNhZbUwP
2020-06-19 14:05:48 DEBUG [MockBuilder.java:94] set statusCode -> Q
2020-06-19 14:05:48 DEBUG [MockBuilder.java:94] set shipPt -> sf
2020-06-19 14:05:48 DEBUG [MockBuilder.java:94] set eventInfo -> RDUqScFenfaAQkn
2020-06-19 14:05:48 DEBUG [MockBuilder.java:94] set billToState -> sB
2020-06-19 14:05:48 DEBUG [MockBuilder.java:94] set stdCarrAlphaInd -> QnUg
2020-06-19 14:05:48 DEBUG [MockBuilder.java:94] set consStatusMsg -> XjIsCyYiCAOIIdvgLoGl
2020-06-19 14:05:48 DEBUG [MockBuilder.java:94] set explodeFlag -> Y
2020-06-19 14:05:48 DEBUG [MockBuilder.java:94] set province -> lnjUmHJbvwEFonRfhbK
2020-06-19 14:05:48 DEBUG [MockBuilder.java:94] set specialInstruct1 -> sWpWWWPImNtTXwPRCKeS
2020-06-19 14:05:48 DEBUG [MockBuilder.java:94] set termsNetDays -> fmk
2020-06-19 14:05:48 DEBUG [MockBuilder.java:94] set contractUsageInd -> L
2020-06-19 14:05:48 DEBUG [MockBuilder.java:94] set fobPoint -> Fc
2020-06-19 14:05:48 DEBUG [MockBuilder.java:94] set specialInstruct2 -> xgmIIRavxjwYwgPYQhbe
2020-06-19 14:05:48 DEBUG [MockBuilder.java:94] set frtCode -> e
2020-06-19 14:05:48 DEBUG [MockBuilder.java:94] set name -> tZIuaqZmDsjJZulvQnka
2020-06-19 14:05:48 DEBUG [MockBuilder.java:94] set specialInstruct3 -> kSrXyZxxfQuzxxTnkSmp
2020-06-19 14:05:48 DEBUG [MockBuilder.java:94] set billToStore -> qHgnpnHAaK
2020-06-19 14:05:48 DEBUG [MockBuilder.java:94] set giftMessage1 -> llPBECuHGkvmEdayzZfr
2020-06-19 14:05:48 DEBUG [MockBuilder.java:94] set ohStatusCode -> V
2020-06-19 14:05:48 DEBUG [MockBuilder.java:94] set specialInstruct4 -> ESlGDSLDBlGfGqppPPNB
2020-06-19 14:05:48 DEBUG [MockBuilder.java:94] set bsStoreNbr -> jlYiDDUKsM
2020-06-19 14:05:48 DEBUG [MockBuilder.java:94] set giftMessage2 -> HSvDQgepNIgSsLLLnyYS
2020-06-19 14:05:48 DEBUG [MockBuilder.java:94] set flag -> 773108
2020-06-19 14:05:48 DEBUG [MockBuilder.java:94] set cancelDateQualifier -> Cla
2020-06-19 14:05:48 DEBUG [MockBuilder.java:94] set hostAlertFlag -> m
2020-06-19 14:05:48 DEBUG [MockBuilder.java:94] set onNote -> mLRKuDiHuxyfaHqMFjlx
2020-06-19 14:05:48 DEBUG [MockBuilder.java:94] set carrierCode -> gY
2020-06-19 14:05:48 DEBUG [MockBuilder.java:94] set truncFlag -> R
2020-06-19 14:05:48 DEBUG [MockBuilder.java:94] set dunsNbr -> mzGUDhYZMFPQUCj
2020-06-19 14:05:48 DEBUG [MockBuilder.java:94] set crossDockCenter -> dGukCMzJOa
2020-06-19 14:05:48 DEBUG [MockBuilder.java:94] set onlineType -> F
2020-06-19 14:05:48 DEBUG [MockBuilder.java:94] set cbCutLength -> 4880108.9597740425
2020-06-19 14:05:48 DEBUG [MockBuilder.java:94] set errorCode -> UYe
2020-06-19 14:05:48 DEBUG [MockBuilder.java:94] set custDept -> KJllb
2020-06-19 14:05:48 DEBUG [MockBuilder.java:94] set termsTypeFlag -> Dk
2020-06-19 14:05:48 DEBUG [MockBuilder.java:94] set errorDescription -> ThIspReFPOiJCPCWCLhe
2020-06-19 14:05:48 DEBUG [MockBuilder.java:94] set specialPoNo -> xxBgpKPUUJrNSkKwKTJs
2020-06-19 14:05:48 DEBUG [MockBuilder.java:94] set chngLid -> ivkPpcEE
2020-06-19 14:05:48 DEBUG [MockBuilder.java:94] set totalBindingFt -> 9608632.804179853
2020-06-19 14:05:48 DEBUG [MockBuilder.java:94] set zip -> KqycKvhCqLe
2020-06-19 14:05:48 DEBUG [MockBuilder.java:94] set chngTimestamp -> 1970-01-01T01:03:55
2020-06-19 14:05:48 DEBUG [MockBuilder.java:94] set orderingSystem -> zl
2020-06-19 14:05:48 DEBUG [MockBuilder.java:94] set phoneNumber -> OJMpKeejgiI
2020-06-19 14:05:48 DEBUG [MockBuilder.java:94] set commCust -> klMpbkQ
2020-06-19 14:05:48 DEBUG [MockBuilder.java:94] set agreementNumber -> mBcxoFAHpDoZTJb
2020-06-19 14:05:48 DEBUG [MockBuilder.java:94] set orderDate -> 1984-03-24
2020-06-19 14:05:48 DEBUG [MockBuilder.java:94] set customerCode -> kt
2020-06-19 14:05:48 DEBUG [MockBuilder.java:94] set assignedAgent -> uFjtfllA
2020-06-19 14:05:48 DEBUG [MockBuilder.java:94] set errorTimestamp -> 1970-01-01T01:51:26
2020-06-19 14:05:48 DEBUG [MockBuilder.java:94] set custNbr -> WgvJveJ
2020-06-19 14:05:48 DEBUG [MockBuilder.java:94] set orderLoc -> pW
2020-06-19 14:05:48 DEBUG [MockBuilder.java:94] set deliveryDate -> 1973-05-19
2020-06-19 14:05:48 DEBUG [MockBuilder.java:94] set shipComplete -> l
2020-06-19 14:05:48 DEBUG [MockBuilder.java:94] set orderMerCost -> 4945972.85876089
2020-06-19 14:05:48 DEBUG [MockBuilder.java:94] set store -> WSJrDPJGbj
2020-06-19 14:05:48 DEBUG [MockBuilder.java:94] set shipDateValue -> 1976-07-09
2020-06-19 14:05:48 DEBUG [MockBuilder.java:94] set delvCutOffDt -> 1995-02-03
2020-06-19 14:05:48 DEBUG [MockBuilder.java:94] set poControl -> MOPDO
2020-06-19 14:05:48 DEBUG [MockBuilder.java:94] set divDesc -> UnAwiqzFiJzRHniOTbUn
2020-06-19 14:05:48 DEBUG [MockBuilder.java:94] set authRep -> HUDcSefDJJoBagSnbcZr
2020-06-19 14:05:48 DEBUG [MockBuilder.java:94] set customerRefNbr -> NyH
2020-06-19 14:05:48 DEBUG [MockBuilder.java:94] set state -> Fu
2020-06-19 14:05:48 DEBUG [MockBuilder.java:94] set poDateValue -> 1993-03-12
2020-06-19 14:05:48 DEBUG [MockBuilder.java:94] set shipDateQualifier -> ZvK
2020-06-19 14:05:48 DEBUG [MockBuilder.java:94] set authorizationNo -> OxCJkDgTEj
2020-06-19 14:05:48 DEBUG [MockBuilder.java:94] set salesCheckNumber -> nqEFGPwEBsKlRgNXZUuI
2020-06-19 14:05:48 DEBUG [MockBuilder.java:94] set customerSidemark -> cUgkuQaxpBWoqRsmVLdP
2020-06-19 14:05:48 DEBUG [MockBuilder.java:94] set country -> AFiAwLoZHWRQyBDkPVa
2020-06-19 14:05:48 DEBUG [MockBuilder.java:94] set acctContact -> ZquqJJufNJpJzEhRKnZo
2020-06-19 14:05:48 DEBUG [MockBuilder.java:94] set shawOrderNumber -> CbHPLQ
2020-06-19 14:05:48 DEBUG [MockBuilder.java:94] set custPmtMeth -> SfhYFnqGCNJNTsxNysew
2020-06-19 14:05:48 DEBUG [MockBuilder.java:94] set poDateQualifier -> bVo
2020-06-19 14:05:48 DEBUG [MockBuilder.java:94] set cnCity -> lGfgLEpPYuLvTHoLZbk
2020-06-19 14:05:48 DEBUG [MockBuilder.java:94] set acknowlegeOrdInd -> Y
2020-06-19 14:05:48 DEBUG [MockBuilder.java:94] set custSpInst -> ezltGUgIhLfXjQdUbmZG
2020-06-19 14:05:48 DEBUG [MockBuilder.java:94] set shipInstruction -> vocMntwRXjvWlGPPdDRR
2020-06-19 14:05:48 DEBUG [MockBuilder.java:94] set addrKey -> 636944
2020-06-19 14:05:48 DEBUG [MockBuilder.java:94] set destCode -> Lm
2020-06-19 14:05:48 DEBUG [MockBuilder.java:94] set custWhNbr -> qkyf
2020-06-19 14:05:48 DEBUG [MockBuilder.java:94] set shipByCutOffDt -> 1994-06-19
2020-06-19 14:05:48 DEBUG [MockBuilder.java:94] set salesReqCode -> Aa
2020-06-19 14:05:48 DEBUG [MockBuilder.java:94] set custNbr -> SBVHEpC
2020-06-19 14:05:48 DEBUG [MockBuilder.java:94] set nbDate -> 1970-03-05
2020-06-19 14:05:48 DEBUG [MockBuilder.java:94] set poNumber -> kNuhMVfjVQMKgJIqJTBW
2020-06-19 14:05:48 DEBUG [MockBuilder.java:94] set newStoreInd -> x
2020-06-19 14:05:48 DEBUG [MockBuilder.java:94] set poType -> qAekb
2020-06-19 14:05:48 DEBUG [MockBuilder.java:94] set shipByDate -> 1975-04-10
2020-06-19 14:05:48 DEBUG [MockBuilder.java:94] set addressLine2 -> tGnCxOneehHhqEndImEg
2020-06-19 14:05:48 DEBUG [MockBuilder.java:94] set poQual -> Xr
2020-06-19 14:05:48 DEBUG [MockBuilder.java:94] set noAsnFlag -> L
2020-06-19 14:05:48 DEBUG [MockBuilder.java:94] set shipCancelDate -> 1990-11-15
2020-06-19 14:05:48 DEBUG [MockBuilder.java:94] set city -> vdHWDffPAvFBxMaYoSw
2020-06-19 14:05:48 DEBUG [MockBuilder.java:94] set reserveOrderInd -> Z
2020-06-19 14:05:48 DEBUG [MockBuilder.java:94] set poTypeSuffix -> NXnsYjSsBy
2020-06-19 14:05:48 DEBUG [MockBuilder.java:94] set orderRetTotal -> 6808822.797335885
2020-06-19 14:05:48 DEBUG [MockBuilder.java:94] set sellCo -> BT
2020-06-19 14:05:48 DEBUG [MockBuilder.java:94] set orderRetHand -> 7090612.59712534
2020-06-19 14:05:48 DEBUG [MockBuilder.java:94] set addressLine1 -> AVvhrLWyAbsKusFumHSk
2020-06-19 14:05:48 DEBUG [MockBuilder.java:94] set returnMsg -> dzRKniLkvvTZRpdPKxuF
2020-06-19 14:05:48 DEBUG [MockBuilder.java:94] set orderType -> G
2020-06-19 14:05:48 DEBUG [MockBuilder.java:94] set psMsg -> iGoIzOCcHUiiVFaFPcdV
2020-06-19 14:05:48 DEBUG [MockBuilder.java:94] set shipToAddress -> LegacyShipToAddress [addressLine1=AVvhrLWyAbsKusFumHSk, addressLine2=tGnCxOneehHhqEndImEg, city=vdHWDffPAvFBxMaYoSw, cnCity=lGfgLEpPYuLvTHoLZbk, country=AFiAwLoZHWRQyBDkPVa, custNbr=SBVHEpC, destCode=Lm, flag=773108, name=tZIuaqZmDsjJZulvQnka, phone=qitBcYUeRhXokIm, province=lnjUmHJbvwEFonRfhbK, state=Fu, store=WSJrDPJGbj, truncFlag=R, zip=KqycKvhCqLe]
2020-06-19 14:05:48 DEBUG [MockBuilder.java:94] set orderTypeDesc -> OgWAXqsmBGjaQUn
2020-06-19 14:05:48 DEBUG [MockBuilder.java:94] set ohCancelDateValue -> 1988-11-24
2020-06-19 14:05:48 DEBUG [MockBuilder.java:94] set userId -> xkPtRTJY
2020-06-19 14:05:48 DEBUG [MockBuilder.java:94] set orderWeight -> 3369165.8626442966
2020-06-19 14:05:48 DEBUG [MockBuilder.java:94] set orderRetSh -> 1402985.3009122848
2020-06-19 14:05:48 DEBUG [MockBuilder.java:94] set vendorNo -> inQdDTcpOQaYXnm
2020-06-19 14:05:48 DEBUG [MockBuilder.java:94] set addressLine1 -> HDFoImEZQFbAVZPqHLPx
2020-06-19 14:05:48 DEBUG [MockBuilder.java:94] set city -> FIvayUCtfeTXVKVMMILl
2020-06-19 14:05:48 DEBUG [MockBuilder.java:94] set inputMethod -> PUJEHecJXn
2020-06-19 14:05:48 DEBUG [MockBuilder.java:94] set wcStore -> qAvgJVinGO
2020-06-19 14:05:48 DEBUG [MockBuilder.java:94] set orderRetTax -> 4471630.855910383
2020-06-19 14:05:48 DEBUG [MockBuilder.java:94] set accountNbr -> mkBCfRhYvXyVBdztgZbz
2020-06-19 14:05:48 DEBUG [MockBuilder.java:94] set markForStore -> HlbHffSIYj
2020-06-19 14:05:48 DEBUG [MockBuilder.java:94] set seqNbr -> 903291
2020-06-19 14:05:48 DEBUG [MockBuilder.java:94] set tpcountry -> ELyKcYmqOdPKiVTCjnzT
2020-06-19 14:05:48 DEBUG [MockBuilder.java:94] set addressLine2 -> kwueVRyqQjQtqgYkBUfW
2020-06-19 14:05:48 DEBUG [MockBuilder.java:94] set mediaEventCode -> Ca
2020-06-19 14:05:48 DEBUG [MockBuilder.java:94] set routeByDate -> 1978-08-12
2020-06-19 14:05:48 DEBUG [MockBuilder.java:94] set tpphone -> KTyTUGctlmJBcLoeJhZW
2020-06-19 14:05:48 DEBUG [MockBuilder.java:94] set billFlag -> y
2020-06-19 14:05:48 DEBUG [MockBuilder.java:94] set name -> sFqJrBmDnJhoVEuxClkS
2020-06-19 14:05:48 DEBUG [MockBuilder.java:94] set name2 -> TIeRnLrWBcKHsDuNLnYM
2020-06-19 14:05:48 DEBUG [MockBuilder.java:94] set zip -> NfeeKPSyfUpgYXjq
2020-06-19 14:05:48 DEBUG [MockBuilder.java:94] set cphone -> VTPoZMVpZGEXqcXgEsaC
2020-06-19 14:05:48 DEBUG [MockBuilder.java:94] set consumerPoDateValue -> 1979-10-03
2020-06-19 14:05:48 DEBUG [MockBuilder.java:94] set state -> Ox
2020-06-19 14:05:48 DEBUG [MockBuilder.java:94] set name -> iaaWaXKbrQwduWztrcUB
2020-06-19 14:05:48 DEBUG [MockBuilder.java:94] set addressLine2 -> RTPGpazzFOtIQjUpqmtO
2020-06-19 14:05:48 DEBUG [MockBuilder.java:94] set ccountry -> QCyBzvNSPdYltHRntVFA
2020-06-19 14:05:48 DEBUG [MockBuilder.java:94] set city -> rfXJarLhhweVuTCFRxG
2020-06-19 14:05:48 DEBUG [MockBuilder.java:94] set tpprovince -> DyleYpZBMreBEQbMapHx
2020-06-19 14:05:48 DEBUG [MockBuilder.java:94] set addressLine1 -> ntIgFKitczpdAUpbHwlO
2020-06-19 14:05:48 DEBUG [MockBuilder.java:94] set state -> PS
2020-06-19 14:05:48 DEBUG [MockBuilder.java:94] set cprovince -> yKZnZuOrIYfaIdAMmAVw
2020-06-19 14:05:48 DEBUG [MockBuilder.java:94] set zip -> WoGkSITBP
2020-06-19 14:05:48 DEBUG [MockBuilder.java:94] set consumerShipFlg -> J
2020-06-19 14:05:48 DEBUG [MockBuilder.java:94] set thirdPartyAddress -> LegacyThirdPartyAddress [tpprovince=DyleYpZBMreBEQbMapHx, tpcountry=ELyKcYmqOdPKiVTCjnzT, tpphone=KTyTUGctlmJBcLoeJhZW, addressLine1=HDFoImEZQFbAVZPqHLPx, addressLine2=kwueVRyqQjQtqgYkBUfW, accountNbr=mkBCfRhYvXyVBdztgZbz, billFlag=y, city=FIvayUCtfeTXVKVMMILl, name=iaaWaXKbrQwduWztrcUB, name2=TIeRnLrWBcKHsDuNLnYM, state=PS, zip=NfeeKPSyfUpgYXjq]
2020-06-19 14:05:48 DEBUG [MockBuilder.java:94] set consumerAddress -> LegacyConsumerAddress [cprovince=yKZnZuOrIYfaIdAMmAVw, ccountry=QCyBzvNSPdYltHRntVFA, cphone=VTPoZMVpZGEXqcXgEsaC, addressLine1=ntIgFKitczpdAUpbHwlO, addressLine2=RTPGpazzFOtIQjUpqmtO, city=rfXJarLhhweVuTCFRxG, name=sFqJrBmDnJhoVEuxClkS, consumerPoDateValue=1979-10-03, consumerShipFlg=J, state=Ox, zip=WoGkSITBP]
2020-06-19 14:05:48 DEBUG [MockBuilder.java:94] set dates -> null
2020-06-19 14:05:48 DEBUG [MockBuilder.java:94] set purchasedBy -> EDjwePKEhCztfsbPAegt
2020-06-19 14:05:48 DEBUG [MockBuilder.java:94] set lines -> null
2020-06-19 14:05:48 DEBUG [MockBuilder.java:94] set rcdCode -> E
2020-06-19 14:05:48 DEBUG [MockBuilder.java:94] set receivedTimestamp -> 1970-01-01T00:29:05
2020-06-19 14:05:48 DEBUG [MockBuilder.java:94] set refTcNbr -> KPtJAweJWWqQTCJOcRZe
2020-06-19 14:05:48 DEBUG [MockHelper.java:99] EdiOrderHeader [legacyOrderNumber=null, acctContact=ZquqJJufNJpJzEhRKnZo, acknowlegeOrdInd=Y, addrKey=636944, agreementNumber=mBcxoFAHpDoZTJb, assignedAgent=uFjtfllA, authRep=HUDcSefDJJoBagSnbcZr, authorizationNo=OxCJkDgTEj, beg=eZXmQ, billToState=sB, billToStore=qHgnpnHAaK, bsStoreNbr=jlYiDDUKsM, cancelDateQualifier=Cla, carrierCode=gY, cbCutLength=4880108.9597740425, chngLid=ivkPpcEE, chngTimestamp=1970-01-01T01:03:55, commCust=klMpbkQ, consStatusMsg=XjIsCyYiCAOIIdvgLoGl, contractUsageInd=L, crossDockCenter=dGukCMzJOa, custDept=KJllb, custPmtMeth=SfhYFnqGCNJNTsxNysew, custSpInst=ezltGUgIhLfXjQdUbmZG, custWhNbr=qkyf, customerCode=kt, custNbr=WgvJveJ, customerRefNbr=NyH, customerSidemark=cUgkuQaxpBWoqRsmVLdP, deliveryDate=1973-05-19, delvCutOffDt=1995-02-03, divDesc=UnAwiqzFiJzRHniOTbUn, dunsNbr=mzGUDhYZMFPQUCj, errorCode=UYe, errorDescription=ThIspReFPOiJCPCWCLhe, errorTimestamp=1970-01-01T01:51:26, eventInfo=RDUqScFenfaAQkn, explodeFlag=Y, fobPoint=Fc, frtCode=e, giftMessage1=llPBECuHGkvmEdayzZfr, giftMessage2=HSvDQgepNIgSsLLLnyYS, hostAlertFlag=m, inputMethod=PUJEHecJXn, markForStore=HlbHffSIYj, mediaEventCode=Ca, nbDate=1970-03-05, newStoreInd=x, noAsnFlag=L, ohCancelDateValue=1988-11-24, ohStatusCode=V, onNote=mLRKuDiHuxyfaHqMFjlx, onlineType=F, orderDate=1984-03-24, orderLoc=01, orderMerCost=4945972.85876089, shawOrderNumber=CbHPLQ, orderRetHand=7090612.59712534, orderRetSh=1402985.3009122848, orderRetTax=4471630.855910383, orderRetTotal=6808822.797335885, orderType=H, orderTypeDesc=HARDSURFACES, orderWeight=3369165.8626442966, orderingSystem=zl, phoneNumber=OJMpKeejgiI, poControl=MOPDO, poDateValue=1993-03-12, poDateQualifier=bVo, poNumber=kNuhMVfjVQMKgJIqJTBW, poQual=Xr, poType=qAekb, poTypeSuffix=NXnsYjSsBy, psMsg=iGoIzOCcHUiiVFaFPcdV, purchasedBy=EDjwePKEhCztfsbPAegt, rcdCode=E, receivedTimestamp=1970-01-01T00:29:05, refTcNbr=KPtJAweJWWqQTCJOcRZe, reserveOrderInd=Z, returnMsg=dzRKniLkvvTZRpdPKxuF, routeByDate=1978-08-12, salesCheckNumber=nqEFGPwEBsKlRgNXZUuI, salesReqCode=Aa, sellCo=BT, seqNbr=903291, shipByCutOffDt=1994-06-19, shipByDate=1975-04-10, shipCancelDate=1990-11-15, shipComplete=l, shipDateValue=1976-07-09, shipDateQualifier=ZvK, shipInstruction=vocMntwRXjvWlGPPdDRR, shipPartCompInd=G, shipPt=sf, specialInstruct1=sWpWWWPImNtTXwPRCKeS, specialInstruct2=xgmIIRavxjwYwgPYQhbe, specialInstruct3=kSrXyZxxfQuzxxTnkSmp, specialInstruct4=ESlGDSLDBlGfGqppPPNB, specialPoNo=xxBgpKPUUJrNSkKwKTJs, srvLevel=tr, statusCode=Q, stdCarrAlphaInd=QnUg, storeName=rlMJSGuPvqmqZNhZbUwP, termsNetDays=fmk, termsTypeFlag=Dk, totalBindingFt=9608632.804179853, userId=xkPtRTJY, vendorNo=inQdDTcpOQaYXnm, wcStore=qAvgJVinGO, consumerAddress=LegacyConsumerAddress [cprovince=yKZnZuOrIYfaIdAMmAVw, ccountry=QCyBzvNSPdYltHRntVFA, cphone=VTPoZMVpZGEXqcXgEsaC, addressLine1=ntIgFKitczpdAUpbHwlO, addressLine2=RTPGpazzFOtIQjUpqmtO, city=rfXJarLhhweVuTCFRxG, name=sFqJrBmDnJhoVEuxClkS, consumerPoDateValue=1979-10-03, consumerShipFlg=J, state=Ox, zip=WoGkSITBP], shipToAddress=LegacyShipToAddress [addressLine1=AVvhrLWyAbsKusFumHSk, addressLine2=tGnCxOneehHhqEndImEg, city=vdHWDffPAvFBxMaYoSw, cnCity=lGfgLEpPYuLvTHoLZbk, country=AFiAwLoZHWRQyBDkPVa, custNbr=SBVHEpC, destCode=Lm, flag=773108, name=tZIuaqZmDsjJZulvQnka, phone=qitBcYUeRhXokIm, province=lnjUmHJbvwEFonRfhbK, state=Fu, store=WSJrDPJGbj, truncFlag=R, zip=KqycKvhCqLe], thirdPartyAddress=LegacyThirdPartyAddress [tpprovince=DyleYpZBMreBEQbMapHx, tpcountry=ELyKcYmqOdPKiVTCjnzT, tpphone=KTyTUGctlmJBcLoeJhZW, addressLine1=HDFoImEZQFbAVZPqHLPx, addressLine2=kwueVRyqQjQtqgYkBUfW, accountNbr=mkBCfRhYvXyVBdztgZbz, billFlag=y, city=FIvayUCtfeTXVKVMMILl, name=iaaWaXKbrQwduWztrcUB, name2=TIeRnLrWBcKHsDuNLnYM, state=PS, zip=NfeeKPSyfUpgYXjq], dates=null, lines=null]
Hibernate: call next value for SHXP.EDI_ORDER_NBR
Hibernate: insert into EDI_ORDER_HEADER (ACCT_CONTACT, ACKNOWLEGE_ORD_IND, ADDR_KEY, AGREEMENT_NUMBER, ASSIGNED_AGENT, AUTH_REP, AUTHORIZATION_NO, beg, BILL_TO_STATE, BILL_TO_STORE, BS_STORE_NBR, CANCEL_DATE_QUAL, CARRIER_CODE, CB_CUT_LENGTH, CHNG_LID, CHNG_TIMESTAMP, COMM_CUST, CONS_STATUS_MSG, CONSUMER_ADDRESS, CONSUMER_ADDRESS_2, CONSUMER_CITY, CONSUMER_PO_DATE, CONSUMER_SHIP_FLG, CONSUMER_NAME, CONSUMER_STATE, CONSUMER_ZIP, CONTRACT_USAGE_IND, CROSS_DOCK_CENTER, CUST_DEPT, CUSTOMER_NUMBER, CUST_PMT_METH, CUST_SP_INST, CUST_WH_NBR, CUSTOMER_CODE, CUSTOMER_REF_NBR, CUSTOMER_SIDEMARK, DELIVERY_DATE, DELV_CUT_OFF_DT, DIV_DESC, DUNS_NBR, ERROR_CODE, ERROR_DESCRIPTION, ERROR_TIMESTAMP, EVENT_INFO, EXPLODE_FLAG, FOB_POINT, FRT_CODE, GIFT_MESSAGE_1, GIFT_MESSAGE_2, HOST_ALERT_FLAG, INPUT_METHOD, MARK_FOR_STORE, MEDIA_EVENT_CODE, NB_DATE, NEW_STORE_IND, NO_ASN_FLAG, OH_CANCEL_DATE, OH_STATUS_CODE, ON_NOTE, ONLINE_TYPE, ORDER_DATE, ORDER_LOC, ORDER_MER_COST, ORDER_RET_HAND, ORDER_RET_SH, ORDER_RET_TAX, ORDER_RET_TOTAL, ORDER_TYPE, ORDER_TYPE_DESC, ORDER_WEIGHT, ORDERING_SYSTEM, PHONE_NUMBER, PO_CONTROL, PO_DATE_QUAL, PO_DATE, PO_NUMBER, PO_QUAL, PO_TYPE, PO_TYPE_SUFFIX, PS_MSG, PURCHASED_BY, RCD_CODE, RECEIVED_TIMESTAMP, REF_TC_NBR, RESERVE_ORDER_IND, RETURN_MSG, ROUTE_BY_DATE, SALES_CHECK_NUMBER, SALES_REQ_CODE, SELL_CO, SEQ_NBR, ORDER_NUMBER, SHIP_BY_CUT_OFF_DT, SHIP_BY_DATE, SHIP_CANCEL_DATE, SHIP_COMPLETE, SHIP_DATE_QUAL, SHIP_DATE, SHIP_INSTRUCTION, SHIP_PART_COMP_IND, SHIP_PT, SHIP_TO_ADDRESS_1, SHIP_TO_ADDRESS_2, SHIP_TO_CITY, SHIP_TO_CN_CITY, SHIP_TO_COUNTRY, SHIP_TO_CUST_NBR, SHIP_TO_DEST_COD, SHIP_TO_FLAG, SHIP_TO_NAME, SHIP_TO_PHONE, SHIP_TO_PROVENCE, SHIP_TO_STATE, SHIP_TO_STORE, SHIP_TO_TRUNC_FLG, SHIP_TO_ZIP, SPECIAL_INSTRUCT_1, SPECIAL_INSTRUCT_2, SPECIAL_INSTRUCT_3, SPECIAL_INSTRUCT_4, SPECIAL_PO_NO, SRV_LEVEL, STATUS_CODE, STD_CARR_ALPHA_IND, STORE_NAME, TERMS_NET_DAYS, TERMS_TYPE_FLAG, THIRD_PARTY_ACCT_NBR, THIRD_PARTY_ADDR_1, THIRD_PARTY_ADDR_2, THIRD_PARTY_BILL_FLAG, THIRD_PARTY_CITY, THIRD_PARTY_NAME, THIRD_PARTY_NAME_2, THIRD_PARTY_STATE, THIRD_PARTY_ZIP, TOTAL_BINDING_FT, USER_ID, VENDOR_NO, WC_STORE, EDI_ORDER_NUMBER) values (?, ?, ?, ?, ?, ?, ?, ?, ?, ?, ?, ?, ?, ?, ?, ?, ?, ?, ?, ?, ?, ?, ?, ?, ?, ?, ?, ?, ?, ?, ?, ?, ?, ?, ?, ?, ?, ?, ?, ?, ?, ?, ?, ?, ?, ?, ?, ?, ?, ?, ?, ?, ?, ?, ?, ?, ?, ?, ?, ?, ?, ?, ?, ?, ?, ?, ?, ?, ?, ?, ?, ?, ?, ?, ?, ?, ?, ?, ?, ?, ?, ?, ?, ?, ?, ?, ?, ?, ?, ?, ?, ?, ?, ?, ?, ?, ?, ?, ?, ?, ?, ?, ?, ?, ?, ?, ?, ?, ?, ?, ?, ?, ?, ?, ?, ?, ?, ?, ?, ?, ?, ?, ?, ?, ?, ?, ?, ?, ?, ?, ?, ?, ?, ?, ?, ?, ?, ?, ?, ?, ?)
2020-06-19 14:05:48 TRACE [BasicBinder.java:64] binding parameter [1] as [VARCHAR] - [ZquqJJufNJpJzEhRKnZo]
2020-06-19 14:05:48 TRACE [BasicBinder.java:64] binding parameter [2] as [VARCHAR] - [Y]
2020-06-19 14:05:48 TRACE [BasicBinder.java:64] binding parameter [3] as [INTEGER] - [636944]
2020-06-19 14:05:48 TRACE [BasicBinder.java:64] binding parameter [4] as [VARCHAR] - [mBcxoFAHpDoZTJb]
2020-06-19 14:05:48 TRACE [BasicBinder.java:64] binding parameter [5] as [VARCHAR] - [uFjtfllA]
2020-06-19 14:05:48 TRACE [BasicBinder.java:64] binding parameter [6] as [VARCHAR] - [HUDcSefDJJoBagSnbcZr]
2020-06-19 14:05:48 TRACE [BasicBinder.java:64] binding parameter [7] as [VARCHAR] - [OxCJkDgTEj]
2020-06-19 14:05:48 TRACE [BasicBinder.java:64] binding parameter [8] as [VARCHAR] - [eZXmQ]
2020-06-19 14:05:48 TRACE [BasicBinder.java:64] binding parameter [9] as [VARCHAR] - [sB]
2020-06-19 14:05:48 TRACE [BasicBinder.java:64] binding parameter [10] as [VARCHAR] - [qHgnpnHAaK]
2020-06-19 14:05:48 TRACE [BasicBinder.java:64] binding parameter [11] as [VARCHAR] - [jlYiDDUKsM]
2020-06-19 14:05:48 TRACE [BasicBinder.java:64] binding parameter [12] as [VARCHAR] - [Cla]
2020-06-19 14:05:48 TRACE [BasicBinder.java:64] binding parameter [13] as [VARCHAR] - [gY]
2020-06-19 14:05:48 TRACE [BasicBinder.java:64] binding parameter [14] as [DOUBLE] - [4880108.9597740425]
2020-06-19 14:05:48 TRACE [BasicBinder.java:64] binding parameter [15] as [VARCHAR] - [ivkPpcEE]
2020-06-19 14:05:48 TRACE [BasicBinder.java:64] binding parameter [16] as [TIMESTAMP] - [1970-01-01T01:03:55]
2020-06-19 14:05:48 TRACE [BasicBinder.java:64] binding parameter [17] as [VARCHAR] - [klMpbkQ]
2020-06-19 14:05:48 TRACE [BasicBinder.java:64] binding parameter [18] as [VARCHAR] - [XjIsCyYiCAOIIdvgLoGl]
2020-06-19 14:05:48 TRACE [BasicBinder.java:64] binding parameter [19] as [VARCHAR] - [ntIgFKitczpdAUpbHwlO]
2020-06-19 14:05:48 TRACE [BasicBinder.java:64] binding parameter [20] as [VARCHAR] - [RTPGpazzFOtIQjUpqmtO]
2020-06-19 14:05:48 TRACE [BasicBinder.java:64] binding parameter [21] as [VARCHAR] - [rfXJarLhhweVuTCFRxG]
2020-06-19 14:05:48 TRACE [BasicBinder.java:64] binding parameter [22] as [DATE] - [1979-10-03]
2020-06-19 14:05:48 TRACE [BasicBinder.java:64] binding parameter [23] as [VARCHAR] - [J]
2020-06-19 14:05:48 TRACE [BasicBinder.java:64] binding parameter [24] as [VARCHAR] - [sFqJrBmDnJhoVEuxClkS]
2020-06-19 14:05:48 TRACE [BasicBinder.java:64] binding parameter [25] as [VARCHAR] - [Ox]
2020-06-19 14:05:48 TRACE [BasicBinder.java:64] binding parameter [26] as [VARCHAR] - [WoGkSITBP]
2020-06-19 14:05:48 TRACE [BasicBinder.java:64] binding parameter [27] as [VARCHAR] - [L]
2020-06-19 14:05:48 TRACE [BasicBinder.java:64] binding parameter [28] as [VARCHAR] - [dGukCMzJOa]
2020-06-19 14:05:48 TRACE [BasicBinder.java:64] binding parameter [29] as [VARCHAR] - [KJllb]
2020-06-19 14:05:48 TRACE [BasicBinder.java:64] binding parameter [30] as [VARCHAR] - [WgvJveJ]
2020-06-19 14:05:48 TRACE [BasicBinder.java:64] binding parameter [31] as [VARCHAR] - [SfhYFnqGCNJNTsxNysew]
2020-06-19 14:05:48 TRACE [BasicBinder.java:64] binding parameter [32] as [VARCHAR] - [ezltGUgIhLfXjQdUbmZG]
2020-06-19 14:05:48 TRACE [BasicBinder.java:64] binding parameter [33] as [VARCHAR] - [qkyf]
2020-06-19 14:05:48 TRACE [BasicBinder.java:64] binding parameter [34] as [VARCHAR] - [kt]
2020-06-19 14:05:48 TRACE [BasicBinder.java:64] binding parameter [35] as [VARCHAR] - [NyH]
2020-06-19 14:05:48 TRACE [BasicBinder.java:64] binding parameter [36] as [VARCHAR] - [cUgkuQaxpBWoqRsmVLdP]
2020-06-19 14:05:48 TRACE [BasicBinder.java:64] binding parameter [37] as [DATE] - [1973-05-19]
2020-06-19 14:05:48 TRACE [BasicBinder.java:64] binding parameter [38] as [DATE] - [1995-02-03]
2020-06-19 14:05:48 TRACE [BasicBinder.java:64] binding parameter [39] as [VARCHAR] - [UnAwiqzFiJzRHniOTbUn]
2020-06-19 14:05:48 TRACE [BasicBinder.java:64] binding parameter [40] as [VARCHAR] - [mzGUDhYZMFPQUCj]
2020-06-19 14:05:48 TRACE [BasicBinder.java:64] binding parameter [41] as [VARCHAR] - [UYe]
2020-06-19 14:05:48 TRACE [BasicBinder.java:64] binding parameter [42] as [VARCHAR] - [ThIspReFPOiJCPCWCLhe]
2020-06-19 14:05:48 TRACE [BasicBinder.java:64] binding parameter [43] as [TIMESTAMP] - [1970-01-01T01:51:26]
2020-06-19 14:05:48 TRACE [BasicBinder.java:64] binding parameter [44] as [VARCHAR] - [RDUqScFenfaAQkn]
2020-06-19 14:05:48 TRACE [BasicBinder.java:64] binding parameter [45] as [VARCHAR] - [Y]
2020-06-19 14:05:48 TRACE [BasicBinder.java:64] binding parameter [46] as [VARCHAR] - [Fc]
2020-06-19 14:05:48 TRACE [BasicBinder.java:64] binding parameter [47] as [VARCHAR] - [e]
2020-06-19 14:05:48 TRACE [BasicBinder.java:64] binding parameter [48] as [VARCHAR] - [llPBECuHGkvmEdayzZfr]
2020-06-19 14:05:48 TRACE [BasicBinder.java:64] binding parameter [49] as [VARCHAR] - [HSvDQgepNIgSsLLLnyYS]
2020-06-19 14:05:48 TRACE [BasicBinder.java:64] binding parameter [50] as [VARCHAR] - [m]
2020-06-19 14:05:48 TRACE [BasicBinder.java:64] binding parameter [51] as [VARCHAR] - [PUJEHecJXn]
2020-06-19 14:05:48 TRACE [BasicBinder.java:64] binding parameter [52] as [VARCHAR] - [HlbHffSIYj]
2020-06-19 14:05:48 TRACE [BasicBinder.java:64] binding parameter [53] as [VARCHAR] - [Ca]
2020-06-19 14:05:48 TRACE [BasicBinder.java:64] binding parameter [54] as [DATE] - [1970-03-05]
2020-06-19 14:05:48 TRACE [BasicBinder.java:64] binding parameter [55] as [VARCHAR] - [x]
2020-06-19 14:05:48 TRACE [BasicBinder.java:64] binding parameter [56] as [VARCHAR] - [L]
2020-06-19 14:05:48 TRACE [BasicBinder.java:64] binding parameter [57] as [DATE] - [1988-11-24]
2020-06-19 14:05:48 TRACE [BasicBinder.java:64] binding parameter [58] as [VARCHAR] - [V]
2020-06-19 14:05:48 TRACE [BasicBinder.java:64] binding parameter [59] as [VARCHAR] - [mLRKuDiHuxyfaHqMFjlx]
2020-06-19 14:05:48 TRACE [BasicBinder.java:64] binding parameter [60] as [VARCHAR] - [F]
2020-06-19 14:05:48 TRACE [BasicBinder.java:64] binding parameter [61] as [DATE] - [1984-03-24]
2020-06-19 14:05:48 TRACE [BasicBinder.java:64] binding parameter [62] as [VARCHAR] - [01]
2020-06-19 14:05:48 TRACE [BasicBinder.java:64] binding parameter [63] as [DOUBLE] - [4945972.85876089]
2020-06-19 14:05:48 TRACE [BasicBinder.java:64] binding parameter [64] as [DOUBLE] - [7090612.59712534]
2020-06-19 14:05:48 TRACE [BasicBinder.java:64] binding parameter [65] as [DOUBLE] - [1402985.3009122848]
2020-06-19 14:05:48 TRACE [BasicBinder.java:64] binding parameter [66] as [DOUBLE] - [4471630.855910383]
2020-06-19 14:05:48 TRACE [BasicBinder.java:64] binding parameter [67] as [DOUBLE] - [6808822.797335885]
2020-06-19 14:05:48 TRACE [BasicBinder.java:64] binding parameter [68] as [VARCHAR] - [H]
2020-06-19 14:05:48 TRACE [BasicBinder.java:64] binding parameter [69] as [VARCHAR] - [HARDSURFACES]
2020-06-19 14:05:48 TRACE [BasicBinder.java:64] binding parameter [70] as [DOUBLE] - [3369165.8626442966]
2020-06-19 14:05:48 TRACE [BasicBinder.java:64] binding parameter [71] as [VARCHAR] - [zl]
2020-06-19 14:05:48 TRACE [BasicBinder.java:64] binding parameter [72] as [VARCHAR] - [OJMpKeejgiI]
2020-06-19 14:05:48 TRACE [BasicBinder.java:64] binding parameter [73] as [VARCHAR] - [MOPDO]
2020-06-19 14:05:48 TRACE [BasicBinder.java:64] binding parameter [74] as [VARCHAR] - [bVo]
2020-06-19 14:05:48 TRACE [BasicBinder.java:64] binding parameter [75] as [DATE] - [1993-03-12]
2020-06-19 14:05:48 TRACE [BasicBinder.java:64] binding parameter [76] as [VARCHAR] - [kNuhMVfjVQMKgJIqJTBW]
2020-06-19 14:05:48 TRACE [BasicBinder.java:64] binding parameter [77] as [VARCHAR] - [Xr]
2020-06-19 14:05:48 TRACE [BasicBinder.java:64] binding parameter [78] as [VARCHAR] - [qAekb]
2020-06-19 14:05:48 TRACE [BasicBinder.java:64] binding parameter [79] as [VARCHAR] - [NXnsYjSsBy]
2020-06-19 14:05:48 TRACE [BasicBinder.java:64] binding parameter [80] as [VARCHAR] - [iGoIzOCcHUiiVFaFPcdV]
2020-06-19 14:05:48 TRACE [BasicBinder.java:64] binding parameter [81] as [VARCHAR] - [EDjwePKEhCztfsbPAegt]
2020-06-19 14:05:48 TRACE [BasicBinder.java:64] binding parameter [82] as [VARCHAR] - [E]
2020-06-19 14:05:48 TRACE [BasicBinder.java:64] binding parameter [83] as [TIMESTAMP] - [1970-01-01T00:29:05]
2020-06-19 14:05:48 TRACE [BasicBinder.java:64] binding parameter [84] as [VARCHAR] - [KPtJAweJWWqQTCJOcRZe]
2020-06-19 14:05:48 TRACE [BasicBinder.java:64] binding parameter [85] as [VARCHAR] - [Z]
2020-06-19 14:05:48 TRACE [BasicBinder.java:64] binding parameter [86] as [VARCHAR] - [dzRKniLkvvTZRpdPKxuF]
2020-06-19 14:05:48 TRACE [BasicBinder.java:64] binding parameter [87] as [DATE] - [1978-08-12]
2020-06-19 14:05:48 TRACE [BasicBinder.java:64] binding parameter [88] as [VARCHAR] - [nqEFGPwEBsKlRgNXZUuI]
2020-06-19 14:05:48 TRACE [BasicBinder.java:64] binding parameter [89] as [VARCHAR] - [Aa]
2020-06-19 14:05:48 TRACE [BasicBinder.java:64] binding parameter [90] as [VARCHAR] - [BT]
2020-06-19 14:05:48 TRACE [BasicBinder.java:64] binding parameter [91] as [INTEGER] - [903291]
2020-06-19 14:05:48 TRACE [BasicBinder.java:64] binding parameter [92] as [VARCHAR] - [CbHPLQ]
2020-06-19 14:05:48 TRACE [BasicBinder.java:64] binding parameter [93] as [DATE] - [1994-06-19]
2020-06-19 14:05:48 TRACE [BasicBinder.java:64] binding parameter [94] as [DATE] - [1975-04-10]
2020-06-19 14:05:48 TRACE [BasicBinder.java:64] binding parameter [95] as [DATE] - [1990-11-15]
2020-06-19 14:05:48 TRACE [BasicBinder.java:64] binding parameter [96] as [VARCHAR] - [l]
2020-06-19 14:05:48 TRACE [BasicBinder.java:64] binding parameter [97] as [VARCHAR] - [ZvK]
2020-06-19 14:05:48 TRACE [BasicBinder.java:64] binding parameter [98] as [DATE] - [1976-07-09]
2020-06-19 14:05:48 TRACE [BasicBinder.java:64] binding parameter [99] as [VARCHAR] - [vocMntwRXjvWlGPPdDRR]
2020-06-19 14:05:48 TRACE [BasicBinder.java:64] binding parameter [100] as [VARCHAR] - [G]
2020-06-19 14:05:48 TRACE [BasicBinder.java:64] binding parameter [101] as [VARCHAR] - [sf]
2020-06-19 14:05:48 TRACE [BasicBinder.java:64] binding parameter [102] as [VARCHAR] - [AVvhrLWyAbsKusFumHSk]
2020-06-19 14:05:48 TRACE [BasicBinder.java:64] binding parameter [103] as [VARCHAR] - [tGnCxOneehHhqEndImEg]
2020-06-19 14:05:48 TRACE [BasicBinder.java:64] binding parameter [104] as [VARCHAR] - [vdHWDffPAvFBxMaYoSw]
2020-06-19 14:05:48 TRACE [BasicBinder.java:64] binding parameter [105] as [VARCHAR] - [lGfgLEpPYuLvTHoLZbk]
2020-06-19 14:05:48 TRACE [BasicBinder.java:64] binding parameter [106] as [VARCHAR] - [AFiAwLoZHWRQyBDkPVa]
2020-06-19 14:05:48 TRACE [BasicBinder.java:64] binding parameter [107] as [VARCHAR] - [SBVHEpC]
2020-06-19 14:05:48 TRACE [BasicBinder.java:64] binding parameter [108] as [VARCHAR] - [Lm]
2020-06-19 14:05:48 TRACE [BasicBinder.java:64] binding parameter [109] as [INTEGER] - [773108]
2020-06-19 14:05:48 TRACE [BasicBinder.java:64] binding parameter [110] as [VARCHAR] - [tZIuaqZmDsjJZulvQnka]
2020-06-19 14:05:48 TRACE [BasicBinder.java:64] binding parameter [111] as [VARCHAR] - [qitBcYUeRhXokIm]
2020-06-19 14:05:48 TRACE [BasicBinder.java:64] binding parameter [112] as [VARCHAR] - [lnjUmHJbvwEFonRfhbK]
2020-06-19 14:05:48 TRACE [BasicBinder.java:64] binding parameter [113] as [VARCHAR] - [Fu]
2020-06-19 14:05:48 TRACE [BasicBinder.java:64] binding parameter [114] as [VARCHAR] - [WSJrDPJGbj]
2020-06-19 14:05:48 TRACE [BasicBinder.java:64] binding parameter [115] as [VARCHAR] - [R]
2020-06-19 14:05:48 TRACE [BasicBinder.java:64] binding parameter [116] as [VARCHAR] - [KqycKvhCqLe]
2020-06-19 14:05:48 TRACE [BasicBinder.java:64] binding parameter [117] as [VARCHAR] - [sWpWWWPImNtTXwPRCKeS]
2020-06-19 14:05:48 TRACE [BasicBinder.java:64] binding parameter [118] as [VARCHAR] - [xgmIIRavxjwYwgPYQhbe]
2020-06-19 14:05:48 TRACE [BasicBinder.java:64] binding parameter [119] as [VARCHAR] - [kSrXyZxxfQuzxxTnkSmp]
2020-06-19 14:05:48 TRACE [BasicBinder.java:64] binding parameter [120] as [VARCHAR] - [ESlGDSLDBlGfGqppPPNB]
2020-06-19 14:05:48 TRACE [BasicBinder.java:64] binding parameter [121] as [VARCHAR] - [xxBgpKPUUJrNSkKwKTJs]
2020-06-19 14:05:48 TRACE [BasicBinder.java:64] binding parameter [122] as [VARCHAR] - [tr]
2020-06-19 14:05:48 TRACE [BasicBinder.java:64] binding parameter [123] as [VARCHAR] - [Q]
2020-06-19 14:05:48 TRACE [BasicBinder.java:64] binding parameter [124] as [VARCHAR] - [QnUg]
2020-06-19 14:05:48 TRACE [BasicBinder.java:64] binding parameter [125] as [VARCHAR] - [rlMJSGuPvqmqZNhZbUwP]
2020-06-19 14:05:48 TRACE [BasicBinder.java:64] binding parameter [126] as [VARCHAR] - [fmk]
2020-06-19 14:05:48 TRACE [BasicBinder.java:64] binding parameter [127] as [VARCHAR] - [Dk]
2020-06-19 14:05:48 TRACE [BasicBinder.java:64] binding parameter [128] as [VARCHAR] - [mkBCfRhYvXyVBdztgZbz]
2020-06-19 14:05:48 TRACE [BasicBinder.java:64] binding parameter [129] as [VARCHAR] - [HDFoImEZQFbAVZPqHLPx]
2020-06-19 14:05:48 TRACE [BasicBinder.java:64] binding parameter [130] as [VARCHAR] - [kwueVRyqQjQtqgYkBUfW]
2020-06-19 14:05:48 TRACE [BasicBinder.java:64] binding parameter [131] as [VARCHAR] - [y]
2020-06-19 14:05:48 TRACE [BasicBinder.java:64] binding parameter [132] as [VARCHAR] - [FIvayUCtfeTXVKVMMILl]
2020-06-19 14:05:48 TRACE [BasicBinder.java:64] binding parameter [133] as [VARCHAR] - [iaaWaXKbrQwduWztrcUB]
2020-06-19 14:05:48 TRACE [BasicBinder.java:64] binding parameter [134] as [VARCHAR] - [TIeRnLrWBcKHsDuNLnYM]
2020-06-19 14:05:48 TRACE [BasicBinder.java:64] binding parameter [135] as [VARCHAR] - [PS]
2020-06-19 14:05:48 TRACE [BasicBinder.java:64] binding parameter [136] as [VARCHAR] - [NfeeKPSyfUpgYXjq]
2020-06-19 14:05:48 TRACE [BasicBinder.java:64] binding parameter [137] as [DOUBLE] - [9608632.804179853]
2020-06-19 14:05:48 TRACE [BasicBinder.java:64] binding parameter [138] as [VARCHAR] - [xkPtRTJY]
2020-06-19 14:05:48 TRACE [BasicBinder.java:64] binding parameter [139] as [VARCHAR] - [inQdDTcpOQaYXnm]
2020-06-19 14:05:48 TRACE [BasicBinder.java:64] binding parameter [140] as [VARCHAR] - [qAvgJVinGO]
2020-06-19 14:05:48 TRACE [BasicBinder.java:64] binding parameter [141] as [BIGINT] - [6]
2020-06-19 14:05:48 DEBUG [MockBuilder.java:94] set changedBy -> DxuTpqaw
2020-06-19 14:05:48 DEBUG [MockBuilder.java:94] set ediReasonCode -> 781974
2020-06-19 14:05:48 DEBUG [MockBuilder.java:94] set changeTimestamp -> 1970-01-01T01:10:01
2020-06-19 14:05:48 DEBUG [MockBuilder.java:94] set autoCreateFlag -> K
2020-06-19 14:05:48 DEBUG [MockBuilder.java:94] set precedence -> 5629582.341077559
2020-06-19 14:05:48 DEBUG [MockBuilder.java:94] set description -> cICulAQqSqztkVkyOLnw
2020-06-19 14:05:48 DEBUG [MockBuilder.java:94] set createTimestamp -> 1970-01-01T02:08:09
2020-06-19 14:05:48 DEBUG [MockBuilder.java:94] set createdBy -> GKoORJaf
2020-06-19 14:05:48 DEBUG [MockBuilder.java:94] set ediOrdValidations -> null
2020-06-19 14:05:48 DEBUG [MockBuilder.java:94] set level -> s
2020-06-19 14:05:48 DEBUG [MockBuilder.java:94] set defaultAction -> L
Hibernate: select edireasonc0_.EDI_REASON_CODE as edi_reas1_6_1_, edireasonc0_.AUTO_CREATE_FLAG as auto_cre2_6_1_, edireasonc0_.CHANGE_TIMESTAMP as change_t3_6_1_, edireasonc0_.CHANGED_BY as changed_4_6_1_, edireasonc0_.CREATE_TIMESTAMP as create_t5_6_1_, edireasonc0_.CREATED_BY as created_6_6_1_, edireasonc0_.DEFAULT_ACTION as default_7_6_1_, edireasonc0_.description as descript8_6_1_, edireasonc0_.LEVEL as level9_6_1_, edireasonc0_.precedence as precede10_6_1_, ediordvali1_.edi_reason_code as edi_rea11_2_3_, ediordvali1_.EDI_ORDER_NBR as edi_orde1_2_3_, ediordvali1_.PO_LINE_NBR as po_line_2_2_3_, ediordvali1_.TIME_STAMP as time_sta3_2_3_, ediordvali1_.EDI_ORDER_NBR as edi_orde1_2_0_, ediordvali1_.PO_LINE_NBR as po_line_2_2_0_, ediordvali1_.TIME_STAMP as time_sta3_2_0_, ediordvali1_.ACTION_CODE as action_c4_2_0_, ediordvali1_.ASSIGNED_TO as assigned5_2_0_, ediordvali1_.CHANGED_BY as changed_6_2_0_, ediordvali1_.CHANGED_TIMESTAMP as changed_7_2_0_, ediordvali1_.CREATED_BY as created_8_2_0_, ediordvali1_.CREATED_TIMESTAMP as created_9_2_0_, ediordvali1_.edi_reason_code as edi_rea11_2_0_, ediordvali1_.status as status10_2_0_ from EDI_REASON_CODE edireasonc0_ left outer join EDI_ORD_VALIDATION ediordvali1_ on edireasonc0_.EDI_REASON_CODE=ediordvali1_.edi_reason_code where edireasonc0_.EDI_REASON_CODE=?
2020-06-19 14:05:48 TRACE [BasicBinder.java:64] binding parameter [1] as [INTEGER] - [63]
]]></system-out>
  </testcase>
  <testcase name="testResubmit" classname="com.shaw.ediorderservices.service.order.HardsurfacesOrderServiceTest" time="0.147">
    <failure message="Not yet implemented" type="org.opentest4j.AssertionFailedError">org.opentest4j.AssertionFailedError: Not yet implemented
	at com.shaw.ediorderservices.service.order.HardsurfacesOrderServiceTest.testResubmit(HardsurfacesOrderServiceTest.java:26)
</failure>
    <system-out><![CDATA[2020-06-19 14:05:48 DEBUG [MockBuilder.java:94] set poType -> IdspQ
2020-06-19 14:05:48 DEBUG [MockBuilder.java:94] set orderingSystem -> Qh
2020-06-19 14:05:48 DEBUG [MockBuilder.java:94] set orderRetTotal -> 6651899.276161759
2020-06-19 14:05:48 DEBUG [MockBuilder.java:94] set eventInfo -> JjMcbtmLiQuguIK
2020-06-19 14:05:48 DEBUG [MockBuilder.java:94] set salesCheckNumber -> EforKbIpHPwjhJMlhTpb
2020-06-19 14:05:48 DEBUG [MockBuilder.java:94] set reserveOrderInd -> U
2020-06-19 14:05:48 DEBUG [MockBuilder.java:94] set orderType -> h
2020-06-19 14:05:48 DEBUG [MockBuilder.java:94] set explodeFlag -> I
2020-06-19 14:05:48 DEBUG [MockBuilder.java:94] set storeName -> uLaRgvCzdjQsewAXcwSO
2020-06-19 14:05:48 DEBUG [MockBuilder.java:94] set salesReqCode -> vD
2020-06-19 14:05:48 DEBUG [MockBuilder.java:94] set fobPoint -> YM
2020-06-19 14:05:48 DEBUG [MockBuilder.java:94] set orderTypeDesc -> smboLRCibvfgTcc
2020-06-19 14:05:48 DEBUG [MockBuilder.java:94] set termsNetDays -> dED
2020-06-19 14:05:48 DEBUG [MockBuilder.java:94] set returnMsg -> okQppAufHZIOQzEtHkuB
2020-06-19 14:05:48 DEBUG [MockBuilder.java:94] set sellCo -> Ja
2020-06-19 14:05:48 DEBUG [MockBuilder.java:94] set frtCode -> A
2020-06-19 14:05:48 DEBUG [MockBuilder.java:94] set orderWeight -> 1875729.562517251
2020-06-19 14:05:48 DEBUG [MockBuilder.java:94] set termsTypeFlag -> ap
2020-06-19 14:05:48 DEBUG [MockBuilder.java:94] set seqNbr -> 268075
2020-06-19 14:05:48 DEBUG [MockBuilder.java:94] set poTypeSuffix -> dyMHfdXaLP
2020-06-19 14:05:48 DEBUG [MockBuilder.java:94] set giftMessage1 -> sjsRrlmjKpGeajHAbghu
2020-06-19 14:05:48 DEBUG [MockBuilder.java:94] set orderRetHand -> 1770841.749833573
2020-06-19 14:05:48 DEBUG [MockBuilder.java:94] set phoneNumber -> zpfkkwUcBJC
2020-06-19 14:05:48 DEBUG [MockBuilder.java:94] set giftMessage2 -> YsMyYVBfLyggmEsnRyij
2020-06-19 14:05:48 DEBUG [MockBuilder.java:94] set routeByDate -> 1984-01-27
2020-06-19 14:05:48 DEBUG [MockBuilder.java:94] set totalBindingFt -> 2627028.0569779556
2020-06-19 14:05:48 DEBUG [MockBuilder.java:94] set poDateValue -> 1982-01-08
2020-06-19 14:05:48 DEBUG [MockBuilder.java:94] set psMsg -> pHSEXrizPdOjdKNoolXV
2020-06-19 14:05:48 DEBUG [MockBuilder.java:94] set hostAlertFlag -> s
2020-06-19 14:05:48 DEBUG [MockBuilder.java:94] set srvLevel -> Bw
2020-06-19 14:05:48 DEBUG [MockBuilder.java:94] set shipPartCompInd -> i
2020-06-19 14:05:48 DEBUG [MockBuilder.java:94] set poDateQualifier -> Kvf
2020-06-19 14:05:48 DEBUG [MockBuilder.java:94] set dunsNbr -> CDuFhrpMmYoSUGM
2020-06-19 14:05:48 DEBUG [MockBuilder.java:94] set shipPt -> Vw
2020-06-19 14:05:48 DEBUG [MockBuilder.java:94] set poNumber -> cRkPigsStuMtsjrjZvQn
2020-06-19 14:05:48 DEBUG [MockBuilder.java:94] set orderRetSh -> 395361.0970565631
2020-06-19 14:05:48 DEBUG [MockBuilder.java:94] set errorCode -> SgF
2020-06-19 14:05:48 DEBUG [MockBuilder.java:94] set poQual -> ov
2020-06-19 14:05:48 DEBUG [MockBuilder.java:94] set poControl -> zITqQ
2020-06-19 14:05:48 DEBUG [MockBuilder.java:94] set errorDescription -> VXgWoFzUTkqQSlXgdwOg
2020-06-19 14:05:48 DEBUG [MockBuilder.java:94] set specialInstruct1 -> OYqJVVKMsNDQkCewRnUU
2020-06-19 14:05:48 DEBUG [MockBuilder.java:94] set statusCode -> F
2020-06-19 14:05:48 DEBUG [MockBuilder.java:94] set shipComplete -> w
2020-06-19 14:05:48 DEBUG [MockBuilder.java:94] set specialInstruct2 -> gXfUYHlgVMJbBYneLiJk
2020-06-19 14:05:48 DEBUG [MockBuilder.java:94] set consStatusMsg -> xMCMYVnvKncGKUcwPMDj
2020-06-19 14:05:48 DEBUG [MockBuilder.java:94] set errorTimestamp -> 1970-01-01T00:40:15
2020-06-19 14:05:48 DEBUG [MockBuilder.java:94] set shipDateValue -> 1974-05-01
2020-06-19 14:05:48 DEBUG [MockBuilder.java:94] set stdCarrAlphaInd -> Doxy
2020-06-19 14:05:48 DEBUG [MockBuilder.java:94] set contractUsageInd -> w
2020-06-19 14:05:48 DEBUG [MockBuilder.java:94] set shipDateQualifier -> KmF
2020-06-19 14:05:48 DEBUG [MockBuilder.java:94] set orderRetTax -> 9545329.271039667
2020-06-19 14:05:48 DEBUG [MockBuilder.java:94] set ohStatusCode -> J
2020-06-19 14:05:48 DEBUG [MockBuilder.java:94] set shipInstruction -> lKCwTOrYWelXMPznHucH
2020-06-19 14:05:48 DEBUG [MockBuilder.java:94] set specialInstruct3 -> rdCjexcdfpepplXKiUNS
2020-06-19 14:05:48 DEBUG [MockBuilder.java:94] set crossDockCenter -> znkzVowpsx
2020-06-19 14:05:48 DEBUG [MockBuilder.java:94] set onNote -> kqkUiKBbaRxWzwzmruXe
2020-06-19 14:05:48 DEBUG [MockBuilder.java:94] set shipByCutOffDt -> 1994-12-15
2020-06-19 14:05:48 DEBUG [MockBuilder.java:94] set phone -> rxBwTMYzeLftkoh
2020-06-19 14:05:48 DEBUG [MockBuilder.java:94] set deliveryDate -> 1988-06-25
2020-06-19 14:05:48 DEBUG [MockBuilder.java:94] set specialInstruct4 -> EvHgsVNXrpJXYESnwiBl
2020-06-19 14:05:48 DEBUG [MockBuilder.java:94] set beg -> wkjgh
2020-06-19 14:05:48 DEBUG [MockBuilder.java:94] set onlineType -> Q
2020-06-19 14:05:48 DEBUG [MockBuilder.java:94] set province -> ySfrSlwjWAViNYhJXlX
2020-06-19 14:05:48 DEBUG [MockBuilder.java:94] set custDept -> stKMw
2020-06-19 14:05:48 DEBUG [MockBuilder.java:94] set orderDate -> 1975-08-27
2020-06-19 14:05:48 DEBUG [MockBuilder.java:94] set billToState -> pR
2020-06-19 14:05:48 DEBUG [MockBuilder.java:94] set name -> mBAxFVaEPvcVqXbAqDKB
2020-06-19 14:05:48 DEBUG [MockBuilder.java:94] set orderLoc -> HK
2020-06-19 14:05:48 DEBUG [MockBuilder.java:94] set chngLid -> HiINzlIS
2020-06-19 14:05:48 DEBUG [MockBuilder.java:94] set orderMerCost -> 5601718.237789005
2020-06-19 14:05:48 DEBUG [MockBuilder.java:94] set flag -> 86139
2020-06-19 14:05:48 DEBUG [MockBuilder.java:94] set billToStore -> cbEIcMAAWX
2020-06-19 14:05:48 DEBUG [MockBuilder.java:94] set shawOrderNumber -> sRYYqB
2020-06-19 14:05:48 DEBUG [MockBuilder.java:94] set shipByDate -> 1981-10-14
2020-06-19 14:05:48 DEBUG [MockBuilder.java:94] set truncFlag -> Z
2020-06-19 14:05:48 DEBUG [MockBuilder.java:94] set nbDate -> 1987-05-18
2020-06-19 14:05:48 DEBUG [MockBuilder.java:94] set shipCancelDate -> 1981-07-19
2020-06-19 14:05:48 DEBUG [MockBuilder.java:94] set zip -> reCnDfGWQEE
2020-06-19 14:05:48 DEBUG [MockBuilder.java:94] set specialPoNo -> oXXQpmEmcefngNPNGEbz
2020-06-19 14:05:48 DEBUG [MockBuilder.java:94] set newStoreInd -> s
2020-06-19 14:05:48 DEBUG [MockBuilder.java:94] set userId -> TiNgHFaV
2020-06-19 14:05:48 DEBUG [MockBuilder.java:94] set store -> rCTzDuZbgv
2020-06-19 14:05:48 DEBUG [MockBuilder.java:94] set country -> iqVITgClSbPxvSVuOXJ
2020-06-19 14:05:48 DEBUG [MockBuilder.java:94] set vendorNo -> iIoNCMiUMUevtSg
2020-06-19 14:05:48 DEBUG [MockBuilder.java:94] set delvCutOffDt -> 1979-05-08
2020-06-19 14:05:48 DEBUG [MockBuilder.java:94] set wcStore -> jBxYnfbgnl
2020-06-19 14:05:48 DEBUG [MockBuilder.java:94] set cnCity -> WyXkQEMUTZtLQDIPTCG
2020-06-19 14:05:48 DEBUG [MockBuilder.java:94] set chngTimestamp -> 1970-01-01T02:05:07
2020-06-19 14:05:48 DEBUG [MockBuilder.java:94] set divDesc -> BsFmvcGtebkKDWihBdeY
2020-06-19 14:05:48 DEBUG [MockBuilder.java:94] set bsStoreNbr -> YtbQMfqmhE
2020-06-19 14:05:48 DEBUG [MockBuilder.java:94] set destCode -> tK
2020-06-19 14:05:48 DEBUG [MockBuilder.java:94] set addressLine2 -> ijhHWNbldMUCfRTyuNkK
2020-06-19 14:05:48 DEBUG [MockBuilder.java:94] set commCust -> byYTEOU
2020-06-19 14:05:48 DEBUG [MockBuilder.java:94] set name -> OAuHJQJlssdZettaXyAC
2020-06-19 14:05:48 DEBUG [MockBuilder.java:94] set cancelDateQualifier -> KTS
2020-06-19 14:05:48 DEBUG [MockBuilder.java:94] set city -> BupJxypHmerzMimidhN
2020-06-19 14:05:48 DEBUG [MockBuilder.java:94] set customerCode -> Fa
2020-06-19 14:05:48 DEBUG [MockBuilder.java:94] set noAsnFlag -> q
2020-06-19 14:05:48 DEBUG [MockBuilder.java:94] set state -> bK
2020-06-19 14:05:48 DEBUG [MockBuilder.java:94] set carrierCode -> oQ
2020-06-19 14:05:48 DEBUG [MockBuilder.java:94] set addressLine1 -> HEtYtlDxKhSTeJSlByIL
2020-06-19 14:05:48 DEBUG [MockBuilder.java:94] set ohCancelDateValue -> 1978-11-22
2020-06-19 14:05:48 DEBUG [MockBuilder.java:94] set ccountry -> JoaLFFvgMrtZkDCFvNUC
2020-06-19 14:05:48 DEBUG [MockBuilder.java:94] set cbCutLength -> 3249039.234457507
2020-06-19 14:05:48 DEBUG [MockBuilder.java:94] set inputMethod -> beJiPykeRH
2020-06-19 14:05:48 DEBUG [MockBuilder.java:94] set cprovince -> QoasFYPjyXMJYOsGcBDy
2020-06-19 14:05:48 DEBUG [MockBuilder.java:94] set custNbr -> UETHMmy
2020-06-19 14:05:48 DEBUG [MockBuilder.java:94] set agreementNumber -> emAaPiHgKHlwasU
2020-06-19 14:05:48 DEBUG [MockBuilder.java:94] set markForStore -> bJxOyotQqC
2020-06-19 14:05:48 DEBUG [MockBuilder.java:94] set consumerPoDateValue -> 1986-04-04
2020-06-19 14:05:48 DEBUG [MockBuilder.java:94] set custPmtMeth -> SuuQCsOrpbjjUQLGVIYy
2020-06-19 14:05:48 DEBUG [MockBuilder.java:94] set assignedAgent -> ftZAqUjL
2020-06-19 14:05:48 DEBUG [MockBuilder.java:94] set mediaEventCode -> WN
2020-06-19 14:05:48 DEBUG [MockBuilder.java:94] set custSpInst -> oaUucmOyXoFEJNWdHwTc
2020-06-19 14:05:48 DEBUG [MockBuilder.java:94] set custNbr -> ndncMMu
2020-06-19 14:05:48 DEBUG [MockBuilder.java:94] set addressLine1 -> rMlpkqEhPJrhbtahReEk
2020-06-19 14:05:48 DEBUG [MockBuilder.java:94] set city -> ozMJuJhRJKehxaotXug
2020-06-19 14:05:48 DEBUG [MockBuilder.java:94] set cphone -> uqcUZGNQmllQZYhfqypb
2020-06-19 14:05:48 DEBUG [MockBuilder.java:94] set custWhNbr -> WEUu
2020-06-19 14:05:48 DEBUG [MockBuilder.java:94] set addressLine2 -> MlvJfHceScVjNQSkKOrX
2020-06-19 14:05:48 DEBUG [MockBuilder.java:94] set acctContact -> PaMQhepGNmheYQWCdqjT
2020-06-19 14:05:48 DEBUG [MockBuilder.java:94] set state -> TU
2020-06-19 14:05:48 DEBUG [MockBuilder.java:94] set consumerShipFlg -> l
2020-06-19 14:05:48 DEBUG [MockBuilder.java:94] set shipToAddress -> LegacyShipToAddress [addressLine1=HEtYtlDxKhSTeJSlByIL, addressLine2=ijhHWNbldMUCfRTyuNkK, city=BupJxypHmerzMimidhN, cnCity=WyXkQEMUTZtLQDIPTCG, country=iqVITgClSbPxvSVuOXJ, custNbr=UETHMmy, destCode=tK, flag=86139, name=mBAxFVaEPvcVqXbAqDKB, phone=rxBwTMYzeLftkoh, province=ySfrSlwjWAViNYhJXlX, state=bK, store=rCTzDuZbgv, truncFlag=Z, zip=reCnDfGWQEE]
2020-06-19 14:05:48 DEBUG [MockBuilder.java:94] set authRep -> rZuPZRJQhHVMhysOSIwb
2020-06-19 14:05:48 DEBUG [MockBuilder.java:94] set customerRefNbr -> RbM
2020-06-19 14:05:48 DEBUG [MockBuilder.java:94] set zip -> hQDtFcDyb
2020-06-19 14:05:48 DEBUG [MockBuilder.java:94] set acknowlegeOrdInd -> N
2020-06-19 14:05:48 DEBUG [MockBuilder.java:94] set city -> dJwVeYnKGeeBdfSJcLXz
2020-06-19 14:05:48 DEBUG [MockBuilder.java:94] set addrKey -> 502603
2020-06-19 14:05:48 DEBUG [MockBuilder.java:94] set tpcountry -> lyGycahxbItlRIkLsbLp
2020-06-19 14:05:48 DEBUG [MockBuilder.java:94] set authorizationNo -> mhgTEOCOMM
2020-06-19 14:05:48 DEBUG [MockBuilder.java:94] set state -> iZ
2020-06-19 14:05:48 DEBUG [MockBuilder.java:94] set tpphone -> vYISvvoxybJGyqjsyzrb
2020-06-19 14:05:48 DEBUG [MockBuilder.java:94] set customerSidemark -> JAenkVgYgLsOcLnFNAyJ
2020-06-19 14:05:48 DEBUG [MockBuilder.java:94] set addressLine1 -> cdDBUAJGIVnyjDqaNeom
2020-06-19 14:05:48 DEBUG [MockBuilder.java:94] set zip -> GLomMqkPsJwxyFjr
2020-06-19 14:05:48 DEBUG [MockBuilder.java:94] set tpprovince -> SjTRIzohPqUgLxuhcVPw
2020-06-19 14:05:48 DEBUG [MockBuilder.java:94] set consumerAddress -> LegacyConsumerAddress [cprovince=QoasFYPjyXMJYOsGcBDy, ccountry=JoaLFFvgMrtZkDCFvNUC, cphone=uqcUZGNQmllQZYhfqypb, addressLine1=rMlpkqEhPJrhbtahReEk, addressLine2=MlvJfHceScVjNQSkKOrX, city=ozMJuJhRJKehxaotXug, name=OAuHJQJlssdZettaXyAC, consumerPoDateValue=1986-04-04, consumerShipFlg=l, state=TU, zip=hQDtFcDyb]
2020-06-19 14:05:48 DEBUG [MockBuilder.java:94] set accountNbr -> nEOHbEYeUYVZHahzsvsg
2020-06-19 14:05:48 DEBUG [MockBuilder.java:94] set name -> HfbYLrHpGXkijYdaweRy
2020-06-19 14:05:48 DEBUG [MockBuilder.java:94] set billFlag -> q
2020-06-19 14:05:48 DEBUG [MockBuilder.java:94] set addressLine2 -> UhPRhTHqyJYbbcSDwKpV
2020-06-19 14:05:48 DEBUG [MockBuilder.java:94] set name2 -> kTMWVMbZnPdUAJNXprSB
2020-06-19 14:05:48 DEBUG [MockBuilder.java:94] set thirdPartyAddress -> LegacyThirdPartyAddress [tpprovince=SjTRIzohPqUgLxuhcVPw, tpcountry=lyGycahxbItlRIkLsbLp, tpphone=vYISvvoxybJGyqjsyzrb, addressLine1=cdDBUAJGIVnyjDqaNeom, addressLine2=UhPRhTHqyJYbbcSDwKpV, accountNbr=nEOHbEYeUYVZHahzsvsg, billFlag=q, city=dJwVeYnKGeeBdfSJcLXz, name=HfbYLrHpGXkijYdaweRy, name2=kTMWVMbZnPdUAJNXprSB, state=iZ, zip=GLomMqkPsJwxyFjr]
2020-06-19 14:05:48 DEBUG [MockBuilder.java:94] set dates -> null
2020-06-19 14:05:48 DEBUG [MockBuilder.java:94] set lines -> null
2020-06-19 14:05:48 DEBUG [MockBuilder.java:94] set purchasedBy -> XYDZVsyQwCBeEORyciQW
2020-06-19 14:05:48 DEBUG [MockBuilder.java:94] set rcdCode -> m
2020-06-19 14:05:48 DEBUG [MockBuilder.java:94] set receivedTimestamp -> 1970-01-01T00:42:36
2020-06-19 14:05:48 DEBUG [MockBuilder.java:94] set refTcNbr -> mbBwiegKMGNcuWddxFnG
2020-06-19 14:05:48 DEBUG [MockHelper.java:99] EdiOrderHeader [legacyOrderNumber=null, acctContact=PaMQhepGNmheYQWCdqjT, acknowlegeOrdInd=N, addrKey=502603, agreementNumber=emAaPiHgKHlwasU, assignedAgent=ftZAqUjL, authRep=rZuPZRJQhHVMhysOSIwb, authorizationNo=mhgTEOCOMM, beg=wkjgh, billToState=pR, billToStore=cbEIcMAAWX, bsStoreNbr=YtbQMfqmhE, cancelDateQualifier=KTS, carrierCode=oQ, cbCutLength=3249039.234457507, chngLid=HiINzlIS, chngTimestamp=1970-01-01T02:05:07, commCust=byYTEOU, consStatusMsg=xMCMYVnvKncGKUcwPMDj, contractUsageInd=w, crossDockCenter=znkzVowpsx, custDept=stKMw, custPmtMeth=SuuQCsOrpbjjUQLGVIYy, custSpInst=oaUucmOyXoFEJNWdHwTc, custWhNbr=WEUu, customerCode=Fa, custNbr=ndncMMu, customerRefNbr=RbM, customerSidemark=JAenkVgYgLsOcLnFNAyJ, deliveryDate=1988-06-25, delvCutOffDt=1979-05-08, divDesc=BsFmvcGtebkKDWihBdeY, dunsNbr=CDuFhrpMmYoSUGM, errorCode=SgF, errorDescription=VXgWoFzUTkqQSlXgdwOg, errorTimestamp=1970-01-01T00:40:15, eventInfo=JjMcbtmLiQuguIK, explodeFlag=I, fobPoint=YM, frtCode=A, giftMessage1=sjsRrlmjKpGeajHAbghu, giftMessage2=YsMyYVBfLyggmEsnRyij, hostAlertFlag=s, inputMethod=beJiPykeRH, markForStore=bJxOyotQqC, mediaEventCode=WN, nbDate=1987-05-18, newStoreInd=s, noAsnFlag=q, ohCancelDateValue=1978-11-22, ohStatusCode=J, onNote=kqkUiKBbaRxWzwzmruXe, onlineType=Q, orderDate=1975-08-27, orderLoc=01, orderMerCost=5601718.237789005, shawOrderNumber=sRYYqB, orderRetHand=1770841.749833573, orderRetSh=395361.0970565631, orderRetTax=9545329.271039667, orderRetTotal=6651899.276161759, orderType=S, orderTypeDesc=SAMPLES, orderWeight=1875729.562517251, orderingSystem=Qh, phoneNumber=zpfkkwUcBJC, poControl=zITqQ, poDateValue=1982-01-08, poDateQualifier=Kvf, poNumber=cRkPigsStuMtsjrjZvQn, poQual=ov, poType=IdspQ, poTypeSuffix=dyMHfdXaLP, psMsg=pHSEXrizPdOjdKNoolXV, purchasedBy=XYDZVsyQwCBeEORyciQW, rcdCode=m, receivedTimestamp=1970-01-01T00:42:36, refTcNbr=mbBwiegKMGNcuWddxFnG, reserveOrderInd=U, returnMsg=okQppAufHZIOQzEtHkuB, routeByDate=1984-01-27, salesCheckNumber=EforKbIpHPwjhJMlhTpb, salesReqCode=vD, sellCo=Ja, seqNbr=268075, shipByCutOffDt=1994-12-15, shipByDate=1981-10-14, shipCancelDate=1981-07-19, shipComplete=w, shipDateValue=1974-05-01, shipDateQualifier=KmF, shipInstruction=lKCwTOrYWelXMPznHucH, shipPartCompInd=i, shipPt=Vw, specialInstruct1=OYqJVVKMsNDQkCewRnUU, specialInstruct2=gXfUYHlgVMJbBYneLiJk, specialInstruct3=rdCjexcdfpepplXKiUNS, specialInstruct4=EvHgsVNXrpJXYESnwiBl, specialPoNo=oXXQpmEmcefngNPNGEbz, srvLevel=Bw, statusCode=F, stdCarrAlphaInd=Doxy, storeName=uLaRgvCzdjQsewAXcwSO, termsNetDays=dED, termsTypeFlag=ap, totalBindingFt=2627028.0569779556, userId=TiNgHFaV, vendorNo=iIoNCMiUMUevtSg, wcStore=jBxYnfbgnl, consumerAddress=LegacyConsumerAddress [cprovince=QoasFYPjyXMJYOsGcBDy, ccountry=JoaLFFvgMrtZkDCFvNUC, cphone=uqcUZGNQmllQZYhfqypb, addressLine1=rMlpkqEhPJrhbtahReEk, addressLine2=MlvJfHceScVjNQSkKOrX, city=ozMJuJhRJKehxaotXug, name=OAuHJQJlssdZettaXyAC, consumerPoDateValue=1986-04-04, consumerShipFlg=l, state=TU, zip=hQDtFcDyb], shipToAddress=LegacyShipToAddress [addressLine1=HEtYtlDxKhSTeJSlByIL, addressLine2=ijhHWNbldMUCfRTyuNkK, city=BupJxypHmerzMimidhN, cnCity=WyXkQEMUTZtLQDIPTCG, country=iqVITgClSbPxvSVuOXJ, custNbr=UETHMmy, destCode=tK, flag=86139, name=mBAxFVaEPvcVqXbAqDKB, phone=rxBwTMYzeLftkoh, province=ySfrSlwjWAViNYhJXlX, state=bK, store=rCTzDuZbgv, truncFlag=Z, zip=reCnDfGWQEE], thirdPartyAddress=LegacyThirdPartyAddress [tpprovince=SjTRIzohPqUgLxuhcVPw, tpcountry=lyGycahxbItlRIkLsbLp, tpphone=vYISvvoxybJGyqjsyzrb, addressLine1=cdDBUAJGIVnyjDqaNeom, addressLine2=UhPRhTHqyJYbbcSDwKpV, accountNbr=nEOHbEYeUYVZHahzsvsg, billFlag=q, city=dJwVeYnKGeeBdfSJcLXz, name=HfbYLrHpGXkijYdaweRy, name2=kTMWVMbZnPdUAJNXprSB, state=iZ, zip=GLomMqkPsJwxyFjr], dates=null, lines=null]
Hibernate: call next value for SHXP.EDI_ORDER_NBR
Hibernate: insert into EDI_ORDER_HEADER (ACCT_CONTACT, ACKNOWLEGE_ORD_IND, ADDR_KEY, AGREEMENT_NUMBER, ASSIGNED_AGENT, AUTH_REP, AUTHORIZATION_NO, beg, BILL_TO_STATE, BILL_TO_STORE, BS_STORE_NBR, CANCEL_DATE_QUAL, CARRIER_CODE, CB_CUT_LENGTH, CHNG_LID, CHNG_TIMESTAMP, COMM_CUST, CONS_STATUS_MSG, CONSUMER_ADDRESS, CONSUMER_ADDRESS_2, CONSUMER_CITY, CONSUMER_PO_DATE, CONSUMER_SHIP_FLG, CONSUMER_NAME, CONSUMER_STATE, CONSUMER_ZIP, CONTRACT_USAGE_IND, CROSS_DOCK_CENTER, CUST_DEPT, CUSTOMER_NUMBER, CUST_PMT_METH, CUST_SP_INST, CUST_WH_NBR, CUSTOMER_CODE, CUSTOMER_REF_NBR, CUSTOMER_SIDEMARK, DELIVERY_DATE, DELV_CUT_OFF_DT, DIV_DESC, DUNS_NBR, ERROR_CODE, ERROR_DESCRIPTION, ERROR_TIMESTAMP, EVENT_INFO, EXPLODE_FLAG, FOB_POINT, FRT_CODE, GIFT_MESSAGE_1, GIFT_MESSAGE_2, HOST_ALERT_FLAG, INPUT_METHOD, MARK_FOR_STORE, MEDIA_EVENT_CODE, NB_DATE, NEW_STORE_IND, NO_ASN_FLAG, OH_CANCEL_DATE, OH_STATUS_CODE, ON_NOTE, ONLINE_TYPE, ORDER_DATE, ORDER_LOC, ORDER_MER_COST, ORDER_RET_HAND, ORDER_RET_SH, ORDER_RET_TAX, ORDER_RET_TOTAL, ORDER_TYPE, ORDER_TYPE_DESC, ORDER_WEIGHT, ORDERING_SYSTEM, PHONE_NUMBER, PO_CONTROL, PO_DATE_QUAL, PO_DATE, PO_NUMBER, PO_QUAL, PO_TYPE, PO_TYPE_SUFFIX, PS_MSG, PURCHASED_BY, RCD_CODE, RECEIVED_TIMESTAMP, REF_TC_NBR, RESERVE_ORDER_IND, RETURN_MSG, ROUTE_BY_DATE, SALES_CHECK_NUMBER, SALES_REQ_CODE, SELL_CO, SEQ_NBR, ORDER_NUMBER, SHIP_BY_CUT_OFF_DT, SHIP_BY_DATE, SHIP_CANCEL_DATE, SHIP_COMPLETE, SHIP_DATE_QUAL, SHIP_DATE, SHIP_INSTRUCTION, SHIP_PART_COMP_IND, SHIP_PT, SHIP_TO_ADDRESS_1, SHIP_TO_ADDRESS_2, SHIP_TO_CITY, SHIP_TO_CN_CITY, SHIP_TO_COUNTRY, SHIP_TO_CUST_NBR, SHIP_TO_DEST_COD, SHIP_TO_FLAG, SHIP_TO_NAME, SHIP_TO_PHONE, SHIP_TO_PROVENCE, SHIP_TO_STATE, SHIP_TO_STORE, SHIP_TO_TRUNC_FLG, SHIP_TO_ZIP, SPECIAL_INSTRUCT_1, SPECIAL_INSTRUCT_2, SPECIAL_INSTRUCT_3, SPECIAL_INSTRUCT_4, SPECIAL_PO_NO, SRV_LEVEL, STATUS_CODE, STD_CARR_ALPHA_IND, STORE_NAME, TERMS_NET_DAYS, TERMS_TYPE_FLAG, THIRD_PARTY_ACCT_NBR, THIRD_PARTY_ADDR_1, THIRD_PARTY_ADDR_2, THIRD_PARTY_BILL_FLAG, THIRD_PARTY_CITY, THIRD_PARTY_NAME, THIRD_PARTY_NAME_2, THIRD_PARTY_STATE, THIRD_PARTY_ZIP, TOTAL_BINDING_FT, USER_ID, VENDOR_NO, WC_STORE, EDI_ORDER_NUMBER) values (?, ?, ?, ?, ?, ?, ?, ?, ?, ?, ?, ?, ?, ?, ?, ?, ?, ?, ?, ?, ?, ?, ?, ?, ?, ?, ?, ?, ?, ?, ?, ?, ?, ?, ?, ?, ?, ?, ?, ?, ?, ?, ?, ?, ?, ?, ?, ?, ?, ?, ?, ?, ?, ?, ?, ?, ?, ?, ?, ?, ?, ?, ?, ?, ?, ?, ?, ?, ?, ?, ?, ?, ?, ?, ?, ?, ?, ?, ?, ?, ?, ?, ?, ?, ?, ?, ?, ?, ?, ?, ?, ?, ?, ?, ?, ?, ?, ?, ?, ?, ?, ?, ?, ?, ?, ?, ?, ?, ?, ?, ?, ?, ?, ?, ?, ?, ?, ?, ?, ?, ?, ?, ?, ?, ?, ?, ?, ?, ?, ?, ?, ?, ?, ?, ?, ?, ?, ?, ?, ?, ?)
2020-06-19 14:05:48 TRACE [BasicBinder.java:64] binding parameter [1] as [VARCHAR] - [PaMQhepGNmheYQWCdqjT]
2020-06-19 14:05:48 TRACE [BasicBinder.java:64] binding parameter [2] as [VARCHAR] - [N]
2020-06-19 14:05:48 TRACE [BasicBinder.java:64] binding parameter [3] as [INTEGER] - [502603]
2020-06-19 14:05:48 TRACE [BasicBinder.java:64] binding parameter [4] as [VARCHAR] - [emAaPiHgKHlwasU]
2020-06-19 14:05:48 TRACE [BasicBinder.java:64] binding parameter [5] as [VARCHAR] - [ftZAqUjL]
2020-06-19 14:05:48 TRACE [BasicBinder.java:64] binding parameter [6] as [VARCHAR] - [rZuPZRJQhHVMhysOSIwb]
2020-06-19 14:05:48 TRACE [BasicBinder.java:64] binding parameter [7] as [VARCHAR] - [mhgTEOCOMM]
2020-06-19 14:05:48 TRACE [BasicBinder.java:64] binding parameter [8] as [VARCHAR] - [wkjgh]
2020-06-19 14:05:48 TRACE [BasicBinder.java:64] binding parameter [9] as [VARCHAR] - [pR]
2020-06-19 14:05:48 TRACE [BasicBinder.java:64] binding parameter [10] as [VARCHAR] - [cbEIcMAAWX]
2020-06-19 14:05:48 TRACE [BasicBinder.java:64] binding parameter [11] as [VARCHAR] - [YtbQMfqmhE]
2020-06-19 14:05:48 TRACE [BasicBinder.java:64] binding parameter [12] as [VARCHAR] - [KTS]
2020-06-19 14:05:48 TRACE [BasicBinder.java:64] binding parameter [13] as [VARCHAR] - [oQ]
2020-06-19 14:05:48 TRACE [BasicBinder.java:64] binding parameter [14] as [DOUBLE] - [3249039.234457507]
2020-06-19 14:05:48 TRACE [BasicBinder.java:64] binding parameter [15] as [VARCHAR] - [HiINzlIS]
2020-06-19 14:05:48 TRACE [BasicBinder.java:64] binding parameter [16] as [TIMESTAMP] - [1970-01-01T02:05:07]
2020-06-19 14:05:48 TRACE [BasicBinder.java:64] binding parameter [17] as [VARCHAR] - [byYTEOU]
2020-06-19 14:05:48 TRACE [BasicBinder.java:64] binding parameter [18] as [VARCHAR] - [xMCMYVnvKncGKUcwPMDj]
2020-06-19 14:05:48 TRACE [BasicBinder.java:64] binding parameter [19] as [VARCHAR] - [rMlpkqEhPJrhbtahReEk]
2020-06-19 14:05:48 TRACE [BasicBinder.java:64] binding parameter [20] as [VARCHAR] - [MlvJfHceScVjNQSkKOrX]
2020-06-19 14:05:48 TRACE [BasicBinder.java:64] binding parameter [21] as [VARCHAR] - [ozMJuJhRJKehxaotXug]
2020-06-19 14:05:48 TRACE [BasicBinder.java:64] binding parameter [22] as [DATE] - [1986-04-04]
2020-06-19 14:05:48 TRACE [BasicBinder.java:64] binding parameter [23] as [VARCHAR] - [l]
2020-06-19 14:05:48 TRACE [BasicBinder.java:64] binding parameter [24] as [VARCHAR] - [OAuHJQJlssdZettaXyAC]
2020-06-19 14:05:48 TRACE [BasicBinder.java:64] binding parameter [25] as [VARCHAR] - [TU]
2020-06-19 14:05:48 TRACE [BasicBinder.java:64] binding parameter [26] as [VARCHAR] - [hQDtFcDyb]
2020-06-19 14:05:48 TRACE [BasicBinder.java:64] binding parameter [27] as [VARCHAR] - [w]
2020-06-19 14:05:48 TRACE [BasicBinder.java:64] binding parameter [28] as [VARCHAR] - [znkzVowpsx]
2020-06-19 14:05:48 TRACE [BasicBinder.java:64] binding parameter [29] as [VARCHAR] - [stKMw]
2020-06-19 14:05:48 TRACE [BasicBinder.java:64] binding parameter [30] as [VARCHAR] - [ndncMMu]
2020-06-19 14:05:48 TRACE [BasicBinder.java:64] binding parameter [31] as [VARCHAR] - [SuuQCsOrpbjjUQLGVIYy]
2020-06-19 14:05:48 TRACE [BasicBinder.java:64] binding parameter [32] as [VARCHAR] - [oaUucmOyXoFEJNWdHwTc]
2020-06-19 14:05:48 TRACE [BasicBinder.java:64] binding parameter [33] as [VARCHAR] - [WEUu]
2020-06-19 14:05:48 TRACE [BasicBinder.java:64] binding parameter [34] as [VARCHAR] - [Fa]
2020-06-19 14:05:48 TRACE [BasicBinder.java:64] binding parameter [35] as [VARCHAR] - [RbM]
2020-06-19 14:05:48 TRACE [BasicBinder.java:64] binding parameter [36] as [VARCHAR] - [JAenkVgYgLsOcLnFNAyJ]
2020-06-19 14:05:48 TRACE [BasicBinder.java:64] binding parameter [37] as [DATE] - [1988-06-25]
2020-06-19 14:05:48 TRACE [BasicBinder.java:64] binding parameter [38] as [DATE] - [1979-05-08]
2020-06-19 14:05:48 TRACE [BasicBinder.java:64] binding parameter [39] as [VARCHAR] - [BsFmvcGtebkKDWihBdeY]
2020-06-19 14:05:48 TRACE [BasicBinder.java:64] binding parameter [40] as [VARCHAR] - [CDuFhrpMmYoSUGM]
2020-06-19 14:05:48 TRACE [BasicBinder.java:64] binding parameter [41] as [VARCHAR] - [SgF]
2020-06-19 14:05:48 TRACE [BasicBinder.java:64] binding parameter [42] as [VARCHAR] - [VXgWoFzUTkqQSlXgdwOg]
2020-06-19 14:05:48 TRACE [BasicBinder.java:64] binding parameter [43] as [TIMESTAMP] - [1970-01-01T00:40:15]
2020-06-19 14:05:48 TRACE [BasicBinder.java:64] binding parameter [44] as [VARCHAR] - [JjMcbtmLiQuguIK]
2020-06-19 14:05:48 TRACE [BasicBinder.java:64] binding parameter [45] as [VARCHAR] - [I]
2020-06-19 14:05:48 TRACE [BasicBinder.java:64] binding parameter [46] as [VARCHAR] - [YM]
2020-06-19 14:05:48 TRACE [BasicBinder.java:64] binding parameter [47] as [VARCHAR] - [A]
2020-06-19 14:05:48 TRACE [BasicBinder.java:64] binding parameter [48] as [VARCHAR] - [sjsRrlmjKpGeajHAbghu]
2020-06-19 14:05:48 TRACE [BasicBinder.java:64] binding parameter [49] as [VARCHAR] - [YsMyYVBfLyggmEsnRyij]
2020-06-19 14:05:48 TRACE [BasicBinder.java:64] binding parameter [50] as [VARCHAR] - [s]
2020-06-19 14:05:48 TRACE [BasicBinder.java:64] binding parameter [51] as [VARCHAR] - [beJiPykeRH]
2020-06-19 14:05:48 TRACE [BasicBinder.java:64] binding parameter [52] as [VARCHAR] - [bJxOyotQqC]
2020-06-19 14:05:48 TRACE [BasicBinder.java:64] binding parameter [53] as [VARCHAR] - [WN]
2020-06-19 14:05:48 TRACE [BasicBinder.java:64] binding parameter [54] as [DATE] - [1987-05-18]
2020-06-19 14:05:48 TRACE [BasicBinder.java:64] binding parameter [55] as [VARCHAR] - [s]
2020-06-19 14:05:48 TRACE [BasicBinder.java:64] binding parameter [56] as [VARCHAR] - [q]
2020-06-19 14:05:48 TRACE [BasicBinder.java:64] binding parameter [57] as [DATE] - [1978-11-22]
2020-06-19 14:05:48 TRACE [BasicBinder.java:64] binding parameter [58] as [VARCHAR] - [J]
2020-06-19 14:05:48 TRACE [BasicBinder.java:64] binding parameter [59] as [VARCHAR] - [kqkUiKBbaRxWzwzmruXe]
2020-06-19 14:05:48 TRACE [BasicBinder.java:64] binding parameter [60] as [VARCHAR] - [Q]
2020-06-19 14:05:48 TRACE [BasicBinder.java:64] binding parameter [61] as [DATE] - [1975-08-27]
2020-06-19 14:05:48 TRACE [BasicBinder.java:64] binding parameter [62] as [VARCHAR] - [01]
2020-06-19 14:05:48 TRACE [BasicBinder.java:64] binding parameter [63] as [DOUBLE] - [5601718.237789005]
2020-06-19 14:05:48 TRACE [BasicBinder.java:64] binding parameter [64] as [DOUBLE] - [1770841.749833573]
2020-06-19 14:05:48 TRACE [BasicBinder.java:64] binding parameter [65] as [DOUBLE] - [395361.0970565631]
2020-06-19 14:05:48 TRACE [BasicBinder.java:64] binding parameter [66] as [DOUBLE] - [9545329.271039667]
2020-06-19 14:05:48 TRACE [BasicBinder.java:64] binding parameter [67] as [DOUBLE] - [6651899.276161759]
2020-06-19 14:05:48 TRACE [BasicBinder.java:64] binding parameter [68] as [VARCHAR] - [S]
2020-06-19 14:05:48 TRACE [BasicBinder.java:64] binding parameter [69] as [VARCHAR] - [SAMPLES]
2020-06-19 14:05:48 TRACE [BasicBinder.java:64] binding parameter [70] as [DOUBLE] - [1875729.562517251]
2020-06-19 14:05:48 TRACE [BasicBinder.java:64] binding parameter [71] as [VARCHAR] - [Qh]
2020-06-19 14:05:48 TRACE [BasicBinder.java:64] binding parameter [72] as [VARCHAR] - [zpfkkwUcBJC]
2020-06-19 14:05:48 TRACE [BasicBinder.java:64] binding parameter [73] as [VARCHAR] - [zITqQ]
2020-06-19 14:05:48 TRACE [BasicBinder.java:64] binding parameter [74] as [VARCHAR] - [Kvf]
2020-06-19 14:05:48 TRACE [BasicBinder.java:64] binding parameter [75] as [DATE] - [1982-01-08]
2020-06-19 14:05:48 TRACE [BasicBinder.java:64] binding parameter [76] as [VARCHAR] - [cRkPigsStuMtsjrjZvQn]
2020-06-19 14:05:48 TRACE [BasicBinder.java:64] binding parameter [77] as [VARCHAR] - [ov]
2020-06-19 14:05:48 TRACE [BasicBinder.java:64] binding parameter [78] as [VARCHAR] - [IdspQ]
2020-06-19 14:05:48 TRACE [BasicBinder.java:64] binding parameter [79] as [VARCHAR] - [dyMHfdXaLP]
2020-06-19 14:05:48 TRACE [BasicBinder.java:64] binding parameter [80] as [VARCHAR] - [pHSEXrizPdOjdKNoolXV]
2020-06-19 14:05:48 TRACE [BasicBinder.java:64] binding parameter [81] as [VARCHAR] - [XYDZVsyQwCBeEORyciQW]
2020-06-19 14:05:48 TRACE [BasicBinder.java:64] binding parameter [82] as [VARCHAR] - [m]
2020-06-19 14:05:48 TRACE [BasicBinder.java:64] binding parameter [83] as [TIMESTAMP] - [1970-01-01T00:42:36]
2020-06-19 14:05:48 TRACE [BasicBinder.java:64] binding parameter [84] as [VARCHAR] - [mbBwiegKMGNcuWddxFnG]
2020-06-19 14:05:48 TRACE [BasicBinder.java:64] binding parameter [85] as [VARCHAR] - [U]
2020-06-19 14:05:48 TRACE [BasicBinder.java:64] binding parameter [86] as [VARCHAR] - [okQppAufHZIOQzEtHkuB]
2020-06-19 14:05:48 TRACE [BasicBinder.java:64] binding parameter [87] as [DATE] - [1984-01-27]
2020-06-19 14:05:48 TRACE [BasicBinder.java:64] binding parameter [88] as [VARCHAR] - [EforKbIpHPwjhJMlhTpb]
2020-06-19 14:05:48 TRACE [BasicBinder.java:64] binding parameter [89] as [VARCHAR] - [vD]
2020-06-19 14:05:48 TRACE [BasicBinder.java:64] binding parameter [90] as [VARCHAR] - [Ja]
2020-06-19 14:05:48 TRACE [BasicBinder.java:64] binding parameter [91] as [INTEGER] - [268075]
2020-06-19 14:05:48 TRACE [BasicBinder.java:64] binding parameter [92] as [VARCHAR] - [sRYYqB]
2020-06-19 14:05:48 TRACE [BasicBinder.java:64] binding parameter [93] as [DATE] - [1994-12-15]
2020-06-19 14:05:48 TRACE [BasicBinder.java:64] binding parameter [94] as [DATE] - [1981-10-14]
2020-06-19 14:05:48 TRACE [BasicBinder.java:64] binding parameter [95] as [DATE] - [1981-07-19]
2020-06-19 14:05:48 TRACE [BasicBinder.java:64] binding parameter [96] as [VARCHAR] - [w]
2020-06-19 14:05:48 TRACE [BasicBinder.java:64] binding parameter [97] as [VARCHAR] - [KmF]
2020-06-19 14:05:48 TRACE [BasicBinder.java:64] binding parameter [98] as [DATE] - [1974-05-01]
2020-06-19 14:05:48 TRACE [BasicBinder.java:64] binding parameter [99] as [VARCHAR] - [lKCwTOrYWelXMPznHucH]
2020-06-19 14:05:48 TRACE [BasicBinder.java:64] binding parameter [100] as [VARCHAR] - [i]
2020-06-19 14:05:48 TRACE [BasicBinder.java:64] binding parameter [101] as [VARCHAR] - [Vw]
2020-06-19 14:05:48 TRACE [BasicBinder.java:64] binding parameter [102] as [VARCHAR] - [HEtYtlDxKhSTeJSlByIL]
2020-06-19 14:05:48 TRACE [BasicBinder.java:64] binding parameter [103] as [VARCHAR] - [ijhHWNbldMUCfRTyuNkK]
2020-06-19 14:05:48 TRACE [BasicBinder.java:64] binding parameter [104] as [VARCHAR] - [BupJxypHmerzMimidhN]
2020-06-19 14:05:48 TRACE [BasicBinder.java:64] binding parameter [105] as [VARCHAR] - [WyXkQEMUTZtLQDIPTCG]
2020-06-19 14:05:48 TRACE [BasicBinder.java:64] binding parameter [106] as [VARCHAR] - [iqVITgClSbPxvSVuOXJ]
2020-06-19 14:05:48 TRACE [BasicBinder.java:64] binding parameter [107] as [VARCHAR] - [UETHMmy]
2020-06-19 14:05:48 TRACE [BasicBinder.java:64] binding parameter [108] as [VARCHAR] - [tK]
2020-06-19 14:05:48 TRACE [BasicBinder.java:64] binding parameter [109] as [INTEGER] - [86139]
2020-06-19 14:05:48 TRACE [BasicBinder.java:64] binding parameter [110] as [VARCHAR] - [mBAxFVaEPvcVqXbAqDKB]
2020-06-19 14:05:48 TRACE [BasicBinder.java:64] binding parameter [111] as [VARCHAR] - [rxBwTMYzeLftkoh]
2020-06-19 14:05:48 TRACE [BasicBinder.java:64] binding parameter [112] as [VARCHAR] - [ySfrSlwjWAViNYhJXlX]
2020-06-19 14:05:48 TRACE [BasicBinder.java:64] binding parameter [113] as [VARCHAR] - [bK]
2020-06-19 14:05:48 TRACE [BasicBinder.java:64] binding parameter [114] as [VARCHAR] - [rCTzDuZbgv]
2020-06-19 14:05:48 TRACE [BasicBinder.java:64] binding parameter [115] as [VARCHAR] - [Z]
2020-06-19 14:05:48 TRACE [BasicBinder.java:64] binding parameter [116] as [VARCHAR] - [reCnDfGWQEE]
2020-06-19 14:05:48 TRACE [BasicBinder.java:64] binding parameter [117] as [VARCHAR] - [OYqJVVKMsNDQkCewRnUU]
2020-06-19 14:05:48 TRACE [BasicBinder.java:64] binding parameter [118] as [VARCHAR] - [gXfUYHlgVMJbBYneLiJk]
2020-06-19 14:05:48 TRACE [BasicBinder.java:64] binding parameter [119] as [VARCHAR] - [rdCjexcdfpepplXKiUNS]
2020-06-19 14:05:48 TRACE [BasicBinder.java:64] binding parameter [120] as [VARCHAR] - [EvHgsVNXrpJXYESnwiBl]
2020-06-19 14:05:48 TRACE [BasicBinder.java:64] binding parameter [121] as [VARCHAR] - [oXXQpmEmcefngNPNGEbz]
2020-06-19 14:05:48 TRACE [BasicBinder.java:64] binding parameter [122] as [VARCHAR] - [Bw]
2020-06-19 14:05:48 TRACE [BasicBinder.java:64] binding parameter [123] as [VARCHAR] - [F]
2020-06-19 14:05:48 TRACE [BasicBinder.java:64] binding parameter [124] as [VARCHAR] - [Doxy]
2020-06-19 14:05:48 TRACE [BasicBinder.java:64] binding parameter [125] as [VARCHAR] - [uLaRgvCzdjQsewAXcwSO]
2020-06-19 14:05:48 TRACE [BasicBinder.java:64] binding parameter [126] as [VARCHAR] - [dED]
2020-06-19 14:05:48 TRACE [BasicBinder.java:64] binding parameter [127] as [VARCHAR] - [ap]
2020-06-19 14:05:48 TRACE [BasicBinder.java:64] binding parameter [128] as [VARCHAR] - [nEOHbEYeUYVZHahzsvsg]
2020-06-19 14:05:48 TRACE [BasicBinder.java:64] binding parameter [129] as [VARCHAR] - [cdDBUAJGIVnyjDqaNeom]
2020-06-19 14:05:48 TRACE [BasicBinder.java:64] binding parameter [130] as [VARCHAR] - [UhPRhTHqyJYbbcSDwKpV]
2020-06-19 14:05:48 TRACE [BasicBinder.java:64] binding parameter [131] as [VARCHAR] - [q]
2020-06-19 14:05:48 TRACE [BasicBinder.java:64] binding parameter [132] as [VARCHAR] - [dJwVeYnKGeeBdfSJcLXz]
2020-06-19 14:05:48 TRACE [BasicBinder.java:64] binding parameter [133] as [VARCHAR] - [HfbYLrHpGXkijYdaweRy]
2020-06-19 14:05:48 TRACE [BasicBinder.java:64] binding parameter [134] as [VARCHAR] - [kTMWVMbZnPdUAJNXprSB]
2020-06-19 14:05:48 TRACE [BasicBinder.java:64] binding parameter [135] as [VARCHAR] - [iZ]
2020-06-19 14:05:48 TRACE [BasicBinder.java:64] binding parameter [136] as [VARCHAR] - [GLomMqkPsJwxyFjr]
2020-06-19 14:05:48 TRACE [BasicBinder.java:64] binding parameter [137] as [DOUBLE] - [2627028.0569779556]
2020-06-19 14:05:48 TRACE [BasicBinder.java:64] binding parameter [138] as [VARCHAR] - [TiNgHFaV]
2020-06-19 14:05:48 TRACE [BasicBinder.java:64] binding parameter [139] as [VARCHAR] - [iIoNCMiUMUevtSg]
2020-06-19 14:05:48 TRACE [BasicBinder.java:64] binding parameter [140] as [VARCHAR] - [jBxYnfbgnl]
2020-06-19 14:05:48 TRACE [BasicBinder.java:64] binding parameter [141] as [BIGINT] - [7]
2020-06-19 14:05:48 DEBUG [MockBuilder.java:94] set storeName -> NQhszafNEJYeqihcgsRd
2020-06-19 14:05:48 DEBUG [MockBuilder.java:94] set orderingSystem -> XE
2020-06-19 14:05:48 DEBUG [MockBuilder.java:94] set eventInfo -> sJBVAUfXkPiqwLN
2020-06-19 14:05:48 DEBUG [MockBuilder.java:94] set salesCheckNumber -> vKcSjnvbnLDHYIhrKlyH
2020-06-19 14:05:48 DEBUG [MockBuilder.java:94] set shipPartCompInd -> N
2020-06-19 14:05:48 DEBUG [MockBuilder.java:94] set termsNetDays -> zOV
2020-06-19 14:05:48 DEBUG [MockBuilder.java:94] set specialInstruct2 -> KysGJXgvZmvlSTxzHqTZ
2020-06-19 14:05:48 DEBUG [MockBuilder.java:94] set phoneNumber -> NukiQrhUXUB
2020-06-19 14:05:48 DEBUG [MockBuilder.java:94] set explodeFlag -> O
2020-06-19 14:05:48 DEBUG [MockBuilder.java:94] set shipComplete -> L
2020-06-19 14:05:48 DEBUG [MockBuilder.java:94] set salesReqCode -> mT
2020-06-19 14:05:48 DEBUG [MockBuilder.java:94] set termsTypeFlag -> LI
2020-06-19 14:05:48 DEBUG [MockBuilder.java:94] set shipPt -> JW
2020-06-19 14:05:48 DEBUG [MockBuilder.java:94] set specialInstruct3 -> lrTeNKvRNLCBuwzlJChC
2020-06-19 14:05:48 DEBUG [MockBuilder.java:94] set fobPoint -> Is
2020-06-19 14:05:48 DEBUG [MockBuilder.java:94] set shipDateValue -> 1980-10-15
2020-06-19 14:05:48 DEBUG [MockBuilder.java:94] set sellCo -> co
2020-06-19 14:05:48 DEBUG [MockBuilder.java:94] set poControl -> NDvAC
2020-06-19 14:05:48 DEBUG [MockBuilder.java:94] set specialInstruct4 -> RRymsSsMTXDTzuZjroTj
2020-06-19 14:05:48 DEBUG [MockBuilder.java:94] set specialInstruct1 -> zLdXUpaucmYEZmwThqLt
2020-06-19 14:05:48 DEBUG [MockBuilder.java:94] set frtCode -> K
2020-06-19 14:05:48 DEBUG [MockBuilder.java:94] set totalBindingFt -> 3169886.4109784854
2020-06-19 14:05:48 DEBUG [MockBuilder.java:94] set shipDateQualifier -> Nyo
2020-06-19 14:05:48 DEBUG [MockBuilder.java:94] set seqNbr -> 922331
2020-06-19 14:05:48 DEBUG [MockBuilder.java:94] set poDateValue -> 1988-11-15
2020-06-19 14:05:48 DEBUG [MockBuilder.java:94] set specialPoNo -> fCILBCkJxHlNbyIVZyro
2020-06-19 14:05:48 DEBUG [MockBuilder.java:94] set giftMessage1 -> LbYVIvDQJShncIySgFLe
2020-06-19 14:05:48 DEBUG [MockBuilder.java:94] set reserveOrderInd -> k
2020-06-19 14:05:48 DEBUG [MockBuilder.java:94] set srvLevel -> PS
2020-06-19 14:05:48 DEBUG [MockBuilder.java:94] set shipInstruction -> IUTQLyRcFABAxzHwTIzL
2020-06-19 14:05:48 DEBUG [MockBuilder.java:94] set poDateQualifier -> amF
2020-06-19 14:05:48 DEBUG [MockBuilder.java:94] set userId -> BmCoIbpR
2020-06-19 14:05:48 DEBUG [MockBuilder.java:94] set giftMessage2 -> ydCDlaTWlshfmZxFFSaM
2020-06-19 14:05:48 DEBUG [MockBuilder.java:94] set returnMsg -> YxDDzmoTWlIAMHjEdubL
2020-06-19 14:05:48 DEBUG [MockBuilder.java:94] set shipByCutOffDt -> 1978-01-12
2020-06-19 14:05:48 DEBUG [MockBuilder.java:94] set statusCode -> y
2020-06-19 14:05:48 DEBUG [MockBuilder.java:94] set phone -> iQCIRiwuGjrgPeH
2020-06-19 14:05:48 DEBUG [MockBuilder.java:94] set poNumber -> rPeTsxNKXWoIGvtfWVWI
2020-06-19 14:05:48 DEBUG [MockBuilder.java:94] set vendorNo -> XKAZDFXiBAySDas
2020-06-19 14:05:48 DEBUG [MockBuilder.java:94] set hostAlertFlag -> F
2020-06-19 14:05:48 DEBUG [MockBuilder.java:94] set shipByDate -> 1987-08-26
2020-06-19 14:05:48 DEBUG [MockBuilder.java:94] set stdCarrAlphaInd -> FJcL
2020-06-19 14:05:48 DEBUG [MockBuilder.java:94] set routeByDate -> 1978-02-13
2020-06-19 14:05:48 DEBUG [MockBuilder.java:94] set wcStore -> zrHdRGjgRG
2020-06-19 14:05:48 DEBUG [MockBuilder.java:94] set poQual -> dm
2020-06-19 14:05:48 DEBUG [MockBuilder.java:94] set shipCancelDate -> 1987-09-04
2020-06-19 14:05:48 DEBUG [MockBuilder.java:94] set province -> TlCSIwfCZnIeHOcCZuv
2020-06-19 14:05:48 DEBUG [MockBuilder.java:94] set dunsNbr -> LtTFhTkUQJhaPIp
2020-06-19 14:05:48 DEBUG [MockBuilder.java:94] set poType -> RISHE
2020-06-19 14:05:48 DEBUG [MockBuilder.java:94] set orderRetTotal -> 5876108.95478981
2020-06-19 14:05:48 DEBUG [MockBuilder.java:94] set country -> XqxpYVDoVZZdPIKQZbs
2020-06-19 14:05:48 DEBUG [MockBuilder.java:94] set errorCode -> Qpf
2020-06-19 14:05:48 DEBUG [MockBuilder.java:94] set name -> MYpfmzyocaqUtZfarJOH
2020-06-19 14:05:48 DEBUG [MockBuilder.java:94] set orderType -> F
2020-06-19 14:05:48 DEBUG [MockBuilder.java:94] set truncFlag -> D
2020-06-19 14:05:48 DEBUG [MockBuilder.java:94] set poTypeSuffix -> VtpvSEMFfc
2020-06-19 14:05:48 DEBUG [MockBuilder.java:94] set cnCity -> xrztfMrgKPkQCLCKNzF
2020-06-19 14:05:48 DEBUG [MockBuilder.java:94] set errorDescription -> gmgvOXSFLjGagtHUNSEL
2020-06-19 14:05:48 DEBUG [MockBuilder.java:94] set zip -> sSPzQFtTDAV
2020-06-19 14:05:48 DEBUG [MockBuilder.java:94] set flag -> 80148
2020-06-19 14:05:48 DEBUG [MockBuilder.java:94] set orderTypeDesc -> LCuBfPhYgYOkbLP
2020-06-19 14:05:48 DEBUG [MockBuilder.java:94] set name -> XKNitiLMRXmbTPlPrsty
2020-06-19 14:05:48 DEBUG [MockBuilder.java:94] set destCode -> SJ
2020-06-19 14:05:48 DEBUG [MockBuilder.java:94] set psMsg -> CJmSYznvlPCMcAxIhOnw
2020-06-19 14:05:48 DEBUG [MockBuilder.java:94] set errorTimestamp -> 1970-01-01T01:10:27
2020-06-19 14:05:48 DEBUG [MockBuilder.java:94] set store -> kztDflfZNc
2020-06-19 14:05:48 DEBUG [MockBuilder.java:94] set state -> gU
2020-06-19 14:05:48 DEBUG [MockBuilder.java:94] set consumerPoDateValue -> 1991-04-11
2020-06-19 14:05:48 DEBUG [MockBuilder.java:94] set custNbr -> rnBXVtv
2020-06-19 14:05:48 DEBUG [MockBuilder.java:94] set cphone -> WmZbKApxYuREeiyfOOsG
2020-06-19 14:05:48 DEBUG [MockBuilder.java:94] set orderWeight -> 7385212.906621641
2020-06-19 14:05:48 DEBUG [MockBuilder.java:94] set ccountry -> PbaJwujJSvjuDUwvicJK
2020-06-19 14:05:48 DEBUG [MockBuilder.java:94] set deliveryDate -> 1970-11-07
2020-06-19 14:05:48 DEBUG [MockBuilder.java:94] set addressLine2 -> MvMRREmjegHuKcCGovVc
2020-06-19 14:05:48 DEBUG [MockBuilder.java:94] set state -> aC
2020-06-19 14:05:48 DEBUG [MockBuilder.java:94] set addressLine2 -> XGFJsrsStnvARRqtJMal
2020-06-19 14:05:48 DEBUG [MockBuilder.java:94] set cprovince -> KwJfNCdVBkbkXKxssFbN
2020-06-19 14:05:48 DEBUG [MockBuilder.java:94] set orderRetHand -> 2978738.3286993303
2020-06-19 14:05:48 DEBUG [MockBuilder.java:94] set city -> VPxYHStGTVCCvbUwmey
2020-06-19 14:05:48 DEBUG [MockBuilder.java:94] set addressLine1 -> tHVxRqWBtCpupXwyXUHs
2020-06-19 14:05:48 DEBUG [MockBuilder.java:94] set delvCutOffDt -> 1991-07-13
2020-06-19 14:05:48 DEBUG [MockBuilder.java:94] set city -> KlIUGjAJuikHXekHgXQ
2020-06-19 14:05:48 DEBUG [MockBuilder.java:94] set consStatusMsg -> gIVWqIkyNXtxfwFyGutV
2020-06-19 14:05:48 DEBUG [MockBuilder.java:94] set addressLine1 -> swBLnFfoNzChotbYLSLs
2020-06-19 14:05:48 DEBUG [MockBuilder.java:94] set consumerShipFlg -> E
2020-06-19 14:05:48 DEBUG [MockBuilder.java:94] set orderRetSh -> 6217099.702528114
2020-06-19 14:05:48 DEBUG [MockBuilder.java:94] set beg -> hUKqN
2020-06-19 14:05:48 DEBUG [MockBuilder.java:94] set divDesc -> VdPlIqIvuaUddDbbUAko
2020-06-19 14:05:48 DEBUG [MockBuilder.java:94] set shipToAddress -> LegacyShipToAddress [addressLine1=swBLnFfoNzChotbYLSLs, addressLine2=MvMRREmjegHuKcCGovVc, city=VPxYHStGTVCCvbUwmey, cnCity=xrztfMrgKPkQCLCKNzF, country=XqxpYVDoVZZdPIKQZbs, custNbr=rnBXVtv, destCode=SJ, flag=80148, name=MYpfmzyocaqUtZfarJOH, phone=iQCIRiwuGjrgPeH, province=TlCSIwfCZnIeHOcCZuv, state=gU, store=kztDflfZNc, truncFlag=D, zip=sSPzQFtTDAV]
2020-06-19 14:05:48 DEBUG [MockBuilder.java:94] set contractUsageInd -> q
2020-06-19 14:05:48 DEBUG [MockBuilder.java:94] set zip -> oZAzIXwLy
2020-06-19 14:05:48 DEBUG [MockBuilder.java:94] set billToState -> ZJ
2020-06-19 14:05:48 DEBUG [MockBuilder.java:94] set orderRetTax -> 9888372.569633834
2020-06-19 14:05:48 DEBUG [MockBuilder.java:94] set crossDockCenter -> rKFMbknZYR
2020-06-19 14:05:48 DEBUG [MockBuilder.java:94] set ohStatusCode -> M
2020-06-19 14:05:48 DEBUG [MockBuilder.java:94] set nbDate -> 1979-12-17
2020-06-19 14:05:48 DEBUG [MockBuilder.java:94] set billToStore -> MfFzPsQndP
2020-06-19 14:05:48 DEBUG [MockBuilder.java:94] set consumerAddress -> LegacyConsumerAddress [cprovince=KwJfNCdVBkbkXKxssFbN, ccountry=PbaJwujJSvjuDUwvicJK, cphone=WmZbKApxYuREeiyfOOsG, addressLine1=tHVxRqWBtCpupXwyXUHs, addressLine2=XGFJsrsStnvARRqtJMal, city=KlIUGjAJuikHXekHgXQ, name=XKNitiLMRXmbTPlPrsty, consumerPoDateValue=1991-04-11, consumerShipFlg=E, state=aC, zip=oZAzIXwLy]
2020-06-19 14:05:48 DEBUG [MockBuilder.java:94] set custDept -> MDoNm
2020-06-19 14:05:48 DEBUG [MockBuilder.java:94] set customerCode -> Wf
2020-06-19 14:05:48 DEBUG [MockBuilder.java:94] set newStoreInd -> e
2020-06-19 14:05:48 DEBUG [MockBuilder.java:94] set onNote -> VWBmTjwTfFzfYJpyMOfw
2020-06-19 14:05:48 DEBUG [MockBuilder.java:94] set bsStoreNbr -> CdivItPThI
2020-06-19 14:05:48 DEBUG [MockBuilder.java:94] set city -> AbbhxjbZghdnfAgtEzZt
2020-06-19 14:05:48 DEBUG [MockBuilder.java:94] set chngLid -> UKpuqPxE
2020-06-19 14:05:48 DEBUG [MockBuilder.java:94] set addressLine1 -> nFxySeQLsqVHaTfSjaGz
2020-06-19 14:05:48 DEBUG [MockBuilder.java:94] set noAsnFlag -> l
2020-06-19 14:05:48 DEBUG [MockBuilder.java:94] set onlineType -> g
2020-06-19 14:05:48 DEBUG [MockBuilder.java:94] set custNbr -> gECVooi
2020-06-19 14:05:48 DEBUG [MockBuilder.java:94] set cancelDateQualifier -> SsY
2020-06-19 14:05:48 DEBUG [MockBuilder.java:94] set chngTimestamp -> 1970-01-01T00:09:54
2020-06-19 14:05:48 DEBUG [MockBuilder.java:94] set orderDate -> 1981-05-22
2020-06-19 14:05:48 DEBUG [MockBuilder.java:94] set accountNbr -> IwDDKdtatPKwLeCWNdkE
2020-06-19 14:05:48 DEBUG [MockBuilder.java:94] set customerRefNbr -> xIW
2020-06-19 14:05:48 DEBUG [MockBuilder.java:94] set ohCancelDateValue -> 1970-05-02
2020-06-19 14:05:48 DEBUG [MockBuilder.java:94] set commCust -> WhuLmhZ
2020-06-19 14:05:48 DEBUG [MockBuilder.java:94] set carrierCode -> hf
2020-06-19 14:05:48 DEBUG [MockBuilder.java:94] set orderLoc -> Ku
2020-06-19 14:05:48 DEBUG [MockBuilder.java:94] set name -> vzWMTwcmSXKgYAHPvyiA
2020-06-19 14:05:48 DEBUG [MockBuilder.java:94] set addressLine2 -> rzowZsVWPiQdSHCYWRNV
2020-06-19 14:05:48 DEBUG [MockBuilder.java:94] set customerSidemark -> RkalQlKEbjPaJcluemPL
2020-06-19 14:05:48 DEBUG [MockBuilder.java:94] set inputMethod -> ODfkCuEuPf
2020-06-19 14:05:48 DEBUG [MockBuilder.java:94] set orderMerCost -> 4468015.180941576
2020-06-19 14:05:48 DEBUG [MockBuilder.java:94] set state -> LR
2020-06-19 14:05:48 DEBUG [MockBuilder.java:94] set custPmtMeth -> HLUcabODgKlOPwfLjFQA
2020-06-19 14:05:48 DEBUG [MockBuilder.java:94] set markForStore -> VvKoQRGZXH
2020-06-19 14:05:48 DEBUG [MockBuilder.java:94] set tpcountry -> bVsjEyYwuXjICMcpHcSs
2020-06-19 14:05:48 DEBUG [MockBuilder.java:94] set cbCutLength -> 166002.4535343349
2020-06-19 14:05:48 DEBUG [MockBuilder.java:94] set billFlag -> D
2020-06-19 14:05:48 DEBUG [MockBuilder.java:94] set shawOrderNumber -> fCUBHU
2020-06-19 14:05:48 DEBUG [MockBuilder.java:94] set zip -> gUVvwpjUqxOydheo
2020-06-19 14:05:48 DEBUG [MockBuilder.java:94] set mediaEventCode -> rV
2020-06-19 14:05:48 DEBUG [MockBuilder.java:94] set custSpInst -> pEpEMFhBdUxrkHpProqm
2020-06-19 14:05:48 DEBUG [MockBuilder.java:94] set tpphone -> lVgcVdvpGFnABmzSZsux
2020-06-19 14:05:48 DEBUG [MockBuilder.java:94] set agreementNumber -> GlxlVhcOEtqKMXp
2020-06-19 14:05:48 DEBUG [MockBuilder.java:94] set acctContact -> VGIgJiWXQuzXCOtGHJqz
2020-06-19 14:05:48 DEBUG [MockBuilder.java:94] set tpprovince -> lbwbpEOrvuYnIGrjUNls
2020-06-19 14:05:48 DEBUG [MockBuilder.java:94] set name2 -> ItdcsEIMySfokVaLDXsy
2020-06-19 14:05:48 DEBUG [MockBuilder.java:94] set custWhNbr -> FBfN
2020-06-19 14:05:48 DEBUG [MockBuilder.java:94] set assignedAgent -> uRpaYlEM
2020-06-19 14:05:48 DEBUG [MockBuilder.java:94] set acknowlegeOrdInd -> G
2020-06-19 14:05:48 DEBUG [MockBuilder.java:94] set thirdPartyAddress -> LegacyThirdPartyAddress [tpprovince=lbwbpEOrvuYnIGrjUNls, tpcountry=bVsjEyYwuXjICMcpHcSs, tpphone=lVgcVdvpGFnABmzSZsux, addressLine1=nFxySeQLsqVHaTfSjaGz, addressLine2=rzowZsVWPiQdSHCYWRNV, accountNbr=IwDDKdtatPKwLeCWNdkE, billFlag=D, city=AbbhxjbZghdnfAgtEzZt, name=vzWMTwcmSXKgYAHPvyiA, name2=ItdcsEIMySfokVaLDXsy, state=LR, zip=gUVvwpjUqxOydheo]
2020-06-19 14:05:48 DEBUG [MockBuilder.java:94] set authRep -> RhZCnyaqYzVpEfgNqtpw
2020-06-19 14:05:48 DEBUG [MockBuilder.java:94] set dates -> null
2020-06-19 14:05:48 DEBUG [MockBuilder.java:94] set addrKey -> 375400
2020-06-19 14:05:48 DEBUG [MockBuilder.java:94] set purchasedBy -> CWKHFbwVVnQlBPmEEUZb
2020-06-19 14:05:48 DEBUG [MockBuilder.java:94] set lines -> null
2020-06-19 14:05:48 DEBUG [MockBuilder.java:94] set authorizationNo -> zUgGCWGVMk
2020-06-19 14:05:48 DEBUG [MockBuilder.java:94] set rcdCode -> X
2020-06-19 14:05:48 DEBUG [MockBuilder.java:94] set receivedTimestamp -> 1970-01-01T00:35:46
2020-06-19 14:05:48 DEBUG [MockBuilder.java:94] set refTcNbr -> eMlLASpHHkHERwgTKFIA
2020-06-19 14:05:48 DEBUG [MockHelper.java:99] EdiOrderHeader [legacyOrderNumber=null, acctContact=VGIgJiWXQuzXCOtGHJqz, acknowlegeOrdInd=G, addrKey=375400, agreementNumber=GlxlVhcOEtqKMXp, assignedAgent=uRpaYlEM, authRep=RhZCnyaqYzVpEfgNqtpw, authorizationNo=zUgGCWGVMk, beg=hUKqN, billToState=ZJ, billToStore=MfFzPsQndP, bsStoreNbr=CdivItPThI, cancelDateQualifier=SsY, carrierCode=hf, cbCutLength=166002.4535343349, chngLid=UKpuqPxE, chngTimestamp=1970-01-01T00:09:54, commCust=WhuLmhZ, consStatusMsg=gIVWqIkyNXtxfwFyGutV, contractUsageInd=q, crossDockCenter=rKFMbknZYR, custDept=MDoNm, custPmtMeth=HLUcabODgKlOPwfLjFQA, custSpInst=pEpEMFhBdUxrkHpProqm, custWhNbr=FBfN, customerCode=Wf, custNbr=gECVooi, customerRefNbr=xIW, customerSidemark=RkalQlKEbjPaJcluemPL, deliveryDate=1970-11-07, delvCutOffDt=1991-07-13, divDesc=VdPlIqIvuaUddDbbUAko, dunsNbr=LtTFhTkUQJhaPIp, errorCode=Qpf, errorDescription=gmgvOXSFLjGagtHUNSEL, errorTimestamp=1970-01-01T01:10:27, eventInfo=sJBVAUfXkPiqwLN, explodeFlag=O, fobPoint=Is, frtCode=K, giftMessage1=LbYVIvDQJShncIySgFLe, giftMessage2=ydCDlaTWlshfmZxFFSaM, hostAlertFlag=F, inputMethod=ODfkCuEuPf, markForStore=VvKoQRGZXH, mediaEventCode=rV, nbDate=1979-12-17, newStoreInd=e, noAsnFlag=l, ohCancelDateValue=1970-05-02, ohStatusCode=M, onNote=VWBmTjwTfFzfYJpyMOfw, onlineType=g, orderDate=1981-05-22, orderLoc=01, orderMerCost=4468015.180941576, shawOrderNumber=fCUBHU, orderRetHand=2978738.3286993303, orderRetSh=6217099.702528114, orderRetTax=9888372.569633834, orderRetTotal=5876108.95478981, orderType=H, orderTypeDesc=HARDSURFACES, orderWeight=7385212.906621641, orderingSystem=XE, phoneNumber=NukiQrhUXUB, poControl=NDvAC, poDateValue=1988-11-15, poDateQualifier=amF, poNumber=rPeTsxNKXWoIGvtfWVWI, poQual=dm, poType=RISHE, poTypeSuffix=VtpvSEMFfc, psMsg=CJmSYznvlPCMcAxIhOnw, purchasedBy=CWKHFbwVVnQlBPmEEUZb, rcdCode=X, receivedTimestamp=1970-01-01T00:35:46, refTcNbr=eMlLASpHHkHERwgTKFIA, reserveOrderInd=k, returnMsg=YxDDzmoTWlIAMHjEdubL, routeByDate=1978-02-13, salesCheckNumber=vKcSjnvbnLDHYIhrKlyH, salesReqCode=mT, sellCo=co, seqNbr=922331, shipByCutOffDt=1978-01-12, shipByDate=1987-08-26, shipCancelDate=1987-09-04, shipComplete=L, shipDateValue=1980-10-15, shipDateQualifier=Nyo, shipInstruction=IUTQLyRcFABAxzHwTIzL, shipPartCompInd=N, shipPt=JW, specialInstruct1=zLdXUpaucmYEZmwThqLt, specialInstruct2=KysGJXgvZmvlSTxzHqTZ, specialInstruct3=lrTeNKvRNLCBuwzlJChC, specialInstruct4=RRymsSsMTXDTzuZjroTj, specialPoNo=fCILBCkJxHlNbyIVZyro, srvLevel=PS, statusCode=y, stdCarrAlphaInd=FJcL, storeName=NQhszafNEJYeqihcgsRd, termsNetDays=zOV, termsTypeFlag=LI, totalBindingFt=3169886.4109784854, userId=BmCoIbpR, vendorNo=XKAZDFXiBAySDas, wcStore=zrHdRGjgRG, consumerAddress=LegacyConsumerAddress [cprovince=KwJfNCdVBkbkXKxssFbN, ccountry=PbaJwujJSvjuDUwvicJK, cphone=WmZbKApxYuREeiyfOOsG, addressLine1=tHVxRqWBtCpupXwyXUHs, addressLine2=XGFJsrsStnvARRqtJMal, city=KlIUGjAJuikHXekHgXQ, name=XKNitiLMRXmbTPlPrsty, consumerPoDateValue=1991-04-11, consumerShipFlg=E, state=aC, zip=oZAzIXwLy], shipToAddress=LegacyShipToAddress [addressLine1=swBLnFfoNzChotbYLSLs, addressLine2=MvMRREmjegHuKcCGovVc, city=VPxYHStGTVCCvbUwmey, cnCity=xrztfMrgKPkQCLCKNzF, country=XqxpYVDoVZZdPIKQZbs, custNbr=rnBXVtv, destCode=SJ, flag=80148, name=MYpfmzyocaqUtZfarJOH, phone=iQCIRiwuGjrgPeH, province=TlCSIwfCZnIeHOcCZuv, state=gU, store=kztDflfZNc, truncFlag=D, zip=sSPzQFtTDAV], thirdPartyAddress=LegacyThirdPartyAddress [tpprovince=lbwbpEOrvuYnIGrjUNls, tpcountry=bVsjEyYwuXjICMcpHcSs, tpphone=lVgcVdvpGFnABmzSZsux, addressLine1=nFxySeQLsqVHaTfSjaGz, addressLine2=rzowZsVWPiQdSHCYWRNV, accountNbr=IwDDKdtatPKwLeCWNdkE, billFlag=D, city=AbbhxjbZghdnfAgtEzZt, name=vzWMTwcmSXKgYAHPvyiA, name2=ItdcsEIMySfokVaLDXsy, state=LR, zip=gUVvwpjUqxOydheo], dates=null, lines=null]
Hibernate: call next value for SHXP.EDI_ORDER_NBR
Hibernate: insert into EDI_ORDER_HEADER (ACCT_CONTACT, ACKNOWLEGE_ORD_IND, ADDR_KEY, AGREEMENT_NUMBER, ASSIGNED_AGENT, AUTH_REP, AUTHORIZATION_NO, beg, BILL_TO_STATE, BILL_TO_STORE, BS_STORE_NBR, CANCEL_DATE_QUAL, CARRIER_CODE, CB_CUT_LENGTH, CHNG_LID, CHNG_TIMESTAMP, COMM_CUST, CONS_STATUS_MSG, CONSUMER_ADDRESS, CONSUMER_ADDRESS_2, CONSUMER_CITY, CONSUMER_PO_DATE, CONSUMER_SHIP_FLG, CONSUMER_NAME, CONSUMER_STATE, CONSUMER_ZIP, CONTRACT_USAGE_IND, CROSS_DOCK_CENTER, CUST_DEPT, CUSTOMER_NUMBER, CUST_PMT_METH, CUST_SP_INST, CUST_WH_NBR, CUSTOMER_CODE, CUSTOMER_REF_NBR, CUSTOMER_SIDEMARK, DELIVERY_DATE, DELV_CUT_OFF_DT, DIV_DESC, DUNS_NBR, ERROR_CODE, ERROR_DESCRIPTION, ERROR_TIMESTAMP, EVENT_INFO, EXPLODE_FLAG, FOB_POINT, FRT_CODE, GIFT_MESSAGE_1, GIFT_MESSAGE_2, HOST_ALERT_FLAG, INPUT_METHOD, MARK_FOR_STORE, MEDIA_EVENT_CODE, NB_DATE, NEW_STORE_IND, NO_ASN_FLAG, OH_CANCEL_DATE, OH_STATUS_CODE, ON_NOTE, ONLINE_TYPE, ORDER_DATE, ORDER_LOC, ORDER_MER_COST, ORDER_RET_HAND, ORDER_RET_SH, ORDER_RET_TAX, ORDER_RET_TOTAL, ORDER_TYPE, ORDER_TYPE_DESC, ORDER_WEIGHT, ORDERING_SYSTEM, PHONE_NUMBER, PO_CONTROL, PO_DATE_QUAL, PO_DATE, PO_NUMBER, PO_QUAL, PO_TYPE, PO_TYPE_SUFFIX, PS_MSG, PURCHASED_BY, RCD_CODE, RECEIVED_TIMESTAMP, REF_TC_NBR, RESERVE_ORDER_IND, RETURN_MSG, ROUTE_BY_DATE, SALES_CHECK_NUMBER, SALES_REQ_CODE, SELL_CO, SEQ_NBR, ORDER_NUMBER, SHIP_BY_CUT_OFF_DT, SHIP_BY_DATE, SHIP_CANCEL_DATE, SHIP_COMPLETE, SHIP_DATE_QUAL, SHIP_DATE, SHIP_INSTRUCTION, SHIP_PART_COMP_IND, SHIP_PT, SHIP_TO_ADDRESS_1, SHIP_TO_ADDRESS_2, SHIP_TO_CITY, SHIP_TO_CN_CITY, SHIP_TO_COUNTRY, SHIP_TO_CUST_NBR, SHIP_TO_DEST_COD, SHIP_TO_FLAG, SHIP_TO_NAME, SHIP_TO_PHONE, SHIP_TO_PROVENCE, SHIP_TO_STATE, SHIP_TO_STORE, SHIP_TO_TRUNC_FLG, SHIP_TO_ZIP, SPECIAL_INSTRUCT_1, SPECIAL_INSTRUCT_2, SPECIAL_INSTRUCT_3, SPECIAL_INSTRUCT_4, SPECIAL_PO_NO, SRV_LEVEL, STATUS_CODE, STD_CARR_ALPHA_IND, STORE_NAME, TERMS_NET_DAYS, TERMS_TYPE_FLAG, THIRD_PARTY_ACCT_NBR, THIRD_PARTY_ADDR_1, THIRD_PARTY_ADDR_2, THIRD_PARTY_BILL_FLAG, THIRD_PARTY_CITY, THIRD_PARTY_NAME, THIRD_PARTY_NAME_2, THIRD_PARTY_STATE, THIRD_PARTY_ZIP, TOTAL_BINDING_FT, USER_ID, VENDOR_NO, WC_STORE, EDI_ORDER_NUMBER) values (?, ?, ?, ?, ?, ?, ?, ?, ?, ?, ?, ?, ?, ?, ?, ?, ?, ?, ?, ?, ?, ?, ?, ?, ?, ?, ?, ?, ?, ?, ?, ?, ?, ?, ?, ?, ?, ?, ?, ?, ?, ?, ?, ?, ?, ?, ?, ?, ?, ?, ?, ?, ?, ?, ?, ?, ?, ?, ?, ?, ?, ?, ?, ?, ?, ?, ?, ?, ?, ?, ?, ?, ?, ?, ?, ?, ?, ?, ?, ?, ?, ?, ?, ?, ?, ?, ?, ?, ?, ?, ?, ?, ?, ?, ?, ?, ?, ?, ?, ?, ?, ?, ?, ?, ?, ?, ?, ?, ?, ?, ?, ?, ?, ?, ?, ?, ?, ?, ?, ?, ?, ?, ?, ?, ?, ?, ?, ?, ?, ?, ?, ?, ?, ?, ?, ?, ?, ?, ?, ?, ?)
2020-06-19 14:05:48 TRACE [BasicBinder.java:64] binding parameter [1] as [VARCHAR] - [VGIgJiWXQuzXCOtGHJqz]
2020-06-19 14:05:48 TRACE [BasicBinder.java:64] binding parameter [2] as [VARCHAR] - [G]
2020-06-19 14:05:48 TRACE [BasicBinder.java:64] binding parameter [3] as [INTEGER] - [375400]
2020-06-19 14:05:48 TRACE [BasicBinder.java:64] binding parameter [4] as [VARCHAR] - [GlxlVhcOEtqKMXp]
2020-06-19 14:05:48 TRACE [BasicBinder.java:64] binding parameter [5] as [VARCHAR] - [uRpaYlEM]
2020-06-19 14:05:48 TRACE [BasicBinder.java:64] binding parameter [6] as [VARCHAR] - [RhZCnyaqYzVpEfgNqtpw]
2020-06-19 14:05:48 TRACE [BasicBinder.java:64] binding parameter [7] as [VARCHAR] - [zUgGCWGVMk]
2020-06-19 14:05:48 TRACE [BasicBinder.java:64] binding parameter [8] as [VARCHAR] - [hUKqN]
2020-06-19 14:05:48 TRACE [BasicBinder.java:64] binding parameter [9] as [VARCHAR] - [ZJ]
2020-06-19 14:05:48 TRACE [BasicBinder.java:64] binding parameter [10] as [VARCHAR] - [MfFzPsQndP]
2020-06-19 14:05:48 TRACE [BasicBinder.java:64] binding parameter [11] as [VARCHAR] - [CdivItPThI]
2020-06-19 14:05:48 TRACE [BasicBinder.java:64] binding parameter [12] as [VARCHAR] - [SsY]
2020-06-19 14:05:48 TRACE [BasicBinder.java:64] binding parameter [13] as [VARCHAR] - [hf]
2020-06-19 14:05:48 TRACE [BasicBinder.java:64] binding parameter [14] as [DOUBLE] - [166002.4535343349]
2020-06-19 14:05:48 TRACE [BasicBinder.java:64] binding parameter [15] as [VARCHAR] - [UKpuqPxE]
2020-06-19 14:05:48 TRACE [BasicBinder.java:64] binding parameter [16] as [TIMESTAMP] - [1970-01-01T00:09:54]
2020-06-19 14:05:48 TRACE [BasicBinder.java:64] binding parameter [17] as [VARCHAR] - [WhuLmhZ]
2020-06-19 14:05:48 TRACE [BasicBinder.java:64] binding parameter [18] as [VARCHAR] - [gIVWqIkyNXtxfwFyGutV]
2020-06-19 14:05:48 TRACE [BasicBinder.java:64] binding parameter [19] as [VARCHAR] - [tHVxRqWBtCpupXwyXUHs]
2020-06-19 14:05:48 TRACE [BasicBinder.java:64] binding parameter [20] as [VARCHAR] - [XGFJsrsStnvARRqtJMal]
2020-06-19 14:05:48 TRACE [BasicBinder.java:64] binding parameter [21] as [VARCHAR] - [KlIUGjAJuikHXekHgXQ]
2020-06-19 14:05:48 TRACE [BasicBinder.java:64] binding parameter [22] as [DATE] - [1991-04-11]
2020-06-19 14:05:48 TRACE [BasicBinder.java:64] binding parameter [23] as [VARCHAR] - [E]
2020-06-19 14:05:48 TRACE [BasicBinder.java:64] binding parameter [24] as [VARCHAR] - [XKNitiLMRXmbTPlPrsty]
2020-06-19 14:05:48 TRACE [BasicBinder.java:64] binding parameter [25] as [VARCHAR] - [aC]
2020-06-19 14:05:48 TRACE [BasicBinder.java:64] binding parameter [26] as [VARCHAR] - [oZAzIXwLy]
2020-06-19 14:05:48 TRACE [BasicBinder.java:64] binding parameter [27] as [VARCHAR] - [q]
2020-06-19 14:05:48 TRACE [BasicBinder.java:64] binding parameter [28] as [VARCHAR] - [rKFMbknZYR]
2020-06-19 14:05:48 TRACE [BasicBinder.java:64] binding parameter [29] as [VARCHAR] - [MDoNm]
2020-06-19 14:05:48 TRACE [BasicBinder.java:64] binding parameter [30] as [VARCHAR] - [gECVooi]
2020-06-19 14:05:48 TRACE [BasicBinder.java:64] binding parameter [31] as [VARCHAR] - [HLUcabODgKlOPwfLjFQA]
2020-06-19 14:05:48 TRACE [BasicBinder.java:64] binding parameter [32] as [VARCHAR] - [pEpEMFhBdUxrkHpProqm]
2020-06-19 14:05:48 TRACE [BasicBinder.java:64] binding parameter [33] as [VARCHAR] - [FBfN]
2020-06-19 14:05:48 TRACE [BasicBinder.java:64] binding parameter [34] as [VARCHAR] - [Wf]
2020-06-19 14:05:48 TRACE [BasicBinder.java:64] binding parameter [35] as [VARCHAR] - [xIW]
2020-06-19 14:05:48 TRACE [BasicBinder.java:64] binding parameter [36] as [VARCHAR] - [RkalQlKEbjPaJcluemPL]
2020-06-19 14:05:48 TRACE [BasicBinder.java:64] binding parameter [37] as [DATE] - [1970-11-07]
2020-06-19 14:05:48 TRACE [BasicBinder.java:64] binding parameter [38] as [DATE] - [1991-07-13]
2020-06-19 14:05:48 TRACE [BasicBinder.java:64] binding parameter [39] as [VARCHAR] - [VdPlIqIvuaUddDbbUAko]
2020-06-19 14:05:48 TRACE [BasicBinder.java:64] binding parameter [40] as [VARCHAR] - [LtTFhTkUQJhaPIp]
2020-06-19 14:05:48 TRACE [BasicBinder.java:64] binding parameter [41] as [VARCHAR] - [Qpf]
2020-06-19 14:05:48 TRACE [BasicBinder.java:64] binding parameter [42] as [VARCHAR] - [gmgvOXSFLjGagtHUNSEL]
2020-06-19 14:05:48 TRACE [BasicBinder.java:64] binding parameter [43] as [TIMESTAMP] - [1970-01-01T01:10:27]
2020-06-19 14:05:48 TRACE [BasicBinder.java:64] binding parameter [44] as [VARCHAR] - [sJBVAUfXkPiqwLN]
2020-06-19 14:05:48 TRACE [BasicBinder.java:64] binding parameter [45] as [VARCHAR] - [O]
2020-06-19 14:05:48 TRACE [BasicBinder.java:64] binding parameter [46] as [VARCHAR] - [Is]
2020-06-19 14:05:48 TRACE [BasicBinder.java:64] binding parameter [47] as [VARCHAR] - [K]
2020-06-19 14:05:48 TRACE [BasicBinder.java:64] binding parameter [48] as [VARCHAR] - [LbYVIvDQJShncIySgFLe]
2020-06-19 14:05:48 TRACE [BasicBinder.java:64] binding parameter [49] as [VARCHAR] - [ydCDlaTWlshfmZxFFSaM]
2020-06-19 14:05:48 TRACE [BasicBinder.java:64] binding parameter [50] as [VARCHAR] - [F]
2020-06-19 14:05:48 TRACE [BasicBinder.java:64] binding parameter [51] as [VARCHAR] - [ODfkCuEuPf]
2020-06-19 14:05:48 TRACE [BasicBinder.java:64] binding parameter [52] as [VARCHAR] - [VvKoQRGZXH]
2020-06-19 14:05:48 TRACE [BasicBinder.java:64] binding parameter [53] as [VARCHAR] - [rV]
2020-06-19 14:05:48 TRACE [BasicBinder.java:64] binding parameter [54] as [DATE] - [1979-12-17]
2020-06-19 14:05:48 TRACE [BasicBinder.java:64] binding parameter [55] as [VARCHAR] - [e]
2020-06-19 14:05:48 TRACE [BasicBinder.java:64] binding parameter [56] as [VARCHAR] - [l]
2020-06-19 14:05:48 TRACE [BasicBinder.java:64] binding parameter [57] as [DATE] - [1970-05-02]
2020-06-19 14:05:48 TRACE [BasicBinder.java:64] binding parameter [58] as [VARCHAR] - [M]
2020-06-19 14:05:48 TRACE [BasicBinder.java:64] binding parameter [59] as [VARCHAR] - [VWBmTjwTfFzfYJpyMOfw]
2020-06-19 14:05:48 TRACE [BasicBinder.java:64] binding parameter [60] as [VARCHAR] - [g]
2020-06-19 14:05:48 TRACE [BasicBinder.java:64] binding parameter [61] as [DATE] - [1981-05-22]
2020-06-19 14:05:48 TRACE [BasicBinder.java:64] binding parameter [62] as [VARCHAR] - [01]
2020-06-19 14:05:48 TRACE [BasicBinder.java:64] binding parameter [63] as [DOUBLE] - [4468015.180941576]
2020-06-19 14:05:48 TRACE [BasicBinder.java:64] binding parameter [64] as [DOUBLE] - [2978738.3286993303]
2020-06-19 14:05:48 TRACE [BasicBinder.java:64] binding parameter [65] as [DOUBLE] - [6217099.702528114]
2020-06-19 14:05:48 TRACE [BasicBinder.java:64] binding parameter [66] as [DOUBLE] - [9888372.569633834]
2020-06-19 14:05:48 TRACE [BasicBinder.java:64] binding parameter [67] as [DOUBLE] - [5876108.95478981]
2020-06-19 14:05:48 TRACE [BasicBinder.java:64] binding parameter [68] as [VARCHAR] - [H]
2020-06-19 14:05:48 TRACE [BasicBinder.java:64] binding parameter [69] as [VARCHAR] - [HARDSURFACES]
2020-06-19 14:05:48 TRACE [BasicBinder.java:64] binding parameter [70] as [DOUBLE] - [7385212.906621641]
2020-06-19 14:05:48 TRACE [BasicBinder.java:64] binding parameter [71] as [VARCHAR] - [XE]
2020-06-19 14:05:48 TRACE [BasicBinder.java:64] binding parameter [72] as [VARCHAR] - [NukiQrhUXUB]
2020-06-19 14:05:48 TRACE [BasicBinder.java:64] binding parameter [73] as [VARCHAR] - [NDvAC]
2020-06-19 14:05:48 TRACE [BasicBinder.java:64] binding parameter [74] as [VARCHAR] - [amF]
2020-06-19 14:05:48 TRACE [BasicBinder.java:64] binding parameter [75] as [DATE] - [1988-11-15]
2020-06-19 14:05:48 TRACE [BasicBinder.java:64] binding parameter [76] as [VARCHAR] - [rPeTsxNKXWoIGvtfWVWI]
2020-06-19 14:05:48 TRACE [BasicBinder.java:64] binding parameter [77] as [VARCHAR] - [dm]
2020-06-19 14:05:48 TRACE [BasicBinder.java:64] binding parameter [78] as [VARCHAR] - [RISHE]
2020-06-19 14:05:48 TRACE [BasicBinder.java:64] binding parameter [79] as [VARCHAR] - [VtpvSEMFfc]
2020-06-19 14:05:48 TRACE [BasicBinder.java:64] binding parameter [80] as [VARCHAR] - [CJmSYznvlPCMcAxIhOnw]
2020-06-19 14:05:48 TRACE [BasicBinder.java:64] binding parameter [81] as [VARCHAR] - [CWKHFbwVVnQlBPmEEUZb]
2020-06-19 14:05:48 TRACE [BasicBinder.java:64] binding parameter [82] as [VARCHAR] - [X]
2020-06-19 14:05:48 TRACE [BasicBinder.java:64] binding parameter [83] as [TIMESTAMP] - [1970-01-01T00:35:46]
2020-06-19 14:05:48 TRACE [BasicBinder.java:64] binding parameter [84] as [VARCHAR] - [eMlLASpHHkHERwgTKFIA]
2020-06-19 14:05:48 TRACE [BasicBinder.java:64] binding parameter [85] as [VARCHAR] - [k]
2020-06-19 14:05:48 TRACE [BasicBinder.java:64] binding parameter [86] as [VARCHAR] - [YxDDzmoTWlIAMHjEdubL]
2020-06-19 14:05:48 TRACE [BasicBinder.java:64] binding parameter [87] as [DATE] - [1978-02-13]
2020-06-19 14:05:48 TRACE [BasicBinder.java:64] binding parameter [88] as [VARCHAR] - [vKcSjnvbnLDHYIhrKlyH]
2020-06-19 14:05:48 TRACE [BasicBinder.java:64] binding parameter [89] as [VARCHAR] - [mT]
2020-06-19 14:05:48 TRACE [BasicBinder.java:64] binding parameter [90] as [VARCHAR] - [co]
2020-06-19 14:05:48 TRACE [BasicBinder.java:64] binding parameter [91] as [INTEGER] - [922331]
2020-06-19 14:05:48 TRACE [BasicBinder.java:64] binding parameter [92] as [VARCHAR] - [fCUBHU]
2020-06-19 14:05:48 TRACE [BasicBinder.java:64] binding parameter [93] as [DATE] - [1978-01-12]
2020-06-19 14:05:48 TRACE [BasicBinder.java:64] binding parameter [94] as [DATE] - [1987-08-26]
2020-06-19 14:05:48 TRACE [BasicBinder.java:64] binding parameter [95] as [DATE] - [1987-09-04]
2020-06-19 14:05:48 TRACE [BasicBinder.java:64] binding parameter [96] as [VARCHAR] - [L]
2020-06-19 14:05:48 TRACE [BasicBinder.java:64] binding parameter [97] as [VARCHAR] - [Nyo]
2020-06-19 14:05:48 TRACE [BasicBinder.java:64] binding parameter [98] as [DATE] - [1980-10-15]
2020-06-19 14:05:48 TRACE [BasicBinder.java:64] binding parameter [99] as [VARCHAR] - [IUTQLyRcFABAxzHwTIzL]
2020-06-19 14:05:48 TRACE [BasicBinder.java:64] binding parameter [100] as [VARCHAR] - [N]
2020-06-19 14:05:48 TRACE [BasicBinder.java:64] binding parameter [101] as [VARCHAR] - [JW]
2020-06-19 14:05:48 TRACE [BasicBinder.java:64] binding parameter [102] as [VARCHAR] - [swBLnFfoNzChotbYLSLs]
2020-06-19 14:05:48 TRACE [BasicBinder.java:64] binding parameter [103] as [VARCHAR] - [MvMRREmjegHuKcCGovVc]
2020-06-19 14:05:48 TRACE [BasicBinder.java:64] binding parameter [104] as [VARCHAR] - [VPxYHStGTVCCvbUwmey]
2020-06-19 14:05:48 TRACE [BasicBinder.java:64] binding parameter [105] as [VARCHAR] - [xrztfMrgKPkQCLCKNzF]
2020-06-19 14:05:48 TRACE [BasicBinder.java:64] binding parameter [106] as [VARCHAR] - [XqxpYVDoVZZdPIKQZbs]
2020-06-19 14:05:48 TRACE [BasicBinder.java:64] binding parameter [107] as [VARCHAR] - [rnBXVtv]
2020-06-19 14:05:48 TRACE [BasicBinder.java:64] binding parameter [108] as [VARCHAR] - [SJ]
2020-06-19 14:05:48 TRACE [BasicBinder.java:64] binding parameter [109] as [INTEGER] - [80148]
2020-06-19 14:05:48 TRACE [BasicBinder.java:64] binding parameter [110] as [VARCHAR] - [MYpfmzyocaqUtZfarJOH]
2020-06-19 14:05:48 TRACE [BasicBinder.java:64] binding parameter [111] as [VARCHAR] - [iQCIRiwuGjrgPeH]
2020-06-19 14:05:48 TRACE [BasicBinder.java:64] binding parameter [112] as [VARCHAR] - [TlCSIwfCZnIeHOcCZuv]
2020-06-19 14:05:48 TRACE [BasicBinder.java:64] binding parameter [113] as [VARCHAR] - [gU]
2020-06-19 14:05:48 TRACE [BasicBinder.java:64] binding parameter [114] as [VARCHAR] - [kztDflfZNc]
2020-06-19 14:05:48 TRACE [BasicBinder.java:64] binding parameter [115] as [VARCHAR] - [D]
2020-06-19 14:05:48 TRACE [BasicBinder.java:64] binding parameter [116] as [VARCHAR] - [sSPzQFtTDAV]
2020-06-19 14:05:48 TRACE [BasicBinder.java:64] binding parameter [117] as [VARCHAR] - [zLdXUpaucmYEZmwThqLt]
2020-06-19 14:05:48 TRACE [BasicBinder.java:64] binding parameter [118] as [VARCHAR] - [KysGJXgvZmvlSTxzHqTZ]
2020-06-19 14:05:48 TRACE [BasicBinder.java:64] binding parameter [119] as [VARCHAR] - [lrTeNKvRNLCBuwzlJChC]
2020-06-19 14:05:48 TRACE [BasicBinder.java:64] binding parameter [120] as [VARCHAR] - [RRymsSsMTXDTzuZjroTj]
2020-06-19 14:05:48 TRACE [BasicBinder.java:64] binding parameter [121] as [VARCHAR] - [fCILBCkJxHlNbyIVZyro]
2020-06-19 14:05:48 TRACE [BasicBinder.java:64] binding parameter [122] as [VARCHAR] - [PS]
2020-06-19 14:05:48 TRACE [BasicBinder.java:64] binding parameter [123] as [VARCHAR] - [y]
2020-06-19 14:05:48 TRACE [BasicBinder.java:64] binding parameter [124] as [VARCHAR] - [FJcL]
2020-06-19 14:05:48 TRACE [BasicBinder.java:64] binding parameter [125] as [VARCHAR] - [NQhszafNEJYeqihcgsRd]
2020-06-19 14:05:48 TRACE [BasicBinder.java:64] binding parameter [126] as [VARCHAR] - [zOV]
2020-06-19 14:05:48 TRACE [BasicBinder.java:64] binding parameter [127] as [VARCHAR] - [LI]
2020-06-19 14:05:48 TRACE [BasicBinder.java:64] binding parameter [128] as [VARCHAR] - [IwDDKdtatPKwLeCWNdkE]
2020-06-19 14:05:48 TRACE [BasicBinder.java:64] binding parameter [129] as [VARCHAR] - [nFxySeQLsqVHaTfSjaGz]
2020-06-19 14:05:48 TRACE [BasicBinder.java:64] binding parameter [130] as [VARCHAR] - [rzowZsVWPiQdSHCYWRNV]
2020-06-19 14:05:48 TRACE [BasicBinder.java:64] binding parameter [131] as [VARCHAR] - [D]
2020-06-19 14:05:48 TRACE [BasicBinder.java:64] binding parameter [132] as [VARCHAR] - [AbbhxjbZghdnfAgtEzZt]
2020-06-19 14:05:48 TRACE [BasicBinder.java:64] binding parameter [133] as [VARCHAR] - [vzWMTwcmSXKgYAHPvyiA]
2020-06-19 14:05:48 TRACE [BasicBinder.java:64] binding parameter [134] as [VARCHAR] - [ItdcsEIMySfokVaLDXsy]
2020-06-19 14:05:48 TRACE [BasicBinder.java:64] binding parameter [135] as [VARCHAR] - [LR]
2020-06-19 14:05:48 TRACE [BasicBinder.java:64] binding parameter [136] as [VARCHAR] - [gUVvwpjUqxOydheo]
2020-06-19 14:05:48 TRACE [BasicBinder.java:64] binding parameter [137] as [DOUBLE] - [3169886.4109784854]
2020-06-19 14:05:48 TRACE [BasicBinder.java:64] binding parameter [138] as [VARCHAR] - [BmCoIbpR]
2020-06-19 14:05:48 TRACE [BasicBinder.java:64] binding parameter [139] as [VARCHAR] - [XKAZDFXiBAySDas]
2020-06-19 14:05:48 TRACE [BasicBinder.java:64] binding parameter [140] as [VARCHAR] - [zrHdRGjgRG]
2020-06-19 14:05:48 TRACE [BasicBinder.java:64] binding parameter [141] as [BIGINT] - [8]
2020-06-19 14:05:48 DEBUG [MockBuilder.java:94] set autoCreateFlag -> q
2020-06-19 14:05:48 DEBUG [MockBuilder.java:94] set level -> p
2020-06-19 14:05:48 DEBUG [MockBuilder.java:94] set changeTimestamp -> 1970-01-01T01:04:34
2020-06-19 14:05:48 DEBUG [MockBuilder.java:94] set precedence -> 7288647.085478507
2020-06-19 14:05:48 DEBUG [MockBuilder.java:94] set createdBy -> YldbTXqT
2020-06-19 14:05:48 DEBUG [MockBuilder.java:94] set ediReasonCode -> 111897
2020-06-19 14:05:48 DEBUG [MockBuilder.java:94] set ediOrdValidations -> null
2020-06-19 14:05:48 DEBUG [MockBuilder.java:94] set changedBy -> MsFrKmDT
2020-06-19 14:05:48 DEBUG [MockBuilder.java:94] set description -> MjCmvZbcyJicXGUmEjBS
2020-06-19 14:05:48 DEBUG [MockBuilder.java:94] set createTimestamp -> 1970-01-01T02:08:33
2020-06-19 14:05:48 DEBUG [MockBuilder.java:94] set defaultAction -> T
Hibernate: select edireasonc0_.EDI_REASON_CODE as edi_reas1_6_1_, edireasonc0_.AUTO_CREATE_FLAG as auto_cre2_6_1_, edireasonc0_.CHANGE_TIMESTAMP as change_t3_6_1_, edireasonc0_.CHANGED_BY as changed_4_6_1_, edireasonc0_.CREATE_TIMESTAMP as create_t5_6_1_, edireasonc0_.CREATED_BY as created_6_6_1_, edireasonc0_.DEFAULT_ACTION as default_7_6_1_, edireasonc0_.description as descript8_6_1_, edireasonc0_.LEVEL as level9_6_1_, edireasonc0_.precedence as precede10_6_1_, ediordvali1_.edi_reason_code as edi_rea11_2_3_, ediordvali1_.EDI_ORDER_NBR as edi_orde1_2_3_, ediordvali1_.PO_LINE_NBR as po_line_2_2_3_, ediordvali1_.TIME_STAMP as time_sta3_2_3_, ediordvali1_.EDI_ORDER_NBR as edi_orde1_2_0_, ediordvali1_.PO_LINE_NBR as po_line_2_2_0_, ediordvali1_.TIME_STAMP as time_sta3_2_0_, ediordvali1_.ACTION_CODE as action_c4_2_0_, ediordvali1_.ASSIGNED_TO as assigned5_2_0_, ediordvali1_.CHANGED_BY as changed_6_2_0_, ediordvali1_.CHANGED_TIMESTAMP as changed_7_2_0_, ediordvali1_.CREATED_BY as created_8_2_0_, ediordvali1_.CREATED_TIMESTAMP as created_9_2_0_, ediordvali1_.edi_reason_code as edi_rea11_2_0_, ediordvali1_.status as status10_2_0_ from EDI_REASON_CODE edireasonc0_ left outer join EDI_ORD_VALIDATION ediordvali1_ on edireasonc0_.EDI_REASON_CODE=ediordvali1_.edi_reason_code where edireasonc0_.EDI_REASON_CODE=?
2020-06-19 14:05:48 TRACE [BasicBinder.java:64] binding parameter [1] as [INTEGER] - [63]
]]></system-out>
  </testcase>
  <testcase name="testConvert" classname="com.shaw.ediorderservices.service.order.HardsurfacesOrderServiceTest" time="0.179">
    <failure message="Not yet implemented" type="org.opentest4j.AssertionFailedError">org.opentest4j.AssertionFailedError: Not yet implemented
	at com.shaw.ediorderservices.service.order.HardsurfacesOrderServiceTest.testConvert(HardsurfacesOrderServiceTest.java:31)
</failure>
    <system-out><![CDATA[2020-06-19 14:05:48 DEBUG [MockBuilder.java:94] set customerCode -> OX
2020-06-19 14:05:48 DEBUG [MockBuilder.java:94] set beg -> fcyOI
2020-06-19 14:05:48 DEBUG [MockBuilder.java:94] set dunsNbr -> UhJUvbyfOywOSeM
2020-06-19 14:05:48 DEBUG [MockBuilder.java:94] set storeName -> mHdYvqRugcdviZibnSGf
2020-06-19 14:05:48 DEBUG [MockBuilder.java:94] set consStatusMsg -> LUWVVtshwfpmGMaLPDOQ
2020-06-19 14:05:48 DEBUG [MockBuilder.java:94] set eventInfo -> mTkhrxqBasFDchv
2020-06-19 14:05:48 DEBUG [MockBuilder.java:94] set custNbr -> WxFRlAr
2020-06-19 14:05:48 DEBUG [MockBuilder.java:94] set billToState -> PE
2020-06-19 14:05:48 DEBUG [MockBuilder.java:94] set ohStatusCode -> g
2020-06-19 14:05:48 DEBUG [MockBuilder.java:94] set contractUsageInd -> T
2020-06-19 14:05:48 DEBUG [MockBuilder.java:94] set termsNetDays -> aSU
2020-06-19 14:05:48 DEBUG [MockBuilder.java:94] set customerRefNbr -> xPB
2020-06-19 14:05:48 DEBUG [MockBuilder.java:94] set errorCode -> vrM
2020-06-19 14:05:48 DEBUG [MockBuilder.java:94] set onNote -> iBtgqHwHuIvHxaSZaSGv
2020-06-19 14:05:48 DEBUG [MockBuilder.java:94] set customerSidemark -> JDaGoVGlDHLyVInSLhzH
2020-06-19 14:05:48 DEBUG [MockBuilder.java:94] set errorDescription -> uffebeYaGQZWVoyJnAUZ
2020-06-19 14:05:48 DEBUG [MockBuilder.java:94] set billToStore -> LhoufPPixk
2020-06-19 14:05:48 DEBUG [MockBuilder.java:94] set explodeFlag -> Z
2020-06-19 14:05:48 DEBUG [MockBuilder.java:94] set termsTypeFlag -> Qx
2020-06-19 14:05:48 DEBUG [MockBuilder.java:94] set crossDockCenter -> BpEExqLsFa
2020-06-19 14:05:48 DEBUG [MockBuilder.java:94] set custPmtMeth -> ahQNMSGWvwNpILvHxzKY
2020-06-19 14:05:48 DEBUG [MockBuilder.java:94] set bsStoreNbr -> MdEkgKeDMT
2020-06-19 14:05:48 DEBUG [MockBuilder.java:94] set totalBindingFt -> 3849487.7205366683
2020-06-19 14:05:48 DEBUG [MockBuilder.java:94] set onlineType -> K
2020-06-19 14:05:48 DEBUG [MockBuilder.java:94] set custDept -> dTYXw
2020-06-19 14:05:48 DEBUG [MockBuilder.java:94] set fobPoint -> eg
2020-06-19 14:05:48 DEBUG [MockBuilder.java:94] set errorTimestamp -> 1970-01-01T01:01:08
2020-06-19 14:05:48 DEBUG [MockBuilder.java:94] set srvLevel -> qg
2020-06-19 14:05:48 DEBUG [MockBuilder.java:94] set chngLid -> jrRuaxva
2020-06-19 14:05:48 DEBUG [MockBuilder.java:94] set custSpInst -> kmKFKIALTnUBPFZNwCSH
2020-06-19 14:05:48 DEBUG [MockBuilder.java:94] set frtCode -> X
2020-06-19 14:05:48 DEBUG [MockBuilder.java:94] set cancelDateQualifier -> nfE
2020-06-19 14:05:48 DEBUG [MockBuilder.java:94] set statusCode -> p
2020-06-19 14:05:48 DEBUG [MockBuilder.java:94] set orderDate -> 1990-06-01
2020-06-19 14:05:48 DEBUG [MockBuilder.java:94] set chngTimestamp -> 1970-01-01T00:58
2020-06-19 14:05:48 DEBUG [MockBuilder.java:94] set custWhNbr -> BtyS
2020-06-19 14:05:48 DEBUG [MockBuilder.java:94] set giftMessage1 -> TBwmPpriTeayMnuohEuK
2020-06-19 14:05:48 DEBUG [MockBuilder.java:94] set deliveryDate -> 1992-11-21
2020-06-19 14:05:48 DEBUG [MockBuilder.java:94] set commCust -> WGRGJBJ
2020-06-19 14:05:48 DEBUG [MockBuilder.java:94] set nbDate -> 1987-10-15
2020-06-19 14:05:48 DEBUG [MockBuilder.java:94] set stdCarrAlphaInd -> EqkP
2020-06-19 14:05:48 DEBUG [MockBuilder.java:94] set giftMessage2 -> YyviKdoehDYnxXljENJF
2020-06-19 14:05:48 DEBUG [MockBuilder.java:94] set newStoreInd -> Y
2020-06-19 14:05:48 DEBUG [MockBuilder.java:94] set orderingSystem -> dl
2020-06-19 14:05:48 DEBUG [MockBuilder.java:94] set hostAlertFlag -> w
2020-06-19 14:05:48 DEBUG [MockBuilder.java:94] set carrierCode -> Od
2020-06-19 14:05:48 DEBUG [MockBuilder.java:94] set phoneNumber -> tQfnznTBMee
2020-06-19 14:05:48 DEBUG [MockBuilder.java:94] set orderLoc -> NM
2020-06-19 14:05:48 DEBUG [MockBuilder.java:94] set delvCutOffDt -> 1990-01-11
2020-06-19 14:05:48 DEBUG [MockBuilder.java:94] set salesCheckNumber -> RXEVKEiYvwYbUHEfAqHT
2020-06-19 14:05:48 DEBUG [MockBuilder.java:94] set poControl -> mLPoi
2020-06-19 14:05:48 DEBUG [MockBuilder.java:94] set noAsnFlag -> R
2020-06-19 14:05:48 DEBUG [MockBuilder.java:94] set phone -> BBOjWdrgPBHwRSj
2020-06-19 14:05:48 DEBUG [MockBuilder.java:94] set salesReqCode -> Ar
2020-06-19 14:05:48 DEBUG [MockBuilder.java:94] set divDesc -> vBZQCtfAPJUUfOXZceMB
2020-06-19 14:05:48 DEBUG [MockBuilder.java:94] set cbCutLength -> 3206115.793936785
2020-06-19 14:05:48 DEBUG [MockBuilder.java:94] set ohCancelDateValue -> 1993-03-27
2020-06-19 14:05:48 DEBUG [MockBuilder.java:94] set orderMerCost -> 6684083.064125417
2020-06-19 14:05:48 DEBUG [MockBuilder.java:94] set sellCo -> PE
2020-06-19 14:05:48 DEBUG [MockBuilder.java:94] set poDateValue -> 1984-08-29
2020-06-19 14:05:48 DEBUG [MockBuilder.java:94] set agreementNumber -> vIWmuYsIGExhkoU
2020-06-19 14:05:48 DEBUG [MockBuilder.java:94] set province -> HoFoiBhcHYfxVkwbXXG
2020-06-19 14:05:48 DEBUG [MockBuilder.java:94] set reserveOrderInd -> J
2020-06-19 14:05:48 DEBUG [MockBuilder.java:94] set seqNbr -> 493436
2020-06-19 14:05:48 DEBUG [MockBuilder.java:94] set shawOrderNumber -> SzDDwD
2020-06-19 14:05:48 DEBUG [MockBuilder.java:94] set assignedAgent -> ZWInbZMp
2020-06-19 14:05:48 DEBUG [MockBuilder.java:94] set returnMsg -> NFVBBjsYAvglcGwRyDOx
2020-06-19 14:05:48 DEBUG [MockBuilder.java:94] set shipPartCompInd -> G
2020-06-19 14:05:48 DEBUG [MockBuilder.java:94] set inputMethod -> LFerWVjfqL
2020-06-19 14:05:48 DEBUG [MockBuilder.java:94] set poDateQualifier -> UjU
2020-06-19 14:05:48 DEBUG [MockBuilder.java:94] set poType -> VsxFu
2020-06-19 14:05:48 DEBUG [MockBuilder.java:94] set name -> kPWMmCYpYdBdFvgYbUvN
2020-06-19 14:05:48 DEBUG [MockBuilder.java:94] set authRep -> kYLjCaKYzyGvAetMpxMf
2020-06-19 14:05:48 DEBUG [MockBuilder.java:94] set shipPt -> Mw
2020-06-19 14:05:48 DEBUG [MockBuilder.java:94] set routeByDate -> 1987-12-30
2020-06-19 14:05:48 DEBUG [MockBuilder.java:94] set poNumber -> jIWzMLBPMJrrPoevzGHd
2020-06-19 14:05:48 DEBUG [MockBuilder.java:94] set markForStore -> lYLUQiTOIF
2020-06-19 14:05:48 DEBUG [MockBuilder.java:94] set specialInstruct1 -> RgzbTBcckGEgrRZPqtlc
2020-06-19 14:05:48 DEBUG [MockBuilder.java:94] set poQual -> eU
2020-06-19 14:05:48 DEBUG [MockBuilder.java:94] set authorizationNo -> eubRkDYQjl
2020-06-19 14:05:48 DEBUG [MockBuilder.java:94] set flag -> 860839
2020-06-19 14:05:48 DEBUG [MockBuilder.java:94] set poTypeSuffix -> ltZLfEFFfp
2020-06-19 14:05:48 DEBUG [MockBuilder.java:94] set shipComplete -> L
2020-06-19 14:05:48 DEBUG [MockBuilder.java:94] set specialInstruct2 -> ZPzcCyolGvKrpvmkbUrF
2020-06-19 14:05:48 DEBUG [MockBuilder.java:94] set acctContact -> aITIcbHmtyHomOIZSFxS
2020-06-19 14:05:48 DEBUG [MockBuilder.java:94] set mediaEventCode -> Oe
2020-06-19 14:05:48 DEBUG [MockBuilder.java:94] set psMsg -> XfTNBQxKzNdOfRyGmqVW
2020-06-19 14:05:48 DEBUG [MockBuilder.java:94] set specialInstruct3 -> LlkIkqRHNFFbvIfDoaCa
2020-06-19 14:05:48 DEBUG [MockBuilder.java:94] set shipDateValue -> 1970-12-24
2020-06-19 14:05:48 DEBUG [MockBuilder.java:94] set orderRetTotal -> 4406153.002644305
2020-06-19 14:05:48 DEBUG [MockBuilder.java:94] set acknowlegeOrdInd -> S
2020-06-19 14:05:48 DEBUG [MockBuilder.java:94] set orderRetHand -> 5498192.96497035
2020-06-19 14:05:48 DEBUG [MockBuilder.java:94] set specialInstruct4 -> BjzxHSSyPTVemTkmUIGI
2020-06-19 14:05:48 DEBUG [MockBuilder.java:94] set userId -> vwUXACwz
2020-06-19 14:05:48 DEBUG [MockBuilder.java:94] set shipDateQualifier -> Dst
2020-06-19 14:05:48 DEBUG [MockBuilder.java:94] set truncFlag -> V
2020-06-19 14:05:48 DEBUG [MockBuilder.java:94] set orderRetSh -> 936419.8345482724
2020-06-19 14:05:48 DEBUG [MockBuilder.java:94] set orderType -> B
2020-06-19 14:05:48 DEBUG [MockBuilder.java:94] set specialPoNo -> PnFjeDKMpObUQSnsDYAh
2020-06-19 14:05:48 DEBUG [MockBuilder.java:94] set shipInstruction -> QdWoautJdgFqhyWPEWOo
2020-06-19 14:05:48 DEBUG [MockBuilder.java:94] set vendorNo -> HkBWljzplsOgKLp
2020-06-19 14:05:48 DEBUG [MockBuilder.java:94] set orderTypeDesc -> FsObTRyFUbCZbOC
2020-06-19 14:05:48 DEBUG [MockBuilder.java:94] set addrKey -> 4700
2020-06-19 14:05:48 DEBUG [MockBuilder.java:94] set orderRetTax -> 2154959.895850128
2020-06-19 14:05:48 DEBUG [MockBuilder.java:94] set country -> DIWLTzgRxQPFtDxAuUv
2020-06-19 14:05:48 DEBUG [MockBuilder.java:94] set zip -> GGIiPCJbYcv
2020-06-19 14:05:48 DEBUG [MockBuilder.java:94] set orderWeight -> 6752437.183271005
2020-06-19 14:05:48 DEBUG [MockBuilder.java:94] set wcStore -> kpqkNCrbRP
2020-06-19 14:05:48 DEBUG [MockBuilder.java:94] set destCode -> qD
2020-06-19 14:05:48 DEBUG [MockBuilder.java:94] set shipByCutOffDt -> 1978-11-09
2020-06-19 14:05:48 DEBUG [MockBuilder.java:94] set cnCity -> wWAyCGZTAIhUGcoMctY
2020-06-19 14:05:48 DEBUG [MockBuilder.java:94] set custNbr -> mNvXJKD
2020-06-19 14:05:48 DEBUG [MockBuilder.java:94] set addressLine1 -> WDggUALJqaaPTGKVvrKg
2020-06-19 14:05:48 DEBUG [MockBuilder.java:94] set addressLine2 -> TXtiLftvDjzzUtrgikSK
2020-06-19 14:05:48 DEBUG [MockBuilder.java:94] set state -> Bv
2020-06-19 14:05:48 DEBUG [MockBuilder.java:94] set city -> ozLLlBZOHlvYAjTujGt
2020-06-19 14:05:48 DEBUG [MockBuilder.java:94] set shipByDate -> 1971-03-19
2020-06-19 14:05:48 DEBUG [MockBuilder.java:94] set state -> Wm
2020-06-19 14:05:48 DEBUG [MockBuilder.java:94] set name -> KRFwnLvNHXXefgzPAjUI
2020-06-19 14:05:48 DEBUG [MockBuilder.java:94] set store -> KysGhTCoVd
2020-06-19 14:05:48 DEBUG [MockBuilder.java:94] set zip -> vFLsMlINx
2020-06-19 14:05:48 DEBUG [MockBuilder.java:94] set cphone -> GkFlPwWGCicJkHlTJzHu
2020-06-19 14:05:48 DEBUG [MockBuilder.java:94] set shipCancelDate -> 1976-06-13
2020-06-19 14:05:48 DEBUG [MockBuilder.java:94] set shipToAddress -> LegacyShipToAddress [addressLine1=WDggUALJqaaPTGKVvrKg, addressLine2=TXtiLftvDjzzUtrgikSK, city=ozLLlBZOHlvYAjTujGt, cnCity=wWAyCGZTAIhUGcoMctY, country=DIWLTzgRxQPFtDxAuUv, custNbr=mNvXJKD, destCode=qD, flag=860839, name=kPWMmCYpYdBdFvgYbUvN, phone=BBOjWdrgPBHwRSj, province=HoFoiBhcHYfxVkwbXXG, state=Bv, store=KysGhTCoVd, truncFlag=V, zip=GGIiPCJbYcv]
2020-06-19 14:05:48 DEBUG [MockBuilder.java:94] set consumerShipFlg -> r
2020-06-19 14:05:48 DEBUG [MockBuilder.java:94] set consumerPoDateValue -> 1986-06-12
2020-06-19 14:05:48 DEBUG [MockBuilder.java:94] set addressLine1 -> CbFVBUjwZmDIBOvdRdYo
2020-06-19 14:05:48 DEBUG [MockBuilder.java:94] set ccountry -> hhYpUIJpAqalJoleXGqO
2020-06-19 14:05:48 DEBUG [MockBuilder.java:94] set city -> cEsYEztLYccayANLUdx
2020-06-19 14:05:48 DEBUG [MockBuilder.java:94] set addressLine2 -> qeyUZifHRBARLHsrCHDk
2020-06-19 14:05:48 DEBUG [MockBuilder.java:94] set cprovince -> almfpLUXcFssNlolfshJ
2020-06-19 14:05:48 DEBUG [MockBuilder.java:94] set addressLine1 -> xzPXRVumFmYOswssGPDe
2020-06-19 14:05:48 DEBUG [MockBuilder.java:94] set city -> bFbZophKHOSKPfbDhosJ
2020-06-19 14:05:48 DEBUG [MockBuilder.java:94] set tpcountry -> qykmHRNhBRqQEdplTXLE
2020-06-19 14:05:48 DEBUG [MockBuilder.java:94] set state -> Vo
2020-06-19 14:05:48 DEBUG [MockBuilder.java:94] set name -> WpUoLivvTDxEOCASIyyI
2020-06-19 14:05:48 DEBUG [MockBuilder.java:94] set accountNbr -> dCMryOyDeTzmbhJAIpqZ
2020-06-19 14:05:48 DEBUG [MockBuilder.java:94] set billFlag -> g
2020-06-19 14:05:48 DEBUG [MockBuilder.java:94] set consumerAddress -> LegacyConsumerAddress [cprovince=almfpLUXcFssNlolfshJ, ccountry=hhYpUIJpAqalJoleXGqO, cphone=GkFlPwWGCicJkHlTJzHu, addressLine1=CbFVBUjwZmDIBOvdRdYo, addressLine2=qeyUZifHRBARLHsrCHDk, city=cEsYEztLYccayANLUdx, name=KRFwnLvNHXXefgzPAjUI, consumerPoDateValue=1986-06-12, consumerShipFlg=r, state=Wm, zip=vFLsMlINx]
2020-06-19 14:05:48 DEBUG [MockBuilder.java:94] set addressLine2 -> WIRRjPseUauizNHDrLKS
2020-06-19 14:05:48 DEBUG [MockBuilder.java:94] set tpphone -> gtczbEXLnbIaYtxKECKl
2020-06-19 14:05:48 DEBUG [MockBuilder.java:94] set zip -> KwmrZhaFMEgQLbnt
2020-06-19 14:05:48 DEBUG [MockBuilder.java:94] set tpprovince -> XnAqOrRpRNtXqOjerbCP
2020-06-19 14:05:48 DEBUG [MockBuilder.java:94] set name2 -> cAjtsguuYYNrkgqNzxTB
2020-06-19 14:05:48 DEBUG [MockBuilder.java:94] set thirdPartyAddress -> LegacyThirdPartyAddress [tpprovince=XnAqOrRpRNtXqOjerbCP, tpcountry=qykmHRNhBRqQEdplTXLE, tpphone=gtczbEXLnbIaYtxKECKl, addressLine1=xzPXRVumFmYOswssGPDe, addressLine2=WIRRjPseUauizNHDrLKS, accountNbr=dCMryOyDeTzmbhJAIpqZ, billFlag=g, city=bFbZophKHOSKPfbDhosJ, name=WpUoLivvTDxEOCASIyyI, name2=cAjtsguuYYNrkgqNzxTB, state=Vo, zip=KwmrZhaFMEgQLbnt]
2020-06-19 14:05:48 DEBUG [MockBuilder.java:94] set dates -> null
2020-06-19 14:05:48 DEBUG [MockBuilder.java:94] set lines -> null
2020-06-19 14:05:48 DEBUG [MockBuilder.java:94] set purchasedBy -> TNnjpDVylcazjQSdvPYq
2020-06-19 14:05:48 DEBUG [MockBuilder.java:94] set rcdCode -> l
2020-06-19 14:05:48 DEBUG [MockBuilder.java:94] set receivedTimestamp -> 1970-01-01T00:55:06
2020-06-19 14:05:48 DEBUG [MockBuilder.java:94] set refTcNbr -> FviXtyNHNSZqqTFUDYye
2020-06-19 14:05:48 DEBUG [MockHelper.java:99] EdiOrderHeader [legacyOrderNumber=null, acctContact=aITIcbHmtyHomOIZSFxS, acknowlegeOrdInd=S, addrKey=4700, agreementNumber=vIWmuYsIGExhkoU, assignedAgent=ZWInbZMp, authRep=kYLjCaKYzyGvAetMpxMf, authorizationNo=eubRkDYQjl, beg=fcyOI, billToState=PE, billToStore=LhoufPPixk, bsStoreNbr=MdEkgKeDMT, cancelDateQualifier=nfE, carrierCode=Od, cbCutLength=3206115.793936785, chngLid=jrRuaxva, chngTimestamp=1970-01-01T00:58, commCust=WGRGJBJ, consStatusMsg=LUWVVtshwfpmGMaLPDOQ, contractUsageInd=T, crossDockCenter=BpEExqLsFa, custDept=dTYXw, custPmtMeth=ahQNMSGWvwNpILvHxzKY, custSpInst=kmKFKIALTnUBPFZNwCSH, custWhNbr=BtyS, customerCode=OX, custNbr=WxFRlAr, customerRefNbr=xPB, customerSidemark=JDaGoVGlDHLyVInSLhzH, deliveryDate=1992-11-21, delvCutOffDt=1990-01-11, divDesc=vBZQCtfAPJUUfOXZceMB, dunsNbr=UhJUvbyfOywOSeM, errorCode=vrM, errorDescription=uffebeYaGQZWVoyJnAUZ, errorTimestamp=1970-01-01T01:01:08, eventInfo=mTkhrxqBasFDchv, explodeFlag=Z, fobPoint=eg, frtCode=X, giftMessage1=TBwmPpriTeayMnuohEuK, giftMessage2=YyviKdoehDYnxXljENJF, hostAlertFlag=w, inputMethod=LFerWVjfqL, markForStore=lYLUQiTOIF, mediaEventCode=Oe, nbDate=1987-10-15, newStoreInd=Y, noAsnFlag=R, ohCancelDateValue=1993-03-27, ohStatusCode=g, onNote=iBtgqHwHuIvHxaSZaSGv, onlineType=K, orderDate=1990-06-01, orderLoc=01, orderMerCost=6684083.064125417, shawOrderNumber=SzDDwD, orderRetHand=5498192.96497035, orderRetSh=936419.8345482724, orderRetTax=2154959.895850128, orderRetTotal=4406153.002644305, orderType=S, orderTypeDesc=SAMPLES, orderWeight=6752437.183271005, orderingSystem=dl, phoneNumber=tQfnznTBMee, poControl=mLPoi, poDateValue=1984-08-29, poDateQualifier=UjU, poNumber=jIWzMLBPMJrrPoevzGHd, poQual=eU, poType=VsxFu, poTypeSuffix=ltZLfEFFfp, psMsg=XfTNBQxKzNdOfRyGmqVW, purchasedBy=TNnjpDVylcazjQSdvPYq, rcdCode=l, receivedTimestamp=1970-01-01T00:55:06, refTcNbr=FviXtyNHNSZqqTFUDYye, reserveOrderInd=J, returnMsg=NFVBBjsYAvglcGwRyDOx, routeByDate=1987-12-30, salesCheckNumber=RXEVKEiYvwYbUHEfAqHT, salesReqCode=Ar, sellCo=PE, seqNbr=493436, shipByCutOffDt=1978-11-09, shipByDate=1971-03-19, shipCancelDate=1976-06-13, shipComplete=L, shipDateValue=1970-12-24, shipDateQualifier=Dst, shipInstruction=QdWoautJdgFqhyWPEWOo, shipPartCompInd=G, shipPt=Mw, specialInstruct1=RgzbTBcckGEgrRZPqtlc, specialInstruct2=ZPzcCyolGvKrpvmkbUrF, specialInstruct3=LlkIkqRHNFFbvIfDoaCa, specialInstruct4=BjzxHSSyPTVemTkmUIGI, specialPoNo=PnFjeDKMpObUQSnsDYAh, srvLevel=qg, statusCode=p, stdCarrAlphaInd=EqkP, storeName=mHdYvqRugcdviZibnSGf, termsNetDays=aSU, termsTypeFlag=Qx, totalBindingFt=3849487.7205366683, userId=vwUXACwz, vendorNo=HkBWljzplsOgKLp, wcStore=kpqkNCrbRP, consumerAddress=LegacyConsumerAddress [cprovince=almfpLUXcFssNlolfshJ, ccountry=hhYpUIJpAqalJoleXGqO, cphone=GkFlPwWGCicJkHlTJzHu, addressLine1=CbFVBUjwZmDIBOvdRdYo, addressLine2=qeyUZifHRBARLHsrCHDk, city=cEsYEztLYccayANLUdx, name=KRFwnLvNHXXefgzPAjUI, consumerPoDateValue=1986-06-12, consumerShipFlg=r, state=Wm, zip=vFLsMlINx], shipToAddress=LegacyShipToAddress [addressLine1=WDggUALJqaaPTGKVvrKg, addressLine2=TXtiLftvDjzzUtrgikSK, city=ozLLlBZOHlvYAjTujGt, cnCity=wWAyCGZTAIhUGcoMctY, country=DIWLTzgRxQPFtDxAuUv, custNbr=mNvXJKD, destCode=qD, flag=860839, name=kPWMmCYpYdBdFvgYbUvN, phone=BBOjWdrgPBHwRSj, province=HoFoiBhcHYfxVkwbXXG, state=Bv, store=KysGhTCoVd, truncFlag=V, zip=GGIiPCJbYcv], thirdPartyAddress=LegacyThirdPartyAddress [tpprovince=XnAqOrRpRNtXqOjerbCP, tpcountry=qykmHRNhBRqQEdplTXLE, tpphone=gtczbEXLnbIaYtxKECKl, addressLine1=xzPXRVumFmYOswssGPDe, addressLine2=WIRRjPseUauizNHDrLKS, accountNbr=dCMryOyDeTzmbhJAIpqZ, billFlag=g, city=bFbZophKHOSKPfbDhosJ, name=WpUoLivvTDxEOCASIyyI, name2=cAjtsguuYYNrkgqNzxTB, state=Vo, zip=KwmrZhaFMEgQLbnt], dates=null, lines=null]
Hibernate: call next value for SHXP.EDI_ORDER_NBR
Hibernate: insert into EDI_ORDER_HEADER (ACCT_CONTACT, ACKNOWLEGE_ORD_IND, ADDR_KEY, AGREEMENT_NUMBER, ASSIGNED_AGENT, AUTH_REP, AUTHORIZATION_NO, beg, BILL_TO_STATE, BILL_TO_STORE, BS_STORE_NBR, CANCEL_DATE_QUAL, CARRIER_CODE, CB_CUT_LENGTH, CHNG_LID, CHNG_TIMESTAMP, COMM_CUST, CONS_STATUS_MSG, CONSUMER_ADDRESS, CONSUMER_ADDRESS_2, CONSUMER_CITY, CONSUMER_PO_DATE, CONSUMER_SHIP_FLG, CONSUMER_NAME, CONSUMER_STATE, CONSUMER_ZIP, CONTRACT_USAGE_IND, CROSS_DOCK_CENTER, CUST_DEPT, CUSTOMER_NUMBER, CUST_PMT_METH, CUST_SP_INST, CUST_WH_NBR, CUSTOMER_CODE, CUSTOMER_REF_NBR, CUSTOMER_SIDEMARK, DELIVERY_DATE, DELV_CUT_OFF_DT, DIV_DESC, DUNS_NBR, ERROR_CODE, ERROR_DESCRIPTION, ERROR_TIMESTAMP, EVENT_INFO, EXPLODE_FLAG, FOB_POINT, FRT_CODE, GIFT_MESSAGE_1, GIFT_MESSAGE_2, HOST_ALERT_FLAG, INPUT_METHOD, MARK_FOR_STORE, MEDIA_EVENT_CODE, NB_DATE, NEW_STORE_IND, NO_ASN_FLAG, OH_CANCEL_DATE, OH_STATUS_CODE, ON_NOTE, ONLINE_TYPE, ORDER_DATE, ORDER_LOC, ORDER_MER_COST, ORDER_RET_HAND, ORDER_RET_SH, ORDER_RET_TAX, ORDER_RET_TOTAL, ORDER_TYPE, ORDER_TYPE_DESC, ORDER_WEIGHT, ORDERING_SYSTEM, PHONE_NUMBER, PO_CONTROL, PO_DATE_QUAL, PO_DATE, PO_NUMBER, PO_QUAL, PO_TYPE, PO_TYPE_SUFFIX, PS_MSG, PURCHASED_BY, RCD_CODE, RECEIVED_TIMESTAMP, REF_TC_NBR, RESERVE_ORDER_IND, RETURN_MSG, ROUTE_BY_DATE, SALES_CHECK_NUMBER, SALES_REQ_CODE, SELL_CO, SEQ_NBR, ORDER_NUMBER, SHIP_BY_CUT_OFF_DT, SHIP_BY_DATE, SHIP_CANCEL_DATE, SHIP_COMPLETE, SHIP_DATE_QUAL, SHIP_DATE, SHIP_INSTRUCTION, SHIP_PART_COMP_IND, SHIP_PT, SHIP_TO_ADDRESS_1, SHIP_TO_ADDRESS_2, SHIP_TO_CITY, SHIP_TO_CN_CITY, SHIP_TO_COUNTRY, SHIP_TO_CUST_NBR, SHIP_TO_DEST_COD, SHIP_TO_FLAG, SHIP_TO_NAME, SHIP_TO_PHONE, SHIP_TO_PROVENCE, SHIP_TO_STATE, SHIP_TO_STORE, SHIP_TO_TRUNC_FLG, SHIP_TO_ZIP, SPECIAL_INSTRUCT_1, SPECIAL_INSTRUCT_2, SPECIAL_INSTRUCT_3, SPECIAL_INSTRUCT_4, SPECIAL_PO_NO, SRV_LEVEL, STATUS_CODE, STD_CARR_ALPHA_IND, STORE_NAME, TERMS_NET_DAYS, TERMS_TYPE_FLAG, THIRD_PARTY_ACCT_NBR, THIRD_PARTY_ADDR_1, THIRD_PARTY_ADDR_2, THIRD_PARTY_BILL_FLAG, THIRD_PARTY_CITY, THIRD_PARTY_NAME, THIRD_PARTY_NAME_2, THIRD_PARTY_STATE, THIRD_PARTY_ZIP, TOTAL_BINDING_FT, USER_ID, VENDOR_NO, WC_STORE, EDI_ORDER_NUMBER) values (?, ?, ?, ?, ?, ?, ?, ?, ?, ?, ?, ?, ?, ?, ?, ?, ?, ?, ?, ?, ?, ?, ?, ?, ?, ?, ?, ?, ?, ?, ?, ?, ?, ?, ?, ?, ?, ?, ?, ?, ?, ?, ?, ?, ?, ?, ?, ?, ?, ?, ?, ?, ?, ?, ?, ?, ?, ?, ?, ?, ?, ?, ?, ?, ?, ?, ?, ?, ?, ?, ?, ?, ?, ?, ?, ?, ?, ?, ?, ?, ?, ?, ?, ?, ?, ?, ?, ?, ?, ?, ?, ?, ?, ?, ?, ?, ?, ?, ?, ?, ?, ?, ?, ?, ?, ?, ?, ?, ?, ?, ?, ?, ?, ?, ?, ?, ?, ?, ?, ?, ?, ?, ?, ?, ?, ?, ?, ?, ?, ?, ?, ?, ?, ?, ?, ?, ?, ?, ?, ?, ?)
2020-06-19 14:05:48 TRACE [BasicBinder.java:64] binding parameter [1] as [VARCHAR] - [aITIcbHmtyHomOIZSFxS]
2020-06-19 14:05:48 TRACE [BasicBinder.java:64] binding parameter [2] as [VARCHAR] - [S]
2020-06-19 14:05:48 TRACE [BasicBinder.java:64] binding parameter [3] as [INTEGER] - [4700]
2020-06-19 14:05:48 TRACE [BasicBinder.java:64] binding parameter [4] as [VARCHAR] - [vIWmuYsIGExhkoU]
2020-06-19 14:05:48 TRACE [BasicBinder.java:64] binding parameter [5] as [VARCHAR] - [ZWInbZMp]
2020-06-19 14:05:48 TRACE [BasicBinder.java:64] binding parameter [6] as [VARCHAR] - [kYLjCaKYzyGvAetMpxMf]
2020-06-19 14:05:48 TRACE [BasicBinder.java:64] binding parameter [7] as [VARCHAR] - [eubRkDYQjl]
2020-06-19 14:05:48 TRACE [BasicBinder.java:64] binding parameter [8] as [VARCHAR] - [fcyOI]
2020-06-19 14:05:48 TRACE [BasicBinder.java:64] binding parameter [9] as [VARCHAR] - [PE]
2020-06-19 14:05:48 TRACE [BasicBinder.java:64] binding parameter [10] as [VARCHAR] - [LhoufPPixk]
2020-06-19 14:05:48 TRACE [BasicBinder.java:64] binding parameter [11] as [VARCHAR] - [MdEkgKeDMT]
2020-06-19 14:05:48 TRACE [BasicBinder.java:64] binding parameter [12] as [VARCHAR] - [nfE]
2020-06-19 14:05:48 TRACE [BasicBinder.java:64] binding parameter [13] as [VARCHAR] - [Od]
2020-06-19 14:05:48 TRACE [BasicBinder.java:64] binding parameter [14] as [DOUBLE] - [3206115.793936785]
2020-06-19 14:05:48 TRACE [BasicBinder.java:64] binding parameter [15] as [VARCHAR] - [jrRuaxva]
2020-06-19 14:05:48 TRACE [BasicBinder.java:64] binding parameter [16] as [TIMESTAMP] - [1970-01-01T00:58]
2020-06-19 14:05:48 TRACE [BasicBinder.java:64] binding parameter [17] as [VARCHAR] - [WGRGJBJ]
2020-06-19 14:05:48 TRACE [BasicBinder.java:64] binding parameter [18] as [VARCHAR] - [LUWVVtshwfpmGMaLPDOQ]
2020-06-19 14:05:48 TRACE [BasicBinder.java:64] binding parameter [19] as [VARCHAR] - [CbFVBUjwZmDIBOvdRdYo]
2020-06-19 14:05:48 TRACE [BasicBinder.java:64] binding parameter [20] as [VARCHAR] - [qeyUZifHRBARLHsrCHDk]
2020-06-19 14:05:48 TRACE [BasicBinder.java:64] binding parameter [21] as [VARCHAR] - [cEsYEztLYccayANLUdx]
2020-06-19 14:05:48 TRACE [BasicBinder.java:64] binding parameter [22] as [DATE] - [1986-06-12]
2020-06-19 14:05:48 TRACE [BasicBinder.java:64] binding parameter [23] as [VARCHAR] - [r]
2020-06-19 14:05:48 TRACE [BasicBinder.java:64] binding parameter [24] as [VARCHAR] - [KRFwnLvNHXXefgzPAjUI]
2020-06-19 14:05:48 TRACE [BasicBinder.java:64] binding parameter [25] as [VARCHAR] - [Wm]
2020-06-19 14:05:48 TRACE [BasicBinder.java:64] binding parameter [26] as [VARCHAR] - [vFLsMlINx]
2020-06-19 14:05:48 TRACE [BasicBinder.java:64] binding parameter [27] as [VARCHAR] - [T]
2020-06-19 14:05:48 TRACE [BasicBinder.java:64] binding parameter [28] as [VARCHAR] - [BpEExqLsFa]
2020-06-19 14:05:48 TRACE [BasicBinder.java:64] binding parameter [29] as [VARCHAR] - [dTYXw]
2020-06-19 14:05:48 TRACE [BasicBinder.java:64] binding parameter [30] as [VARCHAR] - [WxFRlAr]
2020-06-19 14:05:48 TRACE [BasicBinder.java:64] binding parameter [31] as [VARCHAR] - [ahQNMSGWvwNpILvHxzKY]
2020-06-19 14:05:48 TRACE [BasicBinder.java:64] binding parameter [32] as [VARCHAR] - [kmKFKIALTnUBPFZNwCSH]
2020-06-19 14:05:48 TRACE [BasicBinder.java:64] binding parameter [33] as [VARCHAR] - [BtyS]
2020-06-19 14:05:48 TRACE [BasicBinder.java:64] binding parameter [34] as [VARCHAR] - [OX]
2020-06-19 14:05:48 TRACE [BasicBinder.java:64] binding parameter [35] as [VARCHAR] - [xPB]
2020-06-19 14:05:48 TRACE [BasicBinder.java:64] binding parameter [36] as [VARCHAR] - [JDaGoVGlDHLyVInSLhzH]
2020-06-19 14:05:48 TRACE [BasicBinder.java:64] binding parameter [37] as [DATE] - [1992-11-21]
2020-06-19 14:05:48 TRACE [BasicBinder.java:64] binding parameter [38] as [DATE] - [1990-01-11]
2020-06-19 14:05:48 TRACE [BasicBinder.java:64] binding parameter [39] as [VARCHAR] - [vBZQCtfAPJUUfOXZceMB]
2020-06-19 14:05:48 TRACE [BasicBinder.java:64] binding parameter [40] as [VARCHAR] - [UhJUvbyfOywOSeM]
2020-06-19 14:05:48 TRACE [BasicBinder.java:64] binding parameter [41] as [VARCHAR] - [vrM]
2020-06-19 14:05:48 TRACE [BasicBinder.java:64] binding parameter [42] as [VARCHAR] - [uffebeYaGQZWVoyJnAUZ]
2020-06-19 14:05:48 TRACE [BasicBinder.java:64] binding parameter [43] as [TIMESTAMP] - [1970-01-01T01:01:08]
2020-06-19 14:05:48 TRACE [BasicBinder.java:64] binding parameter [44] as [VARCHAR] - [mTkhrxqBasFDchv]
2020-06-19 14:05:48 TRACE [BasicBinder.java:64] binding parameter [45] as [VARCHAR] - [Z]
2020-06-19 14:05:48 TRACE [BasicBinder.java:64] binding parameter [46] as [VARCHAR] - [eg]
2020-06-19 14:05:48 TRACE [BasicBinder.java:64] binding parameter [47] as [VARCHAR] - [X]
2020-06-19 14:05:48 TRACE [BasicBinder.java:64] binding parameter [48] as [VARCHAR] - [TBwmPpriTeayMnuohEuK]
2020-06-19 14:05:48 TRACE [BasicBinder.java:64] binding parameter [49] as [VARCHAR] - [YyviKdoehDYnxXljENJF]
2020-06-19 14:05:48 TRACE [BasicBinder.java:64] binding parameter [50] as [VARCHAR] - [w]
2020-06-19 14:05:48 TRACE [BasicBinder.java:64] binding parameter [51] as [VARCHAR] - [LFerWVjfqL]
2020-06-19 14:05:48 TRACE [BasicBinder.java:64] binding parameter [52] as [VARCHAR] - [lYLUQiTOIF]
2020-06-19 14:05:48 TRACE [BasicBinder.java:64] binding parameter [53] as [VARCHAR] - [Oe]
2020-06-19 14:05:48 TRACE [BasicBinder.java:64] binding parameter [54] as [DATE] - [1987-10-15]
2020-06-19 14:05:48 TRACE [BasicBinder.java:64] binding parameter [55] as [VARCHAR] - [Y]
2020-06-19 14:05:48 TRACE [BasicBinder.java:64] binding parameter [56] as [VARCHAR] - [R]
2020-06-19 14:05:48 TRACE [BasicBinder.java:64] binding parameter [57] as [DATE] - [1993-03-27]
2020-06-19 14:05:48 TRACE [BasicBinder.java:64] binding parameter [58] as [VARCHAR] - [g]
2020-06-19 14:05:48 TRACE [BasicBinder.java:64] binding parameter [59] as [VARCHAR] - [iBtgqHwHuIvHxaSZaSGv]
2020-06-19 14:05:48 TRACE [BasicBinder.java:64] binding parameter [60] as [VARCHAR] - [K]
2020-06-19 14:05:48 TRACE [BasicBinder.java:64] binding parameter [61] as [DATE] - [1990-06-01]
2020-06-19 14:05:48 TRACE [BasicBinder.java:64] binding parameter [62] as [VARCHAR] - [01]
2020-06-19 14:05:48 TRACE [BasicBinder.java:64] binding parameter [63] as [DOUBLE] - [6684083.064125417]
2020-06-19 14:05:48 TRACE [BasicBinder.java:64] binding parameter [64] as [DOUBLE] - [5498192.96497035]
2020-06-19 14:05:48 TRACE [BasicBinder.java:64] binding parameter [65] as [DOUBLE] - [936419.8345482724]
2020-06-19 14:05:48 TRACE [BasicBinder.java:64] binding parameter [66] as [DOUBLE] - [2154959.895850128]
2020-06-19 14:05:48 TRACE [BasicBinder.java:64] binding parameter [67] as [DOUBLE] - [4406153.002644305]
2020-06-19 14:05:48 TRACE [BasicBinder.java:64] binding parameter [68] as [VARCHAR] - [S]
2020-06-19 14:05:48 TRACE [BasicBinder.java:64] binding parameter [69] as [VARCHAR] - [SAMPLES]
2020-06-19 14:05:48 TRACE [BasicBinder.java:64] binding parameter [70] as [DOUBLE] - [6752437.183271005]
2020-06-19 14:05:48 TRACE [BasicBinder.java:64] binding parameter [71] as [VARCHAR] - [dl]
2020-06-19 14:05:48 TRACE [BasicBinder.java:64] binding parameter [72] as [VARCHAR] - [tQfnznTBMee]
2020-06-19 14:05:48 TRACE [BasicBinder.java:64] binding parameter [73] as [VARCHAR] - [mLPoi]
2020-06-19 14:05:48 TRACE [BasicBinder.java:64] binding parameter [74] as [VARCHAR] - [UjU]
2020-06-19 14:05:48 TRACE [BasicBinder.java:64] binding parameter [75] as [DATE] - [1984-08-29]
2020-06-19 14:05:48 TRACE [BasicBinder.java:64] binding parameter [76] as [VARCHAR] - [jIWzMLBPMJrrPoevzGHd]
2020-06-19 14:05:48 TRACE [BasicBinder.java:64] binding parameter [77] as [VARCHAR] - [eU]
2020-06-19 14:05:48 TRACE [BasicBinder.java:64] binding parameter [78] as [VARCHAR] - [VsxFu]
2020-06-19 14:05:48 TRACE [BasicBinder.java:64] binding parameter [79] as [VARCHAR] - [ltZLfEFFfp]
2020-06-19 14:05:48 TRACE [BasicBinder.java:64] binding parameter [80] as [VARCHAR] - [XfTNBQxKzNdOfRyGmqVW]
2020-06-19 14:05:48 TRACE [BasicBinder.java:64] binding parameter [81] as [VARCHAR] - [TNnjpDVylcazjQSdvPYq]
2020-06-19 14:05:48 TRACE [BasicBinder.java:64] binding parameter [82] as [VARCHAR] - [l]
2020-06-19 14:05:48 TRACE [BasicBinder.java:64] binding parameter [83] as [TIMESTAMP] - [1970-01-01T00:55:06]
2020-06-19 14:05:48 TRACE [BasicBinder.java:64] binding parameter [84] as [VARCHAR] - [FviXtyNHNSZqqTFUDYye]
2020-06-19 14:05:48 TRACE [BasicBinder.java:64] binding parameter [85] as [VARCHAR] - [J]
2020-06-19 14:05:48 TRACE [BasicBinder.java:64] binding parameter [86] as [VARCHAR] - [NFVBBjsYAvglcGwRyDOx]
2020-06-19 14:05:48 TRACE [BasicBinder.java:64] binding parameter [87] as [DATE] - [1987-12-30]
2020-06-19 14:05:48 TRACE [BasicBinder.java:64] binding parameter [88] as [VARCHAR] - [RXEVKEiYvwYbUHEfAqHT]
2020-06-19 14:05:48 TRACE [BasicBinder.java:64] binding parameter [89] as [VARCHAR] - [Ar]
2020-06-19 14:05:48 TRACE [BasicBinder.java:64] binding parameter [90] as [VARCHAR] - [PE]
2020-06-19 14:05:48 TRACE [BasicBinder.java:64] binding parameter [91] as [INTEGER] - [493436]
2020-06-19 14:05:48 TRACE [BasicBinder.java:64] binding parameter [92] as [VARCHAR] - [SzDDwD]
2020-06-19 14:05:48 TRACE [BasicBinder.java:64] binding parameter [93] as [DATE] - [1978-11-09]
2020-06-19 14:05:48 TRACE [BasicBinder.java:64] binding parameter [94] as [DATE] - [1971-03-19]
2020-06-19 14:05:48 TRACE [BasicBinder.java:64] binding parameter [95] as [DATE] - [1976-06-13]
2020-06-19 14:05:48 TRACE [BasicBinder.java:64] binding parameter [96] as [VARCHAR] - [L]
2020-06-19 14:05:48 TRACE [BasicBinder.java:64] binding parameter [97] as [VARCHAR] - [Dst]
2020-06-19 14:05:48 TRACE [BasicBinder.java:64] binding parameter [98] as [DATE] - [1970-12-24]
2020-06-19 14:05:48 TRACE [BasicBinder.java:64] binding parameter [99] as [VARCHAR] - [QdWoautJdgFqhyWPEWOo]
2020-06-19 14:05:48 TRACE [BasicBinder.java:64] binding parameter [100] as [VARCHAR] - [G]
2020-06-19 14:05:48 TRACE [BasicBinder.java:64] binding parameter [101] as [VARCHAR] - [Mw]
2020-06-19 14:05:48 TRACE [BasicBinder.java:64] binding parameter [102] as [VARCHAR] - [WDggUALJqaaPTGKVvrKg]
2020-06-19 14:05:48 TRACE [BasicBinder.java:64] binding parameter [103] as [VARCHAR] - [TXtiLftvDjzzUtrgikSK]
2020-06-19 14:05:48 TRACE [BasicBinder.java:64] binding parameter [104] as [VARCHAR] - [ozLLlBZOHlvYAjTujGt]
2020-06-19 14:05:48 TRACE [BasicBinder.java:64] binding parameter [105] as [VARCHAR] - [wWAyCGZTAIhUGcoMctY]
2020-06-19 14:05:48 TRACE [BasicBinder.java:64] binding parameter [106] as [VARCHAR] - [DIWLTzgRxQPFtDxAuUv]
2020-06-19 14:05:48 TRACE [BasicBinder.java:64] binding parameter [107] as [VARCHAR] - [mNvXJKD]
2020-06-19 14:05:48 TRACE [BasicBinder.java:64] binding parameter [108] as [VARCHAR] - [qD]
2020-06-19 14:05:48 TRACE [BasicBinder.java:64] binding parameter [109] as [INTEGER] - [860839]
2020-06-19 14:05:48 TRACE [BasicBinder.java:64] binding parameter [110] as [VARCHAR] - [kPWMmCYpYdBdFvgYbUvN]
2020-06-19 14:05:48 TRACE [BasicBinder.java:64] binding parameter [111] as [VARCHAR] - [BBOjWdrgPBHwRSj]
2020-06-19 14:05:48 TRACE [BasicBinder.java:64] binding parameter [112] as [VARCHAR] - [HoFoiBhcHYfxVkwbXXG]
2020-06-19 14:05:48 TRACE [BasicBinder.java:64] binding parameter [113] as [VARCHAR] - [Bv]
2020-06-19 14:05:48 TRACE [BasicBinder.java:64] binding parameter [114] as [VARCHAR] - [KysGhTCoVd]
2020-06-19 14:05:48 TRACE [BasicBinder.java:64] binding parameter [115] as [VARCHAR] - [V]
2020-06-19 14:05:48 TRACE [BasicBinder.java:64] binding parameter [116] as [VARCHAR] - [GGIiPCJbYcv]
2020-06-19 14:05:48 TRACE [BasicBinder.java:64] binding parameter [117] as [VARCHAR] - [RgzbTBcckGEgrRZPqtlc]
2020-06-19 14:05:48 TRACE [BasicBinder.java:64] binding parameter [118] as [VARCHAR] - [ZPzcCyolGvKrpvmkbUrF]
2020-06-19 14:05:48 TRACE [BasicBinder.java:64] binding parameter [119] as [VARCHAR] - [LlkIkqRHNFFbvIfDoaCa]
2020-06-19 14:05:48 TRACE [BasicBinder.java:64] binding parameter [120] as [VARCHAR] - [BjzxHSSyPTVemTkmUIGI]
2020-06-19 14:05:48 TRACE [BasicBinder.java:64] binding parameter [121] as [VARCHAR] - [PnFjeDKMpObUQSnsDYAh]
2020-06-19 14:05:48 TRACE [BasicBinder.java:64] binding parameter [122] as [VARCHAR] - [qg]
2020-06-19 14:05:48 TRACE [BasicBinder.java:64] binding parameter [123] as [VARCHAR] - [p]
2020-06-19 14:05:48 TRACE [BasicBinder.java:64] binding parameter [124] as [VARCHAR] - [EqkP]
2020-06-19 14:05:48 TRACE [BasicBinder.java:64] binding parameter [125] as [VARCHAR] - [mHdYvqRugcdviZibnSGf]
2020-06-19 14:05:48 TRACE [BasicBinder.java:64] binding parameter [126] as [VARCHAR] - [aSU]
2020-06-19 14:05:48 TRACE [BasicBinder.java:64] binding parameter [127] as [VARCHAR] - [Qx]
2020-06-19 14:05:48 TRACE [BasicBinder.java:64] binding parameter [128] as [VARCHAR] - [dCMryOyDeTzmbhJAIpqZ]
2020-06-19 14:05:48 TRACE [BasicBinder.java:64] binding parameter [129] as [VARCHAR] - [xzPXRVumFmYOswssGPDe]
2020-06-19 14:05:48 TRACE [BasicBinder.java:64] binding parameter [130] as [VARCHAR] - [WIRRjPseUauizNHDrLKS]
2020-06-19 14:05:48 TRACE [BasicBinder.java:64] binding parameter [131] as [VARCHAR] - [g]
2020-06-19 14:05:48 TRACE [BasicBinder.java:64] binding parameter [132] as [VARCHAR] - [bFbZophKHOSKPfbDhosJ]
2020-06-19 14:05:48 TRACE [BasicBinder.java:64] binding parameter [133] as [VARCHAR] - [WpUoLivvTDxEOCASIyyI]
2020-06-19 14:05:48 TRACE [BasicBinder.java:64] binding parameter [134] as [VARCHAR] - [cAjtsguuYYNrkgqNzxTB]
2020-06-19 14:05:48 TRACE [BasicBinder.java:64] binding parameter [135] as [VARCHAR] - [Vo]
2020-06-19 14:05:48 TRACE [BasicBinder.java:64] binding parameter [136] as [VARCHAR] - [KwmrZhaFMEgQLbnt]
2020-06-19 14:05:48 TRACE [BasicBinder.java:64] binding parameter [137] as [DOUBLE] - [3849487.7205366683]
2020-06-19 14:05:48 TRACE [BasicBinder.java:64] binding parameter [138] as [VARCHAR] - [vwUXACwz]
2020-06-19 14:05:48 TRACE [BasicBinder.java:64] binding parameter [139] as [VARCHAR] - [HkBWljzplsOgKLp]
2020-06-19 14:05:48 TRACE [BasicBinder.java:64] binding parameter [140] as [VARCHAR] - [kpqkNCrbRP]
2020-06-19 14:05:48 TRACE [BasicBinder.java:64] binding parameter [141] as [BIGINT] - [9]
2020-06-19 14:05:48 DEBUG [MockBuilder.java:94] set frtCode -> N
2020-06-19 14:05:48 DEBUG [MockBuilder.java:94] set nbDate -> 1971-04-24
2020-06-19 14:05:48 DEBUG [MockBuilder.java:94] set ohStatusCode -> S
2020-06-19 14:05:48 DEBUG [MockBuilder.java:94] set consStatusMsg -> HIsNLxKECZEKbgcrUutK
2020-06-19 14:05:48 DEBUG [MockBuilder.java:94] set orderDate -> 1991-01-30
2020-06-19 14:05:48 DEBUG [MockBuilder.java:94] set giftMessage1 -> TgAdacpuoefZwRmBtorb
2020-06-19 14:05:48 DEBUG [MockBuilder.java:94] set newStoreInd -> G
2020-06-19 14:05:48 DEBUG [MockBuilder.java:94] set onNote -> pLwRNCvtkOQRXpBvIbLO
2020-06-19 14:05:48 DEBUG [MockBuilder.java:94] set eventInfo -> WKkzoWddDLGsfnc
2020-06-19 14:05:48 DEBUG [MockBuilder.java:94] set contractUsageInd -> Z
2020-06-19 14:05:48 DEBUG [MockBuilder.java:94] set dunsNbr -> szawYlrGYphIrzl
2020-06-19 14:05:48 DEBUG [MockBuilder.java:94] set orderLoc -> TH
2020-06-19 14:05:48 DEBUG [MockBuilder.java:94] set onlineType -> h
2020-06-19 14:05:48 DEBUG [MockBuilder.java:94] set giftMessage2 -> SVqidQHsIRNJAvPyLJeN
2020-06-19 14:05:48 DEBUG [MockBuilder.java:94] set explodeFlag -> k
2020-06-19 14:05:48 DEBUG [MockBuilder.java:94] set noAsnFlag -> U
2020-06-19 14:05:48 DEBUG [MockBuilder.java:94] set errorCode -> tZk
2020-06-19 14:05:48 DEBUG [MockBuilder.java:94] set crossDockCenter -> qTIephJGcj
2020-06-19 14:05:48 DEBUG [MockBuilder.java:94] set beg -> jtOib
2020-06-19 14:05:48 DEBUG [MockBuilder.java:94] set fobPoint -> Wp
2020-06-19 14:05:48 DEBUG [MockBuilder.java:94] set orderMerCost -> 6854837.024292584
2020-06-19 14:05:48 DEBUG [MockBuilder.java:94] set hostAlertFlag -> K
2020-06-19 14:05:48 DEBUG [MockBuilder.java:94] set custDept -> bhgSh
2020-06-19 14:05:48 DEBUG [MockBuilder.java:94] set ohCancelDateValue -> 1975-10-02
2020-06-19 14:05:48 DEBUG [MockBuilder.java:94] set errorDescription -> trJGrtGZceeSytIdpljS
2020-06-19 14:05:48 DEBUG [MockBuilder.java:94] set billToState -> cY
2020-06-19 14:05:48 DEBUG [MockBuilder.java:94] set customerCode -> ds
2020-06-19 14:05:48 DEBUG [MockBuilder.java:94] set shawOrderNumber -> KLQmbS
2020-06-19 14:05:48 DEBUG [MockBuilder.java:94] set chngLid -> hLBbLfIb
2020-06-19 14:05:48 DEBUG [MockBuilder.java:94] set inputMethod -> LiEDalFkTx
2020-06-19 14:05:48 DEBUG [MockBuilder.java:94] set agreementNumber -> zBvOMxAbNRJtTSH
2020-06-19 14:05:48 DEBUG [MockBuilder.java:94] set errorTimestamp -> 1970-01-01T00:48:13
2020-06-19 14:05:48 DEBUG [MockBuilder.java:94] set custNbr -> meKRAnx
2020-06-19 14:05:48 DEBUG [MockBuilder.java:94] set billToStore -> pKMdbSmKUN
2020-06-19 14:05:48 DEBUG [MockBuilder.java:94] set bsStoreNbr -> XKLxWqqirZ
2020-06-19 14:05:48 DEBUG [MockBuilder.java:94] set chngTimestamp -> 1970-01-01T01:20:30
2020-06-19 14:05:48 DEBUG [MockBuilder.java:94] set assignedAgent -> fVaFTVCt
2020-06-19 14:05:48 DEBUG [MockBuilder.java:94] set markForStore -> fSSReOHEVZ
2020-06-19 14:05:48 DEBUG [MockBuilder.java:94] set customerRefNbr -> uZF
2020-06-19 14:05:48 DEBUG [MockBuilder.java:94] set deliveryDate -> 1991-05-21
2020-06-19 14:05:48 DEBUG [MockBuilder.java:94] set custPmtMeth -> UwVjvUjFtPGAglbOXPhN
2020-06-19 14:05:48 DEBUG [MockBuilder.java:94] set commCust -> kpyyEgp
2020-06-19 14:05:48 DEBUG [MockBuilder.java:94] set authRep -> DTTfHRtGSjOtIRkhZMAA
2020-06-19 14:05:48 DEBUG [MockBuilder.java:94] set cancelDateQualifier -> yBR
2020-06-19 14:05:48 DEBUG [MockBuilder.java:94] set customerSidemark -> ksqQZvjtaeCrnJgGDXGL
2020-06-19 14:05:48 DEBUG [MockBuilder.java:94] set delvCutOffDt -> 1995-08-05
2020-06-19 14:05:48 DEBUG [MockBuilder.java:94] set mediaEventCode -> Ep
2020-06-19 14:05:48 DEBUG [MockBuilder.java:94] set custSpInst -> KRkcjAENtwBsTJKfAODv
2020-06-19 14:05:48 DEBUG [MockBuilder.java:94] set acctContact -> NaxmypPvOuNcUYwKodDv
2020-06-19 14:05:48 DEBUG [MockBuilder.java:94] set carrierCode -> Xw
2020-06-19 14:05:48 DEBUG [MockBuilder.java:94] set divDesc -> iSgAgDDSYjgIahhnLHSA
2020-06-19 14:05:48 DEBUG [MockBuilder.java:94] set authorizationNo -> gupNEXfZLj
2020-06-19 14:05:48 DEBUG [MockBuilder.java:94] set custWhNbr -> Ttpa
2020-06-19 14:05:48 DEBUG [MockBuilder.java:94] set acknowlegeOrdInd -> I
2020-06-19 14:05:48 DEBUG [MockBuilder.java:94] set cbCutLength -> 3666593.4252642044
2020-06-19 14:05:48 DEBUG [MockBuilder.java:94] set addrKey -> 35949
2020-06-19 14:05:48 DEBUG [MockBuilder.java:94] set orderingSystem -> Fv
2020-06-19 14:05:48 DEBUG [MockBuilder.java:94] set shipPartCompInd -> n
2020-06-19 14:05:48 DEBUG [MockBuilder.java:94] set storeName -> lGKegLszjLGhovqWvFXW
2020-06-19 14:05:48 DEBUG [MockBuilder.java:94] set orderRetTotal -> 7412273.44014963
2020-06-19 14:05:48 DEBUG [MockBuilder.java:94] set srvLevel -> dE
2020-06-19 14:05:48 DEBUG [MockBuilder.java:94] set phoneNumber -> UimldiNGytZ
2020-06-19 14:05:48 DEBUG [MockBuilder.java:94] set orderRetHand -> 6545531.567783978
2020-06-19 14:05:48 DEBUG [MockBuilder.java:94] set shipPt -> QT
2020-06-19 14:05:48 DEBUG [MockBuilder.java:94] set orderType -> V
2020-06-19 14:05:48 DEBUG [MockBuilder.java:94] set termsNetDays -> Yse
2020-06-19 14:05:48 DEBUG [MockBuilder.java:94] set poControl -> yMdQi
2020-06-19 14:05:48 DEBUG [MockBuilder.java:94] set phone -> qxpKHaFfmLemRru
2020-06-19 14:05:48 DEBUG [MockBuilder.java:94] set orderRetSh -> 6570607.463180497
2020-06-19 14:05:48 DEBUG [MockBuilder.java:94] set specialInstruct1 -> nLqYVUBlATSuLKaPEErL
2020-06-19 14:05:48 DEBUG [MockBuilder.java:94] set orderTypeDesc -> BbLlQVafVQnJEHd
2020-06-19 14:05:48 DEBUG [MockBuilder.java:94] set statusCode -> C
2020-06-19 14:05:48 DEBUG [MockBuilder.java:94] set termsTypeFlag -> fB
2020-06-19 14:05:48 DEBUG [MockBuilder.java:94] set poDateValue -> 1993-08-03
2020-06-19 14:05:48 DEBUG [MockBuilder.java:94] set orderRetTax -> 9161978.066028917
2020-06-19 14:05:48 DEBUG [MockBuilder.java:94] set specialInstruct2 -> wbFuVUlSURZtHXwETQIn
2020-06-19 14:05:48 DEBUG [MockBuilder.java:94] set orderWeight -> 24747.505776844948
2020-06-19 14:05:48 DEBUG [MockBuilder.java:94] set province -> KecngsJiLVRQZsgDbaN
2020-06-19 14:05:48 DEBUG [MockBuilder.java:94] set stdCarrAlphaInd -> qZBt
2020-06-19 14:05:48 DEBUG [MockBuilder.java:94] set totalBindingFt -> 7231393.420525791
2020-06-19 14:05:48 DEBUG [MockBuilder.java:94] set poDateQualifier -> QHn
2020-06-19 14:05:48 DEBUG [MockBuilder.java:94] set shipComplete -> A
2020-06-19 14:05:48 DEBUG [MockBuilder.java:94] set specialInstruct3 -> ICAhTvFYiahqlbpphSNR
2020-06-19 14:05:48 DEBUG [MockBuilder.java:94] set shipByCutOffDt -> 1996-06-19
2020-06-19 14:05:48 DEBUG [MockBuilder.java:94] set userId -> QACCZumn
2020-06-19 14:05:48 DEBUG [MockBuilder.java:94] set name -> uHRfykzeoBeDNPYhXuxF
2020-06-19 14:05:48 DEBUG [MockBuilder.java:94] set poNumber -> WpidGLFFjiqUNlkaQBOQ
2020-06-19 14:05:48 DEBUG [MockBuilder.java:94] set country -> jTXFcmEamBJHZPOWmcX
2020-06-19 14:05:48 DEBUG [MockBuilder.java:94] set shipDateValue -> 1981-07-09
2020-06-19 14:05:48 DEBUG [MockBuilder.java:94] set shipByDate -> 1994-12-20
2020-06-19 14:05:48 DEBUG [MockBuilder.java:94] set specialInstruct4 -> TpTyUUjkYkQVrVFAxWeY
2020-06-19 14:05:48 DEBUG [MockBuilder.java:94] set vendorNo -> LopukTVFvVLKuIF
2020-06-19 14:05:48 DEBUG [MockBuilder.java:94] set poQual -> hi
2020-06-19 14:05:48 DEBUG [MockBuilder.java:94] set flag -> 109200
2020-06-19 14:05:48 DEBUG [MockBuilder.java:94] set shipDateQualifier -> ekx
2020-06-19 14:05:48 DEBUG [MockBuilder.java:94] set cnCity -> SdLCffXBoZWTNwSNYCo
2020-06-19 14:05:48 DEBUG [MockBuilder.java:94] set shipCancelDate -> 1982-07-14
2020-06-19 14:05:48 DEBUG [MockBuilder.java:94] set wcStore -> lftlQqfMTJ
2020-06-19 14:05:48 DEBUG [MockBuilder.java:94] set specialPoNo -> NxJkdAsBxAwBnIMaqbof
2020-06-19 14:05:48 DEBUG [MockBuilder.java:94] set truncFlag -> k
2020-06-19 14:05:48 DEBUG [MockBuilder.java:94] set shipInstruction -> yNgUvFnYgGCJmyUYjYJA
2020-06-19 14:05:48 DEBUG [MockBuilder.java:94] set destCode -> CJ
2020-06-19 14:05:48 DEBUG [MockBuilder.java:94] set addressLine2 -> VcKPGKnIOtSUxEQcqGrj
2020-06-19 14:05:48 DEBUG [MockBuilder.java:94] set zip -> AMlTqwTAHoo
2020-06-19 14:05:48 DEBUG [MockBuilder.java:94] set store -> upFpiyCZfH
2020-06-19 14:05:48 DEBUG [MockBuilder.java:94] set custNbr -> cBMLwhx
2020-06-19 14:05:48 DEBUG [MockBuilder.java:94] set state -> lZ
2020-06-19 14:05:48 DEBUG [MockBuilder.java:94] set addressLine1 -> LKliYWFYrHVrmUVjswrs
2020-06-19 14:05:48 DEBUG [MockBuilder.java:94] set city -> telfCOXTxgymxKSrkKr
2020-06-19 14:05:48 DEBUG [MockBuilder.java:94] set state -> Ae
2020-06-19 14:05:48 DEBUG [MockBuilder.java:94] set name -> qdMEjpqXOurnzaYynOiY
2020-06-19 14:05:48 DEBUG [MockBuilder.java:94] set cprovince -> IsEzmagIILCvuszdQdji
2020-06-19 14:05:48 DEBUG [MockBuilder.java:94] set cphone -> bMqtbCuUiIVpwKAWVeiR
2020-06-19 14:05:48 DEBUG [MockBuilder.java:94] set ccountry -> EApfxdGogdvSdScjQkHk
2020-06-19 14:05:48 DEBUG [MockBuilder.java:94] set addressLine2 -> RqZYMbIXOKucpQSvdQIf
2020-06-19 14:05:48 DEBUG [MockBuilder.java:94] set consumerShipFlg -> s
2020-06-19 14:05:48 DEBUG [MockBuilder.java:94] set zip -> FgUWVGPAa
2020-06-19 14:05:48 DEBUG [MockBuilder.java:94] set shipToAddress -> LegacyShipToAddress [addressLine1=LKliYWFYrHVrmUVjswrs, addressLine2=VcKPGKnIOtSUxEQcqGrj, city=telfCOXTxgymxKSrkKr, cnCity=SdLCffXBoZWTNwSNYCo, country=jTXFcmEamBJHZPOWmcX, custNbr=cBMLwhx, destCode=CJ, flag=109200, name=uHRfykzeoBeDNPYhXuxF, phone=qxpKHaFfmLemRru, province=KecngsJiLVRQZsgDbaN, state=lZ, store=upFpiyCZfH, truncFlag=k, zip=AMlTqwTAHoo]
2020-06-19 14:05:48 DEBUG [MockBuilder.java:94] set city -> SdxGmDmfKiZHHRgCIpj
2020-06-19 14:05:48 DEBUG [MockBuilder.java:94] set addressLine1 -> cLHvULeAkkhuHeuWVWag
2020-06-19 14:05:48 DEBUG [MockBuilder.java:94] set consumerPoDateValue -> 1985-01-19
2020-06-19 14:05:48 DEBUG [MockBuilder.java:94] set consumerAddress -> LegacyConsumerAddress [cprovince=IsEzmagIILCvuszdQdji, ccountry=EApfxdGogdvSdScjQkHk, cphone=bMqtbCuUiIVpwKAWVeiR, addressLine1=cLHvULeAkkhuHeuWVWag, addressLine2=RqZYMbIXOKucpQSvdQIf, city=SdxGmDmfKiZHHRgCIpj, name=qdMEjpqXOurnzaYynOiY, consumerPoDateValue=1985-01-19, consumerShipFlg=s, state=Ae, zip=FgUWVGPAa]
2020-06-19 14:05:48 DEBUG [MockBuilder.java:94] set billFlag -> q
2020-06-19 14:05:48 DEBUG [MockBuilder.java:94] set state -> Iu
2020-06-19 14:05:48 DEBUG [MockBuilder.java:94] set addressLine1 -> pyxUZGFRkZkyfYkdhnEF
2020-06-19 14:05:48 DEBUG [MockBuilder.java:94] set accountNbr -> CYsBMFiIRoiYehHRTneX
2020-06-19 14:05:48 DEBUG [MockBuilder.java:94] set tpcountry -> QglzrFsfEpTpxKTIjEVG
2020-06-19 14:05:48 DEBUG [MockBuilder.java:94] set city -> ePBLkKDfKkhmzBZzrVge
2020-06-19 14:05:48 DEBUG [MockBuilder.java:94] set tpprovince -> pohXmqYmGggqXrRnyxXT
2020-06-19 14:05:48 DEBUG [MockBuilder.java:94] set zip -> orUxpqntaXdwwmqF
2020-06-19 14:05:48 DEBUG [MockBuilder.java:94] set name -> kBmNSWrjkiMaPvsopLdG
2020-06-19 14:05:48 DEBUG [MockBuilder.java:94] set addressLine2 -> qoMSIZhnkVxbtJqAJoUT
2020-06-19 14:05:48 DEBUG [MockBuilder.java:94] set tpphone -> swHsYQfpycxZvDzwECSh
2020-06-19 14:05:48 DEBUG [MockBuilder.java:94] set name2 -> idBOaaeiBuOAMrXPHMtk
2020-06-19 14:05:48 DEBUG [MockBuilder.java:94] set salesCheckNumber -> MtJPIaLiIpsRnykDkJsd
2020-06-19 14:05:48 DEBUG [MockBuilder.java:94] set reserveOrderInd -> s
2020-06-19 14:05:48 DEBUG [MockBuilder.java:94] set thirdPartyAddress -> LegacyThirdPartyAddress [tpprovince=pohXmqYmGggqXrRnyxXT, tpcountry=QglzrFsfEpTpxKTIjEVG, tpphone=swHsYQfpycxZvDzwECSh, addressLine1=pyxUZGFRkZkyfYkdhnEF, addressLine2=qoMSIZhnkVxbtJqAJoUT, accountNbr=CYsBMFiIRoiYehHRTneX, billFlag=q, city=ePBLkKDfKkhmzBZzrVge, name=kBmNSWrjkiMaPvsopLdG, name2=idBOaaeiBuOAMrXPHMtk, state=Iu, zip=orUxpqntaXdwwmqF]
2020-06-19 14:05:48 DEBUG [MockBuilder.java:94] set salesReqCode -> cX
2020-06-19 14:05:48 DEBUG [MockBuilder.java:94] set returnMsg -> ZeEEhPApgkCNvZHxnIao
2020-06-19 14:05:48 DEBUG [MockBuilder.java:94] set dates -> null
2020-06-19 14:05:48 DEBUG [MockBuilder.java:94] set sellCo -> OU
2020-06-19 14:05:48 DEBUG [MockBuilder.java:94] set routeByDate -> 1977-06-17
2020-06-19 14:05:48 DEBUG [MockBuilder.java:94] set lines -> null
2020-06-19 14:05:48 DEBUG [MockBuilder.java:94] set seqNbr -> 129453
2020-06-19 14:05:48 DEBUG [MockBuilder.java:94] set poType -> xscdQ
2020-06-19 14:05:48 DEBUG [MockBuilder.java:94] set poTypeSuffix -> MvwwliCnHJ
2020-06-19 14:05:48 DEBUG [MockBuilder.java:94] set psMsg -> AZhSbTzbAwLVVSSGUgKY
2020-06-19 14:05:48 DEBUG [MockBuilder.java:94] set purchasedBy -> RQLWrnCHegiUVTRFSATo
2020-06-19 14:05:48 DEBUG [MockBuilder.java:94] set rcdCode -> Q
2020-06-19 14:05:48 DEBUG [MockBuilder.java:94] set receivedTimestamp -> 1970-01-01T02:11:59
2020-06-19 14:05:48 DEBUG [MockBuilder.java:94] set refTcNbr -> tmfseaFJadEKTHkWSteB
2020-06-19 14:05:48 DEBUG [MockHelper.java:99] EdiOrderHeader [legacyOrderNumber=null, acctContact=NaxmypPvOuNcUYwKodDv, acknowlegeOrdInd=I, addrKey=35949, agreementNumber=zBvOMxAbNRJtTSH, assignedAgent=fVaFTVCt, authRep=DTTfHRtGSjOtIRkhZMAA, authorizationNo=gupNEXfZLj, beg=jtOib, billToState=cY, billToStore=pKMdbSmKUN, bsStoreNbr=XKLxWqqirZ, cancelDateQualifier=yBR, carrierCode=Xw, cbCutLength=3666593.4252642044, chngLid=hLBbLfIb, chngTimestamp=1970-01-01T01:20:30, commCust=kpyyEgp, consStatusMsg=HIsNLxKECZEKbgcrUutK, contractUsageInd=Z, crossDockCenter=qTIephJGcj, custDept=bhgSh, custPmtMeth=UwVjvUjFtPGAglbOXPhN, custSpInst=KRkcjAENtwBsTJKfAODv, custWhNbr=Ttpa, customerCode=ds, custNbr=meKRAnx, customerRefNbr=uZF, customerSidemark=ksqQZvjtaeCrnJgGDXGL, deliveryDate=1991-05-21, delvCutOffDt=1995-08-05, divDesc=iSgAgDDSYjgIahhnLHSA, dunsNbr=szawYlrGYphIrzl, errorCode=tZk, errorDescription=trJGrtGZceeSytIdpljS, errorTimestamp=1970-01-01T00:48:13, eventInfo=WKkzoWddDLGsfnc, explodeFlag=k, fobPoint=Wp, frtCode=N, giftMessage1=TgAdacpuoefZwRmBtorb, giftMessage2=SVqidQHsIRNJAvPyLJeN, hostAlertFlag=K, inputMethod=LiEDalFkTx, markForStore=fSSReOHEVZ, mediaEventCode=Ep, nbDate=1971-04-24, newStoreInd=G, noAsnFlag=U, ohCancelDateValue=1975-10-02, ohStatusCode=S, onNote=pLwRNCvtkOQRXpBvIbLO, onlineType=h, orderDate=1991-01-30, orderLoc=01, orderMerCost=6854837.024292584, shawOrderNumber=KLQmbS, orderRetHand=6545531.567783978, orderRetSh=6570607.463180497, orderRetTax=9161978.066028917, orderRetTotal=7412273.44014963, orderType=H, orderTypeDesc=HARDSURFACES, orderWeight=24747.505776844948, orderingSystem=Fv, phoneNumber=UimldiNGytZ, poControl=yMdQi, poDateValue=1993-08-03, poDateQualifier=QHn, poNumber=WpidGLFFjiqUNlkaQBOQ, poQual=hi, poType=xscdQ, poTypeSuffix=MvwwliCnHJ, psMsg=AZhSbTzbAwLVVSSGUgKY, purchasedBy=RQLWrnCHegiUVTRFSATo, rcdCode=Q, receivedTimestamp=1970-01-01T02:11:59, refTcNbr=tmfseaFJadEKTHkWSteB, reserveOrderInd=s, returnMsg=ZeEEhPApgkCNvZHxnIao, routeByDate=1977-06-17, salesCheckNumber=MtJPIaLiIpsRnykDkJsd, salesReqCode=cX, sellCo=OU, seqNbr=129453, shipByCutOffDt=1996-06-19, shipByDate=1994-12-20, shipCancelDate=1982-07-14, shipComplete=A, shipDateValue=1981-07-09, shipDateQualifier=ekx, shipInstruction=yNgUvFnYgGCJmyUYjYJA, shipPartCompInd=n, shipPt=QT, specialInstruct1=nLqYVUBlATSuLKaPEErL, specialInstruct2=wbFuVUlSURZtHXwETQIn, specialInstruct3=ICAhTvFYiahqlbpphSNR, specialInstruct4=TpTyUUjkYkQVrVFAxWeY, specialPoNo=NxJkdAsBxAwBnIMaqbof, srvLevel=dE, statusCode=C, stdCarrAlphaInd=qZBt, storeName=lGKegLszjLGhovqWvFXW, termsNetDays=Yse, termsTypeFlag=fB, totalBindingFt=7231393.420525791, userId=QACCZumn, vendorNo=LopukTVFvVLKuIF, wcStore=lftlQqfMTJ, consumerAddress=LegacyConsumerAddress [cprovince=IsEzmagIILCvuszdQdji, ccountry=EApfxdGogdvSdScjQkHk, cphone=bMqtbCuUiIVpwKAWVeiR, addressLine1=cLHvULeAkkhuHeuWVWag, addressLine2=RqZYMbIXOKucpQSvdQIf, city=SdxGmDmfKiZHHRgCIpj, name=qdMEjpqXOurnzaYynOiY, consumerPoDateValue=1985-01-19, consumerShipFlg=s, state=Ae, zip=FgUWVGPAa], shipToAddress=LegacyShipToAddress [addressLine1=LKliYWFYrHVrmUVjswrs, addressLine2=VcKPGKnIOtSUxEQcqGrj, city=telfCOXTxgymxKSrkKr, cnCity=SdLCffXBoZWTNwSNYCo, country=jTXFcmEamBJHZPOWmcX, custNbr=cBMLwhx, destCode=CJ, flag=109200, name=uHRfykzeoBeDNPYhXuxF, phone=qxpKHaFfmLemRru, province=KecngsJiLVRQZsgDbaN, state=lZ, store=upFpiyCZfH, truncFlag=k, zip=AMlTqwTAHoo], thirdPartyAddress=LegacyThirdPartyAddress [tpprovince=pohXmqYmGggqXrRnyxXT, tpcountry=QglzrFsfEpTpxKTIjEVG, tpphone=swHsYQfpycxZvDzwECSh, addressLine1=pyxUZGFRkZkyfYkdhnEF, addressLine2=qoMSIZhnkVxbtJqAJoUT, accountNbr=CYsBMFiIRoiYehHRTneX, billFlag=q, city=ePBLkKDfKkhmzBZzrVge, name=kBmNSWrjkiMaPvsopLdG, name2=idBOaaeiBuOAMrXPHMtk, state=Iu, zip=orUxpqntaXdwwmqF], dates=null, lines=null]
Hibernate: call next value for SHXP.EDI_ORDER_NBR
Hibernate: insert into EDI_ORDER_HEADER (ACCT_CONTACT, ACKNOWLEGE_ORD_IND, ADDR_KEY, AGREEMENT_NUMBER, ASSIGNED_AGENT, AUTH_REP, AUTHORIZATION_NO, beg, BILL_TO_STATE, BILL_TO_STORE, BS_STORE_NBR, CANCEL_DATE_QUAL, CARRIER_CODE, CB_CUT_LENGTH, CHNG_LID, CHNG_TIMESTAMP, COMM_CUST, CONS_STATUS_MSG, CONSUMER_ADDRESS, CONSUMER_ADDRESS_2, CONSUMER_CITY, CONSUMER_PO_DATE, CONSUMER_SHIP_FLG, CONSUMER_NAME, CONSUMER_STATE, CONSUMER_ZIP, CONTRACT_USAGE_IND, CROSS_DOCK_CENTER, CUST_DEPT, CUSTOMER_NUMBER, CUST_PMT_METH, CUST_SP_INST, CUST_WH_NBR, CUSTOMER_CODE, CUSTOMER_REF_NBR, CUSTOMER_SIDEMARK, DELIVERY_DATE, DELV_CUT_OFF_DT, DIV_DESC, DUNS_NBR, ERROR_CODE, ERROR_DESCRIPTION, ERROR_TIMESTAMP, EVENT_INFO, EXPLODE_FLAG, FOB_POINT, FRT_CODE, GIFT_MESSAGE_1, GIFT_MESSAGE_2, HOST_ALERT_FLAG, INPUT_METHOD, MARK_FOR_STORE, MEDIA_EVENT_CODE, NB_DATE, NEW_STORE_IND, NO_ASN_FLAG, OH_CANCEL_DATE, OH_STATUS_CODE, ON_NOTE, ONLINE_TYPE, ORDER_DATE, ORDER_LOC, ORDER_MER_COST, ORDER_RET_HAND, ORDER_RET_SH, ORDER_RET_TAX, ORDER_RET_TOTAL, ORDER_TYPE, ORDER_TYPE_DESC, ORDER_WEIGHT, ORDERING_SYSTEM, PHONE_NUMBER, PO_CONTROL, PO_DATE_QUAL, PO_DATE, PO_NUMBER, PO_QUAL, PO_TYPE, PO_TYPE_SUFFIX, PS_MSG, PURCHASED_BY, RCD_CODE, RECEIVED_TIMESTAMP, REF_TC_NBR, RESERVE_ORDER_IND, RETURN_MSG, ROUTE_BY_DATE, SALES_CHECK_NUMBER, SALES_REQ_CODE, SELL_CO, SEQ_NBR, ORDER_NUMBER, SHIP_BY_CUT_OFF_DT, SHIP_BY_DATE, SHIP_CANCEL_DATE, SHIP_COMPLETE, SHIP_DATE_QUAL, SHIP_DATE, SHIP_INSTRUCTION, SHIP_PART_COMP_IND, SHIP_PT, SHIP_TO_ADDRESS_1, SHIP_TO_ADDRESS_2, SHIP_TO_CITY, SHIP_TO_CN_CITY, SHIP_TO_COUNTRY, SHIP_TO_CUST_NBR, SHIP_TO_DEST_COD, SHIP_TO_FLAG, SHIP_TO_NAME, SHIP_TO_PHONE, SHIP_TO_PROVENCE, SHIP_TO_STATE, SHIP_TO_STORE, SHIP_TO_TRUNC_FLG, SHIP_TO_ZIP, SPECIAL_INSTRUCT_1, SPECIAL_INSTRUCT_2, SPECIAL_INSTRUCT_3, SPECIAL_INSTRUCT_4, SPECIAL_PO_NO, SRV_LEVEL, STATUS_CODE, STD_CARR_ALPHA_IND, STORE_NAME, TERMS_NET_DAYS, TERMS_TYPE_FLAG, THIRD_PARTY_ACCT_NBR, THIRD_PARTY_ADDR_1, THIRD_PARTY_ADDR_2, THIRD_PARTY_BILL_FLAG, THIRD_PARTY_CITY, THIRD_PARTY_NAME, THIRD_PARTY_NAME_2, THIRD_PARTY_STATE, THIRD_PARTY_ZIP, TOTAL_BINDING_FT, USER_ID, VENDOR_NO, WC_STORE, EDI_ORDER_NUMBER) values (?, ?, ?, ?, ?, ?, ?, ?, ?, ?, ?, ?, ?, ?, ?, ?, ?, ?, ?, ?, ?, ?, ?, ?, ?, ?, ?, ?, ?, ?, ?, ?, ?, ?, ?, ?, ?, ?, ?, ?, ?, ?, ?, ?, ?, ?, ?, ?, ?, ?, ?, ?, ?, ?, ?, ?, ?, ?, ?, ?, ?, ?, ?, ?, ?, ?, ?, ?, ?, ?, ?, ?, ?, ?, ?, ?, ?, ?, ?, ?, ?, ?, ?, ?, ?, ?, ?, ?, ?, ?, ?, ?, ?, ?, ?, ?, ?, ?, ?, ?, ?, ?, ?, ?, ?, ?, ?, ?, ?, ?, ?, ?, ?, ?, ?, ?, ?, ?, ?, ?, ?, ?, ?, ?, ?, ?, ?, ?, ?, ?, ?, ?, ?, ?, ?, ?, ?, ?, ?, ?, ?)
2020-06-19 14:05:48 TRACE [BasicBinder.java:64] binding parameter [1] as [VARCHAR] - [NaxmypPvOuNcUYwKodDv]
2020-06-19 14:05:48 TRACE [BasicBinder.java:64] binding parameter [2] as [VARCHAR] - [I]
2020-06-19 14:05:48 TRACE [BasicBinder.java:64] binding parameter [3] as [INTEGER] - [35949]
2020-06-19 14:05:48 TRACE [BasicBinder.java:64] binding parameter [4] as [VARCHAR] - [zBvOMxAbNRJtTSH]
2020-06-19 14:05:48 TRACE [BasicBinder.java:64] binding parameter [5] as [VARCHAR] - [fVaFTVCt]
2020-06-19 14:05:48 TRACE [BasicBinder.java:64] binding parameter [6] as [VARCHAR] - [DTTfHRtGSjOtIRkhZMAA]
2020-06-19 14:05:48 TRACE [BasicBinder.java:64] binding parameter [7] as [VARCHAR] - [gupNEXfZLj]
2020-06-19 14:05:48 TRACE [BasicBinder.java:64] binding parameter [8] as [VARCHAR] - [jtOib]
2020-06-19 14:05:48 TRACE [BasicBinder.java:64] binding parameter [9] as [VARCHAR] - [cY]
2020-06-19 14:05:48 TRACE [BasicBinder.java:64] binding parameter [10] as [VARCHAR] - [pKMdbSmKUN]
2020-06-19 14:05:48 TRACE [BasicBinder.java:64] binding parameter [11] as [VARCHAR] - [XKLxWqqirZ]
2020-06-19 14:05:48 TRACE [BasicBinder.java:64] binding parameter [12] as [VARCHAR] - [yBR]
2020-06-19 14:05:48 TRACE [BasicBinder.java:64] binding parameter [13] as [VARCHAR] - [Xw]
2020-06-19 14:05:48 TRACE [BasicBinder.java:64] binding parameter [14] as [DOUBLE] - [3666593.4252642044]
2020-06-19 14:05:48 TRACE [BasicBinder.java:64] binding parameter [15] as [VARCHAR] - [hLBbLfIb]
2020-06-19 14:05:48 TRACE [BasicBinder.java:64] binding parameter [16] as [TIMESTAMP] - [1970-01-01T01:20:30]
2020-06-19 14:05:48 TRACE [BasicBinder.java:64] binding parameter [17] as [VARCHAR] - [kpyyEgp]
2020-06-19 14:05:48 TRACE [BasicBinder.java:64] binding parameter [18] as [VARCHAR] - [HIsNLxKECZEKbgcrUutK]
2020-06-19 14:05:48 TRACE [BasicBinder.java:64] binding parameter [19] as [VARCHAR] - [cLHvULeAkkhuHeuWVWag]
2020-06-19 14:05:48 TRACE [BasicBinder.java:64] binding parameter [20] as [VARCHAR] - [RqZYMbIXOKucpQSvdQIf]
2020-06-19 14:05:48 TRACE [BasicBinder.java:64] binding parameter [21] as [VARCHAR] - [SdxGmDmfKiZHHRgCIpj]
2020-06-19 14:05:48 TRACE [BasicBinder.java:64] binding parameter [22] as [DATE] - [1985-01-19]
2020-06-19 14:05:48 TRACE [BasicBinder.java:64] binding parameter [23] as [VARCHAR] - [s]
2020-06-19 14:05:48 TRACE [BasicBinder.java:64] binding parameter [24] as [VARCHAR] - [qdMEjpqXOurnzaYynOiY]
2020-06-19 14:05:48 TRACE [BasicBinder.java:64] binding parameter [25] as [VARCHAR] - [Ae]
2020-06-19 14:05:48 TRACE [BasicBinder.java:64] binding parameter [26] as [VARCHAR] - [FgUWVGPAa]
2020-06-19 14:05:48 TRACE [BasicBinder.java:64] binding parameter [27] as [VARCHAR] - [Z]
2020-06-19 14:05:48 TRACE [BasicBinder.java:64] binding parameter [28] as [VARCHAR] - [qTIephJGcj]
2020-06-19 14:05:48 TRACE [BasicBinder.java:64] binding parameter [29] as [VARCHAR] - [bhgSh]
2020-06-19 14:05:48 TRACE [BasicBinder.java:64] binding parameter [30] as [VARCHAR] - [meKRAnx]
2020-06-19 14:05:48 TRACE [BasicBinder.java:64] binding parameter [31] as [VARCHAR] - [UwVjvUjFtPGAglbOXPhN]
2020-06-19 14:05:48 TRACE [BasicBinder.java:64] binding parameter [32] as [VARCHAR] - [KRkcjAENtwBsTJKfAODv]
2020-06-19 14:05:48 TRACE [BasicBinder.java:64] binding parameter [33] as [VARCHAR] - [Ttpa]
2020-06-19 14:05:48 TRACE [BasicBinder.java:64] binding parameter [34] as [VARCHAR] - [ds]
2020-06-19 14:05:48 TRACE [BasicBinder.java:64] binding parameter [35] as [VARCHAR] - [uZF]
2020-06-19 14:05:48 TRACE [BasicBinder.java:64] binding parameter [36] as [VARCHAR] - [ksqQZvjtaeCrnJgGDXGL]
2020-06-19 14:05:48 TRACE [BasicBinder.java:64] binding parameter [37] as [DATE] - [1991-05-21]
2020-06-19 14:05:48 TRACE [BasicBinder.java:64] binding parameter [38] as [DATE] - [1995-08-05]
2020-06-19 14:05:48 TRACE [BasicBinder.java:64] binding parameter [39] as [VARCHAR] - [iSgAgDDSYjgIahhnLHSA]
2020-06-19 14:05:48 TRACE [BasicBinder.java:64] binding parameter [40] as [VARCHAR] - [szawYlrGYphIrzl]
2020-06-19 14:05:48 TRACE [BasicBinder.java:64] binding parameter [41] as [VARCHAR] - [tZk]
2020-06-19 14:05:48 TRACE [BasicBinder.java:64] binding parameter [42] as [VARCHAR] - [trJGrtGZceeSytIdpljS]
2020-06-19 14:05:48 TRACE [BasicBinder.java:64] binding parameter [43] as [TIMESTAMP] - [1970-01-01T00:48:13]
2020-06-19 14:05:48 TRACE [BasicBinder.java:64] binding parameter [44] as [VARCHAR] - [WKkzoWddDLGsfnc]
2020-06-19 14:05:48 TRACE [BasicBinder.java:64] binding parameter [45] as [VARCHAR] - [k]
2020-06-19 14:05:48 TRACE [BasicBinder.java:64] binding parameter [46] as [VARCHAR] - [Wp]
2020-06-19 14:05:48 TRACE [BasicBinder.java:64] binding parameter [47] as [VARCHAR] - [N]
2020-06-19 14:05:48 TRACE [BasicBinder.java:64] binding parameter [48] as [VARCHAR] - [TgAdacpuoefZwRmBtorb]
2020-06-19 14:05:48 TRACE [BasicBinder.java:64] binding parameter [49] as [VARCHAR] - [SVqidQHsIRNJAvPyLJeN]
2020-06-19 14:05:48 TRACE [BasicBinder.java:64] binding parameter [50] as [VARCHAR] - [K]
2020-06-19 14:05:48 TRACE [BasicBinder.java:64] binding parameter [51] as [VARCHAR] - [LiEDalFkTx]
2020-06-19 14:05:48 TRACE [BasicBinder.java:64] binding parameter [52] as [VARCHAR] - [fSSReOHEVZ]
2020-06-19 14:05:48 TRACE [BasicBinder.java:64] binding parameter [53] as [VARCHAR] - [Ep]
2020-06-19 14:05:48 TRACE [BasicBinder.java:64] binding parameter [54] as [DATE] - [1971-04-24]
2020-06-19 14:05:48 TRACE [BasicBinder.java:64] binding parameter [55] as [VARCHAR] - [G]
2020-06-19 14:05:48 TRACE [BasicBinder.java:64] binding parameter [56] as [VARCHAR] - [U]
2020-06-19 14:05:48 TRACE [BasicBinder.java:64] binding parameter [57] as [DATE] - [1975-10-02]
2020-06-19 14:05:48 TRACE [BasicBinder.java:64] binding parameter [58] as [VARCHAR] - [S]
2020-06-19 14:05:48 TRACE [BasicBinder.java:64] binding parameter [59] as [VARCHAR] - [pLwRNCvtkOQRXpBvIbLO]
2020-06-19 14:05:48 TRACE [BasicBinder.java:64] binding parameter [60] as [VARCHAR] - [h]
2020-06-19 14:05:48 TRACE [BasicBinder.java:64] binding parameter [61] as [DATE] - [1991-01-30]
2020-06-19 14:05:48 TRACE [BasicBinder.java:64] binding parameter [62] as [VARCHAR] - [01]
2020-06-19 14:05:48 TRACE [BasicBinder.java:64] binding parameter [63] as [DOUBLE] - [6854837.024292584]
2020-06-19 14:05:48 TRACE [BasicBinder.java:64] binding parameter [64] as [DOUBLE] - [6545531.567783978]
2020-06-19 14:05:48 TRACE [BasicBinder.java:64] binding parameter [65] as [DOUBLE] - [6570607.463180497]
2020-06-19 14:05:48 TRACE [BasicBinder.java:64] binding parameter [66] as [DOUBLE] - [9161978.066028917]
2020-06-19 14:05:48 TRACE [BasicBinder.java:64] binding parameter [67] as [DOUBLE] - [7412273.44014963]
2020-06-19 14:05:48 TRACE [BasicBinder.java:64] binding parameter [68] as [VARCHAR] - [H]
2020-06-19 14:05:48 TRACE [BasicBinder.java:64] binding parameter [69] as [VARCHAR] - [HARDSURFACES]
2020-06-19 14:05:48 TRACE [BasicBinder.java:64] binding parameter [70] as [DOUBLE] - [24747.505776844948]
2020-06-19 14:05:48 TRACE [BasicBinder.java:64] binding parameter [71] as [VARCHAR] - [Fv]
2020-06-19 14:05:48 TRACE [BasicBinder.java:64] binding parameter [72] as [VARCHAR] - [UimldiNGytZ]
2020-06-19 14:05:48 TRACE [BasicBinder.java:64] binding parameter [73] as [VARCHAR] - [yMdQi]
2020-06-19 14:05:48 TRACE [BasicBinder.java:64] binding parameter [74] as [VARCHAR] - [QHn]
2020-06-19 14:05:48 TRACE [BasicBinder.java:64] binding parameter [75] as [DATE] - [1993-08-03]
2020-06-19 14:05:48 TRACE [BasicBinder.java:64] binding parameter [76] as [VARCHAR] - [WpidGLFFjiqUNlkaQBOQ]
2020-06-19 14:05:48 TRACE [BasicBinder.java:64] binding parameter [77] as [VARCHAR] - [hi]
2020-06-19 14:05:48 TRACE [BasicBinder.java:64] binding parameter [78] as [VARCHAR] - [xscdQ]
2020-06-19 14:05:48 TRACE [BasicBinder.java:64] binding parameter [79] as [VARCHAR] - [MvwwliCnHJ]
2020-06-19 14:05:48 TRACE [BasicBinder.java:64] binding parameter [80] as [VARCHAR] - [AZhSbTzbAwLVVSSGUgKY]
2020-06-19 14:05:48 TRACE [BasicBinder.java:64] binding parameter [81] as [VARCHAR] - [RQLWrnCHegiUVTRFSATo]
2020-06-19 14:05:48 TRACE [BasicBinder.java:64] binding parameter [82] as [VARCHAR] - [Q]
2020-06-19 14:05:48 TRACE [BasicBinder.java:64] binding parameter [83] as [TIMESTAMP] - [1970-01-01T02:11:59]
2020-06-19 14:05:48 TRACE [BasicBinder.java:64] binding parameter [84] as [VARCHAR] - [tmfseaFJadEKTHkWSteB]
2020-06-19 14:05:48 TRACE [BasicBinder.java:64] binding parameter [85] as [VARCHAR] - [s]
2020-06-19 14:05:48 TRACE [BasicBinder.java:64] binding parameter [86] as [VARCHAR] - [ZeEEhPApgkCNvZHxnIao]
2020-06-19 14:05:48 TRACE [BasicBinder.java:64] binding parameter [87] as [DATE] - [1977-06-17]
2020-06-19 14:05:48 TRACE [BasicBinder.java:64] binding parameter [88] as [VARCHAR] - [MtJPIaLiIpsRnykDkJsd]
2020-06-19 14:05:48 TRACE [BasicBinder.java:64] binding parameter [89] as [VARCHAR] - [cX]
2020-06-19 14:05:48 TRACE [BasicBinder.java:64] binding parameter [90] as [VARCHAR] - [OU]
2020-06-19 14:05:48 TRACE [BasicBinder.java:64] binding parameter [91] as [INTEGER] - [129453]
2020-06-19 14:05:48 TRACE [BasicBinder.java:64] binding parameter [92] as [VARCHAR] - [KLQmbS]
2020-06-19 14:05:48 TRACE [BasicBinder.java:64] binding parameter [93] as [DATE] - [1996-06-19]
2020-06-19 14:05:48 TRACE [BasicBinder.java:64] binding parameter [94] as [DATE] - [1994-12-20]
2020-06-19 14:05:48 TRACE [BasicBinder.java:64] binding parameter [95] as [DATE] - [1982-07-14]
2020-06-19 14:05:48 TRACE [BasicBinder.java:64] binding parameter [96] as [VARCHAR] - [A]
2020-06-19 14:05:48 TRACE [BasicBinder.java:64] binding parameter [97] as [VARCHAR] - [ekx]
2020-06-19 14:05:48 TRACE [BasicBinder.java:64] binding parameter [98] as [DATE] - [1981-07-09]
2020-06-19 14:05:48 TRACE [BasicBinder.java:64] binding parameter [99] as [VARCHAR] - [yNgUvFnYgGCJmyUYjYJA]
2020-06-19 14:05:48 TRACE [BasicBinder.java:64] binding parameter [100] as [VARCHAR] - [n]
2020-06-19 14:05:48 TRACE [BasicBinder.java:64] binding parameter [101] as [VARCHAR] - [QT]
2020-06-19 14:05:48 TRACE [BasicBinder.java:64] binding parameter [102] as [VARCHAR] - [LKliYWFYrHVrmUVjswrs]
2020-06-19 14:05:48 TRACE [BasicBinder.java:64] binding parameter [103] as [VARCHAR] - [VcKPGKnIOtSUxEQcqGrj]
2020-06-19 14:05:48 TRACE [BasicBinder.java:64] binding parameter [104] as [VARCHAR] - [telfCOXTxgymxKSrkKr]
2020-06-19 14:05:48 TRACE [BasicBinder.java:64] binding parameter [105] as [VARCHAR] - [SdLCffXBoZWTNwSNYCo]
2020-06-19 14:05:48 TRACE [BasicBinder.java:64] binding parameter [106] as [VARCHAR] - [jTXFcmEamBJHZPOWmcX]
2020-06-19 14:05:48 TRACE [BasicBinder.java:64] binding parameter [107] as [VARCHAR] - [cBMLwhx]
2020-06-19 14:05:48 TRACE [BasicBinder.java:64] binding parameter [108] as [VARCHAR] - [CJ]
2020-06-19 14:05:48 TRACE [BasicBinder.java:64] binding parameter [109] as [INTEGER] - [109200]
2020-06-19 14:05:48 TRACE [BasicBinder.java:64] binding parameter [110] as [VARCHAR] - [uHRfykzeoBeDNPYhXuxF]
2020-06-19 14:05:48 TRACE [BasicBinder.java:64] binding parameter [111] as [VARCHAR] - [qxpKHaFfmLemRru]
2020-06-19 14:05:48 TRACE [BasicBinder.java:64] binding parameter [112] as [VARCHAR] - [KecngsJiLVRQZsgDbaN]
2020-06-19 14:05:48 TRACE [BasicBinder.java:64] binding parameter [113] as [VARCHAR] - [lZ]
2020-06-19 14:05:48 TRACE [BasicBinder.java:64] binding parameter [114] as [VARCHAR] - [upFpiyCZfH]
2020-06-19 14:05:48 TRACE [BasicBinder.java:64] binding parameter [115] as [VARCHAR] - [k]
2020-06-19 14:05:48 TRACE [BasicBinder.java:64] binding parameter [116] as [VARCHAR] - [AMlTqwTAHoo]
2020-06-19 14:05:48 TRACE [BasicBinder.java:64] binding parameter [117] as [VARCHAR] - [nLqYVUBlATSuLKaPEErL]
2020-06-19 14:05:48 TRACE [BasicBinder.java:64] binding parameter [118] as [VARCHAR] - [wbFuVUlSURZtHXwETQIn]
2020-06-19 14:05:48 TRACE [BasicBinder.java:64] binding parameter [119] as [VARCHAR] - [ICAhTvFYiahqlbpphSNR]
2020-06-19 14:05:48 TRACE [BasicBinder.java:64] binding parameter [120] as [VARCHAR] - [TpTyUUjkYkQVrVFAxWeY]
2020-06-19 14:05:48 TRACE [BasicBinder.java:64] binding parameter [121] as [VARCHAR] - [NxJkdAsBxAwBnIMaqbof]
2020-06-19 14:05:48 TRACE [BasicBinder.java:64] binding parameter [122] as [VARCHAR] - [dE]
2020-06-19 14:05:48 TRACE [BasicBinder.java:64] binding parameter [123] as [VARCHAR] - [C]
2020-06-19 14:05:48 TRACE [BasicBinder.java:64] binding parameter [124] as [VARCHAR] - [qZBt]
2020-06-19 14:05:48 TRACE [BasicBinder.java:64] binding parameter [125] as [VARCHAR] - [lGKegLszjLGhovqWvFXW]
2020-06-19 14:05:48 TRACE [BasicBinder.java:64] binding parameter [126] as [VARCHAR] - [Yse]
2020-06-19 14:05:48 TRACE [BasicBinder.java:64] binding parameter [127] as [VARCHAR] - [fB]
2020-06-19 14:05:48 TRACE [BasicBinder.java:64] binding parameter [128] as [VARCHAR] - [CYsBMFiIRoiYehHRTneX]
2020-06-19 14:05:48 TRACE [BasicBinder.java:64] binding parameter [129] as [VARCHAR] - [pyxUZGFRkZkyfYkdhnEF]
2020-06-19 14:05:48 TRACE [BasicBinder.java:64] binding parameter [130] as [VARCHAR] - [qoMSIZhnkVxbtJqAJoUT]
2020-06-19 14:05:48 TRACE [BasicBinder.java:64] binding parameter [131] as [VARCHAR] - [q]
2020-06-19 14:05:48 TRACE [BasicBinder.java:64] binding parameter [132] as [VARCHAR] - [ePBLkKDfKkhmzBZzrVge]
2020-06-19 14:05:48 TRACE [BasicBinder.java:64] binding parameter [133] as [VARCHAR] - [kBmNSWrjkiMaPvsopLdG]
2020-06-19 14:05:48 TRACE [BasicBinder.java:64] binding parameter [134] as [VARCHAR] - [idBOaaeiBuOAMrXPHMtk]
2020-06-19 14:05:48 TRACE [BasicBinder.java:64] binding parameter [135] as [VARCHAR] - [Iu]
2020-06-19 14:05:48 TRACE [BasicBinder.java:64] binding parameter [136] as [VARCHAR] - [orUxpqntaXdwwmqF]
2020-06-19 14:05:48 TRACE [BasicBinder.java:64] binding parameter [137] as [DOUBLE] - [7231393.420525791]
2020-06-19 14:05:48 TRACE [BasicBinder.java:64] binding parameter [138] as [VARCHAR] - [QACCZumn]
2020-06-19 14:05:48 TRACE [BasicBinder.java:64] binding parameter [139] as [VARCHAR] - [LopukTVFvVLKuIF]
2020-06-19 14:05:48 TRACE [BasicBinder.java:64] binding parameter [140] as [VARCHAR] - [lftlQqfMTJ]
2020-06-19 14:05:48 TRACE [BasicBinder.java:64] binding parameter [141] as [BIGINT] - [10]
2020-06-19 14:05:48 DEBUG [MockBuilder.java:94] set precedence -> 5451791.513025937
2020-06-19 14:05:48 DEBUG [MockBuilder.java:94] set changeTimestamp -> 1970-01-01T01:21:30
2020-06-19 14:05:48 DEBUG [MockBuilder.java:94] set createdBy -> bKVUHUzy
2020-06-19 14:05:48 DEBUG [MockBuilder.java:94] set ediOrdValidations -> null
2020-06-19 14:05:48 DEBUG [MockBuilder.java:94] set description -> phAsNtfzWJjtZrgrQViF
2020-06-19 14:05:48 DEBUG [MockBuilder.java:94] set autoCreateFlag -> c
2020-06-19 14:05:48 DEBUG [MockBuilder.java:94] set level -> Y
2020-06-19 14:05:48 DEBUG [MockBuilder.java:94] set ediReasonCode -> 198460
2020-06-19 14:05:48 DEBUG [MockBuilder.java:94] set createTimestamp -> 1970-01-01T00:02:54
2020-06-19 14:05:48 DEBUG [MockBuilder.java:94] set changedBy -> VYmmmjjD
2020-06-19 14:05:48 DEBUG [MockBuilder.java:94] set defaultAction -> p
Hibernate: select edireasonc0_.EDI_REASON_CODE as edi_reas1_6_1_, edireasonc0_.AUTO_CREATE_FLAG as auto_cre2_6_1_, edireasonc0_.CHANGE_TIMESTAMP as change_t3_6_1_, edireasonc0_.CHANGED_BY as changed_4_6_1_, edireasonc0_.CREATE_TIMESTAMP as create_t5_6_1_, edireasonc0_.CREATED_BY as created_6_6_1_, edireasonc0_.DEFAULT_ACTION as default_7_6_1_, edireasonc0_.description as descript8_6_1_, edireasonc0_.LEVEL as level9_6_1_, edireasonc0_.precedence as precede10_6_1_, ediordvali1_.edi_reason_code as edi_rea11_2_3_, ediordvali1_.EDI_ORDER_NBR as edi_orde1_2_3_, ediordvali1_.PO_LINE_NBR as po_line_2_2_3_, ediordvali1_.TIME_STAMP as time_sta3_2_3_, ediordvali1_.EDI_ORDER_NBR as edi_orde1_2_0_, ediordvali1_.PO_LINE_NBR as po_line_2_2_0_, ediordvali1_.TIME_STAMP as time_sta3_2_0_, ediordvali1_.ACTION_CODE as action_c4_2_0_, ediordvali1_.ASSIGNED_TO as assigned5_2_0_, ediordvali1_.CHANGED_BY as changed_6_2_0_, ediordvali1_.CHANGED_TIMESTAMP as changed_7_2_0_, ediordvali1_.CREATED_BY as created_8_2_0_, ediordvali1_.CREATED_TIMESTAMP as created_9_2_0_, ediordvali1_.edi_reason_code as edi_rea11_2_0_, ediordvali1_.status as status10_2_0_ from EDI_REASON_CODE edireasonc0_ left outer join EDI_ORD_VALIDATION ediordvali1_ on edireasonc0_.EDI_REASON_CODE=ediordvali1_.edi_reason_code where edireasonc0_.EDI_REASON_CODE=?
2020-06-19 14:05:48 TRACE [BasicBinder.java:64] binding parameter [1] as [INTEGER] - [63]
]]></system-out>
  </testcase>
  <testcase name="testGetDao" classname="com.shaw.ediorderservices.service.order.HardsurfacesOrderServiceTest" time="0.197">
    <failure message="Not yet implemented" type="org.opentest4j.AssertionFailedError">org.opentest4j.AssertionFailedError: Not yet implemented
	at com.shaw.ediorderservices.service.order.HardsurfacesOrderServiceTest.testGetDao(HardsurfacesOrderServiceTest.java:36)
</failure>
    <system-out><![CDATA[2020-06-19 14:05:48 DEBUG [MockBuilder.java:94] set orderingSystem -> XI
2020-06-19 14:05:48 DEBUG [MockBuilder.java:94] set inputMethod -> bqsfRUtTec
2020-06-19 14:05:48 DEBUG [MockBuilder.java:94] set nbDate -> 1991-09-17
2020-06-19 14:05:48 DEBUG [MockBuilder.java:94] set consStatusMsg -> pbjYohBepikzLRdvSVEA
2020-06-19 14:05:48 DEBUG [MockBuilder.java:94] set eventInfo -> wKvaotSTECsUQWz
2020-06-19 14:05:48 DEBUG [MockBuilder.java:94] set ohStatusCode -> I
2020-06-19 14:05:48 DEBUG [MockBuilder.java:94] set markForStore -> TABeZhBtNU
2020-06-19 14:05:48 DEBUG [MockBuilder.java:94] set newStoreInd -> A
2020-06-19 14:05:48 DEBUG [MockBuilder.java:94] set storeName -> PSnNdPnJNNOpmWuiykzt
2020-06-19 14:05:48 DEBUG [MockBuilder.java:94] set contractUsageInd -> b
2020-06-19 14:05:48 DEBUG [MockBuilder.java:94] set phoneNumber -> GDSYRhejPgD
2020-06-19 14:05:48 DEBUG [MockBuilder.java:94] set explodeFlag -> I
2020-06-19 14:05:48 DEBUG [MockBuilder.java:94] set mediaEventCode -> Kz
2020-06-19 14:05:48 DEBUG [MockBuilder.java:94] set onNote -> hxDneshUQcLFPrrrDJGj
2020-06-19 14:05:48 DEBUG [MockBuilder.java:94] set termsNetDays -> VKG
2020-06-19 14:05:48 DEBUG [MockBuilder.java:94] set noAsnFlag -> q
2020-06-19 14:05:48 DEBUG [MockBuilder.java:94] set crossDockCenter -> NJYFGNiLbV
2020-06-19 14:05:48 DEBUG [MockBuilder.java:94] set fobPoint -> Gb
2020-06-19 14:05:48 DEBUG [MockBuilder.java:94] set poControl -> drnlx
2020-06-19 14:05:48 DEBUG [MockBuilder.java:94] set onlineType -> j
2020-06-19 14:05:48 DEBUG [MockBuilder.java:94] set termsTypeFlag -> nz
2020-06-19 14:05:48 DEBUG [MockBuilder.java:94] set custDept -> VNhLi
2020-06-19 14:05:48 DEBUG [MockBuilder.java:94] set frtCode -> U
2020-06-19 14:05:48 DEBUG [MockBuilder.java:94] set poDateValue -> 1993-09-13
2020-06-19 14:05:48 DEBUG [MockBuilder.java:94] set dunsNbr -> UXOzMnrhSxzQhNA
2020-06-19 14:05:48 DEBUG [MockBuilder.java:94] set orderDate -> 1975-12-05
2020-06-19 14:05:48 DEBUG [MockBuilder.java:94] set ohCancelDateValue -> 1982-01-16
2020-06-19 14:05:48 DEBUG [MockBuilder.java:94] set chngLid -> VQuaYPkt
2020-06-19 14:05:48 DEBUG [MockBuilder.java:94] set totalBindingFt -> 2209733.973288649
2020-06-19 14:05:48 DEBUG [MockBuilder.java:94] set poDateQualifier -> NhC
2020-06-19 14:05:48 DEBUG [MockBuilder.java:94] set orderLoc -> ps
2020-06-19 14:05:48 DEBUG [MockBuilder.java:94] set errorCode -> MXx
2020-06-19 14:05:48 DEBUG [MockBuilder.java:94] set giftMessage1 -> koFaMlaBvTFFqSTPRwVT
2020-06-19 14:05:48 DEBUG [MockBuilder.java:94] set salesCheckNumber -> gWKNVUbGkgBIYzELpfge
2020-06-19 14:05:48 DEBUG [MockBuilder.java:94] set srvLevel -> dV
2020-06-19 14:05:48 DEBUG [MockBuilder.java:94] set chngTimestamp -> 1970-01-01T02:09:22
2020-06-19 14:05:48 DEBUG [MockBuilder.java:94] set poNumber -> KNCCdZMoJNwQoUIBeuHu
2020-06-19 14:05:48 DEBUG [MockBuilder.java:94] set errorDescription -> qsftfwXiuTRXpohrhNOv
2020-06-19 14:05:48 DEBUG [MockBuilder.java:94] set giftMessage2 -> KwsJSxZLKhHlnJVRHsle
2020-06-19 14:05:48 DEBUG [MockBuilder.java:94] set orderMerCost -> 9053684.196300473
2020-06-19 14:05:48 DEBUG [MockBuilder.java:94] set salesReqCode -> gX
2020-06-19 14:05:48 DEBUG [MockBuilder.java:94] set statusCode -> Z
2020-06-19 14:05:48 DEBUG [MockBuilder.java:94] set commCust -> tBbPdeY
2020-06-19 14:05:48 DEBUG [MockBuilder.java:94] set hostAlertFlag -> c
2020-06-19 14:05:48 DEBUG [MockBuilder.java:94] set poQual -> Oj
2020-06-19 14:05:48 DEBUG [MockBuilder.java:94] set sellCo -> fT
2020-06-19 14:05:48 DEBUG [MockBuilder.java:94] set errorTimestamp -> 1970-01-01T01:23:06
2020-06-19 14:05:48 DEBUG [MockBuilder.java:94] set stdCarrAlphaInd -> sXvW
2020-06-19 14:05:48 DEBUG [MockBuilder.java:94] set customerCode -> HS
2020-06-19 14:05:48 DEBUG [MockBuilder.java:94] set poType -> VYWzv
2020-06-19 14:05:48 DEBUG [MockBuilder.java:94] set shawOrderNumber -> GcZgqE
2020-06-19 14:05:48 DEBUG [MockBuilder.java:94] set orderRetTotal -> 8238643.814102325
2020-06-19 14:05:48 DEBUG [MockBuilder.java:94] set seqNbr -> 631810
2020-06-19 14:05:48 DEBUG [MockBuilder.java:94] set custNbr -> wzqjEVA
2020-06-19 14:05:48 DEBUG [MockBuilder.java:94] set deliveryDate -> 1986-02-05
2020-06-19 14:05:48 DEBUG [MockBuilder.java:94] set reserveOrderInd -> D
2020-06-19 14:05:48 DEBUG [MockBuilder.java:94] set poTypeSuffix -> HvensugORq
2020-06-19 14:05:48 DEBUG [MockBuilder.java:94] set orderType -> G
2020-06-19 14:05:48 DEBUG [MockBuilder.java:94] set shipPartCompInd -> K
2020-06-19 14:05:48 DEBUG [MockBuilder.java:94] set customerRefNbr -> Nex
2020-06-19 14:05:48 DEBUG [MockBuilder.java:94] set delvCutOffDt -> 1972-06-29
2020-06-19 14:05:48 DEBUG [MockBuilder.java:94] set returnMsg -> eYIsHFMqvgfbXfwEXmkJ
2020-06-19 14:05:48 DEBUG [MockBuilder.java:94] set orderTypeDesc -> ARGnBjNyzrfuWDM
2020-06-19 14:05:48 DEBUG [MockBuilder.java:94] set shipPt -> lW
2020-06-19 14:05:48 DEBUG [MockBuilder.java:94] set customerSidemark -> rSuWIELAUHoXomCBDecw
2020-06-19 14:05:48 DEBUG [MockBuilder.java:94] set psMsg -> JNHHtzeBsFZtwOhZMBCI
2020-06-19 14:05:48 DEBUG [MockBuilder.java:94] set divDesc -> tIMtNukWzcxVgqMcRRQH
2020-06-19 14:05:48 DEBUG [MockBuilder.java:94] set routeByDate -> 1985-07-13
2020-06-19 14:05:48 DEBUG [MockBuilder.java:94] set orderWeight -> 2104747.074980851
2020-06-19 14:05:48 DEBUG [MockBuilder.java:94] set specialInstruct1 -> YzUZSmzxGArxPLgGuYGE
2020-06-19 14:05:48 DEBUG [MockBuilder.java:94] set custPmtMeth -> tCyYwqGPFaqYTyeJpeDv
2020-06-19 14:05:48 DEBUG [MockBuilder.java:94] set shipByCutOffDt -> 1978-11-30
2020-06-19 14:05:48 DEBUG [MockBuilder.java:94] set phone -> slOZYVFjYsOlnNB
2020-06-19 14:05:48 DEBUG [MockBuilder.java:94] set specialInstruct2 -> IcdUZpMRrzmFLsjvGQOo
2020-06-19 14:05:48 DEBUG [MockBuilder.java:94] set shipComplete -> V
2020-06-19 14:05:48 DEBUG [MockBuilder.java:94] set userId -> khpEtHte
2020-06-19 14:05:48 DEBUG [MockBuilder.java:94] set shipByDate -> 1989-08-02
2020-06-19 14:05:48 DEBUG [MockBuilder.java:94] set custSpInst -> PMUogaGBQXtnFkMuOAtt
2020-06-19 14:05:48 DEBUG [MockBuilder.java:94] set specialInstruct3 -> JUApkKYGhpkVedNLTjjc
2020-06-19 14:05:48 DEBUG [MockBuilder.java:94] set orderRetHand -> 7038450.7778124325
2020-06-19 14:05:48 DEBUG [MockBuilder.java:94] set province -> iDPmzeNROeRCIRwHdQn
2020-06-19 14:05:48 DEBUG [MockBuilder.java:94] set shipDateValue -> 1974-12-18
2020-06-19 14:05:48 DEBUG [MockBuilder.java:94] set vendorNo -> DioHhwKfvDvgnFq
2020-06-19 14:05:48 DEBUG [MockBuilder.java:94] set shipCancelDate -> 1986-11-13
2020-06-19 14:05:48 DEBUG [MockBuilder.java:94] set custWhNbr -> qyNr
2020-06-19 14:05:48 DEBUG [MockBuilder.java:94] set specialInstruct4 -> FIqxWVhxBpvzWMvNPBdn
2020-06-19 14:05:48 DEBUG [MockBuilder.java:94] set shipDateQualifier -> lTw
2020-06-19 14:05:48 DEBUG [MockBuilder.java:94] set orderRetSh -> 6677300.273038649
2020-06-19 14:05:48 DEBUG [MockBuilder.java:94] set name -> tqFwWabNAyyTQrzIZjrR
2020-06-19 14:05:48 DEBUG [MockBuilder.java:94] set wcStore -> oPhPKufBui
2020-06-19 14:05:48 DEBUG [MockBuilder.java:94] set beg -> plVbS
2020-06-19 14:05:48 DEBUG [MockBuilder.java:94] set country -> ECCiUicotGDAsgZrQMH
2020-06-19 14:05:48 DEBUG [MockBuilder.java:94] set specialPoNo -> mVStSnFwVVUPsTYuzOTj
2020-06-19 14:05:48 DEBUG [MockBuilder.java:94] set shipInstruction -> yDvxXzMBlYKWkLVLFUcF
2020-06-19 14:05:48 DEBUG [MockBuilder.java:94] set orderRetTax -> 5757093.448901299
2020-06-19 14:05:48 DEBUG [MockBuilder.java:94] set billToState -> Rh
2020-06-19 14:05:48 DEBUG [MockBuilder.java:94] set flag -> 144258
2020-06-19 14:05:48 DEBUG [MockBuilder.java:94] set cnCity -> jslyiEPlWHdLvkWCtpS
2020-06-19 14:05:48 DEBUG [MockBuilder.java:94] set addressLine2 -> IoqWvMoQcjVpqispaMqm
2020-06-19 14:05:48 DEBUG [MockBuilder.java:94] set addressLine1 -> ZHcXKMXAPEnCMVwuSpHZ
2020-06-19 14:05:48 DEBUG [MockBuilder.java:94] set destCode -> vK
2020-06-19 14:05:48 DEBUG [MockBuilder.java:94] set billToStore -> tRDCUlzdVQ
2020-06-19 14:05:48 DEBUG [MockBuilder.java:94] set store -> uNnEWSXhqE
2020-06-19 14:05:48 DEBUG [MockBuilder.java:94] set name -> lTfLnREOoVFdhuuWLeFX
2020-06-19 14:05:48 DEBUG [MockBuilder.java:94] set truncFlag -> w
2020-06-19 14:05:48 DEBUG [MockBuilder.java:94] set city -> RZAMekASjcfXQTAztVe
2020-06-19 14:05:48 DEBUG [MockBuilder.java:94] set custNbr -> NuVQvwR
2020-06-19 14:05:48 DEBUG [MockBuilder.java:94] set zip -> sYdPKoWsVLE
2020-06-19 14:05:48 DEBUG [MockBuilder.java:94] set bsStoreNbr -> mQbICzlIZt
2020-06-19 14:05:48 DEBUG [MockBuilder.java:94] set state -> HU
2020-06-19 14:05:48 DEBUG [MockBuilder.java:94] set consumerPoDateValue -> 1991-04-09
2020-06-19 14:05:48 DEBUG [MockBuilder.java:94] set ccountry -> YywFmRhXssolbdaHRyvc
2020-06-19 14:05:48 DEBUG [MockBuilder.java:94] set cprovince -> ZYsZkiecNiHCNVwPIvHP
2020-06-19 14:05:48 DEBUG [MockBuilder.java:94] set cphone -> lpfkYAAUJDUAArGEtWwi
2020-06-19 14:05:48 DEBUG [MockBuilder.java:94] set addressLine2 -> fqSfDnlFPmkKHGEYIbQG
2020-06-19 14:05:48 DEBUG [MockBuilder.java:94] set cancelDateQualifier -> YmX
2020-06-19 14:05:48 DEBUG [MockBuilder.java:94] set agreementNumber -> pnERLRAppPXBpfo
2020-06-19 14:05:48 DEBUG [MockBuilder.java:94] set addressLine1 -> SHIuOCJnNhYRMsxRzIlu
2020-06-19 14:05:48 DEBUG [MockBuilder.java:94] set state -> SA
2020-06-19 14:05:48 DEBUG [MockBuilder.java:94] set acctContact -> VioUstJuRNGDFiexjstQ
2020-06-19 14:05:48 DEBUG [MockBuilder.java:94] set shipToAddress -> LegacyShipToAddress [addressLine1=ZHcXKMXAPEnCMVwuSpHZ, addressLine2=IoqWvMoQcjVpqispaMqm, city=RZAMekASjcfXQTAztVe, cnCity=jslyiEPlWHdLvkWCtpS, country=ECCiUicotGDAsgZrQMH, custNbr=NuVQvwR, destCode=vK, flag=144258, name=tqFwWabNAyyTQrzIZjrR, phone=slOZYVFjYsOlnNB, province=iDPmzeNROeRCIRwHdQn, state=HU, store=uNnEWSXhqE, truncFlag=w, zip=sYdPKoWsVLE]
2020-06-19 14:05:48 DEBUG [MockBuilder.java:94] set city -> QQFXKZguOnGpbpPMBij
2020-06-19 14:05:48 DEBUG [MockBuilder.java:94] set carrierCode -> Dv
2020-06-19 14:05:48 DEBUG [MockBuilder.java:94] set assignedAgent -> zzZntZop
2020-06-19 14:05:48 DEBUG [MockBuilder.java:94] set zip -> UNJUNhYsi
2020-06-19 14:05:48 DEBUG [MockBuilder.java:94] set consumerShipFlg -> l
2020-06-19 14:05:48 DEBUG [MockBuilder.java:94] set acknowlegeOrdInd -> g
2020-06-19 14:05:48 DEBUG [MockBuilder.java:94] set cbCutLength -> 5367311.698884853
2020-06-19 14:05:48 DEBUG [MockBuilder.java:94] set authRep -> sLVjGNhiswHfkkviUYzh
2020-06-19 14:05:48 DEBUG [MockBuilder.java:94] set addrKey -> 314080
2020-06-19 14:05:48 DEBUG [MockBuilder.java:94] set consumerAddress -> LegacyConsumerAddress [cprovince=ZYsZkiecNiHCNVwPIvHP, ccountry=YywFmRhXssolbdaHRyvc, cphone=lpfkYAAUJDUAArGEtWwi, addressLine1=SHIuOCJnNhYRMsxRzIlu, addressLine2=fqSfDnlFPmkKHGEYIbQG, city=QQFXKZguOnGpbpPMBij, name=lTfLnREOoVFdhuuWLeFX, consumerPoDateValue=1991-04-09, consumerShipFlg=l, state=SA, zip=UNJUNhYsi]
2020-06-19 14:05:48 DEBUG [MockBuilder.java:94] set addressLine1 -> NRilbtDsAQryAPmMPzAD
2020-06-19 14:05:48 DEBUG [MockBuilder.java:94] set tpprovince -> wyZUIBTTIFhBSOeoqZeF
2020-06-19 14:05:48 DEBUG [MockBuilder.java:94] set tpcountry -> kLZXJTCoLvcHhLYJhWHc
2020-06-19 14:05:48 DEBUG [MockBuilder.java:94] set authorizationNo -> AQZBRUptoa
2020-06-19 14:05:48 DEBUG [MockBuilder.java:94] set tpphone -> EBhyHSnoPEZFgmGmbuFV
2020-06-19 14:05:48 DEBUG [MockBuilder.java:94] set city -> zsvpbOfccGjPTLEWEuSM
2020-06-19 14:05:48 DEBUG [MockBuilder.java:94] set state -> Df
2020-06-19 14:05:48 DEBUG [MockBuilder.java:94] set name2 -> PgVKWcuDnzeuUOBNTcVl
2020-06-19 14:05:48 DEBUG [MockBuilder.java:94] set accountNbr -> TUlKUHFvqCzgopNlELWD
2020-06-19 14:05:48 DEBUG [MockBuilder.java:94] set addressLine2 -> qdWrfZxTHoQEtaGtqapj
2020-06-19 14:05:48 DEBUG [MockBuilder.java:94] set zip -> YPjsSyKFqDOXPoAz
2020-06-19 14:05:48 DEBUG [MockBuilder.java:94] set billFlag -> K
2020-06-19 14:05:48 DEBUG [MockBuilder.java:94] set name -> NHXBvotURnjcbXtWNtsX
2020-06-19 14:05:48 DEBUG [MockBuilder.java:94] set thirdPartyAddress -> LegacyThirdPartyAddress [tpprovince=wyZUIBTTIFhBSOeoqZeF, tpcountry=kLZXJTCoLvcHhLYJhWHc, tpphone=EBhyHSnoPEZFgmGmbuFV, addressLine1=NRilbtDsAQryAPmMPzAD, addressLine2=qdWrfZxTHoQEtaGtqapj, accountNbr=TUlKUHFvqCzgopNlELWD, billFlag=K, city=zsvpbOfccGjPTLEWEuSM, name=NHXBvotURnjcbXtWNtsX, name2=PgVKWcuDnzeuUOBNTcVl, state=Df, zip=YPjsSyKFqDOXPoAz]
2020-06-19 14:05:48 DEBUG [MockBuilder.java:94] set dates -> null
2020-06-19 14:05:48 DEBUG [MockBuilder.java:94] set purchasedBy -> hjYpxndBtdLbZxSmtjpi
2020-06-19 14:05:48 DEBUG [MockBuilder.java:94] set lines -> null
2020-06-19 14:05:48 DEBUG [MockBuilder.java:94] set rcdCode -> h
2020-06-19 14:05:48 DEBUG [MockBuilder.java:94] set receivedTimestamp -> 1970-01-01T00:37:57
2020-06-19 14:05:48 DEBUG [MockBuilder.java:94] set refTcNbr -> ksMSCBJldFDBYwFPMbON
2020-06-19 14:05:48 DEBUG [MockHelper.java:99] EdiOrderHeader [legacyOrderNumber=null, acctContact=VioUstJuRNGDFiexjstQ, acknowlegeOrdInd=g, addrKey=314080, agreementNumber=pnERLRAppPXBpfo, assignedAgent=zzZntZop, authRep=sLVjGNhiswHfkkviUYzh, authorizationNo=AQZBRUptoa, beg=plVbS, billToState=Rh, billToStore=tRDCUlzdVQ, bsStoreNbr=mQbICzlIZt, cancelDateQualifier=YmX, carrierCode=Dv, cbCutLength=5367311.698884853, chngLid=VQuaYPkt, chngTimestamp=1970-01-01T02:09:22, commCust=tBbPdeY, consStatusMsg=pbjYohBepikzLRdvSVEA, contractUsageInd=b, crossDockCenter=NJYFGNiLbV, custDept=VNhLi, custPmtMeth=tCyYwqGPFaqYTyeJpeDv, custSpInst=PMUogaGBQXtnFkMuOAtt, custWhNbr=qyNr, customerCode=HS, custNbr=wzqjEVA, customerRefNbr=Nex, customerSidemark=rSuWIELAUHoXomCBDecw, deliveryDate=1986-02-05, delvCutOffDt=1972-06-29, divDesc=tIMtNukWzcxVgqMcRRQH, dunsNbr=UXOzMnrhSxzQhNA, errorCode=MXx, errorDescription=qsftfwXiuTRXpohrhNOv, errorTimestamp=1970-01-01T01:23:06, eventInfo=wKvaotSTECsUQWz, explodeFlag=I, fobPoint=Gb, frtCode=U, giftMessage1=koFaMlaBvTFFqSTPRwVT, giftMessage2=KwsJSxZLKhHlnJVRHsle, hostAlertFlag=c, inputMethod=bqsfRUtTec, markForStore=TABeZhBtNU, mediaEventCode=Kz, nbDate=1991-09-17, newStoreInd=A, noAsnFlag=q, ohCancelDateValue=1982-01-16, ohStatusCode=I, onNote=hxDneshUQcLFPrrrDJGj, onlineType=j, orderDate=1975-12-05, orderLoc=01, orderMerCost=9053684.196300473, shawOrderNumber=GcZgqE, orderRetHand=7038450.7778124325, orderRetSh=6677300.273038649, orderRetTax=5757093.448901299, orderRetTotal=8238643.814102325, orderType=S, orderTypeDesc=SAMPLES, orderWeight=2104747.074980851, orderingSystem=XI, phoneNumber=GDSYRhejPgD, poControl=drnlx, poDateValue=1993-09-13, poDateQualifier=NhC, poNumber=KNCCdZMoJNwQoUIBeuHu, poQual=Oj, poType=VYWzv, poTypeSuffix=HvensugORq, psMsg=JNHHtzeBsFZtwOhZMBCI, purchasedBy=hjYpxndBtdLbZxSmtjpi, rcdCode=h, receivedTimestamp=1970-01-01T00:37:57, refTcNbr=ksMSCBJldFDBYwFPMbON, reserveOrderInd=D, returnMsg=eYIsHFMqvgfbXfwEXmkJ, routeByDate=1985-07-13, salesCheckNumber=gWKNVUbGkgBIYzELpfge, salesReqCode=gX, sellCo=fT, seqNbr=631810, shipByCutOffDt=1978-11-30, shipByDate=1989-08-02, shipCancelDate=1986-11-13, shipComplete=V, shipDateValue=1974-12-18, shipDateQualifier=lTw, shipInstruction=yDvxXzMBlYKWkLVLFUcF, shipPartCompInd=K, shipPt=lW, specialInstruct1=YzUZSmzxGArxPLgGuYGE, specialInstruct2=IcdUZpMRrzmFLsjvGQOo, specialInstruct3=JUApkKYGhpkVedNLTjjc, specialInstruct4=FIqxWVhxBpvzWMvNPBdn, specialPoNo=mVStSnFwVVUPsTYuzOTj, srvLevel=dV, statusCode=Z, stdCarrAlphaInd=sXvW, storeName=PSnNdPnJNNOpmWuiykzt, termsNetDays=VKG, termsTypeFlag=nz, totalBindingFt=2209733.973288649, userId=khpEtHte, vendorNo=DioHhwKfvDvgnFq, wcStore=oPhPKufBui, consumerAddress=LegacyConsumerAddress [cprovince=ZYsZkiecNiHCNVwPIvHP, ccountry=YywFmRhXssolbdaHRyvc, cphone=lpfkYAAUJDUAArGEtWwi, addressLine1=SHIuOCJnNhYRMsxRzIlu, addressLine2=fqSfDnlFPmkKHGEYIbQG, city=QQFXKZguOnGpbpPMBij, name=lTfLnREOoVFdhuuWLeFX, consumerPoDateValue=1991-04-09, consumerShipFlg=l, state=SA, zip=UNJUNhYsi], shipToAddress=LegacyShipToAddress [addressLine1=ZHcXKMXAPEnCMVwuSpHZ, addressLine2=IoqWvMoQcjVpqispaMqm, city=RZAMekASjcfXQTAztVe, cnCity=jslyiEPlWHdLvkWCtpS, country=ECCiUicotGDAsgZrQMH, custNbr=NuVQvwR, destCode=vK, flag=144258, name=tqFwWabNAyyTQrzIZjrR, phone=slOZYVFjYsOlnNB, province=iDPmzeNROeRCIRwHdQn, state=HU, store=uNnEWSXhqE, truncFlag=w, zip=sYdPKoWsVLE], thirdPartyAddress=LegacyThirdPartyAddress [tpprovince=wyZUIBTTIFhBSOeoqZeF, tpcountry=kLZXJTCoLvcHhLYJhWHc, tpphone=EBhyHSnoPEZFgmGmbuFV, addressLine1=NRilbtDsAQryAPmMPzAD, addressLine2=qdWrfZxTHoQEtaGtqapj, accountNbr=TUlKUHFvqCzgopNlELWD, billFlag=K, city=zsvpbOfccGjPTLEWEuSM, name=NHXBvotURnjcbXtWNtsX, name2=PgVKWcuDnzeuUOBNTcVl, state=Df, zip=YPjsSyKFqDOXPoAz], dates=null, lines=null]
Hibernate: call next value for SHXP.EDI_ORDER_NBR
Hibernate: insert into EDI_ORDER_HEADER (ACCT_CONTACT, ACKNOWLEGE_ORD_IND, ADDR_KEY, AGREEMENT_NUMBER, ASSIGNED_AGENT, AUTH_REP, AUTHORIZATION_NO, beg, BILL_TO_STATE, BILL_TO_STORE, BS_STORE_NBR, CANCEL_DATE_QUAL, CARRIER_CODE, CB_CUT_LENGTH, CHNG_LID, CHNG_TIMESTAMP, COMM_CUST, CONS_STATUS_MSG, CONSUMER_ADDRESS, CONSUMER_ADDRESS_2, CONSUMER_CITY, CONSUMER_PO_DATE, CONSUMER_SHIP_FLG, CONSUMER_NAME, CONSUMER_STATE, CONSUMER_ZIP, CONTRACT_USAGE_IND, CROSS_DOCK_CENTER, CUST_DEPT, CUSTOMER_NUMBER, CUST_PMT_METH, CUST_SP_INST, CUST_WH_NBR, CUSTOMER_CODE, CUSTOMER_REF_NBR, CUSTOMER_SIDEMARK, DELIVERY_DATE, DELV_CUT_OFF_DT, DIV_DESC, DUNS_NBR, ERROR_CODE, ERROR_DESCRIPTION, ERROR_TIMESTAMP, EVENT_INFO, EXPLODE_FLAG, FOB_POINT, FRT_CODE, GIFT_MESSAGE_1, GIFT_MESSAGE_2, HOST_ALERT_FLAG, INPUT_METHOD, MARK_FOR_STORE, MEDIA_EVENT_CODE, NB_DATE, NEW_STORE_IND, NO_ASN_FLAG, OH_CANCEL_DATE, OH_STATUS_CODE, ON_NOTE, ONLINE_TYPE, ORDER_DATE, ORDER_LOC, ORDER_MER_COST, ORDER_RET_HAND, ORDER_RET_SH, ORDER_RET_TAX, ORDER_RET_TOTAL, ORDER_TYPE, ORDER_TYPE_DESC, ORDER_WEIGHT, ORDERING_SYSTEM, PHONE_NUMBER, PO_CONTROL, PO_DATE_QUAL, PO_DATE, PO_NUMBER, PO_QUAL, PO_TYPE, PO_TYPE_SUFFIX, PS_MSG, PURCHASED_BY, RCD_CODE, RECEIVED_TIMESTAMP, REF_TC_NBR, RESERVE_ORDER_IND, RETURN_MSG, ROUTE_BY_DATE, SALES_CHECK_NUMBER, SALES_REQ_CODE, SELL_CO, SEQ_NBR, ORDER_NUMBER, SHIP_BY_CUT_OFF_DT, SHIP_BY_DATE, SHIP_CANCEL_DATE, SHIP_COMPLETE, SHIP_DATE_QUAL, SHIP_DATE, SHIP_INSTRUCTION, SHIP_PART_COMP_IND, SHIP_PT, SHIP_TO_ADDRESS_1, SHIP_TO_ADDRESS_2, SHIP_TO_CITY, SHIP_TO_CN_CITY, SHIP_TO_COUNTRY, SHIP_TO_CUST_NBR, SHIP_TO_DEST_COD, SHIP_TO_FLAG, SHIP_TO_NAME, SHIP_TO_PHONE, SHIP_TO_PROVENCE, SHIP_TO_STATE, SHIP_TO_STORE, SHIP_TO_TRUNC_FLG, SHIP_TO_ZIP, SPECIAL_INSTRUCT_1, SPECIAL_INSTRUCT_2, SPECIAL_INSTRUCT_3, SPECIAL_INSTRUCT_4, SPECIAL_PO_NO, SRV_LEVEL, STATUS_CODE, STD_CARR_ALPHA_IND, STORE_NAME, TERMS_NET_DAYS, TERMS_TYPE_FLAG, THIRD_PARTY_ACCT_NBR, THIRD_PARTY_ADDR_1, THIRD_PARTY_ADDR_2, THIRD_PARTY_BILL_FLAG, THIRD_PARTY_CITY, THIRD_PARTY_NAME, THIRD_PARTY_NAME_2, THIRD_PARTY_STATE, THIRD_PARTY_ZIP, TOTAL_BINDING_FT, USER_ID, VENDOR_NO, WC_STORE, EDI_ORDER_NUMBER) values (?, ?, ?, ?, ?, ?, ?, ?, ?, ?, ?, ?, ?, ?, ?, ?, ?, ?, ?, ?, ?, ?, ?, ?, ?, ?, ?, ?, ?, ?, ?, ?, ?, ?, ?, ?, ?, ?, ?, ?, ?, ?, ?, ?, ?, ?, ?, ?, ?, ?, ?, ?, ?, ?, ?, ?, ?, ?, ?, ?, ?, ?, ?, ?, ?, ?, ?, ?, ?, ?, ?, ?, ?, ?, ?, ?, ?, ?, ?, ?, ?, ?, ?, ?, ?, ?, ?, ?, ?, ?, ?, ?, ?, ?, ?, ?, ?, ?, ?, ?, ?, ?, ?, ?, ?, ?, ?, ?, ?, ?, ?, ?, ?, ?, ?, ?, ?, ?, ?, ?, ?, ?, ?, ?, ?, ?, ?, ?, ?, ?, ?, ?, ?, ?, ?, ?, ?, ?, ?, ?, ?)
2020-06-19 14:05:48 TRACE [BasicBinder.java:64] binding parameter [1] as [VARCHAR] - [VioUstJuRNGDFiexjstQ]
2020-06-19 14:05:48 TRACE [BasicBinder.java:64] binding parameter [2] as [VARCHAR] - [g]
2020-06-19 14:05:48 TRACE [BasicBinder.java:64] binding parameter [3] as [INTEGER] - [314080]
2020-06-19 14:05:48 TRACE [BasicBinder.java:64] binding parameter [4] as [VARCHAR] - [pnERLRAppPXBpfo]
2020-06-19 14:05:48 TRACE [BasicBinder.java:64] binding parameter [5] as [VARCHAR] - [zzZntZop]
2020-06-19 14:05:48 TRACE [BasicBinder.java:64] binding parameter [6] as [VARCHAR] - [sLVjGNhiswHfkkviUYzh]
2020-06-19 14:05:48 TRACE [BasicBinder.java:64] binding parameter [7] as [VARCHAR] - [AQZBRUptoa]
2020-06-19 14:05:48 TRACE [BasicBinder.java:64] binding parameter [8] as [VARCHAR] - [plVbS]
2020-06-19 14:05:48 TRACE [BasicBinder.java:64] binding parameter [9] as [VARCHAR] - [Rh]
2020-06-19 14:05:48 TRACE [BasicBinder.java:64] binding parameter [10] as [VARCHAR] - [tRDCUlzdVQ]
2020-06-19 14:05:48 TRACE [BasicBinder.java:64] binding parameter [11] as [VARCHAR] - [mQbICzlIZt]
2020-06-19 14:05:48 TRACE [BasicBinder.java:64] binding parameter [12] as [VARCHAR] - [YmX]
2020-06-19 14:05:48 TRACE [BasicBinder.java:64] binding parameter [13] as [VARCHAR] - [Dv]
2020-06-19 14:05:48 TRACE [BasicBinder.java:64] binding parameter [14] as [DOUBLE] - [5367311.698884853]
2020-06-19 14:05:48 TRACE [BasicBinder.java:64] binding parameter [15] as [VARCHAR] - [VQuaYPkt]
2020-06-19 14:05:48 TRACE [BasicBinder.java:64] binding parameter [16] as [TIMESTAMP] - [1970-01-01T02:09:22]
2020-06-19 14:05:48 TRACE [BasicBinder.java:64] binding parameter [17] as [VARCHAR] - [tBbPdeY]
2020-06-19 14:05:48 TRACE [BasicBinder.java:64] binding parameter [18] as [VARCHAR] - [pbjYohBepikzLRdvSVEA]
2020-06-19 14:05:48 TRACE [BasicBinder.java:64] binding parameter [19] as [VARCHAR] - [SHIuOCJnNhYRMsxRzIlu]
2020-06-19 14:05:48 TRACE [BasicBinder.java:64] binding parameter [20] as [VARCHAR] - [fqSfDnlFPmkKHGEYIbQG]
2020-06-19 14:05:48 TRACE [BasicBinder.java:64] binding parameter [21] as [VARCHAR] - [QQFXKZguOnGpbpPMBij]
2020-06-19 14:05:48 TRACE [BasicBinder.java:64] binding parameter [22] as [DATE] - [1991-04-09]
2020-06-19 14:05:48 TRACE [BasicBinder.java:64] binding parameter [23] as [VARCHAR] - [l]
2020-06-19 14:05:48 TRACE [BasicBinder.java:64] binding parameter [24] as [VARCHAR] - [lTfLnREOoVFdhuuWLeFX]
2020-06-19 14:05:48 TRACE [BasicBinder.java:64] binding parameter [25] as [VARCHAR] - [SA]
2020-06-19 14:05:48 TRACE [BasicBinder.java:64] binding parameter [26] as [VARCHAR] - [UNJUNhYsi]
2020-06-19 14:05:48 TRACE [BasicBinder.java:64] binding parameter [27] as [VARCHAR] - [b]
2020-06-19 14:05:48 TRACE [BasicBinder.java:64] binding parameter [28] as [VARCHAR] - [NJYFGNiLbV]
2020-06-19 14:05:48 TRACE [BasicBinder.java:64] binding parameter [29] as [VARCHAR] - [VNhLi]
2020-06-19 14:05:48 TRACE [BasicBinder.java:64] binding parameter [30] as [VARCHAR] - [wzqjEVA]
2020-06-19 14:05:48 TRACE [BasicBinder.java:64] binding parameter [31] as [VARCHAR] - [tCyYwqGPFaqYTyeJpeDv]
2020-06-19 14:05:48 TRACE [BasicBinder.java:64] binding parameter [32] as [VARCHAR] - [PMUogaGBQXtnFkMuOAtt]
2020-06-19 14:05:48 TRACE [BasicBinder.java:64] binding parameter [33] as [VARCHAR] - [qyNr]
2020-06-19 14:05:48 TRACE [BasicBinder.java:64] binding parameter [34] as [VARCHAR] - [HS]
2020-06-19 14:05:48 TRACE [BasicBinder.java:64] binding parameter [35] as [VARCHAR] - [Nex]
2020-06-19 14:05:48 TRACE [BasicBinder.java:64] binding parameter [36] as [VARCHAR] - [rSuWIELAUHoXomCBDecw]
2020-06-19 14:05:48 TRACE [BasicBinder.java:64] binding parameter [37] as [DATE] - [1986-02-05]
2020-06-19 14:05:48 TRACE [BasicBinder.java:64] binding parameter [38] as [DATE] - [1972-06-29]
2020-06-19 14:05:48 TRACE [BasicBinder.java:64] binding parameter [39] as [VARCHAR] - [tIMtNukWzcxVgqMcRRQH]
2020-06-19 14:05:48 TRACE [BasicBinder.java:64] binding parameter [40] as [VARCHAR] - [UXOzMnrhSxzQhNA]
2020-06-19 14:05:48 TRACE [BasicBinder.java:64] binding parameter [41] as [VARCHAR] - [MXx]
2020-06-19 14:05:48 TRACE [BasicBinder.java:64] binding parameter [42] as [VARCHAR] - [qsftfwXiuTRXpohrhNOv]
2020-06-19 14:05:48 TRACE [BasicBinder.java:64] binding parameter [43] as [TIMESTAMP] - [1970-01-01T01:23:06]
2020-06-19 14:05:48 TRACE [BasicBinder.java:64] binding parameter [44] as [VARCHAR] - [wKvaotSTECsUQWz]
2020-06-19 14:05:48 TRACE [BasicBinder.java:64] binding parameter [45] as [VARCHAR] - [I]
2020-06-19 14:05:48 TRACE [BasicBinder.java:64] binding parameter [46] as [VARCHAR] - [Gb]
2020-06-19 14:05:48 TRACE [BasicBinder.java:64] binding parameter [47] as [VARCHAR] - [U]
2020-06-19 14:05:48 TRACE [BasicBinder.java:64] binding parameter [48] as [VARCHAR] - [koFaMlaBvTFFqSTPRwVT]
2020-06-19 14:05:48 TRACE [BasicBinder.java:64] binding parameter [49] as [VARCHAR] - [KwsJSxZLKhHlnJVRHsle]
2020-06-19 14:05:48 TRACE [BasicBinder.java:64] binding parameter [50] as [VARCHAR] - [c]
2020-06-19 14:05:48 TRACE [BasicBinder.java:64] binding parameter [51] as [VARCHAR] - [bqsfRUtTec]
2020-06-19 14:05:48 TRACE [BasicBinder.java:64] binding parameter [52] as [VARCHAR] - [TABeZhBtNU]
2020-06-19 14:05:48 TRACE [BasicBinder.java:64] binding parameter [53] as [VARCHAR] - [Kz]
2020-06-19 14:05:48 TRACE [BasicBinder.java:64] binding parameter [54] as [DATE] - [1991-09-17]
2020-06-19 14:05:48 TRACE [BasicBinder.java:64] binding parameter [55] as [VARCHAR] - [A]
2020-06-19 14:05:48 TRACE [BasicBinder.java:64] binding parameter [56] as [VARCHAR] - [q]
2020-06-19 14:05:48 TRACE [BasicBinder.java:64] binding parameter [57] as [DATE] - [1982-01-16]
2020-06-19 14:05:48 TRACE [BasicBinder.java:64] binding parameter [58] as [VARCHAR] - [I]
2020-06-19 14:05:48 TRACE [BasicBinder.java:64] binding parameter [59] as [VARCHAR] - [hxDneshUQcLFPrrrDJGj]
2020-06-19 14:05:48 TRACE [BasicBinder.java:64] binding parameter [60] as [VARCHAR] - [j]
2020-06-19 14:05:48 TRACE [BasicBinder.java:64] binding parameter [61] as [DATE] - [1975-12-05]
2020-06-19 14:05:48 TRACE [BasicBinder.java:64] binding parameter [62] as [VARCHAR] - [01]
2020-06-19 14:05:48 TRACE [BasicBinder.java:64] binding parameter [63] as [DOUBLE] - [9053684.196300473]
2020-06-19 14:05:48 TRACE [BasicBinder.java:64] binding parameter [64] as [DOUBLE] - [7038450.7778124325]
2020-06-19 14:05:48 TRACE [BasicBinder.java:64] binding parameter [65] as [DOUBLE] - [6677300.273038649]
2020-06-19 14:05:48 TRACE [BasicBinder.java:64] binding parameter [66] as [DOUBLE] - [5757093.448901299]
2020-06-19 14:05:48 TRACE [BasicBinder.java:64] binding parameter [67] as [DOUBLE] - [8238643.814102325]
2020-06-19 14:05:48 TRACE [BasicBinder.java:64] binding parameter [68] as [VARCHAR] - [S]
2020-06-19 14:05:48 TRACE [BasicBinder.java:64] binding parameter [69] as [VARCHAR] - [SAMPLES]
2020-06-19 14:05:48 TRACE [BasicBinder.java:64] binding parameter [70] as [DOUBLE] - [2104747.074980851]
2020-06-19 14:05:48 TRACE [BasicBinder.java:64] binding parameter [71] as [VARCHAR] - [XI]
2020-06-19 14:05:48 TRACE [BasicBinder.java:64] binding parameter [72] as [VARCHAR] - [GDSYRhejPgD]
2020-06-19 14:05:48 TRACE [BasicBinder.java:64] binding parameter [73] as [VARCHAR] - [drnlx]
2020-06-19 14:05:48 TRACE [BasicBinder.java:64] binding parameter [74] as [VARCHAR] - [NhC]
2020-06-19 14:05:48 TRACE [BasicBinder.java:64] binding parameter [75] as [DATE] - [1993-09-13]
2020-06-19 14:05:48 TRACE [BasicBinder.java:64] binding parameter [76] as [VARCHAR] - [KNCCdZMoJNwQoUIBeuHu]
2020-06-19 14:05:48 TRACE [BasicBinder.java:64] binding parameter [77] as [VARCHAR] - [Oj]
2020-06-19 14:05:48 TRACE [BasicBinder.java:64] binding parameter [78] as [VARCHAR] - [VYWzv]
2020-06-19 14:05:48 TRACE [BasicBinder.java:64] binding parameter [79] as [VARCHAR] - [HvensugORq]
2020-06-19 14:05:48 TRACE [BasicBinder.java:64] binding parameter [80] as [VARCHAR] - [JNHHtzeBsFZtwOhZMBCI]
2020-06-19 14:05:48 TRACE [BasicBinder.java:64] binding parameter [81] as [VARCHAR] - [hjYpxndBtdLbZxSmtjpi]
2020-06-19 14:05:48 TRACE [BasicBinder.java:64] binding parameter [82] as [VARCHAR] - [h]
2020-06-19 14:05:48 TRACE [BasicBinder.java:64] binding parameter [83] as [TIMESTAMP] - [1970-01-01T00:37:57]
2020-06-19 14:05:48 TRACE [BasicBinder.java:64] binding parameter [84] as [VARCHAR] - [ksMSCBJldFDBYwFPMbON]
2020-06-19 14:05:48 TRACE [BasicBinder.java:64] binding parameter [85] as [VARCHAR] - [D]
2020-06-19 14:05:48 TRACE [BasicBinder.java:64] binding parameter [86] as [VARCHAR] - [eYIsHFMqvgfbXfwEXmkJ]
2020-06-19 14:05:48 TRACE [BasicBinder.java:64] binding parameter [87] as [DATE] - [1985-07-13]
2020-06-19 14:05:48 TRACE [BasicBinder.java:64] binding parameter [88] as [VARCHAR] - [gWKNVUbGkgBIYzELpfge]
2020-06-19 14:05:48 TRACE [BasicBinder.java:64] binding parameter [89] as [VARCHAR] - [gX]
2020-06-19 14:05:48 TRACE [BasicBinder.java:64] binding parameter [90] as [VARCHAR] - [fT]
2020-06-19 14:05:48 TRACE [BasicBinder.java:64] binding parameter [91] as [INTEGER] - [631810]
2020-06-19 14:05:48 TRACE [BasicBinder.java:64] binding parameter [92] as [VARCHAR] - [GcZgqE]
2020-06-19 14:05:48 TRACE [BasicBinder.java:64] binding parameter [93] as [DATE] - [1978-11-30]
2020-06-19 14:05:48 TRACE [BasicBinder.java:64] binding parameter [94] as [DATE] - [1989-08-02]
2020-06-19 14:05:48 TRACE [BasicBinder.java:64] binding parameter [95] as [DATE] - [1986-11-13]
2020-06-19 14:05:48 TRACE [BasicBinder.java:64] binding parameter [96] as [VARCHAR] - [V]
2020-06-19 14:05:48 TRACE [BasicBinder.java:64] binding parameter [97] as [VARCHAR] - [lTw]
2020-06-19 14:05:48 TRACE [BasicBinder.java:64] binding parameter [98] as [DATE] - [1974-12-18]
2020-06-19 14:05:48 TRACE [BasicBinder.java:64] binding parameter [99] as [VARCHAR] - [yDvxXzMBlYKWkLVLFUcF]
2020-06-19 14:05:48 TRACE [BasicBinder.java:64] binding parameter [100] as [VARCHAR] - [K]
2020-06-19 14:05:48 TRACE [BasicBinder.java:64] binding parameter [101] as [VARCHAR] - [lW]
2020-06-19 14:05:48 TRACE [BasicBinder.java:64] binding parameter [102] as [VARCHAR] - [ZHcXKMXAPEnCMVwuSpHZ]
2020-06-19 14:05:48 TRACE [BasicBinder.java:64] binding parameter [103] as [VARCHAR] - [IoqWvMoQcjVpqispaMqm]
2020-06-19 14:05:48 TRACE [BasicBinder.java:64] binding parameter [104] as [VARCHAR] - [RZAMekASjcfXQTAztVe]
2020-06-19 14:05:48 TRACE [BasicBinder.java:64] binding parameter [105] as [VARCHAR] - [jslyiEPlWHdLvkWCtpS]
2020-06-19 14:05:48 TRACE [BasicBinder.java:64] binding parameter [106] as [VARCHAR] - [ECCiUicotGDAsgZrQMH]
2020-06-19 14:05:48 TRACE [BasicBinder.java:64] binding parameter [107] as [VARCHAR] - [NuVQvwR]
2020-06-19 14:05:48 TRACE [BasicBinder.java:64] binding parameter [108] as [VARCHAR] - [vK]
2020-06-19 14:05:48 TRACE [BasicBinder.java:64] binding parameter [109] as [INTEGER] - [144258]
2020-06-19 14:05:48 TRACE [BasicBinder.java:64] binding parameter [110] as [VARCHAR] - [tqFwWabNAyyTQrzIZjrR]
2020-06-19 14:05:48 TRACE [BasicBinder.java:64] binding parameter [111] as [VARCHAR] - [slOZYVFjYsOlnNB]
2020-06-19 14:05:48 TRACE [BasicBinder.java:64] binding parameter [112] as [VARCHAR] - [iDPmzeNROeRCIRwHdQn]
2020-06-19 14:05:48 TRACE [BasicBinder.java:64] binding parameter [113] as [VARCHAR] - [HU]
2020-06-19 14:05:48 TRACE [BasicBinder.java:64] binding parameter [114] as [VARCHAR] - [uNnEWSXhqE]
2020-06-19 14:05:48 TRACE [BasicBinder.java:64] binding parameter [115] as [VARCHAR] - [w]
2020-06-19 14:05:48 TRACE [BasicBinder.java:64] binding parameter [116] as [VARCHAR] - [sYdPKoWsVLE]
2020-06-19 14:05:48 TRACE [BasicBinder.java:64] binding parameter [117] as [VARCHAR] - [YzUZSmzxGArxPLgGuYGE]
2020-06-19 14:05:48 TRACE [BasicBinder.java:64] binding parameter [118] as [VARCHAR] - [IcdUZpMRrzmFLsjvGQOo]
2020-06-19 14:05:48 TRACE [BasicBinder.java:64] binding parameter [119] as [VARCHAR] - [JUApkKYGhpkVedNLTjjc]
2020-06-19 14:05:48 TRACE [BasicBinder.java:64] binding parameter [120] as [VARCHAR] - [FIqxWVhxBpvzWMvNPBdn]
2020-06-19 14:05:48 TRACE [BasicBinder.java:64] binding parameter [121] as [VARCHAR] - [mVStSnFwVVUPsTYuzOTj]
2020-06-19 14:05:48 TRACE [BasicBinder.java:64] binding parameter [122] as [VARCHAR] - [dV]
2020-06-19 14:05:48 TRACE [BasicBinder.java:64] binding parameter [123] as [VARCHAR] - [Z]
2020-06-19 14:05:48 TRACE [BasicBinder.java:64] binding parameter [124] as [VARCHAR] - [sXvW]
2020-06-19 14:05:48 TRACE [BasicBinder.java:64] binding parameter [125] as [VARCHAR] - [PSnNdPnJNNOpmWuiykzt]
2020-06-19 14:05:48 TRACE [BasicBinder.java:64] binding parameter [126] as [VARCHAR] - [VKG]
2020-06-19 14:05:48 TRACE [BasicBinder.java:64] binding parameter [127] as [VARCHAR] - [nz]
2020-06-19 14:05:48 TRACE [BasicBinder.java:64] binding parameter [128] as [VARCHAR] - [TUlKUHFvqCzgopNlELWD]
2020-06-19 14:05:48 TRACE [BasicBinder.java:64] binding parameter [129] as [VARCHAR] - [NRilbtDsAQryAPmMPzAD]
2020-06-19 14:05:48 TRACE [BasicBinder.java:64] binding parameter [130] as [VARCHAR] - [qdWrfZxTHoQEtaGtqapj]
2020-06-19 14:05:48 TRACE [BasicBinder.java:64] binding parameter [131] as [VARCHAR] - [K]
2020-06-19 14:05:48 TRACE [BasicBinder.java:64] binding parameter [132] as [VARCHAR] - [zsvpbOfccGjPTLEWEuSM]
2020-06-19 14:05:48 TRACE [BasicBinder.java:64] binding parameter [133] as [VARCHAR] - [NHXBvotURnjcbXtWNtsX]
2020-06-19 14:05:48 TRACE [BasicBinder.java:64] binding parameter [134] as [VARCHAR] - [PgVKWcuDnzeuUOBNTcVl]
2020-06-19 14:05:48 TRACE [BasicBinder.java:64] binding parameter [135] as [VARCHAR] - [Df]
2020-06-19 14:05:48 TRACE [BasicBinder.java:64] binding parameter [136] as [VARCHAR] - [YPjsSyKFqDOXPoAz]
2020-06-19 14:05:48 TRACE [BasicBinder.java:64] binding parameter [137] as [DOUBLE] - [2209733.973288649]
2020-06-19 14:05:48 TRACE [BasicBinder.java:64] binding parameter [138] as [VARCHAR] - [khpEtHte]
2020-06-19 14:05:48 TRACE [BasicBinder.java:64] binding parameter [139] as [VARCHAR] - [DioHhwKfvDvgnFq]
2020-06-19 14:05:48 TRACE [BasicBinder.java:64] binding parameter [140] as [VARCHAR] - [oPhPKufBui]
2020-06-19 14:05:48 TRACE [BasicBinder.java:64] binding parameter [141] as [BIGINT] - [11]
2020-06-19 14:05:48 DEBUG [MockBuilder.java:94] set storeName -> oBYEnioUUtVvJLTNEDCF
2020-06-19 14:05:48 DEBUG [MockBuilder.java:94] set orderRetTotal -> 8250221.280477292
2020-06-19 14:05:48 DEBUG [MockBuilder.java:94] set eventInfo -> yZvyARsmtJCKQlI
2020-06-19 14:05:48 DEBUG [MockBuilder.java:94] set salesCheckNumber -> mxAuuUkiUAtPanpffvNo
2020-06-19 14:05:48 DEBUG [MockBuilder.java:94] set beg -> WTXHg
2020-06-19 14:05:48 DEBUG [MockBuilder.java:94] set termsNetDays -> whd
2020-06-19 14:05:48 DEBUG [MockBuilder.java:94] set orderingSystem -> Xu
2020-06-19 14:05:48 DEBUG [MockBuilder.java:94] set explodeFlag -> q
2020-06-19 14:05:48 DEBUG [MockBuilder.java:94] set billToState -> FV
2020-06-19 14:05:48 DEBUG [MockBuilder.java:94] set salesReqCode -> Gn
2020-06-19 14:05:48 DEBUG [MockBuilder.java:94] set consStatusMsg -> DlejITJolyRwNBkeACXK
2020-06-19 14:05:48 DEBUG [MockBuilder.java:94] set fobPoint -> Nu
2020-06-19 14:05:48 DEBUG [MockBuilder.java:94] set phoneNumber -> jpBMtlIQUyo
2020-06-19 14:05:48 DEBUG [MockBuilder.java:94] set orderType -> p
2020-06-19 14:05:48 DEBUG [MockBuilder.java:94] set billToStore -> asDdvShzio
2020-06-19 14:05:48 DEBUG [MockBuilder.java:94] set termsTypeFlag -> yM
2020-06-19 14:05:48 DEBUG [MockBuilder.java:94] set frtCode -> y
2020-06-19 14:05:48 DEBUG [MockBuilder.java:94] set contractUsageInd -> x
2020-06-19 14:05:48 DEBUG [MockBuilder.java:94] set poControl -> nlanW
2020-06-19 14:05:48 DEBUG [MockBuilder.java:94] set bsStoreNbr -> KqtKHAGbdU
2020-06-19 14:05:48 DEBUG [MockBuilder.java:94] set orderTypeDesc -> mjPGHSDMpCJWjso
2020-06-19 14:05:48 DEBUG [MockBuilder.java:94] set sellCo -> PD
2020-06-19 14:05:48 DEBUG [MockBuilder.java:94] set totalBindingFt -> 9363196.813848307
2020-06-19 14:05:48 DEBUG [MockBuilder.java:94] set crossDockCenter -> NhrObwlCop
2020-06-19 14:05:48 DEBUG [MockBuilder.java:94] set giftMessage1 -> bRvPUOerWwOdnuUydMZR
2020-06-19 14:05:48 DEBUG [MockBuilder.java:94] set cancelDateQualifier -> JLp
2020-06-19 14:05:48 DEBUG [MockBuilder.java:94] set seqNbr -> 616495
2020-06-19 14:05:48 DEBUG [MockBuilder.java:94] set poDateValue -> 1985-09-20
2020-06-19 14:05:48 DEBUG [MockBuilder.java:94] set custDept -> tZqst
2020-06-19 14:05:48 DEBUG [MockBuilder.java:94] set orderWeight -> 5347237.963689309
2020-06-19 14:05:48 DEBUG [MockBuilder.java:94] set srvLevel -> So
2020-06-19 14:05:48 DEBUG [MockBuilder.java:94] set carrierCode -> su
2020-06-19 14:05:48 DEBUG [MockBuilder.java:94] set reserveOrderInd -> s
2020-06-19 14:05:48 DEBUG [MockBuilder.java:94] set giftMessage2 -> WlcAOonnhpSXEQEQQzNt
2020-06-19 14:05:48 DEBUG [MockBuilder.java:94] set poDateQualifier -> QbS
2020-06-19 14:05:48 DEBUG [MockBuilder.java:94] set chngLid -> ZiFNWBtz
2020-06-19 14:05:48 DEBUG [MockBuilder.java:94] set orderRetHand -> 8910817.222765405
2020-06-19 14:05:48 DEBUG [MockBuilder.java:94] set statusCode -> j
2020-06-19 14:05:48 DEBUG [MockBuilder.java:94] set returnMsg -> eMSqSKYRfEfScWWohMqF
2020-06-19 14:05:48 DEBUG [MockBuilder.java:94] set hostAlertFlag -> W
2020-06-19 14:05:48 DEBUG [MockBuilder.java:94] set poNumber -> oHwVYUwYmSzShqMkzyXK
2020-06-19 14:05:48 DEBUG [MockBuilder.java:94] set chngTimestamp -> 1970-01-01T00:17:25
2020-06-19 14:05:48 DEBUG [MockBuilder.java:94] set cbCutLength -> 4569969.6471004095
2020-06-19 14:05:48 DEBUG [MockBuilder.java:94] set orderRetSh -> 5670161.951592015
2020-06-19 14:05:48 DEBUG [MockBuilder.java:94] set routeByDate -> 1991-11-28
2020-06-19 14:05:48 DEBUG [MockBuilder.java:94] set stdCarrAlphaInd -> rXWK
2020-06-19 14:05:48 DEBUG [MockBuilder.java:94] set dunsNbr -> gJDLkJHVqsEAMgL
2020-06-19 14:05:48 DEBUG [MockBuilder.java:94] set commCust -> iefeMLh
2020-06-19 14:05:48 DEBUG [MockBuilder.java:94] set poQual -> Uy
2020-06-19 14:05:48 DEBUG [MockBuilder.java:94] set agreementNumber -> XbSxbXUxadvwYmp
2020-06-19 14:05:48 DEBUG [MockBuilder.java:94] set orderRetTax -> 3220585.0748971477
2020-06-19 14:05:48 DEBUG [MockBuilder.java:94] set poType -> agXcy
2020-06-19 14:05:48 DEBUG [MockBuilder.java:94] set errorCode -> LKM
2020-06-19 14:05:48 DEBUG [MockBuilder.java:94] set ohStatusCode -> B
2020-06-19 14:05:48 DEBUG [MockBuilder.java:94] set poTypeSuffix -> ccFnWhQHts
2020-06-19 14:05:48 DEBUG [MockBuilder.java:94] set customerCode -> bK
2020-06-19 14:05:48 DEBUG [MockBuilder.java:94] set assignedAgent -> JhsObZsD
2020-06-19 14:05:48 DEBUG [MockBuilder.java:94] set errorDescription -> ByvnaohZjZXaKfOgXApp
2020-06-19 14:05:48 DEBUG [MockBuilder.java:94] set acctContact -> OZywewwXdgDCrGBDrBJf
2020-06-19 14:05:48 DEBUG [MockBuilder.java:94] set psMsg -> uLLYczkMatpvaUWysXaL
2020-06-19 14:05:48 DEBUG [MockBuilder.java:94] set phone -> DufSDdsoMPQeDzR
2020-06-19 14:05:48 DEBUG [MockBuilder.java:94] set onNote -> mOXNdnDcOwmXnxDlOPpD
2020-06-19 14:05:48 DEBUG [MockBuilder.java:94] set custNbr -> jipjOrS
2020-06-19 14:05:48 DEBUG [MockBuilder.java:94] set authRep -> ABVmIxRmKAmiFFRwCJpA
2020-06-19 14:05:48 DEBUG [MockBuilder.java:94] set errorTimestamp -> 1970-01-01T01:22:23
2020-06-19 14:05:48 DEBUG [MockBuilder.java:94] set nbDate -> 1991-04-07
2020-06-19 14:05:48 DEBUG [MockBuilder.java:94] set acknowlegeOrdInd -> N
2020-06-19 14:05:48 DEBUG [MockBuilder.java:94] set onlineType -> T
2020-06-19 14:05:48 DEBUG [MockBuilder.java:94] set province -> rqYsnGGYCbBbGnstEez
2020-06-19 14:05:48 DEBUG [MockBuilder.java:94] set authorizationNo -> DgXjOPNArG
2020-06-19 14:05:48 DEBUG [MockBuilder.java:94] set customerRefNbr -> GrR
2020-06-19 14:05:48 DEBUG [MockBuilder.java:94] set addrKey -> 249753
2020-06-19 14:05:48 DEBUG [MockBuilder.java:94] set deliveryDate -> 1984-05-15
2020-06-19 14:05:48 DEBUG [MockBuilder.java:94] set newStoreInd -> b
2020-06-19 14:05:48 DEBUG [MockBuilder.java:94] set orderDate -> 1972-04-25
2020-06-19 14:05:48 DEBUG [MockBuilder.java:94] set name -> ONFRGICCpjejyByqadCo
2020-06-19 14:05:48 DEBUG [MockBuilder.java:94] set customerSidemark -> zOBGOnrakuOnfPlgpSUz
2020-06-19 14:05:48 DEBUG [MockBuilder.java:94] set delvCutOffDt -> 1975-06-05
2020-06-19 14:05:48 DEBUG [MockBuilder.java:94] set custPmtMeth -> eFMoegQUwwlsiWRITlVy
2020-06-19 14:05:48 DEBUG [MockBuilder.java:94] set noAsnFlag -> g
2020-06-19 14:05:48 DEBUG [MockBuilder.java:94] set inputMethod -> weoKHKzDxC
2020-06-19 14:05:48 DEBUG [MockBuilder.java:94] set orderLoc -> oW
2020-06-19 14:05:48 DEBUG [MockBuilder.java:94] set divDesc -> uksteyPcaQZdueDTBCfU
2020-06-19 14:05:48 DEBUG [MockBuilder.java:94] set ohCancelDateValue -> 1992-05-28
2020-06-19 14:05:48 DEBUG [MockBuilder.java:94] set shipPartCompInd -> d
2020-06-19 14:05:48 DEBUG [MockBuilder.java:94] set markForStore -> LyPdvyfxdN
2020-06-19 14:05:48 DEBUG [MockBuilder.java:94] set flag -> 804743
2020-06-19 14:05:48 DEBUG [MockBuilder.java:94] set custSpInst -> SAoREMqWBizmbfeCkXQD
2020-06-19 14:05:48 DEBUG [MockBuilder.java:94] set orderMerCost -> 4978691.544230205
2020-06-19 14:05:48 DEBUG [MockBuilder.java:94] set shipComplete -> v
2020-06-19 14:05:48 DEBUG [MockBuilder.java:94] set shipPt -> gL
2020-06-19 14:05:48 DEBUG [MockBuilder.java:94] set shipByCutOffDt -> 1981-03-27
2020-06-19 14:05:48 DEBUG [MockBuilder.java:94] set mediaEventCode -> rc
2020-06-19 14:05:48 DEBUG [MockBuilder.java:94] set truncFlag -> K
2020-06-19 14:05:48 DEBUG [MockBuilder.java:94] set shipDateValue -> 1988-11-16
2020-06-19 14:05:48 DEBUG [MockBuilder.java:94] set custWhNbr -> ASwb
2020-06-19 14:05:48 DEBUG [MockBuilder.java:94] set specialInstruct2 -> JBDKsjeTIPhWVmuSGIwt
2020-06-19 14:05:48 DEBUG [MockBuilder.java:94] set shawOrderNumber -> akXXGv
2020-06-19 14:05:48 DEBUG [MockBuilder.java:94] set specialInstruct1 -> pmiuNDnLTakubrCjhxGx
2020-06-19 14:05:48 DEBUG [MockBuilder.java:94] set shipDateQualifier -> jBs
2020-06-19 14:05:48 DEBUG [MockBuilder.java:94] set zip -> WVJxXPMtKZL
2020-06-19 14:05:48 DEBUG [MockBuilder.java:94] set userId -> JPFDkIto
2020-06-19 14:05:48 DEBUG [MockBuilder.java:94] set specialInstruct3 -> WGlDPPlfkiXoEIzhsWTv
2020-06-19 14:05:48 DEBUG [MockBuilder.java:94] set shipByDate -> 1979-07-06
2020-06-19 14:05:48 DEBUG [MockBuilder.java:94] set country -> UNHOhjKiZZugPOEeBvS
2020-06-19 14:05:48 DEBUG [MockBuilder.java:94] set store -> KIDmvwiQUJ
2020-06-19 14:05:48 DEBUG [MockBuilder.java:94] set shipInstruction -> rqhVTylhPvXKyJOHjtDc
2020-06-19 14:05:48 DEBUG [MockBuilder.java:94] set specialInstruct4 -> YtXadQkQQCWnLEgByZeq
2020-06-19 14:05:48 DEBUG [MockBuilder.java:94] set vendorNo -> fnmluhkKaaFmtmP
2020-06-19 14:05:48 DEBUG [MockBuilder.java:94] set state -> fH
2020-06-19 14:05:48 DEBUG [MockBuilder.java:94] set shipCancelDate -> 1993-08-23
2020-06-19 14:05:48 DEBUG [MockBuilder.java:94] set cnCity -> WzieyrxsnYIFvBgEXYU
2020-06-19 14:05:48 DEBUG [MockBuilder.java:94] set addressLine2 -> yVJLSLPjdUfloZRncUxy
2020-06-19 14:05:48 DEBUG [MockBuilder.java:94] set addressLine1 -> KrmNcfDCXshcLfUyqGTX
2020-06-19 14:05:48 DEBUG [MockBuilder.java:94] set specialPoNo -> WzGnfGghFnOpNNMeDHTK
2020-06-19 14:05:48 DEBUG [MockBuilder.java:94] set wcStore -> wXHvNsDFGB
2020-06-19 14:05:48 DEBUG [MockBuilder.java:94] set destCode -> Eq
2020-06-19 14:05:48 DEBUG [MockBuilder.java:94] set custNbr -> jQIlFzt
2020-06-19 14:05:48 DEBUG [MockBuilder.java:94] set city -> owwKJtwXxAxJLIiGHvn
2020-06-19 14:05:48 DEBUG [MockBuilder.java:94] set shipToAddress -> LegacyShipToAddress [addressLine1=KrmNcfDCXshcLfUyqGTX, addressLine2=yVJLSLPjdUfloZRncUxy, city=owwKJtwXxAxJLIiGHvn, cnCity=WzieyrxsnYIFvBgEXYU, country=UNHOhjKiZZugPOEeBvS, custNbr=jQIlFzt, destCode=Eq, flag=804743, name=ONFRGICCpjejyByqadCo, phone=DufSDdsoMPQeDzR, province=rqYsnGGYCbBbGnstEez, state=fH, store=KIDmvwiQUJ, truncFlag=K, zip=WVJxXPMtKZL]
2020-06-19 14:05:48 DEBUG [MockBuilder.java:94] set cphone -> xAQPGGtKMXveALJBPNNq
2020-06-19 14:05:48 DEBUG [MockBuilder.java:94] set ccountry -> lJsQyQdGdRcpSerTydSW
2020-06-19 14:05:48 DEBUG [MockBuilder.java:94] set state -> jQ
2020-06-19 14:05:48 DEBUG [MockBuilder.java:94] set city -> vkvWGUkqrwZODFlAUqs
2020-06-19 14:05:48 DEBUG [MockBuilder.java:94] set name -> MTJaVlLBhHvqTLdosPOr
2020-06-19 14:05:48 DEBUG [MockBuilder.java:94] set consumerPoDateValue -> 1995-06-19
2020-06-19 14:05:48 DEBUG [MockBuilder.java:94] set cprovince -> JaLxZbhQTgczXZkYzjeV
2020-06-19 14:05:48 DEBUG [MockBuilder.java:94] set addressLine2 -> cYyXwtgWbkYIcFfYjKHS
2020-06-19 14:05:48 DEBUG [MockBuilder.java:94] set city -> XgmwcoLeoprJOSgdAkqG
2020-06-19 14:05:48 DEBUG [MockBuilder.java:94] set addressLine1 -> eiBIFiKLNLiYyMjGMlsE
2020-06-19 14:05:48 DEBUG [MockBuilder.java:94] set zip -> eexbDupyO
2020-06-19 14:05:48 DEBUG [MockBuilder.java:94] set addressLine1 -> rZhoXTCatWOvitregibN
2020-06-19 14:05:48 DEBUG [MockBuilder.java:94] set tpcountry -> wWXfpqbrRFBiuKJiFiLm
2020-06-19 14:05:48 DEBUG [MockBuilder.java:94] set accountNbr -> qOLYzCDQeTfzWidNRcna
2020-06-19 14:05:48 DEBUG [MockBuilder.java:94] set consumerShipFlg -> A
2020-06-19 14:05:48 DEBUG [MockBuilder.java:94] set addressLine2 -> iLovCJQUGXbcZfFxJeby
2020-06-19 14:05:48 DEBUG [MockBuilder.java:94] set name -> MwPMSpseVdhqEQrjVYgX
2020-06-19 14:05:48 DEBUG [MockBuilder.java:94] set tpphone -> obiChwEhAGExBwVpadVo
2020-06-19 14:05:48 DEBUG [MockBuilder.java:94] set state -> my
2020-06-19 14:05:48 DEBUG [MockBuilder.java:94] set name2 -> RDJMTijxoDkkoRviSlle
2020-06-19 14:05:48 DEBUG [MockBuilder.java:94] set consumerAddress -> LegacyConsumerAddress [cprovince=JaLxZbhQTgczXZkYzjeV, ccountry=lJsQyQdGdRcpSerTydSW, cphone=xAQPGGtKMXveALJBPNNq, addressLine1=eiBIFiKLNLiYyMjGMlsE, addressLine2=cYyXwtgWbkYIcFfYjKHS, city=vkvWGUkqrwZODFlAUqs, name=MTJaVlLBhHvqTLdosPOr, consumerPoDateValue=1995-06-19, consumerShipFlg=A, state=jQ, zip=eexbDupyO]
2020-06-19 14:05:48 DEBUG [MockBuilder.java:94] set billFlag -> R
2020-06-19 14:05:48 DEBUG [MockBuilder.java:94] set tpprovince -> JRGFboSlhzYtTLbHpCuj
2020-06-19 14:05:48 DEBUG [MockBuilder.java:94] set zip -> zjdthMugVPOQgUWO
2020-06-19 14:05:48 DEBUG [MockBuilder.java:94] set thirdPartyAddress -> LegacyThirdPartyAddress [tpprovince=JRGFboSlhzYtTLbHpCuj, tpcountry=wWXfpqbrRFBiuKJiFiLm, tpphone=obiChwEhAGExBwVpadVo, addressLine1=rZhoXTCatWOvitregibN, addressLine2=iLovCJQUGXbcZfFxJeby, accountNbr=qOLYzCDQeTfzWidNRcna, billFlag=R, city=XgmwcoLeoprJOSgdAkqG, name=MwPMSpseVdhqEQrjVYgX, name2=RDJMTijxoDkkoRviSlle, state=my, zip=zjdthMugVPOQgUWO]
2020-06-19 14:05:48 DEBUG [MockBuilder.java:94] set dates -> null
2020-06-19 14:05:48 DEBUG [MockBuilder.java:94] set lines -> null
2020-06-19 14:05:48 DEBUG [MockBuilder.java:94] set purchasedBy -> TbFHMBVJacxyyAOoqogi
2020-06-19 14:05:48 DEBUG [MockBuilder.java:94] set rcdCode -> a
2020-06-19 14:05:48 DEBUG [MockBuilder.java:94] set receivedTimestamp -> 1970-01-01T01:57:34
2020-06-19 14:05:48 DEBUG [MockBuilder.java:94] set refTcNbr -> XjFhrJdLzrEauJQRQBSu
2020-06-19 14:05:48 DEBUG [MockHelper.java:99] EdiOrderHeader [legacyOrderNumber=null, acctContact=OZywewwXdgDCrGBDrBJf, acknowlegeOrdInd=N, addrKey=249753, agreementNumber=XbSxbXUxadvwYmp, assignedAgent=JhsObZsD, authRep=ABVmIxRmKAmiFFRwCJpA, authorizationNo=DgXjOPNArG, beg=WTXHg, billToState=FV, billToStore=asDdvShzio, bsStoreNbr=KqtKHAGbdU, cancelDateQualifier=JLp, carrierCode=su, cbCutLength=4569969.6471004095, chngLid=ZiFNWBtz, chngTimestamp=1970-01-01T00:17:25, commCust=iefeMLh, consStatusMsg=DlejITJolyRwNBkeACXK, contractUsageInd=x, crossDockCenter=NhrObwlCop, custDept=tZqst, custPmtMeth=eFMoegQUwwlsiWRITlVy, custSpInst=SAoREMqWBizmbfeCkXQD, custWhNbr=ASwb, customerCode=bK, custNbr=jipjOrS, customerRefNbr=GrR, customerSidemark=zOBGOnrakuOnfPlgpSUz, deliveryDate=1984-05-15, delvCutOffDt=1975-06-05, divDesc=uksteyPcaQZdueDTBCfU, dunsNbr=gJDLkJHVqsEAMgL, errorCode=LKM, errorDescription=ByvnaohZjZXaKfOgXApp, errorTimestamp=1970-01-01T01:22:23, eventInfo=yZvyARsmtJCKQlI, explodeFlag=q, fobPoint=Nu, frtCode=y, giftMessage1=bRvPUOerWwOdnuUydMZR, giftMessage2=WlcAOonnhpSXEQEQQzNt, hostAlertFlag=W, inputMethod=weoKHKzDxC, markForStore=LyPdvyfxdN, mediaEventCode=rc, nbDate=1991-04-07, newStoreInd=b, noAsnFlag=g, ohCancelDateValue=1992-05-28, ohStatusCode=B, onNote=mOXNdnDcOwmXnxDlOPpD, onlineType=T, orderDate=1972-04-25, orderLoc=01, orderMerCost=4978691.544230205, shawOrderNumber=akXXGv, orderRetHand=8910817.222765405, orderRetSh=5670161.951592015, orderRetTax=3220585.0748971477, orderRetTotal=8250221.280477292, orderType=H, orderTypeDesc=HARDSURFACES, orderWeight=5347237.963689309, orderingSystem=Xu, phoneNumber=jpBMtlIQUyo, poControl=nlanW, poDateValue=1985-09-20, poDateQualifier=QbS, poNumber=oHwVYUwYmSzShqMkzyXK, poQual=Uy, poType=agXcy, poTypeSuffix=ccFnWhQHts, psMsg=uLLYczkMatpvaUWysXaL, purchasedBy=TbFHMBVJacxyyAOoqogi, rcdCode=a, receivedTimestamp=1970-01-01T01:57:34, refTcNbr=XjFhrJdLzrEauJQRQBSu, reserveOrderInd=s, returnMsg=eMSqSKYRfEfScWWohMqF, routeByDate=1991-11-28, salesCheckNumber=mxAuuUkiUAtPanpffvNo, salesReqCode=Gn, sellCo=PD, seqNbr=616495, shipByCutOffDt=1981-03-27, shipByDate=1979-07-06, shipCancelDate=1993-08-23, shipComplete=v, shipDateValue=1988-11-16, shipDateQualifier=jBs, shipInstruction=rqhVTylhPvXKyJOHjtDc, shipPartCompInd=d, shipPt=gL, specialInstruct1=pmiuNDnLTakubrCjhxGx, specialInstruct2=JBDKsjeTIPhWVmuSGIwt, specialInstruct3=WGlDPPlfkiXoEIzhsWTv, specialInstruct4=YtXadQkQQCWnLEgByZeq, specialPoNo=WzGnfGghFnOpNNMeDHTK, srvLevel=So, statusCode=j, stdCarrAlphaInd=rXWK, storeName=oBYEnioUUtVvJLTNEDCF, termsNetDays=whd, termsTypeFlag=yM, totalBindingFt=9363196.813848307, userId=JPFDkIto, vendorNo=fnmluhkKaaFmtmP, wcStore=wXHvNsDFGB, consumerAddress=LegacyConsumerAddress [cprovince=JaLxZbhQTgczXZkYzjeV, ccountry=lJsQyQdGdRcpSerTydSW, cphone=xAQPGGtKMXveALJBPNNq, addressLine1=eiBIFiKLNLiYyMjGMlsE, addressLine2=cYyXwtgWbkYIcFfYjKHS, city=vkvWGUkqrwZODFlAUqs, name=MTJaVlLBhHvqTLdosPOr, consumerPoDateValue=1995-06-19, consumerShipFlg=A, state=jQ, zip=eexbDupyO], shipToAddress=LegacyShipToAddress [addressLine1=KrmNcfDCXshcLfUyqGTX, addressLine2=yVJLSLPjdUfloZRncUxy, city=owwKJtwXxAxJLIiGHvn, cnCity=WzieyrxsnYIFvBgEXYU, country=UNHOhjKiZZugPOEeBvS, custNbr=jQIlFzt, destCode=Eq, flag=804743, name=ONFRGICCpjejyByqadCo, phone=DufSDdsoMPQeDzR, province=rqYsnGGYCbBbGnstEez, state=fH, store=KIDmvwiQUJ, truncFlag=K, zip=WVJxXPMtKZL], thirdPartyAddress=LegacyThirdPartyAddress [tpprovince=JRGFboSlhzYtTLbHpCuj, tpcountry=wWXfpqbrRFBiuKJiFiLm, tpphone=obiChwEhAGExBwVpadVo, addressLine1=rZhoXTCatWOvitregibN, addressLine2=iLovCJQUGXbcZfFxJeby, accountNbr=qOLYzCDQeTfzWidNRcna, billFlag=R, city=XgmwcoLeoprJOSgdAkqG, name=MwPMSpseVdhqEQrjVYgX, name2=RDJMTijxoDkkoRviSlle, state=my, zip=zjdthMugVPOQgUWO], dates=null, lines=null]
Hibernate: call next value for SHXP.EDI_ORDER_NBR
Hibernate: insert into EDI_ORDER_HEADER (ACCT_CONTACT, ACKNOWLEGE_ORD_IND, ADDR_KEY, AGREEMENT_NUMBER, ASSIGNED_AGENT, AUTH_REP, AUTHORIZATION_NO, beg, BILL_TO_STATE, BILL_TO_STORE, BS_STORE_NBR, CANCEL_DATE_QUAL, CARRIER_CODE, CB_CUT_LENGTH, CHNG_LID, CHNG_TIMESTAMP, COMM_CUST, CONS_STATUS_MSG, CONSUMER_ADDRESS, CONSUMER_ADDRESS_2, CONSUMER_CITY, CONSUMER_PO_DATE, CONSUMER_SHIP_FLG, CONSUMER_NAME, CONSUMER_STATE, CONSUMER_ZIP, CONTRACT_USAGE_IND, CROSS_DOCK_CENTER, CUST_DEPT, CUSTOMER_NUMBER, CUST_PMT_METH, CUST_SP_INST, CUST_WH_NBR, CUSTOMER_CODE, CUSTOMER_REF_NBR, CUSTOMER_SIDEMARK, DELIVERY_DATE, DELV_CUT_OFF_DT, DIV_DESC, DUNS_NBR, ERROR_CODE, ERROR_DESCRIPTION, ERROR_TIMESTAMP, EVENT_INFO, EXPLODE_FLAG, FOB_POINT, FRT_CODE, GIFT_MESSAGE_1, GIFT_MESSAGE_2, HOST_ALERT_FLAG, INPUT_METHOD, MARK_FOR_STORE, MEDIA_EVENT_CODE, NB_DATE, NEW_STORE_IND, NO_ASN_FLAG, OH_CANCEL_DATE, OH_STATUS_CODE, ON_NOTE, ONLINE_TYPE, ORDER_DATE, ORDER_LOC, ORDER_MER_COST, ORDER_RET_HAND, ORDER_RET_SH, ORDER_RET_TAX, ORDER_RET_TOTAL, ORDER_TYPE, ORDER_TYPE_DESC, ORDER_WEIGHT, ORDERING_SYSTEM, PHONE_NUMBER, PO_CONTROL, PO_DATE_QUAL, PO_DATE, PO_NUMBER, PO_QUAL, PO_TYPE, PO_TYPE_SUFFIX, PS_MSG, PURCHASED_BY, RCD_CODE, RECEIVED_TIMESTAMP, REF_TC_NBR, RESERVE_ORDER_IND, RETURN_MSG, ROUTE_BY_DATE, SALES_CHECK_NUMBER, SALES_REQ_CODE, SELL_CO, SEQ_NBR, ORDER_NUMBER, SHIP_BY_CUT_OFF_DT, SHIP_BY_DATE, SHIP_CANCEL_DATE, SHIP_COMPLETE, SHIP_DATE_QUAL, SHIP_DATE, SHIP_INSTRUCTION, SHIP_PART_COMP_IND, SHIP_PT, SHIP_TO_ADDRESS_1, SHIP_TO_ADDRESS_2, SHIP_TO_CITY, SHIP_TO_CN_CITY, SHIP_TO_COUNTRY, SHIP_TO_CUST_NBR, SHIP_TO_DEST_COD, SHIP_TO_FLAG, SHIP_TO_NAME, SHIP_TO_PHONE, SHIP_TO_PROVENCE, SHIP_TO_STATE, SHIP_TO_STORE, SHIP_TO_TRUNC_FLG, SHIP_TO_ZIP, SPECIAL_INSTRUCT_1, SPECIAL_INSTRUCT_2, SPECIAL_INSTRUCT_3, SPECIAL_INSTRUCT_4, SPECIAL_PO_NO, SRV_LEVEL, STATUS_CODE, STD_CARR_ALPHA_IND, STORE_NAME, TERMS_NET_DAYS, TERMS_TYPE_FLAG, THIRD_PARTY_ACCT_NBR, THIRD_PARTY_ADDR_1, THIRD_PARTY_ADDR_2, THIRD_PARTY_BILL_FLAG, THIRD_PARTY_CITY, THIRD_PARTY_NAME, THIRD_PARTY_NAME_2, THIRD_PARTY_STATE, THIRD_PARTY_ZIP, TOTAL_BINDING_FT, USER_ID, VENDOR_NO, WC_STORE, EDI_ORDER_NUMBER) values (?, ?, ?, ?, ?, ?, ?, ?, ?, ?, ?, ?, ?, ?, ?, ?, ?, ?, ?, ?, ?, ?, ?, ?, ?, ?, ?, ?, ?, ?, ?, ?, ?, ?, ?, ?, ?, ?, ?, ?, ?, ?, ?, ?, ?, ?, ?, ?, ?, ?, ?, ?, ?, ?, ?, ?, ?, ?, ?, ?, ?, ?, ?, ?, ?, ?, ?, ?, ?, ?, ?, ?, ?, ?, ?, ?, ?, ?, ?, ?, ?, ?, ?, ?, ?, ?, ?, ?, ?, ?, ?, ?, ?, ?, ?, ?, ?, ?, ?, ?, ?, ?, ?, ?, ?, ?, ?, ?, ?, ?, ?, ?, ?, ?, ?, ?, ?, ?, ?, ?, ?, ?, ?, ?, ?, ?, ?, ?, ?, ?, ?, ?, ?, ?, ?, ?, ?, ?, ?, ?, ?)
2020-06-19 14:05:48 TRACE [BasicBinder.java:64] binding parameter [1] as [VARCHAR] - [OZywewwXdgDCrGBDrBJf]
2020-06-19 14:05:48 TRACE [BasicBinder.java:64] binding parameter [2] as [VARCHAR] - [N]
2020-06-19 14:05:48 TRACE [BasicBinder.java:64] binding parameter [3] as [INTEGER] - [249753]
2020-06-19 14:05:48 TRACE [BasicBinder.java:64] binding parameter [4] as [VARCHAR] - [XbSxbXUxadvwYmp]
2020-06-19 14:05:48 TRACE [BasicBinder.java:64] binding parameter [5] as [VARCHAR] - [JhsObZsD]
2020-06-19 14:05:48 TRACE [BasicBinder.java:64] binding parameter [6] as [VARCHAR] - [ABVmIxRmKAmiFFRwCJpA]
2020-06-19 14:05:48 TRACE [BasicBinder.java:64] binding parameter [7] as [VARCHAR] - [DgXjOPNArG]
2020-06-19 14:05:48 TRACE [BasicBinder.java:64] binding parameter [8] as [VARCHAR] - [WTXHg]
2020-06-19 14:05:48 TRACE [BasicBinder.java:64] binding parameter [9] as [VARCHAR] - [FV]
2020-06-19 14:05:48 TRACE [BasicBinder.java:64] binding parameter [10] as [VARCHAR] - [asDdvShzio]
2020-06-19 14:05:48 TRACE [BasicBinder.java:64] binding parameter [11] as [VARCHAR] - [KqtKHAGbdU]
2020-06-19 14:05:48 TRACE [BasicBinder.java:64] binding parameter [12] as [VARCHAR] - [JLp]
2020-06-19 14:05:48 TRACE [BasicBinder.java:64] binding parameter [13] as [VARCHAR] - [su]
2020-06-19 14:05:48 TRACE [BasicBinder.java:64] binding parameter [14] as [DOUBLE] - [4569969.6471004095]
2020-06-19 14:05:48 TRACE [BasicBinder.java:64] binding parameter [15] as [VARCHAR] - [ZiFNWBtz]
2020-06-19 14:05:48 TRACE [BasicBinder.java:64] binding parameter [16] as [TIMESTAMP] - [1970-01-01T00:17:25]
2020-06-19 14:05:48 TRACE [BasicBinder.java:64] binding parameter [17] as [VARCHAR] - [iefeMLh]
2020-06-19 14:05:48 TRACE [BasicBinder.java:64] binding parameter [18] as [VARCHAR] - [DlejITJolyRwNBkeACXK]
2020-06-19 14:05:48 TRACE [BasicBinder.java:64] binding parameter [19] as [VARCHAR] - [eiBIFiKLNLiYyMjGMlsE]
2020-06-19 14:05:48 TRACE [BasicBinder.java:64] binding parameter [20] as [VARCHAR] - [cYyXwtgWbkYIcFfYjKHS]
2020-06-19 14:05:48 TRACE [BasicBinder.java:64] binding parameter [21] as [VARCHAR] - [vkvWGUkqrwZODFlAUqs]
2020-06-19 14:05:48 TRACE [BasicBinder.java:64] binding parameter [22] as [DATE] - [1995-06-19]
2020-06-19 14:05:48 TRACE [BasicBinder.java:64] binding parameter [23] as [VARCHAR] - [A]
2020-06-19 14:05:48 TRACE [BasicBinder.java:64] binding parameter [24] as [VARCHAR] - [MTJaVlLBhHvqTLdosPOr]
2020-06-19 14:05:48 TRACE [BasicBinder.java:64] binding parameter [25] as [VARCHAR] - [jQ]
2020-06-19 14:05:48 TRACE [BasicBinder.java:64] binding parameter [26] as [VARCHAR] - [eexbDupyO]
2020-06-19 14:05:48 TRACE [BasicBinder.java:64] binding parameter [27] as [VARCHAR] - [x]
2020-06-19 14:05:48 TRACE [BasicBinder.java:64] binding parameter [28] as [VARCHAR] - [NhrObwlCop]
2020-06-19 14:05:48 TRACE [BasicBinder.java:64] binding parameter [29] as [VARCHAR] - [tZqst]
2020-06-19 14:05:48 TRACE [BasicBinder.java:64] binding parameter [30] as [VARCHAR] - [jipjOrS]
2020-06-19 14:05:48 TRACE [BasicBinder.java:64] binding parameter [31] as [VARCHAR] - [eFMoegQUwwlsiWRITlVy]
2020-06-19 14:05:48 TRACE [BasicBinder.java:64] binding parameter [32] as [VARCHAR] - [SAoREMqWBizmbfeCkXQD]
2020-06-19 14:05:48 TRACE [BasicBinder.java:64] binding parameter [33] as [VARCHAR] - [ASwb]
2020-06-19 14:05:48 TRACE [BasicBinder.java:64] binding parameter [34] as [VARCHAR] - [bK]
2020-06-19 14:05:48 TRACE [BasicBinder.java:64] binding parameter [35] as [VARCHAR] - [GrR]
2020-06-19 14:05:48 TRACE [BasicBinder.java:64] binding parameter [36] as [VARCHAR] - [zOBGOnrakuOnfPlgpSUz]
2020-06-19 14:05:48 TRACE [BasicBinder.java:64] binding parameter [37] as [DATE] - [1984-05-15]
2020-06-19 14:05:48 TRACE [BasicBinder.java:64] binding parameter [38] as [DATE] - [1975-06-05]
2020-06-19 14:05:48 TRACE [BasicBinder.java:64] binding parameter [39] as [VARCHAR] - [uksteyPcaQZdueDTBCfU]
2020-06-19 14:05:48 TRACE [BasicBinder.java:64] binding parameter [40] as [VARCHAR] - [gJDLkJHVqsEAMgL]
2020-06-19 14:05:48 TRACE [BasicBinder.java:64] binding parameter [41] as [VARCHAR] - [LKM]
2020-06-19 14:05:48 TRACE [BasicBinder.java:64] binding parameter [42] as [VARCHAR] - [ByvnaohZjZXaKfOgXApp]
2020-06-19 14:05:48 TRACE [BasicBinder.java:64] binding parameter [43] as [TIMESTAMP] - [1970-01-01T01:22:23]
2020-06-19 14:05:48 TRACE [BasicBinder.java:64] binding parameter [44] as [VARCHAR] - [yZvyARsmtJCKQlI]
2020-06-19 14:05:48 TRACE [BasicBinder.java:64] binding parameter [45] as [VARCHAR] - [q]
2020-06-19 14:05:48 TRACE [BasicBinder.java:64] binding parameter [46] as [VARCHAR] - [Nu]
2020-06-19 14:05:48 TRACE [BasicBinder.java:64] binding parameter [47] as [VARCHAR] - [y]
2020-06-19 14:05:48 TRACE [BasicBinder.java:64] binding parameter [48] as [VARCHAR] - [bRvPUOerWwOdnuUydMZR]
2020-06-19 14:05:48 TRACE [BasicBinder.java:64] binding parameter [49] as [VARCHAR] - [WlcAOonnhpSXEQEQQzNt]
2020-06-19 14:05:48 TRACE [BasicBinder.java:64] binding parameter [50] as [VARCHAR] - [W]
2020-06-19 14:05:48 TRACE [BasicBinder.java:64] binding parameter [51] as [VARCHAR] - [weoKHKzDxC]
2020-06-19 14:05:48 TRACE [BasicBinder.java:64] binding parameter [52] as [VARCHAR] - [LyPdvyfxdN]
2020-06-19 14:05:48 TRACE [BasicBinder.java:64] binding parameter [53] as [VARCHAR] - [rc]
2020-06-19 14:05:48 TRACE [BasicBinder.java:64] binding parameter [54] as [DATE] - [1991-04-07]
2020-06-19 14:05:48 TRACE [BasicBinder.java:64] binding parameter [55] as [VARCHAR] - [b]
2020-06-19 14:05:48 TRACE [BasicBinder.java:64] binding parameter [56] as [VARCHAR] - [g]
2020-06-19 14:05:48 TRACE [BasicBinder.java:64] binding parameter [57] as [DATE] - [1992-05-28]
2020-06-19 14:05:48 TRACE [BasicBinder.java:64] binding parameter [58] as [VARCHAR] - [B]
2020-06-19 14:05:48 TRACE [BasicBinder.java:64] binding parameter [59] as [VARCHAR] - [mOXNdnDcOwmXnxDlOPpD]
2020-06-19 14:05:48 TRACE [BasicBinder.java:64] binding parameter [60] as [VARCHAR] - [T]
2020-06-19 14:05:48 TRACE [BasicBinder.java:64] binding parameter [61] as [DATE] - [1972-04-25]
2020-06-19 14:05:48 TRACE [BasicBinder.java:64] binding parameter [62] as [VARCHAR] - [01]
2020-06-19 14:05:48 TRACE [BasicBinder.java:64] binding parameter [63] as [DOUBLE] - [4978691.544230205]
2020-06-19 14:05:48 TRACE [BasicBinder.java:64] binding parameter [64] as [DOUBLE] - [8910817.222765405]
2020-06-19 14:05:48 TRACE [BasicBinder.java:64] binding parameter [65] as [DOUBLE] - [5670161.951592015]
2020-06-19 14:05:48 TRACE [BasicBinder.java:64] binding parameter [66] as [DOUBLE] - [3220585.0748971477]
2020-06-19 14:05:48 TRACE [BasicBinder.java:64] binding parameter [67] as [DOUBLE] - [8250221.280477292]
2020-06-19 14:05:48 TRACE [BasicBinder.java:64] binding parameter [68] as [VARCHAR] - [H]
2020-06-19 14:05:48 TRACE [BasicBinder.java:64] binding parameter [69] as [VARCHAR] - [HARDSURFACES]
2020-06-19 14:05:48 TRACE [BasicBinder.java:64] binding parameter [70] as [DOUBLE] - [5347237.963689309]
2020-06-19 14:05:48 TRACE [BasicBinder.java:64] binding parameter [71] as [VARCHAR] - [Xu]
2020-06-19 14:05:48 TRACE [BasicBinder.java:64] binding parameter [72] as [VARCHAR] - [jpBMtlIQUyo]
2020-06-19 14:05:48 TRACE [BasicBinder.java:64] binding parameter [73] as [VARCHAR] - [nlanW]
2020-06-19 14:05:48 TRACE [BasicBinder.java:64] binding parameter [74] as [VARCHAR] - [QbS]
2020-06-19 14:05:48 TRACE [BasicBinder.java:64] binding parameter [75] as [DATE] - [1985-09-20]
2020-06-19 14:05:48 TRACE [BasicBinder.java:64] binding parameter [76] as [VARCHAR] - [oHwVYUwYmSzShqMkzyXK]
2020-06-19 14:05:48 TRACE [BasicBinder.java:64] binding parameter [77] as [VARCHAR] - [Uy]
2020-06-19 14:05:48 TRACE [BasicBinder.java:64] binding parameter [78] as [VARCHAR] - [agXcy]
2020-06-19 14:05:48 TRACE [BasicBinder.java:64] binding parameter [79] as [VARCHAR] - [ccFnWhQHts]
2020-06-19 14:05:48 TRACE [BasicBinder.java:64] binding parameter [80] as [VARCHAR] - [uLLYczkMatpvaUWysXaL]
2020-06-19 14:05:48 TRACE [BasicBinder.java:64] binding parameter [81] as [VARCHAR] - [TbFHMBVJacxyyAOoqogi]
2020-06-19 14:05:48 TRACE [BasicBinder.java:64] binding parameter [82] as [VARCHAR] - [a]
2020-06-19 14:05:48 TRACE [BasicBinder.java:64] binding parameter [83] as [TIMESTAMP] - [1970-01-01T01:57:34]
2020-06-19 14:05:48 TRACE [BasicBinder.java:64] binding parameter [84] as [VARCHAR] - [XjFhrJdLzrEauJQRQBSu]
2020-06-19 14:05:48 TRACE [BasicBinder.java:64] binding parameter [85] as [VARCHAR] - [s]
2020-06-19 14:05:48 TRACE [BasicBinder.java:64] binding parameter [86] as [VARCHAR] - [eMSqSKYRfEfScWWohMqF]
2020-06-19 14:05:48 TRACE [BasicBinder.java:64] binding parameter [87] as [DATE] - [1991-11-28]
2020-06-19 14:05:48 TRACE [BasicBinder.java:64] binding parameter [88] as [VARCHAR] - [mxAuuUkiUAtPanpffvNo]
2020-06-19 14:05:48 TRACE [BasicBinder.java:64] binding parameter [89] as [VARCHAR] - [Gn]
2020-06-19 14:05:48 TRACE [BasicBinder.java:64] binding parameter [90] as [VARCHAR] - [PD]
2020-06-19 14:05:48 TRACE [BasicBinder.java:64] binding parameter [91] as [INTEGER] - [616495]
2020-06-19 14:05:48 TRACE [BasicBinder.java:64] binding parameter [92] as [VARCHAR] - [akXXGv]
2020-06-19 14:05:48 TRACE [BasicBinder.java:64] binding parameter [93] as [DATE] - [1981-03-27]
2020-06-19 14:05:48 TRACE [BasicBinder.java:64] binding parameter [94] as [DATE] - [1979-07-06]
2020-06-19 14:05:48 TRACE [BasicBinder.java:64] binding parameter [95] as [DATE] - [1993-08-23]
2020-06-19 14:05:48 TRACE [BasicBinder.java:64] binding parameter [96] as [VARCHAR] - [v]
2020-06-19 14:05:48 TRACE [BasicBinder.java:64] binding parameter [97] as [VARCHAR] - [jBs]
2020-06-19 14:05:48 TRACE [BasicBinder.java:64] binding parameter [98] as [DATE] - [1988-11-16]
2020-06-19 14:05:48 TRACE [BasicBinder.java:64] binding parameter [99] as [VARCHAR] - [rqhVTylhPvXKyJOHjtDc]
2020-06-19 14:05:48 TRACE [BasicBinder.java:64] binding parameter [100] as [VARCHAR] - [d]
2020-06-19 14:05:48 TRACE [BasicBinder.java:64] binding parameter [101] as [VARCHAR] - [gL]
2020-06-19 14:05:48 TRACE [BasicBinder.java:64] binding parameter [102] as [VARCHAR] - [KrmNcfDCXshcLfUyqGTX]
2020-06-19 14:05:48 TRACE [BasicBinder.java:64] binding parameter [103] as [VARCHAR] - [yVJLSLPjdUfloZRncUxy]
2020-06-19 14:05:48 TRACE [BasicBinder.java:64] binding parameter [104] as [VARCHAR] - [owwKJtwXxAxJLIiGHvn]
2020-06-19 14:05:48 TRACE [BasicBinder.java:64] binding parameter [105] as [VARCHAR] - [WzieyrxsnYIFvBgEXYU]
2020-06-19 14:05:48 TRACE [BasicBinder.java:64] binding parameter [106] as [VARCHAR] - [UNHOhjKiZZugPOEeBvS]
2020-06-19 14:05:48 TRACE [BasicBinder.java:64] binding parameter [107] as [VARCHAR] - [jQIlFzt]
2020-06-19 14:05:48 TRACE [BasicBinder.java:64] binding parameter [108] as [VARCHAR] - [Eq]
2020-06-19 14:05:48 TRACE [BasicBinder.java:64] binding parameter [109] as [INTEGER] - [804743]
2020-06-19 14:05:48 TRACE [BasicBinder.java:64] binding parameter [110] as [VARCHAR] - [ONFRGICCpjejyByqadCo]
2020-06-19 14:05:48 TRACE [BasicBinder.java:64] binding parameter [111] as [VARCHAR] - [DufSDdsoMPQeDzR]
2020-06-19 14:05:48 TRACE [BasicBinder.java:64] binding parameter [112] as [VARCHAR] - [rqYsnGGYCbBbGnstEez]
2020-06-19 14:05:48 TRACE [BasicBinder.java:64] binding parameter [113] as [VARCHAR] - [fH]
2020-06-19 14:05:48 TRACE [BasicBinder.java:64] binding parameter [114] as [VARCHAR] - [KIDmvwiQUJ]
2020-06-19 14:05:48 TRACE [BasicBinder.java:64] binding parameter [115] as [VARCHAR] - [K]
2020-06-19 14:05:48 TRACE [BasicBinder.java:64] binding parameter [116] as [VARCHAR] - [WVJxXPMtKZL]
2020-06-19 14:05:48 TRACE [BasicBinder.java:64] binding parameter [117] as [VARCHAR] - [pmiuNDnLTakubrCjhxGx]
2020-06-19 14:05:48 TRACE [BasicBinder.java:64] binding parameter [118] as [VARCHAR] - [JBDKsjeTIPhWVmuSGIwt]
2020-06-19 14:05:48 TRACE [BasicBinder.java:64] binding parameter [119] as [VARCHAR] - [WGlDPPlfkiXoEIzhsWTv]
2020-06-19 14:05:48 TRACE [BasicBinder.java:64] binding parameter [120] as [VARCHAR] - [YtXadQkQQCWnLEgByZeq]
2020-06-19 14:05:48 TRACE [BasicBinder.java:64] binding parameter [121] as [VARCHAR] - [WzGnfGghFnOpNNMeDHTK]
2020-06-19 14:05:48 TRACE [BasicBinder.java:64] binding parameter [122] as [VARCHAR] - [So]
2020-06-19 14:05:48 TRACE [BasicBinder.java:64] binding parameter [123] as [VARCHAR] - [j]
2020-06-19 14:05:48 TRACE [BasicBinder.java:64] binding parameter [124] as [VARCHAR] - [rXWK]
2020-06-19 14:05:48 TRACE [BasicBinder.java:64] binding parameter [125] as [VARCHAR] - [oBYEnioUUtVvJLTNEDCF]
2020-06-19 14:05:48 TRACE [BasicBinder.java:64] binding parameter [126] as [VARCHAR] - [whd]
2020-06-19 14:05:48 TRACE [BasicBinder.java:64] binding parameter [127] as [VARCHAR] - [yM]
2020-06-19 14:05:48 TRACE [BasicBinder.java:64] binding parameter [128] as [VARCHAR] - [qOLYzCDQeTfzWidNRcna]
2020-06-19 14:05:48 TRACE [BasicBinder.java:64] binding parameter [129] as [VARCHAR] - [rZhoXTCatWOvitregibN]
2020-06-19 14:05:48 TRACE [BasicBinder.java:64] binding parameter [130] as [VARCHAR] - [iLovCJQUGXbcZfFxJeby]
2020-06-19 14:05:48 TRACE [BasicBinder.java:64] binding parameter [131] as [VARCHAR] - [R]
2020-06-19 14:05:48 TRACE [BasicBinder.java:64] binding parameter [132] as [VARCHAR] - [XgmwcoLeoprJOSgdAkqG]
2020-06-19 14:05:48 TRACE [BasicBinder.java:64] binding parameter [133] as [VARCHAR] - [MwPMSpseVdhqEQrjVYgX]
2020-06-19 14:05:48 TRACE [BasicBinder.java:64] binding parameter [134] as [VARCHAR] - [RDJMTijxoDkkoRviSlle]
2020-06-19 14:05:48 TRACE [BasicBinder.java:64] binding parameter [135] as [VARCHAR] - [my]
2020-06-19 14:05:48 TRACE [BasicBinder.java:64] binding parameter [136] as [VARCHAR] - [zjdthMugVPOQgUWO]
2020-06-19 14:05:48 TRACE [BasicBinder.java:64] binding parameter [137] as [DOUBLE] - [9363196.813848307]
2020-06-19 14:05:48 TRACE [BasicBinder.java:64] binding parameter [138] as [VARCHAR] - [JPFDkIto]
2020-06-19 14:05:48 TRACE [BasicBinder.java:64] binding parameter [139] as [VARCHAR] - [fnmluhkKaaFmtmP]
2020-06-19 14:05:48 TRACE [BasicBinder.java:64] binding parameter [140] as [VARCHAR] - [wXHvNsDFGB]
2020-06-19 14:05:48 TRACE [BasicBinder.java:64] binding parameter [141] as [BIGINT] - [12]
2020-06-19 14:05:48 DEBUG [MockBuilder.java:94] set changeTimestamp -> 1970-01-01T00:58:56
2020-06-19 14:05:48 DEBUG [MockBuilder.java:94] set createdBy -> xOHwJcFA
2020-06-19 14:05:48 DEBUG [MockBuilder.java:94] set precedence -> 4574998.477368639
2020-06-19 14:05:48 DEBUG [MockBuilder.java:94] set description -> SKMhqUeOLRrVYuNkjjyY
2020-06-19 14:05:48 DEBUG [MockBuilder.java:94] set ediOrdValidations -> null
2020-06-19 14:05:48 DEBUG [MockBuilder.java:94] set level -> y
2020-06-19 14:05:48 DEBUG [MockBuilder.java:94] set ediReasonCode -> 395633
2020-06-19 14:05:48 DEBUG [MockBuilder.java:94] set autoCreateFlag -> X
2020-06-19 14:05:48 DEBUG [MockBuilder.java:94] set createTimestamp -> 1970-01-01T00:27:31
2020-06-19 14:05:48 DEBUG [MockBuilder.java:94] set changedBy -> TqZIPqWa
2020-06-19 14:05:48 DEBUG [MockBuilder.java:94] set defaultAction -> Q
Hibernate: select edireasonc0_.EDI_REASON_CODE as edi_reas1_6_1_, edireasonc0_.AUTO_CREATE_FLAG as auto_cre2_6_1_, edireasonc0_.CHANGE_TIMESTAMP as change_t3_6_1_, edireasonc0_.CHANGED_BY as changed_4_6_1_, edireasonc0_.CREATE_TIMESTAMP as create_t5_6_1_, edireasonc0_.CREATED_BY as created_6_6_1_, edireasonc0_.DEFAULT_ACTION as default_7_6_1_, edireasonc0_.description as descript8_6_1_, edireasonc0_.LEVEL as level9_6_1_, edireasonc0_.precedence as precede10_6_1_, ediordvali1_.edi_reason_code as edi_rea11_2_3_, ediordvali1_.EDI_ORDER_NBR as edi_orde1_2_3_, ediordvali1_.PO_LINE_NBR as po_line_2_2_3_, ediordvali1_.TIME_STAMP as time_sta3_2_3_, ediordvali1_.EDI_ORDER_NBR as edi_orde1_2_0_, ediordvali1_.PO_LINE_NBR as po_line_2_2_0_, ediordvali1_.TIME_STAMP as time_sta3_2_0_, ediordvali1_.ACTION_CODE as action_c4_2_0_, ediordvali1_.ASSIGNED_TO as assigned5_2_0_, ediordvali1_.CHANGED_BY as changed_6_2_0_, ediordvali1_.CHANGED_TIMESTAMP as changed_7_2_0_, ediordvali1_.CREATED_BY as created_8_2_0_, ediordvali1_.CREATED_TIMESTAMP as created_9_2_0_, ediordvali1_.edi_reason_code as edi_rea11_2_0_, ediordvali1_.status as status10_2_0_ from EDI_REASON_CODE edireasonc0_ left outer join EDI_ORD_VALIDATION ediordvali1_ on edireasonc0_.EDI_REASON_CODE=ediordvali1_.edi_reason_code where edireasonc0_.EDI_REASON_CODE=?
2020-06-19 14:05:48 TRACE [BasicBinder.java:64] binding parameter [1] as [INTEGER] - [63]
]]></system-out>
  </testcase>
</testsuite>