<?xml version="1.0" encoding="UTF-8"?>
<testsuite xmlns:xsi="http://www.w3.org/2001/XMLSchema-instance" xsi:noNamespaceSchemaLocation="https://maven.apache.org/surefire/maven-surefire-plugin/xsd/surefire-test-report.xsd" name="com.shaw.ediorderservices.service.order.HardsurfacesOrderServiceTest" time="0.509" tests="4" errors="0" skipped="0" failures="4">
  <properties>
    <property name="java.specification.version" value="14"/>
    <property name="sun.jnu.encoding" value="UTF-8"/>
    <property name="java.class.path" value="/Users/waaronwaddell/Documents/GitHub/Public/EDI/EDI-Public/target/test-classes:/Users/waaronwaddell/Documents/GitHub/Public/EDI/EDI-Public/target/classes:/Users/waaronwaddell/.m2/repository/com/shaw/mock/mock-builder/0.0.1-SNAPSHOT/mock-builder-0.0.1-SNAPSHOT.jar:/Users/waaronwaddell/.m2/repository/javax/persistence/javax.persistence-api/2.2/javax.persistence-api-2.2.jar:/Users/waaronwaddell/.m2/repository/org/apache/logging/log4j/log4j-core/2.12.1/log4j-core-2.12.1.jar:/Users/waaronwaddell/.m2/repository/org/apache/logging/log4j/log4j-api/2.12.1/log4j-api-2.12.1.jar:/Users/waaronwaddell/.m2/repository/org/springframework/boot/spring-boot-starter-data-jpa/2.2.6.RELEASE/spring-boot-starter-data-jpa-2.2.6.RELEASE.jar:/Users/waaronwaddell/.m2/repository/org/springframework/boot/spring-boot-starter-aop/2.2.6.RELEASE/spring-boot-starter-aop-2.2.6.RELEASE.jar:/Users/waaronwaddell/.m2/repository/org/springframework/spring-aop/5.2.5.RELEASE/spring-aop-5.2.5.RELEASE.jar:/Users/waaronwaddell/.m2/repository/org/aspectj/aspectjweaver/1.9.5/aspectjweaver-1.9.5.jar:/Users/waaronwaddell/.m2/repository/org/springframework/boot/spring-boot-starter-jdbc/2.2.6.RELEASE/spring-boot-starter-jdbc-2.2.6.RELEASE.jar:/Users/waaronwaddell/.m2/repository/com/zaxxer/HikariCP/3.4.2/HikariCP-3.4.2.jar:/Users/waaronwaddell/.m2/repository/org/springframework/spring-jdbc/5.2.5.RELEASE/spring-jdbc-5.2.5.RELEASE.jar:/Users/waaronwaddell/.m2/repository/jakarta/activation/jakarta.activation-api/1.2.2/jakarta.activation-api-1.2.2.jar:/Users/waaronwaddell/.m2/repository/jakarta/persistence/jakarta.persistence-api/2.2.3/jakarta.persistence-api-2.2.3.jar:/Users/waaronwaddell/.m2/repository/jakarta/transaction/jakarta.transaction-api/1.3.3/jakarta.transaction-api-1.3.3.jar:/Users/waaronwaddell/.m2/repository/org/hibernate/hibernate-core/5.4.12.Final/hibernate-core-5.4.12.Final.jar:/Users/waaronwaddell/.m2/repository/org/javassist/javassist/3.24.0-GA/javassist-3.24.0-GA.jar:/Users/waaronwaddell/.m2/repository/net/bytebuddy/byte-buddy/1.10.8/byte-buddy-1.10.8.jar:/Users/waaronwaddell/.m2/repository/antlr/antlr/2.7.7/antlr-2.7.7.jar:/Users/waaronwaddell/.m2/repository/org/jboss/jandex/2.1.1.Final/jandex-2.1.1.Final.jar:/Users/waaronwaddell/.m2/repository/org/dom4j/dom4j/2.1.1/dom4j-2.1.1.jar:/Users/waaronwaddell/.m2/repository/org/hibernate/common/hibernate-commons-annotations/5.1.0.Final/hibernate-commons-annotations-5.1.0.Final.jar:/Users/waaronwaddell/.m2/repository/org/glassfish/jaxb/jaxb-runtime/2.3.2/jaxb-runtime-2.3.2.jar:/Users/waaronwaddell/.m2/repository/org/glassfish/jaxb/txw2/2.3.2/txw2-2.3.2.jar:/Users/waaronwaddell/.m2/repository/com/sun/istack/istack-commons-runtime/3.0.8/istack-commons-runtime-3.0.8.jar:/Users/waaronwaddell/.m2/repository/org/jvnet/staxex/stax-ex/1.8.1/stax-ex-1.8.1.jar:/Users/waaronwaddell/.m2/repository/com/sun/xml/fastinfoset/FastInfoset/1.2.16/FastInfoset-1.2.16.jar:/Users/waaronwaddell/.m2/repository/org/springframework/data/spring-data-jpa/2.2.6.RELEASE/spring-data-jpa-2.2.6.RELEASE.jar:/Users/waaronwaddell/.m2/repository/org/springframework/data/spring-data-commons/2.2.6.RELEASE/spring-data-commons-2.2.6.RELEASE.jar:/Users/waaronwaddell/.m2/repository/org/springframework/spring-orm/5.2.5.RELEASE/spring-orm-5.2.5.RELEASE.jar:/Users/waaronwaddell/.m2/repository/org/springframework/spring-context/5.2.5.RELEASE/spring-context-5.2.5.RELEASE.jar:/Users/waaronwaddell/.m2/repository/org/springframework/spring-tx/5.2.5.RELEASE/spring-tx-5.2.5.RELEASE.jar:/Users/waaronwaddell/.m2/repository/org/springframework/spring-beans/5.2.5.RELEASE/spring-beans-5.2.5.RELEASE.jar:/Users/waaronwaddell/.m2/repository/org/springframework/spring-aspects/5.2.5.RELEASE/spring-aspects-5.2.5.RELEASE.jar:/Users/waaronwaddell/.m2/repository/org/springframework/boot/spring-boot-starter-web/2.2.6.RELEASE/spring-boot-starter-web-2.2.6.RELEASE.jar:/Users/waaronwaddell/.m2/repository/org/springframework/boot/spring-boot-starter/2.2.6.RELEASE/spring-boot-starter-2.2.6.RELEASE.jar:/Users/waaronwaddell/.m2/repository/org/springframework/boot/spring-boot/2.2.6.RELEASE/spring-boot-2.2.6.RELEASE.jar:/Users/waaronwaddell/.m2/repository/org/springframework/boot/spring-boot-autoconfigure/2.2.6.RELEASE/spring-boot-autoconfigure-2.2.6.RELEASE.jar:/Users/waaronwaddell/.m2/repository/org/springframework/boot/spring-boot-starter-logging/2.2.6.RELEASE/spring-boot-starter-logging-2.2.6.RELEASE.jar:/Users/waaronwaddell/.m2/repository/ch/qos/logback/logback-classic/1.2.3/logback-classic-1.2.3.jar:/Users/waaronwaddell/.m2/repository/ch/qos/logback/logback-core/1.2.3/logback-core-1.2.3.jar:/Users/waaronwaddell/.m2/repository/org/apache/logging/log4j/log4j-to-slf4j/2.12.1/log4j-to-slf4j-2.12.1.jar:/Users/waaronwaddell/.m2/repository/org/slf4j/jul-to-slf4j/1.7.30/jul-to-slf4j-1.7.30.jar:/Users/waaronwaddell/.m2/repository/jakarta/annotation/jakarta.annotation-api/1.3.5/jakarta.annotation-api-1.3.5.jar:/Users/waaronwaddell/.m2/repository/org/yaml/snakeyaml/1.25/snakeyaml-1.25.jar:/Users/waaronwaddell/.m2/repository/org/springframework/boot/spring-boot-starter-json/2.2.6.RELEASE/spring-boot-starter-json-2.2.6.RELEASE.jar:/Users/waaronwaddell/.m2/repository/com/fasterxml/jackson/core/jackson-databind/2.10.3/jackson-databind-2.10.3.jar:/Users/waaronwaddell/.m2/repository/com/fasterxml/jackson/core/jackson-core/2.10.3/jackson-core-2.10.3.jar:/Users/waaronwaddell/.m2/repository/com/fasterxml/jackson/datatype/jackson-datatype-jdk8/2.10.3/jackson-datatype-jdk8-2.10.3.jar:/Users/waaronwaddell/.m2/repository/com/fasterxml/jackson/datatype/jackson-datatype-jsr310/2.10.3/jackson-datatype-jsr310-2.10.3.jar:/Users/waaronwaddell/.m2/repository/com/fasterxml/jackson/module/jackson-module-parameter-names/2.10.3/jackson-module-parameter-names-2.10.3.jar:/Users/waaronwaddell/.m2/repository/org/springframework/boot/spring-boot-starter-tomcat/2.2.6.RELEASE/spring-boot-starter-tomcat-2.2.6.RELEASE.jar:/Users/waaronwaddell/.m2/repository/org/apache/tomcat/embed/tomcat-embed-core/9.0.33/tomcat-embed-core-9.0.33.jar:/Users/waaronwaddell/.m2/repository/org/apache/tomcat/embed/tomcat-embed-el/9.0.33/tomcat-embed-el-9.0.33.jar:/Users/waaronwaddell/.m2/repository/org/apache/tomcat/embed/tomcat-embed-websocket/9.0.33/tomcat-embed-websocket-9.0.33.jar:/Users/waaronwaddell/.m2/repository/org/springframework/boot/spring-boot-starter-validation/2.2.6.RELEASE/spring-boot-starter-validation-2.2.6.RELEASE.jar:/Users/waaronwaddell/.m2/repository/jakarta/validation/jakarta.validation-api/2.0.2/jakarta.validation-api-2.0.2.jar:/Users/waaronwaddell/.m2/repository/org/hibernate/validator/hibernate-validator/6.0.18.Final/hibernate-validator-6.0.18.Final.jar:/Users/waaronwaddell/.m2/repository/org/springframework/spring-web/5.2.5.RELEASE/spring-web-5.2.5.RELEASE.jar:/Users/waaronwaddell/.m2/repository/org/springframework/spring-webmvc/5.2.5.RELEASE/spring-webmvc-5.2.5.RELEASE.jar:/Users/waaronwaddell/.m2/repository/org/springframework/spring-expression/5.2.5.RELEASE/spring-expression-5.2.5.RELEASE.jar:/Users/waaronwaddell/.m2/repository/com/google/collections/google-collections/1.0/google-collections-1.0.jar:/Users/waaronwaddell/.m2/repository/com/google/code/gson/gson/2.8.6/gson-2.8.6.jar:/Users/waaronwaddell/.m2/repository/org/apache/commons/commons-lang3/3.9/commons-lang3-3.9.jar:/Users/waaronwaddell/.m2/repository/org/mapstruct/mapstruct/1.3.1.Final/mapstruct-1.3.1.Final.jar:/Users/waaronwaddell/.m2/repository/com/h2database/h2/1.4.200/h2-1.4.200.jar:/Users/waaronwaddell/.m2/repository/com/microsoft/sqlserver/mssql-jdbc/7.4.1.jre8/mssql-jdbc-7.4.1.jre8.jar:/Users/waaronwaddell/.m2/repository/io/springfox/springfox-swagger2/2.9.2/springfox-swagger2-2.9.2.jar:/Users/waaronwaddell/.m2/repository/io/swagger/swagger-annotations/1.5.20/swagger-annotations-1.5.20.jar:/Users/waaronwaddell/.m2/repository/io/swagger/swagger-models/1.5.20/swagger-models-1.5.20.jar:/Users/waaronwaddell/.m2/repository/com/fasterxml/jackson/core/jackson-annotations/2.10.3/jackson-annotations-2.10.3.jar:/Users/waaronwaddell/.m2/repository/io/springfox/springfox-spi/2.9.2/springfox-spi-2.9.2.jar:/Users/waaronwaddell/.m2/repository/io/springfox/springfox-core/2.9.2/springfox-core-2.9.2.jar:/Users/waaronwaddell/.m2/repository/io/springfox/springfox-schema/2.9.2/springfox-schema-2.9.2.jar:/Users/waaronwaddell/.m2/repository/io/springfox/springfox-swagger-common/2.9.2/springfox-swagger-common-2.9.2.jar:/Users/waaronwaddell/.m2/repository/io/springfox/springfox-spring-web/2.9.2/springfox-spring-web-2.9.2.jar:/Users/waaronwaddell/.m2/repository/com/google/guava/guava/20.0/guava-20.0.jar:/Users/waaronwaddell/.m2/repository/com/fasterxml/classmate/1.5.1/classmate-1.5.1.jar:/Users/waaronwaddell/.m2/repository/org/slf4j/slf4j-api/1.7.30/slf4j-api-1.7.30.jar:/Users/waaronwaddell/.m2/repository/org/springframework/plugin/spring-plugin-core/1.2.0.RELEASE/spring-plugin-core-1.2.0.RELEASE.jar:/Users/waaronwaddell/.m2/repository/org/springframework/plugin/spring-plugin-metadata/1.2.0.RELEASE/spring-plugin-metadata-1.2.0.RELEASE.jar:/Users/waaronwaddell/.m2/repository/io/springfox/springfox-swagger-ui/2.9.2/springfox-swagger-ui-2.9.2.jar:/Users/waaronwaddell/.m2/repository/org/springframework/boot/spring-boot-starter-test/2.2.6.RELEASE/spring-boot-starter-test-2.2.6.RELEASE.jar:/Users/waaronwaddell/.m2/repository/org/springframework/boot/spring-boot-test/2.2.6.RELEASE/spring-boot-test-2.2.6.RELEASE.jar:/Users/waaronwaddell/.m2/repository/org/springframework/boot/spring-boot-test-autoconfigure/2.2.6.RELEASE/spring-boot-test-autoconfigure-2.2.6.RELEASE.jar:/Users/waaronwaddell/.m2/repository/com/jayway/jsonpath/json-path/2.4.0/json-path-2.4.0.jar:/Users/waaronwaddell/.m2/repository/net/minidev/json-smart/2.3/json-smart-2.3.jar:/Users/waaronwaddell/.m2/repository/net/minidev/accessors-smart/1.2/accessors-smart-1.2.jar:/Users/waaronwaddell/.m2/repository/org/ow2/asm/asm/5.0.4/asm-5.0.4.jar:/Users/waaronwaddell/.m2/repository/jakarta/xml/bind/jakarta.xml.bind-api/2.3.3/jakarta.xml.bind-api-2.3.3.jar:/Users/waaronwaddell/.m2/repository/org/junit/jupiter/junit-jupiter/5.5.2/junit-jupiter-5.5.2.jar:/Users/waaronwaddell/.m2/repository/org/junit/jupiter/junit-jupiter-api/5.5.2/junit-jupiter-api-5.5.2.jar:/Users/waaronwaddell/.m2/repository/org/apiguardian/apiguardian-api/1.1.0/apiguardian-api-1.1.0.jar:/Users/waaronwaddell/.m2/repository/org/opentest4j/opentest4j/1.2.0/opentest4j-1.2.0.jar:/Users/waaronwaddell/.m2/repository/org/junit/platform/junit-platform-commons/1.5.2/junit-platform-commons-1.5.2.jar:/Users/waaronwaddell/.m2/repository/org/junit/jupiter/junit-jupiter-params/5.5.2/junit-jupiter-params-5.5.2.jar:/Users/waaronwaddell/.m2/repository/org/junit/jupiter/junit-jupiter-engine/5.5.2/junit-jupiter-engine-5.5.2.jar:/Users/waaronwaddell/.m2/repository/org/junit/platform/junit-platform-engine/1.5.2/junit-platform-engine-1.5.2.jar:/Users/waaronwaddell/.m2/repository/org/mockito/mockito-junit-jupiter/3.1.0/mockito-junit-jupiter-3.1.0.jar:/Users/waaronwaddell/.m2/repository/org/assertj/assertj-core/3.13.2/assertj-core-3.13.2.jar:/Users/waaronwaddell/.m2/repository/org/hamcrest/hamcrest/2.1/hamcrest-2.1.jar:/Users/waaronwaddell/.m2/repository/org/mockito/mockito-core/3.1.0/mockito-core-3.1.0.jar:/Users/waaronwaddell/.m2/repository/net/bytebuddy/byte-buddy-agent/1.10.8/byte-buddy-agent-1.10.8.jar:/Users/waaronwaddell/.m2/repository/org/objenesis/objenesis/2.6/objenesis-2.6.jar:/Users/waaronwaddell/.m2/repository/org/skyscreamer/jsonassert/1.5.0/jsonassert-1.5.0.jar:/Users/waaronwaddell/.m2/repository/com/vaadin/external/google/android-json/0.0.20131108.vaadin1/android-json-0.0.20131108.vaadin1.jar:/Users/waaronwaddell/.m2/repository/org/springframework/spring-core/5.2.5.RELEASE/spring-core-5.2.5.RELEASE.jar:/Users/waaronwaddell/.m2/repository/org/springframework/spring-jcl/5.2.5.RELEASE/spring-jcl-5.2.5.RELEASE.jar:/Users/waaronwaddell/.m2/repository/org/springframework/spring-test/5.2.5.RELEASE/spring-test-5.2.5.RELEASE.jar:/Users/waaronwaddell/.m2/repository/org/xmlunit/xmlunit-core/2.6.4/xmlunit-core-2.6.4.jar:/Users/waaronwaddell/.m2/repository/org/springframework/boot/spring-boot-configuration-processor/2.2.6.RELEASE/spring-boot-configuration-processor-2.2.6.RELEASE.jar:/Users/waaronwaddell/.m2/repository/org/hibernate/hibernate-ehcache/5.4.12.Final/hibernate-ehcache-5.4.12.Final.jar:/Users/waaronwaddell/.m2/repository/org/jboss/logging/jboss-logging/3.4.1.Final/jboss-logging-3.4.1.Final.jar:/Users/waaronwaddell/.m2/repository/net/sf/ehcache/ehcache/2.10.6/ehcache-2.10.6.jar:/Users/waaronwaddell/.m2/repository/commons-dbcp/commons-dbcp/1.4/commons-dbcp-1.4.jar:/Users/waaronwaddell/.m2/repository/commons-pool/commons-pool/1.6/commons-pool-1.6.jar:"/>
    <property name="java.vm.vendor" value="Oracle Corporation"/>
    <property name="sun.arch.data.model" value="64"/>
    <property name="java.vendor.url" value="https://java.oracle.com/"/>
    <property name="os.name" value="Mac OS X"/>
    <property name="java.vm.specification.version" value="14"/>
    <property name="sun.java.launcher" value="SUN_STANDARD"/>
    <property name="user.country" value="US"/>
    <property name="sun.boot.library.path" value="/Library/Java/JavaVirtualMachines/jdk-14.0.1.jdk/Contents/Home/lib"/>
    <property name="sun.java.command" value="/Users/waaronwaddell/Documents/GitHub/Public/EDI/EDI-Public/target/surefire/surefirebooter1253495891782149255.jar /Users/waaronwaddell/Documents/GitHub/Public/EDI/EDI-Public/target/surefire 2020-06-19T13-28-19_209-jvmRun1 surefire7372129257937609197tmp surefire_07823809038847804982tmp"/>
    <property name="http.nonProxyHosts" value="local|*.local|169.254/16|*.169.254/16"/>
    <property name="jdk.debug" value="release"/>
    <property name="surefire.test.class.path" value="/Users/waaronwaddell/Documents/GitHub/Public/EDI/EDI-Public/target/test-classes:/Users/waaronwaddell/Documents/GitHub/Public/EDI/EDI-Public/target/classes:/Users/waaronwaddell/.m2/repository/com/shaw/mock/mock-builder/0.0.1-SNAPSHOT/mock-builder-0.0.1-SNAPSHOT.jar:/Users/waaronwaddell/.m2/repository/javax/persistence/javax.persistence-api/2.2/javax.persistence-api-2.2.jar:/Users/waaronwaddell/.m2/repository/org/apache/logging/log4j/log4j-core/2.12.1/log4j-core-2.12.1.jar:/Users/waaronwaddell/.m2/repository/org/apache/logging/log4j/log4j-api/2.12.1/log4j-api-2.12.1.jar:/Users/waaronwaddell/.m2/repository/org/springframework/boot/spring-boot-starter-data-jpa/2.2.6.RELEASE/spring-boot-starter-data-jpa-2.2.6.RELEASE.jar:/Users/waaronwaddell/.m2/repository/org/springframework/boot/spring-boot-starter-aop/2.2.6.RELEASE/spring-boot-starter-aop-2.2.6.RELEASE.jar:/Users/waaronwaddell/.m2/repository/org/springframework/spring-aop/5.2.5.RELEASE/spring-aop-5.2.5.RELEASE.jar:/Users/waaronwaddell/.m2/repository/org/aspectj/aspectjweaver/1.9.5/aspectjweaver-1.9.5.jar:/Users/waaronwaddell/.m2/repository/org/springframework/boot/spring-boot-starter-jdbc/2.2.6.RELEASE/spring-boot-starter-jdbc-2.2.6.RELEASE.jar:/Users/waaronwaddell/.m2/repository/com/zaxxer/HikariCP/3.4.2/HikariCP-3.4.2.jar:/Users/waaronwaddell/.m2/repository/org/springframework/spring-jdbc/5.2.5.RELEASE/spring-jdbc-5.2.5.RELEASE.jar:/Users/waaronwaddell/.m2/repository/jakarta/activation/jakarta.activation-api/1.2.2/jakarta.activation-api-1.2.2.jar:/Users/waaronwaddell/.m2/repository/jakarta/persistence/jakarta.persistence-api/2.2.3/jakarta.persistence-api-2.2.3.jar:/Users/waaronwaddell/.m2/repository/jakarta/transaction/jakarta.transaction-api/1.3.3/jakarta.transaction-api-1.3.3.jar:/Users/waaronwaddell/.m2/repository/org/hibernate/hibernate-core/5.4.12.Final/hibernate-core-5.4.12.Final.jar:/Users/waaronwaddell/.m2/repository/org/javassist/javassist/3.24.0-GA/javassist-3.24.0-GA.jar:/Users/waaronwaddell/.m2/repository/net/bytebuddy/byte-buddy/1.10.8/byte-buddy-1.10.8.jar:/Users/waaronwaddell/.m2/repository/antlr/antlr/2.7.7/antlr-2.7.7.jar:/Users/waaronwaddell/.m2/repository/org/jboss/jandex/2.1.1.Final/jandex-2.1.1.Final.jar:/Users/waaronwaddell/.m2/repository/org/dom4j/dom4j/2.1.1/dom4j-2.1.1.jar:/Users/waaronwaddell/.m2/repository/org/hibernate/common/hibernate-commons-annotations/5.1.0.Final/hibernate-commons-annotations-5.1.0.Final.jar:/Users/waaronwaddell/.m2/repository/org/glassfish/jaxb/jaxb-runtime/2.3.2/jaxb-runtime-2.3.2.jar:/Users/waaronwaddell/.m2/repository/org/glassfish/jaxb/txw2/2.3.2/txw2-2.3.2.jar:/Users/waaronwaddell/.m2/repository/com/sun/istack/istack-commons-runtime/3.0.8/istack-commons-runtime-3.0.8.jar:/Users/waaronwaddell/.m2/repository/org/jvnet/staxex/stax-ex/1.8.1/stax-ex-1.8.1.jar:/Users/waaronwaddell/.m2/repository/com/sun/xml/fastinfoset/FastInfoset/1.2.16/FastInfoset-1.2.16.jar:/Users/waaronwaddell/.m2/repository/org/springframework/data/spring-data-jpa/2.2.6.RELEASE/spring-data-jpa-2.2.6.RELEASE.jar:/Users/waaronwaddell/.m2/repository/org/springframework/data/spring-data-commons/2.2.6.RELEASE/spring-data-commons-2.2.6.RELEASE.jar:/Users/waaronwaddell/.m2/repository/org/springframework/spring-orm/5.2.5.RELEASE/spring-orm-5.2.5.RELEASE.jar:/Users/waaronwaddell/.m2/repository/org/springframework/spring-context/5.2.5.RELEASE/spring-context-5.2.5.RELEASE.jar:/Users/waaronwaddell/.m2/repository/org/springframework/spring-tx/5.2.5.RELEASE/spring-tx-5.2.5.RELEASE.jar:/Users/waaronwaddell/.m2/repository/org/springframework/spring-beans/5.2.5.RELEASE/spring-beans-5.2.5.RELEASE.jar:/Users/waaronwaddell/.m2/repository/org/springframework/spring-aspects/5.2.5.RELEASE/spring-aspects-5.2.5.RELEASE.jar:/Users/waaronwaddell/.m2/repository/org/springframework/boot/spring-boot-starter-web/2.2.6.RELEASE/spring-boot-starter-web-2.2.6.RELEASE.jar:/Users/waaronwaddell/.m2/repository/org/springframework/boot/spring-boot-starter/2.2.6.RELEASE/spring-boot-starter-2.2.6.RELEASE.jar:/Users/waaronwaddell/.m2/repository/org/springframework/boot/spring-boot/2.2.6.RELEASE/spring-boot-2.2.6.RELEASE.jar:/Users/waaronwaddell/.m2/repository/org/springframework/boot/spring-boot-autoconfigure/2.2.6.RELEASE/spring-boot-autoconfigure-2.2.6.RELEASE.jar:/Users/waaronwaddell/.m2/repository/org/springframework/boot/spring-boot-starter-logging/2.2.6.RELEASE/spring-boot-starter-logging-2.2.6.RELEASE.jar:/Users/waaronwaddell/.m2/repository/ch/qos/logback/logback-classic/1.2.3/logback-classic-1.2.3.jar:/Users/waaronwaddell/.m2/repository/ch/qos/logback/logback-core/1.2.3/logback-core-1.2.3.jar:/Users/waaronwaddell/.m2/repository/org/apache/logging/log4j/log4j-to-slf4j/2.12.1/log4j-to-slf4j-2.12.1.jar:/Users/waaronwaddell/.m2/repository/org/slf4j/jul-to-slf4j/1.7.30/jul-to-slf4j-1.7.30.jar:/Users/waaronwaddell/.m2/repository/jakarta/annotation/jakarta.annotation-api/1.3.5/jakarta.annotation-api-1.3.5.jar:/Users/waaronwaddell/.m2/repository/org/yaml/snakeyaml/1.25/snakeyaml-1.25.jar:/Users/waaronwaddell/.m2/repository/org/springframework/boot/spring-boot-starter-json/2.2.6.RELEASE/spring-boot-starter-json-2.2.6.RELEASE.jar:/Users/waaronwaddell/.m2/repository/com/fasterxml/jackson/core/jackson-databind/2.10.3/jackson-databind-2.10.3.jar:/Users/waaronwaddell/.m2/repository/com/fasterxml/jackson/core/jackson-core/2.10.3/jackson-core-2.10.3.jar:/Users/waaronwaddell/.m2/repository/com/fasterxml/jackson/datatype/jackson-datatype-jdk8/2.10.3/jackson-datatype-jdk8-2.10.3.jar:/Users/waaronwaddell/.m2/repository/com/fasterxml/jackson/datatype/jackson-datatype-jsr310/2.10.3/jackson-datatype-jsr310-2.10.3.jar:/Users/waaronwaddell/.m2/repository/com/fasterxml/jackson/module/jackson-module-parameter-names/2.10.3/jackson-module-parameter-names-2.10.3.jar:/Users/waaronwaddell/.m2/repository/org/springframework/boot/spring-boot-starter-tomcat/2.2.6.RELEASE/spring-boot-starter-tomcat-2.2.6.RELEASE.jar:/Users/waaronwaddell/.m2/repository/org/apache/tomcat/embed/tomcat-embed-core/9.0.33/tomcat-embed-core-9.0.33.jar:/Users/waaronwaddell/.m2/repository/org/apache/tomcat/embed/tomcat-embed-el/9.0.33/tomcat-embed-el-9.0.33.jar:/Users/waaronwaddell/.m2/repository/org/apache/tomcat/embed/tomcat-embed-websocket/9.0.33/tomcat-embed-websocket-9.0.33.jar:/Users/waaronwaddell/.m2/repository/org/springframework/boot/spring-boot-starter-validation/2.2.6.RELEASE/spring-boot-starter-validation-2.2.6.RELEASE.jar:/Users/waaronwaddell/.m2/repository/jakarta/validation/jakarta.validation-api/2.0.2/jakarta.validation-api-2.0.2.jar:/Users/waaronwaddell/.m2/repository/org/hibernate/validator/hibernate-validator/6.0.18.Final/hibernate-validator-6.0.18.Final.jar:/Users/waaronwaddell/.m2/repository/org/springframework/spring-web/5.2.5.RELEASE/spring-web-5.2.5.RELEASE.jar:/Users/waaronwaddell/.m2/repository/org/springframework/spring-webmvc/5.2.5.RELEASE/spring-webmvc-5.2.5.RELEASE.jar:/Users/waaronwaddell/.m2/repository/org/springframework/spring-expression/5.2.5.RELEASE/spring-expression-5.2.5.RELEASE.jar:/Users/waaronwaddell/.m2/repository/com/google/collections/google-collections/1.0/google-collections-1.0.jar:/Users/waaronwaddell/.m2/repository/com/google/code/gson/gson/2.8.6/gson-2.8.6.jar:/Users/waaronwaddell/.m2/repository/org/apache/commons/commons-lang3/3.9/commons-lang3-3.9.jar:/Users/waaronwaddell/.m2/repository/org/mapstruct/mapstruct/1.3.1.Final/mapstruct-1.3.1.Final.jar:/Users/waaronwaddell/.m2/repository/com/h2database/h2/1.4.200/h2-1.4.200.jar:/Users/waaronwaddell/.m2/repository/com/microsoft/sqlserver/mssql-jdbc/7.4.1.jre8/mssql-jdbc-7.4.1.jre8.jar:/Users/waaronwaddell/.m2/repository/io/springfox/springfox-swagger2/2.9.2/springfox-swagger2-2.9.2.jar:/Users/waaronwaddell/.m2/repository/io/swagger/swagger-annotations/1.5.20/swagger-annotations-1.5.20.jar:/Users/waaronwaddell/.m2/repository/io/swagger/swagger-models/1.5.20/swagger-models-1.5.20.jar:/Users/waaronwaddell/.m2/repository/com/fasterxml/jackson/core/jackson-annotations/2.10.3/jackson-annotations-2.10.3.jar:/Users/waaronwaddell/.m2/repository/io/springfox/springfox-spi/2.9.2/springfox-spi-2.9.2.jar:/Users/waaronwaddell/.m2/repository/io/springfox/springfox-core/2.9.2/springfox-core-2.9.2.jar:/Users/waaronwaddell/.m2/repository/io/springfox/springfox-schema/2.9.2/springfox-schema-2.9.2.jar:/Users/waaronwaddell/.m2/repository/io/springfox/springfox-swagger-common/2.9.2/springfox-swagger-common-2.9.2.jar:/Users/waaronwaddell/.m2/repository/io/springfox/springfox-spring-web/2.9.2/springfox-spring-web-2.9.2.jar:/Users/waaronwaddell/.m2/repository/com/google/guava/guava/20.0/guava-20.0.jar:/Users/waaronwaddell/.m2/repository/com/fasterxml/classmate/1.5.1/classmate-1.5.1.jar:/Users/waaronwaddell/.m2/repository/org/slf4j/slf4j-api/1.7.30/slf4j-api-1.7.30.jar:/Users/waaronwaddell/.m2/repository/org/springframework/plugin/spring-plugin-core/1.2.0.RELEASE/spring-plugin-core-1.2.0.RELEASE.jar:/Users/waaronwaddell/.m2/repository/org/springframework/plugin/spring-plugin-metadata/1.2.0.RELEASE/spring-plugin-metadata-1.2.0.RELEASE.jar:/Users/waaronwaddell/.m2/repository/io/springfox/springfox-swagger-ui/2.9.2/springfox-swagger-ui-2.9.2.jar:/Users/waaronwaddell/.m2/repository/org/springframework/boot/spring-boot-starter-test/2.2.6.RELEASE/spring-boot-starter-test-2.2.6.RELEASE.jar:/Users/waaronwaddell/.m2/repository/org/springframework/boot/spring-boot-test/2.2.6.RELEASE/spring-boot-test-2.2.6.RELEASE.jar:/Users/waaronwaddell/.m2/repository/org/springframework/boot/spring-boot-test-autoconfigure/2.2.6.RELEASE/spring-boot-test-autoconfigure-2.2.6.RELEASE.jar:/Users/waaronwaddell/.m2/repository/com/jayway/jsonpath/json-path/2.4.0/json-path-2.4.0.jar:/Users/waaronwaddell/.m2/repository/net/minidev/json-smart/2.3/json-smart-2.3.jar:/Users/waaronwaddell/.m2/repository/net/minidev/accessors-smart/1.2/accessors-smart-1.2.jar:/Users/waaronwaddell/.m2/repository/org/ow2/asm/asm/5.0.4/asm-5.0.4.jar:/Users/waaronwaddell/.m2/repository/jakarta/xml/bind/jakarta.xml.bind-api/2.3.3/jakarta.xml.bind-api-2.3.3.jar:/Users/waaronwaddell/.m2/repository/org/junit/jupiter/junit-jupiter/5.5.2/junit-jupiter-5.5.2.jar:/Users/waaronwaddell/.m2/repository/org/junit/jupiter/junit-jupiter-api/5.5.2/junit-jupiter-api-5.5.2.jar:/Users/waaronwaddell/.m2/repository/org/apiguardian/apiguardian-api/1.1.0/apiguardian-api-1.1.0.jar:/Users/waaronwaddell/.m2/repository/org/opentest4j/opentest4j/1.2.0/opentest4j-1.2.0.jar:/Users/waaronwaddell/.m2/repository/org/junit/platform/junit-platform-commons/1.5.2/junit-platform-commons-1.5.2.jar:/Users/waaronwaddell/.m2/repository/org/junit/jupiter/junit-jupiter-params/5.5.2/junit-jupiter-params-5.5.2.jar:/Users/waaronwaddell/.m2/repository/org/junit/jupiter/junit-jupiter-engine/5.5.2/junit-jupiter-engine-5.5.2.jar:/Users/waaronwaddell/.m2/repository/org/junit/platform/junit-platform-engine/1.5.2/junit-platform-engine-1.5.2.jar:/Users/waaronwaddell/.m2/repository/org/mockito/mockito-junit-jupiter/3.1.0/mockito-junit-jupiter-3.1.0.jar:/Users/waaronwaddell/.m2/repository/org/assertj/assertj-core/3.13.2/assertj-core-3.13.2.jar:/Users/waaronwaddell/.m2/repository/org/hamcrest/hamcrest/2.1/hamcrest-2.1.jar:/Users/waaronwaddell/.m2/repository/org/mockito/mockito-core/3.1.0/mockito-core-3.1.0.jar:/Users/waaronwaddell/.m2/repository/net/bytebuddy/byte-buddy-agent/1.10.8/byte-buddy-agent-1.10.8.jar:/Users/waaronwaddell/.m2/repository/org/objenesis/objenesis/2.6/objenesis-2.6.jar:/Users/waaronwaddell/.m2/repository/org/skyscreamer/jsonassert/1.5.0/jsonassert-1.5.0.jar:/Users/waaronwaddell/.m2/repository/com/vaadin/external/google/android-json/0.0.20131108.vaadin1/android-json-0.0.20131108.vaadin1.jar:/Users/waaronwaddell/.m2/repository/org/springframework/spring-core/5.2.5.RELEASE/spring-core-5.2.5.RELEASE.jar:/Users/waaronwaddell/.m2/repository/org/springframework/spring-jcl/5.2.5.RELEASE/spring-jcl-5.2.5.RELEASE.jar:/Users/waaronwaddell/.m2/repository/org/springframework/spring-test/5.2.5.RELEASE/spring-test-5.2.5.RELEASE.jar:/Users/waaronwaddell/.m2/repository/org/xmlunit/xmlunit-core/2.6.4/xmlunit-core-2.6.4.jar:/Users/waaronwaddell/.m2/repository/org/springframework/boot/spring-boot-configuration-processor/2.2.6.RELEASE/spring-boot-configuration-processor-2.2.6.RELEASE.jar:/Users/waaronwaddell/.m2/repository/org/hibernate/hibernate-ehcache/5.4.12.Final/hibernate-ehcache-5.4.12.Final.jar:/Users/waaronwaddell/.m2/repository/org/jboss/logging/jboss-logging/3.4.1.Final/jboss-logging-3.4.1.Final.jar:/Users/waaronwaddell/.m2/repository/net/sf/ehcache/ehcache/2.10.6/ehcache-2.10.6.jar:/Users/waaronwaddell/.m2/repository/commons-dbcp/commons-dbcp/1.4/commons-dbcp-1.4.jar:/Users/waaronwaddell/.m2/repository/commons-pool/commons-pool/1.6/commons-pool-1.6.jar:"/>
    <property name="sun.cpu.endian" value="little"/>
    <property name="user.home" value="/Users/waaronwaddell"/>
    <property name="user.language" value="en"/>
    <property name="java.specification.vendor" value="Oracle Corporation"/>
    <property name="java.version.date" value="2020-04-14"/>
    <property name="java.home" value="/Library/Java/JavaVirtualMachines/jdk-14.0.1.jdk/Contents/Home"/>
    <property name="file.separator" value="/"/>
    <property name="style.color" value="always"/>
    <property name="basedir" value="/Users/waaronwaddell/Documents/GitHub/Public/EDI/EDI-Public"/>
    <property name="java.vm.compressedOopsMode" value="Zero based"/>
    <property name="line.separator" value="&#10;"/>
    <property name="java.specification.name" value="Java Platform API Specification"/>
    <property name="java.vm.specification.vendor" value="Oracle Corporation"/>
    <property name="surefire.real.class.path" value="/Users/waaronwaddell/Documents/GitHub/Public/EDI/EDI-Public/target/surefire/surefirebooter1253495891782149255.jar"/>
    <property name="sun.management.compiler" value="HotSpot 64-Bit Tiered Compilers"/>
    <property name="ftp.nonProxyHosts" value="local|*.local|169.254/16|*.169.254/16"/>
    <property name="java.runtime.version" value="14.0.1+7"/>
    <property name="user.name" value="waaronwaddell"/>
    <property name="path.separator" value=":"/>
    <property name="os.version" value="10.15.5"/>
    <property name="java.runtime.name" value="Java(TM) SE Runtime Environment"/>
    <property name="file.encoding" value="UTF-8"/>
    <property name="java.vm.name" value="Java HotSpot(TM) 64-Bit Server VM"/>
    <property name="localRepository" value="/Users/waaronwaddell/.m2/repository"/>
    <property name="java.vendor.url.bug" value="https://bugreport.java.com/bugreport/"/>
    <property name="java.io.tmpdir" value="/var/folders/v1/7ssr3hdd2_qfv951y30bn48w0000gn/T/"/>
    <property name="java.version" value="14.0.1"/>
    <property name="user.dir" value="/Users/waaronwaddell/Documents/GitHub/Public/EDI/EDI-Public"/>
    <property name="os.arch" value="x86_64"/>
    <property name="java.vm.specification.name" value="Java Virtual Machine Specification"/>
    <property name="java.library.path" value="/Users/waaronwaddell/Library/Java/Extensions:/Library/Java/Extensions:/Network/Library/Java/Extensions:/System/Library/Java/Extensions:/usr/lib/java:."/>
    <property name="java.vm.info" value="mixed mode, sharing"/>
    <property name="java.vendor" value="Oracle Corporation"/>
    <property name="java.vm.version" value="14.0.1+7"/>
    <property name="sun.io.unicode.encoding" value="UnicodeBig"/>
    <property name="socksNonProxyHosts" value="local|*.local|169.254/16|*.169.254/16"/>
    <property name="java.class.version" value="58.0"/>
  </properties>
  <testcase name="testSave" classname="com.shaw.ediorderservices.service.order.HardsurfacesOrderServiceTest" time="0.001">
    <failure message="Not yet implemented" type="org.opentest4j.AssertionFailedError">org.opentest4j.AssertionFailedError: Not yet implemented
	at com.shaw.ediorderservices.service.order.HardsurfacesOrderServiceTest.testSave(HardsurfacesOrderServiceTest.java:21)
</failure>
    <system-out><![CDATA[2020-06-19 13:28:28 DEBUG [MockBuilder.java:94] set eventInfo -> GDlDmjqDmksUQJp
2020-06-19 13:28:28 DEBUG [MockBuilder.java:94] set orderRetTotal -> 63919.50399925387
2020-06-19 13:28:28 DEBUG [MockBuilder.java:94] set consStatusMsg -> fbCPhTSSyGJmbjySvOVz
2020-06-19 13:28:28 DEBUG [MockBuilder.java:94] set storeName -> FHnARdNOEWExnURhvGxG
2020-06-19 13:28:28 DEBUG [MockBuilder.java:94] set orderingSystem -> vw
2020-06-19 13:28:28 DEBUG [MockBuilder.java:94] set explodeFlag -> B
2020-06-19 13:28:28 DEBUG [MockBuilder.java:94] set ohStatusCode -> Z
2020-06-19 13:28:28 DEBUG [MockBuilder.java:94] set shipPartCompInd -> G
2020-06-19 13:28:28 DEBUG [MockBuilder.java:94] set orderType -> l
2020-06-19 13:28:28 DEBUG [MockBuilder.java:94] set termsNetDays -> ege
2020-06-19 13:28:28 DEBUG [MockBuilder.java:94] set contractUsageInd -> s
2020-06-19 13:28:28 DEBUG [MockBuilder.java:94] set onNote -> fMOmJRRwFOTlffAGllNI
2020-06-19 13:28:28 DEBUG [MockBuilder.java:94] set termsTypeFlag -> VX
2020-06-19 13:28:28 DEBUG [MockBuilder.java:94] set orderTypeDesc -> OIDhjrmBSxcnmsm
2020-06-19 13:28:28 DEBUG [MockBuilder.java:94] set shipPt -> re
2020-06-19 13:28:28 DEBUG [MockBuilder.java:94] set crossDockCenter -> wYALGsyxKt
2020-06-19 13:28:28 DEBUG [MockBuilder.java:94] set totalBindingFt -> 3024045.8163756686
2020-06-19 13:28:28 DEBUG [MockBuilder.java:94] set fobPoint -> Ri
2020-06-19 13:28:28 DEBUG [MockBuilder.java:94] set onlineType -> R
2020-06-19 13:28:28 DEBUG [MockBuilder.java:94] set custDept -> cTbEk
2020-06-19 13:28:28 DEBUG [MockBuilder.java:94] set srvLevel -> eZ
2020-06-19 13:28:28 DEBUG [MockBuilder.java:94] set phoneNumber -> rzbJSvUAghR
2020-06-19 13:28:28 DEBUG [MockBuilder.java:94] set frtCode -> X
2020-06-19 13:28:28 DEBUG [MockBuilder.java:94] set orderDate -> 1971-08-15
2020-06-19 13:28:28 DEBUG [MockBuilder.java:94] set orderWeight -> 4526650.040030949
2020-06-19 13:28:28 DEBUG [MockBuilder.java:94] set chngLid -> kkRSCBmD
2020-06-19 13:28:28 DEBUG [MockBuilder.java:94] set giftMessage1 -> CDifXhJGoDXXFpkQKsNG
2020-06-19 13:28:28 DEBUG [MockBuilder.java:94] set specialInstruct1 -> EGMbUCFRrZFYfczuNzOt
2020-06-19 13:28:28 DEBUG [MockBuilder.java:94] set statusCode -> p
2020-06-19 13:28:28 DEBUG [MockBuilder.java:94] set chngTimestamp -> 1970-01-01T01:41:32
2020-06-19 13:28:28 DEBUG [MockBuilder.java:94] set poControl -> ZOfqE
2020-06-19 13:28:28 DEBUG [MockBuilder.java:94] set orderRetHand -> 8588364.611471886
2020-06-19 13:28:28 DEBUG [MockBuilder.java:94] set giftMessage2 -> qaingrYtYaeoZuBPjhbO
2020-06-19 13:28:28 DEBUG [MockBuilder.java:94] set stdCarrAlphaInd -> unrc
2020-06-19 13:28:28 DEBUG [MockBuilder.java:94] set poDateValue -> 1991-02-03
2020-06-19 13:28:28 DEBUG [MockBuilder.java:94] set orderRetSh -> 9361237.863601511
2020-06-19 13:28:28 DEBUG [MockBuilder.java:94] set commCust -> Qcrttnp
2020-06-19 13:28:28 DEBUG [MockBuilder.java:94] set hostAlertFlag -> m
2020-06-19 13:28:28 DEBUG [MockBuilder.java:94] set orderLoc -> xH
2020-06-19 13:28:28 DEBUG [MockBuilder.java:94] set poDateQualifier -> gZt
2020-06-19 13:28:28 DEBUG [MockBuilder.java:94] set orderRetTax -> 9971378.671679053
2020-06-19 13:28:28 DEBUG [MockBuilder.java:94] set customerCode -> VY
2020-06-19 13:28:28 DEBUG [MockBuilder.java:94] set dunsNbr -> xIYpboLnYFHxwKw
2020-06-19 13:28:28 DEBUG [MockBuilder.java:94] set poNumber -> CzPwDnQfTGjKrQRlYkxM
2020-06-19 13:28:28 DEBUG [MockBuilder.java:94] set specialInstruct2 -> mFYjbUyjoZWWrjeNOtEe
2020-06-19 13:28:28 DEBUG [MockBuilder.java:94] set phone -> uNPmGusSgKkZhqy
2020-06-19 13:28:28 DEBUG [MockBuilder.java:94] set custNbr -> thgNDpR
2020-06-19 13:28:28 DEBUG [MockBuilder.java:94] set errorCode -> NdY
2020-06-19 13:28:28 DEBUG [MockBuilder.java:94] set poQual -> Ea
2020-06-19 13:28:28 DEBUG [MockBuilder.java:94] set orderMerCost -> 4687771.116819274
2020-06-19 13:28:28 DEBUG [MockBuilder.java:94] set poType -> sdsNT
2020-06-19 13:28:28 DEBUG [MockBuilder.java:94] set salesCheckNumber -> kWDVcsPiGNmvgywwgdOi
2020-06-19 13:28:28 DEBUG [MockBuilder.java:94] set specialInstruct3 -> eLLIKpysElQrnQDptVcu
2020-06-19 13:28:28 DEBUG [MockBuilder.java:94] set customerRefNbr -> KEN
2020-06-19 13:28:28 DEBUG [MockBuilder.java:94] set errorDescription -> FzGlFfihKvOPybymxsoE
2020-06-19 13:28:28 DEBUG [MockBuilder.java:94] set shawOrderNumber -> ziaJdt
2020-06-19 13:28:28 DEBUG [MockBuilder.java:94] set poTypeSuffix -> yIIhjPbgNH
2020-06-19 13:28:28 DEBUG [MockBuilder.java:94] set specialInstruct4 -> mtFjcKzDtuTCrizUPfuE
2020-06-19 13:28:28 DEBUG [MockBuilder.java:94] set province -> KUFYcGvJOXOiEoDXIrz
2020-06-19 13:28:28 DEBUG [MockBuilder.java:94] set nbDate -> 1988-01-07
2020-06-19 13:28:28 DEBUG [MockBuilder.java:94] set customerSidemark -> EnYKWHcTJTeKvVOKxLop
2020-06-19 13:28:28 DEBUG [MockBuilder.java:94] set specialPoNo -> pJYzSheRpwZwRXYOhspT
2020-06-19 13:28:28 DEBUG [MockBuilder.java:94] set salesReqCode -> Ux
2020-06-19 13:28:28 DEBUG [MockBuilder.java:94] set errorTimestamp -> 1970-01-01T00:58:59
2020-06-19 13:28:28 DEBUG [MockBuilder.java:94] set name -> UaXiRnSlWyaVTrJzxgxw
2020-06-19 13:28:28 DEBUG [MockBuilder.java:94] set psMsg -> myjINijWnQAZjbSEmYjv
2020-06-19 13:28:28 DEBUG [MockBuilder.java:94] set shipComplete -> b
2020-06-19 13:28:28 DEBUG [MockBuilder.java:94] set deliveryDate -> 1972-08-17
2020-06-19 13:28:28 DEBUG [MockBuilder.java:94] set sellCo -> mV
2020-06-19 13:28:28 DEBUG [MockBuilder.java:94] set beg -> xSvAC
2020-06-19 13:28:28 DEBUG [MockBuilder.java:94] set newStoreInd -> I
2020-06-19 13:28:28 DEBUG [MockBuilder.java:94] set delvCutOffDt -> 1983-08-09
2020-06-19 13:28:28 DEBUG [MockBuilder.java:94] set shipDateValue -> 1971-12-11
2020-06-19 13:28:28 DEBUG [MockBuilder.java:94] set seqNbr -> 715963
2020-06-19 13:28:28 DEBUG [MockBuilder.java:94] set flag -> 790189
2020-06-19 13:28:28 DEBUG [MockBuilder.java:94] set noAsnFlag -> v
2020-06-19 13:28:28 DEBUG [MockBuilder.java:94] set divDesc -> EDpkYXjUehYslgIYUIIs
2020-06-19 13:28:28 DEBUG [MockBuilder.java:94] set custPmtMeth -> KWNHlYIaiFAXKAFepeuG
2020-06-19 13:28:28 DEBUG [MockBuilder.java:94] set reserveOrderInd -> g
2020-06-19 13:28:28 DEBUG [MockBuilder.java:94] set shipDateQualifier -> evD
2020-06-19 13:28:28 DEBUG [MockBuilder.java:94] set inputMethod -> teAWgGroKF
2020-06-19 13:28:28 DEBUG [MockBuilder.java:94] set custSpInst -> mHCdRSRqArroHrgRvREW
2020-06-19 13:28:28 DEBUG [MockBuilder.java:94] set billToState -> wa
2020-06-19 13:28:28 DEBUG [MockBuilder.java:94] set returnMsg -> jXHPdUIkfLiOSmcZKvOt
2020-06-19 13:28:28 DEBUG [MockBuilder.java:94] set shipInstruction -> qHzcbZIFmHgSCTlqfOqn
2020-06-19 13:28:28 DEBUG [MockBuilder.java:94] set ohCancelDateValue -> 1996-09-07
2020-06-19 13:28:28 DEBUG [MockBuilder.java:94] set billToStore -> wgeMbNMvqx
2020-06-19 13:28:28 DEBUG [MockBuilder.java:94] set custWhNbr -> vsnV
2020-06-19 13:28:28 DEBUG [MockBuilder.java:94] set truncFlag -> Q
2020-06-19 13:28:28 DEBUG [MockBuilder.java:94] set routeByDate -> 1971-09-07
2020-06-19 13:28:28 DEBUG [MockBuilder.java:94] set bsStoreNbr -> FjTRjCkGUw
2020-06-19 13:28:28 DEBUG [MockBuilder.java:94] set markForStore -> MwBvyRZWxG
2020-06-19 13:28:28 DEBUG [MockBuilder.java:94] set agreementNumber -> aDKOuALnpxBRiBz
2020-06-19 13:28:28 DEBUG [MockBuilder.java:94] set acctContact -> rNWEzEmWNDXHKBUCrgEE
2020-06-19 13:28:28 DEBUG [MockBuilder.java:94] set zip -> FJxhKVBPVAo
2020-06-19 13:28:28 DEBUG [MockBuilder.java:94] set shipByCutOffDt -> 1985-11-04
2020-06-19 13:28:28 DEBUG [MockBuilder.java:94] set cancelDateQualifier -> Njm
2020-06-19 13:28:28 DEBUG [MockBuilder.java:94] set mediaEventCode -> nY
2020-06-19 13:28:28 DEBUG [MockBuilder.java:94] set assignedAgent -> dDDDgFwM
2020-06-19 13:28:28 DEBUG [MockBuilder.java:94] set userId -> UrgJUCRE
2020-06-19 13:28:28 DEBUG [MockBuilder.java:94] set carrierCode -> hn
2020-06-19 13:28:28 DEBUG [MockBuilder.java:94] set country -> rQbQkYjiWATDrsQMaPw
2020-06-19 13:28:28 DEBUG [MockBuilder.java:94] set acknowlegeOrdInd -> d
2020-06-19 13:28:28 DEBUG [MockBuilder.java:94] set authRep -> THkXeBVXZXobVvfClggs
2020-06-19 13:28:28 DEBUG [MockBuilder.java:94] set store -> UQDKtuldzf
2020-06-19 13:28:28 DEBUG [MockBuilder.java:94] set cbCutLength -> 6520341.493781294
2020-06-19 13:28:28 DEBUG [MockBuilder.java:94] set addrKey -> 405347
2020-06-19 13:28:28 DEBUG [MockBuilder.java:94] set shipByDate -> 1993-12-01
2020-06-19 13:28:28 DEBUG [MockBuilder.java:94] set vendorNo -> ZzYYWnsiVydnQLW
2020-06-19 13:28:28 DEBUG [MockBuilder.java:94] set authorizationNo -> raownKNsun
2020-06-19 13:28:28 DEBUG [MockBuilder.java:94] set addressLine2 -> pNCDeBAxJiMxVzIfSMEJ
2020-06-19 13:28:28 DEBUG [MockBuilder.java:94] set cnCity -> ztPhjboTJPYuejYtnyA
2020-06-19 13:28:28 DEBUG [MockBuilder.java:94] set shipCancelDate -> 1988-08-18
2020-06-19 13:28:28 DEBUG [MockBuilder.java:94] set city -> IcnbAAljYwotXUcKeiN
2020-06-19 13:28:28 DEBUG [MockBuilder.java:94] set addressLine1 -> onirwUoLYzARflBcBvTs
2020-06-19 13:28:28 DEBUG [MockBuilder.java:94] set state -> sE
2020-06-19 13:28:28 DEBUG [MockBuilder.java:94] set destCode -> Qg
2020-06-19 13:28:28 DEBUG [MockBuilder.java:94] set custNbr -> bjYFmAM
2020-06-19 13:28:28 DEBUG [MockBuilder.java:94] set wcStore -> OIWvYRIubr
2020-06-19 13:28:28 DEBUG [MockBuilder.java:94] set shipToAddress -> LegacyShipToAddress [addressLine1=onirwUoLYzARflBcBvTs, addressLine2=pNCDeBAxJiMxVzIfSMEJ, city=IcnbAAljYwotXUcKeiN, cnCity=ztPhjboTJPYuejYtnyA, country=rQbQkYjiWATDrsQMaPw, custNbr=bjYFmAM, destCode=Qg, flag=790189, name=UaXiRnSlWyaVTrJzxgxw, phone=uNPmGusSgKkZhqy, province=KUFYcGvJOXOiEoDXIrz, state=sE, store=UQDKtuldzf, truncFlag=Q, zip=FJxhKVBPVAo]
2020-06-19 13:28:28 DEBUG [MockBuilder.java:94] set state -> ps
2020-06-19 13:28:28 DEBUG [MockBuilder.java:94] set ccountry -> vtksqRcQZDslCywNfvet
2020-06-19 13:28:28 DEBUG [MockBuilder.java:94] set city -> iApWzlrjUwFNjumiiRn
2020-06-19 13:28:28 DEBUG [MockBuilder.java:94] set cphone -> PNptZlHKJXEPofcSVsRR
2020-06-19 13:28:28 DEBUG [MockBuilder.java:94] set addressLine2 -> dEWMdDbfHLpCHVCbgfle
2020-06-19 13:28:28 DEBUG [MockBuilder.java:94] set name -> ZxppkeiOaDuezEJTVNAa
2020-06-19 13:28:28 DEBUG [MockBuilder.java:94] set consumerPoDateValue -> 1996-03-04
2020-06-19 13:28:28 DEBUG [MockBuilder.java:94] set cprovince -> BsqispNvrtcUQhJKzvym
2020-06-19 13:28:28 DEBUG [MockBuilder.java:94] set zip -> ytnDEdNcM
2020-06-19 13:28:28 DEBUG [MockBuilder.java:94] set addressLine1 -> SIrJdfpFGoXMFyevhtLx
2020-06-19 13:28:28 DEBUG [MockBuilder.java:94] set addressLine1 -> wounoZzWGImJVktKvVFj
2020-06-19 13:28:28 DEBUG [MockBuilder.java:94] set name2 -> iDrHSrKDuMKrSjEHYyWV
2020-06-19 13:28:28 DEBUG [MockBuilder.java:94] set city -> hmESuFoCkHBfSMijhJAp
2020-06-19 13:28:28 DEBUG [MockBuilder.java:94] set state -> MX
2020-06-19 13:28:28 DEBUG [MockBuilder.java:94] set tpcountry -> qgoPYQiRTdVVvmgnrfvS
2020-06-19 13:28:28 DEBUG [MockBuilder.java:94] set tpprovince -> TAKaBrCBLUGyuHuBqcEE
2020-06-19 13:28:28 DEBUG [MockBuilder.java:94] set consumerShipFlg -> X
2020-06-19 13:28:28 DEBUG [MockBuilder.java:94] set name -> kuYldPEaRfWTntxRnZlB
2020-06-19 13:28:28 DEBUG [MockBuilder.java:94] set tpphone -> FSVNVCsOYZabuPpChgtS
2020-06-19 13:28:28 DEBUG [MockBuilder.java:94] set addressLine2 -> HIOoSkLcRvHGnMXFNsxr
2020-06-19 13:28:28 DEBUG [MockBuilder.java:94] set zip -> oEfPYfRMhcGjLvaE
2020-06-19 13:28:28 DEBUG [MockBuilder.java:94] set accountNbr -> EbSITEXcHyVVILxMhJWq
2020-06-19 13:28:28 DEBUG [MockBuilder.java:94] set billFlag -> D
2020-06-19 13:28:28 DEBUG [MockBuilder.java:94] set consumerAddress -> LegacyConsumerAddress [cprovince=BsqispNvrtcUQhJKzvym, ccountry=vtksqRcQZDslCywNfvet, cphone=PNptZlHKJXEPofcSVsRR, addressLine1=wounoZzWGImJVktKvVFj, addressLine2=dEWMdDbfHLpCHVCbgfle, city=iApWzlrjUwFNjumiiRn, name=ZxppkeiOaDuezEJTVNAa, consumerPoDateValue=1996-03-04, consumerShipFlg=X, state=ps, zip=ytnDEdNcM]
2020-06-19 13:28:28 DEBUG [MockBuilder.java:94] set purchasedBy -> yPMQDZRZkpiculJzZYxC
2020-06-19 13:28:28 DEBUG [MockBuilder.java:94] set thirdPartyAddress -> LegacyThirdPartyAddress [tpprovince=TAKaBrCBLUGyuHuBqcEE, tpcountry=qgoPYQiRTdVVvmgnrfvS, tpphone=FSVNVCsOYZabuPpChgtS, addressLine1=SIrJdfpFGoXMFyevhtLx, addressLine2=HIOoSkLcRvHGnMXFNsxr, accountNbr=EbSITEXcHyVVILxMhJWq, billFlag=D, city=hmESuFoCkHBfSMijhJAp, name=kuYldPEaRfWTntxRnZlB, name2=iDrHSrKDuMKrSjEHYyWV, state=MX, zip=oEfPYfRMhcGjLvaE]
2020-06-19 13:28:28 DEBUG [MockBuilder.java:94] set dates -> null
2020-06-19 13:28:28 DEBUG [MockBuilder.java:94] set lines -> null
2020-06-19 13:28:28 DEBUG [MockBuilder.java:94] set rcdCode -> Q
2020-06-19 13:28:28 DEBUG [MockBuilder.java:94] set receivedTimestamp -> 1970-01-01T01:50:19
2020-06-19 13:28:28 DEBUG [MockBuilder.java:94] set refTcNbr -> GMXOWaMvkTTFoesGzTMk
2020-06-19 13:28:28 DEBUG [MockHelper.java:99] EdiOrderHeader [legacyOrderNumber=null, acctContact=rNWEzEmWNDXHKBUCrgEE, acknowlegeOrdInd=d, addrKey=405347, agreementNumber=aDKOuALnpxBRiBz, assignedAgent=dDDDgFwM, authRep=THkXeBVXZXobVvfClggs, authorizationNo=raownKNsun, beg=xSvAC, billToState=wa, billToStore=wgeMbNMvqx, bsStoreNbr=FjTRjCkGUw, cancelDateQualifier=Njm, carrierCode=hn, cbCutLength=6520341.493781294, chngLid=kkRSCBmD, chngTimestamp=1970-01-01T01:41:32, commCust=Qcrttnp, consStatusMsg=fbCPhTSSyGJmbjySvOVz, contractUsageInd=s, crossDockCenter=wYALGsyxKt, custDept=cTbEk, custPmtMeth=KWNHlYIaiFAXKAFepeuG, custSpInst=mHCdRSRqArroHrgRvREW, custWhNbr=vsnV, customerCode=VY, custNbr=thgNDpR, customerRefNbr=KEN, customerSidemark=EnYKWHcTJTeKvVOKxLop, deliveryDate=1972-08-17, delvCutOffDt=1983-08-09, divDesc=EDpkYXjUehYslgIYUIIs, dunsNbr=xIYpboLnYFHxwKw, errorCode=NdY, errorDescription=FzGlFfihKvOPybymxsoE, errorTimestamp=1970-01-01T00:58:59, eventInfo=GDlDmjqDmksUQJp, explodeFlag=B, fobPoint=Ri, frtCode=X, giftMessage1=CDifXhJGoDXXFpkQKsNG, giftMessage2=qaingrYtYaeoZuBPjhbO, hostAlertFlag=m, inputMethod=teAWgGroKF, markForStore=MwBvyRZWxG, mediaEventCode=nY, nbDate=1988-01-07, newStoreInd=I, noAsnFlag=v, ohCancelDateValue=1996-09-07, ohStatusCode=Z, onNote=fMOmJRRwFOTlffAGllNI, onlineType=R, orderDate=1971-08-15, orderLoc=01, orderMerCost=4687771.116819274, shawOrderNumber=ziaJdt, orderRetHand=8588364.611471886, orderRetSh=9361237.863601511, orderRetTax=9971378.671679053, orderRetTotal=63919.50399925387, orderType=S, orderTypeDesc=SAMPLES, orderWeight=4526650.040030949, orderingSystem=vw, phoneNumber=rzbJSvUAghR, poControl=ZOfqE, poDateValue=1991-02-03, poDateQualifier=gZt, poNumber=CzPwDnQfTGjKrQRlYkxM, poQual=Ea, poType=sdsNT, poTypeSuffix=yIIhjPbgNH, psMsg=myjINijWnQAZjbSEmYjv, purchasedBy=yPMQDZRZkpiculJzZYxC, rcdCode=Q, receivedTimestamp=1970-01-01T01:50:19, refTcNbr=GMXOWaMvkTTFoesGzTMk, reserveOrderInd=g, returnMsg=jXHPdUIkfLiOSmcZKvOt, routeByDate=1971-09-07, salesCheckNumber=kWDVcsPiGNmvgywwgdOi, salesReqCode=Ux, sellCo=mV, seqNbr=715963, shipByCutOffDt=1985-11-04, shipByDate=1993-12-01, shipCancelDate=1988-08-18, shipComplete=b, shipDateValue=1971-12-11, shipDateQualifier=evD, shipInstruction=qHzcbZIFmHgSCTlqfOqn, shipPartCompInd=G, shipPt=re, specialInstruct1=EGMbUCFRrZFYfczuNzOt, specialInstruct2=mFYjbUyjoZWWrjeNOtEe, specialInstruct3=eLLIKpysElQrnQDptVcu, specialInstruct4=mtFjcKzDtuTCrizUPfuE, specialPoNo=pJYzSheRpwZwRXYOhspT, srvLevel=eZ, statusCode=p, stdCarrAlphaInd=unrc, storeName=FHnARdNOEWExnURhvGxG, termsNetDays=ege, termsTypeFlag=VX, totalBindingFt=3024045.8163756686, userId=UrgJUCRE, vendorNo=ZzYYWnsiVydnQLW, wcStore=OIWvYRIubr, consumerAddress=LegacyConsumerAddress [cprovince=BsqispNvrtcUQhJKzvym, ccountry=vtksqRcQZDslCywNfvet, cphone=PNptZlHKJXEPofcSVsRR, addressLine1=wounoZzWGImJVktKvVFj, addressLine2=dEWMdDbfHLpCHVCbgfle, city=iApWzlrjUwFNjumiiRn, name=ZxppkeiOaDuezEJTVNAa, consumerPoDateValue=1996-03-04, consumerShipFlg=X, state=ps, zip=ytnDEdNcM], shipToAddress=LegacyShipToAddress [addressLine1=onirwUoLYzARflBcBvTs, addressLine2=pNCDeBAxJiMxVzIfSMEJ, city=IcnbAAljYwotXUcKeiN, cnCity=ztPhjboTJPYuejYtnyA, country=rQbQkYjiWATDrsQMaPw, custNbr=bjYFmAM, destCode=Qg, flag=790189, name=UaXiRnSlWyaVTrJzxgxw, phone=uNPmGusSgKkZhqy, province=KUFYcGvJOXOiEoDXIrz, state=sE, store=UQDKtuldzf, truncFlag=Q, zip=FJxhKVBPVAo], thirdPartyAddress=LegacyThirdPartyAddress [tpprovince=TAKaBrCBLUGyuHuBqcEE, tpcountry=qgoPYQiRTdVVvmgnrfvS, tpphone=FSVNVCsOYZabuPpChgtS, addressLine1=SIrJdfpFGoXMFyevhtLx, addressLine2=HIOoSkLcRvHGnMXFNsxr, accountNbr=EbSITEXcHyVVILxMhJWq, billFlag=D, city=hmESuFoCkHBfSMijhJAp, name=kuYldPEaRfWTntxRnZlB, name2=iDrHSrKDuMKrSjEHYyWV, state=MX, zip=oEfPYfRMhcGjLvaE], dates=null, lines=null]
Hibernate: call next value for SHXP.EDI_ORDER_NBR
Hibernate: insert into EDI_ORDER_HEADER (ACCT_CONTACT, ACKNOWLEGE_ORD_IND, ADDR_KEY, AGREEMENT_NUMBER, ASSIGNED_AGENT, AUTH_REP, AUTHORIZATION_NO, beg, BILL_TO_STATE, BILL_TO_STORE, BS_STORE_NBR, CANCEL_DATE_QUAL, CARRIER_CODE, CB_CUT_LENGTH, CHNG_LID, CHNG_TIMESTAMP, COMM_CUST, CONS_STATUS_MSG, CONSUMER_ADDRESS, CONSUMER_ADDRESS_2, CONSUMER_CITY, CONSUMER_PO_DATE, CONSUMER_SHIP_FLG, CONSUMER_NAME, CONSUMER_STATE, CONSUMER_ZIP, CONTRACT_USAGE_IND, CROSS_DOCK_CENTER, CUST_DEPT, CUSTOMER_NUMBER, CUST_PMT_METH, CUST_SP_INST, CUST_WH_NBR, CUSTOMER_CODE, CUSTOMER_REF_NBR, CUSTOMER_SIDEMARK, DELIVERY_DATE, DELV_CUT_OFF_DT, DIV_DESC, DUNS_NBR, ERROR_CODE, ERROR_DESCRIPTION, ERROR_TIMESTAMP, EVENT_INFO, EXPLODE_FLAG, FOB_POINT, FRT_CODE, GIFT_MESSAGE_1, GIFT_MESSAGE_2, HOST_ALERT_FLAG, INPUT_METHOD, MARK_FOR_STORE, MEDIA_EVENT_CODE, NB_DATE, NEW_STORE_IND, NO_ASN_FLAG, OH_CANCEL_DATE, OH_STATUS_CODE, ON_NOTE, ONLINE_TYPE, ORDER_DATE, ORDER_LOC, ORDER_MER_COST, ORDER_RET_HAND, ORDER_RET_SH, ORDER_RET_TAX, ORDER_RET_TOTAL, ORDER_TYPE, ORDER_TYPE_DESC, ORDER_WEIGHT, ORDERING_SYSTEM, PHONE_NUMBER, PO_CONTROL, PO_DATE_QUAL, PO_DATE, PO_NUMBER, PO_QUAL, PO_TYPE, PO_TYPE_SUFFIX, PS_MSG, PURCHASED_BY, RCD_CODE, RECEIVED_TIMESTAMP, REF_TC_NBR, RESERVE_ORDER_IND, RETURN_MSG, ROUTE_BY_DATE, SALES_CHECK_NUMBER, SALES_REQ_CODE, SELL_CO, SEQ_NBR, ORDER_NUMBER, SHIP_BY_CUT_OFF_DT, SHIP_BY_DATE, SHIP_CANCEL_DATE, SHIP_COMPLETE, SHIP_DATE_QUAL, SHIP_DATE, SHIP_INSTRUCTION, SHIP_PART_COMP_IND, SHIP_PT, SHIP_TO_ADDRESS_1, SHIP_TO_ADDRESS_2, SHIP_TO_CITY, SHIP_TO_CN_CITY, SHIP_TO_COUNTRY, SHIP_TO_CUST_NBR, SHIP_TO_DEST_COD, SHIP_TO_FLAG, SHIP_TO_NAME, SHIP_TO_PHONE, SHIP_TO_PROVENCE, SHIP_TO_STATE, SHIP_TO_STORE, SHIP_TO_TRUNC_FLG, SHIP_TO_ZIP, SPECIAL_INSTRUCT_1, SPECIAL_INSTRUCT_2, SPECIAL_INSTRUCT_3, SPECIAL_INSTRUCT_4, SPECIAL_PO_NO, SRV_LEVEL, STATUS_CODE, STD_CARR_ALPHA_IND, STORE_NAME, TERMS_NET_DAYS, TERMS_TYPE_FLAG, THIRD_PARTY_ACCT_NBR, THIRD_PARTY_ADDR_1, THIRD_PARTY_ADDR_2, THIRD_PARTY_BILL_FLAG, THIRD_PARTY_CITY, THIRD_PARTY_NAME, THIRD_PARTY_NAME_2, THIRD_PARTY_STATE, THIRD_PARTY_ZIP, TOTAL_BINDING_FT, USER_ID, VENDOR_NO, WC_STORE, EDI_ORDER_NUMBER) values (?, ?, ?, ?, ?, ?, ?, ?, ?, ?, ?, ?, ?, ?, ?, ?, ?, ?, ?, ?, ?, ?, ?, ?, ?, ?, ?, ?, ?, ?, ?, ?, ?, ?, ?, ?, ?, ?, ?, ?, ?, ?, ?, ?, ?, ?, ?, ?, ?, ?, ?, ?, ?, ?, ?, ?, ?, ?, ?, ?, ?, ?, ?, ?, ?, ?, ?, ?, ?, ?, ?, ?, ?, ?, ?, ?, ?, ?, ?, ?, ?, ?, ?, ?, ?, ?, ?, ?, ?, ?, ?, ?, ?, ?, ?, ?, ?, ?, ?, ?, ?, ?, ?, ?, ?, ?, ?, ?, ?, ?, ?, ?, ?, ?, ?, ?, ?, ?, ?, ?, ?, ?, ?, ?, ?, ?, ?, ?, ?, ?, ?, ?, ?, ?, ?, ?, ?, ?, ?, ?, ?)
2020-06-19 13:28:28 TRACE [BasicBinder.java:64] binding parameter [1] as [VARCHAR] - [rNWEzEmWNDXHKBUCrgEE]
2020-06-19 13:28:28 TRACE [BasicBinder.java:64] binding parameter [2] as [VARCHAR] - [d]
2020-06-19 13:28:28 TRACE [BasicBinder.java:64] binding parameter [3] as [INTEGER] - [405347]
2020-06-19 13:28:28 TRACE [BasicBinder.java:64] binding parameter [4] as [VARCHAR] - [aDKOuALnpxBRiBz]
2020-06-19 13:28:28 TRACE [BasicBinder.java:64] binding parameter [5] as [VARCHAR] - [dDDDgFwM]
2020-06-19 13:28:28 TRACE [BasicBinder.java:64] binding parameter [6] as [VARCHAR] - [THkXeBVXZXobVvfClggs]
2020-06-19 13:28:28 TRACE [BasicBinder.java:64] binding parameter [7] as [VARCHAR] - [raownKNsun]
2020-06-19 13:28:28 TRACE [BasicBinder.java:64] binding parameter [8] as [VARCHAR] - [xSvAC]
2020-06-19 13:28:28 TRACE [BasicBinder.java:64] binding parameter [9] as [VARCHAR] - [wa]
2020-06-19 13:28:28 TRACE [BasicBinder.java:64] binding parameter [10] as [VARCHAR] - [wgeMbNMvqx]
2020-06-19 13:28:28 TRACE [BasicBinder.java:64] binding parameter [11] as [VARCHAR] - [FjTRjCkGUw]
2020-06-19 13:28:28 TRACE [BasicBinder.java:64] binding parameter [12] as [VARCHAR] - [Njm]
2020-06-19 13:28:28 TRACE [BasicBinder.java:64] binding parameter [13] as [VARCHAR] - [hn]
2020-06-19 13:28:28 TRACE [BasicBinder.java:64] binding parameter [14] as [DOUBLE] - [6520341.493781294]
2020-06-19 13:28:28 TRACE [BasicBinder.java:64] binding parameter [15] as [VARCHAR] - [kkRSCBmD]
2020-06-19 13:28:28 TRACE [BasicBinder.java:64] binding parameter [16] as [TIMESTAMP] - [1970-01-01T01:41:32]
2020-06-19 13:28:28 TRACE [BasicBinder.java:64] binding parameter [17] as [VARCHAR] - [Qcrttnp]
2020-06-19 13:28:28 TRACE [BasicBinder.java:64] binding parameter [18] as [VARCHAR] - [fbCPhTSSyGJmbjySvOVz]
2020-06-19 13:28:28 TRACE [BasicBinder.java:64] binding parameter [19] as [VARCHAR] - [wounoZzWGImJVktKvVFj]
2020-06-19 13:28:28 TRACE [BasicBinder.java:64] binding parameter [20] as [VARCHAR] - [dEWMdDbfHLpCHVCbgfle]
2020-06-19 13:28:28 TRACE [BasicBinder.java:64] binding parameter [21] as [VARCHAR] - [iApWzlrjUwFNjumiiRn]
2020-06-19 13:28:28 TRACE [BasicBinder.java:64] binding parameter [22] as [DATE] - [1996-03-04]
2020-06-19 13:28:28 TRACE [BasicBinder.java:64] binding parameter [23] as [VARCHAR] - [X]
2020-06-19 13:28:28 TRACE [BasicBinder.java:64] binding parameter [24] as [VARCHAR] - [ZxppkeiOaDuezEJTVNAa]
2020-06-19 13:28:28 TRACE [BasicBinder.java:64] binding parameter [25] as [VARCHAR] - [ps]
2020-06-19 13:28:28 TRACE [BasicBinder.java:64] binding parameter [26] as [VARCHAR] - [ytnDEdNcM]
2020-06-19 13:28:28 TRACE [BasicBinder.java:64] binding parameter [27] as [VARCHAR] - [s]
2020-06-19 13:28:28 TRACE [BasicBinder.java:64] binding parameter [28] as [VARCHAR] - [wYALGsyxKt]
2020-06-19 13:28:28 TRACE [BasicBinder.java:64] binding parameter [29] as [VARCHAR] - [cTbEk]
2020-06-19 13:28:28 TRACE [BasicBinder.java:64] binding parameter [30] as [VARCHAR] - [thgNDpR]
2020-06-19 13:28:28 TRACE [BasicBinder.java:64] binding parameter [31] as [VARCHAR] - [KWNHlYIaiFAXKAFepeuG]
2020-06-19 13:28:28 TRACE [BasicBinder.java:64] binding parameter [32] as [VARCHAR] - [mHCdRSRqArroHrgRvREW]
2020-06-19 13:28:28 TRACE [BasicBinder.java:64] binding parameter [33] as [VARCHAR] - [vsnV]
2020-06-19 13:28:28 TRACE [BasicBinder.java:64] binding parameter [34] as [VARCHAR] - [VY]
2020-06-19 13:28:28 TRACE [BasicBinder.java:64] binding parameter [35] as [VARCHAR] - [KEN]
2020-06-19 13:28:28 TRACE [BasicBinder.java:64] binding parameter [36] as [VARCHAR] - [EnYKWHcTJTeKvVOKxLop]
2020-06-19 13:28:28 TRACE [BasicBinder.java:64] binding parameter [37] as [DATE] - [1972-08-17]
2020-06-19 13:28:28 TRACE [BasicBinder.java:64] binding parameter [38] as [DATE] - [1983-08-09]
2020-06-19 13:28:28 TRACE [BasicBinder.java:64] binding parameter [39] as [VARCHAR] - [EDpkYXjUehYslgIYUIIs]
2020-06-19 13:28:28 TRACE [BasicBinder.java:64] binding parameter [40] as [VARCHAR] - [xIYpboLnYFHxwKw]
2020-06-19 13:28:28 TRACE [BasicBinder.java:64] binding parameter [41] as [VARCHAR] - [NdY]
2020-06-19 13:28:28 TRACE [BasicBinder.java:64] binding parameter [42] as [VARCHAR] - [FzGlFfihKvOPybymxsoE]
2020-06-19 13:28:28 TRACE [BasicBinder.java:64] binding parameter [43] as [TIMESTAMP] - [1970-01-01T00:58:59]
2020-06-19 13:28:28 TRACE [BasicBinder.java:64] binding parameter [44] as [VARCHAR] - [GDlDmjqDmksUQJp]
2020-06-19 13:28:28 TRACE [BasicBinder.java:64] binding parameter [45] as [VARCHAR] - [B]
2020-06-19 13:28:28 TRACE [BasicBinder.java:64] binding parameter [46] as [VARCHAR] - [Ri]
2020-06-19 13:28:28 TRACE [BasicBinder.java:64] binding parameter [47] as [VARCHAR] - [X]
2020-06-19 13:28:28 TRACE [BasicBinder.java:64] binding parameter [48] as [VARCHAR] - [CDifXhJGoDXXFpkQKsNG]
2020-06-19 13:28:28 TRACE [BasicBinder.java:64] binding parameter [49] as [VARCHAR] - [qaingrYtYaeoZuBPjhbO]
2020-06-19 13:28:28 TRACE [BasicBinder.java:64] binding parameter [50] as [VARCHAR] - [m]
2020-06-19 13:28:28 TRACE [BasicBinder.java:64] binding parameter [51] as [VARCHAR] - [teAWgGroKF]
2020-06-19 13:28:28 TRACE [BasicBinder.java:64] binding parameter [52] as [VARCHAR] - [MwBvyRZWxG]
2020-06-19 13:28:28 TRACE [BasicBinder.java:64] binding parameter [53] as [VARCHAR] - [nY]
2020-06-19 13:28:28 TRACE [BasicBinder.java:64] binding parameter [54] as [DATE] - [1988-01-07]
2020-06-19 13:28:28 TRACE [BasicBinder.java:64] binding parameter [55] as [VARCHAR] - [I]
2020-06-19 13:28:28 TRACE [BasicBinder.java:64] binding parameter [56] as [VARCHAR] - [v]
2020-06-19 13:28:28 TRACE [BasicBinder.java:64] binding parameter [57] as [DATE] - [1996-09-07]
2020-06-19 13:28:28 TRACE [BasicBinder.java:64] binding parameter [58] as [VARCHAR] - [Z]
2020-06-19 13:28:28 TRACE [BasicBinder.java:64] binding parameter [59] as [VARCHAR] - [fMOmJRRwFOTlffAGllNI]
2020-06-19 13:28:28 TRACE [BasicBinder.java:64] binding parameter [60] as [VARCHAR] - [R]
2020-06-19 13:28:28 TRACE [BasicBinder.java:64] binding parameter [61] as [DATE] - [1971-08-15]
2020-06-19 13:28:28 TRACE [BasicBinder.java:64] binding parameter [62] as [VARCHAR] - [01]
2020-06-19 13:28:28 TRACE [BasicBinder.java:64] binding parameter [63] as [DOUBLE] - [4687771.116819274]
2020-06-19 13:28:28 TRACE [BasicBinder.java:64] binding parameter [64] as [DOUBLE] - [8588364.611471886]
2020-06-19 13:28:28 TRACE [BasicBinder.java:64] binding parameter [65] as [DOUBLE] - [9361237.863601511]
2020-06-19 13:28:28 TRACE [BasicBinder.java:64] binding parameter [66] as [DOUBLE] - [9971378.671679053]
2020-06-19 13:28:28 TRACE [BasicBinder.java:64] binding parameter [67] as [DOUBLE] - [63919.50399925387]
2020-06-19 13:28:28 TRACE [BasicBinder.java:64] binding parameter [68] as [VARCHAR] - [S]
2020-06-19 13:28:28 TRACE [BasicBinder.java:64] binding parameter [69] as [VARCHAR] - [SAMPLES]
2020-06-19 13:28:28 TRACE [BasicBinder.java:64] binding parameter [70] as [DOUBLE] - [4526650.040030949]
2020-06-19 13:28:28 TRACE [BasicBinder.java:64] binding parameter [71] as [VARCHAR] - [vw]
2020-06-19 13:28:28 TRACE [BasicBinder.java:64] binding parameter [72] as [VARCHAR] - [rzbJSvUAghR]
2020-06-19 13:28:28 TRACE [BasicBinder.java:64] binding parameter [73] as [VARCHAR] - [ZOfqE]
2020-06-19 13:28:28 TRACE [BasicBinder.java:64] binding parameter [74] as [VARCHAR] - [gZt]
2020-06-19 13:28:28 TRACE [BasicBinder.java:64] binding parameter [75] as [DATE] - [1991-02-03]
2020-06-19 13:28:28 TRACE [BasicBinder.java:64] binding parameter [76] as [VARCHAR] - [CzPwDnQfTGjKrQRlYkxM]
2020-06-19 13:28:28 TRACE [BasicBinder.java:64] binding parameter [77] as [VARCHAR] - [Ea]
2020-06-19 13:28:28 TRACE [BasicBinder.java:64] binding parameter [78] as [VARCHAR] - [sdsNT]
2020-06-19 13:28:28 TRACE [BasicBinder.java:64] binding parameter [79] as [VARCHAR] - [yIIhjPbgNH]
2020-06-19 13:28:28 TRACE [BasicBinder.java:64] binding parameter [80] as [VARCHAR] - [myjINijWnQAZjbSEmYjv]
2020-06-19 13:28:28 TRACE [BasicBinder.java:64] binding parameter [81] as [VARCHAR] - [yPMQDZRZkpiculJzZYxC]
2020-06-19 13:28:28 TRACE [BasicBinder.java:64] binding parameter [82] as [VARCHAR] - [Q]
2020-06-19 13:28:28 TRACE [BasicBinder.java:64] binding parameter [83] as [TIMESTAMP] - [1970-01-01T01:50:19]
2020-06-19 13:28:28 TRACE [BasicBinder.java:64] binding parameter [84] as [VARCHAR] - [GMXOWaMvkTTFoesGzTMk]
2020-06-19 13:28:28 TRACE [BasicBinder.java:64] binding parameter [85] as [VARCHAR] - [g]
2020-06-19 13:28:28 TRACE [BasicBinder.java:64] binding parameter [86] as [VARCHAR] - [jXHPdUIkfLiOSmcZKvOt]
2020-06-19 13:28:28 TRACE [BasicBinder.java:64] binding parameter [87] as [DATE] - [1971-09-07]
2020-06-19 13:28:28 TRACE [BasicBinder.java:64] binding parameter [88] as [VARCHAR] - [kWDVcsPiGNmvgywwgdOi]
2020-06-19 13:28:28 TRACE [BasicBinder.java:64] binding parameter [89] as [VARCHAR] - [Ux]
2020-06-19 13:28:28 TRACE [BasicBinder.java:64] binding parameter [90] as [VARCHAR] - [mV]
2020-06-19 13:28:28 TRACE [BasicBinder.java:64] binding parameter [91] as [INTEGER] - [715963]
2020-06-19 13:28:28 TRACE [BasicBinder.java:64] binding parameter [92] as [VARCHAR] - [ziaJdt]
2020-06-19 13:28:28 TRACE [BasicBinder.java:64] binding parameter [93] as [DATE] - [1985-11-04]
2020-06-19 13:28:28 TRACE [BasicBinder.java:64] binding parameter [94] as [DATE] - [1993-12-01]
2020-06-19 13:28:28 TRACE [BasicBinder.java:64] binding parameter [95] as [DATE] - [1988-08-18]
2020-06-19 13:28:28 TRACE [BasicBinder.java:64] binding parameter [96] as [VARCHAR] - [b]
2020-06-19 13:28:28 TRACE [BasicBinder.java:64] binding parameter [97] as [VARCHAR] - [evD]
2020-06-19 13:28:28 TRACE [BasicBinder.java:64] binding parameter [98] as [DATE] - [1971-12-11]
2020-06-19 13:28:28 TRACE [BasicBinder.java:64] binding parameter [99] as [VARCHAR] - [qHzcbZIFmHgSCTlqfOqn]
2020-06-19 13:28:28 TRACE [BasicBinder.java:64] binding parameter [100] as [VARCHAR] - [G]
2020-06-19 13:28:28 TRACE [BasicBinder.java:64] binding parameter [101] as [VARCHAR] - [re]
2020-06-19 13:28:28 TRACE [BasicBinder.java:64] binding parameter [102] as [VARCHAR] - [onirwUoLYzARflBcBvTs]
2020-06-19 13:28:28 TRACE [BasicBinder.java:64] binding parameter [103] as [VARCHAR] - [pNCDeBAxJiMxVzIfSMEJ]
2020-06-19 13:28:28 TRACE [BasicBinder.java:64] binding parameter [104] as [VARCHAR] - [IcnbAAljYwotXUcKeiN]
2020-06-19 13:28:28 TRACE [BasicBinder.java:64] binding parameter [105] as [VARCHAR] - [ztPhjboTJPYuejYtnyA]
2020-06-19 13:28:28 TRACE [BasicBinder.java:64] binding parameter [106] as [VARCHAR] - [rQbQkYjiWATDrsQMaPw]
2020-06-19 13:28:28 TRACE [BasicBinder.java:64] binding parameter [107] as [VARCHAR] - [bjYFmAM]
2020-06-19 13:28:28 TRACE [BasicBinder.java:64] binding parameter [108] as [VARCHAR] - [Qg]
2020-06-19 13:28:28 TRACE [BasicBinder.java:64] binding parameter [109] as [INTEGER] - [790189]
2020-06-19 13:28:28 TRACE [BasicBinder.java:64] binding parameter [110] as [VARCHAR] - [UaXiRnSlWyaVTrJzxgxw]
2020-06-19 13:28:28 TRACE [BasicBinder.java:64] binding parameter [111] as [VARCHAR] - [uNPmGusSgKkZhqy]
2020-06-19 13:28:28 TRACE [BasicBinder.java:64] binding parameter [112] as [VARCHAR] - [KUFYcGvJOXOiEoDXIrz]
2020-06-19 13:28:28 TRACE [BasicBinder.java:64] binding parameter [113] as [VARCHAR] - [sE]
2020-06-19 13:28:28 TRACE [BasicBinder.java:64] binding parameter [114] as [VARCHAR] - [UQDKtuldzf]
2020-06-19 13:28:28 TRACE [BasicBinder.java:64] binding parameter [115] as [VARCHAR] - [Q]
2020-06-19 13:28:28 TRACE [BasicBinder.java:64] binding parameter [116] as [VARCHAR] - [FJxhKVBPVAo]
2020-06-19 13:28:28 TRACE [BasicBinder.java:64] binding parameter [117] as [VARCHAR] - [EGMbUCFRrZFYfczuNzOt]
2020-06-19 13:28:28 TRACE [BasicBinder.java:64] binding parameter [118] as [VARCHAR] - [mFYjbUyjoZWWrjeNOtEe]
2020-06-19 13:28:28 TRACE [BasicBinder.java:64] binding parameter [119] as [VARCHAR] - [eLLIKpysElQrnQDptVcu]
2020-06-19 13:28:28 TRACE [BasicBinder.java:64] binding parameter [120] as [VARCHAR] - [mtFjcKzDtuTCrizUPfuE]
2020-06-19 13:28:28 TRACE [BasicBinder.java:64] binding parameter [121] as [VARCHAR] - [pJYzSheRpwZwRXYOhspT]
2020-06-19 13:28:28 TRACE [BasicBinder.java:64] binding parameter [122] as [VARCHAR] - [eZ]
2020-06-19 13:28:28 TRACE [BasicBinder.java:64] binding parameter [123] as [VARCHAR] - [p]
2020-06-19 13:28:28 TRACE [BasicBinder.java:64] binding parameter [124] as [VARCHAR] - [unrc]
2020-06-19 13:28:28 TRACE [BasicBinder.java:64] binding parameter [125] as [VARCHAR] - [FHnARdNOEWExnURhvGxG]
2020-06-19 13:28:28 TRACE [BasicBinder.java:64] binding parameter [126] as [VARCHAR] - [ege]
2020-06-19 13:28:28 TRACE [BasicBinder.java:64] binding parameter [127] as [VARCHAR] - [VX]
2020-06-19 13:28:28 TRACE [BasicBinder.java:64] binding parameter [128] as [VARCHAR] - [EbSITEXcHyVVILxMhJWq]
2020-06-19 13:28:28 TRACE [BasicBinder.java:64] binding parameter [129] as [VARCHAR] - [SIrJdfpFGoXMFyevhtLx]
2020-06-19 13:28:28 TRACE [BasicBinder.java:64] binding parameter [130] as [VARCHAR] - [HIOoSkLcRvHGnMXFNsxr]
2020-06-19 13:28:28 TRACE [BasicBinder.java:64] binding parameter [131] as [VARCHAR] - [D]
2020-06-19 13:28:28 TRACE [BasicBinder.java:64] binding parameter [132] as [VARCHAR] - [hmESuFoCkHBfSMijhJAp]
2020-06-19 13:28:28 TRACE [BasicBinder.java:64] binding parameter [133] as [VARCHAR] - [kuYldPEaRfWTntxRnZlB]
2020-06-19 13:28:28 TRACE [BasicBinder.java:64] binding parameter [134] as [VARCHAR] - [iDrHSrKDuMKrSjEHYyWV]
2020-06-19 13:28:28 TRACE [BasicBinder.java:64] binding parameter [135] as [VARCHAR] - [MX]
2020-06-19 13:28:28 TRACE [BasicBinder.java:64] binding parameter [136] as [VARCHAR] - [oEfPYfRMhcGjLvaE]
2020-06-19 13:28:28 TRACE [BasicBinder.java:64] binding parameter [137] as [DOUBLE] - [3024045.8163756686]
2020-06-19 13:28:28 TRACE [BasicBinder.java:64] binding parameter [138] as [VARCHAR] - [UrgJUCRE]
2020-06-19 13:28:28 TRACE [BasicBinder.java:64] binding parameter [139] as [VARCHAR] - [ZzYYWnsiVydnQLW]
2020-06-19 13:28:28 TRACE [BasicBinder.java:64] binding parameter [140] as [VARCHAR] - [OIWvYRIubr]
2020-06-19 13:28:28 TRACE [BasicBinder.java:64] binding parameter [141] as [BIGINT] - [5]
2020-06-19 13:28:28 DEBUG [MockBuilder.java:94] set orderingSystem -> vS
2020-06-19 13:28:28 DEBUG [MockBuilder.java:94] set shipComplete -> s
2020-06-19 13:28:28 DEBUG [MockBuilder.java:94] set beg -> eVUCn
2020-06-19 13:28:28 DEBUG [MockBuilder.java:94] set eventInfo -> RHdSXbPkdbQumzw
2020-06-19 13:28:28 DEBUG [MockBuilder.java:94] set storeName -> qzhFfMyHKnjKbKfVNmgE
2020-06-19 13:28:28 DEBUG [MockBuilder.java:94] set shipPartCompInd -> U
2020-06-19 13:28:28 DEBUG [MockBuilder.java:94] set phoneNumber -> uaAvsOOqLNq
2020-06-19 13:28:28 DEBUG [MockBuilder.java:94] set consStatusMsg -> KhFqZPZTfRIKfrpdQlJM
2020-06-19 13:28:28 DEBUG [MockBuilder.java:94] set billToState -> ZX
2020-06-19 13:28:28 DEBUG [MockBuilder.java:94] set explodeFlag -> w
2020-06-19 13:28:28 DEBUG [MockBuilder.java:94] set shipDateValue -> 1994-09-29
2020-06-19 13:28:28 DEBUG [MockBuilder.java:94] set poControl -> lbdrO
2020-06-19 13:28:28 DEBUG [MockBuilder.java:94] set contractUsageInd -> y
2020-06-19 13:28:28 DEBUG [MockBuilder.java:94] set billToStore -> TbdPugxCty
2020-06-19 13:28:28 DEBUG [MockBuilder.java:94] set shipPt -> bU
2020-06-19 13:28:28 DEBUG [MockBuilder.java:94] set fobPoint -> jc
2020-06-19 13:28:28 DEBUG [MockBuilder.java:94] set termsNetDays -> bgV
2020-06-19 13:28:28 DEBUG [MockBuilder.java:94] set shipDateQualifier -> dyP
2020-06-19 13:28:28 DEBUG [MockBuilder.java:94] set poDateValue -> 1979-03-17
2020-06-19 13:28:28 DEBUG [MockBuilder.java:94] set bsStoreNbr -> uOonsgGCpy
2020-06-19 13:28:28 DEBUG [MockBuilder.java:94] set specialInstruct1 -> zAkpSKwkCBBzNRXdEDjC
2020-06-19 13:28:28 DEBUG [MockBuilder.java:94] set frtCode -> E
2020-06-19 13:28:28 DEBUG [MockBuilder.java:94] set termsTypeFlag -> ED
2020-06-19 13:28:28 DEBUG [MockBuilder.java:94] set crossDockCenter -> TDzwymLuIi
2020-06-19 13:28:28 DEBUG [MockBuilder.java:94] set cancelDateQualifier -> vEm
2020-06-19 13:28:28 DEBUG [MockBuilder.java:94] set shipInstruction -> omZbwpyflGlNRSJjqXJM
2020-06-19 13:28:28 DEBUG [MockBuilder.java:94] set poDateQualifier -> PQq
2020-06-19 13:28:28 DEBUG [MockBuilder.java:94] set custDept -> OTaAc
2020-06-19 13:28:28 DEBUG [MockBuilder.java:94] set shipByCutOffDt -> 1982-05-22
2020-06-19 13:28:28 DEBUG [MockBuilder.java:94] set giftMessage1 -> pWmmRZvSHGtPlByXaDqR
2020-06-19 13:28:28 DEBUG [MockBuilder.java:94] set poNumber -> MTJkLIKPHvyhWRDCESGJ
2020-06-19 13:28:28 DEBUG [MockBuilder.java:94] set carrierCode -> Fx
2020-06-19 13:28:28 DEBUG [MockBuilder.java:94] set specialInstruct2 -> VQzcCnRYYunttSLSeCHA
2020-06-19 13:28:28 DEBUG [MockBuilder.java:94] set shipByDate -> 1997-05-05
2020-06-19 13:28:28 DEBUG [MockBuilder.java:94] set totalBindingFt -> 4849942.480940291
2020-06-19 13:28:28 DEBUG [MockBuilder.java:94] set chngLid -> AnywaKGe
2020-06-19 13:28:28 DEBUG [MockBuilder.java:94] set cbCutLength -> 5513220.469235684
2020-06-19 13:28:28 DEBUG [MockBuilder.java:94] set poQual -> mB
2020-06-19 13:28:28 DEBUG [MockBuilder.java:94] set giftMessage2 -> SsJtMHbJZsAmKXVpaPJj
2020-06-19 13:28:28 DEBUG [MockBuilder.java:94] set shipCancelDate -> 1971-09-26
2020-06-19 13:28:28 DEBUG [MockBuilder.java:94] set specialInstruct3 -> pdPDDUVxiCjrlohqolyn
2020-06-19 13:28:28 DEBUG [MockBuilder.java:94] set chngTimestamp -> 1970-01-01T02:32:06
2020-06-19 13:28:28 DEBUG [MockBuilder.java:94] set srvLevel -> hb
2020-06-19 13:28:28 DEBUG [MockBuilder.java:94] set hostAlertFlag -> N
2020-06-19 13:28:28 DEBUG [MockBuilder.java:94] set agreementNumber -> SFQaUTRwOtlRRLG
2020-06-19 13:28:28 DEBUG [MockBuilder.java:94] set orderRetTotal -> 1193992.8055044247
2020-06-19 13:28:28 DEBUG [MockBuilder.java:94] set orderRetHand -> 8787010.683677688
2020-06-19 13:28:28 DEBUG [MockBuilder.java:94] set commCust -> isujkSV
2020-06-19 13:28:28 DEBUG [MockBuilder.java:94] set dunsNbr -> gNPlOzzzgTOCCPB
2020-06-19 13:28:28 DEBUG [MockBuilder.java:94] set statusCode -> B
2020-06-19 13:28:28 DEBUG [MockBuilder.java:94] set specialInstruct4 -> khRBlFUuKfWNXmDHVLvQ
2020-06-19 13:28:28 DEBUG [MockBuilder.java:94] set assignedAgent -> zBHnAzqp
2020-06-19 13:28:28 DEBUG [MockBuilder.java:94] set customerCode -> wU
2020-06-19 13:28:28 DEBUG [MockBuilder.java:94] set errorCode -> dEL
2020-06-19 13:28:28 DEBUG [MockBuilder.java:94] set stdCarrAlphaInd -> IXJg
2020-06-19 13:28:28 DEBUG [MockBuilder.java:94] set orderType -> T
2020-06-19 13:28:28 DEBUG [MockBuilder.java:94] set orderRetSh -> 4998909.115535006
2020-06-19 13:28:28 DEBUG [MockBuilder.java:94] set authRep -> dKgpebbBWlBqqMoVWCQk
2020-06-19 13:28:28 DEBUG [MockBuilder.java:94] set specialPoNo -> HpwQXdVshTMxFExVnmfE
2020-06-19 13:28:28 DEBUG [MockBuilder.java:94] set errorDescription -> xCkYVeztyNKDjSsMORqV
2020-06-19 13:28:28 DEBUG [MockBuilder.java:94] set orderTypeDesc -> GtEEFlrCtNgoXaE
2020-06-19 13:28:28 DEBUG [MockBuilder.java:94] set custNbr -> bgrKclv
2020-06-19 13:28:28 DEBUG [MockBuilder.java:94] set authorizationNo -> nKksccRdmR
2020-06-19 13:28:28 DEBUG [MockBuilder.java:94] set orderRetTax -> 9986821.371722858
2020-06-19 13:28:28 DEBUG [MockBuilder.java:94] set errorTimestamp -> 1970-01-01T01:59:56
2020-06-19 13:28:28 DEBUG [MockBuilder.java:94] set orderWeight -> 6266109.129105931
2020-06-19 13:28:28 DEBUG [MockBuilder.java:94] set phone -> MCJYPhssGjPFRHi
2020-06-19 13:28:28 DEBUG [MockBuilder.java:94] set country -> XonQDdJaQHouuJHKoLM
2020-06-19 13:28:28 DEBUG [MockBuilder.java:94] set customerRefNbr -> paT
2020-06-19 13:28:28 DEBUG [MockBuilder.java:94] set acctContact -> QRlQtPWdoARYcqbMANoq
2020-06-19 13:28:28 DEBUG [MockBuilder.java:94] set userId -> eCKrwlsQ
2020-06-19 13:28:28 DEBUG [MockBuilder.java:94] set deliveryDate -> 1970-10-28
2020-06-19 13:28:28 DEBUG [MockBuilder.java:94] set customerSidemark -> dWqncvWrKVyqSsoFTKuI
2020-06-19 13:28:28 DEBUG [MockBuilder.java:94] set cnCity -> lfCEEQumgCvhxlSurpU
2020-06-19 13:28:28 DEBUG [MockBuilder.java:94] set vendorNo -> pLqBoDEuBkvubKN
2020-06-19 13:28:28 DEBUG [MockBuilder.java:94] set salesCheckNumber -> marLuZmQwaeFEeZuSWfx
2020-06-19 13:28:28 DEBUG [MockBuilder.java:94] set province -> oSFpaMmmwlKoWfaLdCG
2020-06-19 13:28:28 DEBUG [MockBuilder.java:94] set destCode -> xb
2020-06-19 13:28:28 DEBUG [MockBuilder.java:94] set salesReqCode -> rU
2020-06-19 13:28:28 DEBUG [MockBuilder.java:94] set acknowlegeOrdInd -> x
2020-06-19 13:28:28 DEBUG [MockBuilder.java:94] set delvCutOffDt -> 1979-07-06
2020-06-19 13:28:28 DEBUG [MockBuilder.java:94] set name -> AuHIwdRdSPXlTEaqYZIX
2020-06-19 13:28:28 DEBUG [MockBuilder.java:94] set sellCo -> Ki
2020-06-19 13:28:28 DEBUG [MockBuilder.java:94] set custPmtMeth -> nHmNijUPIQCaAgwwjUqC
2020-06-19 13:28:28 DEBUG [MockBuilder.java:94] set addrKey -> 324739
2020-06-19 13:28:28 DEBUG [MockBuilder.java:94] set divDesc -> wgsHIqOLrMacsRojzRHO
2020-06-19 13:28:28 DEBUG [MockBuilder.java:94] set wcStore -> mcYAdaxUfv
2020-06-19 13:28:28 DEBUG [MockBuilder.java:94] set seqNbr -> 517167
2020-06-19 13:28:28 DEBUG [MockBuilder.java:94] set truncFlag -> I
2020-06-19 13:28:28 DEBUG [MockBuilder.java:94] set custSpInst -> GnGFVvxsqXlFAVCyRkOs
2020-06-19 13:28:28 DEBUG [MockBuilder.java:94] set reserveOrderInd -> r
2020-06-19 13:28:28 DEBUG [MockBuilder.java:94] set flag -> 583673
2020-06-19 13:28:28 DEBUG [MockBuilder.java:94] set zip -> uOPbCZoihoB
2020-06-19 13:28:28 DEBUG [MockBuilder.java:94] set custWhNbr -> qnpo
2020-06-19 13:28:28 DEBUG [MockBuilder.java:94] set returnMsg -> iOAbUHNnQnVRAnfyLMXL
2020-06-19 13:28:28 DEBUG [MockBuilder.java:94] set custNbr -> EATSvIK
2020-06-19 13:28:28 DEBUG [MockBuilder.java:94] set addressLine2 -> BxkdzEqNThHBnlcDKtqj
2020-06-19 13:28:28 DEBUG [MockBuilder.java:94] set store -> JvRuAlMxqh
2020-06-19 13:28:28 DEBUG [MockBuilder.java:94] set name -> DgyZyUbNbsiIpGVbBvob
2020-06-19 13:28:28 DEBUG [MockBuilder.java:94] set ohStatusCode -> j
2020-06-19 13:28:28 DEBUG [MockBuilder.java:94] set nbDate -> 1988-06-16
2020-06-19 13:28:28 DEBUG [MockBuilder.java:94] set state -> nk
2020-06-19 13:28:28 DEBUG [MockBuilder.java:94] set addressLine1 -> DqeEvFOSwYDbCBxdfaZG
2020-06-19 13:28:28 DEBUG [MockBuilder.java:94] set cphone -> vGdhniSyrTNbxshoNrxy
2020-06-19 13:28:28 DEBUG [MockBuilder.java:94] set routeByDate -> 1976-08-29
2020-06-19 13:28:28 DEBUG [MockBuilder.java:94] set newStoreInd -> I
2020-06-19 13:28:28 DEBUG [MockBuilder.java:94] set city -> vkiZHfdxNOayfRFXyBe
2020-06-19 13:28:28 DEBUG [MockBuilder.java:94] set ccountry -> ccvJvacwxkpAYgubdbdi
2020-06-19 13:28:28 DEBUG [MockBuilder.java:94] set state -> XM
2020-06-19 13:28:28 DEBUG [MockBuilder.java:94] set noAsnFlag -> K
2020-06-19 13:28:28 DEBUG [MockBuilder.java:94] set addressLine2 -> KznjfYNqnxsBLsreSrgK
2020-06-19 13:28:28 DEBUG [MockBuilder.java:94] set poType -> UZDMl
2020-06-19 13:28:28 DEBUG [MockBuilder.java:94] set shipToAddress -> LegacyShipToAddress [addressLine1=DqeEvFOSwYDbCBxdfaZG, addressLine2=BxkdzEqNThHBnlcDKtqj, city=vkiZHfdxNOayfRFXyBe, cnCity=lfCEEQumgCvhxlSurpU, country=XonQDdJaQHouuJHKoLM, custNbr=EATSvIK, destCode=xb, flag=583673, name=AuHIwdRdSPXlTEaqYZIX, phone=MCJYPhssGjPFRHi, province=oSFpaMmmwlKoWfaLdCG, state=nk, store=JvRuAlMxqh, truncFlag=I, zip=uOPbCZoihoB]
2020-06-19 13:28:28 DEBUG [MockBuilder.java:94] set consumerPoDateValue -> 1987-11-30
2020-06-19 13:28:28 DEBUG [MockBuilder.java:94] set onNote -> bxKhyhhnBPwsctNNtMCT
2020-06-19 13:28:28 DEBUG [MockBuilder.java:94] set addressLine1 -> kjnshtVepsDmBMLestxZ
2020-06-19 13:28:28 DEBUG [MockBuilder.java:94] set cprovince -> bEJRlQcxniWiXDjtwwli
2020-06-19 13:28:28 DEBUG [MockBuilder.java:94] set poTypeSuffix -> lenGSrszUP
2020-06-19 13:28:28 DEBUG [MockBuilder.java:94] set consumerShipFlg -> l
2020-06-19 13:28:28 DEBUG [MockBuilder.java:94] set zip -> cSPcgfIoC
2020-06-19 13:28:28 DEBUG [MockBuilder.java:94] set ohCancelDateValue -> 1971-09-13
2020-06-19 13:28:28 DEBUG [MockBuilder.java:94] set city -> SNOkwrVXylfvmcKWEoxG
2020-06-19 13:28:28 DEBUG [MockBuilder.java:94] set onlineType -> L
2020-06-19 13:28:28 DEBUG [MockBuilder.java:94] set psMsg -> osZybSksmUqUsriJccOz
2020-06-19 13:28:28 DEBUG [MockBuilder.java:94] set city -> kNVHcvTeKDaaeLNaWdN
2020-06-19 13:28:28 DEBUG [MockBuilder.java:94] set state -> WP
2020-06-19 13:28:28 DEBUG [MockBuilder.java:94] set tpcountry -> NKWGbAptkXwkckKbtaNn
2020-06-19 13:28:28 DEBUG [MockBuilder.java:94] set name -> yDycQmcGESHUAWPDOSKS
2020-06-19 13:28:28 DEBUG [MockBuilder.java:94] set consumerAddress -> LegacyConsumerAddress [cprovince=bEJRlQcxniWiXDjtwwli, ccountry=ccvJvacwxkpAYgubdbdi, cphone=vGdhniSyrTNbxshoNrxy, addressLine1=kjnshtVepsDmBMLestxZ, addressLine2=KznjfYNqnxsBLsreSrgK, city=kNVHcvTeKDaaeLNaWdN, name=DgyZyUbNbsiIpGVbBvob, consumerPoDateValue=1987-11-30, consumerShipFlg=l, state=XM, zip=cSPcgfIoC]
2020-06-19 13:28:28 DEBUG [MockBuilder.java:94] set inputMethod -> ZxKwvPWTLO
2020-06-19 13:28:28 DEBUG [MockBuilder.java:94] set addressLine1 -> IaaLuyfUMEliZPRASnDV
2020-06-19 13:28:28 DEBUG [MockBuilder.java:94] set tpphone -> AXXYaZacBVAFjJRinchL
2020-06-19 13:28:28 DEBUG [MockBuilder.java:94] set billFlag -> J
2020-06-19 13:28:28 DEBUG [MockBuilder.java:94] set zip -> LkllAVVdOAzemIBB
2020-06-19 13:28:28 DEBUG [MockBuilder.java:94] set orderDate -> 1970-07-05
2020-06-19 13:28:28 DEBUG [MockBuilder.java:94] set accountNbr -> NtkMubMfehbNCkZVSzlL
2020-06-19 13:28:28 DEBUG [MockBuilder.java:94] set tpprovince -> hfyvifWLSDMNAaBwegKb
2020-06-19 13:28:28 DEBUG [MockBuilder.java:94] set markForStore -> WEdSLgYnKY
2020-06-19 13:28:28 DEBUG [MockBuilder.java:94] set name2 -> hHWeXlwAotLlciNVPBln
2020-06-19 13:28:28 DEBUG [MockBuilder.java:94] set orderLoc -> ho
2020-06-19 13:28:28 DEBUG [MockBuilder.java:94] set addressLine2 -> XSLaTKZagFpcMyzMByfx
2020-06-19 13:28:28 DEBUG [MockBuilder.java:94] set thirdPartyAddress -> LegacyThirdPartyAddress [tpprovince=hfyvifWLSDMNAaBwegKb, tpcountry=NKWGbAptkXwkckKbtaNn, tpphone=AXXYaZacBVAFjJRinchL, addressLine1=IaaLuyfUMEliZPRASnDV, addressLine2=XSLaTKZagFpcMyzMByfx, accountNbr=NtkMubMfehbNCkZVSzlL, billFlag=J, city=SNOkwrVXylfvmcKWEoxG, name=yDycQmcGESHUAWPDOSKS, name2=hHWeXlwAotLlciNVPBln, state=WP, zip=LkllAVVdOAzemIBB]
2020-06-19 13:28:28 DEBUG [MockBuilder.java:94] set mediaEventCode -> YR
2020-06-19 13:28:28 DEBUG [MockBuilder.java:94] set orderMerCost -> 5778135.453682212
2020-06-19 13:28:28 DEBUG [MockBuilder.java:94] set dates -> null
2020-06-19 13:28:28 DEBUG [MockBuilder.java:94] set shawOrderNumber -> QAFylb
2020-06-19 13:28:28 DEBUG [MockBuilder.java:94] set lines -> null
2020-06-19 13:28:28 DEBUG [MockBuilder.java:94] set purchasedBy -> mkbbalbQbpiUvsElDecD
2020-06-19 13:28:28 DEBUG [MockBuilder.java:94] set rcdCode -> T
2020-06-19 13:28:28 DEBUG [MockBuilder.java:94] set receivedTimestamp -> 1970-01-01T02:40:20
2020-06-19 13:28:28 DEBUG [MockBuilder.java:94] set refTcNbr -> NfLYoslheRxOnCBEHOGa
2020-06-19 13:28:28 DEBUG [MockHelper.java:99] EdiOrderHeader [legacyOrderNumber=null, acctContact=QRlQtPWdoARYcqbMANoq, acknowlegeOrdInd=x, addrKey=324739, agreementNumber=SFQaUTRwOtlRRLG, assignedAgent=zBHnAzqp, authRep=dKgpebbBWlBqqMoVWCQk, authorizationNo=nKksccRdmR, beg=eVUCn, billToState=ZX, billToStore=TbdPugxCty, bsStoreNbr=uOonsgGCpy, cancelDateQualifier=vEm, carrierCode=Fx, cbCutLength=5513220.469235684, chngLid=AnywaKGe, chngTimestamp=1970-01-01T02:32:06, commCust=isujkSV, consStatusMsg=KhFqZPZTfRIKfrpdQlJM, contractUsageInd=y, crossDockCenter=TDzwymLuIi, custDept=OTaAc, custPmtMeth=nHmNijUPIQCaAgwwjUqC, custSpInst=GnGFVvxsqXlFAVCyRkOs, custWhNbr=qnpo, customerCode=wU, custNbr=bgrKclv, customerRefNbr=paT, customerSidemark=dWqncvWrKVyqSsoFTKuI, deliveryDate=1970-10-28, delvCutOffDt=1979-07-06, divDesc=wgsHIqOLrMacsRojzRHO, dunsNbr=gNPlOzzzgTOCCPB, errorCode=dEL, errorDescription=xCkYVeztyNKDjSsMORqV, errorTimestamp=1970-01-01T01:59:56, eventInfo=RHdSXbPkdbQumzw, explodeFlag=w, fobPoint=jc, frtCode=E, giftMessage1=pWmmRZvSHGtPlByXaDqR, giftMessage2=SsJtMHbJZsAmKXVpaPJj, hostAlertFlag=N, inputMethod=ZxKwvPWTLO, markForStore=WEdSLgYnKY, mediaEventCode=YR, nbDate=1988-06-16, newStoreInd=I, noAsnFlag=K, ohCancelDateValue=1971-09-13, ohStatusCode=j, onNote=bxKhyhhnBPwsctNNtMCT, onlineType=L, orderDate=1970-07-05, orderLoc=01, orderMerCost=5778135.453682212, shawOrderNumber=QAFylb, orderRetHand=8787010.683677688, orderRetSh=4998909.115535006, orderRetTax=9986821.371722858, orderRetTotal=1193992.8055044247, orderType=H, orderTypeDesc=HARDSURFACES, orderWeight=6266109.129105931, orderingSystem=vS, phoneNumber=uaAvsOOqLNq, poControl=lbdrO, poDateValue=1979-03-17, poDateQualifier=PQq, poNumber=MTJkLIKPHvyhWRDCESGJ, poQual=mB, poType=UZDMl, poTypeSuffix=lenGSrszUP, psMsg=osZybSksmUqUsriJccOz, purchasedBy=mkbbalbQbpiUvsElDecD, rcdCode=T, receivedTimestamp=1970-01-01T02:40:20, refTcNbr=NfLYoslheRxOnCBEHOGa, reserveOrderInd=r, returnMsg=iOAbUHNnQnVRAnfyLMXL, routeByDate=1976-08-29, salesCheckNumber=marLuZmQwaeFEeZuSWfx, salesReqCode=rU, sellCo=Ki, seqNbr=517167, shipByCutOffDt=1982-05-22, shipByDate=1997-05-05, shipCancelDate=1971-09-26, shipComplete=s, shipDateValue=1994-09-29, shipDateQualifier=dyP, shipInstruction=omZbwpyflGlNRSJjqXJM, shipPartCompInd=U, shipPt=bU, specialInstruct1=zAkpSKwkCBBzNRXdEDjC, specialInstruct2=VQzcCnRYYunttSLSeCHA, specialInstruct3=pdPDDUVxiCjrlohqolyn, specialInstruct4=khRBlFUuKfWNXmDHVLvQ, specialPoNo=HpwQXdVshTMxFExVnmfE, srvLevel=hb, statusCode=B, stdCarrAlphaInd=IXJg, storeName=qzhFfMyHKnjKbKfVNmgE, termsNetDays=bgV, termsTypeFlag=ED, totalBindingFt=4849942.480940291, userId=eCKrwlsQ, vendorNo=pLqBoDEuBkvubKN, wcStore=mcYAdaxUfv, consumerAddress=LegacyConsumerAddress [cprovince=bEJRlQcxniWiXDjtwwli, ccountry=ccvJvacwxkpAYgubdbdi, cphone=vGdhniSyrTNbxshoNrxy, addressLine1=kjnshtVepsDmBMLestxZ, addressLine2=KznjfYNqnxsBLsreSrgK, city=kNVHcvTeKDaaeLNaWdN, name=DgyZyUbNbsiIpGVbBvob, consumerPoDateValue=1987-11-30, consumerShipFlg=l, state=XM, zip=cSPcgfIoC], shipToAddress=LegacyShipToAddress [addressLine1=DqeEvFOSwYDbCBxdfaZG, addressLine2=BxkdzEqNThHBnlcDKtqj, city=vkiZHfdxNOayfRFXyBe, cnCity=lfCEEQumgCvhxlSurpU, country=XonQDdJaQHouuJHKoLM, custNbr=EATSvIK, destCode=xb, flag=583673, name=AuHIwdRdSPXlTEaqYZIX, phone=MCJYPhssGjPFRHi, province=oSFpaMmmwlKoWfaLdCG, state=nk, store=JvRuAlMxqh, truncFlag=I, zip=uOPbCZoihoB], thirdPartyAddress=LegacyThirdPartyAddress [tpprovince=hfyvifWLSDMNAaBwegKb, tpcountry=NKWGbAptkXwkckKbtaNn, tpphone=AXXYaZacBVAFjJRinchL, addressLine1=IaaLuyfUMEliZPRASnDV, addressLine2=XSLaTKZagFpcMyzMByfx, accountNbr=NtkMubMfehbNCkZVSzlL, billFlag=J, city=SNOkwrVXylfvmcKWEoxG, name=yDycQmcGESHUAWPDOSKS, name2=hHWeXlwAotLlciNVPBln, state=WP, zip=LkllAVVdOAzemIBB], dates=null, lines=null]
Hibernate: call next value for SHXP.EDI_ORDER_NBR
Hibernate: insert into EDI_ORDER_HEADER (ACCT_CONTACT, ACKNOWLEGE_ORD_IND, ADDR_KEY, AGREEMENT_NUMBER, ASSIGNED_AGENT, AUTH_REP, AUTHORIZATION_NO, beg, BILL_TO_STATE, BILL_TO_STORE, BS_STORE_NBR, CANCEL_DATE_QUAL, CARRIER_CODE, CB_CUT_LENGTH, CHNG_LID, CHNG_TIMESTAMP, COMM_CUST, CONS_STATUS_MSG, CONSUMER_ADDRESS, CONSUMER_ADDRESS_2, CONSUMER_CITY, CONSUMER_PO_DATE, CONSUMER_SHIP_FLG, CONSUMER_NAME, CONSUMER_STATE, CONSUMER_ZIP, CONTRACT_USAGE_IND, CROSS_DOCK_CENTER, CUST_DEPT, CUSTOMER_NUMBER, CUST_PMT_METH, CUST_SP_INST, CUST_WH_NBR, CUSTOMER_CODE, CUSTOMER_REF_NBR, CUSTOMER_SIDEMARK, DELIVERY_DATE, DELV_CUT_OFF_DT, DIV_DESC, DUNS_NBR, ERROR_CODE, ERROR_DESCRIPTION, ERROR_TIMESTAMP, EVENT_INFO, EXPLODE_FLAG, FOB_POINT, FRT_CODE, GIFT_MESSAGE_1, GIFT_MESSAGE_2, HOST_ALERT_FLAG, INPUT_METHOD, MARK_FOR_STORE, MEDIA_EVENT_CODE, NB_DATE, NEW_STORE_IND, NO_ASN_FLAG, OH_CANCEL_DATE, OH_STATUS_CODE, ON_NOTE, ONLINE_TYPE, ORDER_DATE, ORDER_LOC, ORDER_MER_COST, ORDER_RET_HAND, ORDER_RET_SH, ORDER_RET_TAX, ORDER_RET_TOTAL, ORDER_TYPE, ORDER_TYPE_DESC, ORDER_WEIGHT, ORDERING_SYSTEM, PHONE_NUMBER, PO_CONTROL, PO_DATE_QUAL, PO_DATE, PO_NUMBER, PO_QUAL, PO_TYPE, PO_TYPE_SUFFIX, PS_MSG, PURCHASED_BY, RCD_CODE, RECEIVED_TIMESTAMP, REF_TC_NBR, RESERVE_ORDER_IND, RETURN_MSG, ROUTE_BY_DATE, SALES_CHECK_NUMBER, SALES_REQ_CODE, SELL_CO, SEQ_NBR, ORDER_NUMBER, SHIP_BY_CUT_OFF_DT, SHIP_BY_DATE, SHIP_CANCEL_DATE, SHIP_COMPLETE, SHIP_DATE_QUAL, SHIP_DATE, SHIP_INSTRUCTION, SHIP_PART_COMP_IND, SHIP_PT, SHIP_TO_ADDRESS_1, SHIP_TO_ADDRESS_2, SHIP_TO_CITY, SHIP_TO_CN_CITY, SHIP_TO_COUNTRY, SHIP_TO_CUST_NBR, SHIP_TO_DEST_COD, SHIP_TO_FLAG, SHIP_TO_NAME, SHIP_TO_PHONE, SHIP_TO_PROVENCE, SHIP_TO_STATE, SHIP_TO_STORE, SHIP_TO_TRUNC_FLG, SHIP_TO_ZIP, SPECIAL_INSTRUCT_1, SPECIAL_INSTRUCT_2, SPECIAL_INSTRUCT_3, SPECIAL_INSTRUCT_4, SPECIAL_PO_NO, SRV_LEVEL, STATUS_CODE, STD_CARR_ALPHA_IND, STORE_NAME, TERMS_NET_DAYS, TERMS_TYPE_FLAG, THIRD_PARTY_ACCT_NBR, THIRD_PARTY_ADDR_1, THIRD_PARTY_ADDR_2, THIRD_PARTY_BILL_FLAG, THIRD_PARTY_CITY, THIRD_PARTY_NAME, THIRD_PARTY_NAME_2, THIRD_PARTY_STATE, THIRD_PARTY_ZIP, TOTAL_BINDING_FT, USER_ID, VENDOR_NO, WC_STORE, EDI_ORDER_NUMBER) values (?, ?, ?, ?, ?, ?, ?, ?, ?, ?, ?, ?, ?, ?, ?, ?, ?, ?, ?, ?, ?, ?, ?, ?, ?, ?, ?, ?, ?, ?, ?, ?, ?, ?, ?, ?, ?, ?, ?, ?, ?, ?, ?, ?, ?, ?, ?, ?, ?, ?, ?, ?, ?, ?, ?, ?, ?, ?, ?, ?, ?, ?, ?, ?, ?, ?, ?, ?, ?, ?, ?, ?, ?, ?, ?, ?, ?, ?, ?, ?, ?, ?, ?, ?, ?, ?, ?, ?, ?, ?, ?, ?, ?, ?, ?, ?, ?, ?, ?, ?, ?, ?, ?, ?, ?, ?, ?, ?, ?, ?, ?, ?, ?, ?, ?, ?, ?, ?, ?, ?, ?, ?, ?, ?, ?, ?, ?, ?, ?, ?, ?, ?, ?, ?, ?, ?, ?, ?, ?, ?, ?)
2020-06-19 13:28:28 TRACE [BasicBinder.java:64] binding parameter [1] as [VARCHAR] - [QRlQtPWdoARYcqbMANoq]
2020-06-19 13:28:28 TRACE [BasicBinder.java:64] binding parameter [2] as [VARCHAR] - [x]
2020-06-19 13:28:28 TRACE [BasicBinder.java:64] binding parameter [3] as [INTEGER] - [324739]
2020-06-19 13:28:28 TRACE [BasicBinder.java:64] binding parameter [4] as [VARCHAR] - [SFQaUTRwOtlRRLG]
2020-06-19 13:28:28 TRACE [BasicBinder.java:64] binding parameter [5] as [VARCHAR] - [zBHnAzqp]
2020-06-19 13:28:28 TRACE [BasicBinder.java:64] binding parameter [6] as [VARCHAR] - [dKgpebbBWlBqqMoVWCQk]
2020-06-19 13:28:28 TRACE [BasicBinder.java:64] binding parameter [7] as [VARCHAR] - [nKksccRdmR]
2020-06-19 13:28:28 TRACE [BasicBinder.java:64] binding parameter [8] as [VARCHAR] - [eVUCn]
2020-06-19 13:28:28 TRACE [BasicBinder.java:64] binding parameter [9] as [VARCHAR] - [ZX]
2020-06-19 13:28:28 TRACE [BasicBinder.java:64] binding parameter [10] as [VARCHAR] - [TbdPugxCty]
2020-06-19 13:28:28 TRACE [BasicBinder.java:64] binding parameter [11] as [VARCHAR] - [uOonsgGCpy]
2020-06-19 13:28:28 TRACE [BasicBinder.java:64] binding parameter [12] as [VARCHAR] - [vEm]
2020-06-19 13:28:28 TRACE [BasicBinder.java:64] binding parameter [13] as [VARCHAR] - [Fx]
2020-06-19 13:28:28 TRACE [BasicBinder.java:64] binding parameter [14] as [DOUBLE] - [5513220.469235684]
2020-06-19 13:28:28 TRACE [BasicBinder.java:64] binding parameter [15] as [VARCHAR] - [AnywaKGe]
2020-06-19 13:28:28 TRACE [BasicBinder.java:64] binding parameter [16] as [TIMESTAMP] - [1970-01-01T02:32:06]
2020-06-19 13:28:28 TRACE [BasicBinder.java:64] binding parameter [17] as [VARCHAR] - [isujkSV]
2020-06-19 13:28:28 TRACE [BasicBinder.java:64] binding parameter [18] as [VARCHAR] - [KhFqZPZTfRIKfrpdQlJM]
2020-06-19 13:28:28 TRACE [BasicBinder.java:64] binding parameter [19] as [VARCHAR] - [kjnshtVepsDmBMLestxZ]
2020-06-19 13:28:28 TRACE [BasicBinder.java:64] binding parameter [20] as [VARCHAR] - [KznjfYNqnxsBLsreSrgK]
2020-06-19 13:28:28 TRACE [BasicBinder.java:64] binding parameter [21] as [VARCHAR] - [kNVHcvTeKDaaeLNaWdN]
2020-06-19 13:28:28 TRACE [BasicBinder.java:64] binding parameter [22] as [DATE] - [1987-11-30]
2020-06-19 13:28:28 TRACE [BasicBinder.java:64] binding parameter [23] as [VARCHAR] - [l]
2020-06-19 13:28:28 TRACE [BasicBinder.java:64] binding parameter [24] as [VARCHAR] - [DgyZyUbNbsiIpGVbBvob]
2020-06-19 13:28:28 TRACE [BasicBinder.java:64] binding parameter [25] as [VARCHAR] - [XM]
2020-06-19 13:28:28 TRACE [BasicBinder.java:64] binding parameter [26] as [VARCHAR] - [cSPcgfIoC]
2020-06-19 13:28:28 TRACE [BasicBinder.java:64] binding parameter [27] as [VARCHAR] - [y]
2020-06-19 13:28:28 TRACE [BasicBinder.java:64] binding parameter [28] as [VARCHAR] - [TDzwymLuIi]
2020-06-19 13:28:28 TRACE [BasicBinder.java:64] binding parameter [29] as [VARCHAR] - [OTaAc]
2020-06-19 13:28:28 TRACE [BasicBinder.java:64] binding parameter [30] as [VARCHAR] - [bgrKclv]
2020-06-19 13:28:28 TRACE [BasicBinder.java:64] binding parameter [31] as [VARCHAR] - [nHmNijUPIQCaAgwwjUqC]
2020-06-19 13:28:28 TRACE [BasicBinder.java:64] binding parameter [32] as [VARCHAR] - [GnGFVvxsqXlFAVCyRkOs]
2020-06-19 13:28:28 TRACE [BasicBinder.java:64] binding parameter [33] as [VARCHAR] - [qnpo]
2020-06-19 13:28:28 TRACE [BasicBinder.java:64] binding parameter [34] as [VARCHAR] - [wU]
2020-06-19 13:28:28 TRACE [BasicBinder.java:64] binding parameter [35] as [VARCHAR] - [paT]
2020-06-19 13:28:28 TRACE [BasicBinder.java:64] binding parameter [36] as [VARCHAR] - [dWqncvWrKVyqSsoFTKuI]
2020-06-19 13:28:28 TRACE [BasicBinder.java:64] binding parameter [37] as [DATE] - [1970-10-28]
2020-06-19 13:28:28 TRACE [BasicBinder.java:64] binding parameter [38] as [DATE] - [1979-07-06]
2020-06-19 13:28:28 TRACE [BasicBinder.java:64] binding parameter [39] as [VARCHAR] - [wgsHIqOLrMacsRojzRHO]
2020-06-19 13:28:28 TRACE [BasicBinder.java:64] binding parameter [40] as [VARCHAR] - [gNPlOzzzgTOCCPB]
2020-06-19 13:28:28 TRACE [BasicBinder.java:64] binding parameter [41] as [VARCHAR] - [dEL]
2020-06-19 13:28:28 TRACE [BasicBinder.java:64] binding parameter [42] as [VARCHAR] - [xCkYVeztyNKDjSsMORqV]
2020-06-19 13:28:28 TRACE [BasicBinder.java:64] binding parameter [43] as [TIMESTAMP] - [1970-01-01T01:59:56]
2020-06-19 13:28:28 TRACE [BasicBinder.java:64] binding parameter [44] as [VARCHAR] - [RHdSXbPkdbQumzw]
2020-06-19 13:28:28 TRACE [BasicBinder.java:64] binding parameter [45] as [VARCHAR] - [w]
2020-06-19 13:28:28 TRACE [BasicBinder.java:64] binding parameter [46] as [VARCHAR] - [jc]
2020-06-19 13:28:28 TRACE [BasicBinder.java:64] binding parameter [47] as [VARCHAR] - [E]
2020-06-19 13:28:28 TRACE [BasicBinder.java:64] binding parameter [48] as [VARCHAR] - [pWmmRZvSHGtPlByXaDqR]
2020-06-19 13:28:28 TRACE [BasicBinder.java:64] binding parameter [49] as [VARCHAR] - [SsJtMHbJZsAmKXVpaPJj]
2020-06-19 13:28:28 TRACE [BasicBinder.java:64] binding parameter [50] as [VARCHAR] - [N]
2020-06-19 13:28:28 TRACE [BasicBinder.java:64] binding parameter [51] as [VARCHAR] - [ZxKwvPWTLO]
2020-06-19 13:28:28 TRACE [BasicBinder.java:64] binding parameter [52] as [VARCHAR] - [WEdSLgYnKY]
2020-06-19 13:28:28 TRACE [BasicBinder.java:64] binding parameter [53] as [VARCHAR] - [YR]
2020-06-19 13:28:28 TRACE [BasicBinder.java:64] binding parameter [54] as [DATE] - [1988-06-16]
2020-06-19 13:28:28 TRACE [BasicBinder.java:64] binding parameter [55] as [VARCHAR] - [I]
2020-06-19 13:28:28 TRACE [BasicBinder.java:64] binding parameter [56] as [VARCHAR] - [K]
2020-06-19 13:28:28 TRACE [BasicBinder.java:64] binding parameter [57] as [DATE] - [1971-09-13]
2020-06-19 13:28:28 TRACE [BasicBinder.java:64] binding parameter [58] as [VARCHAR] - [j]
2020-06-19 13:28:28 TRACE [BasicBinder.java:64] binding parameter [59] as [VARCHAR] - [bxKhyhhnBPwsctNNtMCT]
2020-06-19 13:28:28 TRACE [BasicBinder.java:64] binding parameter [60] as [VARCHAR] - [L]
2020-06-19 13:28:28 TRACE [BasicBinder.java:64] binding parameter [61] as [DATE] - [1970-07-05]
2020-06-19 13:28:28 TRACE [BasicBinder.java:64] binding parameter [62] as [VARCHAR] - [01]
2020-06-19 13:28:28 TRACE [BasicBinder.java:64] binding parameter [63] as [DOUBLE] - [5778135.453682212]
2020-06-19 13:28:28 TRACE [BasicBinder.java:64] binding parameter [64] as [DOUBLE] - [8787010.683677688]
2020-06-19 13:28:28 TRACE [BasicBinder.java:64] binding parameter [65] as [DOUBLE] - [4998909.115535006]
2020-06-19 13:28:28 TRACE [BasicBinder.java:64] binding parameter [66] as [DOUBLE] - [9986821.371722858]
2020-06-19 13:28:28 TRACE [BasicBinder.java:64] binding parameter [67] as [DOUBLE] - [1193992.8055044247]
2020-06-19 13:28:28 TRACE [BasicBinder.java:64] binding parameter [68] as [VARCHAR] - [H]
2020-06-19 13:28:28 TRACE [BasicBinder.java:64] binding parameter [69] as [VARCHAR] - [HARDSURFACES]
2020-06-19 13:28:28 TRACE [BasicBinder.java:64] binding parameter [70] as [DOUBLE] - [6266109.129105931]
2020-06-19 13:28:28 TRACE [BasicBinder.java:64] binding parameter [71] as [VARCHAR] - [vS]
2020-06-19 13:28:28 TRACE [BasicBinder.java:64] binding parameter [72] as [VARCHAR] - [uaAvsOOqLNq]
2020-06-19 13:28:28 TRACE [BasicBinder.java:64] binding parameter [73] as [VARCHAR] - [lbdrO]
2020-06-19 13:28:28 TRACE [BasicBinder.java:64] binding parameter [74] as [VARCHAR] - [PQq]
2020-06-19 13:28:28 TRACE [BasicBinder.java:64] binding parameter [75] as [DATE] - [1979-03-17]
2020-06-19 13:28:28 TRACE [BasicBinder.java:64] binding parameter [76] as [VARCHAR] - [MTJkLIKPHvyhWRDCESGJ]
2020-06-19 13:28:28 TRACE [BasicBinder.java:64] binding parameter [77] as [VARCHAR] - [mB]
2020-06-19 13:28:28 TRACE [BasicBinder.java:64] binding parameter [78] as [VARCHAR] - [UZDMl]
2020-06-19 13:28:28 TRACE [BasicBinder.java:64] binding parameter [79] as [VARCHAR] - [lenGSrszUP]
2020-06-19 13:28:28 TRACE [BasicBinder.java:64] binding parameter [80] as [VARCHAR] - [osZybSksmUqUsriJccOz]
2020-06-19 13:28:28 TRACE [BasicBinder.java:64] binding parameter [81] as [VARCHAR] - [mkbbalbQbpiUvsElDecD]
2020-06-19 13:28:28 TRACE [BasicBinder.java:64] binding parameter [82] as [VARCHAR] - [T]
2020-06-19 13:28:28 TRACE [BasicBinder.java:64] binding parameter [83] as [TIMESTAMP] - [1970-01-01T02:40:20]
2020-06-19 13:28:28 TRACE [BasicBinder.java:64] binding parameter [84] as [VARCHAR] - [NfLYoslheRxOnCBEHOGa]
2020-06-19 13:28:28 TRACE [BasicBinder.java:64] binding parameter [85] as [VARCHAR] - [r]
2020-06-19 13:28:28 TRACE [BasicBinder.java:64] binding parameter [86] as [VARCHAR] - [iOAbUHNnQnVRAnfyLMXL]
2020-06-19 13:28:28 TRACE [BasicBinder.java:64] binding parameter [87] as [DATE] - [1976-08-29]
2020-06-19 13:28:28 TRACE [BasicBinder.java:64] binding parameter [88] as [VARCHAR] - [marLuZmQwaeFEeZuSWfx]
2020-06-19 13:28:28 TRACE [BasicBinder.java:64] binding parameter [89] as [VARCHAR] - [rU]
2020-06-19 13:28:28 TRACE [BasicBinder.java:64] binding parameter [90] as [VARCHAR] - [Ki]
2020-06-19 13:28:28 TRACE [BasicBinder.java:64] binding parameter [91] as [INTEGER] - [517167]
2020-06-19 13:28:28 TRACE [BasicBinder.java:64] binding parameter [92] as [VARCHAR] - [QAFylb]
2020-06-19 13:28:28 TRACE [BasicBinder.java:64] binding parameter [93] as [DATE] - [1982-05-22]
2020-06-19 13:28:28 TRACE [BasicBinder.java:64] binding parameter [94] as [DATE] - [1997-05-05]
2020-06-19 13:28:28 TRACE [BasicBinder.java:64] binding parameter [95] as [DATE] - [1971-09-26]
2020-06-19 13:28:28 TRACE [BasicBinder.java:64] binding parameter [96] as [VARCHAR] - [s]
2020-06-19 13:28:28 TRACE [BasicBinder.java:64] binding parameter [97] as [VARCHAR] - [dyP]
2020-06-19 13:28:28 TRACE [BasicBinder.java:64] binding parameter [98] as [DATE] - [1994-09-29]
2020-06-19 13:28:28 TRACE [BasicBinder.java:64] binding parameter [99] as [VARCHAR] - [omZbwpyflGlNRSJjqXJM]
2020-06-19 13:28:28 TRACE [BasicBinder.java:64] binding parameter [100] as [VARCHAR] - [U]
2020-06-19 13:28:28 TRACE [BasicBinder.java:64] binding parameter [101] as [VARCHAR] - [bU]
2020-06-19 13:28:28 TRACE [BasicBinder.java:64] binding parameter [102] as [VARCHAR] - [DqeEvFOSwYDbCBxdfaZG]
2020-06-19 13:28:28 TRACE [BasicBinder.java:64] binding parameter [103] as [VARCHAR] - [BxkdzEqNThHBnlcDKtqj]
2020-06-19 13:28:28 TRACE [BasicBinder.java:64] binding parameter [104] as [VARCHAR] - [vkiZHfdxNOayfRFXyBe]
2020-06-19 13:28:28 TRACE [BasicBinder.java:64] binding parameter [105] as [VARCHAR] - [lfCEEQumgCvhxlSurpU]
2020-06-19 13:28:28 TRACE [BasicBinder.java:64] binding parameter [106] as [VARCHAR] - [XonQDdJaQHouuJHKoLM]
2020-06-19 13:28:28 TRACE [BasicBinder.java:64] binding parameter [107] as [VARCHAR] - [EATSvIK]
2020-06-19 13:28:28 TRACE [BasicBinder.java:64] binding parameter [108] as [VARCHAR] - [xb]
2020-06-19 13:28:28 TRACE [BasicBinder.java:64] binding parameter [109] as [INTEGER] - [583673]
2020-06-19 13:28:28 TRACE [BasicBinder.java:64] binding parameter [110] as [VARCHAR] - [AuHIwdRdSPXlTEaqYZIX]
2020-06-19 13:28:28 TRACE [BasicBinder.java:64] binding parameter [111] as [VARCHAR] - [MCJYPhssGjPFRHi]
2020-06-19 13:28:28 TRACE [BasicBinder.java:64] binding parameter [112] as [VARCHAR] - [oSFpaMmmwlKoWfaLdCG]
2020-06-19 13:28:28 TRACE [BasicBinder.java:64] binding parameter [113] as [VARCHAR] - [nk]
2020-06-19 13:28:28 TRACE [BasicBinder.java:64] binding parameter [114] as [VARCHAR] - [JvRuAlMxqh]
2020-06-19 13:28:28 TRACE [BasicBinder.java:64] binding parameter [115] as [VARCHAR] - [I]
2020-06-19 13:28:28 TRACE [BasicBinder.java:64] binding parameter [116] as [VARCHAR] - [uOPbCZoihoB]
2020-06-19 13:28:28 TRACE [BasicBinder.java:64] binding parameter [117] as [VARCHAR] - [zAkpSKwkCBBzNRXdEDjC]
2020-06-19 13:28:28 TRACE [BasicBinder.java:64] binding parameter [118] as [VARCHAR] - [VQzcCnRYYunttSLSeCHA]
2020-06-19 13:28:28 TRACE [BasicBinder.java:64] binding parameter [119] as [VARCHAR] - [pdPDDUVxiCjrlohqolyn]
2020-06-19 13:28:28 TRACE [BasicBinder.java:64] binding parameter [120] as [VARCHAR] - [khRBlFUuKfWNXmDHVLvQ]
2020-06-19 13:28:28 TRACE [BasicBinder.java:64] binding parameter [121] as [VARCHAR] - [HpwQXdVshTMxFExVnmfE]
2020-06-19 13:28:28 TRACE [BasicBinder.java:64] binding parameter [122] as [VARCHAR] - [hb]
2020-06-19 13:28:28 TRACE [BasicBinder.java:64] binding parameter [123] as [VARCHAR] - [B]
2020-06-19 13:28:28 TRACE [BasicBinder.java:64] binding parameter [124] as [VARCHAR] - [IXJg]
2020-06-19 13:28:28 TRACE [BasicBinder.java:64] binding parameter [125] as [VARCHAR] - [qzhFfMyHKnjKbKfVNmgE]
2020-06-19 13:28:28 TRACE [BasicBinder.java:64] binding parameter [126] as [VARCHAR] - [bgV]
2020-06-19 13:28:28 TRACE [BasicBinder.java:64] binding parameter [127] as [VARCHAR] - [ED]
2020-06-19 13:28:28 TRACE [BasicBinder.java:64] binding parameter [128] as [VARCHAR] - [NtkMubMfehbNCkZVSzlL]
2020-06-19 13:28:28 TRACE [BasicBinder.java:64] binding parameter [129] as [VARCHAR] - [IaaLuyfUMEliZPRASnDV]
2020-06-19 13:28:28 TRACE [BasicBinder.java:64] binding parameter [130] as [VARCHAR] - [XSLaTKZagFpcMyzMByfx]
2020-06-19 13:28:28 TRACE [BasicBinder.java:64] binding parameter [131] as [VARCHAR] - [J]
2020-06-19 13:28:28 TRACE [BasicBinder.java:64] binding parameter [132] as [VARCHAR] - [SNOkwrVXylfvmcKWEoxG]
2020-06-19 13:28:28 TRACE [BasicBinder.java:64] binding parameter [133] as [VARCHAR] - [yDycQmcGESHUAWPDOSKS]
2020-06-19 13:28:28 TRACE [BasicBinder.java:64] binding parameter [134] as [VARCHAR] - [hHWeXlwAotLlciNVPBln]
2020-06-19 13:28:28 TRACE [BasicBinder.java:64] binding parameter [135] as [VARCHAR] - [WP]
2020-06-19 13:28:28 TRACE [BasicBinder.java:64] binding parameter [136] as [VARCHAR] - [LkllAVVdOAzemIBB]
2020-06-19 13:28:28 TRACE [BasicBinder.java:64] binding parameter [137] as [DOUBLE] - [4849942.480940291]
2020-06-19 13:28:28 TRACE [BasicBinder.java:64] binding parameter [138] as [VARCHAR] - [eCKrwlsQ]
2020-06-19 13:28:28 TRACE [BasicBinder.java:64] binding parameter [139] as [VARCHAR] - [pLqBoDEuBkvubKN]
2020-06-19 13:28:28 TRACE [BasicBinder.java:64] binding parameter [140] as [VARCHAR] - [mcYAdaxUfv]
2020-06-19 13:28:28 TRACE [BasicBinder.java:64] binding parameter [141] as [BIGINT] - [6]
2020-06-19 13:28:28 DEBUG [MockBuilder.java:94] set autoCreateFlag -> P
2020-06-19 13:28:28 DEBUG [MockBuilder.java:94] set changedBy -> GtmaHfyr
2020-06-19 13:28:28 DEBUG [MockBuilder.java:94] set changeTimestamp -> 1970-01-01T01:46:33
2020-06-19 13:28:28 DEBUG [MockBuilder.java:94] set precedence -> 7557758.315154515
2020-06-19 13:28:28 DEBUG [MockBuilder.java:94] set level -> D
2020-06-19 13:28:28 DEBUG [MockBuilder.java:94] set ediReasonCode -> 932937
2020-06-19 13:28:28 DEBUG [MockBuilder.java:94] set ediOrdValidations -> null
2020-06-19 13:28:28 DEBUG [MockBuilder.java:94] set createTimestamp -> 1970-01-01T01:23:11
2020-06-19 13:28:28 DEBUG [MockBuilder.java:94] set createdBy -> IafeQCNB
2020-06-19 13:28:28 DEBUG [MockBuilder.java:94] set description -> BgFLpRZVFoxJAoGHWLek
2020-06-19 13:28:28 DEBUG [MockBuilder.java:94] set defaultAction -> P
Hibernate: select edireasonc0_.EDI_REASON_CODE as edi_reas1_6_1_, edireasonc0_.AUTO_CREATE_FLAG as auto_cre2_6_1_, edireasonc0_.CHANGE_TIMESTAMP as change_t3_6_1_, edireasonc0_.CHANGED_BY as changed_4_6_1_, edireasonc0_.CREATE_TIMESTAMP as create_t5_6_1_, edireasonc0_.CREATED_BY as created_6_6_1_, edireasonc0_.DEFAULT_ACTION as default_7_6_1_, edireasonc0_.description as descript8_6_1_, edireasonc0_.LEVEL as level9_6_1_, edireasonc0_.precedence as precede10_6_1_, ediordvali1_.edi_reason_code as edi_rea11_2_3_, ediordvali1_.EDI_ORDER_NBR as edi_orde1_2_3_, ediordvali1_.PO_LINE_NBR as po_line_2_2_3_, ediordvali1_.TIME_STAMP as time_sta3_2_3_, ediordvali1_.EDI_ORDER_NBR as edi_orde1_2_0_, ediordvali1_.PO_LINE_NBR as po_line_2_2_0_, ediordvali1_.TIME_STAMP as time_sta3_2_0_, ediordvali1_.ACTION_CODE as action_c4_2_0_, ediordvali1_.ASSIGNED_TO as assigned5_2_0_, ediordvali1_.CHANGED_BY as changed_6_2_0_, ediordvali1_.CHANGED_TIMESTAMP as changed_7_2_0_, ediordvali1_.CREATED_BY as created_8_2_0_, ediordvali1_.CREATED_TIMESTAMP as created_9_2_0_, ediordvali1_.edi_reason_code as edi_rea11_2_0_, ediordvali1_.status as status10_2_0_ from EDI_REASON_CODE edireasonc0_ left outer join EDI_ORD_VALIDATION ediordvali1_ on edireasonc0_.EDI_REASON_CODE=ediordvali1_.edi_reason_code where edireasonc0_.EDI_REASON_CODE=?
2020-06-19 13:28:28 TRACE [BasicBinder.java:64] binding parameter [1] as [INTEGER] - [63]
]]></system-out>
  </testcase>
  <testcase name="testResubmit" classname="com.shaw.ediorderservices.service.order.HardsurfacesOrderServiceTest" time="0.117">
    <failure message="Not yet implemented" type="org.opentest4j.AssertionFailedError">org.opentest4j.AssertionFailedError: Not yet implemented
	at com.shaw.ediorderservices.service.order.HardsurfacesOrderServiceTest.testResubmit(HardsurfacesOrderServiceTest.java:26)
</failure>
    <system-out><![CDATA[2020-06-19 13:28:28 DEBUG [MockBuilder.java:94] set consStatusMsg -> OkVpiUxgQXPTiAhWOglt
2020-06-19 13:28:28 DEBUG [MockBuilder.java:94] set orderRetTotal -> 7856678.792426054
2020-06-19 13:28:28 DEBUG [MockBuilder.java:94] set eventInfo -> YCBpOjqRIjhfuSk
2020-06-19 13:28:28 DEBUG [MockBuilder.java:94] set ohStatusCode -> j
2020-06-19 13:28:28 DEBUG [MockBuilder.java:94] set shipPartCompInd -> y
2020-06-19 13:28:28 DEBUG [MockBuilder.java:94] set storeName -> egilnabCMSljdOiNLhHS
2020-06-19 13:28:28 DEBUG [MockBuilder.java:94] set orderType -> G
2020-06-19 13:28:28 DEBUG [MockBuilder.java:94] set explodeFlag -> D
2020-06-19 13:28:28 DEBUG [MockBuilder.java:94] set orderingSystem -> kR
2020-06-19 13:28:28 DEBUG [MockBuilder.java:94] set onNote -> FpCDXdqKEDRTRNfjhZYG
2020-06-19 13:28:28 DEBUG [MockBuilder.java:94] set contractUsageInd -> f
2020-06-19 13:28:28 DEBUG [MockBuilder.java:94] set termsNetDays -> XQQ
2020-06-19 13:28:28 DEBUG [MockBuilder.java:94] set shipPt -> bl
2020-06-19 13:28:28 DEBUG [MockBuilder.java:94] set orderTypeDesc -> BGtwaUJcfAbQLSW
2020-06-19 13:28:28 DEBUG [MockBuilder.java:94] set fobPoint -> kw
2020-06-19 13:28:28 DEBUG [MockBuilder.java:94] set phoneNumber -> mMgqmFnQcwM
2020-06-19 13:28:28 DEBUG [MockBuilder.java:94] set crossDockCenter -> iQRQSTmJDt
2020-06-19 13:28:28 DEBUG [MockBuilder.java:94] set specialInstruct1 -> zLbIcDULpBuixFkunHHv
2020-06-19 13:28:28 DEBUG [MockBuilder.java:94] set termsTypeFlag -> Fg
2020-06-19 13:28:28 DEBUG [MockBuilder.java:94] set onlineType -> u
2020-06-19 13:28:28 DEBUG [MockBuilder.java:94] set custDept -> lrRPE
2020-06-19 13:28:28 DEBUG [MockBuilder.java:94] set frtCode -> w
2020-06-19 13:28:28 DEBUG [MockBuilder.java:94] set poControl -> Ctvjr
2020-06-19 13:28:28 DEBUG [MockBuilder.java:94] set specialInstruct2 -> nFzSzmcMsLRUdFfFFTTZ
2020-06-19 13:28:28 DEBUG [MockBuilder.java:94] set orderWeight -> 2538816.3049217
2020-06-19 13:28:28 DEBUG [MockBuilder.java:94] set orderDate -> 1972-12-04
2020-06-19 13:28:28 DEBUG [MockBuilder.java:94] set totalBindingFt -> 5576914.11027746
2020-06-19 13:28:28 DEBUG [MockBuilder.java:94] set specialInstruct3 -> KWSgbJShBrbBPZJIRgzG
2020-06-19 13:28:28 DEBUG [MockBuilder.java:94] set giftMessage1 -> zxnxfIaTzdiuSlwsrjAc
2020-06-19 13:28:28 DEBUG [MockBuilder.java:94] set chngLid -> QQbodRqE
2020-06-19 13:28:28 DEBUG [MockBuilder.java:94] set poDateValue -> 1979-04-09
2020-06-19 13:28:28 DEBUG [MockBuilder.java:94] set orderRetHand -> 1566353.3271103199
2020-06-19 13:28:28 DEBUG [MockBuilder.java:94] set orderLoc -> XY
2020-06-19 13:28:28 DEBUG [MockBuilder.java:94] set specialInstruct4 -> qkrxVNRHRiLrQMmLKrcg
2020-06-19 13:28:28 DEBUG [MockBuilder.java:94] set giftMessage2 -> ZlnLgXtflYyFPGkqRFtl
2020-06-19 13:28:28 DEBUG [MockBuilder.java:94] set chngTimestamp -> 1970-01-01T00:15:49
2020-06-19 13:28:28 DEBUG [MockBuilder.java:94] set srvLevel -> ii
2020-06-19 13:28:28 DEBUG [MockBuilder.java:94] set poDateQualifier -> jvL
2020-06-19 13:28:28 DEBUG [MockBuilder.java:94] set orderMerCost -> 2136533.150053397
2020-06-19 13:28:28 DEBUG [MockBuilder.java:94] set specialPoNo -> qhTawuUePZlFlxDoKucO
2020-06-19 13:28:28 DEBUG [MockBuilder.java:94] set commCust -> bCqUwDY
2020-06-19 13:28:28 DEBUG [MockBuilder.java:94] set poNumber -> OFVnWBaOtIiXVpqGjxFT
2020-06-19 13:28:28 DEBUG [MockBuilder.java:94] set statusCode -> v
2020-06-19 13:28:28 DEBUG [MockBuilder.java:94] set orderRetSh -> 8670889.375776261
2020-06-19 13:28:28 DEBUG [MockBuilder.java:94] set shawOrderNumber -> KvAxvf
2020-06-19 13:28:28 DEBUG [MockBuilder.java:94] set hostAlertFlag -> v
2020-06-19 13:28:28 DEBUG [MockBuilder.java:94] set shipComplete -> Y
2020-06-19 13:28:28 DEBUG [MockBuilder.java:94] set poQual -> Pj
2020-06-19 13:28:28 DEBUG [MockBuilder.java:94] set customerCode -> Me
2020-06-19 13:28:28 DEBUG [MockBuilder.java:94] set nbDate -> 1987-06-18
2020-06-19 13:28:28 DEBUG [MockBuilder.java:94] set orderRetTax -> 1834487.8389167625
2020-06-19 13:28:28 DEBUG [MockBuilder.java:94] set dunsNbr -> FKyOYeyrzIwuGWl
2020-06-19 13:28:28 DEBUG [MockBuilder.java:94] set salesCheckNumber -> qgLfPLRKamZkZInAFWlG
2020-06-19 13:28:28 DEBUG [MockBuilder.java:94] set custNbr -> rvAqdFt
2020-06-19 13:28:28 DEBUG [MockBuilder.java:94] set stdCarrAlphaInd -> sLUb
2020-06-19 13:28:28 DEBUG [MockBuilder.java:94] set reserveOrderInd -> j
2020-06-19 13:28:28 DEBUG [MockBuilder.java:94] set newStoreInd -> O
2020-06-19 13:28:28 DEBUG [MockBuilder.java:94] set shipDateValue -> 1979-05-25
2020-06-19 13:28:28 DEBUG [MockBuilder.java:94] set errorCode -> GjZ
2020-06-19 13:28:28 DEBUG [MockBuilder.java:94] set customerRefNbr -> KwS
2020-06-19 13:28:28 DEBUG [MockBuilder.java:94] set salesReqCode -> lL
2020-06-19 13:28:28 DEBUG [MockBuilder.java:94] set returnMsg -> UtnqIhbzUIDOCsubPjwC
2020-06-19 13:28:28 DEBUG [MockBuilder.java:94] set noAsnFlag -> N
2020-06-19 13:28:28 DEBUG [MockBuilder.java:94] set customerSidemark -> XmevyBkpBuRXcXZfyGBe
2020-06-19 13:28:28 DEBUG [MockBuilder.java:94] set sellCo -> YY
2020-06-19 13:28:28 DEBUG [MockBuilder.java:94] set shipDateQualifier -> ozy
2020-06-19 13:28:28 DEBUG [MockBuilder.java:94] set routeByDate -> 1985-01-28
2020-06-19 13:28:28 DEBUG [MockBuilder.java:94] set ohCancelDateValue -> 1994-10-06
2020-06-19 13:28:28 DEBUG [MockBuilder.java:94] set shipInstruction -> ALdxMiBNCHNsQdnYACMY
2020-06-19 13:28:28 DEBUG [MockBuilder.java:94] set errorDescription -> pUirEIpimjtlmbmsYOTf
2020-06-19 13:28:28 DEBUG [MockBuilder.java:94] set seqNbr -> 73676
2020-06-19 13:28:28 DEBUG [MockBuilder.java:94] set custPmtMeth -> wZoBiFOxXDkYaQKBFZoF
2020-06-19 13:28:28 DEBUG [MockBuilder.java:94] set inputMethod -> dsMSbiOdoy
2020-06-19 13:28:28 DEBUG [MockBuilder.java:94] set userId -> OwFcZuQF
2020-06-19 13:28:28 DEBUG [MockBuilder.java:94] set shipByCutOffDt -> 1995-01-21
2020-06-19 13:28:28 DEBUG [MockBuilder.java:94] set poType -> pXjFA
2020-06-19 13:28:28 DEBUG [MockBuilder.java:94] set phone -> tbyfRgZmSBCdluJ
2020-06-19 13:28:28 DEBUG [MockBuilder.java:94] set errorTimestamp -> 1970-01-01T02:40:22
2020-06-19 13:28:28 DEBUG [MockBuilder.java:94] set markForStore -> eBaPlxEsFM
2020-06-19 13:28:28 DEBUG [MockBuilder.java:94] set vendorNo -> otQjpDULNPmRHXG
2020-06-19 13:28:28 DEBUG [MockBuilder.java:94] set custSpInst -> GHWYbJFozxALACgKnwsy
2020-06-19 13:28:28 DEBUG [MockBuilder.java:94] set poTypeSuffix -> KSKLGNRbwE
2020-06-19 13:28:28 DEBUG [MockBuilder.java:94] set shipByDate -> 1983-09-26
2020-06-19 13:28:28 DEBUG [MockBuilder.java:94] set deliveryDate -> 1979-08-10
2020-06-19 13:28:28 DEBUG [MockBuilder.java:94] set mediaEventCode -> wS
2020-06-19 13:28:28 DEBUG [MockBuilder.java:94] set custWhNbr -> hyKW
2020-06-19 13:28:28 DEBUG [MockBuilder.java:94] set wcStore -> GwMijAnvzu
2020-06-19 13:28:28 DEBUG [MockBuilder.java:94] set psMsg -> HPCfwSPlBeSQbLUkaZmN
2020-06-19 13:28:28 DEBUG [MockBuilder.java:94] set shipCancelDate -> 1992-12-04
2020-06-19 13:28:28 DEBUG [MockBuilder.java:94] set province -> vhxRASIExnWJliuYcbi
2020-06-19 13:28:28 DEBUG [MockBuilder.java:94] set beg -> cHHqR
2020-06-19 13:28:28 DEBUG [MockBuilder.java:94] set agreementNumber -> kPhprdKGqjwDvQT
2020-06-19 13:28:28 DEBUG [MockBuilder.java:94] set delvCutOffDt -> 1975-08-28
2020-06-19 13:28:28 DEBUG [MockBuilder.java:94] set bsStoreNbr -> LjvGLRoCEx
2020-06-19 13:28:28 DEBUG [MockBuilder.java:94] set billToState -> dM
2020-06-19 13:28:28 DEBUG [MockBuilder.java:94] set assignedAgent -> ypWyMfyL
2020-06-19 13:28:28 DEBUG [MockBuilder.java:94] set name -> OPwgIAkSFhRHpEbYfzoc
2020-06-19 13:28:28 DEBUG [MockBuilder.java:94] set cancelDateQualifier -> nXj
2020-06-19 13:28:28 DEBUG [MockBuilder.java:94] set billToStore -> mQaBowdFFv
2020-06-19 13:28:28 DEBUG [MockBuilder.java:94] set name -> YttXXykdFYGFkstDEcJB
2020-06-19 13:28:28 DEBUG [MockBuilder.java:94] set acctContact -> esqHPHxVcwJgROjHqAqr
2020-06-19 13:28:28 DEBUG [MockBuilder.java:94] set carrierCode -> oA
2020-06-19 13:28:28 DEBUG [MockBuilder.java:94] set authRep -> gTPKibHOmdmqxvzCXmsH
2020-06-19 13:28:28 DEBUG [MockBuilder.java:94] set flag -> 91671
2020-06-19 13:28:28 DEBUG [MockBuilder.java:94] set country -> ZOKszToUxbhIGUPvlwc
2020-06-19 13:28:28 DEBUG [MockBuilder.java:94] set divDesc -> TUsQtuKFUWDiPMUKEpFT
2020-06-19 13:28:28 DEBUG [MockBuilder.java:94] set consumerPoDateValue -> 1973-11-19
2020-06-19 13:28:28 DEBUG [MockBuilder.java:94] set cbCutLength -> 5889657.234496597
2020-06-19 13:28:28 DEBUG [MockBuilder.java:94] set cnCity -> jFUHDljzEBmNlRUefjw
2020-06-19 13:28:28 DEBUG [MockBuilder.java:94] set store -> JJrKeKyNgV
2020-06-19 13:28:28 DEBUG [MockBuilder.java:94] set authorizationNo -> qeEcQlffJQ
2020-06-19 13:28:28 DEBUG [MockBuilder.java:94] set city -> iZLjDZkOqPpkbtXkjKv
2020-06-19 13:28:28 DEBUG [MockBuilder.java:94] set truncFlag -> i
2020-06-19 13:28:28 DEBUG [MockBuilder.java:94] set state -> XS
2020-06-19 13:28:28 DEBUG [MockBuilder.java:94] set acknowlegeOrdInd -> V
2020-06-19 13:28:28 DEBUG [MockBuilder.java:94] set addressLine2 -> gojDODuMAeLogLSTnJCh
2020-06-19 13:28:28 DEBUG [MockBuilder.java:94] set custNbr -> YCELMDh
2020-06-19 13:28:28 DEBUG [MockBuilder.java:94] set state -> ee
2020-06-19 13:28:28 DEBUG [MockBuilder.java:94] set destCode -> bO
2020-06-19 13:28:28 DEBUG [MockBuilder.java:94] set addressLine1 -> sZsiIIVjQimufVLcezOk
2020-06-19 13:28:28 DEBUG [MockBuilder.java:94] set zip -> dOUamMfYYoA
2020-06-19 13:28:28 DEBUG [MockBuilder.java:94] set addrKey -> 198931
2020-06-19 13:28:28 DEBUG [MockBuilder.java:94] set city -> gkHjVJzezkkWqwhFfRb
2020-06-19 13:28:28 DEBUG [MockBuilder.java:94] set consumerShipFlg -> O
2020-06-19 13:28:28 DEBUG [MockBuilder.java:94] set cphone -> WNBVdtsUTPknNmLtBgcN
2020-06-19 13:28:28 DEBUG [MockBuilder.java:94] set zip -> TDambAEiK
2020-06-19 13:28:28 DEBUG [MockBuilder.java:94] set addressLine2 -> RKRDLqSMYGbBkFmdhuAZ
2020-06-19 13:28:28 DEBUG [MockBuilder.java:94] set ccountry -> hExOuOIavHnNjjzsYsoZ
2020-06-19 13:28:28 DEBUG [MockBuilder.java:94] set addressLine1 -> ZioEiATiwPvPSepTIkaO
2020-06-19 13:28:28 DEBUG [MockBuilder.java:94] set cprovince -> qKIimbmrrdPydeoFpoGq
2020-06-19 13:28:28 DEBUG [MockBuilder.java:94] set shipToAddress -> LegacyShipToAddress [addressLine1=sZsiIIVjQimufVLcezOk, addressLine2=gojDODuMAeLogLSTnJCh, city=gkHjVJzezkkWqwhFfRb, cnCity=jFUHDljzEBmNlRUefjw, country=ZOKszToUxbhIGUPvlwc, custNbr=YCELMDh, destCode=bO, flag=91671, name=OPwgIAkSFhRHpEbYfzoc, phone=tbyfRgZmSBCdluJ, province=vhxRASIExnWJliuYcbi, state=XS, store=JJrKeKyNgV, truncFlag=i, zip=dOUamMfYYoA]
2020-06-19 13:28:28 DEBUG [MockBuilder.java:94] set consumerAddress -> LegacyConsumerAddress [cprovince=qKIimbmrrdPydeoFpoGq, ccountry=hExOuOIavHnNjjzsYsoZ, cphone=WNBVdtsUTPknNmLtBgcN, addressLine1=ZioEiATiwPvPSepTIkaO, addressLine2=RKRDLqSMYGbBkFmdhuAZ, city=iZLjDZkOqPpkbtXkjKv, name=YttXXykdFYGFkstDEcJB, consumerPoDateValue=1973-11-19, consumerShipFlg=O, state=ee, zip=TDambAEiK]
2020-06-19 13:28:28 DEBUG [MockBuilder.java:94] set addressLine1 -> qciLfQULIjdBeAuOELFP
2020-06-19 13:28:28 DEBUG [MockBuilder.java:94] set city -> YWiYcAzBNSoKDSDwuhPm
2020-06-19 13:28:28 DEBUG [MockBuilder.java:94] set tpcountry -> RPJciDlDgbaUioJiKXux
2020-06-19 13:28:28 DEBUG [MockBuilder.java:94] set billFlag -> k
2020-06-19 13:28:28 DEBUG [MockBuilder.java:94] set state -> Vu
2020-06-19 13:28:28 DEBUG [MockBuilder.java:94] set accountNbr -> HeFWRqOFJHEoiZyLCitN
2020-06-19 13:28:28 DEBUG [MockBuilder.java:94] set name -> ssdgScmyMRxMKPAldIUa
2020-06-19 13:28:28 DEBUG [MockBuilder.java:94] set tpprovince -> LuCpSBKhKsXgpUbbQmKD
2020-06-19 13:28:28 DEBUG [MockBuilder.java:94] set addressLine2 -> zacSsldJRFvuQjuIdFvQ
2020-06-19 13:28:28 DEBUG [MockBuilder.java:94] set tpphone -> viItlwmQZRUxVvhsjpcj
2020-06-19 13:28:28 DEBUG [MockBuilder.java:94] set zip -> hPbCXtblTXVgPTlK
2020-06-19 13:28:28 DEBUG [MockBuilder.java:94] set name2 -> uVTYLiJhlAOhCDnpwleh
2020-06-19 13:28:28 DEBUG [MockBuilder.java:94] set purchasedBy -> CwAlYteDdqTlVrwffBFx
2020-06-19 13:28:28 DEBUG [MockBuilder.java:94] set thirdPartyAddress -> LegacyThirdPartyAddress [tpprovince=LuCpSBKhKsXgpUbbQmKD, tpcountry=RPJciDlDgbaUioJiKXux, tpphone=viItlwmQZRUxVvhsjpcj, addressLine1=qciLfQULIjdBeAuOELFP, addressLine2=zacSsldJRFvuQjuIdFvQ, accountNbr=HeFWRqOFJHEoiZyLCitN, billFlag=k, city=YWiYcAzBNSoKDSDwuhPm, name=ssdgScmyMRxMKPAldIUa, name2=uVTYLiJhlAOhCDnpwleh, state=Vu, zip=hPbCXtblTXVgPTlK]
2020-06-19 13:28:28 DEBUG [MockBuilder.java:94] set dates -> null
2020-06-19 13:28:28 DEBUG [MockBuilder.java:94] set rcdCode -> A
2020-06-19 13:28:28 DEBUG [MockBuilder.java:94] set lines -> null
2020-06-19 13:28:28 DEBUG [MockBuilder.java:94] set receivedTimestamp -> 1970-01-01T00:31:46
2020-06-19 13:28:28 DEBUG [MockBuilder.java:94] set refTcNbr -> QNcZrcyBenlPqRXyRBdd
2020-06-19 13:28:28 DEBUG [MockHelper.java:99] EdiOrderHeader [legacyOrderNumber=null, acctContact=esqHPHxVcwJgROjHqAqr, acknowlegeOrdInd=V, addrKey=198931, agreementNumber=kPhprdKGqjwDvQT, assignedAgent=ypWyMfyL, authRep=gTPKibHOmdmqxvzCXmsH, authorizationNo=qeEcQlffJQ, beg=cHHqR, billToState=dM, billToStore=mQaBowdFFv, bsStoreNbr=LjvGLRoCEx, cancelDateQualifier=nXj, carrierCode=oA, cbCutLength=5889657.234496597, chngLid=QQbodRqE, chngTimestamp=1970-01-01T00:15:49, commCust=bCqUwDY, consStatusMsg=OkVpiUxgQXPTiAhWOglt, contractUsageInd=f, crossDockCenter=iQRQSTmJDt, custDept=lrRPE, custPmtMeth=wZoBiFOxXDkYaQKBFZoF, custSpInst=GHWYbJFozxALACgKnwsy, custWhNbr=hyKW, customerCode=Me, custNbr=rvAqdFt, customerRefNbr=KwS, customerSidemark=XmevyBkpBuRXcXZfyGBe, deliveryDate=1979-08-10, delvCutOffDt=1975-08-28, divDesc=TUsQtuKFUWDiPMUKEpFT, dunsNbr=FKyOYeyrzIwuGWl, errorCode=GjZ, errorDescription=pUirEIpimjtlmbmsYOTf, errorTimestamp=1970-01-01T02:40:22, eventInfo=YCBpOjqRIjhfuSk, explodeFlag=D, fobPoint=kw, frtCode=w, giftMessage1=zxnxfIaTzdiuSlwsrjAc, giftMessage2=ZlnLgXtflYyFPGkqRFtl, hostAlertFlag=v, inputMethod=dsMSbiOdoy, markForStore=eBaPlxEsFM, mediaEventCode=wS, nbDate=1987-06-18, newStoreInd=O, noAsnFlag=N, ohCancelDateValue=1994-10-06, ohStatusCode=j, onNote=FpCDXdqKEDRTRNfjhZYG, onlineType=u, orderDate=1972-12-04, orderLoc=01, orderMerCost=2136533.150053397, shawOrderNumber=KvAxvf, orderRetHand=1566353.3271103199, orderRetSh=8670889.375776261, orderRetTax=1834487.8389167625, orderRetTotal=7856678.792426054, orderType=S, orderTypeDesc=SAMPLES, orderWeight=2538816.3049217, orderingSystem=kR, phoneNumber=mMgqmFnQcwM, poControl=Ctvjr, poDateValue=1979-04-09, poDateQualifier=jvL, poNumber=OFVnWBaOtIiXVpqGjxFT, poQual=Pj, poType=pXjFA, poTypeSuffix=KSKLGNRbwE, psMsg=HPCfwSPlBeSQbLUkaZmN, purchasedBy=CwAlYteDdqTlVrwffBFx, rcdCode=A, receivedTimestamp=1970-01-01T00:31:46, refTcNbr=QNcZrcyBenlPqRXyRBdd, reserveOrderInd=j, returnMsg=UtnqIhbzUIDOCsubPjwC, routeByDate=1985-01-28, salesCheckNumber=qgLfPLRKamZkZInAFWlG, salesReqCode=lL, sellCo=YY, seqNbr=73676, shipByCutOffDt=1995-01-21, shipByDate=1983-09-26, shipCancelDate=1992-12-04, shipComplete=Y, shipDateValue=1979-05-25, shipDateQualifier=ozy, shipInstruction=ALdxMiBNCHNsQdnYACMY, shipPartCompInd=y, shipPt=bl, specialInstruct1=zLbIcDULpBuixFkunHHv, specialInstruct2=nFzSzmcMsLRUdFfFFTTZ, specialInstruct3=KWSgbJShBrbBPZJIRgzG, specialInstruct4=qkrxVNRHRiLrQMmLKrcg, specialPoNo=qhTawuUePZlFlxDoKucO, srvLevel=ii, statusCode=v, stdCarrAlphaInd=sLUb, storeName=egilnabCMSljdOiNLhHS, termsNetDays=XQQ, termsTypeFlag=Fg, totalBindingFt=5576914.11027746, userId=OwFcZuQF, vendorNo=otQjpDULNPmRHXG, wcStore=GwMijAnvzu, consumerAddress=LegacyConsumerAddress [cprovince=qKIimbmrrdPydeoFpoGq, ccountry=hExOuOIavHnNjjzsYsoZ, cphone=WNBVdtsUTPknNmLtBgcN, addressLine1=ZioEiATiwPvPSepTIkaO, addressLine2=RKRDLqSMYGbBkFmdhuAZ, city=iZLjDZkOqPpkbtXkjKv, name=YttXXykdFYGFkstDEcJB, consumerPoDateValue=1973-11-19, consumerShipFlg=O, state=ee, zip=TDambAEiK], shipToAddress=LegacyShipToAddress [addressLine1=sZsiIIVjQimufVLcezOk, addressLine2=gojDODuMAeLogLSTnJCh, city=gkHjVJzezkkWqwhFfRb, cnCity=jFUHDljzEBmNlRUefjw, country=ZOKszToUxbhIGUPvlwc, custNbr=YCELMDh, destCode=bO, flag=91671, name=OPwgIAkSFhRHpEbYfzoc, phone=tbyfRgZmSBCdluJ, province=vhxRASIExnWJliuYcbi, state=XS, store=JJrKeKyNgV, truncFlag=i, zip=dOUamMfYYoA], thirdPartyAddress=LegacyThirdPartyAddress [tpprovince=LuCpSBKhKsXgpUbbQmKD, tpcountry=RPJciDlDgbaUioJiKXux, tpphone=viItlwmQZRUxVvhsjpcj, addressLine1=qciLfQULIjdBeAuOELFP, addressLine2=zacSsldJRFvuQjuIdFvQ, accountNbr=HeFWRqOFJHEoiZyLCitN, billFlag=k, city=YWiYcAzBNSoKDSDwuhPm, name=ssdgScmyMRxMKPAldIUa, name2=uVTYLiJhlAOhCDnpwleh, state=Vu, zip=hPbCXtblTXVgPTlK], dates=null, lines=null]
Hibernate: call next value for SHXP.EDI_ORDER_NBR
Hibernate: insert into EDI_ORDER_HEADER (ACCT_CONTACT, ACKNOWLEGE_ORD_IND, ADDR_KEY, AGREEMENT_NUMBER, ASSIGNED_AGENT, AUTH_REP, AUTHORIZATION_NO, beg, BILL_TO_STATE, BILL_TO_STORE, BS_STORE_NBR, CANCEL_DATE_QUAL, CARRIER_CODE, CB_CUT_LENGTH, CHNG_LID, CHNG_TIMESTAMP, COMM_CUST, CONS_STATUS_MSG, CONSUMER_ADDRESS, CONSUMER_ADDRESS_2, CONSUMER_CITY, CONSUMER_PO_DATE, CONSUMER_SHIP_FLG, CONSUMER_NAME, CONSUMER_STATE, CONSUMER_ZIP, CONTRACT_USAGE_IND, CROSS_DOCK_CENTER, CUST_DEPT, CUSTOMER_NUMBER, CUST_PMT_METH, CUST_SP_INST, CUST_WH_NBR, CUSTOMER_CODE, CUSTOMER_REF_NBR, CUSTOMER_SIDEMARK, DELIVERY_DATE, DELV_CUT_OFF_DT, DIV_DESC, DUNS_NBR, ERROR_CODE, ERROR_DESCRIPTION, ERROR_TIMESTAMP, EVENT_INFO, EXPLODE_FLAG, FOB_POINT, FRT_CODE, GIFT_MESSAGE_1, GIFT_MESSAGE_2, HOST_ALERT_FLAG, INPUT_METHOD, MARK_FOR_STORE, MEDIA_EVENT_CODE, NB_DATE, NEW_STORE_IND, NO_ASN_FLAG, OH_CANCEL_DATE, OH_STATUS_CODE, ON_NOTE, ONLINE_TYPE, ORDER_DATE, ORDER_LOC, ORDER_MER_COST, ORDER_RET_HAND, ORDER_RET_SH, ORDER_RET_TAX, ORDER_RET_TOTAL, ORDER_TYPE, ORDER_TYPE_DESC, ORDER_WEIGHT, ORDERING_SYSTEM, PHONE_NUMBER, PO_CONTROL, PO_DATE_QUAL, PO_DATE, PO_NUMBER, PO_QUAL, PO_TYPE, PO_TYPE_SUFFIX, PS_MSG, PURCHASED_BY, RCD_CODE, RECEIVED_TIMESTAMP, REF_TC_NBR, RESERVE_ORDER_IND, RETURN_MSG, ROUTE_BY_DATE, SALES_CHECK_NUMBER, SALES_REQ_CODE, SELL_CO, SEQ_NBR, ORDER_NUMBER, SHIP_BY_CUT_OFF_DT, SHIP_BY_DATE, SHIP_CANCEL_DATE, SHIP_COMPLETE, SHIP_DATE_QUAL, SHIP_DATE, SHIP_INSTRUCTION, SHIP_PART_COMP_IND, SHIP_PT, SHIP_TO_ADDRESS_1, SHIP_TO_ADDRESS_2, SHIP_TO_CITY, SHIP_TO_CN_CITY, SHIP_TO_COUNTRY, SHIP_TO_CUST_NBR, SHIP_TO_DEST_COD, SHIP_TO_FLAG, SHIP_TO_NAME, SHIP_TO_PHONE, SHIP_TO_PROVENCE, SHIP_TO_STATE, SHIP_TO_STORE, SHIP_TO_TRUNC_FLG, SHIP_TO_ZIP, SPECIAL_INSTRUCT_1, SPECIAL_INSTRUCT_2, SPECIAL_INSTRUCT_3, SPECIAL_INSTRUCT_4, SPECIAL_PO_NO, SRV_LEVEL, STATUS_CODE, STD_CARR_ALPHA_IND, STORE_NAME, TERMS_NET_DAYS, TERMS_TYPE_FLAG, THIRD_PARTY_ACCT_NBR, THIRD_PARTY_ADDR_1, THIRD_PARTY_ADDR_2, THIRD_PARTY_BILL_FLAG, THIRD_PARTY_CITY, THIRD_PARTY_NAME, THIRD_PARTY_NAME_2, THIRD_PARTY_STATE, THIRD_PARTY_ZIP, TOTAL_BINDING_FT, USER_ID, VENDOR_NO, WC_STORE, EDI_ORDER_NUMBER) values (?, ?, ?, ?, ?, ?, ?, ?, ?, ?, ?, ?, ?, ?, ?, ?, ?, ?, ?, ?, ?, ?, ?, ?, ?, ?, ?, ?, ?, ?, ?, ?, ?, ?, ?, ?, ?, ?, ?, ?, ?, ?, ?, ?, ?, ?, ?, ?, ?, ?, ?, ?, ?, ?, ?, ?, ?, ?, ?, ?, ?, ?, ?, ?, ?, ?, ?, ?, ?, ?, ?, ?, ?, ?, ?, ?, ?, ?, ?, ?, ?, ?, ?, ?, ?, ?, ?, ?, ?, ?, ?, ?, ?, ?, ?, ?, ?, ?, ?, ?, ?, ?, ?, ?, ?, ?, ?, ?, ?, ?, ?, ?, ?, ?, ?, ?, ?, ?, ?, ?, ?, ?, ?, ?, ?, ?, ?, ?, ?, ?, ?, ?, ?, ?, ?, ?, ?, ?, ?, ?, ?)
2020-06-19 13:28:28 TRACE [BasicBinder.java:64] binding parameter [1] as [VARCHAR] - [esqHPHxVcwJgROjHqAqr]
2020-06-19 13:28:28 TRACE [BasicBinder.java:64] binding parameter [2] as [VARCHAR] - [V]
2020-06-19 13:28:28 TRACE [BasicBinder.java:64] binding parameter [3] as [INTEGER] - [198931]
2020-06-19 13:28:28 TRACE [BasicBinder.java:64] binding parameter [4] as [VARCHAR] - [kPhprdKGqjwDvQT]
2020-06-19 13:28:28 TRACE [BasicBinder.java:64] binding parameter [5] as [VARCHAR] - [ypWyMfyL]
2020-06-19 13:28:28 TRACE [BasicBinder.java:64] binding parameter [6] as [VARCHAR] - [gTPKibHOmdmqxvzCXmsH]
2020-06-19 13:28:28 TRACE [BasicBinder.java:64] binding parameter [7] as [VARCHAR] - [qeEcQlffJQ]
2020-06-19 13:28:28 TRACE [BasicBinder.java:64] binding parameter [8] as [VARCHAR] - [cHHqR]
2020-06-19 13:28:28 TRACE [BasicBinder.java:64] binding parameter [9] as [VARCHAR] - [dM]
2020-06-19 13:28:28 TRACE [BasicBinder.java:64] binding parameter [10] as [VARCHAR] - [mQaBowdFFv]
2020-06-19 13:28:28 TRACE [BasicBinder.java:64] binding parameter [11] as [VARCHAR] - [LjvGLRoCEx]
2020-06-19 13:28:28 TRACE [BasicBinder.java:64] binding parameter [12] as [VARCHAR] - [nXj]
2020-06-19 13:28:28 TRACE [BasicBinder.java:64] binding parameter [13] as [VARCHAR] - [oA]
2020-06-19 13:28:28 TRACE [BasicBinder.java:64] binding parameter [14] as [DOUBLE] - [5889657.234496597]
2020-06-19 13:28:28 TRACE [BasicBinder.java:64] binding parameter [15] as [VARCHAR] - [QQbodRqE]
2020-06-19 13:28:28 TRACE [BasicBinder.java:64] binding parameter [16] as [TIMESTAMP] - [1970-01-01T00:15:49]
2020-06-19 13:28:28 TRACE [BasicBinder.java:64] binding parameter [17] as [VARCHAR] - [bCqUwDY]
2020-06-19 13:28:28 TRACE [BasicBinder.java:64] binding parameter [18] as [VARCHAR] - [OkVpiUxgQXPTiAhWOglt]
2020-06-19 13:28:28 TRACE [BasicBinder.java:64] binding parameter [19] as [VARCHAR] - [ZioEiATiwPvPSepTIkaO]
2020-06-19 13:28:28 TRACE [BasicBinder.java:64] binding parameter [20] as [VARCHAR] - [RKRDLqSMYGbBkFmdhuAZ]
2020-06-19 13:28:28 TRACE [BasicBinder.java:64] binding parameter [21] as [VARCHAR] - [iZLjDZkOqPpkbtXkjKv]
2020-06-19 13:28:28 TRACE [BasicBinder.java:64] binding parameter [22] as [DATE] - [1973-11-19]
2020-06-19 13:28:28 TRACE [BasicBinder.java:64] binding parameter [23] as [VARCHAR] - [O]
2020-06-19 13:28:28 TRACE [BasicBinder.java:64] binding parameter [24] as [VARCHAR] - [YttXXykdFYGFkstDEcJB]
2020-06-19 13:28:28 TRACE [BasicBinder.java:64] binding parameter [25] as [VARCHAR] - [ee]
2020-06-19 13:28:28 TRACE [BasicBinder.java:64] binding parameter [26] as [VARCHAR] - [TDambAEiK]
2020-06-19 13:28:28 TRACE [BasicBinder.java:64] binding parameter [27] as [VARCHAR] - [f]
2020-06-19 13:28:28 TRACE [BasicBinder.java:64] binding parameter [28] as [VARCHAR] - [iQRQSTmJDt]
2020-06-19 13:28:28 TRACE [BasicBinder.java:64] binding parameter [29] as [VARCHAR] - [lrRPE]
2020-06-19 13:28:28 TRACE [BasicBinder.java:64] binding parameter [30] as [VARCHAR] - [rvAqdFt]
2020-06-19 13:28:28 TRACE [BasicBinder.java:64] binding parameter [31] as [VARCHAR] - [wZoBiFOxXDkYaQKBFZoF]
2020-06-19 13:28:28 TRACE [BasicBinder.java:64] binding parameter [32] as [VARCHAR] - [GHWYbJFozxALACgKnwsy]
2020-06-19 13:28:28 TRACE [BasicBinder.java:64] binding parameter [33] as [VARCHAR] - [hyKW]
2020-06-19 13:28:28 TRACE [BasicBinder.java:64] binding parameter [34] as [VARCHAR] - [Me]
2020-06-19 13:28:28 TRACE [BasicBinder.java:64] binding parameter [35] as [VARCHAR] - [KwS]
2020-06-19 13:28:28 TRACE [BasicBinder.java:64] binding parameter [36] as [VARCHAR] - [XmevyBkpBuRXcXZfyGBe]
2020-06-19 13:28:28 TRACE [BasicBinder.java:64] binding parameter [37] as [DATE] - [1979-08-10]
2020-06-19 13:28:28 TRACE [BasicBinder.java:64] binding parameter [38] as [DATE] - [1975-08-28]
2020-06-19 13:28:28 TRACE [BasicBinder.java:64] binding parameter [39] as [VARCHAR] - [TUsQtuKFUWDiPMUKEpFT]
2020-06-19 13:28:28 TRACE [BasicBinder.java:64] binding parameter [40] as [VARCHAR] - [FKyOYeyrzIwuGWl]
2020-06-19 13:28:28 TRACE [BasicBinder.java:64] binding parameter [41] as [VARCHAR] - [GjZ]
2020-06-19 13:28:28 TRACE [BasicBinder.java:64] binding parameter [42] as [VARCHAR] - [pUirEIpimjtlmbmsYOTf]
2020-06-19 13:28:28 TRACE [BasicBinder.java:64] binding parameter [43] as [TIMESTAMP] - [1970-01-01T02:40:22]
2020-06-19 13:28:28 TRACE [BasicBinder.java:64] binding parameter [44] as [VARCHAR] - [YCBpOjqRIjhfuSk]
2020-06-19 13:28:28 TRACE [BasicBinder.java:64] binding parameter [45] as [VARCHAR] - [D]
2020-06-19 13:28:28 TRACE [BasicBinder.java:64] binding parameter [46] as [VARCHAR] - [kw]
2020-06-19 13:28:28 TRACE [BasicBinder.java:64] binding parameter [47] as [VARCHAR] - [w]
2020-06-19 13:28:28 TRACE [BasicBinder.java:64] binding parameter [48] as [VARCHAR] - [zxnxfIaTzdiuSlwsrjAc]
2020-06-19 13:28:28 TRACE [BasicBinder.java:64] binding parameter [49] as [VARCHAR] - [ZlnLgXtflYyFPGkqRFtl]
2020-06-19 13:28:28 TRACE [BasicBinder.java:64] binding parameter [50] as [VARCHAR] - [v]
2020-06-19 13:28:28 TRACE [BasicBinder.java:64] binding parameter [51] as [VARCHAR] - [dsMSbiOdoy]
2020-06-19 13:28:28 TRACE [BasicBinder.java:64] binding parameter [52] as [VARCHAR] - [eBaPlxEsFM]
2020-06-19 13:28:28 TRACE [BasicBinder.java:64] binding parameter [53] as [VARCHAR] - [wS]
2020-06-19 13:28:28 TRACE [BasicBinder.java:64] binding parameter [54] as [DATE] - [1987-06-18]
2020-06-19 13:28:28 TRACE [BasicBinder.java:64] binding parameter [55] as [VARCHAR] - [O]
2020-06-19 13:28:28 TRACE [BasicBinder.java:64] binding parameter [56] as [VARCHAR] - [N]
2020-06-19 13:28:28 TRACE [BasicBinder.java:64] binding parameter [57] as [DATE] - [1994-10-06]
2020-06-19 13:28:28 TRACE [BasicBinder.java:64] binding parameter [58] as [VARCHAR] - [j]
2020-06-19 13:28:28 TRACE [BasicBinder.java:64] binding parameter [59] as [VARCHAR] - [FpCDXdqKEDRTRNfjhZYG]
2020-06-19 13:28:28 TRACE [BasicBinder.java:64] binding parameter [60] as [VARCHAR] - [u]
2020-06-19 13:28:28 TRACE [BasicBinder.java:64] binding parameter [61] as [DATE] - [1972-12-04]
2020-06-19 13:28:28 TRACE [BasicBinder.java:64] binding parameter [62] as [VARCHAR] - [01]
2020-06-19 13:28:28 TRACE [BasicBinder.java:64] binding parameter [63] as [DOUBLE] - [2136533.150053397]
2020-06-19 13:28:28 TRACE [BasicBinder.java:64] binding parameter [64] as [DOUBLE] - [1566353.3271103199]
2020-06-19 13:28:28 TRACE [BasicBinder.java:64] binding parameter [65] as [DOUBLE] - [8670889.375776261]
2020-06-19 13:28:28 TRACE [BasicBinder.java:64] binding parameter [66] as [DOUBLE] - [1834487.8389167625]
2020-06-19 13:28:28 TRACE [BasicBinder.java:64] binding parameter [67] as [DOUBLE] - [7856678.792426054]
2020-06-19 13:28:28 TRACE [BasicBinder.java:64] binding parameter [68] as [VARCHAR] - [S]
2020-06-19 13:28:28 TRACE [BasicBinder.java:64] binding parameter [69] as [VARCHAR] - [SAMPLES]
2020-06-19 13:28:28 TRACE [BasicBinder.java:64] binding parameter [70] as [DOUBLE] - [2538816.3049217]
2020-06-19 13:28:28 TRACE [BasicBinder.java:64] binding parameter [71] as [VARCHAR] - [kR]
2020-06-19 13:28:28 TRACE [BasicBinder.java:64] binding parameter [72] as [VARCHAR] - [mMgqmFnQcwM]
2020-06-19 13:28:28 TRACE [BasicBinder.java:64] binding parameter [73] as [VARCHAR] - [Ctvjr]
2020-06-19 13:28:28 TRACE [BasicBinder.java:64] binding parameter [74] as [VARCHAR] - [jvL]
2020-06-19 13:28:28 TRACE [BasicBinder.java:64] binding parameter [75] as [DATE] - [1979-04-09]
2020-06-19 13:28:28 TRACE [BasicBinder.java:64] binding parameter [76] as [VARCHAR] - [OFVnWBaOtIiXVpqGjxFT]
2020-06-19 13:28:28 TRACE [BasicBinder.java:64] binding parameter [77] as [VARCHAR] - [Pj]
2020-06-19 13:28:28 TRACE [BasicBinder.java:64] binding parameter [78] as [VARCHAR] - [pXjFA]
2020-06-19 13:28:28 TRACE [BasicBinder.java:64] binding parameter [79] as [VARCHAR] - [KSKLGNRbwE]
2020-06-19 13:28:28 TRACE [BasicBinder.java:64] binding parameter [80] as [VARCHAR] - [HPCfwSPlBeSQbLUkaZmN]
2020-06-19 13:28:28 TRACE [BasicBinder.java:64] binding parameter [81] as [VARCHAR] - [CwAlYteDdqTlVrwffBFx]
2020-06-19 13:28:28 TRACE [BasicBinder.java:64] binding parameter [82] as [VARCHAR] - [A]
2020-06-19 13:28:28 TRACE [BasicBinder.java:64] binding parameter [83] as [TIMESTAMP] - [1970-01-01T00:31:46]
2020-06-19 13:28:28 TRACE [BasicBinder.java:64] binding parameter [84] as [VARCHAR] - [QNcZrcyBenlPqRXyRBdd]
2020-06-19 13:28:28 TRACE [BasicBinder.java:64] binding parameter [85] as [VARCHAR] - [j]
2020-06-19 13:28:28 TRACE [BasicBinder.java:64] binding parameter [86] as [VARCHAR] - [UtnqIhbzUIDOCsubPjwC]
2020-06-19 13:28:28 TRACE [BasicBinder.java:64] binding parameter [87] as [DATE] - [1985-01-28]
2020-06-19 13:28:28 TRACE [BasicBinder.java:64] binding parameter [88] as [VARCHAR] - [qgLfPLRKamZkZInAFWlG]
2020-06-19 13:28:28 TRACE [BasicBinder.java:64] binding parameter [89] as [VARCHAR] - [lL]
2020-06-19 13:28:28 TRACE [BasicBinder.java:64] binding parameter [90] as [VARCHAR] - [YY]
2020-06-19 13:28:28 TRACE [BasicBinder.java:64] binding parameter [91] as [INTEGER] - [73676]
2020-06-19 13:28:28 TRACE [BasicBinder.java:64] binding parameter [92] as [VARCHAR] - [KvAxvf]
2020-06-19 13:28:28 TRACE [BasicBinder.java:64] binding parameter [93] as [DATE] - [1995-01-21]
2020-06-19 13:28:28 TRACE [BasicBinder.java:64] binding parameter [94] as [DATE] - [1983-09-26]
2020-06-19 13:28:28 TRACE [BasicBinder.java:64] binding parameter [95] as [DATE] - [1992-12-04]
2020-06-19 13:28:28 TRACE [BasicBinder.java:64] binding parameter [96] as [VARCHAR] - [Y]
2020-06-19 13:28:28 TRACE [BasicBinder.java:64] binding parameter [97] as [VARCHAR] - [ozy]
2020-06-19 13:28:28 TRACE [BasicBinder.java:64] binding parameter [98] as [DATE] - [1979-05-25]
2020-06-19 13:28:28 TRACE [BasicBinder.java:64] binding parameter [99] as [VARCHAR] - [ALdxMiBNCHNsQdnYACMY]
2020-06-19 13:28:28 TRACE [BasicBinder.java:64] binding parameter [100] as [VARCHAR] - [y]
2020-06-19 13:28:28 TRACE [BasicBinder.java:64] binding parameter [101] as [VARCHAR] - [bl]
2020-06-19 13:28:28 TRACE [BasicBinder.java:64] binding parameter [102] as [VARCHAR] - [sZsiIIVjQimufVLcezOk]
2020-06-19 13:28:28 TRACE [BasicBinder.java:64] binding parameter [103] as [VARCHAR] - [gojDODuMAeLogLSTnJCh]
2020-06-19 13:28:28 TRACE [BasicBinder.java:64] binding parameter [104] as [VARCHAR] - [gkHjVJzezkkWqwhFfRb]
2020-06-19 13:28:28 TRACE [BasicBinder.java:64] binding parameter [105] as [VARCHAR] - [jFUHDljzEBmNlRUefjw]
2020-06-19 13:28:28 TRACE [BasicBinder.java:64] binding parameter [106] as [VARCHAR] - [ZOKszToUxbhIGUPvlwc]
2020-06-19 13:28:28 TRACE [BasicBinder.java:64] binding parameter [107] as [VARCHAR] - [YCELMDh]
2020-06-19 13:28:28 TRACE [BasicBinder.java:64] binding parameter [108] as [VARCHAR] - [bO]
2020-06-19 13:28:28 TRACE [BasicBinder.java:64] binding parameter [109] as [INTEGER] - [91671]
2020-06-19 13:28:28 TRACE [BasicBinder.java:64] binding parameter [110] as [VARCHAR] - [OPwgIAkSFhRHpEbYfzoc]
2020-06-19 13:28:28 TRACE [BasicBinder.java:64] binding parameter [111] as [VARCHAR] - [tbyfRgZmSBCdluJ]
2020-06-19 13:28:28 TRACE [BasicBinder.java:64] binding parameter [112] as [VARCHAR] - [vhxRASIExnWJliuYcbi]
2020-06-19 13:28:28 TRACE [BasicBinder.java:64] binding parameter [113] as [VARCHAR] - [XS]
2020-06-19 13:28:28 TRACE [BasicBinder.java:64] binding parameter [114] as [VARCHAR] - [JJrKeKyNgV]
2020-06-19 13:28:28 TRACE [BasicBinder.java:64] binding parameter [115] as [VARCHAR] - [i]
2020-06-19 13:28:28 TRACE [BasicBinder.java:64] binding parameter [116] as [VARCHAR] - [dOUamMfYYoA]
2020-06-19 13:28:28 TRACE [BasicBinder.java:64] binding parameter [117] as [VARCHAR] - [zLbIcDULpBuixFkunHHv]
2020-06-19 13:28:28 TRACE [BasicBinder.java:64] binding parameter [118] as [VARCHAR] - [nFzSzmcMsLRUdFfFFTTZ]
2020-06-19 13:28:28 TRACE [BasicBinder.java:64] binding parameter [119] as [VARCHAR] - [KWSgbJShBrbBPZJIRgzG]
2020-06-19 13:28:28 TRACE [BasicBinder.java:64] binding parameter [120] as [VARCHAR] - [qkrxVNRHRiLrQMmLKrcg]
2020-06-19 13:28:28 TRACE [BasicBinder.java:64] binding parameter [121] as [VARCHAR] - [qhTawuUePZlFlxDoKucO]
2020-06-19 13:28:28 TRACE [BasicBinder.java:64] binding parameter [122] as [VARCHAR] - [ii]
2020-06-19 13:28:28 TRACE [BasicBinder.java:64] binding parameter [123] as [VARCHAR] - [v]
2020-06-19 13:28:28 TRACE [BasicBinder.java:64] binding parameter [124] as [VARCHAR] - [sLUb]
2020-06-19 13:28:28 TRACE [BasicBinder.java:64] binding parameter [125] as [VARCHAR] - [egilnabCMSljdOiNLhHS]
2020-06-19 13:28:28 TRACE [BasicBinder.java:64] binding parameter [126] as [VARCHAR] - [XQQ]
2020-06-19 13:28:28 TRACE [BasicBinder.java:64] binding parameter [127] as [VARCHAR] - [Fg]
2020-06-19 13:28:28 TRACE [BasicBinder.java:64] binding parameter [128] as [VARCHAR] - [HeFWRqOFJHEoiZyLCitN]
2020-06-19 13:28:28 TRACE [BasicBinder.java:64] binding parameter [129] as [VARCHAR] - [qciLfQULIjdBeAuOELFP]
2020-06-19 13:28:28 TRACE [BasicBinder.java:64] binding parameter [130] as [VARCHAR] - [zacSsldJRFvuQjuIdFvQ]
2020-06-19 13:28:28 TRACE [BasicBinder.java:64] binding parameter [131] as [VARCHAR] - [k]
2020-06-19 13:28:28 TRACE [BasicBinder.java:64] binding parameter [132] as [VARCHAR] - [YWiYcAzBNSoKDSDwuhPm]
2020-06-19 13:28:28 TRACE [BasicBinder.java:64] binding parameter [133] as [VARCHAR] - [ssdgScmyMRxMKPAldIUa]
2020-06-19 13:28:28 TRACE [BasicBinder.java:64] binding parameter [134] as [VARCHAR] - [uVTYLiJhlAOhCDnpwleh]
2020-06-19 13:28:28 TRACE [BasicBinder.java:64] binding parameter [135] as [VARCHAR] - [Vu]
2020-06-19 13:28:28 TRACE [BasicBinder.java:64] binding parameter [136] as [VARCHAR] - [hPbCXtblTXVgPTlK]
2020-06-19 13:28:28 TRACE [BasicBinder.java:64] binding parameter [137] as [DOUBLE] - [5576914.11027746]
2020-06-19 13:28:28 TRACE [BasicBinder.java:64] binding parameter [138] as [VARCHAR] - [OwFcZuQF]
2020-06-19 13:28:28 TRACE [BasicBinder.java:64] binding parameter [139] as [VARCHAR] - [otQjpDULNPmRHXG]
2020-06-19 13:28:28 TRACE [BasicBinder.java:64] binding parameter [140] as [VARCHAR] - [GwMijAnvzu]
2020-06-19 13:28:28 TRACE [BasicBinder.java:64] binding parameter [141] as [BIGINT] - [7]
2020-06-19 13:28:28 DEBUG [MockBuilder.java:94] set storeName -> CqgWUxEqSmTVSuzdtIEQ
2020-06-19 13:28:28 DEBUG [MockBuilder.java:94] set ohStatusCode -> X
2020-06-19 13:28:28 DEBUG [MockBuilder.java:94] set eventInfo -> RtrDoOrLnBAnYVl
2020-06-19 13:28:28 DEBUG [MockBuilder.java:94] set orderingSystem -> ie
2020-06-19 13:28:28 DEBUG [MockBuilder.java:94] set shipPartCompInd -> a
2020-06-19 13:28:28 DEBUG [MockBuilder.java:94] set termsNetDays -> hPs
2020-06-19 13:28:28 DEBUG [MockBuilder.java:94] set consStatusMsg -> hxAHSiTNhKruTZaWnHTo
2020-06-19 13:28:28 DEBUG [MockBuilder.java:94] set explodeFlag -> a
2020-06-19 13:28:28 DEBUG [MockBuilder.java:94] set nbDate -> 1996-08-01
2020-06-19 13:28:28 DEBUG [MockBuilder.java:94] set shipPt -> gJ
2020-06-19 13:28:28 DEBUG [MockBuilder.java:94] set phoneNumber -> IxnyFCVziUN
2020-06-19 13:28:28 DEBUG [MockBuilder.java:94] set onNote -> IhVPXHDyptStiDHycUQQ
2020-06-19 13:28:28 DEBUG [MockBuilder.java:94] set termsTypeFlag -> ui
2020-06-19 13:28:28 DEBUG [MockBuilder.java:94] set specialInstruct1 -> LoyaimLVgUXwSZCqKprx
2020-06-19 13:28:28 DEBUG [MockBuilder.java:94] set contractUsageInd -> a
2020-06-19 13:28:28 DEBUG [MockBuilder.java:94] set newStoreInd -> M
2020-06-19 13:28:28 DEBUG [MockBuilder.java:94] set fobPoint -> Nn
2020-06-19 13:28:28 DEBUG [MockBuilder.java:94] set specialInstruct2 -> bxMBaEWLmAQItKbfFOEH
2020-06-19 13:28:28 DEBUG [MockBuilder.java:94] set poControl -> qHWni
2020-06-19 13:28:28 DEBUG [MockBuilder.java:94] set crossDockCenter -> OKFMdBzBFI
2020-06-19 13:28:28 DEBUG [MockBuilder.java:94] set totalBindingFt -> 9701054.239917979
2020-06-19 13:28:28 DEBUG [MockBuilder.java:94] set onlineType -> G
2020-06-19 13:28:28 DEBUG [MockBuilder.java:94] set noAsnFlag -> c
2020-06-19 13:28:28 DEBUG [MockBuilder.java:94] set frtCode -> R
2020-06-19 13:28:28 DEBUG [MockBuilder.java:94] set specialInstruct3 -> USxFZyQJTzOzUCgdVdBC
2020-06-19 13:28:28 DEBUG [MockBuilder.java:94] set srvLevel -> Wh
2020-06-19 13:28:28 DEBUG [MockBuilder.java:94] set custDept -> cXcwo
2020-06-19 13:28:28 DEBUG [MockBuilder.java:94] set ohCancelDateValue -> 1981-04-27
2020-06-19 13:28:28 DEBUG [MockBuilder.java:94] set poDateValue -> 1982-06-30
2020-06-19 13:28:28 DEBUG [MockBuilder.java:94] set orderDate -> 1977-07-04
2020-06-19 13:28:28 DEBUG [MockBuilder.java:94] set chngLid -> KVEcUgyl
2020-06-19 13:28:28 DEBUG [MockBuilder.java:94] set specialInstruct4 -> DPlmkMRKtHdfDVexbrYC
2020-06-19 13:28:28 DEBUG [MockBuilder.java:94] set inputMethod -> dkLjKXPpip
2020-06-19 13:28:28 DEBUG [MockBuilder.java:94] set giftMessage1 -> ItBCRkeTsBJczPbINqvs
2020-06-19 13:28:28 DEBUG [MockBuilder.java:94] set poDateQualifier -> otL
2020-06-19 13:28:28 DEBUG [MockBuilder.java:94] set statusCode -> Y
2020-06-19 13:28:28 DEBUG [MockBuilder.java:94] set chngTimestamp -> 1970-01-01T01:18:31
2020-06-19 13:28:28 DEBUG [MockBuilder.java:94] set giftMessage2 -> rQtzEpReZxIdNNSlXZyJ
2020-06-19 13:28:28 DEBUG [MockBuilder.java:94] set poNumber -> AhLIHVmcgfQZknlXuouq
2020-06-19 13:28:28 DEBUG [MockBuilder.java:94] set stdCarrAlphaInd -> CEpY
2020-06-19 13:28:28 DEBUG [MockBuilder.java:94] set markForStore -> uRhytEdcOK
2020-06-19 13:28:28 DEBUG [MockBuilder.java:94] set orderLoc -> mH
2020-06-19 13:28:28 DEBUG [MockBuilder.java:94] set hostAlertFlag -> X
2020-06-19 13:28:28 DEBUG [MockBuilder.java:94] set poQual -> Np
2020-06-19 13:28:28 DEBUG [MockBuilder.java:94] set specialPoNo -> tdqLQfafAjlKvymjoAXS
2020-06-19 13:28:28 DEBUG [MockBuilder.java:94] set mediaEventCode -> ey
2020-06-19 13:28:28 DEBUG [MockBuilder.java:94] set dunsNbr -> iSJdIporFkWNXkc
2020-06-19 13:28:28 DEBUG [MockBuilder.java:94] set commCust -> WMbrBuF
2020-06-19 13:28:28 DEBUG [MockBuilder.java:94] set orderMerCost -> 3234545.6744500324
2020-06-19 13:28:28 DEBUG [MockBuilder.java:94] set orderRetTotal -> 6044750.488417578
2020-06-19 13:28:28 DEBUG [MockBuilder.java:94] set errorCode -> iez
2020-06-19 13:28:28 DEBUG [MockBuilder.java:94] set shipComplete -> l
2020-06-19 13:28:28 DEBUG [MockBuilder.java:94] set salesCheckNumber -> mCOjqpVloKjYECzClonO
2020-06-19 13:28:28 DEBUG [MockBuilder.java:94] set customerCode -> kY
2020-06-19 13:28:28 DEBUG [MockBuilder.java:94] set phone -> mMiaatuUGjmAHQR
2020-06-19 13:28:28 DEBUG [MockBuilder.java:94] set shawOrderNumber -> sVUkgK
2020-06-19 13:28:28 DEBUG [MockBuilder.java:94] set orderType -> B
2020-06-19 13:28:28 DEBUG [MockBuilder.java:94] set errorDescription -> qnwuZPSvzLccghEeTtXY
2020-06-19 13:28:28 DEBUG [MockBuilder.java:94] set province -> BzliJvrPfZsSyqWgFTW
2020-06-19 13:28:28 DEBUG [MockBuilder.java:94] set deliveryDate -> 1979-12-21
2020-06-19 13:28:28 DEBUG [MockBuilder.java:94] set salesReqCode -> MP
2020-06-19 13:28:28 DEBUG [MockBuilder.java:94] set orderTypeDesc -> megWUsZdFAYccAI
2020-06-19 13:28:28 DEBUG [MockBuilder.java:94] set delvCutOffDt -> 1988-09-13
2020-06-19 13:28:28 DEBUG [MockBuilder.java:94] set errorTimestamp -> 1970-01-01T00:18:36
2020-06-19 13:28:28 DEBUG [MockBuilder.java:94] set sellCo -> Mm
2020-06-19 13:28:28 DEBUG [MockBuilder.java:94] set custNbr -> pScKFLO
2020-06-19 13:28:28 DEBUG [MockBuilder.java:94] set poType -> lUPIL
2020-06-19 13:28:28 DEBUG [MockBuilder.java:94] set orderWeight -> 6557537.408072448
2020-06-19 13:28:28 DEBUG [MockBuilder.java:94] set shipDateValue -> 1993-10-09
2020-06-19 13:28:28 DEBUG [MockBuilder.java:94] set seqNbr -> 257933
2020-06-19 13:28:28 DEBUG [MockBuilder.java:94] set poTypeSuffix -> vdqfDBLKAH
2020-06-19 13:28:28 DEBUG [MockBuilder.java:94] set customerRefNbr -> Toq
2020-06-19 13:28:28 DEBUG [MockBuilder.java:94] set name -> HIcNxWgLaTsMQrXmeCbT
2020-06-19 13:28:28 DEBUG [MockBuilder.java:94] set orderRetHand -> 8822277.422489185
2020-06-19 13:28:28 DEBUG [MockBuilder.java:94] set psMsg -> lDJGiOAmoDGrKcRcQnai
2020-06-19 13:28:28 DEBUG [MockBuilder.java:94] set reserveOrderInd -> l
2020-06-19 13:28:28 DEBUG [MockBuilder.java:94] set customerSidemark -> tCxwaEXayjmhslTkjtGg
2020-06-19 13:28:28 DEBUG [MockBuilder.java:94] set userId -> agNWORKM
2020-06-19 13:28:28 DEBUG [MockBuilder.java:94] set flag -> 811817
2020-06-19 13:28:28 DEBUG [MockBuilder.java:94] set returnMsg -> RmCowPYuSidIzWmqjMCQ
2020-06-19 13:28:28 DEBUG [MockBuilder.java:94] set custPmtMeth -> TNQigMWgYKRIfTHGQDXV
2020-06-19 13:28:28 DEBUG [MockBuilder.java:94] set vendorNo -> cHRqJTeeNGsZvYq
2020-06-19 13:28:28 DEBUG [MockBuilder.java:94] set routeByDate -> 1976-03-09
2020-06-19 13:28:28 DEBUG [MockBuilder.java:94] set truncFlag -> v
2020-06-19 13:28:28 DEBUG [MockBuilder.java:94] set custSpInst -> ttoOoqsChKhLAJaVgMgd
2020-06-19 13:28:28 DEBUG [MockBuilder.java:94] set wcStore -> TPMuWMwRyI
2020-06-19 13:28:28 DEBUG [MockBuilder.java:94] set shipByCutOffDt -> 1988-07-21
2020-06-19 13:28:28 DEBUG [MockBuilder.java:94] set custWhNbr -> ELvj
2020-06-19 13:28:28 DEBUG [MockBuilder.java:94] set divDesc -> dydvqCoasRTxpDDgbJuu
2020-06-19 13:28:28 DEBUG [MockBuilder.java:94] set shipByDate -> 1997-01-30
2020-06-19 13:28:28 DEBUG [MockBuilder.java:94] set shipDateQualifier -> Lji
2020-06-19 13:28:28 DEBUG [MockBuilder.java:94] set cphone -> zILWnPDkvgjTcJoVbsMb
2020-06-19 13:28:28 DEBUG [MockBuilder.java:94] set name -> UAGBwlVkkRnZBmQGzUle
2020-06-19 13:28:28 DEBUG [MockBuilder.java:94] set shipCancelDate -> 1977-02-19
2020-06-19 13:28:28 DEBUG [MockBuilder.java:94] set orderRetSh -> 8644250.359723244
2020-06-19 13:28:28 DEBUG [MockBuilder.java:94] set consumerPoDateValue -> 1995-03-14
2020-06-19 13:28:28 DEBUG [MockBuilder.java:94] set zip -> OoeoeCJgbmE
2020-06-19 13:28:28 DEBUG [MockBuilder.java:94] set beg -> JVwWs
2020-06-19 13:28:28 DEBUG [MockBuilder.java:94] set shipInstruction -> NRkAMfGEoLFvTREeonDC
2020-06-19 13:28:28 DEBUG [MockBuilder.java:94] set addressLine2 -> XyrnJfjsXmaPkYkAoXUv
2020-06-19 13:28:28 DEBUG [MockBuilder.java:94] set country -> kvBqEfEivatdyBuNoPy
2020-06-19 13:28:28 DEBUG [MockBuilder.java:94] set state -> ge
2020-06-19 13:28:28 DEBUG [MockBuilder.java:94] set store -> ofPzgWaCbH
2020-06-19 13:28:28 DEBUG [MockBuilder.java:94] set addressLine1 -> HYgDVzFwETQsbbZYizrM
2020-06-19 13:28:28 DEBUG [MockBuilder.java:94] set cnCity -> RJhbosTnRQiCiBzdACt
2020-06-19 13:28:28 DEBUG [MockBuilder.java:94] set state -> Cg
2020-06-19 13:28:28 DEBUG [MockBuilder.java:94] set orderRetTax -> 9082487.750031019
2020-06-19 13:28:28 DEBUG [MockBuilder.java:94] set ccountry -> uGgjXIVCPSAyGlQYauhZ
2020-06-19 13:28:28 DEBUG [MockBuilder.java:94] set destCode -> Gc
2020-06-19 13:28:28 DEBUG [MockBuilder.java:94] set zip -> vNxhdJvPI
2020-06-19 13:28:28 DEBUG [MockBuilder.java:94] set city -> HANEsxvzbomgSsyPXOE
2020-06-19 13:28:28 DEBUG [MockBuilder.java:94] set cprovince -> IJETLcXyXWvJljLNdcBU
2020-06-19 13:28:28 DEBUG [MockBuilder.java:94] set addressLine1 -> GTRLwtOJdNzOeqJUacWT
2020-06-19 13:28:28 DEBUG [MockBuilder.java:94] set consumerShipFlg -> w
2020-06-19 13:28:28 DEBUG [MockBuilder.java:94] set custNbr -> RzKPCEC
2020-06-19 13:28:28 DEBUG [MockBuilder.java:94] set acctContact -> jzzGMSItOIOEbltHFAeS
2020-06-19 13:28:28 DEBUG [MockBuilder.java:94] set billToState -> dr
2020-06-19 13:28:28 DEBUG [MockBuilder.java:94] set agreementNumber -> zJFmeowAxQJpqRv
2020-06-19 13:28:28 DEBUG [MockBuilder.java:94] set bsStoreNbr -> zYaVOtbJyV
2020-06-19 13:28:28 DEBUG [MockBuilder.java:94] set addressLine2 -> wqUdDkSqIisnXZudlRzL
2020-06-19 13:28:28 DEBUG [MockBuilder.java:94] set acknowlegeOrdInd -> Q
2020-06-19 13:28:28 DEBUG [MockBuilder.java:94] set cancelDateQualifier -> YtB
2020-06-19 13:28:28 DEBUG [MockBuilder.java:94] set city -> ZhUxrfYbtuVnHqPmRIC
2020-06-19 13:28:28 DEBUG [MockBuilder.java:94] set addrKey -> 548598
2020-06-19 13:28:28 DEBUG [MockBuilder.java:94] set billToStore -> TAlJRqOFja
2020-06-19 13:28:28 DEBUG [MockBuilder.java:94] set carrierCode -> fD
2020-06-19 13:28:28 DEBUG [MockBuilder.java:94] set assignedAgent -> ldOgwbFx
2020-06-19 13:28:28 DEBUG [MockBuilder.java:94] set shipToAddress -> LegacyShipToAddress [addressLine1=GTRLwtOJdNzOeqJUacWT, addressLine2=wqUdDkSqIisnXZudlRzL, city=ZhUxrfYbtuVnHqPmRIC, cnCity=RJhbosTnRQiCiBzdACt, country=kvBqEfEivatdyBuNoPy, custNbr=RzKPCEC, destCode=Gc, flag=811817, name=HIcNxWgLaTsMQrXmeCbT, phone=mMiaatuUGjmAHQR, province=BzliJvrPfZsSyqWgFTW, state=ge, store=ofPzgWaCbH, truncFlag=v, zip=OoeoeCJgbmE]
2020-06-19 13:28:28 DEBUG [MockBuilder.java:94] set cbCutLength -> 8923629.451217344
2020-06-19 13:28:28 DEBUG [MockBuilder.java:94] set authRep -> biOtvuKQcZeDuHBjNqGe
2020-06-19 13:28:28 DEBUG [MockBuilder.java:94] set authorizationNo -> xmzIxYLYnm
2020-06-19 13:28:28 DEBUG [MockBuilder.java:94] set consumerAddress -> LegacyConsumerAddress [cprovince=IJETLcXyXWvJljLNdcBU, ccountry=uGgjXIVCPSAyGlQYauhZ, cphone=zILWnPDkvgjTcJoVbsMb, addressLine1=HYgDVzFwETQsbbZYizrM, addressLine2=XyrnJfjsXmaPkYkAoXUv, city=HANEsxvzbomgSsyPXOE, name=UAGBwlVkkRnZBmQGzUle, consumerPoDateValue=1995-03-14, consumerShipFlg=w, state=Cg, zip=vNxhdJvPI]
2020-06-19 13:28:28 DEBUG [MockBuilder.java:94] set tpcountry -> LhHiExUgEqMxUpozVEGY
2020-06-19 13:28:28 DEBUG [MockBuilder.java:94] set accountNbr -> AnGMwotqSbStFJtMOlCy
2020-06-19 13:28:28 DEBUG [MockBuilder.java:94] set tpprovince -> TEcCKxCdmgcDPCmgALnx
2020-06-19 13:28:28 DEBUG [MockBuilder.java:94] set city -> lHhSDisHAuQLtHsTOjKj
2020-06-19 13:28:28 DEBUG [MockBuilder.java:94] set tpphone -> DocStNWuOfrNEpFldcXo
2020-06-19 13:28:28 DEBUG [MockBuilder.java:94] set addressLine2 -> BqtjplffoMDieWSVuKXR
2020-06-19 13:28:28 DEBUG [MockBuilder.java:94] set addressLine1 -> hamSWAmvtQJxHoQFVscc
2020-06-19 13:28:28 DEBUG [MockBuilder.java:94] set billFlag -> F
2020-06-19 13:28:28 DEBUG [MockBuilder.java:94] set state -> ID
2020-06-19 13:28:28 DEBUG [MockBuilder.java:94] set zip -> ZcUsUwZYKZqwimHC
2020-06-19 13:28:28 DEBUG [MockBuilder.java:94] set name2 -> TMtgrkDKQRANNgVuupIO
2020-06-19 13:28:28 DEBUG [MockBuilder.java:94] set name -> eBVobJvKTvWKivoXYZZn
2020-06-19 13:28:28 DEBUG [MockBuilder.java:94] set thirdPartyAddress -> LegacyThirdPartyAddress [tpprovince=TEcCKxCdmgcDPCmgALnx, tpcountry=LhHiExUgEqMxUpozVEGY, tpphone=DocStNWuOfrNEpFldcXo, addressLine1=hamSWAmvtQJxHoQFVscc, addressLine2=BqtjplffoMDieWSVuKXR, accountNbr=AnGMwotqSbStFJtMOlCy, billFlag=F, city=lHhSDisHAuQLtHsTOjKj, name=eBVobJvKTvWKivoXYZZn, name2=TMtgrkDKQRANNgVuupIO, state=ID, zip=ZcUsUwZYKZqwimHC]
2020-06-19 13:28:28 DEBUG [MockBuilder.java:94] set purchasedBy -> bSvqEbmVgADqQRwlapkv
2020-06-19 13:28:28 DEBUG [MockBuilder.java:94] set dates -> null
2020-06-19 13:28:28 DEBUG [MockBuilder.java:94] set lines -> null
2020-06-19 13:28:28 DEBUG [MockBuilder.java:94] set rcdCode -> e
2020-06-19 13:28:28 DEBUG [MockBuilder.java:94] set receivedTimestamp -> 1970-01-01T01:05:45
2020-06-19 13:28:28 DEBUG [MockBuilder.java:94] set refTcNbr -> BmjtEFWpcFEGCrLHYfkH
2020-06-19 13:28:28 DEBUG [MockHelper.java:99] EdiOrderHeader [legacyOrderNumber=null, acctContact=jzzGMSItOIOEbltHFAeS, acknowlegeOrdInd=Q, addrKey=548598, agreementNumber=zJFmeowAxQJpqRv, assignedAgent=ldOgwbFx, authRep=biOtvuKQcZeDuHBjNqGe, authorizationNo=xmzIxYLYnm, beg=JVwWs, billToState=dr, billToStore=TAlJRqOFja, bsStoreNbr=zYaVOtbJyV, cancelDateQualifier=YtB, carrierCode=fD, cbCutLength=8923629.451217344, chngLid=KVEcUgyl, chngTimestamp=1970-01-01T01:18:31, commCust=WMbrBuF, consStatusMsg=hxAHSiTNhKruTZaWnHTo, contractUsageInd=a, crossDockCenter=OKFMdBzBFI, custDept=cXcwo, custPmtMeth=TNQigMWgYKRIfTHGQDXV, custSpInst=ttoOoqsChKhLAJaVgMgd, custWhNbr=ELvj, customerCode=kY, custNbr=pScKFLO, customerRefNbr=Toq, customerSidemark=tCxwaEXayjmhslTkjtGg, deliveryDate=1979-12-21, delvCutOffDt=1988-09-13, divDesc=dydvqCoasRTxpDDgbJuu, dunsNbr=iSJdIporFkWNXkc, errorCode=iez, errorDescription=qnwuZPSvzLccghEeTtXY, errorTimestamp=1970-01-01T00:18:36, eventInfo=RtrDoOrLnBAnYVl, explodeFlag=a, fobPoint=Nn, frtCode=R, giftMessage1=ItBCRkeTsBJczPbINqvs, giftMessage2=rQtzEpReZxIdNNSlXZyJ, hostAlertFlag=X, inputMethod=dkLjKXPpip, markForStore=uRhytEdcOK, mediaEventCode=ey, nbDate=1996-08-01, newStoreInd=M, noAsnFlag=c, ohCancelDateValue=1981-04-27, ohStatusCode=X, onNote=IhVPXHDyptStiDHycUQQ, onlineType=G, orderDate=1977-07-04, orderLoc=01, orderMerCost=3234545.6744500324, shawOrderNumber=sVUkgK, orderRetHand=8822277.422489185, orderRetSh=8644250.359723244, orderRetTax=9082487.750031019, orderRetTotal=6044750.488417578, orderType=H, orderTypeDesc=HARDSURFACES, orderWeight=6557537.408072448, orderingSystem=ie, phoneNumber=IxnyFCVziUN, poControl=qHWni, poDateValue=1982-06-30, poDateQualifier=otL, poNumber=AhLIHVmcgfQZknlXuouq, poQual=Np, poType=lUPIL, poTypeSuffix=vdqfDBLKAH, psMsg=lDJGiOAmoDGrKcRcQnai, purchasedBy=bSvqEbmVgADqQRwlapkv, rcdCode=e, receivedTimestamp=1970-01-01T01:05:45, refTcNbr=BmjtEFWpcFEGCrLHYfkH, reserveOrderInd=l, returnMsg=RmCowPYuSidIzWmqjMCQ, routeByDate=1976-03-09, salesCheckNumber=mCOjqpVloKjYECzClonO, salesReqCode=MP, sellCo=Mm, seqNbr=257933, shipByCutOffDt=1988-07-21, shipByDate=1997-01-30, shipCancelDate=1977-02-19, shipComplete=l, shipDateValue=1993-10-09, shipDateQualifier=Lji, shipInstruction=NRkAMfGEoLFvTREeonDC, shipPartCompInd=a, shipPt=gJ, specialInstruct1=LoyaimLVgUXwSZCqKprx, specialInstruct2=bxMBaEWLmAQItKbfFOEH, specialInstruct3=USxFZyQJTzOzUCgdVdBC, specialInstruct4=DPlmkMRKtHdfDVexbrYC, specialPoNo=tdqLQfafAjlKvymjoAXS, srvLevel=Wh, statusCode=Y, stdCarrAlphaInd=CEpY, storeName=CqgWUxEqSmTVSuzdtIEQ, termsNetDays=hPs, termsTypeFlag=ui, totalBindingFt=9701054.239917979, userId=agNWORKM, vendorNo=cHRqJTeeNGsZvYq, wcStore=TPMuWMwRyI, consumerAddress=LegacyConsumerAddress [cprovince=IJETLcXyXWvJljLNdcBU, ccountry=uGgjXIVCPSAyGlQYauhZ, cphone=zILWnPDkvgjTcJoVbsMb, addressLine1=HYgDVzFwETQsbbZYizrM, addressLine2=XyrnJfjsXmaPkYkAoXUv, city=HANEsxvzbomgSsyPXOE, name=UAGBwlVkkRnZBmQGzUle, consumerPoDateValue=1995-03-14, consumerShipFlg=w, state=Cg, zip=vNxhdJvPI], shipToAddress=LegacyShipToAddress [addressLine1=GTRLwtOJdNzOeqJUacWT, addressLine2=wqUdDkSqIisnXZudlRzL, city=ZhUxrfYbtuVnHqPmRIC, cnCity=RJhbosTnRQiCiBzdACt, country=kvBqEfEivatdyBuNoPy, custNbr=RzKPCEC, destCode=Gc, flag=811817, name=HIcNxWgLaTsMQrXmeCbT, phone=mMiaatuUGjmAHQR, province=BzliJvrPfZsSyqWgFTW, state=ge, store=ofPzgWaCbH, truncFlag=v, zip=OoeoeCJgbmE], thirdPartyAddress=LegacyThirdPartyAddress [tpprovince=TEcCKxCdmgcDPCmgALnx, tpcountry=LhHiExUgEqMxUpozVEGY, tpphone=DocStNWuOfrNEpFldcXo, addressLine1=hamSWAmvtQJxHoQFVscc, addressLine2=BqtjplffoMDieWSVuKXR, accountNbr=AnGMwotqSbStFJtMOlCy, billFlag=F, city=lHhSDisHAuQLtHsTOjKj, name=eBVobJvKTvWKivoXYZZn, name2=TMtgrkDKQRANNgVuupIO, state=ID, zip=ZcUsUwZYKZqwimHC], dates=null, lines=null]
Hibernate: call next value for SHXP.EDI_ORDER_NBR
Hibernate: insert into EDI_ORDER_HEADER (ACCT_CONTACT, ACKNOWLEGE_ORD_IND, ADDR_KEY, AGREEMENT_NUMBER, ASSIGNED_AGENT, AUTH_REP, AUTHORIZATION_NO, beg, BILL_TO_STATE, BILL_TO_STORE, BS_STORE_NBR, CANCEL_DATE_QUAL, CARRIER_CODE, CB_CUT_LENGTH, CHNG_LID, CHNG_TIMESTAMP, COMM_CUST, CONS_STATUS_MSG, CONSUMER_ADDRESS, CONSUMER_ADDRESS_2, CONSUMER_CITY, CONSUMER_PO_DATE, CONSUMER_SHIP_FLG, CONSUMER_NAME, CONSUMER_STATE, CONSUMER_ZIP, CONTRACT_USAGE_IND, CROSS_DOCK_CENTER, CUST_DEPT, CUSTOMER_NUMBER, CUST_PMT_METH, CUST_SP_INST, CUST_WH_NBR, CUSTOMER_CODE, CUSTOMER_REF_NBR, CUSTOMER_SIDEMARK, DELIVERY_DATE, DELV_CUT_OFF_DT, DIV_DESC, DUNS_NBR, ERROR_CODE, ERROR_DESCRIPTION, ERROR_TIMESTAMP, EVENT_INFO, EXPLODE_FLAG, FOB_POINT, FRT_CODE, GIFT_MESSAGE_1, GIFT_MESSAGE_2, HOST_ALERT_FLAG, INPUT_METHOD, MARK_FOR_STORE, MEDIA_EVENT_CODE, NB_DATE, NEW_STORE_IND, NO_ASN_FLAG, OH_CANCEL_DATE, OH_STATUS_CODE, ON_NOTE, ONLINE_TYPE, ORDER_DATE, ORDER_LOC, ORDER_MER_COST, ORDER_RET_HAND, ORDER_RET_SH, ORDER_RET_TAX, ORDER_RET_TOTAL, ORDER_TYPE, ORDER_TYPE_DESC, ORDER_WEIGHT, ORDERING_SYSTEM, PHONE_NUMBER, PO_CONTROL, PO_DATE_QUAL, PO_DATE, PO_NUMBER, PO_QUAL, PO_TYPE, PO_TYPE_SUFFIX, PS_MSG, PURCHASED_BY, RCD_CODE, RECEIVED_TIMESTAMP, REF_TC_NBR, RESERVE_ORDER_IND, RETURN_MSG, ROUTE_BY_DATE, SALES_CHECK_NUMBER, SALES_REQ_CODE, SELL_CO, SEQ_NBR, ORDER_NUMBER, SHIP_BY_CUT_OFF_DT, SHIP_BY_DATE, SHIP_CANCEL_DATE, SHIP_COMPLETE, SHIP_DATE_QUAL, SHIP_DATE, SHIP_INSTRUCTION, SHIP_PART_COMP_IND, SHIP_PT, SHIP_TO_ADDRESS_1, SHIP_TO_ADDRESS_2, SHIP_TO_CITY, SHIP_TO_CN_CITY, SHIP_TO_COUNTRY, SHIP_TO_CUST_NBR, SHIP_TO_DEST_COD, SHIP_TO_FLAG, SHIP_TO_NAME, SHIP_TO_PHONE, SHIP_TO_PROVENCE, SHIP_TO_STATE, SHIP_TO_STORE, SHIP_TO_TRUNC_FLG, SHIP_TO_ZIP, SPECIAL_INSTRUCT_1, SPECIAL_INSTRUCT_2, SPECIAL_INSTRUCT_3, SPECIAL_INSTRUCT_4, SPECIAL_PO_NO, SRV_LEVEL, STATUS_CODE, STD_CARR_ALPHA_IND, STORE_NAME, TERMS_NET_DAYS, TERMS_TYPE_FLAG, THIRD_PARTY_ACCT_NBR, THIRD_PARTY_ADDR_1, THIRD_PARTY_ADDR_2, THIRD_PARTY_BILL_FLAG, THIRD_PARTY_CITY, THIRD_PARTY_NAME, THIRD_PARTY_NAME_2, THIRD_PARTY_STATE, THIRD_PARTY_ZIP, TOTAL_BINDING_FT, USER_ID, VENDOR_NO, WC_STORE, EDI_ORDER_NUMBER) values (?, ?, ?, ?, ?, ?, ?, ?, ?, ?, ?, ?, ?, ?, ?, ?, ?, ?, ?, ?, ?, ?, ?, ?, ?, ?, ?, ?, ?, ?, ?, ?, ?, ?, ?, ?, ?, ?, ?, ?, ?, ?, ?, ?, ?, ?, ?, ?, ?, ?, ?, ?, ?, ?, ?, ?, ?, ?, ?, ?, ?, ?, ?, ?, ?, ?, ?, ?, ?, ?, ?, ?, ?, ?, ?, ?, ?, ?, ?, ?, ?, ?, ?, ?, ?, ?, ?, ?, ?, ?, ?, ?, ?, ?, ?, ?, ?, ?, ?, ?, ?, ?, ?, ?, ?, ?, ?, ?, ?, ?, ?, ?, ?, ?, ?, ?, ?, ?, ?, ?, ?, ?, ?, ?, ?, ?, ?, ?, ?, ?, ?, ?, ?, ?, ?, ?, ?, ?, ?, ?, ?)
2020-06-19 13:28:28 TRACE [BasicBinder.java:64] binding parameter [1] as [VARCHAR] - [jzzGMSItOIOEbltHFAeS]
2020-06-19 13:28:28 TRACE [BasicBinder.java:64] binding parameter [2] as [VARCHAR] - [Q]
2020-06-19 13:28:28 TRACE [BasicBinder.java:64] binding parameter [3] as [INTEGER] - [548598]
2020-06-19 13:28:28 TRACE [BasicBinder.java:64] binding parameter [4] as [VARCHAR] - [zJFmeowAxQJpqRv]
2020-06-19 13:28:28 TRACE [BasicBinder.java:64] binding parameter [5] as [VARCHAR] - [ldOgwbFx]
2020-06-19 13:28:28 TRACE [BasicBinder.java:64] binding parameter [6] as [VARCHAR] - [biOtvuKQcZeDuHBjNqGe]
2020-06-19 13:28:28 TRACE [BasicBinder.java:64] binding parameter [7] as [VARCHAR] - [xmzIxYLYnm]
2020-06-19 13:28:28 TRACE [BasicBinder.java:64] binding parameter [8] as [VARCHAR] - [JVwWs]
2020-06-19 13:28:28 TRACE [BasicBinder.java:64] binding parameter [9] as [VARCHAR] - [dr]
2020-06-19 13:28:28 TRACE [BasicBinder.java:64] binding parameter [10] as [VARCHAR] - [TAlJRqOFja]
2020-06-19 13:28:28 TRACE [BasicBinder.java:64] binding parameter [11] as [VARCHAR] - [zYaVOtbJyV]
2020-06-19 13:28:28 TRACE [BasicBinder.java:64] binding parameter [12] as [VARCHAR] - [YtB]
2020-06-19 13:28:28 TRACE [BasicBinder.java:64] binding parameter [13] as [VARCHAR] - [fD]
2020-06-19 13:28:28 TRACE [BasicBinder.java:64] binding parameter [14] as [DOUBLE] - [8923629.451217344]
2020-06-19 13:28:28 TRACE [BasicBinder.java:64] binding parameter [15] as [VARCHAR] - [KVEcUgyl]
2020-06-19 13:28:28 TRACE [BasicBinder.java:64] binding parameter [16] as [TIMESTAMP] - [1970-01-01T01:18:31]
2020-06-19 13:28:28 TRACE [BasicBinder.java:64] binding parameter [17] as [VARCHAR] - [WMbrBuF]
2020-06-19 13:28:28 TRACE [BasicBinder.java:64] binding parameter [18] as [VARCHAR] - [hxAHSiTNhKruTZaWnHTo]
2020-06-19 13:28:28 TRACE [BasicBinder.java:64] binding parameter [19] as [VARCHAR] - [HYgDVzFwETQsbbZYizrM]
2020-06-19 13:28:28 TRACE [BasicBinder.java:64] binding parameter [20] as [VARCHAR] - [XyrnJfjsXmaPkYkAoXUv]
2020-06-19 13:28:28 TRACE [BasicBinder.java:64] binding parameter [21] as [VARCHAR] - [HANEsxvzbomgSsyPXOE]
2020-06-19 13:28:28 TRACE [BasicBinder.java:64] binding parameter [22] as [DATE] - [1995-03-14]
2020-06-19 13:28:28 TRACE [BasicBinder.java:64] binding parameter [23] as [VARCHAR] - [w]
2020-06-19 13:28:28 TRACE [BasicBinder.java:64] binding parameter [24] as [VARCHAR] - [UAGBwlVkkRnZBmQGzUle]
2020-06-19 13:28:28 TRACE [BasicBinder.java:64] binding parameter [25] as [VARCHAR] - [Cg]
2020-06-19 13:28:28 TRACE [BasicBinder.java:64] binding parameter [26] as [VARCHAR] - [vNxhdJvPI]
2020-06-19 13:28:28 TRACE [BasicBinder.java:64] binding parameter [27] as [VARCHAR] - [a]
2020-06-19 13:28:28 TRACE [BasicBinder.java:64] binding parameter [28] as [VARCHAR] - [OKFMdBzBFI]
2020-06-19 13:28:28 TRACE [BasicBinder.java:64] binding parameter [29] as [VARCHAR] - [cXcwo]
2020-06-19 13:28:28 TRACE [BasicBinder.java:64] binding parameter [30] as [VARCHAR] - [pScKFLO]
2020-06-19 13:28:28 TRACE [BasicBinder.java:64] binding parameter [31] as [VARCHAR] - [TNQigMWgYKRIfTHGQDXV]
2020-06-19 13:28:28 TRACE [BasicBinder.java:64] binding parameter [32] as [VARCHAR] - [ttoOoqsChKhLAJaVgMgd]
2020-06-19 13:28:28 TRACE [BasicBinder.java:64] binding parameter [33] as [VARCHAR] - [ELvj]
2020-06-19 13:28:28 TRACE [BasicBinder.java:64] binding parameter [34] as [VARCHAR] - [kY]
2020-06-19 13:28:28 TRACE [BasicBinder.java:64] binding parameter [35] as [VARCHAR] - [Toq]
2020-06-19 13:28:28 TRACE [BasicBinder.java:64] binding parameter [36] as [VARCHAR] - [tCxwaEXayjmhslTkjtGg]
2020-06-19 13:28:28 TRACE [BasicBinder.java:64] binding parameter [37] as [DATE] - [1979-12-21]
2020-06-19 13:28:28 TRACE [BasicBinder.java:64] binding parameter [38] as [DATE] - [1988-09-13]
2020-06-19 13:28:28 TRACE [BasicBinder.java:64] binding parameter [39] as [VARCHAR] - [dydvqCoasRTxpDDgbJuu]
2020-06-19 13:28:28 TRACE [BasicBinder.java:64] binding parameter [40] as [VARCHAR] - [iSJdIporFkWNXkc]
2020-06-19 13:28:28 TRACE [BasicBinder.java:64] binding parameter [41] as [VARCHAR] - [iez]
2020-06-19 13:28:28 TRACE [BasicBinder.java:64] binding parameter [42] as [VARCHAR] - [qnwuZPSvzLccghEeTtXY]
2020-06-19 13:28:28 TRACE [BasicBinder.java:64] binding parameter [43] as [TIMESTAMP] - [1970-01-01T00:18:36]
2020-06-19 13:28:28 TRACE [BasicBinder.java:64] binding parameter [44] as [VARCHAR] - [RtrDoOrLnBAnYVl]
2020-06-19 13:28:28 TRACE [BasicBinder.java:64] binding parameter [45] as [VARCHAR] - [a]
2020-06-19 13:28:28 TRACE [BasicBinder.java:64] binding parameter [46] as [VARCHAR] - [Nn]
2020-06-19 13:28:28 TRACE [BasicBinder.java:64] binding parameter [47] as [VARCHAR] - [R]
2020-06-19 13:28:28 TRACE [BasicBinder.java:64] binding parameter [48] as [VARCHAR] - [ItBCRkeTsBJczPbINqvs]
2020-06-19 13:28:28 TRACE [BasicBinder.java:64] binding parameter [49] as [VARCHAR] - [rQtzEpReZxIdNNSlXZyJ]
2020-06-19 13:28:28 TRACE [BasicBinder.java:64] binding parameter [50] as [VARCHAR] - [X]
2020-06-19 13:28:28 TRACE [BasicBinder.java:64] binding parameter [51] as [VARCHAR] - [dkLjKXPpip]
2020-06-19 13:28:28 TRACE [BasicBinder.java:64] binding parameter [52] as [VARCHAR] - [uRhytEdcOK]
2020-06-19 13:28:28 TRACE [BasicBinder.java:64] binding parameter [53] as [VARCHAR] - [ey]
2020-06-19 13:28:28 TRACE [BasicBinder.java:64] binding parameter [54] as [DATE] - [1996-08-01]
2020-06-19 13:28:28 TRACE [BasicBinder.java:64] binding parameter [55] as [VARCHAR] - [M]
2020-06-19 13:28:28 TRACE [BasicBinder.java:64] binding parameter [56] as [VARCHAR] - [c]
2020-06-19 13:28:28 TRACE [BasicBinder.java:64] binding parameter [57] as [DATE] - [1981-04-27]
2020-06-19 13:28:28 TRACE [BasicBinder.java:64] binding parameter [58] as [VARCHAR] - [X]
2020-06-19 13:28:28 TRACE [BasicBinder.java:64] binding parameter [59] as [VARCHAR] - [IhVPXHDyptStiDHycUQQ]
2020-06-19 13:28:28 TRACE [BasicBinder.java:64] binding parameter [60] as [VARCHAR] - [G]
2020-06-19 13:28:28 TRACE [BasicBinder.java:64] binding parameter [61] as [DATE] - [1977-07-04]
2020-06-19 13:28:28 TRACE [BasicBinder.java:64] binding parameter [62] as [VARCHAR] - [01]
2020-06-19 13:28:28 TRACE [BasicBinder.java:64] binding parameter [63] as [DOUBLE] - [3234545.6744500324]
2020-06-19 13:28:28 TRACE [BasicBinder.java:64] binding parameter [64] as [DOUBLE] - [8822277.422489185]
2020-06-19 13:28:28 TRACE [BasicBinder.java:64] binding parameter [65] as [DOUBLE] - [8644250.359723244]
2020-06-19 13:28:28 TRACE [BasicBinder.java:64] binding parameter [66] as [DOUBLE] - [9082487.750031019]
2020-06-19 13:28:28 TRACE [BasicBinder.java:64] binding parameter [67] as [DOUBLE] - [6044750.488417578]
2020-06-19 13:28:28 TRACE [BasicBinder.java:64] binding parameter [68] as [VARCHAR] - [H]
2020-06-19 13:28:28 TRACE [BasicBinder.java:64] binding parameter [69] as [VARCHAR] - [HARDSURFACES]
2020-06-19 13:28:28 TRACE [BasicBinder.java:64] binding parameter [70] as [DOUBLE] - [6557537.408072448]
2020-06-19 13:28:28 TRACE [BasicBinder.java:64] binding parameter [71] as [VARCHAR] - [ie]
2020-06-19 13:28:28 TRACE [BasicBinder.java:64] binding parameter [72] as [VARCHAR] - [IxnyFCVziUN]
2020-06-19 13:28:28 TRACE [BasicBinder.java:64] binding parameter [73] as [VARCHAR] - [qHWni]
2020-06-19 13:28:28 TRACE [BasicBinder.java:64] binding parameter [74] as [VARCHAR] - [otL]
2020-06-19 13:28:28 TRACE [BasicBinder.java:64] binding parameter [75] as [DATE] - [1982-06-30]
2020-06-19 13:28:28 TRACE [BasicBinder.java:64] binding parameter [76] as [VARCHAR] - [AhLIHVmcgfQZknlXuouq]
2020-06-19 13:28:28 TRACE [BasicBinder.java:64] binding parameter [77] as [VARCHAR] - [Np]
2020-06-19 13:28:28 TRACE [BasicBinder.java:64] binding parameter [78] as [VARCHAR] - [lUPIL]
2020-06-19 13:28:28 TRACE [BasicBinder.java:64] binding parameter [79] as [VARCHAR] - [vdqfDBLKAH]
2020-06-19 13:28:28 TRACE [BasicBinder.java:64] binding parameter [80] as [VARCHAR] - [lDJGiOAmoDGrKcRcQnai]
2020-06-19 13:28:28 TRACE [BasicBinder.java:64] binding parameter [81] as [VARCHAR] - [bSvqEbmVgADqQRwlapkv]
2020-06-19 13:28:28 TRACE [BasicBinder.java:64] binding parameter [82] as [VARCHAR] - [e]
2020-06-19 13:28:28 TRACE [BasicBinder.java:64] binding parameter [83] as [TIMESTAMP] - [1970-01-01T01:05:45]
2020-06-19 13:28:28 TRACE [BasicBinder.java:64] binding parameter [84] as [VARCHAR] - [BmjtEFWpcFEGCrLHYfkH]
2020-06-19 13:28:28 TRACE [BasicBinder.java:64] binding parameter [85] as [VARCHAR] - [l]
2020-06-19 13:28:28 TRACE [BasicBinder.java:64] binding parameter [86] as [VARCHAR] - [RmCowPYuSidIzWmqjMCQ]
2020-06-19 13:28:28 TRACE [BasicBinder.java:64] binding parameter [87] as [DATE] - [1976-03-09]
2020-06-19 13:28:28 TRACE [BasicBinder.java:64] binding parameter [88] as [VARCHAR] - [mCOjqpVloKjYECzClonO]
2020-06-19 13:28:28 TRACE [BasicBinder.java:64] binding parameter [89] as [VARCHAR] - [MP]
2020-06-19 13:28:28 TRACE [BasicBinder.java:64] binding parameter [90] as [VARCHAR] - [Mm]
2020-06-19 13:28:28 TRACE [BasicBinder.java:64] binding parameter [91] as [INTEGER] - [257933]
2020-06-19 13:28:28 TRACE [BasicBinder.java:64] binding parameter [92] as [VARCHAR] - [sVUkgK]
2020-06-19 13:28:28 TRACE [BasicBinder.java:64] binding parameter [93] as [DATE] - [1988-07-21]
2020-06-19 13:28:28 TRACE [BasicBinder.java:64] binding parameter [94] as [DATE] - [1997-01-30]
2020-06-19 13:28:28 TRACE [BasicBinder.java:64] binding parameter [95] as [DATE] - [1977-02-19]
2020-06-19 13:28:28 TRACE [BasicBinder.java:64] binding parameter [96] as [VARCHAR] - [l]
2020-06-19 13:28:28 TRACE [BasicBinder.java:64] binding parameter [97] as [VARCHAR] - [Lji]
2020-06-19 13:28:28 TRACE [BasicBinder.java:64] binding parameter [98] as [DATE] - [1993-10-09]
2020-06-19 13:28:28 TRACE [BasicBinder.java:64] binding parameter [99] as [VARCHAR] - [NRkAMfGEoLFvTREeonDC]
2020-06-19 13:28:28 TRACE [BasicBinder.java:64] binding parameter [100] as [VARCHAR] - [a]
2020-06-19 13:28:28 TRACE [BasicBinder.java:64] binding parameter [101] as [VARCHAR] - [gJ]
2020-06-19 13:28:28 TRACE [BasicBinder.java:64] binding parameter [102] as [VARCHAR] - [GTRLwtOJdNzOeqJUacWT]
2020-06-19 13:28:28 TRACE [BasicBinder.java:64] binding parameter [103] as [VARCHAR] - [wqUdDkSqIisnXZudlRzL]
2020-06-19 13:28:28 TRACE [BasicBinder.java:64] binding parameter [104] as [VARCHAR] - [ZhUxrfYbtuVnHqPmRIC]
2020-06-19 13:28:28 TRACE [BasicBinder.java:64] binding parameter [105] as [VARCHAR] - [RJhbosTnRQiCiBzdACt]
2020-06-19 13:28:28 TRACE [BasicBinder.java:64] binding parameter [106] as [VARCHAR] - [kvBqEfEivatdyBuNoPy]
2020-06-19 13:28:28 TRACE [BasicBinder.java:64] binding parameter [107] as [VARCHAR] - [RzKPCEC]
2020-06-19 13:28:28 TRACE [BasicBinder.java:64] binding parameter [108] as [VARCHAR] - [Gc]
2020-06-19 13:28:28 TRACE [BasicBinder.java:64] binding parameter [109] as [INTEGER] - [811817]
2020-06-19 13:28:28 TRACE [BasicBinder.java:64] binding parameter [110] as [VARCHAR] - [HIcNxWgLaTsMQrXmeCbT]
2020-06-19 13:28:28 TRACE [BasicBinder.java:64] binding parameter [111] as [VARCHAR] - [mMiaatuUGjmAHQR]
2020-06-19 13:28:28 TRACE [BasicBinder.java:64] binding parameter [112] as [VARCHAR] - [BzliJvrPfZsSyqWgFTW]
2020-06-19 13:28:28 TRACE [BasicBinder.java:64] binding parameter [113] as [VARCHAR] - [ge]
2020-06-19 13:28:28 TRACE [BasicBinder.java:64] binding parameter [114] as [VARCHAR] - [ofPzgWaCbH]
2020-06-19 13:28:28 TRACE [BasicBinder.java:64] binding parameter [115] as [VARCHAR] - [v]
2020-06-19 13:28:28 TRACE [BasicBinder.java:64] binding parameter [116] as [VARCHAR] - [OoeoeCJgbmE]
2020-06-19 13:28:28 TRACE [BasicBinder.java:64] binding parameter [117] as [VARCHAR] - [LoyaimLVgUXwSZCqKprx]
2020-06-19 13:28:28 TRACE [BasicBinder.java:64] binding parameter [118] as [VARCHAR] - [bxMBaEWLmAQItKbfFOEH]
2020-06-19 13:28:28 TRACE [BasicBinder.java:64] binding parameter [119] as [VARCHAR] - [USxFZyQJTzOzUCgdVdBC]
2020-06-19 13:28:28 TRACE [BasicBinder.java:64] binding parameter [120] as [VARCHAR] - [DPlmkMRKtHdfDVexbrYC]
2020-06-19 13:28:28 TRACE [BasicBinder.java:64] binding parameter [121] as [VARCHAR] - [tdqLQfafAjlKvymjoAXS]
2020-06-19 13:28:28 TRACE [BasicBinder.java:64] binding parameter [122] as [VARCHAR] - [Wh]
2020-06-19 13:28:28 TRACE [BasicBinder.java:64] binding parameter [123] as [VARCHAR] - [Y]
2020-06-19 13:28:28 TRACE [BasicBinder.java:64] binding parameter [124] as [VARCHAR] - [CEpY]
2020-06-19 13:28:28 TRACE [BasicBinder.java:64] binding parameter [125] as [VARCHAR] - [CqgWUxEqSmTVSuzdtIEQ]
2020-06-19 13:28:28 TRACE [BasicBinder.java:64] binding parameter [126] as [VARCHAR] - [hPs]
2020-06-19 13:28:28 TRACE [BasicBinder.java:64] binding parameter [127] as [VARCHAR] - [ui]
2020-06-19 13:28:28 TRACE [BasicBinder.java:64] binding parameter [128] as [VARCHAR] - [AnGMwotqSbStFJtMOlCy]
2020-06-19 13:28:28 TRACE [BasicBinder.java:64] binding parameter [129] as [VARCHAR] - [hamSWAmvtQJxHoQFVscc]
2020-06-19 13:28:28 TRACE [BasicBinder.java:64] binding parameter [130] as [VARCHAR] - [BqtjplffoMDieWSVuKXR]
2020-06-19 13:28:28 TRACE [BasicBinder.java:64] binding parameter [131] as [VARCHAR] - [F]
2020-06-19 13:28:28 TRACE [BasicBinder.java:64] binding parameter [132] as [VARCHAR] - [lHhSDisHAuQLtHsTOjKj]
2020-06-19 13:28:28 TRACE [BasicBinder.java:64] binding parameter [133] as [VARCHAR] - [eBVobJvKTvWKivoXYZZn]
2020-06-19 13:28:28 TRACE [BasicBinder.java:64] binding parameter [134] as [VARCHAR] - [TMtgrkDKQRANNgVuupIO]
2020-06-19 13:28:28 TRACE [BasicBinder.java:64] binding parameter [135] as [VARCHAR] - [ID]
2020-06-19 13:28:28 TRACE [BasicBinder.java:64] binding parameter [136] as [VARCHAR] - [ZcUsUwZYKZqwimHC]
2020-06-19 13:28:28 TRACE [BasicBinder.java:64] binding parameter [137] as [DOUBLE] - [9701054.239917979]
2020-06-19 13:28:28 TRACE [BasicBinder.java:64] binding parameter [138] as [VARCHAR] - [agNWORKM]
2020-06-19 13:28:28 TRACE [BasicBinder.java:64] binding parameter [139] as [VARCHAR] - [cHRqJTeeNGsZvYq]
2020-06-19 13:28:28 TRACE [BasicBinder.java:64] binding parameter [140] as [VARCHAR] - [TPMuWMwRyI]
2020-06-19 13:28:28 TRACE [BasicBinder.java:64] binding parameter [141] as [BIGINT] - [8]
2020-06-19 13:28:28 DEBUG [MockBuilder.java:94] set ediReasonCode -> 595788
2020-06-19 13:28:28 DEBUG [MockBuilder.java:94] set changeTimestamp -> 1970-01-01T02:11:26
2020-06-19 13:28:28 DEBUG [MockBuilder.java:94] set level -> p
2020-06-19 13:28:28 DEBUG [MockBuilder.java:94] set changedBy -> VfXfxRSP
2020-06-19 13:28:28 DEBUG [MockBuilder.java:94] set ediOrdValidations -> null
2020-06-19 13:28:28 DEBUG [MockBuilder.java:94] set precedence -> 4912685.017095977
2020-06-19 13:28:28 DEBUG [MockBuilder.java:94] set autoCreateFlag -> N
2020-06-19 13:28:28 DEBUG [MockBuilder.java:94] set createTimestamp -> 1970-01-01T01:57:35
2020-06-19 13:28:28 DEBUG [MockBuilder.java:94] set createdBy -> FnDhSbjQ
2020-06-19 13:28:28 DEBUG [MockBuilder.java:94] set description -> dwZcMFvCrSfEejRasAeC
2020-06-19 13:28:28 DEBUG [MockBuilder.java:94] set defaultAction -> y
Hibernate: select edireasonc0_.EDI_REASON_CODE as edi_reas1_6_1_, edireasonc0_.AUTO_CREATE_FLAG as auto_cre2_6_1_, edireasonc0_.CHANGE_TIMESTAMP as change_t3_6_1_, edireasonc0_.CHANGED_BY as changed_4_6_1_, edireasonc0_.CREATE_TIMESTAMP as create_t5_6_1_, edireasonc0_.CREATED_BY as created_6_6_1_, edireasonc0_.DEFAULT_ACTION as default_7_6_1_, edireasonc0_.description as descript8_6_1_, edireasonc0_.LEVEL as level9_6_1_, edireasonc0_.precedence as precede10_6_1_, ediordvali1_.edi_reason_code as edi_rea11_2_3_, ediordvali1_.EDI_ORDER_NBR as edi_orde1_2_3_, ediordvali1_.PO_LINE_NBR as po_line_2_2_3_, ediordvali1_.TIME_STAMP as time_sta3_2_3_, ediordvali1_.EDI_ORDER_NBR as edi_orde1_2_0_, ediordvali1_.PO_LINE_NBR as po_line_2_2_0_, ediordvali1_.TIME_STAMP as time_sta3_2_0_, ediordvali1_.ACTION_CODE as action_c4_2_0_, ediordvali1_.ASSIGNED_TO as assigned5_2_0_, ediordvali1_.CHANGED_BY as changed_6_2_0_, ediordvali1_.CHANGED_TIMESTAMP as changed_7_2_0_, ediordvali1_.CREATED_BY as created_8_2_0_, ediordvali1_.CREATED_TIMESTAMP as created_9_2_0_, ediordvali1_.edi_reason_code as edi_rea11_2_0_, ediordvali1_.status as status10_2_0_ from EDI_REASON_CODE edireasonc0_ left outer join EDI_ORD_VALIDATION ediordvali1_ on edireasonc0_.EDI_REASON_CODE=ediordvali1_.edi_reason_code where edireasonc0_.EDI_REASON_CODE=?
2020-06-19 13:28:28 TRACE [BasicBinder.java:64] binding parameter [1] as [INTEGER] - [63]
]]></system-out>
  </testcase>
  <testcase name="testConvert" classname="com.shaw.ediorderservices.service.order.HardsurfacesOrderServiceTest" time="0.113">
    <failure message="Not yet implemented" type="org.opentest4j.AssertionFailedError">org.opentest4j.AssertionFailedError: Not yet implemented
	at com.shaw.ediorderservices.service.order.HardsurfacesOrderServiceTest.testConvert(HardsurfacesOrderServiceTest.java:31)
</failure>
    <system-out><![CDATA[2020-06-19 13:28:28 DEBUG [MockBuilder.java:94] set eventInfo -> QuaJevwVWGtkMhB
2020-06-19 13:28:28 DEBUG [MockBuilder.java:94] set explodeFlag -> B
2020-06-19 13:28:28 DEBUG [MockBuilder.java:94] set purchasedBy -> BktVXABQqWzvqeDcIhyk
2020-06-19 13:28:28 DEBUG [MockBuilder.java:94] set storeName -> CCJGfBLdwQLzZCEcaYqY
2020-06-19 13:28:28 DEBUG [MockBuilder.java:94] set fobPoint -> DN
2020-06-19 13:28:28 DEBUG [MockBuilder.java:94] set termsNetDays -> SUm
2020-06-19 13:28:28 DEBUG [MockBuilder.java:94] set frtCode -> J
2020-06-19 13:28:28 DEBUG [MockBuilder.java:94] set termsTypeFlag -> dw
2020-06-19 13:28:28 DEBUG [MockBuilder.java:94] set rcdCode -> G
2020-06-19 13:28:28 DEBUG [MockBuilder.java:94] set giftMessage1 -> ThjegNXYEQmMdWJDUsgX
2020-06-19 13:28:28 DEBUG [MockBuilder.java:94] set totalBindingFt -> 7859345.285450218
2020-06-19 13:28:28 DEBUG [MockBuilder.java:94] set receivedTimestamp -> 1970-01-01T00:07:39
2020-06-19 13:28:28 DEBUG [MockBuilder.java:94] set shipComplete -> n
2020-06-19 13:28:28 DEBUG [MockBuilder.java:94] set refTcNbr -> LSFvkecZankADhpjWfmb
2020-06-19 13:28:28 DEBUG [MockBuilder.java:94] set shipDateValue -> 1976-02-04
2020-06-19 13:28:28 DEBUG [MockBuilder.java:94] set shipDateQualifier -> ALD
2020-06-19 13:28:28 DEBUG [MockBuilder.java:94] set shipInstruction -> NZdFupitmquQZiapZref
2020-06-19 13:28:28 DEBUG [MockBuilder.java:94] set poType -> wmdYp
2020-06-19 13:28:28 DEBUG [MockBuilder.java:94] set srvLevel -> yS
2020-06-19 13:28:28 DEBUG [MockBuilder.java:94] set shipByCutOffDt -> 1988-06-19
2020-06-19 13:28:28 DEBUG [MockBuilder.java:94] set statusCode -> A
2020-06-19 13:28:28 DEBUG [MockBuilder.java:94] set poTypeSuffix -> hbIoPyjZyB
2020-06-19 13:28:28 DEBUG [MockBuilder.java:94] set stdCarrAlphaInd -> MiAX
2020-06-19 13:28:28 DEBUG [MockBuilder.java:94] set giftMessage2 -> jZkPVjdJaesRTGvbbYwk
2020-06-19 13:28:28 DEBUG [MockBuilder.java:94] set orderingSystem -> Ys
2020-06-19 13:28:28 DEBUG [MockBuilder.java:94] set salesCheckNumber -> AXyfKKmxUmtVQgfCwsuk
2020-06-19 13:28:28 DEBUG [MockBuilder.java:94] set phone -> DkzPgawWSWNpxXt
2020-06-19 13:28:28 DEBUG [MockBuilder.java:94] set shipPartCompInd -> s
2020-06-19 13:28:28 DEBUG [MockBuilder.java:94] set hostAlertFlag -> p
2020-06-19 13:28:28 DEBUG [MockBuilder.java:94] set salesReqCode -> Mv
2020-06-19 13:28:28 DEBUG [MockBuilder.java:94] set province -> gpvHWwvqUxRlmoHXQZd
2020-06-19 13:28:28 DEBUG [MockBuilder.java:94] set sellCo -> mA
2020-06-19 13:28:28 DEBUG [MockBuilder.java:94] set shipPt -> BF
2020-06-19 13:28:28 DEBUG [MockBuilder.java:94] set seqNbr -> 4257
2020-06-19 13:28:28 DEBUG [MockBuilder.java:94] set name -> KcilTIVqUWoJMmTtPFou
2020-06-19 13:28:28 DEBUG [MockBuilder.java:94] set specialInstruct1 -> TRWbVSgHVPEKnBhLvMll
2020-06-19 13:28:28 DEBUG [MockBuilder.java:94] set reserveOrderInd -> E
2020-06-19 13:28:28 DEBUG [MockBuilder.java:94] set flag -> 664143
2020-06-19 13:28:28 DEBUG [MockBuilder.java:94] set orderRetTotal -> 3899450.255883044
2020-06-19 13:28:28 DEBUG [MockBuilder.java:94] set shipByDate -> 1993-10-21
2020-06-19 13:28:28 DEBUG [MockBuilder.java:94] set orderType -> V
2020-06-19 13:28:28 DEBUG [MockBuilder.java:94] set specialInstruct2 -> sYgqhjhbweolznmNXpZL
2020-06-19 13:28:28 DEBUG [MockBuilder.java:94] set shipCancelDate -> 1996-07-05
2020-06-19 13:28:28 DEBUG [MockBuilder.java:94] set psMsg -> lOlINABgSVfObLuoIKkU
2020-06-19 13:28:28 DEBUG [MockBuilder.java:94] set orderTypeDesc -> zlFoPdWzBZrocex
2020-06-19 13:28:28 DEBUG [MockBuilder.java:94] set specialInstruct3 -> kPfQakjIUcFtalkAbzVF
2020-06-19 13:28:28 DEBUG [MockBuilder.java:94] set orderRetHand -> 752863.6696225825
2020-06-19 13:28:28 DEBUG [MockBuilder.java:94] set specialInstruct4 -> vQeNDWCljDPpmyMfWlMQ
2020-06-19 13:28:28 DEBUG [MockBuilder.java:94] set orderWeight -> 2193730.921971282
2020-06-19 13:28:28 DEBUG [MockBuilder.java:94] set orderRetSh -> 3411696.542123896
2020-06-19 13:28:28 DEBUG [MockBuilder.java:94] set specialPoNo -> DDdSEBwpszfoGrasXjpN
2020-06-19 13:28:28 DEBUG [MockBuilder.java:94] set phoneNumber -> ejbBkUDVbdd
2020-06-19 13:28:28 DEBUG [MockBuilder.java:94] set orderRetTax -> 8418799.344036574
2020-06-19 13:28:28 DEBUG [MockBuilder.java:94] set consStatusMsg -> KPjzQDBrwquUxFBQIPqq
2020-06-19 13:28:28 DEBUG [MockBuilder.java:94] set beg -> bxMeR
2020-06-19 13:28:28 DEBUG [MockBuilder.java:94] set billToState -> DQ
2020-06-19 13:28:28 DEBUG [MockBuilder.java:94] set contractUsageInd -> T
2020-06-19 13:28:28 DEBUG [MockBuilder.java:94] set dunsNbr -> YwrwUnlUnVZakJa
2020-06-19 13:28:28 DEBUG [MockBuilder.java:94] set billToStore -> yiwqzWCXrL
2020-06-19 13:28:28 DEBUG [MockBuilder.java:94] set crossDockCenter -> SbdETStHzD
2020-06-19 13:28:28 DEBUG [MockBuilder.java:94] set errorCode -> JYa
2020-06-19 13:28:28 DEBUG [MockBuilder.java:94] set poControl -> ywuFs
2020-06-19 13:28:28 DEBUG [MockBuilder.java:94] set custDept -> FodUx
2020-06-19 13:28:28 DEBUG [MockBuilder.java:94] set errorDescription -> UFvEDngwZgcuWoEBWJrM
2020-06-19 13:28:28 DEBUG [MockBuilder.java:94] set chngLid -> wfGREdVr
2020-06-19 13:28:28 DEBUG [MockBuilder.java:94] set userId -> dZkWOzqD
2020-06-19 13:28:28 DEBUG [MockBuilder.java:94] set chngTimestamp -> 1970-01-01T01:23:26
2020-06-19 13:28:28 DEBUG [MockBuilder.java:94] set vendorNo -> WQJcdFylCTnkwly
2020-06-19 13:28:28 DEBUG [MockBuilder.java:94] set returnMsg -> mPBDgdkIcfGIClprgUnj
2020-06-19 13:28:28 DEBUG [MockBuilder.java:94] set commCust -> ouTFghE
2020-06-19 13:28:28 DEBUG [MockBuilder.java:94] set wcStore -> UrDOEGagFJ
2020-06-19 13:28:28 DEBUG [MockBuilder.java:94] set routeByDate -> 1974-04-21
2020-06-19 13:28:28 DEBUG [MockBuilder.java:94] set customerCode -> iq
2020-06-19 13:28:28 DEBUG [MockBuilder.java:94] set custNbr -> AysjuJV
2020-06-19 13:28:28 DEBUG [MockBuilder.java:94] set truncFlag -> x
2020-06-19 13:28:28 DEBUG [MockBuilder.java:94] set country -> qWZYJOEXyOPFqSFxWSE
2020-06-19 13:28:28 DEBUG [MockBuilder.java:94] set customerRefNbr -> Ofs
2020-06-19 13:28:28 DEBUG [MockBuilder.java:94] set name -> RfhTxRRSXAtydaQbewum
2020-06-19 13:28:28 DEBUG [MockBuilder.java:94] set cnCity -> esoxQfVAebBhvMQIiGc
2020-06-19 13:28:28 DEBUG [MockBuilder.java:94] set zip -> ZdnCNhRDxjP
2020-06-19 13:28:28 DEBUG [MockBuilder.java:94] set customerSidemark -> jyVYzcDEMnIogvfGnxCr
2020-06-19 13:28:28 DEBUG [MockBuilder.java:94] set destCode -> zf
2020-06-19 13:28:28 DEBUG [MockBuilder.java:94] set custPmtMeth -> AEjejcYFtZHLDpNHxcCL
2020-06-19 13:28:28 DEBUG [MockBuilder.java:94] set consumerPoDateValue -> 1989-01-21
2020-06-19 13:28:28 DEBUG [MockBuilder.java:94] set store -> xCttlpvfkI
2020-06-19 13:28:28 DEBUG [MockBuilder.java:94] set custNbr -> nreRhiP
2020-06-19 13:28:28 DEBUG [MockBuilder.java:94] set custSpInst -> BrLYCTHUlTodBFjskHOa
2020-06-19 13:28:28 DEBUG [MockBuilder.java:94] set city -> OZrBnEAAXAMQXmIMaaj
2020-06-19 13:28:28 DEBUG [MockBuilder.java:94] set addressLine2 -> yzXuuDqirIdgnmaijaVm
2020-06-19 13:28:28 DEBUG [MockBuilder.java:94] set state -> yC
2020-06-19 13:28:28 DEBUG [MockBuilder.java:94] set city -> BHwPyKXmULziedWdtju
2020-06-19 13:28:28 DEBUG [MockBuilder.java:94] set state -> Db
2020-06-19 13:28:28 DEBUG [MockBuilder.java:94] set poDateValue -> 1970-07-29
2020-06-19 13:28:28 DEBUG [MockBuilder.java:94] set bsStoreNbr -> TBEBgkhYCX
2020-06-19 13:28:28 DEBUG [MockBuilder.java:94] set errorTimestamp -> 1970-01-01T00:06:20
2020-06-19 13:28:28 DEBUG [MockBuilder.java:94] set custWhNbr -> FCUH
2020-06-19 13:28:28 DEBUG [MockBuilder.java:94] set cancelDateQualifier -> HoU
2020-06-19 13:28:28 DEBUG [MockBuilder.java:94] set addressLine1 -> jesQaJBbEgZPJDqVgygk
2020-06-19 13:28:28 DEBUG [MockBuilder.java:94] set carrierCode -> Yt
2020-06-19 13:28:28 DEBUG [MockBuilder.java:94] set poDateQualifier -> cJc
2020-06-19 13:28:28 DEBUG [MockBuilder.java:94] set zip -> WqYNeqMUO
2020-06-19 13:28:28 DEBUG [MockBuilder.java:94] set shipToAddress -> LegacyShipToAddress [addressLine1=jesQaJBbEgZPJDqVgygk, addressLine2=yzXuuDqirIdgnmaijaVm, city=BHwPyKXmULziedWdtju, cnCity=esoxQfVAebBhvMQIiGc, country=qWZYJOEXyOPFqSFxWSE, custNbr=nreRhiP, destCode=zf, flag=664143, name=KcilTIVqUWoJMmTtPFou, phone=DkzPgawWSWNpxXt, province=gpvHWwvqUxRlmoHXQZd, state=yC, store=xCttlpvfkI, truncFlag=x, zip=ZdnCNhRDxjP]
2020-06-19 13:28:28 DEBUG [MockBuilder.java:94] set poNumber -> byypDbzDicxGxzvlIhOY
2020-06-19 13:28:28 DEBUG [MockBuilder.java:94] set cbCutLength -> 1906436.2757382211
2020-06-19 13:28:28 DEBUG [MockBuilder.java:94] set cphone -> IHvsfiipIqehLmSgsrhP
2020-06-19 13:28:28 DEBUG [MockBuilder.java:94] set consumerShipFlg -> v
2020-06-19 13:28:28 DEBUG [MockBuilder.java:94] set poQual -> Xr
2020-06-19 13:28:28 DEBUG [MockBuilder.java:94] set agreementNumber -> XuqCnaFyEmkhFvC
2020-06-19 13:28:28 DEBUG [MockBuilder.java:94] set addressLine2 -> NNYDrxbZiYieCtjUaLSe
2020-06-19 13:28:28 DEBUG [MockBuilder.java:94] set cprovince -> eTYISvuwktRsAyArFsfc
2020-06-19 13:28:28 DEBUG [MockBuilder.java:94] set assignedAgent -> VrlwDRHo
2020-06-19 13:28:28 DEBUG [MockBuilder.java:94] set ccountry -> UgMELjpCYfUBmyoXgAoD
2020-06-19 13:28:28 DEBUG [MockBuilder.java:94] set addressLine1 -> fTkafqzbsajiPNuKabWw
2020-06-19 13:28:28 DEBUG [MockBuilder.java:94] set acctContact -> rALYSHetIixxUKwKAhAD
2020-06-19 13:28:28 DEBUG [MockBuilder.java:94] set authRep -> ZOzwvUSwuVoXOWRodGMx
2020-06-19 13:28:28 DEBUG [MockBuilder.java:94] set addressLine1 -> ePJtcSsiRWXFwTimAwhT
2020-06-19 13:28:28 DEBUG [MockBuilder.java:94] set acknowlegeOrdInd -> t
2020-06-19 13:28:28 DEBUG [MockBuilder.java:94] set authorizationNo -> RvgaCTtmjT
2020-06-19 13:28:28 DEBUG [MockBuilder.java:94] set addrKey -> 410473
2020-06-19 13:28:28 DEBUG [MockBuilder.java:94] set nbDate -> 1985-10-07
2020-06-19 13:28:28 DEBUG [MockBuilder.java:94] set ohStatusCode -> P
2020-06-19 13:28:28 DEBUG [MockBuilder.java:94] set inputMethod -> YizJYEfreD
2020-06-19 13:28:28 DEBUG [MockBuilder.java:94] set deliveryDate -> 1981-05-17
2020-06-19 13:28:28 DEBUG [MockBuilder.java:94] set newStoreInd -> t
2020-06-19 13:28:28 DEBUG [MockBuilder.java:94] set onNote -> lnKGLcYDPzslUSnuWrkK
2020-06-19 13:28:28 DEBUG [MockBuilder.java:94] set markForStore -> KKXkdoZgmy
2020-06-19 13:28:28 DEBUG [MockBuilder.java:94] set onlineType -> o
2020-06-19 13:28:28 DEBUG [MockBuilder.java:94] set city -> dEhxuqAeYCHFsbwIbIOe
2020-06-19 13:28:28 DEBUG [MockBuilder.java:94] set noAsnFlag -> W
2020-06-19 13:28:28 DEBUG [MockBuilder.java:94] set mediaEventCode -> Xn
2020-06-19 13:28:28 DEBUG [MockBuilder.java:94] set delvCutOffDt -> 1990-03-08
2020-06-19 13:28:28 DEBUG [MockBuilder.java:94] set orderDate -> 1983-08-13
2020-06-19 13:28:28 DEBUG [MockBuilder.java:94] set state -> lo
2020-06-19 13:28:28 DEBUG [MockBuilder.java:94] set name -> yGyzaTyMNPYWTLIHLlnC
2020-06-19 13:28:28 DEBUG [MockBuilder.java:94] set divDesc -> ReyxkjOEWgUtvinNpBYI
2020-06-19 13:28:28 DEBUG [MockBuilder.java:94] set tpcountry -> kgyyceVAZJFOEaRKUBFF
2020-06-19 13:28:28 DEBUG [MockBuilder.java:94] set zip -> MQpNjJPvoONHGEzD
2020-06-19 13:28:28 DEBUG [MockBuilder.java:94] set name2 -> yTwjuJAPzfKyhyzncWYe
2020-06-19 13:28:28 DEBUG [MockBuilder.java:94] set consumerAddress -> LegacyConsumerAddress [cprovince=eTYISvuwktRsAyArFsfc, ccountry=UgMELjpCYfUBmyoXgAoD, cphone=IHvsfiipIqehLmSgsrhP, addressLine1=fTkafqzbsajiPNuKabWw, addressLine2=NNYDrxbZiYieCtjUaLSe, city=OZrBnEAAXAMQXmIMaaj, name=RfhTxRRSXAtydaQbewum, consumerPoDateValue=1989-01-21, consumerShipFlg=v, state=Db, zip=WqYNeqMUO]
2020-06-19 13:28:28 DEBUG [MockBuilder.java:94] set accountNbr -> FKpzpFxXdQqSGWZFXmqw
2020-06-19 13:28:28 DEBUG [MockBuilder.java:94] set billFlag -> h
2020-06-19 13:28:28 DEBUG [MockBuilder.java:94] set addressLine2 -> eHQduMfflzgdqScjTRyz
2020-06-19 13:28:28 DEBUG [MockBuilder.java:94] set tpprovince -> lNRZUiMxrGHhKgXsywAX
2020-06-19 13:28:28 DEBUG [MockBuilder.java:94] set ohCancelDateValue -> 1995-05-18
2020-06-19 13:28:28 DEBUG [MockBuilder.java:94] set tpphone -> sKYmkmqNNXbcQMrByEZE
2020-06-19 13:28:28 DEBUG [MockBuilder.java:94] set orderLoc -> xj
2020-06-19 13:28:28 DEBUG [MockBuilder.java:94] set thirdPartyAddress -> LegacyThirdPartyAddress [tpprovince=lNRZUiMxrGHhKgXsywAX, tpcountry=kgyyceVAZJFOEaRKUBFF, tpphone=sKYmkmqNNXbcQMrByEZE, addressLine1=ePJtcSsiRWXFwTimAwhT, addressLine2=eHQduMfflzgdqScjTRyz, accountNbr=FKpzpFxXdQqSGWZFXmqw, billFlag=h, city=dEhxuqAeYCHFsbwIbIOe, name=yGyzaTyMNPYWTLIHLlnC, name2=yTwjuJAPzfKyhyzncWYe, state=lo, zip=MQpNjJPvoONHGEzD]
2020-06-19 13:28:28 DEBUG [MockBuilder.java:94] set orderMerCost -> 5054874.407491334
2020-06-19 13:28:28 DEBUG [MockBuilder.java:94] set dates -> null
2020-06-19 13:28:28 DEBUG [MockBuilder.java:94] set shawOrderNumber -> SVMevL
2020-06-19 13:28:28 DEBUG [MockBuilder.java:94] set lines -> null
2020-06-19 13:28:28 DEBUG [MockHelper.java:99] EdiOrderHeader [legacyOrderNumber=null, acctContact=rALYSHetIixxUKwKAhAD, acknowlegeOrdInd=t, addrKey=410473, agreementNumber=XuqCnaFyEmkhFvC, assignedAgent=VrlwDRHo, authRep=ZOzwvUSwuVoXOWRodGMx, authorizationNo=RvgaCTtmjT, beg=bxMeR, billToState=DQ, billToStore=yiwqzWCXrL, bsStoreNbr=TBEBgkhYCX, cancelDateQualifier=HoU, carrierCode=Yt, cbCutLength=1906436.2757382211, chngLid=wfGREdVr, chngTimestamp=1970-01-01T01:23:26, commCust=ouTFghE, consStatusMsg=KPjzQDBrwquUxFBQIPqq, contractUsageInd=T, crossDockCenter=SbdETStHzD, custDept=FodUx, custPmtMeth=AEjejcYFtZHLDpNHxcCL, custSpInst=BrLYCTHUlTodBFjskHOa, custWhNbr=FCUH, customerCode=iq, custNbr=AysjuJV, customerRefNbr=Ofs, customerSidemark=jyVYzcDEMnIogvfGnxCr, deliveryDate=1981-05-17, delvCutOffDt=1990-03-08, divDesc=ReyxkjOEWgUtvinNpBYI, dunsNbr=YwrwUnlUnVZakJa, errorCode=JYa, errorDescription=UFvEDngwZgcuWoEBWJrM, errorTimestamp=1970-01-01T00:06:20, eventInfo=QuaJevwVWGtkMhB, explodeFlag=B, fobPoint=DN, frtCode=J, giftMessage1=ThjegNXYEQmMdWJDUsgX, giftMessage2=jZkPVjdJaesRTGvbbYwk, hostAlertFlag=p, inputMethod=YizJYEfreD, markForStore=KKXkdoZgmy, mediaEventCode=Xn, nbDate=1985-10-07, newStoreInd=t, noAsnFlag=W, ohCancelDateValue=1995-05-18, ohStatusCode=P, onNote=lnKGLcYDPzslUSnuWrkK, onlineType=o, orderDate=1983-08-13, orderLoc=01, orderMerCost=5054874.407491334, shawOrderNumber=SVMevL, orderRetHand=752863.6696225825, orderRetSh=3411696.542123896, orderRetTax=8418799.344036574, orderRetTotal=3899450.255883044, orderType=S, orderTypeDesc=SAMPLES, orderWeight=2193730.921971282, orderingSystem=Ys, phoneNumber=ejbBkUDVbdd, poControl=ywuFs, poDateValue=1970-07-29, poDateQualifier=cJc, poNumber=byypDbzDicxGxzvlIhOY, poQual=Xr, poType=wmdYp, poTypeSuffix=hbIoPyjZyB, psMsg=lOlINABgSVfObLuoIKkU, purchasedBy=BktVXABQqWzvqeDcIhyk, rcdCode=G, receivedTimestamp=1970-01-01T00:07:39, refTcNbr=LSFvkecZankADhpjWfmb, reserveOrderInd=E, returnMsg=mPBDgdkIcfGIClprgUnj, routeByDate=1974-04-21, salesCheckNumber=AXyfKKmxUmtVQgfCwsuk, salesReqCode=Mv, sellCo=mA, seqNbr=4257, shipByCutOffDt=1988-06-19, shipByDate=1993-10-21, shipCancelDate=1996-07-05, shipComplete=n, shipDateValue=1976-02-04, shipDateQualifier=ALD, shipInstruction=NZdFupitmquQZiapZref, shipPartCompInd=s, shipPt=BF, specialInstruct1=TRWbVSgHVPEKnBhLvMll, specialInstruct2=sYgqhjhbweolznmNXpZL, specialInstruct3=kPfQakjIUcFtalkAbzVF, specialInstruct4=vQeNDWCljDPpmyMfWlMQ, specialPoNo=DDdSEBwpszfoGrasXjpN, srvLevel=yS, statusCode=A, stdCarrAlphaInd=MiAX, storeName=CCJGfBLdwQLzZCEcaYqY, termsNetDays=SUm, termsTypeFlag=dw, totalBindingFt=7859345.285450218, userId=dZkWOzqD, vendorNo=WQJcdFylCTnkwly, wcStore=UrDOEGagFJ, consumerAddress=LegacyConsumerAddress [cprovince=eTYISvuwktRsAyArFsfc, ccountry=UgMELjpCYfUBmyoXgAoD, cphone=IHvsfiipIqehLmSgsrhP, addressLine1=fTkafqzbsajiPNuKabWw, addressLine2=NNYDrxbZiYieCtjUaLSe, city=OZrBnEAAXAMQXmIMaaj, name=RfhTxRRSXAtydaQbewum, consumerPoDateValue=1989-01-21, consumerShipFlg=v, state=Db, zip=WqYNeqMUO], shipToAddress=LegacyShipToAddress [addressLine1=jesQaJBbEgZPJDqVgygk, addressLine2=yzXuuDqirIdgnmaijaVm, city=BHwPyKXmULziedWdtju, cnCity=esoxQfVAebBhvMQIiGc, country=qWZYJOEXyOPFqSFxWSE, custNbr=nreRhiP, destCode=zf, flag=664143, name=KcilTIVqUWoJMmTtPFou, phone=DkzPgawWSWNpxXt, province=gpvHWwvqUxRlmoHXQZd, state=yC, store=xCttlpvfkI, truncFlag=x, zip=ZdnCNhRDxjP], thirdPartyAddress=LegacyThirdPartyAddress [tpprovince=lNRZUiMxrGHhKgXsywAX, tpcountry=kgyyceVAZJFOEaRKUBFF, tpphone=sKYmkmqNNXbcQMrByEZE, addressLine1=ePJtcSsiRWXFwTimAwhT, addressLine2=eHQduMfflzgdqScjTRyz, accountNbr=FKpzpFxXdQqSGWZFXmqw, billFlag=h, city=dEhxuqAeYCHFsbwIbIOe, name=yGyzaTyMNPYWTLIHLlnC, name2=yTwjuJAPzfKyhyzncWYe, state=lo, zip=MQpNjJPvoONHGEzD], dates=null, lines=null]
Hibernate: call next value for SHXP.EDI_ORDER_NBR
Hibernate: insert into EDI_ORDER_HEADER (ACCT_CONTACT, ACKNOWLEGE_ORD_IND, ADDR_KEY, AGREEMENT_NUMBER, ASSIGNED_AGENT, AUTH_REP, AUTHORIZATION_NO, beg, BILL_TO_STATE, BILL_TO_STORE, BS_STORE_NBR, CANCEL_DATE_QUAL, CARRIER_CODE, CB_CUT_LENGTH, CHNG_LID, CHNG_TIMESTAMP, COMM_CUST, CONS_STATUS_MSG, CONSUMER_ADDRESS, CONSUMER_ADDRESS_2, CONSUMER_CITY, CONSUMER_PO_DATE, CONSUMER_SHIP_FLG, CONSUMER_NAME, CONSUMER_STATE, CONSUMER_ZIP, CONTRACT_USAGE_IND, CROSS_DOCK_CENTER, CUST_DEPT, CUSTOMER_NUMBER, CUST_PMT_METH, CUST_SP_INST, CUST_WH_NBR, CUSTOMER_CODE, CUSTOMER_REF_NBR, CUSTOMER_SIDEMARK, DELIVERY_DATE, DELV_CUT_OFF_DT, DIV_DESC, DUNS_NBR, ERROR_CODE, ERROR_DESCRIPTION, ERROR_TIMESTAMP, EVENT_INFO, EXPLODE_FLAG, FOB_POINT, FRT_CODE, GIFT_MESSAGE_1, GIFT_MESSAGE_2, HOST_ALERT_FLAG, INPUT_METHOD, MARK_FOR_STORE, MEDIA_EVENT_CODE, NB_DATE, NEW_STORE_IND, NO_ASN_FLAG, OH_CANCEL_DATE, OH_STATUS_CODE, ON_NOTE, ONLINE_TYPE, ORDER_DATE, ORDER_LOC, ORDER_MER_COST, ORDER_RET_HAND, ORDER_RET_SH, ORDER_RET_TAX, ORDER_RET_TOTAL, ORDER_TYPE, ORDER_TYPE_DESC, ORDER_WEIGHT, ORDERING_SYSTEM, PHONE_NUMBER, PO_CONTROL, PO_DATE_QUAL, PO_DATE, PO_NUMBER, PO_QUAL, PO_TYPE, PO_TYPE_SUFFIX, PS_MSG, PURCHASED_BY, RCD_CODE, RECEIVED_TIMESTAMP, REF_TC_NBR, RESERVE_ORDER_IND, RETURN_MSG, ROUTE_BY_DATE, SALES_CHECK_NUMBER, SALES_REQ_CODE, SELL_CO, SEQ_NBR, ORDER_NUMBER, SHIP_BY_CUT_OFF_DT, SHIP_BY_DATE, SHIP_CANCEL_DATE, SHIP_COMPLETE, SHIP_DATE_QUAL, SHIP_DATE, SHIP_INSTRUCTION, SHIP_PART_COMP_IND, SHIP_PT, SHIP_TO_ADDRESS_1, SHIP_TO_ADDRESS_2, SHIP_TO_CITY, SHIP_TO_CN_CITY, SHIP_TO_COUNTRY, SHIP_TO_CUST_NBR, SHIP_TO_DEST_COD, SHIP_TO_FLAG, SHIP_TO_NAME, SHIP_TO_PHONE, SHIP_TO_PROVENCE, SHIP_TO_STATE, SHIP_TO_STORE, SHIP_TO_TRUNC_FLG, SHIP_TO_ZIP, SPECIAL_INSTRUCT_1, SPECIAL_INSTRUCT_2, SPECIAL_INSTRUCT_3, SPECIAL_INSTRUCT_4, SPECIAL_PO_NO, SRV_LEVEL, STATUS_CODE, STD_CARR_ALPHA_IND, STORE_NAME, TERMS_NET_DAYS, TERMS_TYPE_FLAG, THIRD_PARTY_ACCT_NBR, THIRD_PARTY_ADDR_1, THIRD_PARTY_ADDR_2, THIRD_PARTY_BILL_FLAG, THIRD_PARTY_CITY, THIRD_PARTY_NAME, THIRD_PARTY_NAME_2, THIRD_PARTY_STATE, THIRD_PARTY_ZIP, TOTAL_BINDING_FT, USER_ID, VENDOR_NO, WC_STORE, EDI_ORDER_NUMBER) values (?, ?, ?, ?, ?, ?, ?, ?, ?, ?, ?, ?, ?, ?, ?, ?, ?, ?, ?, ?, ?, ?, ?, ?, ?, ?, ?, ?, ?, ?, ?, ?, ?, ?, ?, ?, ?, ?, ?, ?, ?, ?, ?, ?, ?, ?, ?, ?, ?, ?, ?, ?, ?, ?, ?, ?, ?, ?, ?, ?, ?, ?, ?, ?, ?, ?, ?, ?, ?, ?, ?, ?, ?, ?, ?, ?, ?, ?, ?, ?, ?, ?, ?, ?, ?, ?, ?, ?, ?, ?, ?, ?, ?, ?, ?, ?, ?, ?, ?, ?, ?, ?, ?, ?, ?, ?, ?, ?, ?, ?, ?, ?, ?, ?, ?, ?, ?, ?, ?, ?, ?, ?, ?, ?, ?, ?, ?, ?, ?, ?, ?, ?, ?, ?, ?, ?, ?, ?, ?, ?, ?)
2020-06-19 13:28:28 TRACE [BasicBinder.java:64] binding parameter [1] as [VARCHAR] - [rALYSHetIixxUKwKAhAD]
2020-06-19 13:28:28 TRACE [BasicBinder.java:64] binding parameter [2] as [VARCHAR] - [t]
2020-06-19 13:28:28 TRACE [BasicBinder.java:64] binding parameter [3] as [INTEGER] - [410473]
2020-06-19 13:28:28 TRACE [BasicBinder.java:64] binding parameter [4] as [VARCHAR] - [XuqCnaFyEmkhFvC]
2020-06-19 13:28:28 TRACE [BasicBinder.java:64] binding parameter [5] as [VARCHAR] - [VrlwDRHo]
2020-06-19 13:28:28 TRACE [BasicBinder.java:64] binding parameter [6] as [VARCHAR] - [ZOzwvUSwuVoXOWRodGMx]
2020-06-19 13:28:28 TRACE [BasicBinder.java:64] binding parameter [7] as [VARCHAR] - [RvgaCTtmjT]
2020-06-19 13:28:28 TRACE [BasicBinder.java:64] binding parameter [8] as [VARCHAR] - [bxMeR]
2020-06-19 13:28:28 TRACE [BasicBinder.java:64] binding parameter [9] as [VARCHAR] - [DQ]
2020-06-19 13:28:28 TRACE [BasicBinder.java:64] binding parameter [10] as [VARCHAR] - [yiwqzWCXrL]
2020-06-19 13:28:28 TRACE [BasicBinder.java:64] binding parameter [11] as [VARCHAR] - [TBEBgkhYCX]
2020-06-19 13:28:28 TRACE [BasicBinder.java:64] binding parameter [12] as [VARCHAR] - [HoU]
2020-06-19 13:28:28 TRACE [BasicBinder.java:64] binding parameter [13] as [VARCHAR] - [Yt]
2020-06-19 13:28:28 TRACE [BasicBinder.java:64] binding parameter [14] as [DOUBLE] - [1906436.2757382211]
2020-06-19 13:28:28 TRACE [BasicBinder.java:64] binding parameter [15] as [VARCHAR] - [wfGREdVr]
2020-06-19 13:28:28 TRACE [BasicBinder.java:64] binding parameter [16] as [TIMESTAMP] - [1970-01-01T01:23:26]
2020-06-19 13:28:28 TRACE [BasicBinder.java:64] binding parameter [17] as [VARCHAR] - [ouTFghE]
2020-06-19 13:28:28 TRACE [BasicBinder.java:64] binding parameter [18] as [VARCHAR] - [KPjzQDBrwquUxFBQIPqq]
2020-06-19 13:28:28 TRACE [BasicBinder.java:64] binding parameter [19] as [VARCHAR] - [fTkafqzbsajiPNuKabWw]
2020-06-19 13:28:28 TRACE [BasicBinder.java:64] binding parameter [20] as [VARCHAR] - [NNYDrxbZiYieCtjUaLSe]
2020-06-19 13:28:28 TRACE [BasicBinder.java:64] binding parameter [21] as [VARCHAR] - [OZrBnEAAXAMQXmIMaaj]
2020-06-19 13:28:28 TRACE [BasicBinder.java:64] binding parameter [22] as [DATE] - [1989-01-21]
2020-06-19 13:28:28 TRACE [BasicBinder.java:64] binding parameter [23] as [VARCHAR] - [v]
2020-06-19 13:28:28 TRACE [BasicBinder.java:64] binding parameter [24] as [VARCHAR] - [RfhTxRRSXAtydaQbewum]
2020-06-19 13:28:28 TRACE [BasicBinder.java:64] binding parameter [25] as [VARCHAR] - [Db]
2020-06-19 13:28:28 TRACE [BasicBinder.java:64] binding parameter [26] as [VARCHAR] - [WqYNeqMUO]
2020-06-19 13:28:28 TRACE [BasicBinder.java:64] binding parameter [27] as [VARCHAR] - [T]
2020-06-19 13:28:28 TRACE [BasicBinder.java:64] binding parameter [28] as [VARCHAR] - [SbdETStHzD]
2020-06-19 13:28:28 TRACE [BasicBinder.java:64] binding parameter [29] as [VARCHAR] - [FodUx]
2020-06-19 13:28:28 TRACE [BasicBinder.java:64] binding parameter [30] as [VARCHAR] - [AysjuJV]
2020-06-19 13:28:28 TRACE [BasicBinder.java:64] binding parameter [31] as [VARCHAR] - [AEjejcYFtZHLDpNHxcCL]
2020-06-19 13:28:28 TRACE [BasicBinder.java:64] binding parameter [32] as [VARCHAR] - [BrLYCTHUlTodBFjskHOa]
2020-06-19 13:28:28 TRACE [BasicBinder.java:64] binding parameter [33] as [VARCHAR] - [FCUH]
2020-06-19 13:28:28 TRACE [BasicBinder.java:64] binding parameter [34] as [VARCHAR] - [iq]
2020-06-19 13:28:28 TRACE [BasicBinder.java:64] binding parameter [35] as [VARCHAR] - [Ofs]
2020-06-19 13:28:28 TRACE [BasicBinder.java:64] binding parameter [36] as [VARCHAR] - [jyVYzcDEMnIogvfGnxCr]
2020-06-19 13:28:28 TRACE [BasicBinder.java:64] binding parameter [37] as [DATE] - [1981-05-17]
2020-06-19 13:28:28 TRACE [BasicBinder.java:64] binding parameter [38] as [DATE] - [1990-03-08]
2020-06-19 13:28:28 TRACE [BasicBinder.java:64] binding parameter [39] as [VARCHAR] - [ReyxkjOEWgUtvinNpBYI]
2020-06-19 13:28:28 TRACE [BasicBinder.java:64] binding parameter [40] as [VARCHAR] - [YwrwUnlUnVZakJa]
2020-06-19 13:28:28 TRACE [BasicBinder.java:64] binding parameter [41] as [VARCHAR] - [JYa]
2020-06-19 13:28:28 TRACE [BasicBinder.java:64] binding parameter [42] as [VARCHAR] - [UFvEDngwZgcuWoEBWJrM]
2020-06-19 13:28:28 TRACE [BasicBinder.java:64] binding parameter [43] as [TIMESTAMP] - [1970-01-01T00:06:20]
2020-06-19 13:28:28 TRACE [BasicBinder.java:64] binding parameter [44] as [VARCHAR] - [QuaJevwVWGtkMhB]
2020-06-19 13:28:28 TRACE [BasicBinder.java:64] binding parameter [45] as [VARCHAR] - [B]
2020-06-19 13:28:28 TRACE [BasicBinder.java:64] binding parameter [46] as [VARCHAR] - [DN]
2020-06-19 13:28:28 TRACE [BasicBinder.java:64] binding parameter [47] as [VARCHAR] - [J]
2020-06-19 13:28:28 TRACE [BasicBinder.java:64] binding parameter [48] as [VARCHAR] - [ThjegNXYEQmMdWJDUsgX]
2020-06-19 13:28:28 TRACE [BasicBinder.java:64] binding parameter [49] as [VARCHAR] - [jZkPVjdJaesRTGvbbYwk]
2020-06-19 13:28:28 TRACE [BasicBinder.java:64] binding parameter [50] as [VARCHAR] - [p]
2020-06-19 13:28:28 TRACE [BasicBinder.java:64] binding parameter [51] as [VARCHAR] - [YizJYEfreD]
2020-06-19 13:28:28 TRACE [BasicBinder.java:64] binding parameter [52] as [VARCHAR] - [KKXkdoZgmy]
2020-06-19 13:28:28 TRACE [BasicBinder.java:64] binding parameter [53] as [VARCHAR] - [Xn]
2020-06-19 13:28:28 TRACE [BasicBinder.java:64] binding parameter [54] as [DATE] - [1985-10-07]
2020-06-19 13:28:28 TRACE [BasicBinder.java:64] binding parameter [55] as [VARCHAR] - [t]
2020-06-19 13:28:28 TRACE [BasicBinder.java:64] binding parameter [56] as [VARCHAR] - [W]
2020-06-19 13:28:28 TRACE [BasicBinder.java:64] binding parameter [57] as [DATE] - [1995-05-18]
2020-06-19 13:28:28 TRACE [BasicBinder.java:64] binding parameter [58] as [VARCHAR] - [P]
2020-06-19 13:28:28 TRACE [BasicBinder.java:64] binding parameter [59] as [VARCHAR] - [lnKGLcYDPzslUSnuWrkK]
2020-06-19 13:28:28 TRACE [BasicBinder.java:64] binding parameter [60] as [VARCHAR] - [o]
2020-06-19 13:28:28 TRACE [BasicBinder.java:64] binding parameter [61] as [DATE] - [1983-08-13]
2020-06-19 13:28:28 TRACE [BasicBinder.java:64] binding parameter [62] as [VARCHAR] - [01]
2020-06-19 13:28:28 TRACE [BasicBinder.java:64] binding parameter [63] as [DOUBLE] - [5054874.407491334]
2020-06-19 13:28:28 TRACE [BasicBinder.java:64] binding parameter [64] as [DOUBLE] - [752863.6696225825]
2020-06-19 13:28:28 TRACE [BasicBinder.java:64] binding parameter [65] as [DOUBLE] - [3411696.542123896]
2020-06-19 13:28:28 TRACE [BasicBinder.java:64] binding parameter [66] as [DOUBLE] - [8418799.344036574]
2020-06-19 13:28:28 TRACE [BasicBinder.java:64] binding parameter [67] as [DOUBLE] - [3899450.255883044]
2020-06-19 13:28:28 TRACE [BasicBinder.java:64] binding parameter [68] as [VARCHAR] - [S]
2020-06-19 13:28:28 TRACE [BasicBinder.java:64] binding parameter [69] as [VARCHAR] - [SAMPLES]
2020-06-19 13:28:28 TRACE [BasicBinder.java:64] binding parameter [70] as [DOUBLE] - [2193730.921971282]
2020-06-19 13:28:28 TRACE [BasicBinder.java:64] binding parameter [71] as [VARCHAR] - [Ys]
2020-06-19 13:28:28 TRACE [BasicBinder.java:64] binding parameter [72] as [VARCHAR] - [ejbBkUDVbdd]
2020-06-19 13:28:28 TRACE [BasicBinder.java:64] binding parameter [73] as [VARCHAR] - [ywuFs]
2020-06-19 13:28:28 TRACE [BasicBinder.java:64] binding parameter [74] as [VARCHAR] - [cJc]
2020-06-19 13:28:28 TRACE [BasicBinder.java:64] binding parameter [75] as [DATE] - [1970-07-29]
2020-06-19 13:28:28 TRACE [BasicBinder.java:64] binding parameter [76] as [VARCHAR] - [byypDbzDicxGxzvlIhOY]
2020-06-19 13:28:28 TRACE [BasicBinder.java:64] binding parameter [77] as [VARCHAR] - [Xr]
2020-06-19 13:28:28 TRACE [BasicBinder.java:64] binding parameter [78] as [VARCHAR] - [wmdYp]
2020-06-19 13:28:28 TRACE [BasicBinder.java:64] binding parameter [79] as [VARCHAR] - [hbIoPyjZyB]
2020-06-19 13:28:28 TRACE [BasicBinder.java:64] binding parameter [80] as [VARCHAR] - [lOlINABgSVfObLuoIKkU]
2020-06-19 13:28:28 TRACE [BasicBinder.java:64] binding parameter [81] as [VARCHAR] - [BktVXABQqWzvqeDcIhyk]
2020-06-19 13:28:28 TRACE [BasicBinder.java:64] binding parameter [82] as [VARCHAR] - [G]
2020-06-19 13:28:28 TRACE [BasicBinder.java:64] binding parameter [83] as [TIMESTAMP] - [1970-01-01T00:07:39]
2020-06-19 13:28:28 TRACE [BasicBinder.java:64] binding parameter [84] as [VARCHAR] - [LSFvkecZankADhpjWfmb]
2020-06-19 13:28:28 TRACE [BasicBinder.java:64] binding parameter [85] as [VARCHAR] - [E]
2020-06-19 13:28:28 TRACE [BasicBinder.java:64] binding parameter [86] as [VARCHAR] - [mPBDgdkIcfGIClprgUnj]
2020-06-19 13:28:28 TRACE [BasicBinder.java:64] binding parameter [87] as [DATE] - [1974-04-21]
2020-06-19 13:28:28 TRACE [BasicBinder.java:64] binding parameter [88] as [VARCHAR] - [AXyfKKmxUmtVQgfCwsuk]
2020-06-19 13:28:28 TRACE [BasicBinder.java:64] binding parameter [89] as [VARCHAR] - [Mv]
2020-06-19 13:28:28 TRACE [BasicBinder.java:64] binding parameter [90] as [VARCHAR] - [mA]
2020-06-19 13:28:28 TRACE [BasicBinder.java:64] binding parameter [91] as [INTEGER] - [4257]
2020-06-19 13:28:28 TRACE [BasicBinder.java:64] binding parameter [92] as [VARCHAR] - [SVMevL]
2020-06-19 13:28:28 TRACE [BasicBinder.java:64] binding parameter [93] as [DATE] - [1988-06-19]
2020-06-19 13:28:28 TRACE [BasicBinder.java:64] binding parameter [94] as [DATE] - [1993-10-21]
2020-06-19 13:28:28 TRACE [BasicBinder.java:64] binding parameter [95] as [DATE] - [1996-07-05]
2020-06-19 13:28:28 TRACE [BasicBinder.java:64] binding parameter [96] as [VARCHAR] - [n]
2020-06-19 13:28:28 TRACE [BasicBinder.java:64] binding parameter [97] as [VARCHAR] - [ALD]
2020-06-19 13:28:28 TRACE [BasicBinder.java:64] binding parameter [98] as [DATE] - [1976-02-04]
2020-06-19 13:28:28 TRACE [BasicBinder.java:64] binding parameter [99] as [VARCHAR] - [NZdFupitmquQZiapZref]
2020-06-19 13:28:28 TRACE [BasicBinder.java:64] binding parameter [100] as [VARCHAR] - [s]
2020-06-19 13:28:28 TRACE [BasicBinder.java:64] binding parameter [101] as [VARCHAR] - [BF]
2020-06-19 13:28:28 TRACE [BasicBinder.java:64] binding parameter [102] as [VARCHAR] - [jesQaJBbEgZPJDqVgygk]
2020-06-19 13:28:28 TRACE [BasicBinder.java:64] binding parameter [103] as [VARCHAR] - [yzXuuDqirIdgnmaijaVm]
2020-06-19 13:28:28 TRACE [BasicBinder.java:64] binding parameter [104] as [VARCHAR] - [BHwPyKXmULziedWdtju]
2020-06-19 13:28:28 TRACE [BasicBinder.java:64] binding parameter [105] as [VARCHAR] - [esoxQfVAebBhvMQIiGc]
2020-06-19 13:28:28 TRACE [BasicBinder.java:64] binding parameter [106] as [VARCHAR] - [qWZYJOEXyOPFqSFxWSE]
2020-06-19 13:28:28 TRACE [BasicBinder.java:64] binding parameter [107] as [VARCHAR] - [nreRhiP]
2020-06-19 13:28:28 TRACE [BasicBinder.java:64] binding parameter [108] as [VARCHAR] - [zf]
2020-06-19 13:28:28 TRACE [BasicBinder.java:64] binding parameter [109] as [INTEGER] - [664143]
2020-06-19 13:28:28 TRACE [BasicBinder.java:64] binding parameter [110] as [VARCHAR] - [KcilTIVqUWoJMmTtPFou]
2020-06-19 13:28:28 TRACE [BasicBinder.java:64] binding parameter [111] as [VARCHAR] - [DkzPgawWSWNpxXt]
2020-06-19 13:28:28 TRACE [BasicBinder.java:64] binding parameter [112] as [VARCHAR] - [gpvHWwvqUxRlmoHXQZd]
2020-06-19 13:28:28 TRACE [BasicBinder.java:64] binding parameter [113] as [VARCHAR] - [yC]
2020-06-19 13:28:28 TRACE [BasicBinder.java:64] binding parameter [114] as [VARCHAR] - [xCttlpvfkI]
2020-06-19 13:28:28 TRACE [BasicBinder.java:64] binding parameter [115] as [VARCHAR] - [x]
2020-06-19 13:28:28 TRACE [BasicBinder.java:64] binding parameter [116] as [VARCHAR] - [ZdnCNhRDxjP]
2020-06-19 13:28:28 TRACE [BasicBinder.java:64] binding parameter [117] as [VARCHAR] - [TRWbVSgHVPEKnBhLvMll]
2020-06-19 13:28:28 TRACE [BasicBinder.java:64] binding parameter [118] as [VARCHAR] - [sYgqhjhbweolznmNXpZL]
2020-06-19 13:28:28 TRACE [BasicBinder.java:64] binding parameter [119] as [VARCHAR] - [kPfQakjIUcFtalkAbzVF]
2020-06-19 13:28:28 TRACE [BasicBinder.java:64] binding parameter [120] as [VARCHAR] - [vQeNDWCljDPpmyMfWlMQ]
2020-06-19 13:28:28 TRACE [BasicBinder.java:64] binding parameter [121] as [VARCHAR] - [DDdSEBwpszfoGrasXjpN]
2020-06-19 13:28:28 TRACE [BasicBinder.java:64] binding parameter [122] as [VARCHAR] - [yS]
2020-06-19 13:28:28 TRACE [BasicBinder.java:64] binding parameter [123] as [VARCHAR] - [A]
2020-06-19 13:28:28 TRACE [BasicBinder.java:64] binding parameter [124] as [VARCHAR] - [MiAX]
2020-06-19 13:28:28 TRACE [BasicBinder.java:64] binding parameter [125] as [VARCHAR] - [CCJGfBLdwQLzZCEcaYqY]
2020-06-19 13:28:28 TRACE [BasicBinder.java:64] binding parameter [126] as [VARCHAR] - [SUm]
2020-06-19 13:28:28 TRACE [BasicBinder.java:64] binding parameter [127] as [VARCHAR] - [dw]
2020-06-19 13:28:28 TRACE [BasicBinder.java:64] binding parameter [128] as [VARCHAR] - [FKpzpFxXdQqSGWZFXmqw]
2020-06-19 13:28:28 TRACE [BasicBinder.java:64] binding parameter [129] as [VARCHAR] - [ePJtcSsiRWXFwTimAwhT]
2020-06-19 13:28:28 TRACE [BasicBinder.java:64] binding parameter [130] as [VARCHAR] - [eHQduMfflzgdqScjTRyz]
2020-06-19 13:28:28 TRACE [BasicBinder.java:64] binding parameter [131] as [VARCHAR] - [h]
2020-06-19 13:28:28 TRACE [BasicBinder.java:64] binding parameter [132] as [VARCHAR] - [dEhxuqAeYCHFsbwIbIOe]
2020-06-19 13:28:28 TRACE [BasicBinder.java:64] binding parameter [133] as [VARCHAR] - [yGyzaTyMNPYWTLIHLlnC]
2020-06-19 13:28:28 TRACE [BasicBinder.java:64] binding parameter [134] as [VARCHAR] - [yTwjuJAPzfKyhyzncWYe]
2020-06-19 13:28:28 TRACE [BasicBinder.java:64] binding parameter [135] as [VARCHAR] - [lo]
2020-06-19 13:28:28 TRACE [BasicBinder.java:64] binding parameter [136] as [VARCHAR] - [MQpNjJPvoONHGEzD]
2020-06-19 13:28:28 TRACE [BasicBinder.java:64] binding parameter [137] as [DOUBLE] - [7859345.285450218]
2020-06-19 13:28:28 TRACE [BasicBinder.java:64] binding parameter [138] as [VARCHAR] - [dZkWOzqD]
2020-06-19 13:28:28 TRACE [BasicBinder.java:64] binding parameter [139] as [VARCHAR] - [WQJcdFylCTnkwly]
2020-06-19 13:28:28 TRACE [BasicBinder.java:64] binding parameter [140] as [VARCHAR] - [UrDOEGagFJ]
2020-06-19 13:28:28 TRACE [BasicBinder.java:64] binding parameter [141] as [BIGINT] - [9]
2020-06-19 13:28:28 DEBUG [MockBuilder.java:94] set shipPartCompInd -> z
2020-06-19 13:28:28 DEBUG [MockBuilder.java:94] set phone -> AldgHrMyRnzIyum
2020-06-19 13:28:28 DEBUG [MockBuilder.java:94] set orderingSystem -> MR
2020-06-19 13:28:28 DEBUG [MockBuilder.java:94] set storeName -> iYzsnjRMnsrDEYgLCGQK
2020-06-19 13:28:28 DEBUG [MockBuilder.java:94] set eventInfo -> DSNTWyyVKzBSXFR
2020-06-19 13:28:28 DEBUG [MockBuilder.java:94] set consStatusMsg -> vAFSZiEvByOBZEgpHWdp
2020-06-19 13:28:28 DEBUG [MockBuilder.java:94] set ohStatusCode -> m
2020-06-19 13:28:28 DEBUG [MockBuilder.java:94] set shipPt -> IA
2020-06-19 13:28:28 DEBUG [MockBuilder.java:94] set phoneNumber -> agAPGbBnNJJ
2020-06-19 13:28:28 DEBUG [MockBuilder.java:94] set termsNetDays -> Kds
2020-06-19 13:28:28 DEBUG [MockBuilder.java:94] set contractUsageInd -> V
2020-06-19 13:28:28 DEBUG [MockBuilder.java:94] set onNote -> vxTjmOrAsUbWRMgnjQEO
2020-06-19 13:28:28 DEBUG [MockBuilder.java:94] set province -> phbexkTDZXgyVEVlLjJ
2020-06-19 13:28:28 DEBUG [MockBuilder.java:94] set explodeFlag -> m
2020-06-19 13:28:28 DEBUG [MockBuilder.java:94] set termsTypeFlag -> FF
2020-06-19 13:28:28 DEBUG [MockBuilder.java:94] set specialInstruct1 -> MdqJZvovdtVVbeWoyijx
2020-06-19 13:28:28 DEBUG [MockBuilder.java:94] set crossDockCenter -> KmuqgeGOTd
2020-06-19 13:28:28 DEBUG [MockBuilder.java:94] set onlineType -> A
2020-06-19 13:28:28 DEBUG [MockBuilder.java:94] set fobPoint -> nR
2020-06-19 13:28:28 DEBUG [MockBuilder.java:94] set poControl -> tvymb
2020-06-19 13:28:28 DEBUG [MockBuilder.java:94] set custDept -> RZibd
2020-06-19 13:28:28 DEBUG [MockBuilder.java:94] set orderDate -> 1981-09-29
2020-06-19 13:28:28 DEBUG [MockBuilder.java:94] set specialInstruct2 -> BqzVDbHxqUbmmavnaxHR
2020-06-19 13:28:28 DEBUG [MockBuilder.java:94] set frtCode -> m
2020-06-19 13:28:28 DEBUG [MockBuilder.java:94] set poDateValue -> 1989-08-25
2020-06-19 13:28:28 DEBUG [MockBuilder.java:94] set orderLoc -> mh
2020-06-19 13:28:28 DEBUG [MockBuilder.java:94] set chngLid -> XuklZeCb
2020-06-19 13:28:28 DEBUG [MockBuilder.java:94] set specialInstruct3 -> CtxGgyHzJGnreuPaCVGY
2020-06-19 13:28:28 DEBUG [MockBuilder.java:94] set giftMessage1 -> vaJZxAcBJIwYNaZoATMn
2020-06-19 13:28:28 DEBUG [MockBuilder.java:94] set name -> yTZoRboRkXGDhYgqeOlo
2020-06-19 13:28:28 DEBUG [MockBuilder.java:94] set totalBindingFt -> 6794365.734110725
2020-06-19 13:28:28 DEBUG [MockBuilder.java:94] set specialInstruct4 -> DjFHqlKTvIiQncJqZKiH
2020-06-19 13:28:28 DEBUG [MockBuilder.java:94] set orderMerCost -> 3649883.8841860862
2020-06-19 13:28:28 DEBUG [MockBuilder.java:94] set giftMessage2 -> mLAXMKDJTLzTrfygQNqI
2020-06-19 13:28:28 DEBUG [MockBuilder.java:94] set poDateQualifier -> XtD
2020-06-19 13:28:28 DEBUG [MockBuilder.java:94] set srvLevel -> RX
2020-06-19 13:28:28 DEBUG [MockBuilder.java:94] set specialPoNo -> fgvEBqTkLJgqJGDmBQam
2020-06-19 13:28:28 DEBUG [MockBuilder.java:94] set hostAlertFlag -> P
2020-06-19 13:28:28 DEBUG [MockBuilder.java:94] set poNumber -> lwxYVExtgjUkDaFgJXXS
2020-06-19 13:28:28 DEBUG [MockBuilder.java:94] set chngTimestamp -> 1970-01-01T02:04:48
2020-06-19 13:28:28 DEBUG [MockBuilder.java:94] set flag -> 205399
2020-06-19 13:28:28 DEBUG [MockBuilder.java:94] set dunsNbr -> XkMgbGeCUKddqog
2020-06-19 13:28:28 DEBUG [MockBuilder.java:94] set statusCode -> x
2020-06-19 13:28:28 DEBUG [MockBuilder.java:94] set poQual -> Pt
2020-06-19 13:28:28 DEBUG [MockBuilder.java:94] set commCust -> MEhThWo
2020-06-19 13:28:28 DEBUG [MockBuilder.java:94] set shawOrderNumber -> YyFhvt
2020-06-19 13:28:28 DEBUG [MockBuilder.java:94] set shipComplete -> j
2020-06-19 13:28:28 DEBUG [MockBuilder.java:94] set truncFlag -> u
2020-06-19 13:28:28 DEBUG [MockBuilder.java:94] set errorCode -> KsL
2020-06-19 13:28:28 DEBUG [MockBuilder.java:94] set customerCode -> Xz
2020-06-19 13:28:28 DEBUG [MockBuilder.java:94] set stdCarrAlphaInd -> zpwV
2020-06-19 13:28:28 DEBUG [MockBuilder.java:94] set orderRetTotal -> 7462627.8722692635
2020-06-19 13:28:28 DEBUG [MockBuilder.java:94] set shipDateValue -> 1973-12-06
2020-06-19 13:28:28 DEBUG [MockBuilder.java:94] set zip -> GPGpfwtSrwW
2020-06-19 13:28:28 DEBUG [MockBuilder.java:94] set custNbr -> sgABpGI
2020-06-19 13:28:28 DEBUG [MockBuilder.java:94] set errorDescription -> EetBNhyytlJCXmwmBjBV
2020-06-19 13:28:28 DEBUG [MockBuilder.java:94] set deliveryDate -> 1986-05-04
2020-06-19 13:28:28 DEBUG [MockBuilder.java:94] set nbDate -> 1986-07-01
2020-06-19 13:28:28 DEBUG [MockBuilder.java:94] set shipDateQualifier -> CxO
2020-06-19 13:28:28 DEBUG [MockBuilder.java:94] set orderType -> N
2020-06-19 13:28:28 DEBUG [MockBuilder.java:94] set customerRefNbr -> eib
2020-06-19 13:28:28 DEBUG [MockBuilder.java:94] set delvCutOffDt -> 1976-04-20
2020-06-19 13:28:28 DEBUG [MockBuilder.java:94] set errorTimestamp -> 1970-01-01T01:57:47
2020-06-19 13:28:28 DEBUG [MockBuilder.java:94] set shipInstruction -> GmDXUHDjthWuSwJuDTCD
2020-06-19 13:28:28 DEBUG [MockBuilder.java:94] set newStoreInd -> w
2020-06-19 13:28:28 DEBUG [MockBuilder.java:94] set divDesc -> ZPczcDegDkdYXREosusH
2020-06-19 13:28:28 DEBUG [MockBuilder.java:94] set inputMethod -> XclybzfYmJ
2020-06-19 13:28:28 DEBUG [MockBuilder.java:94] set orderTypeDesc -> aPAIuPQpaMutlQV
2020-06-19 13:28:28 DEBUG [MockBuilder.java:94] set shipByCutOffDt -> 1997-01-15
2020-06-19 13:28:28 DEBUG [MockBuilder.java:94] set noAsnFlag -> M
2020-06-19 13:28:28 DEBUG [MockBuilder.java:94] set orderRetHand -> 7911539.98873839
2020-06-19 13:28:28 DEBUG [MockBuilder.java:94] set store -> yhXvwjEAxP
2020-06-19 13:28:28 DEBUG [MockBuilder.java:94] set shipByDate -> 1970-02-17
2020-06-19 13:28:28 DEBUG [MockBuilder.java:94] set orderWeight -> 8259214.80364593
2020-06-19 13:28:28 DEBUG [MockBuilder.java:94] set orderRetSh -> 1834489.310226064
2020-06-19 13:28:28 DEBUG [MockBuilder.java:94] set shipCancelDate -> 1995-04-09
2020-06-19 13:28:28 DEBUG [MockBuilder.java:94] set ohCancelDateValue -> 1981-04-24
2020-06-19 13:28:28 DEBUG [MockBuilder.java:94] set state -> xq
2020-06-19 13:28:28 DEBUG [MockBuilder.java:94] set orderRetTax -> 7588648.560735097
2020-06-19 13:28:28 DEBUG [MockBuilder.java:94] set customerSidemark -> PFFhhkwFiIHISnqzYOqM
2020-06-19 13:28:28 DEBUG [MockBuilder.java:94] set userId -> olUNxrFi
2020-06-19 13:28:28 DEBUG [MockBuilder.java:94] set beg -> mRrZC
2020-06-19 13:28:28 DEBUG [MockBuilder.java:94] set addressLine2 -> mxdmpVtsWtaxVeheuYap
2020-06-19 13:28:28 DEBUG [MockBuilder.java:94] set agreementNumber -> gukimLxGxyqKvsP
2020-06-19 13:28:28 DEBUG [MockBuilder.java:94] set custPmtMeth -> KcXTPAMRJOfwqoKbUzcd
2020-06-19 13:28:28 DEBUG [MockBuilder.java:94] set billToState -> ZH
2020-06-19 13:28:28 DEBUG [MockBuilder.java:94] set assignedAgent -> hBtKsqgr
2020-06-19 13:28:28 DEBUG [MockBuilder.java:94] set destCode -> XR
2020-06-19 13:28:28 DEBUG [MockBuilder.java:94] set custSpInst -> KEYTVNGXQScixKuGAAQX
2020-06-19 13:28:28 DEBUG [MockBuilder.java:94] set markForStore -> hFXFpcdqSc
2020-06-19 13:28:28 DEBUG [MockBuilder.java:94] set authRep -> OjeEfIJpjePgbdnDZjBt
2020-06-19 13:28:28 DEBUG [MockBuilder.java:94] set cnCity -> uSIPJoaFVeBIOcTENSw
2020-06-19 13:28:28 DEBUG [MockBuilder.java:94] set custWhNbr -> uIWU
2020-06-19 13:28:28 DEBUG [MockBuilder.java:94] set country -> NlbGzkLNbRhahIJwKOJ
2020-06-19 13:28:28 DEBUG [MockBuilder.java:94] set billToStore -> zPQTPxilQI
2020-06-19 13:28:28 DEBUG [MockBuilder.java:94] set mediaEventCode -> kn
2020-06-19 13:28:28 DEBUG [MockBuilder.java:94] set vendorNo -> enSePvTikGBKAXT
2020-06-19 13:28:28 DEBUG [MockBuilder.java:94] set addressLine1 -> fgpmYQMBVrLSVFyvSQet
2020-06-19 13:28:28 DEBUG [MockBuilder.java:94] set authorizationNo -> hraEnueEOX
2020-06-19 13:28:28 DEBUG [MockBuilder.java:94] set acctContact -> VwPAhbPWcKCuDEddmILn
2020-06-19 13:28:28 DEBUG [MockBuilder.java:94] set bsStoreNbr -> HzzrVCnwhx
2020-06-19 13:28:28 DEBUG [MockBuilder.java:94] set custNbr -> LaGmSkb
2020-06-19 13:28:28 DEBUG [MockBuilder.java:94] set city -> ILnLABQjHUrHKxoVMzH
2020-06-19 13:28:28 DEBUG [MockBuilder.java:94] set wcStore -> ijrXRVitOA
2020-06-19 13:28:28 DEBUG [MockBuilder.java:94] set cancelDateQualifier -> Sxg
2020-06-19 13:28:28 DEBUG [MockBuilder.java:94] set acknowlegeOrdInd -> W
2020-06-19 13:28:28 DEBUG [MockBuilder.java:94] set carrierCode -> gG
2020-06-19 13:28:28 DEBUG [MockBuilder.java:94] set addrKey -> 803298
2020-06-19 13:28:28 DEBUG [MockBuilder.java:94] set shipToAddress -> LegacyShipToAddress [addressLine1=fgpmYQMBVrLSVFyvSQet, addressLine2=mxdmpVtsWtaxVeheuYap, city=ILnLABQjHUrHKxoVMzH, cnCity=uSIPJoaFVeBIOcTENSw, country=NlbGzkLNbRhahIJwKOJ, custNbr=LaGmSkb, destCode=XR, flag=205399, name=yTZoRboRkXGDhYgqeOlo, phone=AldgHrMyRnzIyum, province=phbexkTDZXgyVEVlLjJ, state=xq, store=yhXvwjEAxP, truncFlag=u, zip=GPGpfwtSrwW]
2020-06-19 13:28:28 DEBUG [MockBuilder.java:94] set cbCutLength -> 9811167.802323947
2020-06-19 13:28:28 DEBUG [MockBuilder.java:94] set cphone -> fORzNrwVjnkqvorVSsjt
2020-06-19 13:28:28 DEBUG [MockBuilder.java:94] set name -> OSQdwtNalGeMxGMWZwJw
2020-06-19 13:28:28 DEBUG [MockBuilder.java:94] set state -> YY
2020-06-19 13:28:28 DEBUG [MockBuilder.java:94] set consumerShipFlg -> Y
2020-06-19 13:28:28 DEBUG [MockBuilder.java:94] set zip -> lYOzWGaAz
2020-06-19 13:28:28 DEBUG [MockBuilder.java:94] set city -> VgeKWXFvopvcvXcSNpoa
2020-06-19 13:28:28 DEBUG [MockBuilder.java:94] set consumerPoDateValue -> 1996-05-13
2020-06-19 13:28:28 DEBUG [MockBuilder.java:94] set addressLine1 -> rrVqAPqPqVUVbDvucZcd
2020-06-19 13:28:28 DEBUG [MockBuilder.java:94] set city -> xlzbuOynktzgwjBvGCn
2020-06-19 13:28:28 DEBUG [MockBuilder.java:94] set ccountry -> MNsiqDdRvfPbrmerQhAW
2020-06-19 13:28:28 DEBUG [MockBuilder.java:94] set name -> JgphAPAUDVkvTcRySoZj
2020-06-19 13:28:28 DEBUG [MockBuilder.java:94] set addressLine1 -> MGfRWfsObcrFuIauilVL
2020-06-19 13:28:28 DEBUG [MockBuilder.java:94] set cprovince -> DRnpHglcvAxHazGOhELn
2020-06-19 13:28:28 DEBUG [MockBuilder.java:94] set tpcountry -> XBuUNhArVKMjgyLuaFBb
2020-06-19 13:28:28 DEBUG [MockBuilder.java:94] set tpprovince -> GGWBIHdxUpqmnndrFnqz
2020-06-19 13:28:28 DEBUG [MockBuilder.java:94] set billFlag -> h
2020-06-19 13:28:28 DEBUG [MockBuilder.java:94] set accountNbr -> nDfUNthobQlXYFNnKnGa
2020-06-19 13:28:28 DEBUG [MockBuilder.java:94] set state -> UL
2020-06-19 13:28:28 DEBUG [MockBuilder.java:94] set tpphone -> xdzcCjiEFRFrRnqMeTke
2020-06-19 13:28:28 DEBUG [MockBuilder.java:94] set addressLine2 -> otYExtnaYPlNgcGdYLjB
2020-06-19 13:28:28 DEBUG [MockBuilder.java:94] set addressLine2 -> TUZlpKcqalLrOzYpCpDF
2020-06-19 13:28:28 DEBUG [MockBuilder.java:94] set zip -> dCYsUrYYWJOxygLP
2020-06-19 13:28:28 DEBUG [MockBuilder.java:94] set name2 -> FgMvyIoWxznrrmwCqGoX
2020-06-19 13:28:28 DEBUG [MockBuilder.java:94] set consumerAddress -> LegacyConsumerAddress [cprovince=DRnpHglcvAxHazGOhELn, ccountry=MNsiqDdRvfPbrmerQhAW, cphone=fORzNrwVjnkqvorVSsjt, addressLine1=rrVqAPqPqVUVbDvucZcd, addressLine2=TUZlpKcqalLrOzYpCpDF, city=xlzbuOynktzgwjBvGCn, name=OSQdwtNalGeMxGMWZwJw, consumerPoDateValue=1996-05-13, consumerShipFlg=Y, state=YY, zip=lYOzWGaAz]
2020-06-19 13:28:28 DEBUG [MockBuilder.java:94] set thirdPartyAddress -> LegacyThirdPartyAddress [tpprovince=GGWBIHdxUpqmnndrFnqz, tpcountry=XBuUNhArVKMjgyLuaFBb, tpphone=xdzcCjiEFRFrRnqMeTke, addressLine1=MGfRWfsObcrFuIauilVL, addressLine2=otYExtnaYPlNgcGdYLjB, accountNbr=nDfUNthobQlXYFNnKnGa, billFlag=h, city=VgeKWXFvopvcvXcSNpoa, name=JgphAPAUDVkvTcRySoZj, name2=FgMvyIoWxznrrmwCqGoX, state=UL, zip=dCYsUrYYWJOxygLP]
2020-06-19 13:28:28 DEBUG [MockBuilder.java:94] set salesCheckNumber -> yKEoYNxuQVLpxvAqaQgh
2020-06-19 13:28:28 DEBUG [MockBuilder.java:94] set reserveOrderInd -> G
2020-06-19 13:28:28 DEBUG [MockBuilder.java:94] set dates -> null
2020-06-19 13:28:28 DEBUG [MockBuilder.java:94] set returnMsg -> DmzszKqwYiHBHubVEcyw
2020-06-19 13:28:28 DEBUG [MockBuilder.java:94] set salesReqCode -> TL
2020-06-19 13:28:28 DEBUG [MockBuilder.java:94] set lines -> null
2020-06-19 13:28:28 DEBUG [MockBuilder.java:94] set routeByDate -> 1976-02-06
2020-06-19 13:28:28 DEBUG [MockBuilder.java:94] set sellCo -> EX
2020-06-19 13:28:28 DEBUG [MockBuilder.java:94] set seqNbr -> 3298
2020-06-19 13:28:28 DEBUG [MockBuilder.java:94] set poType -> HlWnC
2020-06-19 13:28:28 DEBUG [MockBuilder.java:94] set poTypeSuffix -> ovenkKoZCx
2020-06-19 13:28:28 DEBUG [MockBuilder.java:94] set psMsg -> GbHpJTRZZNAATgXAZaTM
2020-06-19 13:28:28 DEBUG [MockBuilder.java:94] set purchasedBy -> SPFvAHlEVedWcDMlUksu
2020-06-19 13:28:28 DEBUG [MockBuilder.java:94] set rcdCode -> L
2020-06-19 13:28:28 DEBUG [MockBuilder.java:94] set receivedTimestamp -> 1970-01-01T01:26:08
2020-06-19 13:28:28 DEBUG [MockBuilder.java:94] set refTcNbr -> rVqTQCSCBJsQSdAqFaPs
2020-06-19 13:28:28 DEBUG [MockHelper.java:99] EdiOrderHeader [legacyOrderNumber=null, acctContact=VwPAhbPWcKCuDEddmILn, acknowlegeOrdInd=W, addrKey=803298, agreementNumber=gukimLxGxyqKvsP, assignedAgent=hBtKsqgr, authRep=OjeEfIJpjePgbdnDZjBt, authorizationNo=hraEnueEOX, beg=mRrZC, billToState=ZH, billToStore=zPQTPxilQI, bsStoreNbr=HzzrVCnwhx, cancelDateQualifier=Sxg, carrierCode=gG, cbCutLength=9811167.802323947, chngLid=XuklZeCb, chngTimestamp=1970-01-01T02:04:48, commCust=MEhThWo, consStatusMsg=vAFSZiEvByOBZEgpHWdp, contractUsageInd=V, crossDockCenter=KmuqgeGOTd, custDept=RZibd, custPmtMeth=KcXTPAMRJOfwqoKbUzcd, custSpInst=KEYTVNGXQScixKuGAAQX, custWhNbr=uIWU, customerCode=Xz, custNbr=sgABpGI, customerRefNbr=eib, customerSidemark=PFFhhkwFiIHISnqzYOqM, deliveryDate=1986-05-04, delvCutOffDt=1976-04-20, divDesc=ZPczcDegDkdYXREosusH, dunsNbr=XkMgbGeCUKddqog, errorCode=KsL, errorDescription=EetBNhyytlJCXmwmBjBV, errorTimestamp=1970-01-01T01:57:47, eventInfo=DSNTWyyVKzBSXFR, explodeFlag=m, fobPoint=nR, frtCode=m, giftMessage1=vaJZxAcBJIwYNaZoATMn, giftMessage2=mLAXMKDJTLzTrfygQNqI, hostAlertFlag=P, inputMethod=XclybzfYmJ, markForStore=hFXFpcdqSc, mediaEventCode=kn, nbDate=1986-07-01, newStoreInd=w, noAsnFlag=M, ohCancelDateValue=1981-04-24, ohStatusCode=m, onNote=vxTjmOrAsUbWRMgnjQEO, onlineType=A, orderDate=1981-09-29, orderLoc=01, orderMerCost=3649883.8841860862, shawOrderNumber=YyFhvt, orderRetHand=7911539.98873839, orderRetSh=1834489.310226064, orderRetTax=7588648.560735097, orderRetTotal=7462627.8722692635, orderType=H, orderTypeDesc=HARDSURFACES, orderWeight=8259214.80364593, orderingSystem=MR, phoneNumber=agAPGbBnNJJ, poControl=tvymb, poDateValue=1989-08-25, poDateQualifier=XtD, poNumber=lwxYVExtgjUkDaFgJXXS, poQual=Pt, poType=HlWnC, poTypeSuffix=ovenkKoZCx, psMsg=GbHpJTRZZNAATgXAZaTM, purchasedBy=SPFvAHlEVedWcDMlUksu, rcdCode=L, receivedTimestamp=1970-01-01T01:26:08, refTcNbr=rVqTQCSCBJsQSdAqFaPs, reserveOrderInd=G, returnMsg=DmzszKqwYiHBHubVEcyw, routeByDate=1976-02-06, salesCheckNumber=yKEoYNxuQVLpxvAqaQgh, salesReqCode=TL, sellCo=EX, seqNbr=3298, shipByCutOffDt=1997-01-15, shipByDate=1970-02-17, shipCancelDate=1995-04-09, shipComplete=j, shipDateValue=1973-12-06, shipDateQualifier=CxO, shipInstruction=GmDXUHDjthWuSwJuDTCD, shipPartCompInd=z, shipPt=IA, specialInstruct1=MdqJZvovdtVVbeWoyijx, specialInstruct2=BqzVDbHxqUbmmavnaxHR, specialInstruct3=CtxGgyHzJGnreuPaCVGY, specialInstruct4=DjFHqlKTvIiQncJqZKiH, specialPoNo=fgvEBqTkLJgqJGDmBQam, srvLevel=RX, statusCode=x, stdCarrAlphaInd=zpwV, storeName=iYzsnjRMnsrDEYgLCGQK, termsNetDays=Kds, termsTypeFlag=FF, totalBindingFt=6794365.734110725, userId=olUNxrFi, vendorNo=enSePvTikGBKAXT, wcStore=ijrXRVitOA, consumerAddress=LegacyConsumerAddress [cprovince=DRnpHglcvAxHazGOhELn, ccountry=MNsiqDdRvfPbrmerQhAW, cphone=fORzNrwVjnkqvorVSsjt, addressLine1=rrVqAPqPqVUVbDvucZcd, addressLine2=TUZlpKcqalLrOzYpCpDF, city=xlzbuOynktzgwjBvGCn, name=OSQdwtNalGeMxGMWZwJw, consumerPoDateValue=1996-05-13, consumerShipFlg=Y, state=YY, zip=lYOzWGaAz], shipToAddress=LegacyShipToAddress [addressLine1=fgpmYQMBVrLSVFyvSQet, addressLine2=mxdmpVtsWtaxVeheuYap, city=ILnLABQjHUrHKxoVMzH, cnCity=uSIPJoaFVeBIOcTENSw, country=NlbGzkLNbRhahIJwKOJ, custNbr=LaGmSkb, destCode=XR, flag=205399, name=yTZoRboRkXGDhYgqeOlo, phone=AldgHrMyRnzIyum, province=phbexkTDZXgyVEVlLjJ, state=xq, store=yhXvwjEAxP, truncFlag=u, zip=GPGpfwtSrwW], thirdPartyAddress=LegacyThirdPartyAddress [tpprovince=GGWBIHdxUpqmnndrFnqz, tpcountry=XBuUNhArVKMjgyLuaFBb, tpphone=xdzcCjiEFRFrRnqMeTke, addressLine1=MGfRWfsObcrFuIauilVL, addressLine2=otYExtnaYPlNgcGdYLjB, accountNbr=nDfUNthobQlXYFNnKnGa, billFlag=h, city=VgeKWXFvopvcvXcSNpoa, name=JgphAPAUDVkvTcRySoZj, name2=FgMvyIoWxznrrmwCqGoX, state=UL, zip=dCYsUrYYWJOxygLP], dates=null, lines=null]
Hibernate: call next value for SHXP.EDI_ORDER_NBR
Hibernate: insert into EDI_ORDER_HEADER (ACCT_CONTACT, ACKNOWLEGE_ORD_IND, ADDR_KEY, AGREEMENT_NUMBER, ASSIGNED_AGENT, AUTH_REP, AUTHORIZATION_NO, beg, BILL_TO_STATE, BILL_TO_STORE, BS_STORE_NBR, CANCEL_DATE_QUAL, CARRIER_CODE, CB_CUT_LENGTH, CHNG_LID, CHNG_TIMESTAMP, COMM_CUST, CONS_STATUS_MSG, CONSUMER_ADDRESS, CONSUMER_ADDRESS_2, CONSUMER_CITY, CONSUMER_PO_DATE, CONSUMER_SHIP_FLG, CONSUMER_NAME, CONSUMER_STATE, CONSUMER_ZIP, CONTRACT_USAGE_IND, CROSS_DOCK_CENTER, CUST_DEPT, CUSTOMER_NUMBER, CUST_PMT_METH, CUST_SP_INST, CUST_WH_NBR, CUSTOMER_CODE, CUSTOMER_REF_NBR, CUSTOMER_SIDEMARK, DELIVERY_DATE, DELV_CUT_OFF_DT, DIV_DESC, DUNS_NBR, ERROR_CODE, ERROR_DESCRIPTION, ERROR_TIMESTAMP, EVENT_INFO, EXPLODE_FLAG, FOB_POINT, FRT_CODE, GIFT_MESSAGE_1, GIFT_MESSAGE_2, HOST_ALERT_FLAG, INPUT_METHOD, MARK_FOR_STORE, MEDIA_EVENT_CODE, NB_DATE, NEW_STORE_IND, NO_ASN_FLAG, OH_CANCEL_DATE, OH_STATUS_CODE, ON_NOTE, ONLINE_TYPE, ORDER_DATE, ORDER_LOC, ORDER_MER_COST, ORDER_RET_HAND, ORDER_RET_SH, ORDER_RET_TAX, ORDER_RET_TOTAL, ORDER_TYPE, ORDER_TYPE_DESC, ORDER_WEIGHT, ORDERING_SYSTEM, PHONE_NUMBER, PO_CONTROL, PO_DATE_QUAL, PO_DATE, PO_NUMBER, PO_QUAL, PO_TYPE, PO_TYPE_SUFFIX, PS_MSG, PURCHASED_BY, RCD_CODE, RECEIVED_TIMESTAMP, REF_TC_NBR, RESERVE_ORDER_IND, RETURN_MSG, ROUTE_BY_DATE, SALES_CHECK_NUMBER, SALES_REQ_CODE, SELL_CO, SEQ_NBR, ORDER_NUMBER, SHIP_BY_CUT_OFF_DT, SHIP_BY_DATE, SHIP_CANCEL_DATE, SHIP_COMPLETE, SHIP_DATE_QUAL, SHIP_DATE, SHIP_INSTRUCTION, SHIP_PART_COMP_IND, SHIP_PT, SHIP_TO_ADDRESS_1, SHIP_TO_ADDRESS_2, SHIP_TO_CITY, SHIP_TO_CN_CITY, SHIP_TO_COUNTRY, SHIP_TO_CUST_NBR, SHIP_TO_DEST_COD, SHIP_TO_FLAG, SHIP_TO_NAME, SHIP_TO_PHONE, SHIP_TO_PROVENCE, SHIP_TO_STATE, SHIP_TO_STORE, SHIP_TO_TRUNC_FLG, SHIP_TO_ZIP, SPECIAL_INSTRUCT_1, SPECIAL_INSTRUCT_2, SPECIAL_INSTRUCT_3, SPECIAL_INSTRUCT_4, SPECIAL_PO_NO, SRV_LEVEL, STATUS_CODE, STD_CARR_ALPHA_IND, STORE_NAME, TERMS_NET_DAYS, TERMS_TYPE_FLAG, THIRD_PARTY_ACCT_NBR, THIRD_PARTY_ADDR_1, THIRD_PARTY_ADDR_2, THIRD_PARTY_BILL_FLAG, THIRD_PARTY_CITY, THIRD_PARTY_NAME, THIRD_PARTY_NAME_2, THIRD_PARTY_STATE, THIRD_PARTY_ZIP, TOTAL_BINDING_FT, USER_ID, VENDOR_NO, WC_STORE, EDI_ORDER_NUMBER) values (?, ?, ?, ?, ?, ?, ?, ?, ?, ?, ?, ?, ?, ?, ?, ?, ?, ?, ?, ?, ?, ?, ?, ?, ?, ?, ?, ?, ?, ?, ?, ?, ?, ?, ?, ?, ?, ?, ?, ?, ?, ?, ?, ?, ?, ?, ?, ?, ?, ?, ?, ?, ?, ?, ?, ?, ?, ?, ?, ?, ?, ?, ?, ?, ?, ?, ?, ?, ?, ?, ?, ?, ?, ?, ?, ?, ?, ?, ?, ?, ?, ?, ?, ?, ?, ?, ?, ?, ?, ?, ?, ?, ?, ?, ?, ?, ?, ?, ?, ?, ?, ?, ?, ?, ?, ?, ?, ?, ?, ?, ?, ?, ?, ?, ?, ?, ?, ?, ?, ?, ?, ?, ?, ?, ?, ?, ?, ?, ?, ?, ?, ?, ?, ?, ?, ?, ?, ?, ?, ?, ?)
2020-06-19 13:28:28 TRACE [BasicBinder.java:64] binding parameter [1] as [VARCHAR] - [VwPAhbPWcKCuDEddmILn]
2020-06-19 13:28:28 TRACE [BasicBinder.java:64] binding parameter [2] as [VARCHAR] - [W]
2020-06-19 13:28:28 TRACE [BasicBinder.java:64] binding parameter [3] as [INTEGER] - [803298]
2020-06-19 13:28:28 TRACE [BasicBinder.java:64] binding parameter [4] as [VARCHAR] - [gukimLxGxyqKvsP]
2020-06-19 13:28:28 TRACE [BasicBinder.java:64] binding parameter [5] as [VARCHAR] - [hBtKsqgr]
2020-06-19 13:28:28 TRACE [BasicBinder.java:64] binding parameter [6] as [VARCHAR] - [OjeEfIJpjePgbdnDZjBt]
2020-06-19 13:28:28 TRACE [BasicBinder.java:64] binding parameter [7] as [VARCHAR] - [hraEnueEOX]
2020-06-19 13:28:28 TRACE [BasicBinder.java:64] binding parameter [8] as [VARCHAR] - [mRrZC]
2020-06-19 13:28:28 TRACE [BasicBinder.java:64] binding parameter [9] as [VARCHAR] - [ZH]
2020-06-19 13:28:28 TRACE [BasicBinder.java:64] binding parameter [10] as [VARCHAR] - [zPQTPxilQI]
2020-06-19 13:28:28 TRACE [BasicBinder.java:64] binding parameter [11] as [VARCHAR] - [HzzrVCnwhx]
2020-06-19 13:28:28 TRACE [BasicBinder.java:64] binding parameter [12] as [VARCHAR] - [Sxg]
2020-06-19 13:28:28 TRACE [BasicBinder.java:64] binding parameter [13] as [VARCHAR] - [gG]
2020-06-19 13:28:28 TRACE [BasicBinder.java:64] binding parameter [14] as [DOUBLE] - [9811167.802323947]
2020-06-19 13:28:28 TRACE [BasicBinder.java:64] binding parameter [15] as [VARCHAR] - [XuklZeCb]
2020-06-19 13:28:28 TRACE [BasicBinder.java:64] binding parameter [16] as [TIMESTAMP] - [1970-01-01T02:04:48]
2020-06-19 13:28:28 TRACE [BasicBinder.java:64] binding parameter [17] as [VARCHAR] - [MEhThWo]
2020-06-19 13:28:28 TRACE [BasicBinder.java:64] binding parameter [18] as [VARCHAR] - [vAFSZiEvByOBZEgpHWdp]
2020-06-19 13:28:28 TRACE [BasicBinder.java:64] binding parameter [19] as [VARCHAR] - [rrVqAPqPqVUVbDvucZcd]
2020-06-19 13:28:28 TRACE [BasicBinder.java:64] binding parameter [20] as [VARCHAR] - [TUZlpKcqalLrOzYpCpDF]
2020-06-19 13:28:28 TRACE [BasicBinder.java:64] binding parameter [21] as [VARCHAR] - [xlzbuOynktzgwjBvGCn]
2020-06-19 13:28:28 TRACE [BasicBinder.java:64] binding parameter [22] as [DATE] - [1996-05-13]
2020-06-19 13:28:28 TRACE [BasicBinder.java:64] binding parameter [23] as [VARCHAR] - [Y]
2020-06-19 13:28:28 TRACE [BasicBinder.java:64] binding parameter [24] as [VARCHAR] - [OSQdwtNalGeMxGMWZwJw]
2020-06-19 13:28:28 TRACE [BasicBinder.java:64] binding parameter [25] as [VARCHAR] - [YY]
2020-06-19 13:28:28 TRACE [BasicBinder.java:64] binding parameter [26] as [VARCHAR] - [lYOzWGaAz]
2020-06-19 13:28:28 TRACE [BasicBinder.java:64] binding parameter [27] as [VARCHAR] - [V]
2020-06-19 13:28:28 TRACE [BasicBinder.java:64] binding parameter [28] as [VARCHAR] - [KmuqgeGOTd]
2020-06-19 13:28:28 TRACE [BasicBinder.java:64] binding parameter [29] as [VARCHAR] - [RZibd]
2020-06-19 13:28:28 TRACE [BasicBinder.java:64] binding parameter [30] as [VARCHAR] - [sgABpGI]
2020-06-19 13:28:28 TRACE [BasicBinder.java:64] binding parameter [31] as [VARCHAR] - [KcXTPAMRJOfwqoKbUzcd]
2020-06-19 13:28:28 TRACE [BasicBinder.java:64] binding parameter [32] as [VARCHAR] - [KEYTVNGXQScixKuGAAQX]
2020-06-19 13:28:28 TRACE [BasicBinder.java:64] binding parameter [33] as [VARCHAR] - [uIWU]
2020-06-19 13:28:28 TRACE [BasicBinder.java:64] binding parameter [34] as [VARCHAR] - [Xz]
2020-06-19 13:28:28 TRACE [BasicBinder.java:64] binding parameter [35] as [VARCHAR] - [eib]
2020-06-19 13:28:28 TRACE [BasicBinder.java:64] binding parameter [36] as [VARCHAR] - [PFFhhkwFiIHISnqzYOqM]
2020-06-19 13:28:28 TRACE [BasicBinder.java:64] binding parameter [37] as [DATE] - [1986-05-04]
2020-06-19 13:28:28 TRACE [BasicBinder.java:64] binding parameter [38] as [DATE] - [1976-04-20]
2020-06-19 13:28:28 TRACE [BasicBinder.java:64] binding parameter [39] as [VARCHAR] - [ZPczcDegDkdYXREosusH]
2020-06-19 13:28:28 TRACE [BasicBinder.java:64] binding parameter [40] as [VARCHAR] - [XkMgbGeCUKddqog]
2020-06-19 13:28:28 TRACE [BasicBinder.java:64] binding parameter [41] as [VARCHAR] - [KsL]
2020-06-19 13:28:28 TRACE [BasicBinder.java:64] binding parameter [42] as [VARCHAR] - [EetBNhyytlJCXmwmBjBV]
2020-06-19 13:28:28 TRACE [BasicBinder.java:64] binding parameter [43] as [TIMESTAMP] - [1970-01-01T01:57:47]
2020-06-19 13:28:28 TRACE [BasicBinder.java:64] binding parameter [44] as [VARCHAR] - [DSNTWyyVKzBSXFR]
2020-06-19 13:28:28 TRACE [BasicBinder.java:64] binding parameter [45] as [VARCHAR] - [m]
2020-06-19 13:28:28 TRACE [BasicBinder.java:64] binding parameter [46] as [VARCHAR] - [nR]
2020-06-19 13:28:28 TRACE [BasicBinder.java:64] binding parameter [47] as [VARCHAR] - [m]
2020-06-19 13:28:28 TRACE [BasicBinder.java:64] binding parameter [48] as [VARCHAR] - [vaJZxAcBJIwYNaZoATMn]
2020-06-19 13:28:28 TRACE [BasicBinder.java:64] binding parameter [49] as [VARCHAR] - [mLAXMKDJTLzTrfygQNqI]
2020-06-19 13:28:28 TRACE [BasicBinder.java:64] binding parameter [50] as [VARCHAR] - [P]
2020-06-19 13:28:28 TRACE [BasicBinder.java:64] binding parameter [51] as [VARCHAR] - [XclybzfYmJ]
2020-06-19 13:28:28 TRACE [BasicBinder.java:64] binding parameter [52] as [VARCHAR] - [hFXFpcdqSc]
2020-06-19 13:28:28 TRACE [BasicBinder.java:64] binding parameter [53] as [VARCHAR] - [kn]
2020-06-19 13:28:28 TRACE [BasicBinder.java:64] binding parameter [54] as [DATE] - [1986-07-01]
2020-06-19 13:28:28 TRACE [BasicBinder.java:64] binding parameter [55] as [VARCHAR] - [w]
2020-06-19 13:28:28 TRACE [BasicBinder.java:64] binding parameter [56] as [VARCHAR] - [M]
2020-06-19 13:28:28 TRACE [BasicBinder.java:64] binding parameter [57] as [DATE] - [1981-04-24]
2020-06-19 13:28:28 TRACE [BasicBinder.java:64] binding parameter [58] as [VARCHAR] - [m]
2020-06-19 13:28:28 TRACE [BasicBinder.java:64] binding parameter [59] as [VARCHAR] - [vxTjmOrAsUbWRMgnjQEO]
2020-06-19 13:28:28 TRACE [BasicBinder.java:64] binding parameter [60] as [VARCHAR] - [A]
2020-06-19 13:28:28 TRACE [BasicBinder.java:64] binding parameter [61] as [DATE] - [1981-09-29]
2020-06-19 13:28:28 TRACE [BasicBinder.java:64] binding parameter [62] as [VARCHAR] - [01]
2020-06-19 13:28:28 TRACE [BasicBinder.java:64] binding parameter [63] as [DOUBLE] - [3649883.8841860862]
2020-06-19 13:28:28 TRACE [BasicBinder.java:64] binding parameter [64] as [DOUBLE] - [7911539.98873839]
2020-06-19 13:28:28 TRACE [BasicBinder.java:64] binding parameter [65] as [DOUBLE] - [1834489.310226064]
2020-06-19 13:28:28 TRACE [BasicBinder.java:64] binding parameter [66] as [DOUBLE] - [7588648.560735097]
2020-06-19 13:28:28 TRACE [BasicBinder.java:64] binding parameter [67] as [DOUBLE] - [7462627.8722692635]
2020-06-19 13:28:28 TRACE [BasicBinder.java:64] binding parameter [68] as [VARCHAR] - [H]
2020-06-19 13:28:28 TRACE [BasicBinder.java:64] binding parameter [69] as [VARCHAR] - [HARDSURFACES]
2020-06-19 13:28:28 TRACE [BasicBinder.java:64] binding parameter [70] as [DOUBLE] - [8259214.80364593]
2020-06-19 13:28:28 TRACE [BasicBinder.java:64] binding parameter [71] as [VARCHAR] - [MR]
2020-06-19 13:28:28 TRACE [BasicBinder.java:64] binding parameter [72] as [VARCHAR] - [agAPGbBnNJJ]
2020-06-19 13:28:28 TRACE [BasicBinder.java:64] binding parameter [73] as [VARCHAR] - [tvymb]
2020-06-19 13:28:28 TRACE [BasicBinder.java:64] binding parameter [74] as [VARCHAR] - [XtD]
2020-06-19 13:28:28 TRACE [BasicBinder.java:64] binding parameter [75] as [DATE] - [1989-08-25]
2020-06-19 13:28:28 TRACE [BasicBinder.java:64] binding parameter [76] as [VARCHAR] - [lwxYVExtgjUkDaFgJXXS]
2020-06-19 13:28:28 TRACE [BasicBinder.java:64] binding parameter [77] as [VARCHAR] - [Pt]
2020-06-19 13:28:28 TRACE [BasicBinder.java:64] binding parameter [78] as [VARCHAR] - [HlWnC]
2020-06-19 13:28:28 TRACE [BasicBinder.java:64] binding parameter [79] as [VARCHAR] - [ovenkKoZCx]
2020-06-19 13:28:28 TRACE [BasicBinder.java:64] binding parameter [80] as [VARCHAR] - [GbHpJTRZZNAATgXAZaTM]
2020-06-19 13:28:28 TRACE [BasicBinder.java:64] binding parameter [81] as [VARCHAR] - [SPFvAHlEVedWcDMlUksu]
2020-06-19 13:28:28 TRACE [BasicBinder.java:64] binding parameter [82] as [VARCHAR] - [L]
2020-06-19 13:28:28 TRACE [BasicBinder.java:64] binding parameter [83] as [TIMESTAMP] - [1970-01-01T01:26:08]
2020-06-19 13:28:28 TRACE [BasicBinder.java:64] binding parameter [84] as [VARCHAR] - [rVqTQCSCBJsQSdAqFaPs]
2020-06-19 13:28:28 TRACE [BasicBinder.java:64] binding parameter [85] as [VARCHAR] - [G]
2020-06-19 13:28:28 TRACE [BasicBinder.java:64] binding parameter [86] as [VARCHAR] - [DmzszKqwYiHBHubVEcyw]
2020-06-19 13:28:28 TRACE [BasicBinder.java:64] binding parameter [87] as [DATE] - [1976-02-06]
2020-06-19 13:28:28 TRACE [BasicBinder.java:64] binding parameter [88] as [VARCHAR] - [yKEoYNxuQVLpxvAqaQgh]
2020-06-19 13:28:28 TRACE [BasicBinder.java:64] binding parameter [89] as [VARCHAR] - [TL]
2020-06-19 13:28:28 TRACE [BasicBinder.java:64] binding parameter [90] as [VARCHAR] - [EX]
2020-06-19 13:28:28 TRACE [BasicBinder.java:64] binding parameter [91] as [INTEGER] - [3298]
2020-06-19 13:28:28 TRACE [BasicBinder.java:64] binding parameter [92] as [VARCHAR] - [YyFhvt]
2020-06-19 13:28:28 TRACE [BasicBinder.java:64] binding parameter [93] as [DATE] - [1997-01-15]
2020-06-19 13:28:28 TRACE [BasicBinder.java:64] binding parameter [94] as [DATE] - [1970-02-17]
2020-06-19 13:28:28 TRACE [BasicBinder.java:64] binding parameter [95] as [DATE] - [1995-04-09]
2020-06-19 13:28:28 TRACE [BasicBinder.java:64] binding parameter [96] as [VARCHAR] - [j]
2020-06-19 13:28:28 TRACE [BasicBinder.java:64] binding parameter [97] as [VARCHAR] - [CxO]
2020-06-19 13:28:28 TRACE [BasicBinder.java:64] binding parameter [98] as [DATE] - [1973-12-06]
2020-06-19 13:28:28 TRACE [BasicBinder.java:64] binding parameter [99] as [VARCHAR] - [GmDXUHDjthWuSwJuDTCD]
2020-06-19 13:28:28 TRACE [BasicBinder.java:64] binding parameter [100] as [VARCHAR] - [z]
2020-06-19 13:28:28 TRACE [BasicBinder.java:64] binding parameter [101] as [VARCHAR] - [IA]
2020-06-19 13:28:28 TRACE [BasicBinder.java:64] binding parameter [102] as [VARCHAR] - [fgpmYQMBVrLSVFyvSQet]
2020-06-19 13:28:28 TRACE [BasicBinder.java:64] binding parameter [103] as [VARCHAR] - [mxdmpVtsWtaxVeheuYap]
2020-06-19 13:28:28 TRACE [BasicBinder.java:64] binding parameter [104] as [VARCHAR] - [ILnLABQjHUrHKxoVMzH]
2020-06-19 13:28:28 TRACE [BasicBinder.java:64] binding parameter [105] as [VARCHAR] - [uSIPJoaFVeBIOcTENSw]
2020-06-19 13:28:28 TRACE [BasicBinder.java:64] binding parameter [106] as [VARCHAR] - [NlbGzkLNbRhahIJwKOJ]
2020-06-19 13:28:28 TRACE [BasicBinder.java:64] binding parameter [107] as [VARCHAR] - [LaGmSkb]
2020-06-19 13:28:28 TRACE [BasicBinder.java:64] binding parameter [108] as [VARCHAR] - [XR]
2020-06-19 13:28:28 TRACE [BasicBinder.java:64] binding parameter [109] as [INTEGER] - [205399]
2020-06-19 13:28:28 TRACE [BasicBinder.java:64] binding parameter [110] as [VARCHAR] - [yTZoRboRkXGDhYgqeOlo]
2020-06-19 13:28:28 TRACE [BasicBinder.java:64] binding parameter [111] as [VARCHAR] - [AldgHrMyRnzIyum]
2020-06-19 13:28:28 TRACE [BasicBinder.java:64] binding parameter [112] as [VARCHAR] - [phbexkTDZXgyVEVlLjJ]
2020-06-19 13:28:28 TRACE [BasicBinder.java:64] binding parameter [113] as [VARCHAR] - [xq]
2020-06-19 13:28:28 TRACE [BasicBinder.java:64] binding parameter [114] as [VARCHAR] - [yhXvwjEAxP]
2020-06-19 13:28:28 TRACE [BasicBinder.java:64] binding parameter [115] as [VARCHAR] - [u]
2020-06-19 13:28:28 TRACE [BasicBinder.java:64] binding parameter [116] as [VARCHAR] - [GPGpfwtSrwW]
2020-06-19 13:28:28 TRACE [BasicBinder.java:64] binding parameter [117] as [VARCHAR] - [MdqJZvovdtVVbeWoyijx]
2020-06-19 13:28:28 TRACE [BasicBinder.java:64] binding parameter [118] as [VARCHAR] - [BqzVDbHxqUbmmavnaxHR]
2020-06-19 13:28:28 TRACE [BasicBinder.java:64] binding parameter [119] as [VARCHAR] - [CtxGgyHzJGnreuPaCVGY]
2020-06-19 13:28:28 TRACE [BasicBinder.java:64] binding parameter [120] as [VARCHAR] - [DjFHqlKTvIiQncJqZKiH]
2020-06-19 13:28:28 TRACE [BasicBinder.java:64] binding parameter [121] as [VARCHAR] - [fgvEBqTkLJgqJGDmBQam]
2020-06-19 13:28:28 TRACE [BasicBinder.java:64] binding parameter [122] as [VARCHAR] - [RX]
2020-06-19 13:28:28 TRACE [BasicBinder.java:64] binding parameter [123] as [VARCHAR] - [x]
2020-06-19 13:28:28 TRACE [BasicBinder.java:64] binding parameter [124] as [VARCHAR] - [zpwV]
2020-06-19 13:28:28 TRACE [BasicBinder.java:64] binding parameter [125] as [VARCHAR] - [iYzsnjRMnsrDEYgLCGQK]
2020-06-19 13:28:28 TRACE [BasicBinder.java:64] binding parameter [126] as [VARCHAR] - [Kds]
2020-06-19 13:28:28 TRACE [BasicBinder.java:64] binding parameter [127] as [VARCHAR] - [FF]
2020-06-19 13:28:28 TRACE [BasicBinder.java:64] binding parameter [128] as [VARCHAR] - [nDfUNthobQlXYFNnKnGa]
2020-06-19 13:28:28 TRACE [BasicBinder.java:64] binding parameter [129] as [VARCHAR] - [MGfRWfsObcrFuIauilVL]
2020-06-19 13:28:28 TRACE [BasicBinder.java:64] binding parameter [130] as [VARCHAR] - [otYExtnaYPlNgcGdYLjB]
2020-06-19 13:28:28 TRACE [BasicBinder.java:64] binding parameter [131] as [VARCHAR] - [h]
2020-06-19 13:28:28 TRACE [BasicBinder.java:64] binding parameter [132] as [VARCHAR] - [VgeKWXFvopvcvXcSNpoa]
2020-06-19 13:28:28 TRACE [BasicBinder.java:64] binding parameter [133] as [VARCHAR] - [JgphAPAUDVkvTcRySoZj]
2020-06-19 13:28:28 TRACE [BasicBinder.java:64] binding parameter [134] as [VARCHAR] - [FgMvyIoWxznrrmwCqGoX]
2020-06-19 13:28:28 TRACE [BasicBinder.java:64] binding parameter [135] as [VARCHAR] - [UL]
2020-06-19 13:28:28 TRACE [BasicBinder.java:64] binding parameter [136] as [VARCHAR] - [dCYsUrYYWJOxygLP]
2020-06-19 13:28:28 TRACE [BasicBinder.java:64] binding parameter [137] as [DOUBLE] - [6794365.734110725]
2020-06-19 13:28:28 TRACE [BasicBinder.java:64] binding parameter [138] as [VARCHAR] - [olUNxrFi]
2020-06-19 13:28:28 TRACE [BasicBinder.java:64] binding parameter [139] as [VARCHAR] - [enSePvTikGBKAXT]
2020-06-19 13:28:28 TRACE [BasicBinder.java:64] binding parameter [140] as [VARCHAR] - [ijrXRVitOA]
2020-06-19 13:28:28 TRACE [BasicBinder.java:64] binding parameter [141] as [BIGINT] - [10]
2020-06-19 13:28:28 DEBUG [MockBuilder.java:94] set createdBy -> wkQgfFZO
2020-06-19 13:28:28 DEBUG [MockBuilder.java:94] set precedence -> 2601634.414791577
2020-06-19 13:28:28 DEBUG [MockBuilder.java:94] set changeTimestamp -> 1970-01-01T01:26:34
2020-06-19 13:28:28 DEBUG [MockBuilder.java:94] set description -> AbkBTlvaHkrYmgqqWSmG
2020-06-19 13:28:28 DEBUG [MockBuilder.java:94] set level -> z
2020-06-19 13:28:28 DEBUG [MockBuilder.java:94] set autoCreateFlag -> n
2020-06-19 13:28:28 DEBUG [MockBuilder.java:94] set changedBy -> rXvcZSbN
2020-06-19 13:28:28 DEBUG [MockBuilder.java:94] set ediOrdValidations -> null
2020-06-19 13:28:28 DEBUG [MockBuilder.java:94] set ediReasonCode -> 264355
2020-06-19 13:28:28 DEBUG [MockBuilder.java:94] set createTimestamp -> 1970-01-01T00:21:28
2020-06-19 13:28:28 DEBUG [MockBuilder.java:94] set defaultAction -> Q
Hibernate: select edireasonc0_.EDI_REASON_CODE as edi_reas1_6_1_, edireasonc0_.AUTO_CREATE_FLAG as auto_cre2_6_1_, edireasonc0_.CHANGE_TIMESTAMP as change_t3_6_1_, edireasonc0_.CHANGED_BY as changed_4_6_1_, edireasonc0_.CREATE_TIMESTAMP as create_t5_6_1_, edireasonc0_.CREATED_BY as created_6_6_1_, edireasonc0_.DEFAULT_ACTION as default_7_6_1_, edireasonc0_.description as descript8_6_1_, edireasonc0_.LEVEL as level9_6_1_, edireasonc0_.precedence as precede10_6_1_, ediordvali1_.edi_reason_code as edi_rea11_2_3_, ediordvali1_.EDI_ORDER_NBR as edi_orde1_2_3_, ediordvali1_.PO_LINE_NBR as po_line_2_2_3_, ediordvali1_.TIME_STAMP as time_sta3_2_3_, ediordvali1_.EDI_ORDER_NBR as edi_orde1_2_0_, ediordvali1_.PO_LINE_NBR as po_line_2_2_0_, ediordvali1_.TIME_STAMP as time_sta3_2_0_, ediordvali1_.ACTION_CODE as action_c4_2_0_, ediordvali1_.ASSIGNED_TO as assigned5_2_0_, ediordvali1_.CHANGED_BY as changed_6_2_0_, ediordvali1_.CHANGED_TIMESTAMP as changed_7_2_0_, ediordvali1_.CREATED_BY as created_8_2_0_, ediordvali1_.CREATED_TIMESTAMP as created_9_2_0_, ediordvali1_.edi_reason_code as edi_rea11_2_0_, ediordvali1_.status as status10_2_0_ from EDI_REASON_CODE edireasonc0_ left outer join EDI_ORD_VALIDATION ediordvali1_ on edireasonc0_.EDI_REASON_CODE=ediordvali1_.edi_reason_code where edireasonc0_.EDI_REASON_CODE=?
2020-06-19 13:28:28 TRACE [BasicBinder.java:64] binding parameter [1] as [INTEGER] - [63]
]]></system-out>
  </testcase>
  <testcase name="testGetDao" classname="com.shaw.ediorderservices.service.order.HardsurfacesOrderServiceTest" time="0.134">
    <failure message="Not yet implemented" type="org.opentest4j.AssertionFailedError">org.opentest4j.AssertionFailedError: Not yet implemented
	at com.shaw.ediorderservices.service.order.HardsurfacesOrderServiceTest.testGetDao(HardsurfacesOrderServiceTest.java:36)
</failure>
    <system-out><![CDATA[2020-06-19 13:28:28 DEBUG [MockBuilder.java:94] set shipComplete -> u
2020-06-19 13:28:28 DEBUG [MockBuilder.java:94] set beg -> wAXHT
2020-06-19 13:28:28 DEBUG [MockBuilder.java:94] set shipPartCompInd -> r
2020-06-19 13:28:28 DEBUG [MockBuilder.java:94] set eventInfo -> tCuwlPLQhxPuPYe
2020-06-19 13:28:28 DEBUG [MockBuilder.java:94] set specialInstruct2 -> xzGlPhkKoYsIAvtCWVSB
2020-06-19 13:28:28 DEBUG [MockBuilder.java:94] set shipPt -> MB
2020-06-19 13:28:28 DEBUG [MockBuilder.java:94] set storeName -> yMUWupyieIJxLhBlOClN
2020-06-19 13:28:28 DEBUG [MockBuilder.java:94] set specialInstruct3 -> gtdADIIZwCWeZqcJuzcx
2020-06-19 13:28:28 DEBUG [MockBuilder.java:94] set consStatusMsg -> bcMjdplQrbVdpTNhPePx
2020-06-19 13:28:28 DEBUG [MockBuilder.java:94] set explodeFlag -> Q
2020-06-19 13:28:28 DEBUG [MockBuilder.java:94] set termsNetDays -> qNq
2020-06-19 13:28:28 DEBUG [MockBuilder.java:94] set contractUsageInd -> X
2020-06-19 13:28:28 DEBUG [MockBuilder.java:94] set shipDateValue -> 1989-10-10
2020-06-19 13:28:28 DEBUG [MockBuilder.java:94] set termsTypeFlag -> de
2020-06-19 13:28:28 DEBUG [MockBuilder.java:94] set billToState -> IX
2020-06-19 13:28:28 DEBUG [MockBuilder.java:94] set shipDateQualifier -> EGQ
2020-06-19 13:28:28 DEBUG [MockBuilder.java:94] set specialInstruct1 -> hWomplldQMGpghuAUSdy
2020-06-19 13:28:28 DEBUG [MockBuilder.java:94] set specialInstruct4 -> WSGXzDgELPymsRinUQuY
2020-06-19 13:28:28 DEBUG [MockBuilder.java:94] set fobPoint -> zn
2020-06-19 13:28:28 DEBUG [MockBuilder.java:94] set crossDockCenter -> FRoZGfIgBx
2020-06-19 13:28:28 DEBUG [MockBuilder.java:94] set frtCode -> P
2020-06-19 13:28:28 DEBUG [MockBuilder.java:94] set phone -> IBrbKpGOsQulPQo
2020-06-19 13:28:28 DEBUG [MockBuilder.java:94] set totalBindingFt -> 998231.8701700581
2020-06-19 13:28:28 DEBUG [MockBuilder.java:94] set custDept -> KEuSu
2020-06-19 13:28:28 DEBUG [MockBuilder.java:94] set province -> vPUpGIDNQtJlSPfzwDW
2020-06-19 13:28:28 DEBUG [MockBuilder.java:94] set billToStore -> oSQMmiIUTk
2020-06-19 13:28:28 DEBUG [MockBuilder.java:94] set chngLid -> JeWIFtAN
2020-06-19 13:28:28 DEBUG [MockBuilder.java:94] set srvLevel -> gc
2020-06-19 13:28:28 DEBUG [MockBuilder.java:94] set shipInstruction -> aZaVuZZWbYXbnbtDrQov
2020-06-19 13:28:28 DEBUG [MockBuilder.java:94] set name -> crrJBpYWUEAbgowScLJg
2020-06-19 13:28:28 DEBUG [MockBuilder.java:94] set chngTimestamp -> 1970-01-01T02:28:10
2020-06-19 13:28:28 DEBUG [MockBuilder.java:94] set statusCode -> m
2020-06-19 13:28:28 DEBUG [MockBuilder.java:94] set commCust -> jBRhcpS
2020-06-19 13:28:28 DEBUG [MockBuilder.java:94] set flag -> 59369
2020-06-19 13:28:28 DEBUG [MockBuilder.java:94] set shipByCutOffDt -> 1971-06-08
2020-06-19 13:28:28 DEBUG [MockBuilder.java:94] set specialPoNo -> QaklOxQiwJZcyNVnDKHE
2020-06-19 13:28:28 DEBUG [MockBuilder.java:94] set customerCode -> uc
2020-06-19 13:28:28 DEBUG [MockBuilder.java:94] set shipByDate -> 1975-02-23
2020-06-19 13:28:28 DEBUG [MockBuilder.java:94] set giftMessage1 -> iRnvLFQQxiiiMmaCzFkb
2020-06-19 13:28:28 DEBUG [MockBuilder.java:94] set custNbr -> OzWoxcd
2020-06-19 13:28:28 DEBUG [MockBuilder.java:94] set userId -> gaLWMuPq
2020-06-19 13:28:28 DEBUG [MockBuilder.java:94] set shipCancelDate -> 1978-08-18
2020-06-19 13:28:28 DEBUG [MockBuilder.java:94] set giftMessage2 -> ioinzgsIgIUFMHnvTMOO
2020-06-19 13:28:28 DEBUG [MockBuilder.java:94] set bsStoreNbr -> EzZWDDYwgC
2020-06-19 13:28:28 DEBUG [MockBuilder.java:94] set hostAlertFlag -> N
2020-06-19 13:28:28 DEBUG [MockBuilder.java:94] set stdCarrAlphaInd -> sIcs
2020-06-19 13:28:28 DEBUG [MockBuilder.java:94] set cancelDateQualifier -> Dki
2020-06-19 13:28:28 DEBUG [MockBuilder.java:94] set country -> tjxfhkFdSqUceGIYbDo
2020-06-19 13:28:28 DEBUG [MockBuilder.java:94] set dunsNbr -> bXWhURgOAthmBuf
2020-06-19 13:28:28 DEBUG [MockBuilder.java:94] set store -> JzpidmDfUp
2020-06-19 13:28:28 DEBUG [MockBuilder.java:94] set carrierCode -> jG
2020-06-19 13:28:28 DEBUG [MockBuilder.java:94] set errorCode -> ZyP
2020-06-19 13:28:28 DEBUG [MockBuilder.java:94] set truncFlag -> T
2020-06-19 13:28:28 DEBUG [MockBuilder.java:94] set cnCity -> XfdYqkRYjHtAgvSavxL
2020-06-19 13:28:28 DEBUG [MockBuilder.java:94] set customerRefNbr -> qcR
2020-06-19 13:28:28 DEBUG [MockBuilder.java:94] set zip -> bLuwByfuJoo
2020-06-19 13:28:28 DEBUG [MockBuilder.java:94] set destCode -> Ka
2020-06-19 13:28:28 DEBUG [MockBuilder.java:94] set customerSidemark -> ljIgsMUlcuydoPDrhwZl
2020-06-19 13:28:28 DEBUG [MockBuilder.java:94] set vendorNo -> lTdDbdxXIjIXUtW
2020-06-19 13:28:28 DEBUG [MockBuilder.java:94] set custNbr -> PvivHEe
2020-06-19 13:28:28 DEBUG [MockBuilder.java:94] set custPmtMeth -> CUKveiKRbOUdrPmFaKVF
2020-06-19 13:28:28 DEBUG [MockBuilder.java:94] set cbCutLength -> 9769254.384870607
2020-06-19 13:28:28 DEBUG [MockBuilder.java:94] set wcStore -> pRqRLLCLeH
2020-06-19 13:28:28 DEBUG [MockBuilder.java:94] set addressLine2 -> iYWltOYRqLviVLHEJgtR
2020-06-19 13:28:28 DEBUG [MockBuilder.java:94] set custSpInst -> lGXgEoStkOTHyaooMNRU
2020-06-19 13:28:28 DEBUG [MockBuilder.java:94] set agreementNumber -> HhpOEcHyAlrDGzE
2020-06-19 13:28:28 DEBUG [MockBuilder.java:94] set state -> YY
2020-06-19 13:28:28 DEBUG [MockBuilder.java:94] set custWhNbr -> qPgD
2020-06-19 13:28:28 DEBUG [MockBuilder.java:94] set errorDescription -> BnkdbBLjBsRncbtmpHQI
2020-06-19 13:28:28 DEBUG [MockBuilder.java:94] set ohStatusCode -> L
2020-06-19 13:28:28 DEBUG [MockBuilder.java:94] set errorTimestamp -> 1970-01-01T00:15:15
2020-06-19 13:28:28 DEBUG [MockBuilder.java:94] set city -> etmruKhPiFbaAZMcBQJ
2020-06-19 13:28:28 DEBUG [MockBuilder.java:94] set addressLine1 -> IiIRBgUXAeWrNjJGlNCF
2020-06-19 13:28:28 DEBUG [MockBuilder.java:94] set deliveryDate -> 1976-01-20
2020-06-19 13:28:28 DEBUG [MockBuilder.java:94] set acctContact -> rSPBcYYlrnUfyfvNXEEE
2020-06-19 13:28:28 DEBUG [MockBuilder.java:94] set assignedAgent -> oKRNtguG
2020-06-19 13:28:28 DEBUG [MockBuilder.java:94] set delvCutOffDt -> 1993-08-17
2020-06-19 13:28:28 DEBUG [MockBuilder.java:94] set shipToAddress -> LegacyShipToAddress [addressLine1=IiIRBgUXAeWrNjJGlNCF, addressLine2=iYWltOYRqLviVLHEJgtR, city=etmruKhPiFbaAZMcBQJ, cnCity=XfdYqkRYjHtAgvSavxL, country=tjxfhkFdSqUceGIYbDo, custNbr=PvivHEe, destCode=Ka, flag=59369, name=crrJBpYWUEAbgowScLJg, phone=IBrbKpGOsQulPQo, province=vPUpGIDNQtJlSPfzwDW, state=YY, store=JzpidmDfUp, truncFlag=T, zip=bLuwByfuJoo]
2020-06-19 13:28:28 DEBUG [MockBuilder.java:94] set name -> KGZtoZQELZcVIOeCqRLq
2020-06-19 13:28:28 DEBUG [MockBuilder.java:94] set onNote -> ELIwWbdfpPnxMSdOOODi
2020-06-19 13:28:28 DEBUG [MockBuilder.java:94] set cphone -> AuqlCUGDuwtHSumuezHO
2020-06-19 13:28:28 DEBUG [MockBuilder.java:94] set onlineType -> Y
2020-06-19 13:28:28 DEBUG [MockBuilder.java:94] set divDesc -> qkHbKWQyncqsKcAcNhhP
2020-06-19 13:28:28 DEBUG [MockBuilder.java:94] set consumerPoDateValue -> 1992-10-14
2020-06-19 13:28:28 DEBUG [MockBuilder.java:94] set orderDate -> 1975-10-31
2020-06-19 13:28:28 DEBUG [MockBuilder.java:94] set nbDate -> 1984-04-12
2020-06-19 13:28:28 DEBUG [MockBuilder.java:94] set orderLoc -> EZ
2020-06-19 13:28:28 DEBUG [MockBuilder.java:94] set city -> wZIQCGJbVDLnrXKuNXtO
2020-06-19 13:28:28 DEBUG [MockBuilder.java:94] set newStoreInd -> j
2020-06-19 13:28:28 DEBUG [MockBuilder.java:94] set acknowlegeOrdInd -> T
2020-06-19 13:28:28 DEBUG [MockBuilder.java:94] set city -> tMkKRvtqWQfOQKfeuZt
2020-06-19 13:28:28 DEBUG [MockBuilder.java:94] set name -> pVSnBosUPJIEpRWezFSp
2020-06-19 13:28:28 DEBUG [MockBuilder.java:94] set noAsnFlag -> c
2020-06-19 13:28:28 DEBUG [MockBuilder.java:94] set addrKey -> 579064
2020-06-19 13:28:28 DEBUG [MockBuilder.java:94] set state -> IK
2020-06-19 13:28:28 DEBUG [MockBuilder.java:94] set ohCancelDateValue -> 1972-03-12
2020-06-19 13:28:28 DEBUG [MockBuilder.java:94] set billFlag -> X
2020-06-19 13:28:28 DEBUG [MockBuilder.java:94] set ccountry -> fyGxRplBdNMGMBpgDjpp
2020-06-19 13:28:28 DEBUG [MockBuilder.java:94] set inputMethod -> ICHrgAQejf
2020-06-19 13:28:28 DEBUG [MockBuilder.java:94] set zip -> bPuRqFxbs
2020-06-19 13:28:28 DEBUG [MockBuilder.java:94] set state -> qW
2020-06-19 13:28:28 DEBUG [MockBuilder.java:94] set cprovince -> coFUoNNGkgLGbsqEUWsG
2020-06-19 13:28:28 DEBUG [MockBuilder.java:94] set markForStore -> KTqVtnBAOh
2020-06-19 13:28:28 DEBUG [MockBuilder.java:94] set consumerShipFlg -> r
2020-06-19 13:28:28 DEBUG [MockBuilder.java:94] set addressLine1 -> GwDvKzsrGSCwfPFJjjgv
2020-06-19 13:28:28 DEBUG [MockBuilder.java:94] set authRep -> gPZdMrJSAWcFAzFpNUNC
2020-06-19 13:28:28 DEBUG [MockBuilder.java:94] set addressLine2 -> EIJHeZPtqTWjfizrkQmy
2020-06-19 13:28:28 DEBUG [MockBuilder.java:94] set orderMerCost -> 3514083.948029128
2020-06-19 13:28:28 DEBUG [MockBuilder.java:94] set addressLine1 -> kyuDaaRYzmNbQVhlawDj
2020-06-19 13:28:28 DEBUG [MockBuilder.java:94] set consumerAddress -> LegacyConsumerAddress [cprovince=coFUoNNGkgLGbsqEUWsG, ccountry=fyGxRplBdNMGMBpgDjpp, cphone=AuqlCUGDuwtHSumuezHO, addressLine1=GwDvKzsrGSCwfPFJjjgv, addressLine2=EIJHeZPtqTWjfizrkQmy, city=tMkKRvtqWQfOQKfeuZt, name=KGZtoZQELZcVIOeCqRLq, consumerPoDateValue=1992-10-14, consumerShipFlg=r, state=IK, zip=bPuRqFxbs]
2020-06-19 13:28:28 DEBUG [MockBuilder.java:94] set accountNbr -> MWoLRyAWmMzHaCJSpXTO
2020-06-19 13:28:28 DEBUG [MockBuilder.java:94] set mediaEventCode -> oG
2020-06-19 13:28:28 DEBUG [MockBuilder.java:94] set zip -> PODZYzaxxSmSmZYJ
2020-06-19 13:28:28 DEBUG [MockBuilder.java:94] set addressLine2 -> bFqSyPfIzXGOylBoDJdo
2020-06-19 13:28:28 DEBUG [MockBuilder.java:94] set authorizationNo -> wQktgexkAS
2020-06-19 13:28:28 DEBUG [MockBuilder.java:94] set tpprovince -> KUxeFZfjXUVFynlspWUS
2020-06-19 13:28:28 DEBUG [MockBuilder.java:94] set tpcountry -> EkXJImgxPSCxbBGlRRlB
2020-06-19 13:28:28 DEBUG [MockBuilder.java:94] set name2 -> mMTzPPggSrFpOqvWnsyC
2020-06-19 13:28:28 DEBUG [MockBuilder.java:94] set shawOrderNumber -> RXdiYs
2020-06-19 13:28:28 DEBUG [MockBuilder.java:94] set tpphone -> MXxLtTkSBubMnvSTVUOM
2020-06-19 13:28:28 DEBUG [MockBuilder.java:94] set poDateValue -> 1984-09-03
2020-06-19 13:28:28 DEBUG [MockBuilder.java:94] set orderRetHand -> 7631964.115534784
2020-06-19 13:28:28 DEBUG [MockBuilder.java:94] set orderRetTotal -> 9067700.53082079
2020-06-19 13:28:28 DEBUG [MockBuilder.java:94] set poDateQualifier -> YsU
2020-06-19 13:28:28 DEBUG [MockBuilder.java:94] set orderingSystem -> Ut
2020-06-19 13:28:28 DEBUG [MockBuilder.java:94] set thirdPartyAddress -> LegacyThirdPartyAddress [tpprovince=KUxeFZfjXUVFynlspWUS, tpcountry=EkXJImgxPSCxbBGlRRlB, tpphone=MXxLtTkSBubMnvSTVUOM, addressLine1=kyuDaaRYzmNbQVhlawDj, addressLine2=bFqSyPfIzXGOylBoDJdo, accountNbr=MWoLRyAWmMzHaCJSpXTO, billFlag=X, city=wZIQCGJbVDLnrXKuNXtO, name=pVSnBosUPJIEpRWezFSp, name2=mMTzPPggSrFpOqvWnsyC, state=qW, zip=PODZYzaxxSmSmZYJ]
2020-06-19 13:28:28 DEBUG [MockBuilder.java:94] set orderType -> X
2020-06-19 13:28:28 DEBUG [MockBuilder.java:94] set poNumber -> BZuitZWANvVsdvNFLjcA
2020-06-19 13:28:28 DEBUG [MockBuilder.java:94] set phoneNumber -> npnabfUmcTm
2020-06-19 13:28:28 DEBUG [MockBuilder.java:94] set dates -> null
2020-06-19 13:28:28 DEBUG [MockBuilder.java:94] set orderTypeDesc -> kbwjtwXFERpSveO
2020-06-19 13:28:28 DEBUG [MockBuilder.java:94] set poQual -> GB
2020-06-19 13:28:28 DEBUG [MockBuilder.java:94] set poControl -> uPkVb
2020-06-19 13:28:28 DEBUG [MockBuilder.java:94] set orderRetSh -> 6586592.46882234
2020-06-19 13:28:28 DEBUG [MockBuilder.java:94] set lines -> null
2020-06-19 13:28:28 DEBUG [MockBuilder.java:94] set orderWeight -> 6361342.730180751
2020-06-19 13:28:28 DEBUG [MockBuilder.java:94] set orderRetTax -> 1629055.4457588273
2020-06-19 13:28:28 DEBUG [MockBuilder.java:94] set salesCheckNumber -> JlDuEUlQqfTnUGvDViDt
2020-06-19 13:28:28 DEBUG [MockBuilder.java:94] set reserveOrderInd -> U
2020-06-19 13:28:28 DEBUG [MockBuilder.java:94] set poType -> glCyx
2020-06-19 13:28:28 DEBUG [MockBuilder.java:94] set salesReqCode -> XY
2020-06-19 13:28:28 DEBUG [MockBuilder.java:94] set returnMsg -> VmmJWjproiLIgPRlylwA
2020-06-19 13:28:28 DEBUG [MockBuilder.java:94] set poTypeSuffix -> yMefzAMQaT
2020-06-19 13:28:28 DEBUG [MockBuilder.java:94] set sellCo -> Lq
2020-06-19 13:28:28 DEBUG [MockBuilder.java:94] set routeByDate -> 1970-04-17
2020-06-19 13:28:28 DEBUG [MockBuilder.java:94] set seqNbr -> 210680
2020-06-19 13:28:28 DEBUG [MockBuilder.java:94] set psMsg -> ifUUOGvbfrEtyiXpnnZr
2020-06-19 13:28:28 DEBUG [MockBuilder.java:94] set purchasedBy -> SkeblOCXwEzBDqwaRXZI
2020-06-19 13:28:28 DEBUG [MockBuilder.java:94] set rcdCode -> T
2020-06-19 13:28:28 DEBUG [MockBuilder.java:94] set receivedTimestamp -> 1970-01-01T02:31:11
2020-06-19 13:28:28 DEBUG [MockBuilder.java:94] set refTcNbr -> eCrGOXdcebUWUblNcNHM
2020-06-19 13:28:28 DEBUG [MockHelper.java:99] EdiOrderHeader [legacyOrderNumber=null, acctContact=rSPBcYYlrnUfyfvNXEEE, acknowlegeOrdInd=T, addrKey=579064, agreementNumber=HhpOEcHyAlrDGzE, assignedAgent=oKRNtguG, authRep=gPZdMrJSAWcFAzFpNUNC, authorizationNo=wQktgexkAS, beg=wAXHT, billToState=IX, billToStore=oSQMmiIUTk, bsStoreNbr=EzZWDDYwgC, cancelDateQualifier=Dki, carrierCode=jG, cbCutLength=9769254.384870607, chngLid=JeWIFtAN, chngTimestamp=1970-01-01T02:28:10, commCust=jBRhcpS, consStatusMsg=bcMjdplQrbVdpTNhPePx, contractUsageInd=X, crossDockCenter=FRoZGfIgBx, custDept=KEuSu, custPmtMeth=CUKveiKRbOUdrPmFaKVF, custSpInst=lGXgEoStkOTHyaooMNRU, custWhNbr=qPgD, customerCode=uc, custNbr=OzWoxcd, customerRefNbr=qcR, customerSidemark=ljIgsMUlcuydoPDrhwZl, deliveryDate=1976-01-20, delvCutOffDt=1993-08-17, divDesc=qkHbKWQyncqsKcAcNhhP, dunsNbr=bXWhURgOAthmBuf, errorCode=ZyP, errorDescription=BnkdbBLjBsRncbtmpHQI, errorTimestamp=1970-01-01T00:15:15, eventInfo=tCuwlPLQhxPuPYe, explodeFlag=Q, fobPoint=zn, frtCode=P, giftMessage1=iRnvLFQQxiiiMmaCzFkb, giftMessage2=ioinzgsIgIUFMHnvTMOO, hostAlertFlag=N, inputMethod=ICHrgAQejf, markForStore=KTqVtnBAOh, mediaEventCode=oG, nbDate=1984-04-12, newStoreInd=j, noAsnFlag=c, ohCancelDateValue=1972-03-12, ohStatusCode=L, onNote=ELIwWbdfpPnxMSdOOODi, onlineType=Y, orderDate=1975-10-31, orderLoc=01, orderMerCost=3514083.948029128, shawOrderNumber=RXdiYs, orderRetHand=7631964.115534784, orderRetSh=6586592.46882234, orderRetTax=1629055.4457588273, orderRetTotal=9067700.53082079, orderType=S, orderTypeDesc=SAMPLES, orderWeight=6361342.730180751, orderingSystem=Ut, phoneNumber=npnabfUmcTm, poControl=uPkVb, poDateValue=1984-09-03, poDateQualifier=YsU, poNumber=BZuitZWANvVsdvNFLjcA, poQual=GB, poType=glCyx, poTypeSuffix=yMefzAMQaT, psMsg=ifUUOGvbfrEtyiXpnnZr, purchasedBy=SkeblOCXwEzBDqwaRXZI, rcdCode=T, receivedTimestamp=1970-01-01T02:31:11, refTcNbr=eCrGOXdcebUWUblNcNHM, reserveOrderInd=U, returnMsg=VmmJWjproiLIgPRlylwA, routeByDate=1970-04-17, salesCheckNumber=JlDuEUlQqfTnUGvDViDt, salesReqCode=XY, sellCo=Lq, seqNbr=210680, shipByCutOffDt=1971-06-08, shipByDate=1975-02-23, shipCancelDate=1978-08-18, shipComplete=u, shipDateValue=1989-10-10, shipDateQualifier=EGQ, shipInstruction=aZaVuZZWbYXbnbtDrQov, shipPartCompInd=r, shipPt=MB, specialInstruct1=hWomplldQMGpghuAUSdy, specialInstruct2=xzGlPhkKoYsIAvtCWVSB, specialInstruct3=gtdADIIZwCWeZqcJuzcx, specialInstruct4=WSGXzDgELPymsRinUQuY, specialPoNo=QaklOxQiwJZcyNVnDKHE, srvLevel=gc, statusCode=m, stdCarrAlphaInd=sIcs, storeName=yMUWupyieIJxLhBlOClN, termsNetDays=qNq, termsTypeFlag=de, totalBindingFt=998231.8701700581, userId=gaLWMuPq, vendorNo=lTdDbdxXIjIXUtW, wcStore=pRqRLLCLeH, consumerAddress=LegacyConsumerAddress [cprovince=coFUoNNGkgLGbsqEUWsG, ccountry=fyGxRplBdNMGMBpgDjpp, cphone=AuqlCUGDuwtHSumuezHO, addressLine1=GwDvKzsrGSCwfPFJjjgv, addressLine2=EIJHeZPtqTWjfizrkQmy, city=tMkKRvtqWQfOQKfeuZt, name=KGZtoZQELZcVIOeCqRLq, consumerPoDateValue=1992-10-14, consumerShipFlg=r, state=IK, zip=bPuRqFxbs], shipToAddress=LegacyShipToAddress [addressLine1=IiIRBgUXAeWrNjJGlNCF, addressLine2=iYWltOYRqLviVLHEJgtR, city=etmruKhPiFbaAZMcBQJ, cnCity=XfdYqkRYjHtAgvSavxL, country=tjxfhkFdSqUceGIYbDo, custNbr=PvivHEe, destCode=Ka, flag=59369, name=crrJBpYWUEAbgowScLJg, phone=IBrbKpGOsQulPQo, province=vPUpGIDNQtJlSPfzwDW, state=YY, store=JzpidmDfUp, truncFlag=T, zip=bLuwByfuJoo], thirdPartyAddress=LegacyThirdPartyAddress [tpprovince=KUxeFZfjXUVFynlspWUS, tpcountry=EkXJImgxPSCxbBGlRRlB, tpphone=MXxLtTkSBubMnvSTVUOM, addressLine1=kyuDaaRYzmNbQVhlawDj, addressLine2=bFqSyPfIzXGOylBoDJdo, accountNbr=MWoLRyAWmMzHaCJSpXTO, billFlag=X, city=wZIQCGJbVDLnrXKuNXtO, name=pVSnBosUPJIEpRWezFSp, name2=mMTzPPggSrFpOqvWnsyC, state=qW, zip=PODZYzaxxSmSmZYJ], dates=null, lines=null]
Hibernate: call next value for SHXP.EDI_ORDER_NBR
Hibernate: insert into EDI_ORDER_HEADER (ACCT_CONTACT, ACKNOWLEGE_ORD_IND, ADDR_KEY, AGREEMENT_NUMBER, ASSIGNED_AGENT, AUTH_REP, AUTHORIZATION_NO, beg, BILL_TO_STATE, BILL_TO_STORE, BS_STORE_NBR, CANCEL_DATE_QUAL, CARRIER_CODE, CB_CUT_LENGTH, CHNG_LID, CHNG_TIMESTAMP, COMM_CUST, CONS_STATUS_MSG, CONSUMER_ADDRESS, CONSUMER_ADDRESS_2, CONSUMER_CITY, CONSUMER_PO_DATE, CONSUMER_SHIP_FLG, CONSUMER_NAME, CONSUMER_STATE, CONSUMER_ZIP, CONTRACT_USAGE_IND, CROSS_DOCK_CENTER, CUST_DEPT, CUSTOMER_NUMBER, CUST_PMT_METH, CUST_SP_INST, CUST_WH_NBR, CUSTOMER_CODE, CUSTOMER_REF_NBR, CUSTOMER_SIDEMARK, DELIVERY_DATE, DELV_CUT_OFF_DT, DIV_DESC, DUNS_NBR, ERROR_CODE, ERROR_DESCRIPTION, ERROR_TIMESTAMP, EVENT_INFO, EXPLODE_FLAG, FOB_POINT, FRT_CODE, GIFT_MESSAGE_1, GIFT_MESSAGE_2, HOST_ALERT_FLAG, INPUT_METHOD, MARK_FOR_STORE, MEDIA_EVENT_CODE, NB_DATE, NEW_STORE_IND, NO_ASN_FLAG, OH_CANCEL_DATE, OH_STATUS_CODE, ON_NOTE, ONLINE_TYPE, ORDER_DATE, ORDER_LOC, ORDER_MER_COST, ORDER_RET_HAND, ORDER_RET_SH, ORDER_RET_TAX, ORDER_RET_TOTAL, ORDER_TYPE, ORDER_TYPE_DESC, ORDER_WEIGHT, ORDERING_SYSTEM, PHONE_NUMBER, PO_CONTROL, PO_DATE_QUAL, PO_DATE, PO_NUMBER, PO_QUAL, PO_TYPE, PO_TYPE_SUFFIX, PS_MSG, PURCHASED_BY, RCD_CODE, RECEIVED_TIMESTAMP, REF_TC_NBR, RESERVE_ORDER_IND, RETURN_MSG, ROUTE_BY_DATE, SALES_CHECK_NUMBER, SALES_REQ_CODE, SELL_CO, SEQ_NBR, ORDER_NUMBER, SHIP_BY_CUT_OFF_DT, SHIP_BY_DATE, SHIP_CANCEL_DATE, SHIP_COMPLETE, SHIP_DATE_QUAL, SHIP_DATE, SHIP_INSTRUCTION, SHIP_PART_COMP_IND, SHIP_PT, SHIP_TO_ADDRESS_1, SHIP_TO_ADDRESS_2, SHIP_TO_CITY, SHIP_TO_CN_CITY, SHIP_TO_COUNTRY, SHIP_TO_CUST_NBR, SHIP_TO_DEST_COD, SHIP_TO_FLAG, SHIP_TO_NAME, SHIP_TO_PHONE, SHIP_TO_PROVENCE, SHIP_TO_STATE, SHIP_TO_STORE, SHIP_TO_TRUNC_FLG, SHIP_TO_ZIP, SPECIAL_INSTRUCT_1, SPECIAL_INSTRUCT_2, SPECIAL_INSTRUCT_3, SPECIAL_INSTRUCT_4, SPECIAL_PO_NO, SRV_LEVEL, STATUS_CODE, STD_CARR_ALPHA_IND, STORE_NAME, TERMS_NET_DAYS, TERMS_TYPE_FLAG, THIRD_PARTY_ACCT_NBR, THIRD_PARTY_ADDR_1, THIRD_PARTY_ADDR_2, THIRD_PARTY_BILL_FLAG, THIRD_PARTY_CITY, THIRD_PARTY_NAME, THIRD_PARTY_NAME_2, THIRD_PARTY_STATE, THIRD_PARTY_ZIP, TOTAL_BINDING_FT, USER_ID, VENDOR_NO, WC_STORE, EDI_ORDER_NUMBER) values (?, ?, ?, ?, ?, ?, ?, ?, ?, ?, ?, ?, ?, ?, ?, ?, ?, ?, ?, ?, ?, ?, ?, ?, ?, ?, ?, ?, ?, ?, ?, ?, ?, ?, ?, ?, ?, ?, ?, ?, ?, ?, ?, ?, ?, ?, ?, ?, ?, ?, ?, ?, ?, ?, ?, ?, ?, ?, ?, ?, ?, ?, ?, ?, ?, ?, ?, ?, ?, ?, ?, ?, ?, ?, ?, ?, ?, ?, ?, ?, ?, ?, ?, ?, ?, ?, ?, ?, ?, ?, ?, ?, ?, ?, ?, ?, ?, ?, ?, ?, ?, ?, ?, ?, ?, ?, ?, ?, ?, ?, ?, ?, ?, ?, ?, ?, ?, ?, ?, ?, ?, ?, ?, ?, ?, ?, ?, ?, ?, ?, ?, ?, ?, ?, ?, ?, ?, ?, ?, ?, ?)
2020-06-19 13:28:28 TRACE [BasicBinder.java:64] binding parameter [1] as [VARCHAR] - [rSPBcYYlrnUfyfvNXEEE]
2020-06-19 13:28:28 TRACE [BasicBinder.java:64] binding parameter [2] as [VARCHAR] - [T]
2020-06-19 13:28:28 TRACE [BasicBinder.java:64] binding parameter [3] as [INTEGER] - [579064]
2020-06-19 13:28:28 TRACE [BasicBinder.java:64] binding parameter [4] as [VARCHAR] - [HhpOEcHyAlrDGzE]
2020-06-19 13:28:28 TRACE [BasicBinder.java:64] binding parameter [5] as [VARCHAR] - [oKRNtguG]
2020-06-19 13:28:28 TRACE [BasicBinder.java:64] binding parameter [6] as [VARCHAR] - [gPZdMrJSAWcFAzFpNUNC]
2020-06-19 13:28:28 TRACE [BasicBinder.java:64] binding parameter [7] as [VARCHAR] - [wQktgexkAS]
2020-06-19 13:28:28 TRACE [BasicBinder.java:64] binding parameter [8] as [VARCHAR] - [wAXHT]
2020-06-19 13:28:28 TRACE [BasicBinder.java:64] binding parameter [9] as [VARCHAR] - [IX]
2020-06-19 13:28:28 TRACE [BasicBinder.java:64] binding parameter [10] as [VARCHAR] - [oSQMmiIUTk]
2020-06-19 13:28:28 TRACE [BasicBinder.java:64] binding parameter [11] as [VARCHAR] - [EzZWDDYwgC]
2020-06-19 13:28:28 TRACE [BasicBinder.java:64] binding parameter [12] as [VARCHAR] - [Dki]
2020-06-19 13:28:28 TRACE [BasicBinder.java:64] binding parameter [13] as [VARCHAR] - [jG]
2020-06-19 13:28:28 TRACE [BasicBinder.java:64] binding parameter [14] as [DOUBLE] - [9769254.384870607]
2020-06-19 13:28:28 TRACE [BasicBinder.java:64] binding parameter [15] as [VARCHAR] - [JeWIFtAN]
2020-06-19 13:28:28 TRACE [BasicBinder.java:64] binding parameter [16] as [TIMESTAMP] - [1970-01-01T02:28:10]
2020-06-19 13:28:28 TRACE [BasicBinder.java:64] binding parameter [17] as [VARCHAR] - [jBRhcpS]
2020-06-19 13:28:28 TRACE [BasicBinder.java:64] binding parameter [18] as [VARCHAR] - [bcMjdplQrbVdpTNhPePx]
2020-06-19 13:28:28 TRACE [BasicBinder.java:64] binding parameter [19] as [VARCHAR] - [GwDvKzsrGSCwfPFJjjgv]
2020-06-19 13:28:28 TRACE [BasicBinder.java:64] binding parameter [20] as [VARCHAR] - [EIJHeZPtqTWjfizrkQmy]
2020-06-19 13:28:28 TRACE [BasicBinder.java:64] binding parameter [21] as [VARCHAR] - [tMkKRvtqWQfOQKfeuZt]
2020-06-19 13:28:28 TRACE [BasicBinder.java:64] binding parameter [22] as [DATE] - [1992-10-14]
2020-06-19 13:28:28 TRACE [BasicBinder.java:64] binding parameter [23] as [VARCHAR] - [r]
2020-06-19 13:28:28 TRACE [BasicBinder.java:64] binding parameter [24] as [VARCHAR] - [KGZtoZQELZcVIOeCqRLq]
2020-06-19 13:28:28 TRACE [BasicBinder.java:64] binding parameter [25] as [VARCHAR] - [IK]
2020-06-19 13:28:28 TRACE [BasicBinder.java:64] binding parameter [26] as [VARCHAR] - [bPuRqFxbs]
2020-06-19 13:28:28 TRACE [BasicBinder.java:64] binding parameter [27] as [VARCHAR] - [X]
2020-06-19 13:28:28 TRACE [BasicBinder.java:64] binding parameter [28] as [VARCHAR] - [FRoZGfIgBx]
2020-06-19 13:28:28 TRACE [BasicBinder.java:64] binding parameter [29] as [VARCHAR] - [KEuSu]
2020-06-19 13:28:28 TRACE [BasicBinder.java:64] binding parameter [30] as [VARCHAR] - [OzWoxcd]
2020-06-19 13:28:28 TRACE [BasicBinder.java:64] binding parameter [31] as [VARCHAR] - [CUKveiKRbOUdrPmFaKVF]
2020-06-19 13:28:28 TRACE [BasicBinder.java:64] binding parameter [32] as [VARCHAR] - [lGXgEoStkOTHyaooMNRU]
2020-06-19 13:28:28 TRACE [BasicBinder.java:64] binding parameter [33] as [VARCHAR] - [qPgD]
2020-06-19 13:28:28 TRACE [BasicBinder.java:64] binding parameter [34] as [VARCHAR] - [uc]
2020-06-19 13:28:28 TRACE [BasicBinder.java:64] binding parameter [35] as [VARCHAR] - [qcR]
2020-06-19 13:28:28 TRACE [BasicBinder.java:64] binding parameter [36] as [VARCHAR] - [ljIgsMUlcuydoPDrhwZl]
2020-06-19 13:28:28 TRACE [BasicBinder.java:64] binding parameter [37] as [DATE] - [1976-01-20]
2020-06-19 13:28:28 TRACE [BasicBinder.java:64] binding parameter [38] as [DATE] - [1993-08-17]
2020-06-19 13:28:28 TRACE [BasicBinder.java:64] binding parameter [39] as [VARCHAR] - [qkHbKWQyncqsKcAcNhhP]
2020-06-19 13:28:28 TRACE [BasicBinder.java:64] binding parameter [40] as [VARCHAR] - [bXWhURgOAthmBuf]
2020-06-19 13:28:28 TRACE [BasicBinder.java:64] binding parameter [41] as [VARCHAR] - [ZyP]
2020-06-19 13:28:28 TRACE [BasicBinder.java:64] binding parameter [42] as [VARCHAR] - [BnkdbBLjBsRncbtmpHQI]
2020-06-19 13:28:28 TRACE [BasicBinder.java:64] binding parameter [43] as [TIMESTAMP] - [1970-01-01T00:15:15]
2020-06-19 13:28:28 TRACE [BasicBinder.java:64] binding parameter [44] as [VARCHAR] - [tCuwlPLQhxPuPYe]
2020-06-19 13:28:28 TRACE [BasicBinder.java:64] binding parameter [45] as [VARCHAR] - [Q]
2020-06-19 13:28:28 TRACE [BasicBinder.java:64] binding parameter [46] as [VARCHAR] - [zn]
2020-06-19 13:28:28 TRACE [BasicBinder.java:64] binding parameter [47] as [VARCHAR] - [P]
2020-06-19 13:28:28 TRACE [BasicBinder.java:64] binding parameter [48] as [VARCHAR] - [iRnvLFQQxiiiMmaCzFkb]
2020-06-19 13:28:28 TRACE [BasicBinder.java:64] binding parameter [49] as [VARCHAR] - [ioinzgsIgIUFMHnvTMOO]
2020-06-19 13:28:28 TRACE [BasicBinder.java:64] binding parameter [50] as [VARCHAR] - [N]
2020-06-19 13:28:28 TRACE [BasicBinder.java:64] binding parameter [51] as [VARCHAR] - [ICHrgAQejf]
2020-06-19 13:28:28 TRACE [BasicBinder.java:64] binding parameter [52] as [VARCHAR] - [KTqVtnBAOh]
2020-06-19 13:28:28 TRACE [BasicBinder.java:64] binding parameter [53] as [VARCHAR] - [oG]
2020-06-19 13:28:28 TRACE [BasicBinder.java:64] binding parameter [54] as [DATE] - [1984-04-12]
2020-06-19 13:28:28 TRACE [BasicBinder.java:64] binding parameter [55] as [VARCHAR] - [j]
2020-06-19 13:28:28 TRACE [BasicBinder.java:64] binding parameter [56] as [VARCHAR] - [c]
2020-06-19 13:28:28 TRACE [BasicBinder.java:64] binding parameter [57] as [DATE] - [1972-03-12]
2020-06-19 13:28:28 TRACE [BasicBinder.java:64] binding parameter [58] as [VARCHAR] - [L]
2020-06-19 13:28:28 TRACE [BasicBinder.java:64] binding parameter [59] as [VARCHAR] - [ELIwWbdfpPnxMSdOOODi]
2020-06-19 13:28:28 TRACE [BasicBinder.java:64] binding parameter [60] as [VARCHAR] - [Y]
2020-06-19 13:28:28 TRACE [BasicBinder.java:64] binding parameter [61] as [DATE] - [1975-10-31]
2020-06-19 13:28:28 TRACE [BasicBinder.java:64] binding parameter [62] as [VARCHAR] - [01]
2020-06-19 13:28:28 TRACE [BasicBinder.java:64] binding parameter [63] as [DOUBLE] - [3514083.948029128]
2020-06-19 13:28:28 TRACE [BasicBinder.java:64] binding parameter [64] as [DOUBLE] - [7631964.115534784]
2020-06-19 13:28:28 TRACE [BasicBinder.java:64] binding parameter [65] as [DOUBLE] - [6586592.46882234]
2020-06-19 13:28:28 TRACE [BasicBinder.java:64] binding parameter [66] as [DOUBLE] - [1629055.4457588273]
2020-06-19 13:28:28 TRACE [BasicBinder.java:64] binding parameter [67] as [DOUBLE] - [9067700.53082079]
2020-06-19 13:28:28 TRACE [BasicBinder.java:64] binding parameter [68] as [VARCHAR] - [S]
2020-06-19 13:28:28 TRACE [BasicBinder.java:64] binding parameter [69] as [VARCHAR] - [SAMPLES]
2020-06-19 13:28:28 TRACE [BasicBinder.java:64] binding parameter [70] as [DOUBLE] - [6361342.730180751]
2020-06-19 13:28:28 TRACE [BasicBinder.java:64] binding parameter [71] as [VARCHAR] - [Ut]
2020-06-19 13:28:28 TRACE [BasicBinder.java:64] binding parameter [72] as [VARCHAR] - [npnabfUmcTm]
2020-06-19 13:28:28 TRACE [BasicBinder.java:64] binding parameter [73] as [VARCHAR] - [uPkVb]
2020-06-19 13:28:28 TRACE [BasicBinder.java:64] binding parameter [74] as [VARCHAR] - [YsU]
2020-06-19 13:28:28 TRACE [BasicBinder.java:64] binding parameter [75] as [DATE] - [1984-09-03]
2020-06-19 13:28:28 TRACE [BasicBinder.java:64] binding parameter [76] as [VARCHAR] - [BZuitZWANvVsdvNFLjcA]
2020-06-19 13:28:28 TRACE [BasicBinder.java:64] binding parameter [77] as [VARCHAR] - [GB]
2020-06-19 13:28:28 TRACE [BasicBinder.java:64] binding parameter [78] as [VARCHAR] - [glCyx]
2020-06-19 13:28:28 TRACE [BasicBinder.java:64] binding parameter [79] as [VARCHAR] - [yMefzAMQaT]
2020-06-19 13:28:28 TRACE [BasicBinder.java:64] binding parameter [80] as [VARCHAR] - [ifUUOGvbfrEtyiXpnnZr]
2020-06-19 13:28:28 TRACE [BasicBinder.java:64] binding parameter [81] as [VARCHAR] - [SkeblOCXwEzBDqwaRXZI]
2020-06-19 13:28:28 TRACE [BasicBinder.java:64] binding parameter [82] as [VARCHAR] - [T]
2020-06-19 13:28:28 TRACE [BasicBinder.java:64] binding parameter [83] as [TIMESTAMP] - [1970-01-01T02:31:11]
2020-06-19 13:28:28 TRACE [BasicBinder.java:64] binding parameter [84] as [VARCHAR] - [eCrGOXdcebUWUblNcNHM]
2020-06-19 13:28:28 TRACE [BasicBinder.java:64] binding parameter [85] as [VARCHAR] - [U]
2020-06-19 13:28:28 TRACE [BasicBinder.java:64] binding parameter [86] as [VARCHAR] - [VmmJWjproiLIgPRlylwA]
2020-06-19 13:28:28 TRACE [BasicBinder.java:64] binding parameter [87] as [DATE] - [1970-04-17]
2020-06-19 13:28:28 TRACE [BasicBinder.java:64] binding parameter [88] as [VARCHAR] - [JlDuEUlQqfTnUGvDViDt]
2020-06-19 13:28:28 TRACE [BasicBinder.java:64] binding parameter [89] as [VARCHAR] - [XY]
2020-06-19 13:28:28 TRACE [BasicBinder.java:64] binding parameter [90] as [VARCHAR] - [Lq]
2020-06-19 13:28:28 TRACE [BasicBinder.java:64] binding parameter [91] as [INTEGER] - [210680]
2020-06-19 13:28:28 TRACE [BasicBinder.java:64] binding parameter [92] as [VARCHAR] - [RXdiYs]
2020-06-19 13:28:28 TRACE [BasicBinder.java:64] binding parameter [93] as [DATE] - [1971-06-08]
2020-06-19 13:28:28 TRACE [BasicBinder.java:64] binding parameter [94] as [DATE] - [1975-02-23]
2020-06-19 13:28:28 TRACE [BasicBinder.java:64] binding parameter [95] as [DATE] - [1978-08-18]
2020-06-19 13:28:28 TRACE [BasicBinder.java:64] binding parameter [96] as [VARCHAR] - [u]
2020-06-19 13:28:28 TRACE [BasicBinder.java:64] binding parameter [97] as [VARCHAR] - [EGQ]
2020-06-19 13:28:28 TRACE [BasicBinder.java:64] binding parameter [98] as [DATE] - [1989-10-10]
2020-06-19 13:28:28 TRACE [BasicBinder.java:64] binding parameter [99] as [VARCHAR] - [aZaVuZZWbYXbnbtDrQov]
2020-06-19 13:28:28 TRACE [BasicBinder.java:64] binding parameter [100] as [VARCHAR] - [r]
2020-06-19 13:28:28 TRACE [BasicBinder.java:64] binding parameter [101] as [VARCHAR] - [MB]
2020-06-19 13:28:28 TRACE [BasicBinder.java:64] binding parameter [102] as [VARCHAR] - [IiIRBgUXAeWrNjJGlNCF]
2020-06-19 13:28:28 TRACE [BasicBinder.java:64] binding parameter [103] as [VARCHAR] - [iYWltOYRqLviVLHEJgtR]
2020-06-19 13:28:28 TRACE [BasicBinder.java:64] binding parameter [104] as [VARCHAR] - [etmruKhPiFbaAZMcBQJ]
2020-06-19 13:28:28 TRACE [BasicBinder.java:64] binding parameter [105] as [VARCHAR] - [XfdYqkRYjHtAgvSavxL]
2020-06-19 13:28:28 TRACE [BasicBinder.java:64] binding parameter [106] as [VARCHAR] - [tjxfhkFdSqUceGIYbDo]
2020-06-19 13:28:28 TRACE [BasicBinder.java:64] binding parameter [107] as [VARCHAR] - [PvivHEe]
2020-06-19 13:28:28 TRACE [BasicBinder.java:64] binding parameter [108] as [VARCHAR] - [Ka]
2020-06-19 13:28:28 TRACE [BasicBinder.java:64] binding parameter [109] as [INTEGER] - [59369]
2020-06-19 13:28:28 TRACE [BasicBinder.java:64] binding parameter [110] as [VARCHAR] - [crrJBpYWUEAbgowScLJg]
2020-06-19 13:28:28 TRACE [BasicBinder.java:64] binding parameter [111] as [VARCHAR] - [IBrbKpGOsQulPQo]
2020-06-19 13:28:28 TRACE [BasicBinder.java:64] binding parameter [112] as [VARCHAR] - [vPUpGIDNQtJlSPfzwDW]
2020-06-19 13:28:28 TRACE [BasicBinder.java:64] binding parameter [113] as [VARCHAR] - [YY]
2020-06-19 13:28:28 TRACE [BasicBinder.java:64] binding parameter [114] as [VARCHAR] - [JzpidmDfUp]
2020-06-19 13:28:28 TRACE [BasicBinder.java:64] binding parameter [115] as [VARCHAR] - [T]
2020-06-19 13:28:28 TRACE [BasicBinder.java:64] binding parameter [116] as [VARCHAR] - [bLuwByfuJoo]
2020-06-19 13:28:28 TRACE [BasicBinder.java:64] binding parameter [117] as [VARCHAR] - [hWomplldQMGpghuAUSdy]
2020-06-19 13:28:28 TRACE [BasicBinder.java:64] binding parameter [118] as [VARCHAR] - [xzGlPhkKoYsIAvtCWVSB]
2020-06-19 13:28:28 TRACE [BasicBinder.java:64] binding parameter [119] as [VARCHAR] - [gtdADIIZwCWeZqcJuzcx]
2020-06-19 13:28:28 TRACE [BasicBinder.java:64] binding parameter [120] as [VARCHAR] - [WSGXzDgELPymsRinUQuY]
2020-06-19 13:28:28 TRACE [BasicBinder.java:64] binding parameter [121] as [VARCHAR] - [QaklOxQiwJZcyNVnDKHE]
2020-06-19 13:28:28 TRACE [BasicBinder.java:64] binding parameter [122] as [VARCHAR] - [gc]
2020-06-19 13:28:28 TRACE [BasicBinder.java:64] binding parameter [123] as [VARCHAR] - [m]
2020-06-19 13:28:28 TRACE [BasicBinder.java:64] binding parameter [124] as [VARCHAR] - [sIcs]
2020-06-19 13:28:28 TRACE [BasicBinder.java:64] binding parameter [125] as [VARCHAR] - [yMUWupyieIJxLhBlOClN]
2020-06-19 13:28:28 TRACE [BasicBinder.java:64] binding parameter [126] as [VARCHAR] - [qNq]
2020-06-19 13:28:28 TRACE [BasicBinder.java:64] binding parameter [127] as [VARCHAR] - [de]
2020-06-19 13:28:28 TRACE [BasicBinder.java:64] binding parameter [128] as [VARCHAR] - [MWoLRyAWmMzHaCJSpXTO]
2020-06-19 13:28:28 TRACE [BasicBinder.java:64] binding parameter [129] as [VARCHAR] - [kyuDaaRYzmNbQVhlawDj]
2020-06-19 13:28:28 TRACE [BasicBinder.java:64] binding parameter [130] as [VARCHAR] - [bFqSyPfIzXGOylBoDJdo]
2020-06-19 13:28:28 TRACE [BasicBinder.java:64] binding parameter [131] as [VARCHAR] - [X]
2020-06-19 13:28:28 TRACE [BasicBinder.java:64] binding parameter [132] as [VARCHAR] - [wZIQCGJbVDLnrXKuNXtO]
2020-06-19 13:28:28 TRACE [BasicBinder.java:64] binding parameter [133] as [VARCHAR] - [pVSnBosUPJIEpRWezFSp]
2020-06-19 13:28:28 TRACE [BasicBinder.java:64] binding parameter [134] as [VARCHAR] - [mMTzPPggSrFpOqvWnsyC]
2020-06-19 13:28:28 TRACE [BasicBinder.java:64] binding parameter [135] as [VARCHAR] - [qW]
2020-06-19 13:28:28 TRACE [BasicBinder.java:64] binding parameter [136] as [VARCHAR] - [PODZYzaxxSmSmZYJ]
2020-06-19 13:28:28 TRACE [BasicBinder.java:64] binding parameter [137] as [DOUBLE] - [998231.8701700581]
2020-06-19 13:28:28 TRACE [BasicBinder.java:64] binding parameter [138] as [VARCHAR] - [gaLWMuPq]
2020-06-19 13:28:28 TRACE [BasicBinder.java:64] binding parameter [139] as [VARCHAR] - [lTdDbdxXIjIXUtW]
2020-06-19 13:28:28 TRACE [BasicBinder.java:64] binding parameter [140] as [VARCHAR] - [pRqRLLCLeH]
2020-06-19 13:28:28 TRACE [BasicBinder.java:64] binding parameter [141] as [BIGINT] - [11]
2020-06-19 13:28:28 DEBUG [MockBuilder.java:94] set eventInfo -> DUDKgnKjDMjrGXC
2020-06-19 13:28:28 DEBUG [MockBuilder.java:94] set shipPartCompInd -> r
2020-06-19 13:28:28 DEBUG [MockBuilder.java:94] set consStatusMsg -> vGPjBJnwJDTVyltmbZdf
2020-06-19 13:28:28 DEBUG [MockBuilder.java:94] set ohStatusCode -> n
2020-06-19 13:28:28 DEBUG [MockBuilder.java:94] set nbDate -> 1979-08-17
2020-06-19 13:28:28 DEBUG [MockBuilder.java:94] set phone -> hXprpXKGcaJqjMS
2020-06-19 13:28:28 DEBUG [MockBuilder.java:94] set shipPt -> zy
2020-06-19 13:28:28 DEBUG [MockBuilder.java:94] set contractUsageInd -> Q
2020-06-19 13:28:28 DEBUG [MockBuilder.java:94] set storeName -> KKsxvlruqROwWjoHzySw
2020-06-19 13:28:28 DEBUG [MockBuilder.java:94] set explodeFlag -> d
2020-06-19 13:28:28 DEBUG [MockBuilder.java:94] set onNote -> MtSdIFwZVGInBywtlyFE
2020-06-19 13:28:28 DEBUG [MockBuilder.java:94] set province -> wxUUShTefCvuOSTnzxn
2020-06-19 13:28:28 DEBUG [MockBuilder.java:94] set specialInstruct1 -> PlfiqUlxXcYtKCKNnIwy
2020-06-19 13:28:28 DEBUG [MockBuilder.java:94] set newStoreInd -> X
2020-06-19 13:28:28 DEBUG [MockBuilder.java:94] set fobPoint -> DK
2020-06-19 13:28:28 DEBUG [MockBuilder.java:94] set onlineType -> l
2020-06-19 13:28:28 DEBUG [MockBuilder.java:94] set termsNetDays -> jvc
2020-06-19 13:28:28 DEBUG [MockBuilder.java:94] set specialInstruct2 -> aZGzVanHYPybNmrhlfTW
2020-06-19 13:28:28 DEBUG [MockBuilder.java:94] set name -> YQmkitnsGDwhPVVbzzcn
2020-06-19 13:28:28 DEBUG [MockBuilder.java:94] set frtCode -> x
2020-06-19 13:28:28 DEBUG [MockBuilder.java:94] set crossDockCenter -> SEVSOUXeRe
2020-06-19 13:28:28 DEBUG [MockBuilder.java:94] set specialInstruct3 -> ogkMETjqkfcebRErfKau
2020-06-19 13:28:28 DEBUG [MockBuilder.java:94] set noAsnFlag -> i
2020-06-19 13:28:28 DEBUG [MockBuilder.java:94] set orderDate -> 1983-05-14
2020-06-19 13:28:28 DEBUG [MockBuilder.java:94] set flag -> 351335
2020-06-19 13:28:28 DEBUG [MockBuilder.java:94] set termsTypeFlag -> lx
2020-06-19 13:28:28 DEBUG [MockBuilder.java:94] set ohCancelDateValue -> 1995-09-26
2020-06-19 13:28:28 DEBUG [MockBuilder.java:94] set custDept -> flfYB
2020-06-19 13:28:28 DEBUG [MockBuilder.java:94] set giftMessage1 -> aYgpqEwghrHVKvccgReb
2020-06-19 13:28:28 DEBUG [MockBuilder.java:94] set orderLoc -> Fv
2020-06-19 13:28:28 DEBUG [MockBuilder.java:94] set truncFlag -> p
2020-06-19 13:28:28 DEBUG [MockBuilder.java:94] set specialInstruct4 -> reEDXPDxkUgoIWYoxPCK
2020-06-19 13:28:28 DEBUG [MockBuilder.java:94] set inputMethod -> MqCpYvSoBl
2020-06-19 13:28:28 DEBUG [MockBuilder.java:94] set giftMessage2 -> nNTLrXJEBebLPlDQqAQF
2020-06-19 13:28:28 DEBUG [MockBuilder.java:94] set chngLid -> XGQnWtNd
2020-06-19 13:28:28 DEBUG [MockBuilder.java:94] set zip -> wekkRALHUzs
2020-06-19 13:28:28 DEBUG [MockBuilder.java:94] set totalBindingFt -> 262889.7953858966
2020-06-19 13:28:28 DEBUG [MockBuilder.java:94] set specialPoNo -> ciiibkMJeiUrnZDjtZeW
2020-06-19 13:28:28 DEBUG [MockBuilder.java:94] set orderMerCost -> 9882864.9540632
2020-06-19 13:28:28 DEBUG [MockBuilder.java:94] set chngTimestamp -> 1970-01-01T01:47:37
2020-06-19 13:28:28 DEBUG [MockBuilder.java:94] set markForStore -> CGcVebSntR
2020-06-19 13:28:28 DEBUG [MockBuilder.java:94] set store -> OslnNsHoHL
2020-06-19 13:28:28 DEBUG [MockBuilder.java:94] set hostAlertFlag -> p
2020-06-19 13:28:28 DEBUG [MockBuilder.java:94] set shipComplete -> a
2020-06-19 13:28:28 DEBUG [MockBuilder.java:94] set commCust -> QRCXzIi
2020-06-19 13:28:28 DEBUG [MockBuilder.java:94] set srvLevel -> RY
2020-06-19 13:28:28 DEBUG [MockBuilder.java:94] set dunsNbr -> nZGkFgWVyHFhCZC
2020-06-19 13:28:28 DEBUG [MockBuilder.java:94] set statusCode -> M
2020-06-19 13:28:28 DEBUG [MockBuilder.java:94] set shawOrderNumber -> mpdTOi
2020-06-19 13:28:28 DEBUG [MockBuilder.java:94] set state -> dO
2020-06-19 13:28:28 DEBUG [MockBuilder.java:94] set shipDateValue -> 1988-06-01
2020-06-19 13:28:28 DEBUG [MockBuilder.java:94] set customerCode -> WM
2020-06-19 13:28:28 DEBUG [MockBuilder.java:94] set errorCode -> lkW
2020-06-19 13:28:28 DEBUG [MockBuilder.java:94] set stdCarrAlphaInd -> jbKu
2020-06-19 13:28:28 DEBUG [MockBuilder.java:94] set deliveryDate -> 1971-11-24
2020-06-19 13:28:28 DEBUG [MockBuilder.java:94] set shipDateQualifier -> koM
2020-06-19 13:28:28 DEBUG [MockBuilder.java:94] set errorDescription -> eOHVfwbgaFLQRYwRqtaf
2020-06-19 13:28:28 DEBUG [MockBuilder.java:94] set mediaEventCode -> CH
2020-06-19 13:28:28 DEBUG [MockBuilder.java:94] set country -> gmWdWDUkSTqkBcINzQU
2020-06-19 13:28:28 DEBUG [MockBuilder.java:94] set shipByCutOffDt -> 1988-08-15
2020-06-19 13:28:28 DEBUG [MockBuilder.java:94] set custNbr -> FndgSHl
2020-06-19 13:28:28 DEBUG [MockBuilder.java:94] set errorTimestamp -> 1970-01-01T00:39
2020-06-19 13:28:28 DEBUG [MockBuilder.java:94] set shipInstruction -> mtfPSgKfaAJJLsXhbqWl
2020-06-19 13:28:28 DEBUG [MockBuilder.java:94] set beg -> EdNis
2020-06-19 13:28:28 DEBUG [MockBuilder.java:94] set shipByDate -> 1996-05-20
2020-06-19 13:28:28 DEBUG [MockBuilder.java:94] set custPmtMeth -> edrKCKxoLvfwrPztHjRH
2020-06-19 13:28:28 DEBUG [MockBuilder.java:94] set delvCutOffDt -> 1990-05-16
2020-06-19 13:28:28 DEBUG [MockBuilder.java:94] set agreementNumber -> LwMvEpEiqaeEAPV
2020-06-19 13:28:28 DEBUG [MockBuilder.java:94] set billToState -> Jc
2020-06-19 13:28:28 DEBUG [MockBuilder.java:94] set customerRefNbr -> njQ
2020-06-19 13:28:28 DEBUG [MockBuilder.java:94] set shipCancelDate -> 1976-10-23
2020-06-19 13:28:28 DEBUG [MockBuilder.java:94] set cnCity -> HvUmTQgpCQilAvhDAtJ
2020-06-19 13:28:28 DEBUG [MockBuilder.java:94] set assignedAgent -> UpgdMUXg
2020-06-19 13:28:28 DEBUG [MockBuilder.java:94] set billToStore -> eedcazDZru
2020-06-19 13:28:28 DEBUG [MockBuilder.java:94] set divDesc -> YLaIfIHjNbQgaoHNGYul
2020-06-19 13:28:28 DEBUG [MockBuilder.java:94] set acctContact -> OdbZBdmpWPhGTXtrpfsg
2020-06-19 13:28:28 DEBUG [MockBuilder.java:94] set bsStoreNbr -> JDEdHcZzAM
2020-06-19 13:28:28 DEBUG [MockBuilder.java:94] set userId -> DDUCWmRF
2020-06-19 13:28:28 DEBUG [MockBuilder.java:94] set customerSidemark -> DYpdyxdjkzNsEcBXlWEP
2020-06-19 13:28:28 DEBUG [MockBuilder.java:94] set custSpInst -> WoOGSTykggLqjZaBDqvX
2020-06-19 13:28:28 DEBUG [MockBuilder.java:94] set authRep -> isljpSIyiXLbdwwhgNwL
2020-06-19 13:28:28 DEBUG [MockBuilder.java:94] set cancelDateQualifier -> mHP
2020-06-19 13:28:28 DEBUG [MockBuilder.java:94] set vendorNo -> ZKHNKHLgzBdepIe
2020-06-19 13:28:28 DEBUG [MockBuilder.java:94] set destCode -> ip
2020-06-19 13:28:28 DEBUG [MockBuilder.java:94] set addressLine2 -> YUZqzJCRAdtjoOLWGGgQ
2020-06-19 13:28:28 DEBUG [MockBuilder.java:94] set acknowlegeOrdInd -> E
2020-06-19 13:28:28 DEBUG [MockBuilder.java:94] set carrierCode -> Fa
2020-06-19 13:28:28 DEBUG [MockBuilder.java:94] set wcStore -> BOUFBjVdqX
2020-06-19 13:28:28 DEBUG [MockBuilder.java:94] set custWhNbr -> ShFw
2020-06-19 13:28:28 DEBUG [MockBuilder.java:94] set city -> ANweHEiavArzwJCoOIW
2020-06-19 13:28:28 DEBUG [MockBuilder.java:94] set custNbr -> GNXitWW
2020-06-19 13:28:28 DEBUG [MockBuilder.java:94] set cbCutLength -> 114384.27270122743
2020-06-19 13:28:28 DEBUG [MockBuilder.java:94] set authorizationNo -> kMgVZOQhGy
2020-06-19 13:28:28 DEBUG [MockBuilder.java:94] set addrKey -> 942893
2020-06-19 13:28:28 DEBUG [MockBuilder.java:94] set addressLine1 -> hlNgxmPcuIknfgAnTBnf
2020-06-19 13:28:28 DEBUG [MockBuilder.java:94] set shipToAddress -> LegacyShipToAddress [addressLine1=hlNgxmPcuIknfgAnTBnf, addressLine2=YUZqzJCRAdtjoOLWGGgQ, city=ANweHEiavArzwJCoOIW, cnCity=HvUmTQgpCQilAvhDAtJ, country=gmWdWDUkSTqkBcINzQU, custNbr=GNXitWW, destCode=ip, flag=351335, name=YQmkitnsGDwhPVVbzzcn, phone=hXprpXKGcaJqjMS, province=wxUUShTefCvuOSTnzxn, state=dO, store=OslnNsHoHL, truncFlag=p, zip=wekkRALHUzs]
2020-06-19 13:28:28 DEBUG [MockBuilder.java:94] set city -> moQOdkxTRtZehvQTwSY
2020-06-19 13:28:28 DEBUG [MockBuilder.java:94] set state -> uN
2020-06-19 13:28:28 DEBUG [MockBuilder.java:94] set cphone -> XJasmSbfTEIBUEjDmNnE
2020-06-19 13:28:28 DEBUG [MockBuilder.java:94] set name -> PCeYQrJrCzJYbpVotvwq
2020-06-19 13:28:28 DEBUG [MockBuilder.java:94] set consumerShipFlg -> S
2020-06-19 13:28:28 DEBUG [MockBuilder.java:94] set ccountry -> JJfzNTBOLNzASmpOFPSa
2020-06-19 13:28:28 DEBUG [MockBuilder.java:94] set consumerPoDateValue -> 1990-03-13
2020-06-19 13:28:28 DEBUG [MockBuilder.java:94] set zip -> QTPkQmTes
2020-06-19 13:28:28 DEBUG [MockBuilder.java:94] set city -> NFfDLUDHiewuotCcINpr
2020-06-19 13:28:28 DEBUG [MockBuilder.java:94] set addressLine2 -> SMIzwTKgcfQzuugftUdc
2020-06-19 13:28:28 DEBUG [MockBuilder.java:94] set state -> Pu
2020-06-19 13:28:28 DEBUG [MockBuilder.java:94] set addressLine1 -> ZkOvFFTzXhcMGxxQuCgk
2020-06-19 13:28:28 DEBUG [MockBuilder.java:94] set addressLine1 -> BOednZYnsmoSmDEhTUik
2020-06-19 13:28:28 DEBUG [MockBuilder.java:94] set billFlag -> C
2020-06-19 13:28:28 DEBUG [MockBuilder.java:94] set cprovince -> pVEFEgfBYSUAJDraxmQO
2020-06-19 13:28:28 DEBUG [MockBuilder.java:94] set name -> qmlMEAjevfRnYzHVkHzb
2020-06-19 13:28:28 DEBUG [MockBuilder.java:94] set zip -> pqnryiBMTgDlPEPy
2020-06-19 13:28:28 DEBUG [MockBuilder.java:94] set tpcountry -> dBWtkzVfhhMzliUIfBnv
2020-06-19 13:28:28 DEBUG [MockBuilder.java:94] set name2 -> RcluoayJAIIawjCXHNxL
2020-06-19 13:28:28 DEBUG [MockBuilder.java:94] set accountNbr -> CVZKPcIjaecFNppUfOuR
2020-06-19 13:28:28 DEBUG [MockBuilder.java:94] set consumerAddress -> LegacyConsumerAddress [cprovince=pVEFEgfBYSUAJDraxmQO, ccountry=JJfzNTBOLNzASmpOFPSa, cphone=XJasmSbfTEIBUEjDmNnE, addressLine1=ZkOvFFTzXhcMGxxQuCgk, addressLine2=SMIzwTKgcfQzuugftUdc, city=moQOdkxTRtZehvQTwSY, name=PCeYQrJrCzJYbpVotvwq, consumerPoDateValue=1990-03-13, consumerShipFlg=S, state=uN, zip=QTPkQmTes]
2020-06-19 13:28:28 DEBUG [MockBuilder.java:94] set tpphone -> uCdYqcAIzmGrIpVOjFVR
2020-06-19 13:28:28 DEBUG [MockBuilder.java:94] set tpprovince -> IhDjrIInmkETVmJOmWBP
2020-06-19 13:28:28 DEBUG [MockBuilder.java:94] set addressLine2 -> MsrufbvwAoRHfZOBGNOF
2020-06-19 13:28:28 DEBUG [MockBuilder.java:94] set reserveOrderInd -> M
2020-06-19 13:28:28 DEBUG [MockBuilder.java:94] set poDateValue -> 1975-09-22
2020-06-19 13:28:28 DEBUG [MockBuilder.java:94] set orderingSystem -> nG
2020-06-19 13:28:28 DEBUG [MockBuilder.java:94] set orderRetTotal -> 8458369.911984734
2020-06-19 13:28:28 DEBUG [MockBuilder.java:94] set orderRetHand -> 5636896.93291265
2020-06-19 13:28:28 DEBUG [MockBuilder.java:94] set returnMsg -> CykjxixheOzXkSDSnvhx
2020-06-19 13:28:28 DEBUG [MockBuilder.java:94] set phoneNumber -> wtCJXeHKEAX
2020-06-19 13:28:28 DEBUG [MockBuilder.java:94] set salesCheckNumber -> rCYHACWzMiyapMijPdxO
2020-06-19 13:28:28 DEBUG [MockBuilder.java:94] set orderType -> I
2020-06-19 13:28:28 DEBUG [MockBuilder.java:94] set poDateQualifier -> Ljf
2020-06-19 13:28:28 DEBUG [MockBuilder.java:94] set thirdPartyAddress -> LegacyThirdPartyAddress [tpprovince=IhDjrIInmkETVmJOmWBP, tpcountry=dBWtkzVfhhMzliUIfBnv, tpphone=uCdYqcAIzmGrIpVOjFVR, addressLine1=BOednZYnsmoSmDEhTUik, addressLine2=MsrufbvwAoRHfZOBGNOF, accountNbr=CVZKPcIjaecFNppUfOuR, billFlag=C, city=NFfDLUDHiewuotCcINpr, name=qmlMEAjevfRnYzHVkHzb, name2=RcluoayJAIIawjCXHNxL, state=Pu, zip=pqnryiBMTgDlPEPy]
2020-06-19 13:28:28 DEBUG [MockBuilder.java:94] set salesReqCode -> lf
2020-06-19 13:28:28 DEBUG [MockBuilder.java:94] set poControl -> chxrj
2020-06-19 13:28:28 DEBUG [MockBuilder.java:94] set routeByDate -> 1987-01-31
2020-06-19 13:28:28 DEBUG [MockBuilder.java:94] set orderRetSh -> 9241622.087776007
2020-06-19 13:28:28 DEBUG [MockBuilder.java:94] set orderTypeDesc -> DcsFKnpmqQMYuJm
2020-06-19 13:28:28 DEBUG [MockBuilder.java:94] set dates -> null
2020-06-19 13:28:28 DEBUG [MockBuilder.java:94] set sellCo -> hX
2020-06-19 13:28:28 DEBUG [MockBuilder.java:94] set orderRetTax -> 8852813.14068438
2020-06-19 13:28:28 DEBUG [MockBuilder.java:94] set orderWeight -> 6375807.302821322
2020-06-19 13:28:28 DEBUG [MockBuilder.java:94] set poNumber -> uXNVjLVmBnELoVZPhcdq
2020-06-19 13:28:28 DEBUG [MockBuilder.java:94] set lines -> null
2020-06-19 13:28:28 DEBUG [MockBuilder.java:94] set seqNbr -> 857968
2020-06-19 13:28:28 DEBUG [MockBuilder.java:94] set poQual -> gB
2020-06-19 13:28:28 DEBUG [MockBuilder.java:94] set poType -> PTgya
2020-06-19 13:28:28 DEBUG [MockBuilder.java:94] set poTypeSuffix -> PYrGyVmSAf
2020-06-19 13:28:28 DEBUG [MockBuilder.java:94] set psMsg -> arcRnYrUBmRusdBhrDSK
2020-06-19 13:28:28 DEBUG [MockBuilder.java:94] set purchasedBy -> IDpaKEbKzVmLulDFUHzV
2020-06-19 13:28:28 DEBUG [MockBuilder.java:94] set rcdCode -> C
2020-06-19 13:28:28 DEBUG [MockBuilder.java:94] set receivedTimestamp -> 1970-01-01T01:20:36
2020-06-19 13:28:28 DEBUG [MockBuilder.java:94] set refTcNbr -> tnHCCIdrUjOXLkElsDLq
2020-06-19 13:28:28 DEBUG [MockHelper.java:99] EdiOrderHeader [legacyOrderNumber=null, acctContact=OdbZBdmpWPhGTXtrpfsg, acknowlegeOrdInd=E, addrKey=942893, agreementNumber=LwMvEpEiqaeEAPV, assignedAgent=UpgdMUXg, authRep=isljpSIyiXLbdwwhgNwL, authorizationNo=kMgVZOQhGy, beg=EdNis, billToState=Jc, billToStore=eedcazDZru, bsStoreNbr=JDEdHcZzAM, cancelDateQualifier=mHP, carrierCode=Fa, cbCutLength=114384.27270122743, chngLid=XGQnWtNd, chngTimestamp=1970-01-01T01:47:37, commCust=QRCXzIi, consStatusMsg=vGPjBJnwJDTVyltmbZdf, contractUsageInd=Q, crossDockCenter=SEVSOUXeRe, custDept=flfYB, custPmtMeth=edrKCKxoLvfwrPztHjRH, custSpInst=WoOGSTykggLqjZaBDqvX, custWhNbr=ShFw, customerCode=WM, custNbr=FndgSHl, customerRefNbr=njQ, customerSidemark=DYpdyxdjkzNsEcBXlWEP, deliveryDate=1971-11-24, delvCutOffDt=1990-05-16, divDesc=YLaIfIHjNbQgaoHNGYul, dunsNbr=nZGkFgWVyHFhCZC, errorCode=lkW, errorDescription=eOHVfwbgaFLQRYwRqtaf, errorTimestamp=1970-01-01T00:39, eventInfo=DUDKgnKjDMjrGXC, explodeFlag=d, fobPoint=DK, frtCode=x, giftMessage1=aYgpqEwghrHVKvccgReb, giftMessage2=nNTLrXJEBebLPlDQqAQF, hostAlertFlag=p, inputMethod=MqCpYvSoBl, markForStore=CGcVebSntR, mediaEventCode=CH, nbDate=1979-08-17, newStoreInd=X, noAsnFlag=i, ohCancelDateValue=1995-09-26, ohStatusCode=n, onNote=MtSdIFwZVGInBywtlyFE, onlineType=l, orderDate=1983-05-14, orderLoc=01, orderMerCost=9882864.9540632, shawOrderNumber=mpdTOi, orderRetHand=5636896.93291265, orderRetSh=9241622.087776007, orderRetTax=8852813.14068438, orderRetTotal=8458369.911984734, orderType=H, orderTypeDesc=HARDSURFACES, orderWeight=6375807.302821322, orderingSystem=nG, phoneNumber=wtCJXeHKEAX, poControl=chxrj, poDateValue=1975-09-22, poDateQualifier=Ljf, poNumber=uXNVjLVmBnELoVZPhcdq, poQual=gB, poType=PTgya, poTypeSuffix=PYrGyVmSAf, psMsg=arcRnYrUBmRusdBhrDSK, purchasedBy=IDpaKEbKzVmLulDFUHzV, rcdCode=C, receivedTimestamp=1970-01-01T01:20:36, refTcNbr=tnHCCIdrUjOXLkElsDLq, reserveOrderInd=M, returnMsg=CykjxixheOzXkSDSnvhx, routeByDate=1987-01-31, salesCheckNumber=rCYHACWzMiyapMijPdxO, salesReqCode=lf, sellCo=hX, seqNbr=857968, shipByCutOffDt=1988-08-15, shipByDate=1996-05-20, shipCancelDate=1976-10-23, shipComplete=a, shipDateValue=1988-06-01, shipDateQualifier=koM, shipInstruction=mtfPSgKfaAJJLsXhbqWl, shipPartCompInd=r, shipPt=zy, specialInstruct1=PlfiqUlxXcYtKCKNnIwy, specialInstruct2=aZGzVanHYPybNmrhlfTW, specialInstruct3=ogkMETjqkfcebRErfKau, specialInstruct4=reEDXPDxkUgoIWYoxPCK, specialPoNo=ciiibkMJeiUrnZDjtZeW, srvLevel=RY, statusCode=M, stdCarrAlphaInd=jbKu, storeName=KKsxvlruqROwWjoHzySw, termsNetDays=jvc, termsTypeFlag=lx, totalBindingFt=262889.7953858966, userId=DDUCWmRF, vendorNo=ZKHNKHLgzBdepIe, wcStore=BOUFBjVdqX, consumerAddress=LegacyConsumerAddress [cprovince=pVEFEgfBYSUAJDraxmQO, ccountry=JJfzNTBOLNzASmpOFPSa, cphone=XJasmSbfTEIBUEjDmNnE, addressLine1=ZkOvFFTzXhcMGxxQuCgk, addressLine2=SMIzwTKgcfQzuugftUdc, city=moQOdkxTRtZehvQTwSY, name=PCeYQrJrCzJYbpVotvwq, consumerPoDateValue=1990-03-13, consumerShipFlg=S, state=uN, zip=QTPkQmTes], shipToAddress=LegacyShipToAddress [addressLine1=hlNgxmPcuIknfgAnTBnf, addressLine2=YUZqzJCRAdtjoOLWGGgQ, city=ANweHEiavArzwJCoOIW, cnCity=HvUmTQgpCQilAvhDAtJ, country=gmWdWDUkSTqkBcINzQU, custNbr=GNXitWW, destCode=ip, flag=351335, name=YQmkitnsGDwhPVVbzzcn, phone=hXprpXKGcaJqjMS, province=wxUUShTefCvuOSTnzxn, state=dO, store=OslnNsHoHL, truncFlag=p, zip=wekkRALHUzs], thirdPartyAddress=LegacyThirdPartyAddress [tpprovince=IhDjrIInmkETVmJOmWBP, tpcountry=dBWtkzVfhhMzliUIfBnv, tpphone=uCdYqcAIzmGrIpVOjFVR, addressLine1=BOednZYnsmoSmDEhTUik, addressLine2=MsrufbvwAoRHfZOBGNOF, accountNbr=CVZKPcIjaecFNppUfOuR, billFlag=C, city=NFfDLUDHiewuotCcINpr, name=qmlMEAjevfRnYzHVkHzb, name2=RcluoayJAIIawjCXHNxL, state=Pu, zip=pqnryiBMTgDlPEPy], dates=null, lines=null]
Hibernate: call next value for SHXP.EDI_ORDER_NBR
Hibernate: insert into EDI_ORDER_HEADER (ACCT_CONTACT, ACKNOWLEGE_ORD_IND, ADDR_KEY, AGREEMENT_NUMBER, ASSIGNED_AGENT, AUTH_REP, AUTHORIZATION_NO, beg, BILL_TO_STATE, BILL_TO_STORE, BS_STORE_NBR, CANCEL_DATE_QUAL, CARRIER_CODE, CB_CUT_LENGTH, CHNG_LID, CHNG_TIMESTAMP, COMM_CUST, CONS_STATUS_MSG, CONSUMER_ADDRESS, CONSUMER_ADDRESS_2, CONSUMER_CITY, CONSUMER_PO_DATE, CONSUMER_SHIP_FLG, CONSUMER_NAME, CONSUMER_STATE, CONSUMER_ZIP, CONTRACT_USAGE_IND, CROSS_DOCK_CENTER, CUST_DEPT, CUSTOMER_NUMBER, CUST_PMT_METH, CUST_SP_INST, CUST_WH_NBR, CUSTOMER_CODE, CUSTOMER_REF_NBR, CUSTOMER_SIDEMARK, DELIVERY_DATE, DELV_CUT_OFF_DT, DIV_DESC, DUNS_NBR, ERROR_CODE, ERROR_DESCRIPTION, ERROR_TIMESTAMP, EVENT_INFO, EXPLODE_FLAG, FOB_POINT, FRT_CODE, GIFT_MESSAGE_1, GIFT_MESSAGE_2, HOST_ALERT_FLAG, INPUT_METHOD, MARK_FOR_STORE, MEDIA_EVENT_CODE, NB_DATE, NEW_STORE_IND, NO_ASN_FLAG, OH_CANCEL_DATE, OH_STATUS_CODE, ON_NOTE, ONLINE_TYPE, ORDER_DATE, ORDER_LOC, ORDER_MER_COST, ORDER_RET_HAND, ORDER_RET_SH, ORDER_RET_TAX, ORDER_RET_TOTAL, ORDER_TYPE, ORDER_TYPE_DESC, ORDER_WEIGHT, ORDERING_SYSTEM, PHONE_NUMBER, PO_CONTROL, PO_DATE_QUAL, PO_DATE, PO_NUMBER, PO_QUAL, PO_TYPE, PO_TYPE_SUFFIX, PS_MSG, PURCHASED_BY, RCD_CODE, RECEIVED_TIMESTAMP, REF_TC_NBR, RESERVE_ORDER_IND, RETURN_MSG, ROUTE_BY_DATE, SALES_CHECK_NUMBER, SALES_REQ_CODE, SELL_CO, SEQ_NBR, ORDER_NUMBER, SHIP_BY_CUT_OFF_DT, SHIP_BY_DATE, SHIP_CANCEL_DATE, SHIP_COMPLETE, SHIP_DATE_QUAL, SHIP_DATE, SHIP_INSTRUCTION, SHIP_PART_COMP_IND, SHIP_PT, SHIP_TO_ADDRESS_1, SHIP_TO_ADDRESS_2, SHIP_TO_CITY, SHIP_TO_CN_CITY, SHIP_TO_COUNTRY, SHIP_TO_CUST_NBR, SHIP_TO_DEST_COD, SHIP_TO_FLAG, SHIP_TO_NAME, SHIP_TO_PHONE, SHIP_TO_PROVENCE, SHIP_TO_STATE, SHIP_TO_STORE, SHIP_TO_TRUNC_FLG, SHIP_TO_ZIP, SPECIAL_INSTRUCT_1, SPECIAL_INSTRUCT_2, SPECIAL_INSTRUCT_3, SPECIAL_INSTRUCT_4, SPECIAL_PO_NO, SRV_LEVEL, STATUS_CODE, STD_CARR_ALPHA_IND, STORE_NAME, TERMS_NET_DAYS, TERMS_TYPE_FLAG, THIRD_PARTY_ACCT_NBR, THIRD_PARTY_ADDR_1, THIRD_PARTY_ADDR_2, THIRD_PARTY_BILL_FLAG, THIRD_PARTY_CITY, THIRD_PARTY_NAME, THIRD_PARTY_NAME_2, THIRD_PARTY_STATE, THIRD_PARTY_ZIP, TOTAL_BINDING_FT, USER_ID, VENDOR_NO, WC_STORE, EDI_ORDER_NUMBER) values (?, ?, ?, ?, ?, ?, ?, ?, ?, ?, ?, ?, ?, ?, ?, ?, ?, ?, ?, ?, ?, ?, ?, ?, ?, ?, ?, ?, ?, ?, ?, ?, ?, ?, ?, ?, ?, ?, ?, ?, ?, ?, ?, ?, ?, ?, ?, ?, ?, ?, ?, ?, ?, ?, ?, ?, ?, ?, ?, ?, ?, ?, ?, ?, ?, ?, ?, ?, ?, ?, ?, ?, ?, ?, ?, ?, ?, ?, ?, ?, ?, ?, ?, ?, ?, ?, ?, ?, ?, ?, ?, ?, ?, ?, ?, ?, ?, ?, ?, ?, ?, ?, ?, ?, ?, ?, ?, ?, ?, ?, ?, ?, ?, ?, ?, ?, ?, ?, ?, ?, ?, ?, ?, ?, ?, ?, ?, ?, ?, ?, ?, ?, ?, ?, ?, ?, ?, ?, ?, ?, ?)
2020-06-19 13:28:28 TRACE [BasicBinder.java:64] binding parameter [1] as [VARCHAR] - [OdbZBdmpWPhGTXtrpfsg]
2020-06-19 13:28:28 TRACE [BasicBinder.java:64] binding parameter [2] as [VARCHAR] - [E]
2020-06-19 13:28:28 TRACE [BasicBinder.java:64] binding parameter [3] as [INTEGER] - [942893]
2020-06-19 13:28:28 TRACE [BasicBinder.java:64] binding parameter [4] as [VARCHAR] - [LwMvEpEiqaeEAPV]
2020-06-19 13:28:28 TRACE [BasicBinder.java:64] binding parameter [5] as [VARCHAR] - [UpgdMUXg]
2020-06-19 13:28:28 TRACE [BasicBinder.java:64] binding parameter [6] as [VARCHAR] - [isljpSIyiXLbdwwhgNwL]
2020-06-19 13:28:28 TRACE [BasicBinder.java:64] binding parameter [7] as [VARCHAR] - [kMgVZOQhGy]
2020-06-19 13:28:28 TRACE [BasicBinder.java:64] binding parameter [8] as [VARCHAR] - [EdNis]
2020-06-19 13:28:28 TRACE [BasicBinder.java:64] binding parameter [9] as [VARCHAR] - [Jc]
2020-06-19 13:28:28 TRACE [BasicBinder.java:64] binding parameter [10] as [VARCHAR] - [eedcazDZru]
2020-06-19 13:28:28 TRACE [BasicBinder.java:64] binding parameter [11] as [VARCHAR] - [JDEdHcZzAM]
2020-06-19 13:28:28 TRACE [BasicBinder.java:64] binding parameter [12] as [VARCHAR] - [mHP]
2020-06-19 13:28:28 TRACE [BasicBinder.java:64] binding parameter [13] as [VARCHAR] - [Fa]
2020-06-19 13:28:28 TRACE [BasicBinder.java:64] binding parameter [14] as [DOUBLE] - [114384.27270122743]
2020-06-19 13:28:28 TRACE [BasicBinder.java:64] binding parameter [15] as [VARCHAR] - [XGQnWtNd]
2020-06-19 13:28:28 TRACE [BasicBinder.java:64] binding parameter [16] as [TIMESTAMP] - [1970-01-01T01:47:37]
2020-06-19 13:28:28 TRACE [BasicBinder.java:64] binding parameter [17] as [VARCHAR] - [QRCXzIi]
2020-06-19 13:28:28 TRACE [BasicBinder.java:64] binding parameter [18] as [VARCHAR] - [vGPjBJnwJDTVyltmbZdf]
2020-06-19 13:28:28 TRACE [BasicBinder.java:64] binding parameter [19] as [VARCHAR] - [ZkOvFFTzXhcMGxxQuCgk]
2020-06-19 13:28:28 TRACE [BasicBinder.java:64] binding parameter [20] as [VARCHAR] - [SMIzwTKgcfQzuugftUdc]
2020-06-19 13:28:28 TRACE [BasicBinder.java:64] binding parameter [21] as [VARCHAR] - [moQOdkxTRtZehvQTwSY]
2020-06-19 13:28:28 TRACE [BasicBinder.java:64] binding parameter [22] as [DATE] - [1990-03-13]
2020-06-19 13:28:28 TRACE [BasicBinder.java:64] binding parameter [23] as [VARCHAR] - [S]
2020-06-19 13:28:28 TRACE [BasicBinder.java:64] binding parameter [24] as [VARCHAR] - [PCeYQrJrCzJYbpVotvwq]
2020-06-19 13:28:28 TRACE [BasicBinder.java:64] binding parameter [25] as [VARCHAR] - [uN]
2020-06-19 13:28:28 TRACE [BasicBinder.java:64] binding parameter [26] as [VARCHAR] - [QTPkQmTes]
2020-06-19 13:28:28 TRACE [BasicBinder.java:64] binding parameter [27] as [VARCHAR] - [Q]
2020-06-19 13:28:28 TRACE [BasicBinder.java:64] binding parameter [28] as [VARCHAR] - [SEVSOUXeRe]
2020-06-19 13:28:28 TRACE [BasicBinder.java:64] binding parameter [29] as [VARCHAR] - [flfYB]
2020-06-19 13:28:28 TRACE [BasicBinder.java:64] binding parameter [30] as [VARCHAR] - [FndgSHl]
2020-06-19 13:28:28 TRACE [BasicBinder.java:64] binding parameter [31] as [VARCHAR] - [edrKCKxoLvfwrPztHjRH]
2020-06-19 13:28:28 TRACE [BasicBinder.java:64] binding parameter [32] as [VARCHAR] - [WoOGSTykggLqjZaBDqvX]
2020-06-19 13:28:28 TRACE [BasicBinder.java:64] binding parameter [33] as [VARCHAR] - [ShFw]
2020-06-19 13:28:28 TRACE [BasicBinder.java:64] binding parameter [34] as [VARCHAR] - [WM]
2020-06-19 13:28:28 TRACE [BasicBinder.java:64] binding parameter [35] as [VARCHAR] - [njQ]
2020-06-19 13:28:28 TRACE [BasicBinder.java:64] binding parameter [36] as [VARCHAR] - [DYpdyxdjkzNsEcBXlWEP]
2020-06-19 13:28:28 TRACE [BasicBinder.java:64] binding parameter [37] as [DATE] - [1971-11-24]
2020-06-19 13:28:28 TRACE [BasicBinder.java:64] binding parameter [38] as [DATE] - [1990-05-16]
2020-06-19 13:28:28 TRACE [BasicBinder.java:64] binding parameter [39] as [VARCHAR] - [YLaIfIHjNbQgaoHNGYul]
2020-06-19 13:28:28 TRACE [BasicBinder.java:64] binding parameter [40] as [VARCHAR] - [nZGkFgWVyHFhCZC]
2020-06-19 13:28:28 TRACE [BasicBinder.java:64] binding parameter [41] as [VARCHAR] - [lkW]
2020-06-19 13:28:28 TRACE [BasicBinder.java:64] binding parameter [42] as [VARCHAR] - [eOHVfwbgaFLQRYwRqtaf]
2020-06-19 13:28:28 TRACE [BasicBinder.java:64] binding parameter [43] as [TIMESTAMP] - [1970-01-01T00:39]
2020-06-19 13:28:28 TRACE [BasicBinder.java:64] binding parameter [44] as [VARCHAR] - [DUDKgnKjDMjrGXC]
2020-06-19 13:28:28 TRACE [BasicBinder.java:64] binding parameter [45] as [VARCHAR] - [d]
2020-06-19 13:28:28 TRACE [BasicBinder.java:64] binding parameter [46] as [VARCHAR] - [DK]
2020-06-19 13:28:28 TRACE [BasicBinder.java:64] binding parameter [47] as [VARCHAR] - [x]
2020-06-19 13:28:28 TRACE [BasicBinder.java:64] binding parameter [48] as [VARCHAR] - [aYgpqEwghrHVKvccgReb]
2020-06-19 13:28:28 TRACE [BasicBinder.java:64] binding parameter [49] as [VARCHAR] - [nNTLrXJEBebLPlDQqAQF]
2020-06-19 13:28:28 TRACE [BasicBinder.java:64] binding parameter [50] as [VARCHAR] - [p]
2020-06-19 13:28:28 TRACE [BasicBinder.java:64] binding parameter [51] as [VARCHAR] - [MqCpYvSoBl]
2020-06-19 13:28:28 TRACE [BasicBinder.java:64] binding parameter [52] as [VARCHAR] - [CGcVebSntR]
2020-06-19 13:28:28 TRACE [BasicBinder.java:64] binding parameter [53] as [VARCHAR] - [CH]
2020-06-19 13:28:28 TRACE [BasicBinder.java:64] binding parameter [54] as [DATE] - [1979-08-17]
2020-06-19 13:28:28 TRACE [BasicBinder.java:64] binding parameter [55] as [VARCHAR] - [X]
2020-06-19 13:28:28 TRACE [BasicBinder.java:64] binding parameter [56] as [VARCHAR] - [i]
2020-06-19 13:28:28 TRACE [BasicBinder.java:64] binding parameter [57] as [DATE] - [1995-09-26]
2020-06-19 13:28:28 TRACE [BasicBinder.java:64] binding parameter [58] as [VARCHAR] - [n]
2020-06-19 13:28:28 TRACE [BasicBinder.java:64] binding parameter [59] as [VARCHAR] - [MtSdIFwZVGInBywtlyFE]
2020-06-19 13:28:28 TRACE [BasicBinder.java:64] binding parameter [60] as [VARCHAR] - [l]
2020-06-19 13:28:28 TRACE [BasicBinder.java:64] binding parameter [61] as [DATE] - [1983-05-14]
2020-06-19 13:28:28 TRACE [BasicBinder.java:64] binding parameter [62] as [VARCHAR] - [01]
2020-06-19 13:28:28 TRACE [BasicBinder.java:64] binding parameter [63] as [DOUBLE] - [9882864.9540632]
2020-06-19 13:28:28 TRACE [BasicBinder.java:64] binding parameter [64] as [DOUBLE] - [5636896.93291265]
2020-06-19 13:28:28 TRACE [BasicBinder.java:64] binding parameter [65] as [DOUBLE] - [9241622.087776007]
2020-06-19 13:28:28 TRACE [BasicBinder.java:64] binding parameter [66] as [DOUBLE] - [8852813.14068438]
2020-06-19 13:28:28 TRACE [BasicBinder.java:64] binding parameter [67] as [DOUBLE] - [8458369.911984734]
2020-06-19 13:28:28 TRACE [BasicBinder.java:64] binding parameter [68] as [VARCHAR] - [H]
2020-06-19 13:28:28 TRACE [BasicBinder.java:64] binding parameter [69] as [VARCHAR] - [HARDSURFACES]
2020-06-19 13:28:28 TRACE [BasicBinder.java:64] binding parameter [70] as [DOUBLE] - [6375807.302821322]
2020-06-19 13:28:28 TRACE [BasicBinder.java:64] binding parameter [71] as [VARCHAR] - [nG]
2020-06-19 13:28:28 TRACE [BasicBinder.java:64] binding parameter [72] as [VARCHAR] - [wtCJXeHKEAX]
2020-06-19 13:28:28 TRACE [BasicBinder.java:64] binding parameter [73] as [VARCHAR] - [chxrj]
2020-06-19 13:28:28 TRACE [BasicBinder.java:64] binding parameter [74] as [VARCHAR] - [Ljf]
2020-06-19 13:28:28 TRACE [BasicBinder.java:64] binding parameter [75] as [DATE] - [1975-09-22]
2020-06-19 13:28:28 TRACE [BasicBinder.java:64] binding parameter [76] as [VARCHAR] - [uXNVjLVmBnELoVZPhcdq]
2020-06-19 13:28:28 TRACE [BasicBinder.java:64] binding parameter [77] as [VARCHAR] - [gB]
2020-06-19 13:28:28 TRACE [BasicBinder.java:64] binding parameter [78] as [VARCHAR] - [PTgya]
2020-06-19 13:28:28 TRACE [BasicBinder.java:64] binding parameter [79] as [VARCHAR] - [PYrGyVmSAf]
2020-06-19 13:28:28 TRACE [BasicBinder.java:64] binding parameter [80] as [VARCHAR] - [arcRnYrUBmRusdBhrDSK]
2020-06-19 13:28:28 TRACE [BasicBinder.java:64] binding parameter [81] as [VARCHAR] - [IDpaKEbKzVmLulDFUHzV]
2020-06-19 13:28:28 TRACE [BasicBinder.java:64] binding parameter [82] as [VARCHAR] - [C]
2020-06-19 13:28:28 TRACE [BasicBinder.java:64] binding parameter [83] as [TIMESTAMP] - [1970-01-01T01:20:36]
2020-06-19 13:28:28 TRACE [BasicBinder.java:64] binding parameter [84] as [VARCHAR] - [tnHCCIdrUjOXLkElsDLq]
2020-06-19 13:28:28 TRACE [BasicBinder.java:64] binding parameter [85] as [VARCHAR] - [M]
2020-06-19 13:28:28 TRACE [BasicBinder.java:64] binding parameter [86] as [VARCHAR] - [CykjxixheOzXkSDSnvhx]
2020-06-19 13:28:28 TRACE [BasicBinder.java:64] binding parameter [87] as [DATE] - [1987-01-31]
2020-06-19 13:28:28 TRACE [BasicBinder.java:64] binding parameter [88] as [VARCHAR] - [rCYHACWzMiyapMijPdxO]
2020-06-19 13:28:28 TRACE [BasicBinder.java:64] binding parameter [89] as [VARCHAR] - [lf]
2020-06-19 13:28:28 TRACE [BasicBinder.java:64] binding parameter [90] as [VARCHAR] - [hX]
2020-06-19 13:28:28 TRACE [BasicBinder.java:64] binding parameter [91] as [INTEGER] - [857968]
2020-06-19 13:28:28 TRACE [BasicBinder.java:64] binding parameter [92] as [VARCHAR] - [mpdTOi]
2020-06-19 13:28:28 TRACE [BasicBinder.java:64] binding parameter [93] as [DATE] - [1988-08-15]
2020-06-19 13:28:28 TRACE [BasicBinder.java:64] binding parameter [94] as [DATE] - [1996-05-20]
2020-06-19 13:28:28 TRACE [BasicBinder.java:64] binding parameter [95] as [DATE] - [1976-10-23]
2020-06-19 13:28:28 TRACE [BasicBinder.java:64] binding parameter [96] as [VARCHAR] - [a]
2020-06-19 13:28:28 TRACE [BasicBinder.java:64] binding parameter [97] as [VARCHAR] - [koM]
2020-06-19 13:28:28 TRACE [BasicBinder.java:64] binding parameter [98] as [DATE] - [1988-06-01]
2020-06-19 13:28:28 TRACE [BasicBinder.java:64] binding parameter [99] as [VARCHAR] - [mtfPSgKfaAJJLsXhbqWl]
2020-06-19 13:28:28 TRACE [BasicBinder.java:64] binding parameter [100] as [VARCHAR] - [r]
2020-06-19 13:28:28 TRACE [BasicBinder.java:64] binding parameter [101] as [VARCHAR] - [zy]
2020-06-19 13:28:28 TRACE [BasicBinder.java:64] binding parameter [102] as [VARCHAR] - [hlNgxmPcuIknfgAnTBnf]
2020-06-19 13:28:28 TRACE [BasicBinder.java:64] binding parameter [103] as [VARCHAR] - [YUZqzJCRAdtjoOLWGGgQ]
2020-06-19 13:28:28 TRACE [BasicBinder.java:64] binding parameter [104] as [VARCHAR] - [ANweHEiavArzwJCoOIW]
2020-06-19 13:28:28 TRACE [BasicBinder.java:64] binding parameter [105] as [VARCHAR] - [HvUmTQgpCQilAvhDAtJ]
2020-06-19 13:28:28 TRACE [BasicBinder.java:64] binding parameter [106] as [VARCHAR] - [gmWdWDUkSTqkBcINzQU]
2020-06-19 13:28:28 TRACE [BasicBinder.java:64] binding parameter [107] as [VARCHAR] - [GNXitWW]
2020-06-19 13:28:28 TRACE [BasicBinder.java:64] binding parameter [108] as [VARCHAR] - [ip]
2020-06-19 13:28:28 TRACE [BasicBinder.java:64] binding parameter [109] as [INTEGER] - [351335]
2020-06-19 13:28:28 TRACE [BasicBinder.java:64] binding parameter [110] as [VARCHAR] - [YQmkitnsGDwhPVVbzzcn]
2020-06-19 13:28:28 TRACE [BasicBinder.java:64] binding parameter [111] as [VARCHAR] - [hXprpXKGcaJqjMS]
2020-06-19 13:28:28 TRACE [BasicBinder.java:64] binding parameter [112] as [VARCHAR] - [wxUUShTefCvuOSTnzxn]
2020-06-19 13:28:28 TRACE [BasicBinder.java:64] binding parameter [113] as [VARCHAR] - [dO]
2020-06-19 13:28:28 TRACE [BasicBinder.java:64] binding parameter [114] as [VARCHAR] - [OslnNsHoHL]
2020-06-19 13:28:28 TRACE [BasicBinder.java:64] binding parameter [115] as [VARCHAR] - [p]
2020-06-19 13:28:28 TRACE [BasicBinder.java:64] binding parameter [116] as [VARCHAR] - [wekkRALHUzs]
2020-06-19 13:28:28 TRACE [BasicBinder.java:64] binding parameter [117] as [VARCHAR] - [PlfiqUlxXcYtKCKNnIwy]
2020-06-19 13:28:28 TRACE [BasicBinder.java:64] binding parameter [118] as [VARCHAR] - [aZGzVanHYPybNmrhlfTW]
2020-06-19 13:28:28 TRACE [BasicBinder.java:64] binding parameter [119] as [VARCHAR] - [ogkMETjqkfcebRErfKau]
2020-06-19 13:28:28 TRACE [BasicBinder.java:64] binding parameter [120] as [VARCHAR] - [reEDXPDxkUgoIWYoxPCK]
2020-06-19 13:28:28 TRACE [BasicBinder.java:64] binding parameter [121] as [VARCHAR] - [ciiibkMJeiUrnZDjtZeW]
2020-06-19 13:28:28 TRACE [BasicBinder.java:64] binding parameter [122] as [VARCHAR] - [RY]
2020-06-19 13:28:28 TRACE [BasicBinder.java:64] binding parameter [123] as [VARCHAR] - [M]
2020-06-19 13:28:28 TRACE [BasicBinder.java:64] binding parameter [124] as [VARCHAR] - [jbKu]
2020-06-19 13:28:28 TRACE [BasicBinder.java:64] binding parameter [125] as [VARCHAR] - [KKsxvlruqROwWjoHzySw]
2020-06-19 13:28:28 TRACE [BasicBinder.java:64] binding parameter [126] as [VARCHAR] - [jvc]
2020-06-19 13:28:28 TRACE [BasicBinder.java:64] binding parameter [127] as [VARCHAR] - [lx]
2020-06-19 13:28:28 TRACE [BasicBinder.java:64] binding parameter [128] as [VARCHAR] - [CVZKPcIjaecFNppUfOuR]
2020-06-19 13:28:28 TRACE [BasicBinder.java:64] binding parameter [129] as [VARCHAR] - [BOednZYnsmoSmDEhTUik]
2020-06-19 13:28:28 TRACE [BasicBinder.java:64] binding parameter [130] as [VARCHAR] - [MsrufbvwAoRHfZOBGNOF]
2020-06-19 13:28:28 TRACE [BasicBinder.java:64] binding parameter [131] as [VARCHAR] - [C]
2020-06-19 13:28:28 TRACE [BasicBinder.java:64] binding parameter [132] as [VARCHAR] - [NFfDLUDHiewuotCcINpr]
2020-06-19 13:28:28 TRACE [BasicBinder.java:64] binding parameter [133] as [VARCHAR] - [qmlMEAjevfRnYzHVkHzb]
2020-06-19 13:28:28 TRACE [BasicBinder.java:64] binding parameter [134] as [VARCHAR] - [RcluoayJAIIawjCXHNxL]
2020-06-19 13:28:28 TRACE [BasicBinder.java:64] binding parameter [135] as [VARCHAR] - [Pu]
2020-06-19 13:28:28 TRACE [BasicBinder.java:64] binding parameter [136] as [VARCHAR] - [pqnryiBMTgDlPEPy]
2020-06-19 13:28:28 TRACE [BasicBinder.java:64] binding parameter [137] as [DOUBLE] - [262889.7953858966]
2020-06-19 13:28:28 TRACE [BasicBinder.java:64] binding parameter [138] as [VARCHAR] - [DDUCWmRF]
2020-06-19 13:28:28 TRACE [BasicBinder.java:64] binding parameter [139] as [VARCHAR] - [ZKHNKHLgzBdepIe]
2020-06-19 13:28:28 TRACE [BasicBinder.java:64] binding parameter [140] as [VARCHAR] - [BOUFBjVdqX]
2020-06-19 13:28:28 TRACE [BasicBinder.java:64] binding parameter [141] as [BIGINT] - [12]
2020-06-19 13:28:28 DEBUG [MockBuilder.java:94] set precedence -> 8320942.883895822
2020-06-19 13:28:28 DEBUG [MockBuilder.java:94] set createTimestamp -> 1970-01-01T00:01:55
2020-06-19 13:28:28 DEBUG [MockBuilder.java:94] set level -> u
2020-06-19 13:28:28 DEBUG [MockBuilder.java:94] set ediOrdValidations -> null
2020-06-19 13:28:28 DEBUG [MockBuilder.java:94] set ediReasonCode -> 590434
2020-06-19 13:28:28 DEBUG [MockBuilder.java:94] set autoCreateFlag -> u
2020-06-19 13:28:28 DEBUG [MockBuilder.java:94] set changeTimestamp -> 1970-01-01T02:10:52
2020-06-19 13:28:28 DEBUG [MockBuilder.java:94] set changedBy -> RCUWWQPP
2020-06-19 13:28:28 DEBUG [MockBuilder.java:94] set createdBy -> hOhmCqWY
2020-06-19 13:28:28 DEBUG [MockBuilder.java:94] set description -> ygnhyvGKPrBiLHLzXFXl
2020-06-19 13:28:28 DEBUG [MockBuilder.java:94] set defaultAction -> j
Hibernate: select edireasonc0_.EDI_REASON_CODE as edi_reas1_6_1_, edireasonc0_.AUTO_CREATE_FLAG as auto_cre2_6_1_, edireasonc0_.CHANGE_TIMESTAMP as change_t3_6_1_, edireasonc0_.CHANGED_BY as changed_4_6_1_, edireasonc0_.CREATE_TIMESTAMP as create_t5_6_1_, edireasonc0_.CREATED_BY as created_6_6_1_, edireasonc0_.DEFAULT_ACTION as default_7_6_1_, edireasonc0_.description as descript8_6_1_, edireasonc0_.LEVEL as level9_6_1_, edireasonc0_.precedence as precede10_6_1_, ediordvali1_.edi_reason_code as edi_rea11_2_3_, ediordvali1_.EDI_ORDER_NBR as edi_orde1_2_3_, ediordvali1_.PO_LINE_NBR as po_line_2_2_3_, ediordvali1_.TIME_STAMP as time_sta3_2_3_, ediordvali1_.EDI_ORDER_NBR as edi_orde1_2_0_, ediordvali1_.PO_LINE_NBR as po_line_2_2_0_, ediordvali1_.TIME_STAMP as time_sta3_2_0_, ediordvali1_.ACTION_CODE as action_c4_2_0_, ediordvali1_.ASSIGNED_TO as assigned5_2_0_, ediordvali1_.CHANGED_BY as changed_6_2_0_, ediordvali1_.CHANGED_TIMESTAMP as changed_7_2_0_, ediordvali1_.CREATED_BY as created_8_2_0_, ediordvali1_.CREATED_TIMESTAMP as created_9_2_0_, ediordvali1_.edi_reason_code as edi_rea11_2_0_, ediordvali1_.status as status10_2_0_ from EDI_REASON_CODE edireasonc0_ left outer join EDI_ORD_VALIDATION ediordvali1_ on edireasonc0_.EDI_REASON_CODE=ediordvali1_.edi_reason_code where edireasonc0_.EDI_REASON_CODE=?
2020-06-19 13:28:28 TRACE [BasicBinder.java:64] binding parameter [1] as [INTEGER] - [63]
]]></system-out>
  </testcase>
</testsuite>