<?xml version="1.0" encoding="UTF-8"?>
<testsuite xmlns:xsi="http://www.w3.org/2001/XMLSchema-instance" xsi:noNamespaceSchemaLocation="https://maven.apache.org/surefire/maven-surefire-plugin/xsd/surefire-test-report.xsd" name="com.shaw.ediorderservices.persistance.db2.dao.EdiReasonCodeRepositoryTest" time="0.674" tests="1" errors="0" skipped="1" failures="0">
  <properties>
    <property name="java.specification.version" value="14"/>
    <property name="sun.jnu.encoding" value="UTF-8"/>
    <property name="java.class.path" value="/Users/waaronwaddell/Documents/GitHub/Public/EDI/EDI-Public/target/test-classes:/Users/waaronwaddell/Documents/GitHub/Public/EDI/EDI-Public/target/classes:/Users/waaronwaddell/.m2/repository/com/shaw/mock/mock-builder/0.0.1-SNAPSHOT/mock-builder-0.0.1-SNAPSHOT.jar:/Users/waaronwaddell/.m2/repository/javax/persistence/javax.persistence-api/2.2/javax.persistence-api-2.2.jar:/Users/waaronwaddell/.m2/repository/org/apache/logging/log4j/log4j-core/2.12.1/log4j-core-2.12.1.jar:/Users/waaronwaddell/.m2/repository/org/apache/logging/log4j/log4j-api/2.12.1/log4j-api-2.12.1.jar:/Users/waaronwaddell/.m2/repository/org/springframework/boot/spring-boot-starter-data-jpa/2.2.6.RELEASE/spring-boot-starter-data-jpa-2.2.6.RELEASE.jar:/Users/waaronwaddell/.m2/repository/org/springframework/boot/spring-boot-starter-aop/2.2.6.RELEASE/spring-boot-starter-aop-2.2.6.RELEASE.jar:/Users/waaronwaddell/.m2/repository/org/springframework/spring-aop/5.2.5.RELEASE/spring-aop-5.2.5.RELEASE.jar:/Users/waaronwaddell/.m2/repository/org/aspectj/aspectjweaver/1.9.5/aspectjweaver-1.9.5.jar:/Users/waaronwaddell/.m2/repository/org/springframework/boot/spring-boot-starter-jdbc/2.2.6.RELEASE/spring-boot-starter-jdbc-2.2.6.RELEASE.jar:/Users/waaronwaddell/.m2/repository/com/zaxxer/HikariCP/3.4.2/HikariCP-3.4.2.jar:/Users/waaronwaddell/.m2/repository/org/springframework/spring-jdbc/5.2.5.RELEASE/spring-jdbc-5.2.5.RELEASE.jar:/Users/waaronwaddell/.m2/repository/jakarta/activation/jakarta.activation-api/1.2.2/jakarta.activation-api-1.2.2.jar:/Users/waaronwaddell/.m2/repository/jakarta/persistence/jakarta.persistence-api/2.2.3/jakarta.persistence-api-2.2.3.jar:/Users/waaronwaddell/.m2/repository/jakarta/transaction/jakarta.transaction-api/1.3.3/jakarta.transaction-api-1.3.3.jar:/Users/waaronwaddell/.m2/repository/org/hibernate/hibernate-core/5.4.12.Final/hibernate-core-5.4.12.Final.jar:/Users/waaronwaddell/.m2/repository/org/javassist/javassist/3.24.0-GA/javassist-3.24.0-GA.jar:/Users/waaronwaddell/.m2/repository/net/bytebuddy/byte-buddy/1.10.8/byte-buddy-1.10.8.jar:/Users/waaronwaddell/.m2/repository/antlr/antlr/2.7.7/antlr-2.7.7.jar:/Users/waaronwaddell/.m2/repository/org/jboss/jandex/2.1.1.Final/jandex-2.1.1.Final.jar:/Users/waaronwaddell/.m2/repository/org/dom4j/dom4j/2.1.1/dom4j-2.1.1.jar:/Users/waaronwaddell/.m2/repository/org/hibernate/common/hibernate-commons-annotations/5.1.0.Final/hibernate-commons-annotations-5.1.0.Final.jar:/Users/waaronwaddell/.m2/repository/org/glassfish/jaxb/jaxb-runtime/2.3.2/jaxb-runtime-2.3.2.jar:/Users/waaronwaddell/.m2/repository/org/glassfish/jaxb/txw2/2.3.2/txw2-2.3.2.jar:/Users/waaronwaddell/.m2/repository/com/sun/istack/istack-commons-runtime/3.0.8/istack-commons-runtime-3.0.8.jar:/Users/waaronwaddell/.m2/repository/org/jvnet/staxex/stax-ex/1.8.1/stax-ex-1.8.1.jar:/Users/waaronwaddell/.m2/repository/com/sun/xml/fastinfoset/FastInfoset/1.2.16/FastInfoset-1.2.16.jar:/Users/waaronwaddell/.m2/repository/org/springframework/data/spring-data-jpa/2.2.6.RELEASE/spring-data-jpa-2.2.6.RELEASE.jar:/Users/waaronwaddell/.m2/repository/org/springframework/data/spring-data-commons/2.2.6.RELEASE/spring-data-commons-2.2.6.RELEASE.jar:/Users/waaronwaddell/.m2/repository/org/springframework/spring-orm/5.2.5.RELEASE/spring-orm-5.2.5.RELEASE.jar:/Users/waaronwaddell/.m2/repository/org/springframework/spring-context/5.2.5.RELEASE/spring-context-5.2.5.RELEASE.jar:/Users/waaronwaddell/.m2/repository/org/springframework/spring-tx/5.2.5.RELEASE/spring-tx-5.2.5.RELEASE.jar:/Users/waaronwaddell/.m2/repository/org/springframework/spring-beans/5.2.5.RELEASE/spring-beans-5.2.5.RELEASE.jar:/Users/waaronwaddell/.m2/repository/org/springframework/spring-aspects/5.2.5.RELEASE/spring-aspects-5.2.5.RELEASE.jar:/Users/waaronwaddell/.m2/repository/org/springframework/boot/spring-boot-starter-web/2.2.6.RELEASE/spring-boot-starter-web-2.2.6.RELEASE.jar:/Users/waaronwaddell/.m2/repository/org/springframework/boot/spring-boot-starter/2.2.6.RELEASE/spring-boot-starter-2.2.6.RELEASE.jar:/Users/waaronwaddell/.m2/repository/org/springframework/boot/spring-boot/2.2.6.RELEASE/spring-boot-2.2.6.RELEASE.jar:/Users/waaronwaddell/.m2/repository/org/springframework/boot/spring-boot-autoconfigure/2.2.6.RELEASE/spring-boot-autoconfigure-2.2.6.RELEASE.jar:/Users/waaronwaddell/.m2/repository/org/springframework/boot/spring-boot-starter-logging/2.2.6.RELEASE/spring-boot-starter-logging-2.2.6.RELEASE.jar:/Users/waaronwaddell/.m2/repository/ch/qos/logback/logback-classic/1.2.3/logback-classic-1.2.3.jar:/Users/waaronwaddell/.m2/repository/ch/qos/logback/logback-core/1.2.3/logback-core-1.2.3.jar:/Users/waaronwaddell/.m2/repository/org/apache/logging/log4j/log4j-to-slf4j/2.12.1/log4j-to-slf4j-2.12.1.jar:/Users/waaronwaddell/.m2/repository/org/slf4j/jul-to-slf4j/1.7.30/jul-to-slf4j-1.7.30.jar:/Users/waaronwaddell/.m2/repository/jakarta/annotation/jakarta.annotation-api/1.3.5/jakarta.annotation-api-1.3.5.jar:/Users/waaronwaddell/.m2/repository/org/yaml/snakeyaml/1.25/snakeyaml-1.25.jar:/Users/waaronwaddell/.m2/repository/org/springframework/boot/spring-boot-starter-json/2.2.6.RELEASE/spring-boot-starter-json-2.2.6.RELEASE.jar:/Users/waaronwaddell/.m2/repository/com/fasterxml/jackson/core/jackson-databind/2.10.3/jackson-databind-2.10.3.jar:/Users/waaronwaddell/.m2/repository/com/fasterxml/jackson/core/jackson-core/2.10.3/jackson-core-2.10.3.jar:/Users/waaronwaddell/.m2/repository/com/fasterxml/jackson/datatype/jackson-datatype-jdk8/2.10.3/jackson-datatype-jdk8-2.10.3.jar:/Users/waaronwaddell/.m2/repository/com/fasterxml/jackson/datatype/jackson-datatype-jsr310/2.10.3/jackson-datatype-jsr310-2.10.3.jar:/Users/waaronwaddell/.m2/repository/com/fasterxml/jackson/module/jackson-module-parameter-names/2.10.3/jackson-module-parameter-names-2.10.3.jar:/Users/waaronwaddell/.m2/repository/org/springframework/boot/spring-boot-starter-tomcat/2.2.6.RELEASE/spring-boot-starter-tomcat-2.2.6.RELEASE.jar:/Users/waaronwaddell/.m2/repository/org/apache/tomcat/embed/tomcat-embed-core/9.0.33/tomcat-embed-core-9.0.33.jar:/Users/waaronwaddell/.m2/repository/org/apache/tomcat/embed/tomcat-embed-el/9.0.33/tomcat-embed-el-9.0.33.jar:/Users/waaronwaddell/.m2/repository/org/apache/tomcat/embed/tomcat-embed-websocket/9.0.33/tomcat-embed-websocket-9.0.33.jar:/Users/waaronwaddell/.m2/repository/org/springframework/boot/spring-boot-starter-validation/2.2.6.RELEASE/spring-boot-starter-validation-2.2.6.RELEASE.jar:/Users/waaronwaddell/.m2/repository/jakarta/validation/jakarta.validation-api/2.0.2/jakarta.validation-api-2.0.2.jar:/Users/waaronwaddell/.m2/repository/org/hibernate/validator/hibernate-validator/6.0.18.Final/hibernate-validator-6.0.18.Final.jar:/Users/waaronwaddell/.m2/repository/org/springframework/spring-web/5.2.5.RELEASE/spring-web-5.2.5.RELEASE.jar:/Users/waaronwaddell/.m2/repository/org/springframework/spring-webmvc/5.2.5.RELEASE/spring-webmvc-5.2.5.RELEASE.jar:/Users/waaronwaddell/.m2/repository/org/springframework/spring-expression/5.2.5.RELEASE/spring-expression-5.2.5.RELEASE.jar:/Users/waaronwaddell/.m2/repository/com/google/collections/google-collections/1.0/google-collections-1.0.jar:/Users/waaronwaddell/.m2/repository/com/google/code/gson/gson/2.8.6/gson-2.8.6.jar:/Users/waaronwaddell/.m2/repository/org/apache/commons/commons-lang3/3.9/commons-lang3-3.9.jar:/Users/waaronwaddell/.m2/repository/org/mapstruct/mapstruct/1.3.1.Final/mapstruct-1.3.1.Final.jar:/Users/waaronwaddell/.m2/repository/com/h2database/h2/1.4.200/h2-1.4.200.jar:/Users/waaronwaddell/.m2/repository/com/microsoft/sqlserver/mssql-jdbc/7.4.1.jre8/mssql-jdbc-7.4.1.jre8.jar:/Users/waaronwaddell/.m2/repository/io/springfox/springfox-swagger2/2.9.2/springfox-swagger2-2.9.2.jar:/Users/waaronwaddell/.m2/repository/io/swagger/swagger-annotations/1.5.20/swagger-annotations-1.5.20.jar:/Users/waaronwaddell/.m2/repository/io/swagger/swagger-models/1.5.20/swagger-models-1.5.20.jar:/Users/waaronwaddell/.m2/repository/com/fasterxml/jackson/core/jackson-annotations/2.10.3/jackson-annotations-2.10.3.jar:/Users/waaronwaddell/.m2/repository/io/springfox/springfox-spi/2.9.2/springfox-spi-2.9.2.jar:/Users/waaronwaddell/.m2/repository/io/springfox/springfox-core/2.9.2/springfox-core-2.9.2.jar:/Users/waaronwaddell/.m2/repository/io/springfox/springfox-schema/2.9.2/springfox-schema-2.9.2.jar:/Users/waaronwaddell/.m2/repository/io/springfox/springfox-swagger-common/2.9.2/springfox-swagger-common-2.9.2.jar:/Users/waaronwaddell/.m2/repository/io/springfox/springfox-spring-web/2.9.2/springfox-spring-web-2.9.2.jar:/Users/waaronwaddell/.m2/repository/com/google/guava/guava/20.0/guava-20.0.jar:/Users/waaronwaddell/.m2/repository/com/fasterxml/classmate/1.5.1/classmate-1.5.1.jar:/Users/waaronwaddell/.m2/repository/org/slf4j/slf4j-api/1.7.30/slf4j-api-1.7.30.jar:/Users/waaronwaddell/.m2/repository/org/springframework/plugin/spring-plugin-core/1.2.0.RELEASE/spring-plugin-core-1.2.0.RELEASE.jar:/Users/waaronwaddell/.m2/repository/org/springframework/plugin/spring-plugin-metadata/1.2.0.RELEASE/spring-plugin-metadata-1.2.0.RELEASE.jar:/Users/waaronwaddell/.m2/repository/io/springfox/springfox-swagger-ui/2.9.2/springfox-swagger-ui-2.9.2.jar:/Users/waaronwaddell/.m2/repository/org/springframework/boot/spring-boot-starter-test/2.2.6.RELEASE/spring-boot-starter-test-2.2.6.RELEASE.jar:/Users/waaronwaddell/.m2/repository/org/springframework/boot/spring-boot-test/2.2.6.RELEASE/spring-boot-test-2.2.6.RELEASE.jar:/Users/waaronwaddell/.m2/repository/org/springframework/boot/spring-boot-test-autoconfigure/2.2.6.RELEASE/spring-boot-test-autoconfigure-2.2.6.RELEASE.jar:/Users/waaronwaddell/.m2/repository/com/jayway/jsonpath/json-path/2.4.0/json-path-2.4.0.jar:/Users/waaronwaddell/.m2/repository/net/minidev/json-smart/2.3/json-smart-2.3.jar:/Users/waaronwaddell/.m2/repository/net/minidev/accessors-smart/1.2/accessors-smart-1.2.jar:/Users/waaronwaddell/.m2/repository/org/ow2/asm/asm/5.0.4/asm-5.0.4.jar:/Users/waaronwaddell/.m2/repository/jakarta/xml/bind/jakarta.xml.bind-api/2.3.3/jakarta.xml.bind-api-2.3.3.jar:/Users/waaronwaddell/.m2/repository/org/junit/jupiter/junit-jupiter/5.5.2/junit-jupiter-5.5.2.jar:/Users/waaronwaddell/.m2/repository/org/junit/jupiter/junit-jupiter-api/5.5.2/junit-jupiter-api-5.5.2.jar:/Users/waaronwaddell/.m2/repository/org/apiguardian/apiguardian-api/1.1.0/apiguardian-api-1.1.0.jar:/Users/waaronwaddell/.m2/repository/org/opentest4j/opentest4j/1.2.0/opentest4j-1.2.0.jar:/Users/waaronwaddell/.m2/repository/org/junit/platform/junit-platform-commons/1.5.2/junit-platform-commons-1.5.2.jar:/Users/waaronwaddell/.m2/repository/org/junit/jupiter/junit-jupiter-params/5.5.2/junit-jupiter-params-5.5.2.jar:/Users/waaronwaddell/.m2/repository/org/junit/jupiter/junit-jupiter-engine/5.5.2/junit-jupiter-engine-5.5.2.jar:/Users/waaronwaddell/.m2/repository/org/junit/platform/junit-platform-engine/1.5.2/junit-platform-engine-1.5.2.jar:/Users/waaronwaddell/.m2/repository/org/mockito/mockito-junit-jupiter/3.1.0/mockito-junit-jupiter-3.1.0.jar:/Users/waaronwaddell/.m2/repository/org/assertj/assertj-core/3.13.2/assertj-core-3.13.2.jar:/Users/waaronwaddell/.m2/repository/org/hamcrest/hamcrest/2.1/hamcrest-2.1.jar:/Users/waaronwaddell/.m2/repository/org/mockito/mockito-core/3.1.0/mockito-core-3.1.0.jar:/Users/waaronwaddell/.m2/repository/net/bytebuddy/byte-buddy-agent/1.10.8/byte-buddy-agent-1.10.8.jar:/Users/waaronwaddell/.m2/repository/org/objenesis/objenesis/2.6/objenesis-2.6.jar:/Users/waaronwaddell/.m2/repository/org/skyscreamer/jsonassert/1.5.0/jsonassert-1.5.0.jar:/Users/waaronwaddell/.m2/repository/com/vaadin/external/google/android-json/0.0.20131108.vaadin1/android-json-0.0.20131108.vaadin1.jar:/Users/waaronwaddell/.m2/repository/org/springframework/spring-core/5.2.5.RELEASE/spring-core-5.2.5.RELEASE.jar:/Users/waaronwaddell/.m2/repository/org/springframework/spring-jcl/5.2.5.RELEASE/spring-jcl-5.2.5.RELEASE.jar:/Users/waaronwaddell/.m2/repository/org/springframework/spring-test/5.2.5.RELEASE/spring-test-5.2.5.RELEASE.jar:/Users/waaronwaddell/.m2/repository/org/xmlunit/xmlunit-core/2.6.4/xmlunit-core-2.6.4.jar:/Users/waaronwaddell/.m2/repository/org/springframework/boot/spring-boot-configuration-processor/2.2.6.RELEASE/spring-boot-configuration-processor-2.2.6.RELEASE.jar:/Users/waaronwaddell/.m2/repository/org/hibernate/hibernate-ehcache/5.4.12.Final/hibernate-ehcache-5.4.12.Final.jar:/Users/waaronwaddell/.m2/repository/org/jboss/logging/jboss-logging/3.4.1.Final/jboss-logging-3.4.1.Final.jar:/Users/waaronwaddell/.m2/repository/net/sf/ehcache/ehcache/2.10.6/ehcache-2.10.6.jar:/Users/waaronwaddell/.m2/repository/commons-dbcp/commons-dbcp/1.4/commons-dbcp-1.4.jar:/Users/waaronwaddell/.m2/repository/commons-pool/commons-pool/1.6/commons-pool-1.6.jar:"/>
    <property name="java.vm.vendor" value="Oracle Corporation"/>
    <property name="sun.arch.data.model" value="64"/>
    <property name="java.vendor.url" value="https://java.oracle.com/"/>
    <property name="os.name" value="Mac OS X"/>
    <property name="java.vm.specification.version" value="14"/>
    <property name="sun.java.launcher" value="SUN_STANDARD"/>
    <property name="user.country" value="US"/>
    <property name="sun.boot.library.path" value="/Library/Java/JavaVirtualMachines/jdk-14.0.1.jdk/Contents/Home/lib"/>
    <property name="sun.java.command" value="/Users/waaronwaddell/Documents/GitHub/Public/EDI/EDI-Public/target/surefire/surefirebooter1067781378459841719.jar /Users/waaronwaddell/Documents/GitHub/Public/EDI/EDI-Public/target/surefire 2020-06-19T14-05-37_438-jvmRun1 surefire11253841964817327219tmp surefire_03139745139692005344tmp"/>
    <property name="http.nonProxyHosts" value="local|*.local|169.254/16|*.169.254/16"/>
    <property name="jdk.debug" value="release"/>
    <property name="surefire.test.class.path" value="/Users/waaronwaddell/Documents/GitHub/Public/EDI/EDI-Public/target/test-classes:/Users/waaronwaddell/Documents/GitHub/Public/EDI/EDI-Public/target/classes:/Users/waaronwaddell/.m2/repository/com/shaw/mock/mock-builder/0.0.1-SNAPSHOT/mock-builder-0.0.1-SNAPSHOT.jar:/Users/waaronwaddell/.m2/repository/javax/persistence/javax.persistence-api/2.2/javax.persistence-api-2.2.jar:/Users/waaronwaddell/.m2/repository/org/apache/logging/log4j/log4j-core/2.12.1/log4j-core-2.12.1.jar:/Users/waaronwaddell/.m2/repository/org/apache/logging/log4j/log4j-api/2.12.1/log4j-api-2.12.1.jar:/Users/waaronwaddell/.m2/repository/org/springframework/boot/spring-boot-starter-data-jpa/2.2.6.RELEASE/spring-boot-starter-data-jpa-2.2.6.RELEASE.jar:/Users/waaronwaddell/.m2/repository/org/springframework/boot/spring-boot-starter-aop/2.2.6.RELEASE/spring-boot-starter-aop-2.2.6.RELEASE.jar:/Users/waaronwaddell/.m2/repository/org/springframework/spring-aop/5.2.5.RELEASE/spring-aop-5.2.5.RELEASE.jar:/Users/waaronwaddell/.m2/repository/org/aspectj/aspectjweaver/1.9.5/aspectjweaver-1.9.5.jar:/Users/waaronwaddell/.m2/repository/org/springframework/boot/spring-boot-starter-jdbc/2.2.6.RELEASE/spring-boot-starter-jdbc-2.2.6.RELEASE.jar:/Users/waaronwaddell/.m2/repository/com/zaxxer/HikariCP/3.4.2/HikariCP-3.4.2.jar:/Users/waaronwaddell/.m2/repository/org/springframework/spring-jdbc/5.2.5.RELEASE/spring-jdbc-5.2.5.RELEASE.jar:/Users/waaronwaddell/.m2/repository/jakarta/activation/jakarta.activation-api/1.2.2/jakarta.activation-api-1.2.2.jar:/Users/waaronwaddell/.m2/repository/jakarta/persistence/jakarta.persistence-api/2.2.3/jakarta.persistence-api-2.2.3.jar:/Users/waaronwaddell/.m2/repository/jakarta/transaction/jakarta.transaction-api/1.3.3/jakarta.transaction-api-1.3.3.jar:/Users/waaronwaddell/.m2/repository/org/hibernate/hibernate-core/5.4.12.Final/hibernate-core-5.4.12.Final.jar:/Users/waaronwaddell/.m2/repository/org/javassist/javassist/3.24.0-GA/javassist-3.24.0-GA.jar:/Users/waaronwaddell/.m2/repository/net/bytebuddy/byte-buddy/1.10.8/byte-buddy-1.10.8.jar:/Users/waaronwaddell/.m2/repository/antlr/antlr/2.7.7/antlr-2.7.7.jar:/Users/waaronwaddell/.m2/repository/org/jboss/jandex/2.1.1.Final/jandex-2.1.1.Final.jar:/Users/waaronwaddell/.m2/repository/org/dom4j/dom4j/2.1.1/dom4j-2.1.1.jar:/Users/waaronwaddell/.m2/repository/org/hibernate/common/hibernate-commons-annotations/5.1.0.Final/hibernate-commons-annotations-5.1.0.Final.jar:/Users/waaronwaddell/.m2/repository/org/glassfish/jaxb/jaxb-runtime/2.3.2/jaxb-runtime-2.3.2.jar:/Users/waaronwaddell/.m2/repository/org/glassfish/jaxb/txw2/2.3.2/txw2-2.3.2.jar:/Users/waaronwaddell/.m2/repository/com/sun/istack/istack-commons-runtime/3.0.8/istack-commons-runtime-3.0.8.jar:/Users/waaronwaddell/.m2/repository/org/jvnet/staxex/stax-ex/1.8.1/stax-ex-1.8.1.jar:/Users/waaronwaddell/.m2/repository/com/sun/xml/fastinfoset/FastInfoset/1.2.16/FastInfoset-1.2.16.jar:/Users/waaronwaddell/.m2/repository/org/springframework/data/spring-data-jpa/2.2.6.RELEASE/spring-data-jpa-2.2.6.RELEASE.jar:/Users/waaronwaddell/.m2/repository/org/springframework/data/spring-data-commons/2.2.6.RELEASE/spring-data-commons-2.2.6.RELEASE.jar:/Users/waaronwaddell/.m2/repository/org/springframework/spring-orm/5.2.5.RELEASE/spring-orm-5.2.5.RELEASE.jar:/Users/waaronwaddell/.m2/repository/org/springframework/spring-context/5.2.5.RELEASE/spring-context-5.2.5.RELEASE.jar:/Users/waaronwaddell/.m2/repository/org/springframework/spring-tx/5.2.5.RELEASE/spring-tx-5.2.5.RELEASE.jar:/Users/waaronwaddell/.m2/repository/org/springframework/spring-beans/5.2.5.RELEASE/spring-beans-5.2.5.RELEASE.jar:/Users/waaronwaddell/.m2/repository/org/springframework/spring-aspects/5.2.5.RELEASE/spring-aspects-5.2.5.RELEASE.jar:/Users/waaronwaddell/.m2/repository/org/springframework/boot/spring-boot-starter-web/2.2.6.RELEASE/spring-boot-starter-web-2.2.6.RELEASE.jar:/Users/waaronwaddell/.m2/repository/org/springframework/boot/spring-boot-starter/2.2.6.RELEASE/spring-boot-starter-2.2.6.RELEASE.jar:/Users/waaronwaddell/.m2/repository/org/springframework/boot/spring-boot/2.2.6.RELEASE/spring-boot-2.2.6.RELEASE.jar:/Users/waaronwaddell/.m2/repository/org/springframework/boot/spring-boot-autoconfigure/2.2.6.RELEASE/spring-boot-autoconfigure-2.2.6.RELEASE.jar:/Users/waaronwaddell/.m2/repository/org/springframework/boot/spring-boot-starter-logging/2.2.6.RELEASE/spring-boot-starter-logging-2.2.6.RELEASE.jar:/Users/waaronwaddell/.m2/repository/ch/qos/logback/logback-classic/1.2.3/logback-classic-1.2.3.jar:/Users/waaronwaddell/.m2/repository/ch/qos/logback/logback-core/1.2.3/logback-core-1.2.3.jar:/Users/waaronwaddell/.m2/repository/org/apache/logging/log4j/log4j-to-slf4j/2.12.1/log4j-to-slf4j-2.12.1.jar:/Users/waaronwaddell/.m2/repository/org/slf4j/jul-to-slf4j/1.7.30/jul-to-slf4j-1.7.30.jar:/Users/waaronwaddell/.m2/repository/jakarta/annotation/jakarta.annotation-api/1.3.5/jakarta.annotation-api-1.3.5.jar:/Users/waaronwaddell/.m2/repository/org/yaml/snakeyaml/1.25/snakeyaml-1.25.jar:/Users/waaronwaddell/.m2/repository/org/springframework/boot/spring-boot-starter-json/2.2.6.RELEASE/spring-boot-starter-json-2.2.6.RELEASE.jar:/Users/waaronwaddell/.m2/repository/com/fasterxml/jackson/core/jackson-databind/2.10.3/jackson-databind-2.10.3.jar:/Users/waaronwaddell/.m2/repository/com/fasterxml/jackson/core/jackson-core/2.10.3/jackson-core-2.10.3.jar:/Users/waaronwaddell/.m2/repository/com/fasterxml/jackson/datatype/jackson-datatype-jdk8/2.10.3/jackson-datatype-jdk8-2.10.3.jar:/Users/waaronwaddell/.m2/repository/com/fasterxml/jackson/datatype/jackson-datatype-jsr310/2.10.3/jackson-datatype-jsr310-2.10.3.jar:/Users/waaronwaddell/.m2/repository/com/fasterxml/jackson/module/jackson-module-parameter-names/2.10.3/jackson-module-parameter-names-2.10.3.jar:/Users/waaronwaddell/.m2/repository/org/springframework/boot/spring-boot-starter-tomcat/2.2.6.RELEASE/spring-boot-starter-tomcat-2.2.6.RELEASE.jar:/Users/waaronwaddell/.m2/repository/org/apache/tomcat/embed/tomcat-embed-core/9.0.33/tomcat-embed-core-9.0.33.jar:/Users/waaronwaddell/.m2/repository/org/apache/tomcat/embed/tomcat-embed-el/9.0.33/tomcat-embed-el-9.0.33.jar:/Users/waaronwaddell/.m2/repository/org/apache/tomcat/embed/tomcat-embed-websocket/9.0.33/tomcat-embed-websocket-9.0.33.jar:/Users/waaronwaddell/.m2/repository/org/springframework/boot/spring-boot-starter-validation/2.2.6.RELEASE/spring-boot-starter-validation-2.2.6.RELEASE.jar:/Users/waaronwaddell/.m2/repository/jakarta/validation/jakarta.validation-api/2.0.2/jakarta.validation-api-2.0.2.jar:/Users/waaronwaddell/.m2/repository/org/hibernate/validator/hibernate-validator/6.0.18.Final/hibernate-validator-6.0.18.Final.jar:/Users/waaronwaddell/.m2/repository/org/springframework/spring-web/5.2.5.RELEASE/spring-web-5.2.5.RELEASE.jar:/Users/waaronwaddell/.m2/repository/org/springframework/spring-webmvc/5.2.5.RELEASE/spring-webmvc-5.2.5.RELEASE.jar:/Users/waaronwaddell/.m2/repository/org/springframework/spring-expression/5.2.5.RELEASE/spring-expression-5.2.5.RELEASE.jar:/Users/waaronwaddell/.m2/repository/com/google/collections/google-collections/1.0/google-collections-1.0.jar:/Users/waaronwaddell/.m2/repository/com/google/code/gson/gson/2.8.6/gson-2.8.6.jar:/Users/waaronwaddell/.m2/repository/org/apache/commons/commons-lang3/3.9/commons-lang3-3.9.jar:/Users/waaronwaddell/.m2/repository/org/mapstruct/mapstruct/1.3.1.Final/mapstruct-1.3.1.Final.jar:/Users/waaronwaddell/.m2/repository/com/h2database/h2/1.4.200/h2-1.4.200.jar:/Users/waaronwaddell/.m2/repository/com/microsoft/sqlserver/mssql-jdbc/7.4.1.jre8/mssql-jdbc-7.4.1.jre8.jar:/Users/waaronwaddell/.m2/repository/io/springfox/springfox-swagger2/2.9.2/springfox-swagger2-2.9.2.jar:/Users/waaronwaddell/.m2/repository/io/swagger/swagger-annotations/1.5.20/swagger-annotations-1.5.20.jar:/Users/waaronwaddell/.m2/repository/io/swagger/swagger-models/1.5.20/swagger-models-1.5.20.jar:/Users/waaronwaddell/.m2/repository/com/fasterxml/jackson/core/jackson-annotations/2.10.3/jackson-annotations-2.10.3.jar:/Users/waaronwaddell/.m2/repository/io/springfox/springfox-spi/2.9.2/springfox-spi-2.9.2.jar:/Users/waaronwaddell/.m2/repository/io/springfox/springfox-core/2.9.2/springfox-core-2.9.2.jar:/Users/waaronwaddell/.m2/repository/io/springfox/springfox-schema/2.9.2/springfox-schema-2.9.2.jar:/Users/waaronwaddell/.m2/repository/io/springfox/springfox-swagger-common/2.9.2/springfox-swagger-common-2.9.2.jar:/Users/waaronwaddell/.m2/repository/io/springfox/springfox-spring-web/2.9.2/springfox-spring-web-2.9.2.jar:/Users/waaronwaddell/.m2/repository/com/google/guava/guava/20.0/guava-20.0.jar:/Users/waaronwaddell/.m2/repository/com/fasterxml/classmate/1.5.1/classmate-1.5.1.jar:/Users/waaronwaddell/.m2/repository/org/slf4j/slf4j-api/1.7.30/slf4j-api-1.7.30.jar:/Users/waaronwaddell/.m2/repository/org/springframework/plugin/spring-plugin-core/1.2.0.RELEASE/spring-plugin-core-1.2.0.RELEASE.jar:/Users/waaronwaddell/.m2/repository/org/springframework/plugin/spring-plugin-metadata/1.2.0.RELEASE/spring-plugin-metadata-1.2.0.RELEASE.jar:/Users/waaronwaddell/.m2/repository/io/springfox/springfox-swagger-ui/2.9.2/springfox-swagger-ui-2.9.2.jar:/Users/waaronwaddell/.m2/repository/org/springframework/boot/spring-boot-starter-test/2.2.6.RELEASE/spring-boot-starter-test-2.2.6.RELEASE.jar:/Users/waaronwaddell/.m2/repository/org/springframework/boot/spring-boot-test/2.2.6.RELEASE/spring-boot-test-2.2.6.RELEASE.jar:/Users/waaronwaddell/.m2/repository/org/springframework/boot/spring-boot-test-autoconfigure/2.2.6.RELEASE/spring-boot-test-autoconfigure-2.2.6.RELEASE.jar:/Users/waaronwaddell/.m2/repository/com/jayway/jsonpath/json-path/2.4.0/json-path-2.4.0.jar:/Users/waaronwaddell/.m2/repository/net/minidev/json-smart/2.3/json-smart-2.3.jar:/Users/waaronwaddell/.m2/repository/net/minidev/accessors-smart/1.2/accessors-smart-1.2.jar:/Users/waaronwaddell/.m2/repository/org/ow2/asm/asm/5.0.4/asm-5.0.4.jar:/Users/waaronwaddell/.m2/repository/jakarta/xml/bind/jakarta.xml.bind-api/2.3.3/jakarta.xml.bind-api-2.3.3.jar:/Users/waaronwaddell/.m2/repository/org/junit/jupiter/junit-jupiter/5.5.2/junit-jupiter-5.5.2.jar:/Users/waaronwaddell/.m2/repository/org/junit/jupiter/junit-jupiter-api/5.5.2/junit-jupiter-api-5.5.2.jar:/Users/waaronwaddell/.m2/repository/org/apiguardian/apiguardian-api/1.1.0/apiguardian-api-1.1.0.jar:/Users/waaronwaddell/.m2/repository/org/opentest4j/opentest4j/1.2.0/opentest4j-1.2.0.jar:/Users/waaronwaddell/.m2/repository/org/junit/platform/junit-platform-commons/1.5.2/junit-platform-commons-1.5.2.jar:/Users/waaronwaddell/.m2/repository/org/junit/jupiter/junit-jupiter-params/5.5.2/junit-jupiter-params-5.5.2.jar:/Users/waaronwaddell/.m2/repository/org/junit/jupiter/junit-jupiter-engine/5.5.2/junit-jupiter-engine-5.5.2.jar:/Users/waaronwaddell/.m2/repository/org/junit/platform/junit-platform-engine/1.5.2/junit-platform-engine-1.5.2.jar:/Users/waaronwaddell/.m2/repository/org/mockito/mockito-junit-jupiter/3.1.0/mockito-junit-jupiter-3.1.0.jar:/Users/waaronwaddell/.m2/repository/org/assertj/assertj-core/3.13.2/assertj-core-3.13.2.jar:/Users/waaronwaddell/.m2/repository/org/hamcrest/hamcrest/2.1/hamcrest-2.1.jar:/Users/waaronwaddell/.m2/repository/org/mockito/mockito-core/3.1.0/mockito-core-3.1.0.jar:/Users/waaronwaddell/.m2/repository/net/bytebuddy/byte-buddy-agent/1.10.8/byte-buddy-agent-1.10.8.jar:/Users/waaronwaddell/.m2/repository/org/objenesis/objenesis/2.6/objenesis-2.6.jar:/Users/waaronwaddell/.m2/repository/org/skyscreamer/jsonassert/1.5.0/jsonassert-1.5.0.jar:/Users/waaronwaddell/.m2/repository/com/vaadin/external/google/android-json/0.0.20131108.vaadin1/android-json-0.0.20131108.vaadin1.jar:/Users/waaronwaddell/.m2/repository/org/springframework/spring-core/5.2.5.RELEASE/spring-core-5.2.5.RELEASE.jar:/Users/waaronwaddell/.m2/repository/org/springframework/spring-jcl/5.2.5.RELEASE/spring-jcl-5.2.5.RELEASE.jar:/Users/waaronwaddell/.m2/repository/org/springframework/spring-test/5.2.5.RELEASE/spring-test-5.2.5.RELEASE.jar:/Users/waaronwaddell/.m2/repository/org/xmlunit/xmlunit-core/2.6.4/xmlunit-core-2.6.4.jar:/Users/waaronwaddell/.m2/repository/org/springframework/boot/spring-boot-configuration-processor/2.2.6.RELEASE/spring-boot-configuration-processor-2.2.6.RELEASE.jar:/Users/waaronwaddell/.m2/repository/org/hibernate/hibernate-ehcache/5.4.12.Final/hibernate-ehcache-5.4.12.Final.jar:/Users/waaronwaddell/.m2/repository/org/jboss/logging/jboss-logging/3.4.1.Final/jboss-logging-3.4.1.Final.jar:/Users/waaronwaddell/.m2/repository/net/sf/ehcache/ehcache/2.10.6/ehcache-2.10.6.jar:/Users/waaronwaddell/.m2/repository/commons-dbcp/commons-dbcp/1.4/commons-dbcp-1.4.jar:/Users/waaronwaddell/.m2/repository/commons-pool/commons-pool/1.6/commons-pool-1.6.jar:"/>
    <property name="sun.cpu.endian" value="little"/>
    <property name="user.home" value="/Users/waaronwaddell"/>
    <property name="user.language" value="en"/>
    <property name="java.specification.vendor" value="Oracle Corporation"/>
    <property name="java.version.date" value="2020-04-14"/>
    <property name="java.home" value="/Library/Java/JavaVirtualMachines/jdk-14.0.1.jdk/Contents/Home"/>
    <property name="file.separator" value="/"/>
    <property name="style.color" value="always"/>
    <property name="basedir" value="/Users/waaronwaddell/Documents/GitHub/Public/EDI/EDI-Public"/>
    <property name="java.vm.compressedOopsMode" value="Zero based"/>
    <property name="line.separator" value="&#10;"/>
    <property name="java.specification.name" value="Java Platform API Specification"/>
    <property name="java.vm.specification.vendor" value="Oracle Corporation"/>
    <property name="surefire.real.class.path" value="/Users/waaronwaddell/Documents/GitHub/Public/EDI/EDI-Public/target/surefire/surefirebooter1067781378459841719.jar"/>
    <property name="sun.management.compiler" value="HotSpot 64-Bit Tiered Compilers"/>
    <property name="ftp.nonProxyHosts" value="local|*.local|169.254/16|*.169.254/16"/>
    <property name="java.runtime.version" value="14.0.1+7"/>
    <property name="user.name" value="waaronwaddell"/>
    <property name="path.separator" value=":"/>
    <property name="os.version" value="10.15.5"/>
    <property name="java.runtime.name" value="Java(TM) SE Runtime Environment"/>
    <property name="file.encoding" value="UTF-8"/>
    <property name="java.vm.name" value="Java HotSpot(TM) 64-Bit Server VM"/>
    <property name="localRepository" value="/Users/waaronwaddell/.m2/repository"/>
    <property name="java.vendor.url.bug" value="https://bugreport.java.com/bugreport/"/>
    <property name="java.io.tmpdir" value="/var/folders/v1/7ssr3hdd2_qfv951y30bn48w0000gn/T/"/>
    <property name="java.version" value="14.0.1"/>
    <property name="user.dir" value="/Users/waaronwaddell/Documents/GitHub/Public/EDI/EDI-Public"/>
    <property name="os.arch" value="x86_64"/>
    <property name="java.vm.specification.name" value="Java Virtual Machine Specification"/>
    <property name="java.library.path" value="/Users/waaronwaddell/Library/Java/Extensions:/Library/Java/Extensions:/Network/Library/Java/Extensions:/System/Library/Java/Extensions:/usr/lib/java:."/>
    <property name="java.vm.info" value="mixed mode, sharing"/>
    <property name="java.vendor" value="Oracle Corporation"/>
    <property name="java.vm.version" value="14.0.1+7"/>
    <property name="sun.io.unicode.encoding" value="UnicodeBig"/>
    <property name="socksNonProxyHosts" value="local|*.local|169.254/16|*.169.254/16"/>
    <property name="java.class.version" value="58.0"/>
  </properties>
  <testcase name="testCache" classname="com.shaw.ediorderservices.persistance.db2.dao.EdiReasonCodeRepositoryTest" time="0">
    <skipped message="void com.shaw.ediorderservices.persistance.db2.dao.EdiReasonCodeRepositoryTest.testCache() is @Disabled"/>
    <system-out><![CDATA[2020-06-19 14:05:44 DEBUG [MockBuilder.java:94] set territory -> tVtmOfXbLwcNzwYZuINh
2020-06-19 14:05:44 DEBUG [MockBuilder.java:94] set specialInst4 -> KZUrcXnhvBpEgMqfKrIV
2020-06-19 14:05:44 DEBUG [MockBuilder.java:94] set fob -> VKLnbMjGlYWlskblzpZs
2020-06-19 14:05:44 DEBUG [MockBuilder.java:94] set storeTypeDesc -> CDdZgLZHNypkeMjdtnyT
2020-06-19 14:05:44 DEBUG [MockBuilder.java:94] set refNbr -> iGPVAjqXgBOvwaMHeDbb
2020-06-19 14:05:44 DEBUG [MockBuilder.java:94] set specialInst1 -> yPKdjeVMHZeMFdqmFfFo
2020-06-19 14:05:44 DEBUG [MockBuilder.java:94] set cptPriCarrier -> gtNEcZQpEaEiBtTryPqC
2020-06-19 14:05:44 DEBUG [MockBuilder.java:94] set status -> IXSTgcFlBZQlxWpbXkkk
2020-06-19 14:05:44 DEBUG [MockBuilder.java:94] set plant -> BvUhzIhbKRCvCddJNkVU
2020-06-19 14:05:44 DEBUG [MockBuilder.java:94] set cptSecCarrier -> MqtEkhRQdwdkZknZWQPR
2020-06-19 14:05:44 DEBUG [MockBuilder.java:94] set region -> rddSQtWMPqHEMGuPmFLs
2020-06-19 14:05:44 DEBUG [MockBuilder.java:94] set territoryName -> bMLYeqqORqsCIePFMKYp
2020-06-19 14:05:44 DEBUG [MockBuilder.java:94] set statusMsg -> AGjqCtZogZipSdJprVMU
2020-06-19 14:05:44 DEBUG [MockBuilder.java:94] set refName -> ItCJtTYqahtvHlaexRaj
2020-06-19 14:05:44 DEBUG [MockBuilder.java:94] set salesPerson -> ObPUBxdAEMNWLDhVqLpW
2020-06-19 14:05:44 DEBUG [MockBuilder.java:94] set termsDesc -> RSKbwWKCghTucZZtXXwQ
2020-06-19 14:05:44 DEBUG [MockBuilder.java:94] set zip -> HwBxLFgpwnuDNNSmgDPT
2020-06-19 14:05:44 DEBUG [MockBuilder.java:94] set faxNbr -> mQiRClafdrKwhBLwLbQn
2020-06-19 14:05:44 DEBUG [MockBuilder.java:94] set commName -> iLnuPVfbpAqgUXZzwuwB
2020-06-19 14:05:44 DEBUG [MockBuilder.java:94] set rugsSecCarrier -> YLEZMzrUVARMQraXgLaz
2020-06-19 14:05:44 DEBUG [MockBuilder.java:94] set cptLoc -> rZgEcljzJLYIjRytZmjO
2020-06-19 14:05:44 DEBUG [MockBuilder.java:94] set specialInst3 -> bSZeMiysZjzEcdojrZTs
2020-06-19 14:05:44 DEBUG [MockBuilder.java:94] set deliverySched -> AwnQRzMWlRUTAhHAehqC
2020-06-19 14:05:44 DEBUG [MockBuilder.java:94] set selcoName -> fxCnOIueehktgGirALNW
2020-06-19 14:05:44 DEBUG [MockBuilder.java:94] set termsCode -> vYJmYYLBmymWDikNzRxr
2020-06-19 14:05:44 DEBUG [MockBuilder.java:94] set state -> IushKMIvJnrMWpREhDwH
2020-06-19 14:05:44 DEBUG [MockBuilder.java:94] set district -> ZlFJSjqHUbmchySEfPua
2020-06-19 14:05:44 DEBUG [MockBuilder.java:94] set dateAdded -> EOAxKILCVTXYaCiAkDLL
2020-06-19 14:05:44 DEBUG [MockBuilder.java:94] set cptileMillCarrier -> FsnkVXmNqQMCnvDEkXqw
2020-06-19 14:05:44 DEBUG [MockBuilder.java:94] set millCarrier -> kmdWsbcSWEHsRFwzlThT
2020-06-19 14:05:44 DEBUG [MockBuilder.java:94] set grpAcct -> xzgwSsIRvVgCqDGfqhOS
2020-06-19 14:05:44 DEBUG [MockBuilder.java:94] set cptileWhseCarrier -> gGqzdjybTNQOAbNRkLea
2020-06-19 14:05:44 DEBUG [MockBuilder.java:94] set specialInst2 -> iihrjCTwjMwYYWmQtKiD
2020-06-19 14:05:44 DEBUG [MockBuilder.java:94] set loc -> LZRtBCaHYEKbexwOqQOz
2020-06-19 14:05:44 DEBUG [MockBuilder.java:94] set rugsPriCarrier -> TuaHUPJnQDlpToPLNRmc
2020-06-19 14:05:44 DEBUG [MockBuilder.java:94] set cptileLoc -> HXHJUFXqmwahJghJQcWh
2020-06-19 14:05:44 DEBUG [MockBuilder.java:94] set custNbr -> lAUkCEPCqtifveXxdRFu
2020-06-19 14:05:44 DEBUG [MockBuilder.java:94] set division -> XHWLXDYyXnWpHDFKsQwI
2020-06-19 14:05:44 DEBUG [MockBuilder.java:94] set custSelco -> JSnusBewGZJkfzEXtCLN
2020-06-19 14:05:44 DEBUG [MockBuilder.java:94] set districtManager -> AvzlgDwybxQtEykPKwto
2020-06-19 14:05:44 DEBUG [MockBuilder.java:94] set custKwic -> XxvFpdxLwyaoSxNwGLkC
2020-06-19 14:05:44 DEBUG [MockBuilder.java:94] set district2 -> WbtPloyLhPCzpZoXhVkF
2020-06-19 14:05:44 DEBUG [MockBuilder.java:94] set commCust -> zSuQzbMvLLbrSMZSNNot
2020-06-19 14:05:44 DEBUG [MockBuilder.java:94] set commCustInd -> true
2020-06-19 14:05:44 DEBUG [MockBuilder.java:94] set selCo -> gqoBbspaMoPsOQtTcBwA
2020-06-19 14:05:44 DEBUG [MockBuilder.java:94] set clericalInst2 -> LykdNmSyalbjdxqQfCaJ
2020-06-19 14:05:44 DEBUG [MockBuilder.java:94] set phoneNbr -> KVIghxOzkPNdqJiIYHla
2020-06-19 14:05:44 DEBUG [MockBuilder.java:94] set whseCarrier -> miWIGDxaWfBtfUlRNoXU
2020-06-19 14:05:44 DEBUG [MockBuilder.java:94] set addr1 -> LYVOzbEnTpJqxKDixBcs
2020-06-19 14:05:44 DEBUG [MockBuilder.java:94] set area -> cJeJAxZkUDIGLAzybYUI
2020-06-19 14:05:44 DEBUG [MockBuilder.java:94] set clericalInst1 -> rbjFkMzJpXJnUCDAcsUK
2020-06-19 14:05:44 DEBUG [MockBuilder.java:94] set addr2 -> lBsJHhRPKnEBFEJuSDgI
2020-06-19 14:05:44 DEBUG [MockBuilder.java:94] set cptileId -> vGBlnTwBfxBLOepWXarN
2020-06-19 14:05:44 DEBUG [MockBuilder.java:94] set custName -> OBOILBQsCKnwTDBzJgjH
2020-06-19 14:05:44 DEBUG [MockBuilder.java:94] set city -> WhLplWLwfSUSOUqyAWCa
2020-06-19 14:05:44 DEBUG [MockBuilder.java:94] set packType -> innNTHjxUskGHrTlWSMq
2020-06-19 14:05:44 DEBUG [MockBuilder.java:94] set delVehName -> nqcJHAxzRESTRKIaDnLK
2020-06-19 14:05:44 DEBUG [MockBuilder.java:94] set delVehNbr -> NaiFthACBQZjeojyAuGo
2020-06-19 14:05:44 DEBUG [MockBuilder.java:94] set subset -> UdGmyupIklVWXxDGlsES
2020-06-19 14:05:44 DEBUG [MockBuilder.java:94] set invStyleNbr -> HDTMUwofLsdEyDWrXmsP
2020-06-19 14:05:44 DEBUG [MockBuilder.java:94] set partNbr -> kmFuXPnlpHIZtMoUhHUC
2020-06-19 14:05:44 DEBUG [MockBuilder.java:94] set invColorNbr -> psIgawOhWyDzIuYcdeuK
2020-06-19 14:05:44 DEBUG [MockBuilder.java:94] set invPartNbr -> GJhbILWMbusAjqHSEWYg
2020-06-19 14:05:44 DEBUG [MockBuilder.java:94] set samplesColorNbr -> MfLZBkqDoOavaDhJoKLS
2020-06-19 14:05:44 DEBUG [MockBuilder.java:94] set samplesSeqNbr -> zIYbEcKxSNvpZGNjFSUV
2020-06-19 14:05:44 DEBUG [MockBuilder.java:94] set samplesStyleNbr -> lNjUIVmcncfcFVRksAgZ
2020-06-19 14:05:44 DEBUG [MockBuilder.java:94] set cartonQty -> 730527
2020-06-19 14:05:44 DEBUG [MockBuilder.java:94] set resultType -> tvdByoRszwYeTHVuSOWi
2020-06-19 14:05:44 DEBUG [MockBuilder.java:94] set orderNbr -> ZXIswmFUpjeCjyLgDUjh
2020-06-19 14:05:44 DEBUG [MockBuilder.java:94] set resultMessage -> jowGiNTKVtIOTxKgIBJF
2020-06-19 14:05:44 DEBUG [MockBuilder.java:94] set restricted -> true
2020-06-19 14:05:44 DEBUG [MockBuilder.java:94] set successful -> true
2020-06-19 14:05:44 DEBUG [MockBuilder.java:94] set orderDate -> null
2020-06-19 14:05:44 DEBUG [MockBuilder.java:94] set assignedTo -> cMzXPhMYbn
2020-06-19 14:05:44 DEBUG [MockBuilder.java:94] set description -> yfNzvtBIwbeISZeZFnjv
2020-06-19 14:05:44 DEBUG [MockBuilder.java:94] set actionCode -> TdOQXfgRqz
2020-06-19 14:05:44 DEBUG [MockBuilder.java:94] set status -> O
2020-06-19 14:05:44 DEBUG [MockBuilder.java:94] set createTimestamp -> 1970-01-01T00:08:58
2020-06-19 14:05:44 DEBUG [MockBuilder.java:94] set createdBy -> HaPHcbTDic
2020-06-19 14:05:44 DEBUG [MockBuilder.java:94] set changeTimestamp -> 1970-01-01T01:31:22
2020-06-19 14:05:44 DEBUG [MockBuilder.java:94] set changedBy -> LOwiANjwpd
2020-06-19 14:05:44 DEBUG [MockBuilder.java:94] set description -> NaQRBCPZoHZdeWtlIhVM
2020-06-19 14:05:44 DEBUG [MockBuilder.java:94] set changedBy -> EhQfsmyRgi
2020-06-19 14:05:44 DEBUG [MockBuilder.java:94] set createTimestamp -> 1970-01-01T00:45:53
2020-06-19 14:05:44 DEBUG [MockBuilder.java:94] set status -> q
2020-06-19 14:05:44 DEBUG [MockBuilder.java:94] set changeTimestamp -> 1970-01-01T01:11:35
2020-06-19 14:05:44 DEBUG [MockBuilder.java:94] set assignedTo -> bjbkuNYUjX
2020-06-19 14:05:44 DEBUG [MockBuilder.java:94] set actionCode -> IQoZiikVPb
2020-06-19 14:05:44 DEBUG [MockBuilder.java:94] set createdBy -> vvcXvjOPjA
2020-06-19 14:05:44 DEBUG [MockBuilder.java:94] set orderingSystem -> hh
2020-06-19 14:05:44 DEBUG [MockBuilder.java:94] set purchasedBy -> VlxohhXmZKJTTZrtYwey
2020-06-19 14:05:44 DEBUG [MockBuilder.java:94] set reserveOrderInd -> S
2020-06-19 14:05:44 DEBUG [MockBuilder.java:94] set eventInfo -> RLPmwNhIdFRPzZp
2020-06-19 14:05:44 DEBUG [MockBuilder.java:94] set phoneNumber -> iPQHTOGuCPL
2020-06-19 14:05:44 DEBUG [MockBuilder.java:94] set orderRetTotal -> 3189733.4968355214
2020-06-19 14:05:44 DEBUG [MockBuilder.java:94] set explodeFlag -> x
2020-06-19 14:05:44 DEBUG [MockBuilder.java:94] set returnMsg -> ZkfAKNmADqoXHLuWSSlc
2020-06-19 14:05:44 DEBUG [MockBuilder.java:94] set rcdCode -> o
2020-06-19 14:05:44 DEBUG [MockBuilder.java:94] set poControl -> hUpmP
2020-06-19 14:05:44 DEBUG [MockBuilder.java:94] set orderType -> C
2020-06-19 14:05:44 DEBUG [MockBuilder.java:94] set fobPoint -> bO
2020-06-19 14:05:44 DEBUG [MockBuilder.java:94] set poType -> Tnyaq
2020-06-19 14:05:44 DEBUG [MockBuilder.java:94] set frtCode -> L
2020-06-19 14:05:44 DEBUG [MockBuilder.java:94] set orderTypeDesc -> bcFJaeZAVyalTPn
2020-06-19 14:05:44 DEBUG [MockBuilder.java:94] set routeByDate -> 1977-03-26
2020-06-19 14:05:44 DEBUG [MockBuilder.java:94] set giftMessage1 -> tlJdHEWicuvkHncqSRNl
2020-06-19 14:05:44 DEBUG [MockBuilder.java:94] set giftMessage2 -> BrnYQObZZcPUbDtNRqOo
2020-06-19 14:05:44 DEBUG [MockBuilder.java:94] set orderRetHand -> 9486610.028556116
2020-06-19 14:05:44 DEBUG [MockBuilder.java:94] set hostAlertFlag -> d
2020-06-19 14:05:44 DEBUG [MockBuilder.java:94] set orderRetSh -> 6004285.982725084
2020-06-19 14:05:44 DEBUG [MockBuilder.java:94] set receivedTimestamp -> 1970-01-01T02:34:24
2020-06-19 14:05:44 DEBUG [MockBuilder.java:94] set dunsNbr -> arRvTDklIRYeuKF
2020-06-19 14:05:44 DEBUG [MockBuilder.java:94] set orderRetTax -> 2305995.5707764337
2020-06-19 14:05:44 DEBUG [MockBuilder.java:94] set errorCode -> xYV
2020-06-19 14:05:44 DEBUG [MockBuilder.java:94] set shipPartCompInd -> R
2020-06-19 14:05:44 DEBUG [MockBuilder.java:94] set errorDescription -> eDcQcleZxFwFWlgAvFVl
2020-06-19 14:05:44 DEBUG [MockBuilder.java:94] set refTcNbr -> BSxQafemdCWbeWUYlKvd
2020-06-19 14:05:44 DEBUG [MockBuilder.java:94] set shipPt -> rS
2020-06-19 14:05:44 DEBUG [MockBuilder.java:94] set errorTimestamp -> 1970-01-01T00:15:52
2020-06-19 14:05:44 DEBUG [MockBuilder.java:94] set specialInstruct1 -> sXcBpQSWybiqdWSdOPbc
2020-06-19 14:05:44 DEBUG [MockBuilder.java:94] set storeName -> lBQeUYyagckwkmrPXZkl
2020-06-19 14:05:44 DEBUG [MockBuilder.java:94] set deliveryDate -> 1984-11-14
2020-06-19 14:05:44 DEBUG [MockBuilder.java:94] set poDateValue -> 1989-03-07
2020-06-19 14:05:44 DEBUG [MockBuilder.java:94] set delvCutOffDt -> 1975-04-30
2020-06-19 14:05:44 DEBUG [MockBuilder.java:94] set poDateQualifier -> gyt
2020-06-19 14:05:44 DEBUG [MockBuilder.java:94] set divDesc -> nFZattclNkkeFedTXNKG
2020-06-19 14:05:44 DEBUG [MockBuilder.java:94] set termsNetDays -> wPr
2020-06-19 14:05:44 DEBUG [MockBuilder.java:94] set poNumber -> LuQIHQlosidwRSeToicI
2020-06-19 14:05:44 DEBUG [MockBuilder.java:94] set ohStatusCode -> t
2020-06-19 14:05:44 DEBUG [MockBuilder.java:94] set poQual -> sd
2020-06-19 14:05:44 DEBUG [MockBuilder.java:94] set salesCheckNumber -> CKCTrAduHcXybglEXiSP
2020-06-19 14:05:44 DEBUG [MockBuilder.java:94] set onNote -> crEGTTdvQKtyLlCCpbaV
2020-06-19 14:05:44 DEBUG [MockBuilder.java:94] set shipComplete -> P
2020-06-19 14:05:44 DEBUG [MockBuilder.java:94] set onlineType -> s
2020-06-19 14:05:44 DEBUG [MockBuilder.java:94] set salesReqCode -> mC
2020-06-19 14:05:44 DEBUG [MockBuilder.java:94] set shipDateValue -> 1996-04-23
2020-06-19 14:05:44 DEBUG [MockBuilder.java:94] set orderDate -> 1993-07-02
2020-06-19 14:05:44 DEBUG [MockBuilder.java:94] set poTypeSuffix -> ZxUpEyAjuq
2020-06-19 14:05:44 DEBUG [MockBuilder.java:94] set orderWeight -> 7969252.74292712
2020-06-19 14:05:44 DEBUG [MockBuilder.java:94] set specialInstruct2 -> pMfFeQzZoBPwZgAEaHbV
2020-06-19 14:05:44 DEBUG [MockBuilder.java:94] set termsTypeFlag -> Zq
2020-06-19 14:05:44 DEBUG [MockBuilder.java:94] set sellCo -> zS
2020-06-19 14:05:44 DEBUG [MockBuilder.java:94] set shipByCutOffDt -> 1989-08-21
2020-06-19 14:05:44 DEBUG [MockBuilder.java:94] set shipDateQualifier -> seC
2020-06-19 14:05:44 DEBUG [MockBuilder.java:94] set orderLoc -> uN
2020-06-19 14:05:44 DEBUG [MockBuilder.java:94] set psMsg -> BmJTqKdWmCKsfOfDBsAL
2020-06-19 14:05:44 DEBUG [MockBuilder.java:94] set shipByDate -> 1974-06-02
2020-06-19 14:05:44 DEBUG [MockBuilder.java:94] set shipInstruction -> YAHLHdxfNVXhzQnppKus
2020-06-19 14:05:44 DEBUG [MockBuilder.java:94] set orderMerCost -> 9983522.362402318
2020-06-19 14:05:44 DEBUG [MockBuilder.java:94] set totalBindingFt -> 519499.9097998735
2020-06-19 14:05:44 DEBUG [MockBuilder.java:94] set shipCancelDate -> 1981-10-21
2020-06-19 14:05:44 DEBUG [MockBuilder.java:94] set shawOrderNumber -> vJOjaE
2020-06-19 14:05:44 DEBUG [MockBuilder.java:94] set consStatusMsg -> widCIMPHIrbmeQNpjoFL
2020-06-19 14:05:44 DEBUG [MockBuilder.java:94] set srvLevel -> og
2020-06-19 14:05:44 DEBUG [MockBuilder.java:94] set inputMethod -> zErKvbssCW
2020-06-19 14:05:44 DEBUG [MockBuilder.java:94] set beg -> eAWID
2020-06-19 14:05:44 DEBUG [MockBuilder.java:94] set contractUsageInd -> P
2020-06-19 14:05:44 DEBUG [MockBuilder.java:94] set statusCode -> F
2020-06-19 14:05:44 DEBUG [MockBuilder.java:94] set markForStore -> lZIGRwqsNm
2020-06-19 14:05:44 DEBUG [MockBuilder.java:94] set billToState -> gT
2020-06-19 14:05:44 DEBUG [MockBuilder.java:94] set crossDockCenter -> kqPgYdspNM
2020-06-19 14:05:44 DEBUG [MockBuilder.java:94] set stdCarrAlphaInd -> VCVw
2020-06-19 14:05:44 DEBUG [MockBuilder.java:94] set mediaEventCode -> oD
2020-06-19 14:05:44 DEBUG [MockBuilder.java:94] set billToStore -> uZRMjviTmS
2020-06-19 14:05:44 DEBUG [MockBuilder.java:94] set specialInstruct3 -> nPKvoziPFwvYJxdfjpOe
2020-06-19 14:05:44 DEBUG [MockBuilder.java:94] set custDept -> VXYoo
2020-06-19 14:05:44 DEBUG [MockBuilder.java:94] set agreementNumber -> dwVnGfQZFolifKR
2020-06-19 14:05:44 DEBUG [MockBuilder.java:94] set bsStoreNbr -> lYtJnfpLio
2020-06-19 14:05:44 DEBUG [MockBuilder.java:94] set chngLid -> VPeamrMm
2020-06-19 14:05:44 DEBUG [MockBuilder.java:94] set specialInstruct4 -> ExipbORtfEEvSbLBMGPg
2020-06-19 14:05:44 DEBUG [MockBuilder.java:94] set assignedAgent -> ovylYxJD
2020-06-19 14:05:44 DEBUG [MockBuilder.java:94] set seqNbr -> 518524
2020-06-19 14:05:44 DEBUG [MockBuilder.java:94] set chngTimestamp -> 1970-01-01T02:37:17
2020-06-19 14:05:44 DEBUG [MockBuilder.java:94] set authRep -> YBAVTYSoQYGDdGSDMjgp
2020-06-19 14:05:44 DEBUG [MockBuilder.java:94] set userId -> qBoDLqBt
2020-06-19 14:05:44 DEBUG [MockBuilder.java:94] set nbDate -> 1974-08-20
2020-06-19 14:05:44 DEBUG [MockBuilder.java:94] set cancelDateQualifier -> hbI
2020-06-19 14:05:44 DEBUG [MockBuilder.java:94] set specialPoNo -> kKgjdwrXtElGOvoAIGgn
2020-06-19 14:05:44 DEBUG [MockBuilder.java:94] set phone -> ibvMDcuMybYoJUr
2020-06-19 14:05:44 DEBUG [MockBuilder.java:94] set commCust -> sTmcuPP
2020-06-19 14:05:44 DEBUG [MockBuilder.java:94] set carrierCode -> ls
2020-06-19 14:05:44 DEBUG [MockBuilder.java:94] set authorizationNo -> MZYXLvWiOM
2020-06-19 14:05:44 DEBUG [MockBuilder.java:94] set province -> EMhxvurvWZmAKzRbYRh
2020-06-19 14:05:44 DEBUG [MockBuilder.java:94] set customerCode -> Wd
2020-06-19 14:05:44 DEBUG [MockBuilder.java:94] set country -> YuIvnyXWuyiNXqOrGEQ
2020-06-19 14:05:44 DEBUG [MockBuilder.java:94] set cbCutLength -> 9529426.568581361
2020-06-19 14:05:44 DEBUG [MockBuilder.java:94] set custNbr -> ppoolKP
2020-06-19 14:05:44 DEBUG [MockBuilder.java:94] set acctContact -> SeTDItgUKuRUhRuwuBig
2020-06-19 14:05:44 DEBUG [MockBuilder.java:94] set name -> SsKQfXcvjkMbGiLWjfpN
2020-06-19 14:05:44 DEBUG [MockBuilder.java:94] set custPmtMeth -> cTqgLHQaBlXcVJtZPkDp
2020-06-19 14:05:44 DEBUG [MockBuilder.java:94] set customerRefNbr -> leb
2020-06-19 14:05:44 DEBUG [MockBuilder.java:94] set acknowlegeOrdInd -> R
2020-06-19 14:05:44 DEBUG [MockBuilder.java:94] set customerSidemark -> nEeulvjogFnYuuhiUipl
2020-06-19 14:05:44 DEBUG [MockBuilder.java:94] set addrKey -> 153614
2020-06-19 14:05:44 DEBUG [MockBuilder.java:94] set custSpInst -> HNEMrRzIxSKesUhDMNkr
2020-06-19 14:05:44 DEBUG [MockBuilder.java:94] set truncFlag -> Z
2020-06-19 14:05:44 DEBUG [MockBuilder.java:94] set addressLine2 -> ucopNYZcZrPUvucZUvao
2020-06-19 14:05:44 DEBUG [MockBuilder.java:94] set flag -> 581839
2020-06-19 14:05:44 DEBUG [MockBuilder.java:94] set newStoreInd -> E
2020-06-19 14:05:44 DEBUG [MockBuilder.java:94] set cnCity -> YnSPXAbXFbqRDoFNdbQ
2020-06-19 14:05:44 DEBUG [MockBuilder.java:94] set city -> CMnyIGvoIQijlncZJeZ
2020-06-19 14:05:44 DEBUG [MockBuilder.java:94] set store -> xdeIvQtNdm
2020-06-19 14:05:44 DEBUG [MockBuilder.java:94] set noAsnFlag -> L
2020-06-19 14:05:44 DEBUG [MockBuilder.java:94] set destCode -> pE
2020-06-19 14:05:44 DEBUG [MockBuilder.java:94] set addressLine1 -> mtosRAICmgUitsAAswnT
2020-06-19 14:05:44 DEBUG [MockBuilder.java:94] set vendorNo -> GanLbVYDdzKxjfR
2020-06-19 14:05:44 DEBUG [MockBuilder.java:94] set custNbr -> lXbFOkd
2020-06-19 14:05:44 DEBUG [MockBuilder.java:94] set ohCancelDateValue -> 1978-08-29
2020-06-19 14:05:44 DEBUG [MockBuilder.java:94] set custWhNbr -> QGTD
2020-06-19 14:05:44 DEBUG [MockBuilder.java:94] set zip -> kHeqMXcHJYj
2020-06-19 14:05:44 DEBUG [MockBuilder.java:94] set wcStore -> uLZccXGDlT
2020-06-19 14:05:44 DEBUG [MockBuilder.java:94] set state -> Le
2020-06-19 14:05:44 DEBUG [MockBuilder.java:94] set shipToAddress -> LegacyShipToAddress [addressLine1=mtosRAICmgUitsAAswnT, addressLine2=ucopNYZcZrPUvucZUvao, city=CMnyIGvoIQijlncZJeZ, cnCity=YnSPXAbXFbqRDoFNdbQ, country=YuIvnyXWuyiNXqOrGEQ, custNbr=lXbFOkd, destCode=pE, flag=581839, name=SsKQfXcvjkMbGiLWjfpN, phone=ibvMDcuMybYoJUr, province=EMhxvurvWZmAKzRbYRh, state=Le, store=xdeIvQtNdm, truncFlag=Z, zip=kHeqMXcHJYj]
2020-06-19 14:05:44 DEBUG [MockBuilder.java:94] set cphone -> fZAwXzwbpBNTYfsHzLuX
2020-06-19 14:05:44 DEBUG [MockBuilder.java:94] set name -> hVCKzMjxnESLWZwGwvlC
2020-06-19 14:05:44 DEBUG [MockBuilder.java:94] set state -> Sq
2020-06-19 14:05:44 DEBUG [MockBuilder.java:94] set consumerShipFlg -> U
2020-06-19 14:05:44 DEBUG [MockBuilder.java:94] set zip -> BdbPxLisN
2020-06-19 14:05:44 DEBUG [MockBuilder.java:94] set cprovince -> XAvRUDewnTkwelzlcWgX
2020-06-19 14:05:44 DEBUG [MockBuilder.java:94] set city -> ypBcbaDJrqNcIAygKBm
2020-06-19 14:05:44 DEBUG [MockBuilder.java:94] set ccountry -> cbQvWNNnunKmqPAIwgxh
2020-06-19 14:05:44 DEBUG [MockBuilder.java:94] set addressLine2 -> TFPnHyZHsCjMuNdEBvVA
2020-06-19 14:05:44 DEBUG [MockBuilder.java:94] set addressLine1 -> zCOvNNymDXSTssaRzwxA
2020-06-19 14:05:44 DEBUG [MockBuilder.java:94] set consumerPoDateValue -> 1974-06-09
2020-06-19 14:05:44 DEBUG [MockBuilder.java:94] set consumerAddress -> LegacyConsumerAddress [cprovince=XAvRUDewnTkwelzlcWgX, ccountry=cbQvWNNnunKmqPAIwgxh, cphone=fZAwXzwbpBNTYfsHzLuX, addressLine1=zCOvNNymDXSTssaRzwxA, addressLine2=TFPnHyZHsCjMuNdEBvVA, city=ypBcbaDJrqNcIAygKBm, name=hVCKzMjxnESLWZwGwvlC, consumerPoDateValue=1974-06-09, consumerShipFlg=U, state=Sq, zip=BdbPxLisN]
2020-06-19 14:05:44 DEBUG [MockBuilder.java:94] set addressLine1 -> duYOETvqoLbRNYMRnRKd
2020-06-19 14:05:44 DEBUG [MockBuilder.java:94] set tpcountry -> MfuKnyUMkgsocJXAUaWo
2020-06-19 14:05:44 DEBUG [MockBuilder.java:94] set accountNbr -> dHcjGOltbbCMcjVtqtnQ
2020-06-19 14:05:44 DEBUG [MockBuilder.java:94] set city -> ZFFLpxhznFiHfwhTbnrC
2020-06-19 14:05:44 DEBUG [MockBuilder.java:94] set state -> BA
2020-06-19 14:05:44 DEBUG [MockBuilder.java:94] set billFlag -> P
2020-06-19 14:05:44 DEBUG [MockBuilder.java:94] set addressLine2 -> yBpOUWEofjfODWPzEhuU
2020-06-19 14:05:44 DEBUG [MockBuilder.java:94] set tpphone -> xSgTjjJmJHXzIkLcNFjX
2020-06-19 14:05:44 DEBUG [MockBuilder.java:94] set name -> XcTRhMgiTnwfRADauuMr
2020-06-19 14:05:44 DEBUG [MockBuilder.java:94] set zip -> KnMbEsBDItDLpxQY
2020-06-19 14:05:44 DEBUG [MockBuilder.java:94] set tpprovince -> VgBHKutbSnzCPJyBlCxh
2020-06-19 14:05:44 DEBUG [MockBuilder.java:94] set name2 -> ywTdJQMnkMGfvgQBKrRd
2020-06-19 14:05:44 DEBUG [MockBuilder.java:94] set thirdPartyAddress -> LegacyThirdPartyAddress [tpprovince=VgBHKutbSnzCPJyBlCxh, tpcountry=MfuKnyUMkgsocJXAUaWo, tpphone=xSgTjjJmJHXzIkLcNFjX, addressLine1=duYOETvqoLbRNYMRnRKd, addressLine2=yBpOUWEofjfODWPzEhuU, accountNbr=dHcjGOltbbCMcjVtqtnQ, billFlag=P, city=ZFFLpxhznFiHfwhTbnrC, name=XcTRhMgiTnwfRADauuMr, name2=ywTdJQMnkMGfvgQBKrRd, state=BA, zip=KnMbEsBDItDLpxQY]
2020-06-19 14:05:44 DEBUG [MockBuilder.java:94] set dates -> null
2020-06-19 14:05:44 DEBUG [MockBuilder.java:94] set lines -> null
2020-06-19 14:05:44 DEBUG [MockHelper.java:99] EdiOrderHeader [legacyOrderNumber=null, acctContact=SeTDItgUKuRUhRuwuBig, acknowlegeOrdInd=R, addrKey=153614, agreementNumber=dwVnGfQZFolifKR, assignedAgent=ovylYxJD, authRep=YBAVTYSoQYGDdGSDMjgp, authorizationNo=MZYXLvWiOM, beg=eAWID, billToState=gT, billToStore=uZRMjviTmS, bsStoreNbr=lYtJnfpLio, cancelDateQualifier=hbI, carrierCode=ls, cbCutLength=9529426.568581361, chngLid=VPeamrMm, chngTimestamp=1970-01-01T02:37:17, commCust=sTmcuPP, consStatusMsg=widCIMPHIrbmeQNpjoFL, contractUsageInd=P, crossDockCenter=kqPgYdspNM, custDept=VXYoo, custPmtMeth=cTqgLHQaBlXcVJtZPkDp, custSpInst=HNEMrRzIxSKesUhDMNkr, custWhNbr=QGTD, customerCode=Wd, custNbr=ppoolKP, customerRefNbr=leb, customerSidemark=nEeulvjogFnYuuhiUipl, deliveryDate=1984-11-14, delvCutOffDt=1975-04-30, divDesc=nFZattclNkkeFedTXNKG, dunsNbr=arRvTDklIRYeuKF, errorCode=xYV, errorDescription=eDcQcleZxFwFWlgAvFVl, errorTimestamp=1970-01-01T00:15:52, eventInfo=RLPmwNhIdFRPzZp, explodeFlag=x, fobPoint=bO, frtCode=L, giftMessage1=tlJdHEWicuvkHncqSRNl, giftMessage2=BrnYQObZZcPUbDtNRqOo, hostAlertFlag=d, inputMethod=zErKvbssCW, markForStore=lZIGRwqsNm, mediaEventCode=oD, nbDate=1974-08-20, newStoreInd=E, noAsnFlag=L, ohCancelDateValue=1978-08-29, ohStatusCode=t, onNote=crEGTTdvQKtyLlCCpbaV, onlineType=s, orderDate=1993-07-02, orderLoc=01, orderMerCost=9983522.362402318, shawOrderNumber=vJOjaE, orderRetHand=9486610.028556116, orderRetSh=6004285.982725084, orderRetTax=2305995.5707764337, orderRetTotal=3189733.4968355214, orderType=C, orderTypeDesc=CARPET, orderWeight=7969252.74292712, orderingSystem=hh, phoneNumber=iPQHTOGuCPL, poControl=hUpmP, poDateValue=1989-03-07, poDateQualifier=gyt, poNumber=LuQIHQlosidwRSeToicI, poQual=sd, poType=Tnyaq, poTypeSuffix=ZxUpEyAjuq, psMsg=BmJTqKdWmCKsfOfDBsAL, purchasedBy=VlxohhXmZKJTTZrtYwey, rcdCode=o, receivedTimestamp=1970-01-01T02:34:24, refTcNbr=BSxQafemdCWbeWUYlKvd, reserveOrderInd=S, returnMsg=ZkfAKNmADqoXHLuWSSlc, routeByDate=1977-03-26, salesCheckNumber=CKCTrAduHcXybglEXiSP, salesReqCode=mC, sellCo=zS, seqNbr=518524, shipByCutOffDt=1989-08-21, shipByDate=1974-06-02, shipCancelDate=1981-10-21, shipComplete=P, shipDateValue=1996-04-23, shipDateQualifier=seC, shipInstruction=YAHLHdxfNVXhzQnppKus, shipPartCompInd=R, shipPt=rS, specialInstruct1=sXcBpQSWybiqdWSdOPbc, specialInstruct2=pMfFeQzZoBPwZgAEaHbV, specialInstruct3=nPKvoziPFwvYJxdfjpOe, specialInstruct4=ExipbORtfEEvSbLBMGPg, specialPoNo=kKgjdwrXtElGOvoAIGgn, srvLevel=og, statusCode=F, stdCarrAlphaInd=VCVw, storeName=lBQeUYyagckwkmrPXZkl, termsNetDays=wPr, termsTypeFlag=Zq, totalBindingFt=519499.9097998735, userId=qBoDLqBt, vendorNo=GanLbVYDdzKxjfR, wcStore=uLZccXGDlT, consumerAddress=LegacyConsumerAddress [cprovince=XAvRUDewnTkwelzlcWgX, ccountry=cbQvWNNnunKmqPAIwgxh, cphone=fZAwXzwbpBNTYfsHzLuX, addressLine1=zCOvNNymDXSTssaRzwxA, addressLine2=TFPnHyZHsCjMuNdEBvVA, city=ypBcbaDJrqNcIAygKBm, name=hVCKzMjxnESLWZwGwvlC, consumerPoDateValue=1974-06-09, consumerShipFlg=U, state=Sq, zip=BdbPxLisN], shipToAddress=LegacyShipToAddress [addressLine1=mtosRAICmgUitsAAswnT, addressLine2=ucopNYZcZrPUvucZUvao, city=CMnyIGvoIQijlncZJeZ, cnCity=YnSPXAbXFbqRDoFNdbQ, country=YuIvnyXWuyiNXqOrGEQ, custNbr=lXbFOkd, destCode=pE, flag=581839, name=SsKQfXcvjkMbGiLWjfpN, phone=ibvMDcuMybYoJUr, province=EMhxvurvWZmAKzRbYRh, state=Le, store=xdeIvQtNdm, truncFlag=Z, zip=kHeqMXcHJYj], thirdPartyAddress=LegacyThirdPartyAddress [tpprovince=VgBHKutbSnzCPJyBlCxh, tpcountry=MfuKnyUMkgsocJXAUaWo, tpphone=xSgTjjJmJHXzIkLcNFjX, addressLine1=duYOETvqoLbRNYMRnRKd, addressLine2=yBpOUWEofjfODWPzEhuU, accountNbr=dHcjGOltbbCMcjVtqtnQ, billFlag=P, city=ZFFLpxhznFiHfwhTbnrC, name=XcTRhMgiTnwfRADauuMr, name2=ywTdJQMnkMGfvgQBKrRd, state=BA, zip=KnMbEsBDItDLpxQY], dates=null, lines=null]
2020-06-19 14:05:44 DEBUG [MockBuilder.java:94] set createdBy -> zNPuUxSnVp
2020-06-19 14:05:44 DEBUG [MockBuilder.java:94] set type -> SCbLDNzjsnnWWuycoqTE
2020-06-19 14:05:44 DEBUG [MockBuilder.java:94] set orderingSystem -> bT
2020-06-19 14:05:44 DEBUG [MockBuilder.java:94] set validations -> null
2020-06-19 14:05:44 DEBUG [MockBuilder.java:94] set changedBy -> YtPMAOJpTp
2020-06-19 14:05:44 DEBUG [MockBuilder.java:94] set legacyOrderNumber -> 177802385
2020-06-19 14:05:44 DEBUG [MockBuilder.java:94] set country -> Ks
2020-06-19 14:05:44 DEBUG [MockBuilder.java:94] set changeTimestamp -> 1970-01-01T02:28:56
2020-06-19 14:05:44 DEBUG [MockBuilder.java:94] set createTimestamp -> 1970-01-01T00:05:21
2020-06-19 14:05:44 DEBUG [MockBuilder.java:94] set shawOrderNbr -> jGBxyz
2020-06-19 14:05:44 DEBUG [MockBuilder.java:94] set zip -> MrjsGqsxKhLSijqF
2020-06-19 14:05:44 DEBUG [MockBuilder.java:94] set createTimestamp -> 1970-01-01T01:08:34
2020-06-19 14:05:44 DEBUG [MockBuilder.java:94] set orderType -> RMXwOaqvOtbdzZrNbysm
2020-06-19 14:05:44 DEBUG [MockBuilder.java:94] set province -> OOwxKVKyvOrGcuxSnYv
2020-06-19 14:05:44 DEBUG [MockBuilder.java:94] set nbDate -> 1992-09-13
2020-06-19 14:05:44 DEBUG [MockBuilder.java:94] set changeTimestamp -> 1970-01-01T00:17:37
2020-06-19 14:05:44 DEBUG [MockBuilder.java:94] set requestOrderJson -> aeYWtTmwtYjqYaIcwuwA
2020-06-19 14:05:44 DEBUG [MockBuilder.java:94] set state -> MQ
2020-06-19 14:05:44 DEBUG [MockBuilder.java:94] set dateValue -> 1989-11-09
2020-06-19 14:05:44 DEBUG [MockBuilder.java:94] set customerCode -> mw
2020-06-19 14:05:44 DEBUG [MockBuilder.java:94] set createTimestamp -> 1970-01-01T00:53:21
2020-06-19 14:05:44 DEBUG [MockBuilder.java:94] set changedBy -> EkwvlBzLzj
2020-06-19 14:05:44 DEBUG [MockBuilder.java:94] set createdBy -> xKbzEjLQCG
2020-06-19 14:05:44 DEBUG [MockBuilder.java:94] set sampVvalue -> fBrLvTljVFNHUXlHdxaO
2020-06-19 14:05:44 DEBUG [MockBuilder.java:94] set qualifier -> dRQ
2020-06-19 14:05:44 DEBUG [MockBuilder.java:94] set changeTimestamp -> 1970-01-01T00:10:48
2020-06-19 14:05:44 DEBUG [MockBuilder.java:94] set sampType -> tZcWDiYqulZbCnQJfboj
2020-06-19 14:05:44 DEBUG [MockBuilder.java:94] set agreementNumber -> bVIHzPMIpJhvwxA
2020-06-19 14:05:44 DEBUG [MockBuilder.java:94] set changedBy -> qzuIbtKbAE
2020-06-19 14:05:44 DEBUG [MockBuilder.java:94] set storeName -> igTrfMbwIAeypnrztPIG
2020-06-19 14:05:44 DEBUG [MockBuilder.java:94] set createdBy -> trJrLiQvzn
2020-06-19 14:05:44 DEBUG [MockBuilder.java:94] set createTimestamp -> 1970-01-01T02:20:40
2020-06-19 14:05:44 DEBUG [MockBuilder.java:94] set custDept -> iGewa
2020-06-19 14:05:44 DEBUG [MockBuilder.java:94] set phone -> wnFsJdcGsPWEcrc
2020-06-19 14:05:44 DEBUG [MockBuilder.java:94] set billToStore -> TrNDTsseTR
2020-06-19 14:05:44 DEBUG [MockBuilder.java:94] set commCust -> mtThyQV
2020-06-19 14:05:44 DEBUG [MockBuilder.java:94] set changeTimestamp -> 1970-01-01T00:42:03
2020-06-19 14:05:44 DEBUG [MockBuilder.java:94] set addressLine1 -> gjwrQSipqDxZlBOqQmbw
2020-06-19 14:05:44 DEBUG [MockBuilder.java:94] set serviceCode -> mtgzRPLldOdqHYfJftxy
2020-06-19 14:05:44 DEBUG [MockBuilder.java:94] set freightType -> EUAFtcmfEBgatqPGOHrZ
2020-06-19 14:05:44 DEBUG [MockBuilder.java:94] set changedBy -> EMbkVWCxrH
2020-06-19 14:05:44 DEBUG [MockBuilder.java:94] set customerNumber -> ZRTMft
2020-06-19 14:05:44 DEBUG [MockBuilder.java:94] set careOf -> hlgBeAdHTkAkXLUIYzeH
2020-06-19 14:05:44 DEBUG [MockBuilder.java:94] set poNumber -> rKpjOPxxPINLeZAkVCQe
2020-06-19 14:05:44 DEBUG [MockBuilder.java:94] set dateValue -> 1970-06-21
2020-06-19 14:05:44 DEBUG [MockBuilder.java:94] set carrierCode -> Lz
2020-06-19 14:05:44 DEBUG [MockBuilder.java:94] set city -> MYZoOllLkeykzVMktGhV
2020-06-19 14:05:44 DEBUG [MockBuilder.java:94] set createdBy -> FuVxdSOIGq
2020-06-19 14:05:44 DEBUG [MockBuilder.java:94] set addressLine2 -> goQvpToOtKvfzUflCXJr
2020-06-19 14:05:44 DEBUG [MockBuilder.java:94] set careOf -> bXnEIJJqxPgRKTblCYax
2020-06-19 14:05:44 DEBUG [MockBuilder.java:94] set qualifier -> owD
2020-06-19 14:05:44 DEBUG [MockBuilder.java:94] set name -> SIIKzMndtFXgzXjgpSNy
2020-06-19 14:05:44 DEBUG [MockBuilder.java:94] set poDate -> com.shaw.ediorderservices.persistance.sqlserver.entity.date.PoDate@28d5349e
2020-06-19 14:05:44 DEBUG [MockBuilder.java:94] set shipDate -> com.shaw.ediorderservices.persistance.sqlserver.entity.date.ShipDate@dd3d0a6
2020-06-19 14:05:44 DEBUG [MockBuilder.java:94] set addressLine2 -> DEjpYJCGktCmWhvNRYNy
2020-06-19 14:05:44 DEBUG [MockBuilder.java:94] set dates -> null
2020-06-19 14:05:44 DEBUG [MockBuilder.java:94] set city -> hQDUoyZtpDtzEwbuozKG
2020-06-19 14:05:44 DEBUG [MockBuilder.java:94] set addressLine1 -> FZsHIOJzMHxhOLSyUNgh
2020-06-19 14:05:44 DEBUG [MockBuilder.java:94] set createTimestamp -> 1970-01-01T02:01:30
2020-06-19 14:05:44 DEBUG [MockBuilder.java:94] set shipToFlag -> 3842828.49454623
2020-06-19 14:05:44 DEBUG [MockBuilder.java:94] set country -> LD
2020-06-19 14:05:44 DEBUG [MockBuilder.java:94] set beg -> ROKcj
2020-06-19 14:05:44 DEBUG [MockBuilder.java:94] set shipByDate -> 1970-04-05
2020-06-19 14:05:44 DEBUG [MockBuilder.java:94] set createTimestamp -> 1970-01-01T02:38:14
2020-06-19 14:05:44 DEBUG [MockBuilder.java:94] set country -> LR
2020-06-19 14:05:44 DEBUG [MockBuilder.java:94] set shipCancelDate -> 1970-12-12
2020-06-19 14:05:44 DEBUG [MockBuilder.java:94] set changeTimestamp -> 1970-01-01T02:00:39
2020-06-19 14:05:44 DEBUG [MockBuilder.java:94] set zip -> OwFubBEOsrKoKeLq
2020-06-19 14:05:44 DEBUG [MockBuilder.java:94] set dunsNbr -> BBalDSEVNmzYiBb
2020-06-19 14:05:44 DEBUG [MockBuilder.java:94] set changedBy -> fCTNvzNOXp
2020-06-19 14:05:44 DEBUG [MockBuilder.java:94] set province -> MLnanBEdMicSmpnwMnd
2020-06-19 14:05:44 DEBUG [MockBuilder.java:94] set vendorNo -> hzGHKQrjuSIEVjf
2020-06-19 14:05:44 DEBUG [MockBuilder.java:94] set dateValue -> 1975-03-29
2020-06-19 14:05:44 DEBUG [MockBuilder.java:94] set state -> Bm
2020-06-19 14:05:44 DEBUG [MockBuilder.java:94] set createdBy -> BQsAGpucUJ
2020-06-19 14:05:44 DEBUG [MockBuilder.java:94] set createdBy -> YoojnQyctt
2020-06-19 14:05:44 DEBUG [MockBuilder.java:94] set phone -> DFqfkiwlzfUAdNC
2020-06-19 14:05:44 DEBUG [MockBuilder.java:94] set createTimestamp -> 1970-01-01T01:29:02
2020-06-19 14:05:44 DEBUG [MockBuilder.java:94] set changedBy -> MFUmxbvcaV
2020-06-19 14:05:44 DEBUG [MockBuilder.java:94] set qualifier -> GiZ
2020-06-19 14:05:44 DEBUG [MockBuilder.java:94] set changeTimestamp -> 1970-01-01T02:19:13
2020-06-19 14:05:44 DEBUG [MockBuilder.java:94] set cancelDate -> com.shaw.ediorderservices.persistance.sqlserver.entity.date.CancelDate@10eb8f1
2020-06-19 14:05:44 DEBUG [MockBuilder.java:94] set addressLine1 -> oZpohWDamnckgQaUlRpY
2020-06-19 14:05:44 DEBUG [MockBuilder.java:94] set changedBy -> mIbboPPnXw
2020-06-19 14:05:44 DEBUG [MockBuilder.java:94] set custNbr -> BPSLxQs
2020-06-19 14:05:44 DEBUG [MockBuilder.java:94] set careOf -> tBJOmssTzwVpCjSjWmEo
2020-06-19 14:05:44 DEBUG [MockBuilder.java:94] set destinationCode -> LQ
2020-06-19 14:05:44 DEBUG [MockBuilder.java:94] set zip -> gqiyZjjOhazLIVXM
2020-06-19 14:05:44 DEBUG [MockBuilder.java:94] set createdBy -> PYAxlxQPDw
2020-06-19 14:05:44 DEBUG [MockBuilder.java:94] set city -> PvPSUDrhBgCpFOzYTzYF
2020-06-19 14:05:44 DEBUG [MockBuilder.java:94] set province -> VKmCjbfhDFZxUTNHpFG
2020-06-19 14:05:44 DEBUG [MockBuilder.java:94] set phone -> PiQcyYJlBCGijER
2020-06-19 14:05:44 DEBUG [MockBuilder.java:94] set addressLine2 -> HHbiQFlLSaukiDGxzuEq
2020-06-19 14:05:44 DEBUG [MockBuilder.java:94] set state -> Jb
2020-06-19 14:05:44 DEBUG [MockBuilder.java:94] set changeTimestamp -> 1970-01-01T02:45:30
2020-06-19 14:05:44 DEBUG [MockBuilder.java:94] set generics -> null
2020-06-19 14:05:44 DEBUG [MockBuilder.java:94] set billFlag -> Y
2020-06-19 14:05:44 DEBUG [MockBuilder.java:94] set accountNbr -> WkVXyYFUCfAgniWcqpTD
2020-06-19 14:05:44 DEBUG [MockBuilder.java:94] set lines -> null
2020-06-19 14:05:44 DEBUG [MockBuilder.java:94] set name -> uhQuhvQQHQkHRAbfvkSr
2020-06-19 14:05:44 DEBUG [MockBuilder.java:94] set shipFlag -> K
2020-06-19 14:05:44 DEBUG [MockBuilder.java:94] set name -> gcJZMNBXuQtgQnZQkfWJ
2020-06-19 14:05:44 DEBUG [MockBuilder.java:94] set poDate -> 1987-06-23
2020-06-19 14:05:44 DEBUG [MockBuilder.java:94] set truncFlag -> s
2020-06-19 14:05:44 DEBUG [MockBuilder.java:94] set shipToAddress -> com.shaw.ediorderservices.persistance.sqlserver.entity.address.ShipToAddress@11d10354
2020-06-19 14:05:44 DEBUG [MockBuilder.java:94] set ediOrder -> null
2020-06-19 14:05:44 DEBUG [MockBuilder.java:94] set thirdPartyAddress -> com.shaw.ediorderservices.persistance.sqlserver.entity.address.ThirdPartyAddress@30507ddd
2020-06-19 14:05:44 DEBUG [MockBuilder.java:94] set ediOrder -> null
2020-06-19 14:05:44 DEBUG [MockBuilder.java:94] set consumerAddress -> com.shaw.ediorderservices.persistance.sqlserver.entity.address.ConsumerAddress@9d6dc88
2020-06-19 14:05:44 DEBUG [MockBuilder.java:94] set style -> Ufsin
2020-06-19 14:05:44 DEBUG [MockBuilder.java:94] set lineType -> evkfTiFseiKUyTkHSQWE
2020-06-19 14:05:44 DEBUG [MockBuilder.java:94] set lineNbr -> 91025
2020-06-19 14:05:44 DEBUG [MockBuilder.java:94] set custReqShipDate -> 1971-07-06
2020-06-19 14:05:44 DEBUG [MockBuilder.java:94] set validations -> null
2020-06-19 14:05:44 DEBUG [MockBuilder.java:94] set createTimestamp -> 1970-01-01T01:10:18
2020-06-19 14:05:44 DEBUG [MockBuilder.java:94] set changedBy -> xXBtyEvTik
2020-06-19 14:05:44 DEBUG [MockBuilder.java:94] set changeTimestamp -> 1970-01-01T02:45:16
2020-06-19 14:05:44 DEBUG [MockBuilder.java:94] set samplesValue -> RshZCKhTeMEoJjvLdSbm
2020-06-19 14:05:44 DEBUG [MockBuilder.java:94] set shipDate -> 1976-04-11
2020-06-19 14:05:44 DEBUG [MockBuilder.java:94] set createdBy -> EfwFwRhvsV
2020-06-19 14:05:44 DEBUG [MockBuilder.java:94] set ref -> KLK
2020-06-19 14:05:44 DEBUG [MockBuilder.java:94] set color -> dmkBi
2020-06-19 14:05:44 DEBUG [MockHelper.java:58] EdiOrder [id=null, customerCode=mw, orderingSystem=bT, type=RMXwOaqvOtbdzZrNbysm, legacyId=177802385, shawOrderNbr=jGBxyz, carrierCode=Lz, customerNumber=ZRTMft, commCust=mtThyQV, poNumber=rKpjOPxxPINLeZAkVCQe, freightType=EUAFtcmfEBgatqPGOHrZ, serviceCode=mtgzRPLldOdqHYfJftxy, billToStore=TrNDTsseTR, agreementNumber=bVIHzPMIpJhvwxA, custDept=iGewa, storeName=igTrfMbwIAeypnrztPIG, vendorNo=hzGHKQrjuSIEVjf, dunsNbr=BBalDSEVNmzYiBb, beg=ROKcj, shipCancelDate=1970-12-12, shipByDate=1970-04-05, nbDate=1992-09-13, shipDate=com.shaw.ediorderservices.persistance.sqlserver.entity.date.ShipDate@dd3d0a6, cancelDate=com.shaw.ediorderservices.persistance.sqlserver.entity.date.CancelDate@10eb8f1, poDate=com.shaw.ediorderservices.persistance.sqlserver.entity.date.PoDate@28d5349e, dates=null, shipToAddress=com.shaw.ediorderservices.persistance.sqlserver.entity.address.ShipToAddress@11d10354, consumerAddress=com.shaw.ediorderservices.persistance.sqlserver.entity.address.ConsumerAddress@9d6dc88, thirdPartyAddress=com.shaw.ediorderservices.persistance.sqlserver.entity.address.ThirdPartyAddress@30507ddd, lines=[com.shaw.ediorderservices.persistance.sqlserver.entity.line.SamplesEdiLine@5abfb698], generics=null, validations=null]
2020-06-19 14:05:44 DEBUG [MockBuilder.java:94] set reserveOrderInd -> r
2020-06-19 14:05:44 DEBUG [MockBuilder.java:94] set generics -> null
2020-06-19 14:05:44 DEBUG [MockBuilder.java:94] set createTimestamp -> 1970-01-01T01:45:01
2020-06-19 14:05:44 DEBUG [MockBuilder.java:94] set validations -> null
2020-06-19 14:05:44 DEBUG [MockBuilder.java:94] set authorizationNo -> knmKozTsxc
2020-06-19 14:05:44 DEBUG [MockBuilder.java:94] set changeTimestamp -> 1970-01-01T00:41:35
2020-06-19 14:05:44 DEBUG [MockBuilder.java:94] set acknowledgeOrdInd -> q
2020-06-19 14:05:44 DEBUG [MockBuilder.java:94] set returnMessage -> byDwfYoPXhWFqbcaJQEj
2020-06-19 14:05:44 DEBUG [MockBuilder.java:94] set changedBy -> uCDFvRamJz
2020-06-19 14:05:44 DEBUG [MockBuilder.java:94] set shipPartCompInd -> C
2020-06-19 14:05:44 DEBUG [MockBuilder.java:94] set requestOrderJson -> YSspNkuQSMMTvwQqwbbs
2020-06-19 14:05:44 DEBUG [MockBuilder.java:94] set dateValue -> 1978-06-15
2020-06-19 14:05:44 DEBUG [MockBuilder.java:94] set shipToStore -> shfWJncURF
2020-06-19 14:05:44 DEBUG [MockBuilder.java:94] set gift1Message -> UtXvpQPSGJIcVKOubtgw
2020-06-19 14:05:44 DEBUG [MockBuilder.java:94] set country -> gX
2020-06-19 14:05:44 DEBUG [MockBuilder.java:94] set crossDock -> GcHMtbNVGo
2020-06-19 14:05:44 DEBUG [MockBuilder.java:94] set createdBy -> eZzjUeIwVe
2020-06-19 14:05:44 DEBUG [MockBuilder.java:94] set deliveryCutOffDate -> 1980-03-01
2020-06-19 14:05:44 DEBUG [MockBuilder.java:94] set custDept -> tPpnC
2020-06-19 14:05:44 DEBUG [MockBuilder.java:94] set zip -> IxBfaLIOWooGSyzf
2020-06-19 14:05:44 DEBUG [MockBuilder.java:94] set carrMethCode -> hzZyqxuNHeOZzvtMijbe
2020-06-19 14:05:44 DEBUG [MockBuilder.java:94] set qualifier -> zpg
2020-06-19 14:05:44 DEBUG [MockBuilder.java:94] set noAsnFlag -> k
2020-06-19 14:05:44 DEBUG [MockBuilder.java:94] set province -> ZaYBRpZzEjYSDqAJBBT
2020-06-19 14:05:44 DEBUG [MockBuilder.java:94] set poDate -> com.shaw.ediorderservices.persistance.sqlserver.entity.date.PoDate@3e76e620
2020-06-19 14:05:44 DEBUG [MockBuilder.java:94] set consumerPoDate -> 1974-10-16
2020-06-19 14:05:44 DEBUG [MockBuilder.java:94] set dates -> null
2020-06-19 14:05:44 DEBUG [MockBuilder.java:94] set state -> vn
2020-06-19 14:05:44 DEBUG [MockBuilder.java:94] set storeName -> MlVvrYjaFZOQnercFaHu
2020-06-19 14:05:44 DEBUG [MockBuilder.java:94] set deliveryDate -> 1993-09-19
2020-06-19 14:05:44 DEBUG [MockBuilder.java:94] set customerCode -> Mt
2020-06-19 14:05:44 DEBUG [MockBuilder.java:94] set createTimestamp -> 1970-01-01T01:27:54
2020-06-19 14:05:44 DEBUG [MockBuilder.java:94] set billToStore -> HrnmvTexSO
2020-06-19 14:05:44 DEBUG [MockBuilder.java:94] set markForStore -> GupPftoNda
2020-06-19 14:05:44 DEBUG [MockBuilder.java:94] set changeTimestamp -> 1970-01-01T00:00:22
2020-06-19 14:05:44 DEBUG [MockBuilder.java:94] set orderingSystem -> OK
2020-06-19 14:05:44 DEBUG [MockBuilder.java:94] set agreementNumber -> EOpgDqLFViiYcaX
2020-06-19 14:05:44 DEBUG [MockBuilder.java:94] set country -> gs
2020-06-19 14:05:44 DEBUG [MockBuilder.java:94] set changedBy -> FaEvfMXtzY
2020-06-19 14:05:44 DEBUG [MockBuilder.java:94] set type -> hjaNfegnpbxLmbpssPlk
2020-06-19 14:05:44 DEBUG [MockBuilder.java:94] set bsStore -> tPcKbXEEzR
2020-06-19 14:05:44 DEBUG [MockBuilder.java:94] set zip -> eDmDXXWgULjgleac
2020-06-19 14:05:44 DEBUG [MockBuilder.java:94] set orderType -> OxXMUlmqfxgaAiBsNCch
2020-06-19 14:05:44 DEBUG [MockBuilder.java:94] set beg -> DfdYB
2020-06-19 14:05:44 DEBUG [MockBuilder.java:94] set createdBy -> HDYdGYoPyE
2020-06-19 14:05:44 DEBUG [MockBuilder.java:94] set consStatusMessage -> zwzuBpHBivwVFAbrvOrm
2020-06-19 14:05:44 DEBUG [MockBuilder.java:94] set changedBy -> KQhuLqtUBk
2020-06-19 14:05:44 DEBUG [MockBuilder.java:94] set province -> zPMebzojXVvHEZUcGva
2020-06-19 14:05:44 DEBUG [MockBuilder.java:94] set phone -> iNviycbKMAbnGHB
2020-06-19 14:05:44 DEBUG [MockBuilder.java:94] set packingSlipMessage -> wbASZWixQEHMToLnwuWq
2020-06-19 14:05:44 DEBUG [MockBuilder.java:94] set shipCancelDate -> 1990-08-03
2020-06-19 14:05:44 DEBUG [MockBuilder.java:94] set changeTimestamp -> 1970-01-01T02:01:39
2020-06-19 14:05:44 DEBUG [MockBuilder.java:94] set state -> lv
2020-06-19 14:05:44 DEBUG [MockBuilder.java:94] set addressLine1 -> fUSSsNJCqqOuIclliKQU
2020-06-19 14:05:44 DEBUG [MockBuilder.java:94] set createdBy -> XizJjBGWOe
2020-06-19 14:05:44 DEBUG [MockBuilder.java:94] set createTimestamp -> 1970-01-01T02:11:58
2020-06-19 14:05:44 DEBUG [MockBuilder.java:94] set vendorNo -> WAJRXyMzGgJVOwi
2020-06-19 14:05:44 DEBUG [MockBuilder.java:94] set careOf -> kuASWELriLZedqimjkxC
2020-06-19 14:05:44 DEBUG [MockBuilder.java:94] set createTimestamp -> 1970-01-01T02:30:46
2020-06-19 14:05:44 DEBUG [MockBuilder.java:94] set hostAlertFlag -> Q
2020-06-19 14:05:44 DEBUG [MockBuilder.java:94] set city -> jtqiERXKjbxjpFuWlJng
2020-06-19 14:05:44 DEBUG [MockBuilder.java:94] set changeTimestamp -> 1970-01-01T01:30:47
2020-06-19 14:05:44 DEBUG [MockBuilder.java:94] set shipToConsFlag -> U
2020-06-19 14:05:44 DEBUG [MockBuilder.java:94] set gift2Message -> zevjjxoieLYqfCzmRokI
2020-06-19 14:05:44 DEBUG [MockBuilder.java:94] set routeByDate -> 1996-07-22
2020-06-19 14:05:44 DEBUG [MockBuilder.java:94] set stdCarrierAlphaCode -> ZJWx
2020-06-19 14:05:44 DEBUG [MockBuilder.java:94] set createTimestamp -> 1970-01-01T01:20:17
2020-06-19 14:05:44 DEBUG [MockBuilder.java:94] set commCust -> fYymORI
2020-06-19 14:05:44 DEBUG [MockBuilder.java:94] set dunsNbr -> hssCEnyVLagWMfr
2020-06-19 14:05:44 DEBUG [MockBuilder.java:94] set careOf -> hHcBMoTdamjqReGUrgND
2020-06-19 14:05:44 DEBUG [MockBuilder.java:94] set fobPoint -> ZE
2020-06-19 14:05:44 DEBUG [MockBuilder.java:94] set poNumber -> TrGeNtxxFcXhJwgSBEIj
2020-06-19 14:05:44 DEBUG [MockBuilder.java:94] set name -> IHlnmYbDYrgOqkjWaqTx
2020-06-19 14:05:44 DEBUG [MockBuilder.java:94] set addressLine2 -> bAuVMRaRqXTGpUmcgqfg
2020-06-19 14:05:44 DEBUG [MockBuilder.java:94] set salesCheckNumber -> IFriDTBvOkcgnbAWfTyf
2020-06-19 14:05:44 DEBUG [MockBuilder.java:94] set freightType -> dKojDdAFqjTUvfSUBJBa
2020-06-19 14:05:44 DEBUG [MockBuilder.java:94] set addressLine2 -> MhQaIhAHgMtRyfykGmHT
2020-06-19 14:05:44 DEBUG [MockBuilder.java:94] set newStoreInd -> Q
2020-06-19 14:05:44 DEBUG [MockBuilder.java:94] set serviceCode -> jKWYpeUzuxonWvtfAwdI
2020-06-19 14:05:44 DEBUG [MockBuilder.java:94] set createdBy -> YlqzvgARGV
2020-06-19 14:05:44 DEBUG [MockBuilder.java:94] set city -> AbBzlWVFkGedWbkzmigF
2020-06-19 14:05:44 DEBUG [MockBuilder.java:94] set poQualifier -> HcTHf
2020-06-19 14:05:44 DEBUG [MockBuilder.java:94] set carrierCode -> Kg
2020-06-19 14:05:44 DEBUG [MockBuilder.java:94] set changedBy -> eubJRlzEJY
2020-06-19 14:05:44 DEBUG [MockBuilder.java:94] set shipByDate -> 1972-05-12
2020-06-19 14:05:44 DEBUG [MockBuilder.java:94] set customerNumber -> EiaYzX
2020-06-19 14:05:44 DEBUG [MockBuilder.java:94] set nbDate -> 1983-03-09
2020-06-19 14:05:44 DEBUG [MockBuilder.java:94] set billFlag -> x
2020-06-19 14:05:44 DEBUG [MockBuilder.java:94] set legacyOrderNumber -> 181712097
2020-06-19 14:05:44 DEBUG [MockBuilder.java:94] set dateValue -> 1995-07-15
2020-06-19 14:05:44 DEBUG [MockBuilder.java:94] set name -> rKvZLkoepyhelcDvAFBY
2020-06-19 14:05:44 DEBUG [MockBuilder.java:94] set changeTimestamp -> 1970-01-01T01:30:10
2020-06-19 14:05:44 DEBUG [MockBuilder.java:94] set changedBy -> fdHVEieyDZ
2020-06-19 14:05:44 DEBUG [MockBuilder.java:94] set addressLine1 -> yKmTwABOOomSJimpmSgd
2020-06-19 14:05:44 DEBUG [MockBuilder.java:94] set shawOrderNbr -> OUgljr
2020-06-19 14:05:44 DEBUG [MockBuilder.java:94] set shipToFlag -> 210583.77578804333
2020-06-19 14:05:44 DEBUG [MockBuilder.java:94] set qualifier -> hsC
2020-06-19 14:05:44 DEBUG [MockBuilder.java:94] set custNbr -> aEVlIGH
2020-06-19 14:05:44 DEBUG [MockBuilder.java:94] set phone -> oZRUTqIKYEcKerr
2020-06-19 14:05:44 DEBUG [MockBuilder.java:94] set destinationCode -> Hf
2020-06-19 14:05:44 DEBUG [MockBuilder.java:94] set truncFlag -> q
2020-06-19 14:05:44 DEBUG [MockBuilder.java:94] set createdBy -> eefPrBGuBN
2020-06-19 14:05:44 DEBUG [MockBuilder.java:94] set accountNbr -> gttrZcbOhsYizQyaAhMW
2020-06-19 14:05:44 DEBUG [MockBuilder.java:94] set shipDate -> com.shaw.ediorderservices.persistance.sqlserver.entity.date.ShipDate@18dd9592
2020-06-19 14:05:44 DEBUG [MockBuilder.java:94] set shipToAddress -> com.shaw.ediorderservices.persistance.sqlserver.entity.address.ShipToAddress@3d9bb97
2020-06-19 14:05:44 DEBUG [MockBuilder.java:94] set ediOrder -> null
2020-06-19 14:05:44 DEBUG [MockBuilder.java:94] set thirdPartyAddress -> com.shaw.ediorderservices.persistance.sqlserver.entity.address.ThirdPartyAddress@4a57465b
2020-06-19 14:05:44 DEBUG [MockBuilder.java:94] set lines -> null
2020-06-19 14:05:44 DEBUG [MockBuilder.java:94] set dateValue -> 1988-07-20
2020-06-19 14:05:44 DEBUG [MockBuilder.java:94] set createTimestamp -> 1970-01-01T01:56:50
2020-06-19 14:05:44 DEBUG [MockBuilder.java:94] set qualifier -> KiJ
2020-06-19 14:05:44 DEBUG [MockBuilder.java:94] set changedBy -> EMpMywvybG
2020-06-19 14:05:44 DEBUG [MockBuilder.java:94] set createdBy -> uqIDbEJcZI
2020-06-19 14:05:44 DEBUG [MockBuilder.java:94] set changeTimestamp -> 1970-01-01T00:30:09
2020-06-19 14:05:44 DEBUG [MockBuilder.java:94] set cancelDate -> com.shaw.ediorderservices.persistance.sqlserver.entity.date.CancelDate@3cb79028
2020-06-19 14:05:44 DEBUG [MockBuilder.java:94] set createTimestamp -> 1970-01-01T00:05:52
2020-06-19 14:05:44 DEBUG [MockBuilder.java:94] set addressLine1 -> ebIPPSprpyCzEsUVvVpY
2020-06-19 14:05:44 DEBUG [MockBuilder.java:94] set country -> iQ
2020-06-19 14:05:44 DEBUG [MockBuilder.java:94] set zip -> tIXnhejHgagktHbn
2020-06-19 14:05:44 DEBUG [MockBuilder.java:94] set changeTimestamp -> 1970-01-01T02:16:22
2020-06-19 14:05:44 DEBUG [MockBuilder.java:94] set careOf -> wNYQPXPlmhDpbTvFKIRq
2020-06-19 14:05:44 DEBUG [MockBuilder.java:94] set province -> LUKINRkyaykWTSHcvMA
2020-06-19 14:05:44 DEBUG [MockBuilder.java:94] set changedBy -> qlBtpAgxbo
2020-06-19 14:05:44 DEBUG [MockBuilder.java:94] set city -> yrHgoTmENdPstmfvaUaJ
2020-06-19 14:05:44 DEBUG [MockBuilder.java:94] set shipFlag -> v
2020-06-19 14:05:44 DEBUG [MockBuilder.java:94] set createdBy -> YWHNZvHMFN
2020-06-19 14:05:44 DEBUG [MockBuilder.java:94] set addressLine2 -> yHiVAogXIeDzOasgWedN
2020-06-19 14:05:44 DEBUG [MockBuilder.java:94] set phone -> yzhVjxoTXyUHBKq
2020-06-19 14:05:44 DEBUG [MockBuilder.java:94] set poDate -> 1993-10-01
2020-06-19 14:05:44 DEBUG [MockBuilder.java:94] set name -> zfdqGbTXcjLISePxqvRG
2020-06-19 14:05:44 DEBUG [MockBuilder.java:94] set state -> Yz
2020-06-19 14:05:44 DEBUG [MockBuilder.java:94] set ediOrder -> null
2020-06-19 14:05:44 DEBUG [MockBuilder.java:94] set consumerAddress -> com.shaw.ediorderservices.persistance.sqlserver.entity.address.ConsumerAddress@5d48bb9c
2020-06-19 14:05:44 DEBUG [MockBuilder.java:94] set validations -> null
2020-06-19 14:05:44 DEBUG [MockBuilder.java:94] set shipDate -> 1988-03-03
2020-06-19 14:05:44 DEBUG [MockBuilder.java:94] set custReqShipDate -> 1993-09-09
2020-06-19 14:05:44 DEBUG [MockBuilder.java:94] set createTimestamp -> 1970-01-01T02:12:37
2020-06-19 14:05:44 DEBUG [MockBuilder.java:94] set style -> Orbeg
2020-06-19 14:05:44 DEBUG [MockBuilder.java:94] set createdBy -> hCRSpYqxfy
2020-06-19 14:05:44 DEBUG [MockBuilder.java:94] set ref -> kCn
2020-06-19 14:05:44 DEBUG [MockBuilder.java:94] set lineType -> sJVaKsxpyMJLRzPIveOH
2020-06-19 14:05:44 DEBUG [MockBuilder.java:94] set hsValue -> VUorVoIABHKImPkhFQlO
2020-06-19 14:05:44 DEBUG [MockBuilder.java:94] set changedBy -> UwhllgyOQT
2020-06-19 14:05:44 DEBUG [MockBuilder.java:94] set color -> iSwRi
2020-06-19 14:05:44 DEBUG [MockBuilder.java:94] set changeTimestamp -> 1970-01-01T02:05:04
2020-06-19 14:05:44 DEBUG [MockBuilder.java:94] set lineNbr -> 358547
2020-06-19 14:05:44 DEBUG [MockHelper.java:58] EdiOrder [id=null, customerCode=Mt, orderingSystem=OK, type=OxXMUlmqfxgaAiBsNCch, legacyId=181712097, shawOrderNbr=OUgljr, carrierCode=Kg, customerNumber=EiaYzX, commCust=fYymORI, poNumber=TrGeNtxxFcXhJwgSBEIj, freightType=dKojDdAFqjTUvfSUBJBa, serviceCode=jKWYpeUzuxonWvtfAwdI, billToStore=HrnmvTexSO, agreementNumber=EOpgDqLFViiYcaX, custDept=tPpnC, storeName=MlVvrYjaFZOQnercFaHu, vendorNo=WAJRXyMzGgJVOwi, dunsNbr=hssCEnyVLagWMfr, beg=DfdYB, shipCancelDate=1990-08-03, shipByDate=1972-05-12, nbDate=1983-03-09, shipDate=com.shaw.ediorderservices.persistance.sqlserver.entity.date.ShipDate@18dd9592, cancelDate=com.shaw.ediorderservices.persistance.sqlserver.entity.date.CancelDate@3cb79028, poDate=com.shaw.ediorderservices.persistance.sqlserver.entity.date.PoDate@3e76e620, dates=null, shipToAddress=com.shaw.ediorderservices.persistance.sqlserver.entity.address.ShipToAddress@3d9bb97, consumerAddress=com.shaw.ediorderservices.persistance.sqlserver.entity.address.ConsumerAddress@5d48bb9c, thirdPartyAddress=com.shaw.ediorderservices.persistance.sqlserver.entity.address.ThirdPartyAddress@4a57465b, lines=[com.shaw.ediorderservices.persistance.sqlserver.entity.line.HardsurfacesEdiLine@61ce2d47], generics=null, validations=null]
2020-06-19 14:05:44 DEBUG [MockBuilder.java:94] set deliveryCutOffDate -> 1993-05-22
2020-06-19 14:05:44 DEBUG [MockBuilder.java:94] set customerCode -> OB
2020-06-19 14:05:44 DEBUG [MockBuilder.java:94] set generics -> null
2020-06-19 14:05:44 DEBUG [MockBuilder.java:94] set freightType -> JJJlBLrkCcLQUjeZjgTa
2020-06-19 14:05:44 DEBUG [MockBuilder.java:94] set orderingSystem -> AQ
2020-06-19 14:05:44 DEBUG [MockBuilder.java:94] set routeByDate -> 1987-12-01
2020-06-19 14:05:44 DEBUG [MockBuilder.java:94] set validations -> null
2020-06-19 14:05:44 DEBUG [MockBuilder.java:94] set carrierCode -> bu
2020-06-19 14:05:44 DEBUG [MockBuilder.java:94] set type -> aEzaPVUtPLPkgrIyyJKE
2020-06-19 14:05:44 DEBUG [MockBuilder.java:94] set consStatusMessage -> esazKXoXaJBaOhXvgCNh
2020-06-19 14:05:44 DEBUG [MockBuilder.java:94] set customerNumber -> wjfDwA
2020-06-19 14:05:44 DEBUG [MockBuilder.java:94] set packingSlipMessage -> vKeEUottFdNfbzytvqON
2020-06-19 14:05:44 DEBUG [MockBuilder.java:94] set orderType -> acsGvjSTeaPQNsFaacEF
2020-06-19 14:05:44 DEBUG [MockBuilder.java:94] set legacyOrderNumber -> 585656045
2020-06-19 14:05:44 DEBUG [MockBuilder.java:94] set returnMessage -> yPPjwcDmRWeUDBtTkSiZ
2020-06-19 14:05:44 DEBUG [MockBuilder.java:94] set shawOrderNbr -> eqbFsR
2020-06-19 14:05:44 DEBUG [MockBuilder.java:94] set consumerPoDate -> 1978-12-25
2020-06-19 14:05:44 DEBUG [MockBuilder.java:94] set country -> jG
2020-06-19 14:05:44 DEBUG [MockBuilder.java:94] set deliveryDate -> 1988-03-23
2020-06-19 14:05:44 DEBUG [MockBuilder.java:94] set zip -> PTiGlMJyAVjhCJbA
2020-06-19 14:05:44 DEBUG [MockBuilder.java:94] set markForStore -> TSupYELdaw
2020-06-19 14:05:44 DEBUG [MockBuilder.java:94] set serviceCode -> DukmWcxxiqvkyChlYNGj
2020-06-19 14:05:44 DEBUG [MockBuilder.java:94] set createTimestamp -> 1970-01-01T00:03:09
2020-06-19 14:05:44 DEBUG [MockBuilder.java:94] set requestOrderJson -> soRZgTMhLiOEIpmOIkwt
2020-06-19 14:05:44 DEBUG [MockBuilder.java:94] set bsStore -> PhUsOoBklV
2020-06-19 14:05:44 DEBUG [MockBuilder.java:94] set province -> OrJLgHkFiEjebkNrYtW
2020-06-19 14:05:44 DEBUG [MockBuilder.java:94] set hostAlertFlag -> P
2020-06-19 14:05:44 DEBUG [MockBuilder.java:94] set beg -> UPOhg
2020-06-19 14:05:44 DEBUG [MockBuilder.java:94] set gift1Message -> ujbFJlmBnpUjqbKXluPl
2020-06-19 14:05:44 DEBUG [MockBuilder.java:94] set changeTimestamp -> 1970-01-01T01:22:35
2020-06-19 14:05:44 DEBUG [MockBuilder.java:94] set shipToConsFlag -> h
2020-06-19 14:05:44 DEBUG [MockBuilder.java:94] set shipCancelDate -> 1988-06-18
2020-06-19 14:05:44 DEBUG [MockBuilder.java:94] set gift2Message -> IybpznctBizRLNRiUoun
2020-06-19 14:05:44 DEBUG [MockBuilder.java:94] set commCust -> hybXBMo
2020-06-19 14:05:44 DEBUG [MockBuilder.java:94] set changedBy -> GYwdbyvzNb
2020-06-19 14:05:44 DEBUG [MockBuilder.java:94] set state -> Mp
2020-06-19 14:05:44 DEBUG [MockBuilder.java:94] set reserveOrderInd -> L
2020-06-19 14:05:44 DEBUG [MockBuilder.java:94] set stdCarrierAlphaCode -> bIOI
2020-06-19 14:05:44 DEBUG [MockBuilder.java:94] set poNumber -> YYMjRtXnUbejOoScbLfi
2020-06-19 14:05:44 DEBUG [MockBuilder.java:94] set salesCheckNumber -> RqYaHolDAHqXmGKAciVj
2020-06-19 14:05:44 DEBUG [MockBuilder.java:94] set createTimestamp -> 1970-01-01T01:10
2020-06-19 14:05:44 DEBUG [MockBuilder.java:94] set authorizationNo -> pCtAyLVAtt
2020-06-19 14:05:44 DEBUG [MockBuilder.java:94] set fobPoint -> mz
2020-06-19 14:05:44 DEBUG [MockBuilder.java:94] set billToStore -> RUOVECGVBU
2020-06-19 14:05:44 DEBUG [MockBuilder.java:94] set newStoreInd -> G
2020-06-19 14:05:44 DEBUG [MockBuilder.java:94] set agreementNumber -> zyizrFHLikppppI
2020-06-19 14:05:44 DEBUG [MockBuilder.java:94] set dateValue -> 1986-05-25
2020-06-19 14:05:44 DEBUG [MockBuilder.java:94] set acknowledgeOrdInd -> D
2020-06-19 14:05:44 DEBUG [MockBuilder.java:94] set poQualifier -> nWMzF
2020-06-19 14:05:44 DEBUG [MockBuilder.java:94] set shipPartCompInd -> I
2020-06-19 14:05:44 DEBUG [MockBuilder.java:94] set shipToStore -> eeYotpABtk
2020-06-19 14:05:44 DEBUG [MockBuilder.java:94] set vendorNo -> KCgZJYxCUpznQoj
2020-06-19 14:05:44 DEBUG [MockBuilder.java:94] set custDept -> hBHkf
2020-06-19 14:05:44 DEBUG [MockBuilder.java:94] set crossDock -> kzbxRihIxJ
2020-06-19 14:05:44 DEBUG [MockBuilder.java:94] set createTimestamp -> 1970-01-01T00:30:41
2020-06-19 14:05:44 DEBUG [MockBuilder.java:94] set changeTimestamp -> 1970-01-01T01:41:19
2020-06-19 14:05:44 DEBUG [MockBuilder.java:94] set dunsNbr -> vDhNskfYWWeyYSr
2020-06-19 14:05:44 DEBUG [MockBuilder.java:94] set changedBy -> NBqKDKhPnV
2020-06-19 14:05:44 DEBUG [MockBuilder.java:94] set createdBy -> casVydsgUl
2020-06-19 14:05:44 DEBUG [MockBuilder.java:94] set storeName -> CXuXJnfXODzuwZFQRqyG
2020-06-19 14:05:44 DEBUG [MockBuilder.java:94] set qualifier -> Bve
2020-06-19 14:05:44 DEBUG [MockBuilder.java:94] set changedBy -> zNieNmJEIu
2020-06-19 14:05:44 DEBUG [MockBuilder.java:94] set addressLine1 -> fDbYUmbxmdNbxeGzsMQC
2020-06-19 14:05:44 DEBUG [MockBuilder.java:94] set changeTimestamp -> 1970-01-01T01:30:43
2020-06-19 14:05:44 DEBUG [MockBuilder.java:94] set carrMethCode -> ZiLIVvtvrifvVJAcdhEL
2020-06-19 14:05:44 DEBUG [MockBuilder.java:94] set createdBy -> bJdmErRdZW
2020-06-19 14:05:44 DEBUG [MockBuilder.java:94] set country -> Dz
2020-06-19 14:05:44 DEBUG [MockBuilder.java:94] set careOf -> AOqmXMJoHpMQdpsamvbu
2020-06-19 14:05:44 DEBUG [MockBuilder.java:94] set changeTimestamp -> 1970-01-01T00:48:50
2020-06-19 14:05:44 DEBUG [MockBuilder.java:94] set noAsnFlag -> E
2020-06-19 14:05:44 DEBUG [MockBuilder.java:94] set phone -> FzjagdVzFdNjCTD
2020-06-19 14:05:44 DEBUG [MockBuilder.java:94] set city -> oZAIOqwXOfgsVQcVEEHr
2020-06-19 14:05:44 DEBUG [MockBuilder.java:94] set createdBy -> tJvPDscChh
2020-06-19 14:05:44 DEBUG [MockBuilder.java:94] set zip -> kbgEcSFvlPKYfItM
2020-06-19 14:05:44 DEBUG [MockBuilder.java:94] set addressLine2 -> TYcmBweUTuGLqNuVyyPL
2020-06-19 14:05:44 DEBUG [MockBuilder.java:94] set createTimestamp -> 1970-01-01T02:05:30
2020-06-19 14:05:44 DEBUG [MockBuilder.java:94] set poDate -> com.shaw.ediorderservices.persistance.sqlserver.entity.date.PoDate@548601f3
2020-06-19 14:05:44 DEBUG [MockBuilder.java:94] set changedBy -> bVjABfpPIl
2020-06-19 14:05:44 DEBUG [MockBuilder.java:94] set dateValue -> 1991-04-14
2020-06-19 14:05:44 DEBUG [MockBuilder.java:94] set province -> BYdTRpChTPUBmimhzEc
2020-06-19 14:05:44 DEBUG [MockBuilder.java:94] set qualifier -> vsX
2020-06-19 14:05:44 DEBUG [MockBuilder.java:94] set dates -> null
2020-06-19 14:05:44 DEBUG [MockBuilder.java:94] set createdBy -> ZYOqWPZsMw
2020-06-19 14:05:44 DEBUG [MockBuilder.java:94] set shipByDate -> 1983-09-12
2020-06-19 14:05:44 DEBUG [MockBuilder.java:94] set state -> eo
2020-06-19 14:05:44 DEBUG [MockBuilder.java:94] set careOf -> BHUASLxqbcJPfiLqTEQY
2020-06-19 14:05:44 DEBUG [MockBuilder.java:94] set nbDate -> 1976-02-21
2020-06-19 14:05:44 DEBUG [MockBuilder.java:94] set createTimestamp -> 1970-01-01T01:08:45
2020-06-19 14:05:44 DEBUG [MockBuilder.java:94] set name -> WvzoOAVHShESHzRFSFjC
2020-06-19 14:05:44 DEBUG [MockBuilder.java:94] set billFlag -> I
2020-06-19 14:05:44 DEBUG [MockBuilder.java:94] set shipDate -> com.shaw.ediorderservices.persistance.sqlserver.entity.date.ShipDate@60f0415b
2020-06-19 14:05:44 DEBUG [MockBuilder.java:94] set changeTimestamp -> 1970-01-01T01:23:01
2020-06-19 14:05:44 DEBUG [MockBuilder.java:94] set shipToFlag -> 8191800.273031826
2020-06-19 14:05:44 DEBUG [MockBuilder.java:94] set accountNbr -> XaiMkufQRmlSmWoasbAl
2020-06-19 14:05:44 DEBUG [MockBuilder.java:94] set changedBy -> LlPDgNVEhi
2020-06-19 14:05:44 DEBUG [MockBuilder.java:94] set addressLine2 -> reiWxqbYDLfsinJEwJBU
2020-06-19 14:05:44 DEBUG [MockBuilder.java:94] set truncFlag -> n
2020-06-19 14:05:44 DEBUG [MockBuilder.java:94] set createdBy -> pYJgANyPgv
2020-06-19 14:05:44 DEBUG [MockBuilder.java:94] set city -> ADqmjJlaAnPnNUaWaCkP
2020-06-19 14:05:44 DEBUG [MockBuilder.java:94] set name -> GIdSBhmKiEhwgIZKmfLG
2020-06-19 14:05:44 DEBUG [MockBuilder.java:94] set createTimestamp -> 1970-01-01T02:42:53
2020-06-19 14:05:44 DEBUG [MockBuilder.java:94] set custNbr -> ziSlPDE
2020-06-19 14:05:44 DEBUG [MockBuilder.java:94] set addressLine1 -> iIRCWwNycXhvclSaHWNZ
2020-06-19 14:05:44 DEBUG [MockBuilder.java:94] set destinationCode -> wK
2020-06-19 14:05:44 DEBUG [MockBuilder.java:94] set phone -> eLWJOVIkcXZRtyK
2020-06-19 14:05:44 DEBUG [MockBuilder.java:94] set dateValue -> 1974-03-15
2020-06-19 14:05:44 DEBUG [MockBuilder.java:94] set qualifier -> qpw
2020-06-19 14:05:44 DEBUG [MockBuilder.java:94] set ediOrder -> null
2020-06-19 14:05:44 DEBUG [MockBuilder.java:94] set changeTimestamp -> 1970-01-01T00:19:19
2020-06-19 14:05:44 DEBUG [MockBuilder.java:94] set createdBy -> RsbJhPkYOs
2020-06-19 14:05:44 DEBUG [MockBuilder.java:94] set changedBy -> JiFQytcKeR
2020-06-19 14:05:44 DEBUG [MockBuilder.java:94] set thirdPartyAddress -> com.shaw.ediorderservices.persistance.sqlserver.entity.address.ThirdPartyAddress@39c809fe
2020-06-19 14:05:44 DEBUG [MockBuilder.java:94] set shipToAddress -> com.shaw.ediorderservices.persistance.sqlserver.entity.address.ShipToAddress@2faf8a42
2020-06-19 14:05:44 DEBUG [MockBuilder.java:94] set lines -> null
2020-06-19 14:05:44 DEBUG [MockBuilder.java:94] set cancelDate -> com.shaw.ediorderservices.persistance.sqlserver.entity.date.CancelDate@6d5fe50d
2020-06-19 14:05:44 DEBUG [MockBuilder.java:94] set addressLine1 -> unNyEjjBWoPvewSycEXG
2020-06-19 14:05:44 DEBUG [MockBuilder.java:94] set createdBy -> TauMVcPxAn
2020-06-19 14:05:44 DEBUG [MockBuilder.java:94] set createTimestamp -> 1970-01-01T00:12:59
2020-06-19 14:05:44 DEBUG [MockBuilder.java:94] set city -> jYOvgCgWzkvLjaUmDvnZ
2020-06-19 14:05:44 DEBUG [MockBuilder.java:94] set careOf -> lxSaMewkcnpiDObGcolO
2020-06-19 14:05:44 DEBUG [MockBuilder.java:94] set phone -> RBNQiZgFAVCdSwJ
2020-06-19 14:05:44 DEBUG [MockBuilder.java:94] set province -> NaviKEQvEHNyBqlNIhc
2020-06-19 14:05:44 DEBUG [MockBuilder.java:94] set changeTimestamp -> 1970-01-01T01:31:32
2020-06-19 14:05:44 DEBUG [MockBuilder.java:94] set country -> Sw
2020-06-19 14:05:44 DEBUG [MockBuilder.java:94] set addressLine2 -> yjqqyncvXYByGmGwnHgh
2020-06-19 14:05:44 DEBUG [MockBuilder.java:94] set changedBy -> ULMzqGJomA
2020-06-19 14:05:44 DEBUG [MockBuilder.java:94] set state -> uU
2020-06-19 14:05:44 DEBUG [MockBuilder.java:94] set zip -> LcMFHbBHcZFMvoUI
2020-06-19 14:05:44 DEBUG [MockBuilder.java:94] set shipFlag -> e
2020-06-19 14:05:44 DEBUG [MockBuilder.java:94] set name -> EIlWjRnDyzoFVZYuIhSm
2020-06-19 14:05:44 DEBUG [MockBuilder.java:94] set poDate -> 1982-09-23
2020-06-19 14:05:44 DEBUG [MockBuilder.java:94] set ediOrder -> null
2020-06-19 14:05:44 DEBUG [MockBuilder.java:94] set consumerAddress -> com.shaw.ediorderservices.persistance.sqlserver.entity.address.ConsumerAddress@5b927676
2020-06-19 14:05:44 DEBUG [MockBuilder.java:94] set shipDate -> 1988-02-20
2020-06-19 14:05:44 DEBUG [MockBuilder.java:94] set lineType -> xvCMCgjZHxinsyGopqxK
2020-06-19 14:05:44 DEBUG [MockBuilder.java:94] set style -> peJpi
2020-06-19 14:05:44 DEBUG [MockBuilder.java:94] set custReqShipDate -> 1987-08-11
2020-06-19 14:05:44 DEBUG [MockBuilder.java:94] set validations -> null
2020-06-19 14:05:44 DEBUG [MockBuilder.java:94] set lineNbr -> 68961
2020-06-19 14:05:44 DEBUG [MockBuilder.java:94] set ref -> YnY
2020-06-19 14:05:44 DEBUG [MockBuilder.java:94] set createTimestamp -> 1970-01-01T00:23:52
2020-06-19 14:05:44 DEBUG [MockBuilder.java:94] set changedBy -> skVipLGXUz
2020-06-19 14:05:44 DEBUG [MockBuilder.java:94] set color -> DkfZq
2020-06-19 14:05:44 DEBUG [MockBuilder.java:94] set changeTimestamp -> 1970-01-01T00:18:30
2020-06-19 14:05:44 DEBUG [MockBuilder.java:94] set createdBy -> CTKYOZpafu
2020-06-19 14:05:44 DEBUG [MockBuilder.java:94] set hsValue -> fjvfcRUbliEovNWhxdKq
2020-06-19 14:05:44 DEBUG [MockHelper.java:58] EdiOrder [id=null, customerCode=OB, orderingSystem=AQ, type=acsGvjSTeaPQNsFaacEF, legacyId=585656045, shawOrderNbr=eqbFsR, carrierCode=bu, customerNumber=wjfDwA, commCust=hybXBMo, poNumber=YYMjRtXnUbejOoScbLfi, freightType=JJJlBLrkCcLQUjeZjgTa, serviceCode=DukmWcxxiqvkyChlYNGj, billToStore=RUOVECGVBU, agreementNumber=zyizrFHLikppppI, custDept=hBHkf, storeName=CXuXJnfXODzuwZFQRqyG, vendorNo=KCgZJYxCUpznQoj, dunsNbr=vDhNskfYWWeyYSr, beg=UPOhg, shipCancelDate=1988-06-18, shipByDate=1983-09-12, nbDate=1976-02-21, shipDate=com.shaw.ediorderservices.persistance.sqlserver.entity.date.ShipDate@60f0415b, cancelDate=com.shaw.ediorderservices.persistance.sqlserver.entity.date.CancelDate@6d5fe50d, poDate=com.shaw.ediorderservices.persistance.sqlserver.entity.date.PoDate@548601f3, dates=null, shipToAddress=com.shaw.ediorderservices.persistance.sqlserver.entity.address.ShipToAddress@2faf8a42, consumerAddress=com.shaw.ediorderservices.persistance.sqlserver.entity.address.ConsumerAddress@5b927676, thirdPartyAddress=com.shaw.ediorderservices.persistance.sqlserver.entity.address.ThirdPartyAddress@39c809fe, lines=[com.shaw.ediorderservices.persistance.sqlserver.entity.line.CarpetEdiLine@184b3575], generics=null, validations=null]
2020-06-19 14:05:44 DEBUG [MockBuilder.java:94] set commCust -> wTkRqFt
2020-06-19 14:05:44 DEBUG [MockBuilder.java:94] set freightType -> HsrTcOzRlAEXnTDRQmFZ
2020-06-19 14:05:44 DEBUG [MockBuilder.java:94] set poNumber -> QeghfNFdCuTKNPJhDMDb
2020-06-19 14:05:44 DEBUG [MockBuilder.java:94] set createTimestamp -> 1970-01-01T02:05:31
2020-06-19 14:05:44 DEBUG [MockBuilder.java:94] set customerNumber -> eDUvcJ
2020-06-19 14:05:44 DEBUG [MockBuilder.java:94] set changeTimestamp -> 1970-01-01T01:40:05
2020-06-19 14:05:44 DEBUG [MockBuilder.java:94] set carrierCode -> zC
2020-06-19 14:05:44 DEBUG [MockBuilder.java:94] set changedBy -> bylrHejaAc
2020-06-19 14:05:44 DEBUG [MockBuilder.java:94] set agreementNumber -> WkLAFZECWfvnpZD
2020-06-19 14:05:44 DEBUG [MockBuilder.java:94] set dateValue -> 1984-09-27
2020-06-19 14:05:44 DEBUG [MockBuilder.java:94] set storeName -> JOaoFEpVZIjfMZdWKZlB
2020-06-19 14:05:44 DEBUG [MockBuilder.java:94] set custDept -> dkYTw
2020-06-19 14:05:44 DEBUG [MockBuilder.java:94] set billToStore -> YlpAYkjXNy
2020-06-19 14:05:44 DEBUG [MockBuilder.java:94] set serviceCode -> HEYPTtGiTwUGVsoepMfH
2020-06-19 14:05:44 DEBUG [MockBuilder.java:94] set type -> RxPKkmRxryRwrQLXeAlG
2020-06-19 14:05:44 DEBUG [MockBuilder.java:94] set createdBy -> aHdzDgWcpm
2020-06-19 14:05:44 DEBUG [MockBuilder.java:94] set changedBy -> fxfqcSnglp
2020-06-19 14:05:44 DEBUG [MockBuilder.java:94] set orderingSystem -> BE
2020-06-19 14:05:44 DEBUG [MockBuilder.java:94] set changeTimestamp -> 1970-01-01T02:38:19
2020-06-19 14:05:44 DEBUG [MockBuilder.java:94] set legacyOrderNumber -> 557760168
2020-06-19 14:05:44 DEBUG [MockBuilder.java:94] set beg -> fdEQu
2020-06-19 14:05:44 DEBUG [MockBuilder.java:94] set shawOrderNbr -> Cdeqvb
2020-06-19 14:05:44 DEBUG [MockBuilder.java:94] set createdBy -> cGlUhciPHt
2020-06-19 14:05:44 DEBUG [MockBuilder.java:94] set qualifier -> Xsw
2020-06-19 14:05:44 DEBUG [MockBuilder.java:94] set country -> bd
2020-06-19 14:05:44 DEBUG [MockBuilder.java:94] set orderType -> JJupRfkgldhLedFBUGtr
2020-06-19 14:05:44 DEBUG [MockBuilder.java:94] set poDate -> com.shaw.ediorderservices.persistance.sqlserver.entity.date.PoDate@79a93399
2020-06-19 14:05:44 DEBUG [MockBuilder.java:94] set nbDate -> 1984-01-16
2020-06-19 14:05:44 DEBUG [MockBuilder.java:94] set requestOrderJson -> ZjOtIvGhbtqpRfTtNrdG
2020-06-19 14:05:44 DEBUG [MockBuilder.java:94] set dates -> null
2020-06-19 14:05:44 DEBUG [MockBuilder.java:94] set zip -> AAolDgvOBOoOqHmm
2020-06-19 14:05:44 DEBUG [MockBuilder.java:94] set dateValue -> 1997-01-22
2020-06-19 14:05:44 DEBUG [MockBuilder.java:94] set customerCode -> VX
2020-06-19 14:05:44 DEBUG [MockBuilder.java:94] set sampVvalue -> IcOENjunhFtsnteTObIT
2020-06-19 14:05:44 DEBUG [MockBuilder.java:94] set createdBy -> jBZdqwQurp
2020-06-19 14:05:44 DEBUG [MockBuilder.java:94] set sampType -> JUlOgJyxJkdcRTDZsayw
2020-06-19 14:05:44 DEBUG [MockBuilder.java:94] set changeTimestamp -> 1970-01-01T02:40:38
2020-06-19 14:05:44 DEBUG [MockBuilder.java:94] set qualifier -> Anh
2020-06-19 14:05:44 DEBUG [MockBuilder.java:94] set createTimestamp -> 1970-01-01T02:03:08
2020-06-19 14:05:44 DEBUG [MockBuilder.java:94] set changedBy -> OpPCpomqWz
2020-06-19 14:05:44 DEBUG [MockBuilder.java:94] set dunsNbr -> ficgdbSrxFwhKCf
2020-06-19 14:05:44 DEBUG [MockBuilder.java:94] set vendorNo -> neAenJYWVqCKQSD
2020-06-19 14:05:44 DEBUG [MockBuilder.java:94] set changeTimestamp -> 1970-01-01T01:04:31
2020-06-19 14:05:44 DEBUG [MockBuilder.java:94] set shipCancelDate -> 1971-02-16
2020-06-19 14:05:44 DEBUG [MockBuilder.java:94] set changedBy -> sEkgWBCaxm
2020-06-19 14:05:44 DEBUG [MockBuilder.java:94] set generics -> null
2020-06-19 14:05:44 DEBUG [MockBuilder.java:94] set lines -> null
2020-06-19 14:05:44 DEBUG [MockBuilder.java:94] set country -> Ub
2020-06-19 14:05:44 DEBUG [MockBuilder.java:94] set dateValue -> 1993-11-18
2020-06-19 14:05:44 DEBUG [MockBuilder.java:94] set addressLine1 -> KaZmcZRsDdRmolRDsZYJ
2020-06-19 14:05:44 DEBUG [MockBuilder.java:94] set createdBy -> VndQjGIUwY
2020-06-19 14:05:44 DEBUG [MockBuilder.java:94] set validations -> null
2020-06-19 14:05:44 DEBUG [MockBuilder.java:94] set careOf -> iszZZGYTRoaELiVWTnuy
2020-06-19 14:05:44 DEBUG [MockBuilder.java:94] set zip -> cGELpbVKgluxSNjo
2020-06-19 14:05:44 DEBUG [MockBuilder.java:94] set qualifier -> MWd
2020-06-19 14:05:44 DEBUG [MockBuilder.java:94] set city -> OpnRrMrZAceCCNdNcjrE
2020-06-19 14:05:44 DEBUG [MockBuilder.java:94] set cancelDate -> com.shaw.ediorderservices.persistance.sqlserver.entity.date.CancelDate@2f384889
2020-06-19 14:05:44 DEBUG [MockBuilder.java:94] set province -> uphMXKafCRJpoDgBHyn
2020-06-19 14:05:44 DEBUG [MockBuilder.java:94] set addressLine2 -> iefbsJUHSaiCJElwutoS
2020-06-19 14:05:44 DEBUG [MockBuilder.java:94] set billFlag -> z
2020-06-19 14:05:44 DEBUG [MockBuilder.java:94] set state -> yF
2020-06-19 14:05:44 DEBUG [MockBuilder.java:94] set accountNbr -> aYXEFOJfPsDHZymSPVcg
2020-06-19 14:05:44 DEBUG [MockBuilder.java:94] set createTimestamp -> 1970-01-01T02:39:20
2020-06-19 14:05:44 DEBUG [MockBuilder.java:94] set createTimestamp -> 1970-01-01T00:28:55
2020-06-19 14:05:44 DEBUG [MockBuilder.java:94] set name -> QwFPQEFTZbgcTskWSZCx
2020-06-19 14:05:44 DEBUG [MockBuilder.java:94] set changeTimestamp -> 1970-01-01T02:20:17
2020-06-19 14:05:44 DEBUG [MockBuilder.java:94] set createdBy -> CfBJvaQMVg
2020-06-19 14:05:44 DEBUG [MockBuilder.java:94] set changeTimestamp -> 1970-01-01T00:41:17
2020-06-19 14:05:44 DEBUG [MockBuilder.java:94] set changedBy -> YgwmZaKGnc
2020-06-19 14:05:44 DEBUG [MockBuilder.java:94] set phone -> OJJzrZWIBbXtcwl
2020-06-19 14:05:44 DEBUG [MockBuilder.java:94] set state -> vY
2020-06-19 14:05:44 DEBUG [MockBuilder.java:94] set addressLine1 -> CvZMwbcnwMMjZpMMlTwL
2020-06-19 14:05:44 DEBUG [MockBuilder.java:94] set country -> lS
2020-06-19 14:05:44 DEBUG [MockBuilder.java:94] set shipByDate -> 1981-01-17
2020-06-19 14:05:44 DEBUG [MockBuilder.java:94] set careOf -> AUjmGXMRDHFtpSVibxPr
2020-06-19 14:05:44 DEBUG [MockBuilder.java:94] set zip -> voWBjmaFLsbxMKnw
2020-06-19 14:05:44 DEBUG [MockBuilder.java:94] set city -> cmbRfCjvYSugjaFxCuTD
2020-06-19 14:05:44 DEBUG [MockBuilder.java:94] set province -> WcFtkSYfIFQRyKgvrvv
2020-06-19 14:05:44 DEBUG [MockBuilder.java:94] set addressLine2 -> oFjdLuLmyHncSmjUmdym
2020-06-19 14:05:44 DEBUG [MockBuilder.java:94] set state -> bZ
2020-06-19 14:05:44 DEBUG [MockBuilder.java:94] set createdBy -> PZtotUbyby
2020-06-19 14:05:44 DEBUG [MockBuilder.java:94] set phone -> KCdZUNJOomaSOOR
2020-06-19 14:05:44 DEBUG [MockBuilder.java:94] set createTimestamp -> 1970-01-01T00:39:41
2020-06-19 14:05:44 DEBUG [MockBuilder.java:94] set careOf -> RfNVThryUXUzAdpUpxZE
2020-06-19 14:05:44 DEBUG [MockBuilder.java:94] set changeTimestamp -> 1970-01-01T01:14:15
2020-06-19 14:05:44 DEBUG [MockBuilder.java:94] set name -> IedeWCNunRiYxoYHxEDm
2020-06-19 14:05:44 DEBUG [MockBuilder.java:94] set changedBy -> LANKGcOqrN
2020-06-19 14:05:44 DEBUG [MockBuilder.java:94] set addressLine2 -> vqOmKXZnXjRwAvjhCWly
2020-06-19 14:05:44 DEBUG [MockBuilder.java:94] set createdBy -> dczReceFcz
2020-06-19 14:05:44 DEBUG [MockBuilder.java:94] set city -> qyeXZQmPLuDHgwwNIOHc
2020-06-19 14:05:44 DEBUG [MockBuilder.java:94] set phone -> MRqYuWROKoXjger
2020-06-19 14:05:44 DEBUG [MockBuilder.java:94] set addressLine1 -> RnFIWHmAxOGqlszBuHaz
2020-06-19 14:05:44 DEBUG [MockBuilder.java:94] set custNbr -> riIStbo
2020-06-19 14:05:44 DEBUG [MockBuilder.java:94] set shipToFlag -> 5953700.160988869
2020-06-19 14:05:44 DEBUG [MockBuilder.java:94] set destinationCode -> Ho
2020-06-19 14:05:44 DEBUG [MockBuilder.java:94] set createTimestamp -> 1970-01-01T01:34:45
2020-06-19 14:05:44 DEBUG [MockBuilder.java:94] set truncFlag -> I
2020-06-19 14:05:44 DEBUG [MockBuilder.java:94] set shipFlag -> o
2020-06-19 14:05:44 DEBUG [MockBuilder.java:94] set poDate -> 1982-03-22
2020-06-19 14:05:44 DEBUG [MockBuilder.java:94] set shipDate -> com.shaw.ediorderservices.persistance.sqlserver.entity.date.ShipDate@b0e903a
2020-06-19 14:05:44 DEBUG [MockBuilder.java:94] set name -> JnIfTuAfHyNCcjPJPhYW
2020-06-19 14:05:44 DEBUG [MockBuilder.java:94] set ediOrder -> null
2020-06-19 14:05:44 DEBUG [MockBuilder.java:94] set createTimestamp -> 1970-01-01T01:59:24
2020-06-19 14:05:44 DEBUG [MockBuilder.java:94] set province -> hbheQdYdEIPOreIRMoM
2020-06-19 14:05:44 DEBUG [MockBuilder.java:94] set shipToAddress -> com.shaw.ediorderservices.persistance.sqlserver.entity.address.ShipToAddress@2e48f834
2020-06-19 14:05:44 DEBUG [MockBuilder.java:94] set thirdPartyAddress -> com.shaw.ediorderservices.persistance.sqlserver.entity.address.ThirdPartyAddress@3cd0f203
2020-06-19 14:05:44 DEBUG [MockBuilder.java:94] set changedBy -> efAIDyTzzm
2020-06-19 14:05:44 DEBUG [MockBuilder.java:94] set ediOrder -> null
2020-06-19 14:05:44 DEBUG [MockBuilder.java:94] set consumerAddress -> com.shaw.ediorderservices.persistance.sqlserver.entity.address.ConsumerAddress@5ba7be5b
2020-06-19 14:05:44 DEBUG [MockBuilder.java:94] set lineType -> XBsSnHWnUhfaQcDOhuqY
2020-06-19 14:05:44 DEBUG [MockBuilder.java:94] set style -> ykYoa
2020-06-19 14:05:44 DEBUG [MockBuilder.java:94] set changedBy -> dDmmKFLpGw
2020-06-19 14:05:44 DEBUG [MockBuilder.java:94] set ref -> cmy
2020-06-19 14:05:44 DEBUG [MockBuilder.java:94] set createTimestamp -> 1970-01-01T02:31:13
2020-06-19 14:05:44 DEBUG [MockBuilder.java:94] set shipDate -> 1996-09-22
2020-06-19 14:05:44 DEBUG [MockBuilder.java:94] set validations -> null
2020-06-19 14:05:44 DEBUG [MockBuilder.java:94] set createdBy -> eaaGTTnCTh
2020-06-19 14:05:44 DEBUG [MockBuilder.java:94] set color -> aXWxD
2020-06-19 14:05:44 DEBUG [MockBuilder.java:94] set samplesValue -> oyQXFEarPzmMrvVhOnzy
2020-06-19 14:05:44 DEBUG [MockBuilder.java:94] set changeTimestamp -> 1970-01-01T01:48:52
2020-06-19 14:05:44 DEBUG [MockBuilder.java:94] set custReqShipDate -> 1984-07-05
2020-06-19 14:05:44 DEBUG [MockBuilder.java:94] set lineNbr -> 278932
2020-06-19 14:05:44 DEBUG [MockHelper.java:58] EdiOrder [id=null, customerCode=VX, orderingSystem=BE, type=JJupRfkgldhLedFBUGtr, legacyId=557760168, shawOrderNbr=Cdeqvb, carrierCode=zC, customerNumber=eDUvcJ, commCust=wTkRqFt, poNumber=QeghfNFdCuTKNPJhDMDb, freightType=HsrTcOzRlAEXnTDRQmFZ, serviceCode=HEYPTtGiTwUGVsoepMfH, billToStore=YlpAYkjXNy, agreementNumber=WkLAFZECWfvnpZD, custDept=dkYTw, storeName=JOaoFEpVZIjfMZdWKZlB, vendorNo=neAenJYWVqCKQSD, dunsNbr=ficgdbSrxFwhKCf, beg=fdEQu, shipCancelDate=1971-02-16, shipByDate=1981-01-17, nbDate=1984-01-16, shipDate=com.shaw.ediorderservices.persistance.sqlserver.entity.date.ShipDate@b0e903a, cancelDate=com.shaw.ediorderservices.persistance.sqlserver.entity.date.CancelDate@2f384889, poDate=com.shaw.ediorderservices.persistance.sqlserver.entity.date.PoDate@79a93399, dates=null, shipToAddress=com.shaw.ediorderservices.persistance.sqlserver.entity.address.ShipToAddress@2e48f834, consumerAddress=com.shaw.ediorderservices.persistance.sqlserver.entity.address.ConsumerAddress@5ba7be5b, thirdPartyAddress=com.shaw.ediorderservices.persistance.sqlserver.entity.address.ThirdPartyAddress@3cd0f203, lines=[com.shaw.ediorderservices.persistance.sqlserver.entity.line.SamplesEdiLine@2ca2fcb5], generics=null, validations=null]
2020-06-19 14:05:44 DEBUG [MockBuilder.java:94] set commCust -> xCjYpKg
2020-06-19 14:05:44 DEBUG [MockBuilder.java:94] set agreementNumber -> zFMFjecDompNPDF
2020-06-19 14:05:44 DEBUG [MockBuilder.java:94] set freightType -> jqCKwwqhiHKQzBsAaoms
2020-06-19 14:05:44 DEBUG [MockBuilder.java:94] set storeName -> TGJUCLjGTwdlFgnfTpLp
2020-06-19 14:05:44 DEBUG [MockBuilder.java:94] set customerNumber -> tRkYRa
2020-06-19 14:05:44 DEBUG [MockBuilder.java:94] set billToStore -> VBVyZbfbwE
2020-06-19 14:05:44 DEBUG [MockBuilder.java:94] set createTimestamp -> 1970-01-01T00:41:06
2020-06-19 14:05:44 DEBUG [MockBuilder.java:94] set poNumber -> EHXwaKPuXZtxIrdzonCu
2020-06-19 14:05:44 DEBUG [MockBuilder.java:94] set carrierCode -> cK
2020-06-19 14:05:44 DEBUG [MockBuilder.java:94] set custDept -> eNdMr
2020-06-19 14:05:44 DEBUG [MockBuilder.java:94] set serviceCode -> JUIkuDkTtSvpPxZjgqXz
2020-06-19 14:05:44 DEBUG [MockBuilder.java:94] set createdBy -> qxnlWJQect
2020-06-19 14:05:44 DEBUG [MockBuilder.java:94] set changedBy -> nqokpKTsKT
2020-06-19 14:05:44 DEBUG [MockBuilder.java:94] set type -> NwKOMldCNWuAOuZSDXnM
2020-06-19 14:05:44 DEBUG [MockBuilder.java:94] set changeTimestamp -> 1970-01-01T00:45:11
2020-06-19 14:05:44 DEBUG [MockBuilder.java:94] set createTimestamp -> 1970-01-01T00:26:56
2020-06-19 14:05:44 DEBUG [MockBuilder.java:94] set orderingSystem -> tW
2020-06-19 14:05:44 DEBUG [MockBuilder.java:94] set changeTimestamp -> 1970-01-01T02:05:48
2020-06-19 14:05:44 DEBUG [MockBuilder.java:94] set generics -> null
2020-06-19 14:05:44 DEBUG [MockBuilder.java:94] set country -> Fw
2020-06-19 14:05:44 DEBUG [MockBuilder.java:94] set legacyOrderNumber -> 163716963
2020-06-19 14:05:44 DEBUG [MockBuilder.java:94] set beg -> YzUYD
2020-06-19 14:05:44 DEBUG [MockBuilder.java:94] set changedBy -> PPgURZjSuz
2020-06-19 14:05:44 DEBUG [MockBuilder.java:94] set lines -> null
2020-06-19 14:05:44 DEBUG [MockBuilder.java:94] set shawOrderNbr -> jZSslK
2020-06-19 14:05:44 DEBUG [MockBuilder.java:94] set zip -> nPKfXXwKTraDrpaC
2020-06-19 14:05:44 DEBUG [MockBuilder.java:94] set shipByDate -> 1980-11-17
2020-06-19 14:05:44 DEBUG [MockBuilder.java:94] set country -> sa
2020-06-19 14:05:44 DEBUG [MockBuilder.java:94] set addressLine1 -> tayeJXyjzZbfrKgiuJPZ
2020-06-19 14:05:44 DEBUG [MockBuilder.java:94] set orderType -> aNSXkffzDOaEADSCDFTb
2020-06-19 14:05:44 DEBUG [MockBuilder.java:94] set province -> MXGrWvvWvRieklNRlUK
2020-06-19 14:05:44 DEBUG [MockBuilder.java:94] set shipCancelDate -> 1974-10-19
2020-06-19 14:05:44 DEBUG [MockBuilder.java:94] set dateValue -> 1976-01-06
2020-06-19 14:05:44 DEBUG [MockBuilder.java:94] set careOf -> airYMuXgGokPHdKuKQQG
2020-06-19 14:05:44 DEBUG [MockBuilder.java:94] set zip -> GYTWomtJKIqCOlNR
2020-06-19 14:05:44 DEBUG [MockBuilder.java:94] set requestOrderJson -> ZvNOvHmRkuqCBrldnRUl
2020-06-19 14:05:44 DEBUG [MockBuilder.java:94] set dunsNbr -> qphlpgwMWESTtQY
2020-06-19 14:05:44 DEBUG [MockBuilder.java:94] set state -> UH
2020-06-19 14:05:44 DEBUG [MockBuilder.java:94] set city -> pNNcGeSFVdRgIdWJXvvr
2020-06-19 14:05:44 DEBUG [MockBuilder.java:94] set customerCode -> Td
2020-06-19 14:05:44 DEBUG [MockBuilder.java:94] set createTimestamp -> 1970-01-01T02:22:04
2020-06-19 14:05:44 DEBUG [MockBuilder.java:94] set province -> sdpRCeBMOMQSXiPMeEk
2020-06-19 14:05:44 DEBUG [MockBuilder.java:94] set validations -> null
2020-06-19 14:05:44 DEBUG [MockBuilder.java:94] set addressLine2 -> UhnPZBzAuRcimLoxLLkN
2020-06-19 14:05:44 DEBUG [MockBuilder.java:94] set vendorNo -> INSbIfCQeHVvSpR
2020-06-19 14:05:44 DEBUG [MockBuilder.java:94] set changeTimestamp -> 1970-01-01T01:40:08
2020-06-19 14:05:44 DEBUG [MockBuilder.java:94] set state -> If
2020-06-19 14:05:44 DEBUG [MockBuilder.java:94] set nbDate -> 1993-09-01
2020-06-19 14:05:44 DEBUG [MockBuilder.java:94] set createTimestamp -> 1970-01-01T00:12:32
2020-06-19 14:05:44 DEBUG [MockBuilder.java:94] set createdBy -> gNtWQwUwwL
2020-06-19 14:05:44 DEBUG [MockBuilder.java:94] set qualifier -> xEL
2020-06-19 14:05:44 DEBUG [MockBuilder.java:94] set changedBy -> ZgXfJsbHrj
2020-06-19 14:05:44 DEBUG [MockBuilder.java:94] set changeTimestamp -> 1970-01-01T02:07:26
2020-06-19 14:05:44 DEBUG [MockBuilder.java:94] set sampVvalue -> yAEhDDDFJIDDGaiMqlGe
2020-06-19 14:05:44 DEBUG [MockBuilder.java:94] set createdBy -> CpRWyDOPmv
2020-06-19 14:05:44 DEBUG [MockBuilder.java:94] set createTimestamp -> 1970-01-01T00:55:51
2020-06-19 14:05:44 DEBUG [MockBuilder.java:94] set changedBy -> ULuWMDyKsC
2020-06-19 14:05:44 DEBUG [MockBuilder.java:94] set sampType -> sjwGWHqSyKOCLegIdOSE
2020-06-19 14:05:44 DEBUG [MockBuilder.java:94] set changeTimestamp -> 1970-01-01T00:15:46
2020-06-19 14:05:44 DEBUG [MockBuilder.java:94] set createdBy -> ZKxyQQmQDB
2020-06-19 14:05:44 DEBUG [MockBuilder.java:94] set phone -> FzqGyVteySgbKMW
2020-06-19 14:05:44 DEBUG [MockBuilder.java:94] set dateValue -> 1992-07-17
2020-06-19 14:05:44 DEBUG [MockBuilder.java:94] set changedBy -> PFTVKMakfo
2020-06-19 14:05:44 DEBUG [MockBuilder.java:94] set shipDate -> com.shaw.ediorderservices.persistance.sqlserver.entity.date.ShipDate@3c964873
2020-06-19 14:05:44 DEBUG [MockBuilder.java:94] set phone -> UQTgthsYUNPylKv
2020-06-19 14:05:44 DEBUG [MockBuilder.java:94] set createTimestamp -> 1970-01-01T01:07:40
2020-06-19 14:05:44 DEBUG [MockBuilder.java:94] set billFlag -> O
2020-06-19 14:05:44 DEBUG [MockBuilder.java:94] set createdBy -> UXhtuqZvYX
2020-06-19 14:05:44 DEBUG [MockBuilder.java:94] set addressLine1 -> nLpBkpSSvKmLgDdTXFZi
2020-06-19 14:05:44 DEBUG [MockBuilder.java:94] set country -> Xh
2020-06-19 14:05:44 DEBUG [MockBuilder.java:94] set changeTimestamp -> 1970-01-01T01:36:02
2020-06-19 14:05:44 DEBUG [MockBuilder.java:94] set name -> XkOyMeIDqDpQTFrsEYPN
2020-06-19 14:05:44 DEBUG [MockBuilder.java:94] set ediOrder -> null
2020-06-19 14:05:44 DEBUG [MockBuilder.java:94] set careOf -> VlEWfdphjoRDjQFJVFdX
2020-06-19 14:05:44 DEBUG [MockBuilder.java:94] set qualifier -> EcM
2020-06-19 14:05:44 DEBUG [MockBuilder.java:94] set changedBy -> BnumgRBhkN
2020-06-19 14:05:44 DEBUG [MockBuilder.java:94] set accountNbr -> ndtZMQdKcXdtvUCLqETe
2020-06-19 14:05:44 DEBUG [MockBuilder.java:94] set zip -> ASfcHFqvdTXnlBFy
2020-06-19 14:05:44 DEBUG [MockBuilder.java:94] set city -> CjeLQuNPUZrfBvcbUMuM
2020-06-19 14:05:44 DEBUG [MockBuilder.java:94] set poDate -> com.shaw.ediorderservices.persistance.sqlserver.entity.date.PoDate@1edaa8ed
2020-06-19 14:05:44 DEBUG [MockBuilder.java:94] set shipFlag -> q
2020-06-19 14:05:44 DEBUG [MockBuilder.java:94] set province -> OpuAhRctPpAaCaQVOLb
2020-06-19 14:05:44 DEBUG [MockBuilder.java:94] set dates -> null
2020-06-19 14:05:44 DEBUG [MockBuilder.java:94] set addressLine2 -> NtfhmdhyeeVSLLdciKWp
2020-06-19 14:05:44 DEBUG [MockBuilder.java:94] set poDate -> 1995-01-10
2020-06-19 14:05:44 DEBUG [MockBuilder.java:94] set qualifier -> QFc
2020-06-19 14:05:44 DEBUG [MockBuilder.java:94] set state -> ok
2020-06-19 14:05:44 DEBUG [MockBuilder.java:94] set dateValue -> 1986-05-26
2020-06-19 14:05:44 DEBUG [MockBuilder.java:94] set name -> iCAtsVOnMZrvCgHgPuwY
2020-06-19 14:05:44 DEBUG [MockBuilder.java:94] set createdBy -> ASfWVCKRfr
2020-06-19 14:05:44 DEBUG [MockBuilder.java:94] set careOf -> WGrCKImwgmGMHjpNVXUP
2020-06-19 14:05:44 DEBUG [MockBuilder.java:94] set createTimestamp -> 1970-01-01T01:09:42
2020-06-19 14:05:44 DEBUG [MockBuilder.java:94] set createdBy -> mRBVOhtogH
2020-06-19 14:05:44 DEBUG [MockBuilder.java:94] set phone -> taVIkhFeUADLFvw
2020-06-19 14:05:44 DEBUG [MockBuilder.java:94] set changeTimestamp -> 1970-01-01T01:10:42
2020-06-19 14:05:44 DEBUG [MockBuilder.java:94] set custNbr -> ovLhvko
2020-06-19 14:05:44 DEBUG [MockBuilder.java:94] set cancelDate -> com.shaw.ediorderservices.persistance.sqlserver.entity.date.CancelDate@6beca155
2020-06-19 14:05:44 DEBUG [MockBuilder.java:94] set destinationCode -> QP
2020-06-19 14:05:44 DEBUG [MockBuilder.java:94] set truncFlag -> l
2020-06-19 14:05:44 DEBUG [MockBuilder.java:94] set shipToFlag -> 9406596.749963596
2020-06-19 14:05:44 DEBUG [MockBuilder.java:94] set addressLine2 -> aYKIpNPKEhhURLZmzwYz
2020-06-19 14:05:44 DEBUG [MockBuilder.java:94] set name -> NSUGOZceNlLJizMwWkdn
2020-06-19 14:05:44 DEBUG [MockBuilder.java:94] set addressLine1 -> gzCaLaRTuKGCpMDFAULv
2020-06-19 14:05:44 DEBUG [MockBuilder.java:94] set city -> OOnLtVLreAqlXMLfeafG
2020-06-19 14:05:44 DEBUG [MockBuilder.java:94] set changedBy -> cdWFfZnoub
2020-06-19 14:05:44 DEBUG [MockBuilder.java:94] set shipToAddress -> com.shaw.ediorderservices.persistance.sqlserver.entity.address.ShipToAddress@1be2ec3a
2020-06-19 14:05:44 DEBUG [MockBuilder.java:94] set ediOrder -> null
2020-06-19 14:05:44 DEBUG [MockBuilder.java:94] set consumerAddress -> com.shaw.ediorderservices.persistance.sqlserver.entity.address.ConsumerAddress@7bf4091d
2020-06-19 14:05:44 DEBUG [MockBuilder.java:94] set thirdPartyAddress -> com.shaw.ediorderservices.persistance.sqlserver.entity.address.ThirdPartyAddress@7de7ae81
2020-06-19 14:05:44 DEBUG [MockBuilder.java:94] set createTimestamp -> 1970-01-01T01:06:03
2020-06-19 14:05:44 DEBUG [MockBuilder.java:94] set style -> VXrAt
2020-06-19 14:05:44 DEBUG [MockBuilder.java:94] set shipDate -> 1985-10-19
2020-06-19 14:05:44 DEBUG [MockBuilder.java:94] set validations -> null
2020-06-19 14:05:44 DEBUG [MockBuilder.java:94] set changedBy -> crHRGZGLeI
2020-06-19 14:05:44 DEBUG [MockBuilder.java:94] set custReqShipDate -> 1972-04-12
2020-06-19 14:05:44 DEBUG [MockBuilder.java:94] set ref -> Dnb
2020-06-19 14:05:44 DEBUG [MockBuilder.java:94] set createdBy -> yBuYXCJdqS
2020-06-19 14:05:44 DEBUG [MockBuilder.java:94] set lineType -> UWTZAjUICtKQrmZUCgvl
2020-06-19 14:05:44 DEBUG [MockBuilder.java:94] set color -> VmFVq
2020-06-19 14:05:44 DEBUG [MockBuilder.java:94] set changeTimestamp -> 1970-01-01T02:15:07
2020-06-19 14:05:44 DEBUG [MockBuilder.java:94] set samplesValue -> CzbIqDoTiWJbwxRmZKIf
2020-06-19 14:05:44 DEBUG [MockBuilder.java:94] set lineNbr -> 786150
2020-06-19 14:05:44 DEBUG [MockHelper.java:58] EdiOrder [id=null, customerCode=Td, orderingSystem=tW, type=aNSXkffzDOaEADSCDFTb, legacyId=163716963, shawOrderNbr=jZSslK, carrierCode=cK, customerNumber=tRkYRa, commCust=xCjYpKg, poNumber=EHXwaKPuXZtxIrdzonCu, freightType=jqCKwwqhiHKQzBsAaoms, serviceCode=JUIkuDkTtSvpPxZjgqXz, billToStore=VBVyZbfbwE, agreementNumber=zFMFjecDompNPDF, custDept=eNdMr, storeName=TGJUCLjGTwdlFgnfTpLp, vendorNo=INSbIfCQeHVvSpR, dunsNbr=qphlpgwMWESTtQY, beg=YzUYD, shipCancelDate=1974-10-19, shipByDate=1980-11-17, nbDate=1993-09-01, shipDate=com.shaw.ediorderservices.persistance.sqlserver.entity.date.ShipDate@3c964873, cancelDate=com.shaw.ediorderservices.persistance.sqlserver.entity.date.CancelDate@6beca155, poDate=com.shaw.ediorderservices.persistance.sqlserver.entity.date.PoDate@1edaa8ed, dates=null, shipToAddress=com.shaw.ediorderservices.persistance.sqlserver.entity.address.ShipToAddress@1be2ec3a, consumerAddress=com.shaw.ediorderservices.persistance.sqlserver.entity.address.ConsumerAddress@7bf4091d, thirdPartyAddress=com.shaw.ediorderservices.persistance.sqlserver.entity.address.ThirdPartyAddress@7de7ae81, lines=[com.shaw.ediorderservices.persistance.sqlserver.entity.line.SamplesEdiLine@7db72209], generics=null, validations=null]
2020-06-19 14:05:44 DEBUG [MockBuilder.java:94] set createdBy -> syeGNVIVRl
2020-06-19 14:05:44 DEBUG [MockBuilder.java:94] set commCust -> qYHlAdt
2020-06-19 14:05:44 DEBUG [MockBuilder.java:94] set validations -> null
2020-06-19 14:05:44 DEBUG [MockBuilder.java:94] set freightType -> MvngOrqPVwuFFhxdPZMS
2020-06-19 14:05:44 DEBUG [MockBuilder.java:94] set country -> jU
2020-06-19 14:05:44 DEBUG [MockBuilder.java:94] set country -> NY
2020-06-19 14:05:44 DEBUG [MockBuilder.java:94] set changedBy -> KZJXpmdvtQ
2020-06-19 14:05:44 DEBUG [MockBuilder.java:94] set poNumber -> SyZPeqqkTSFKLexWDNkT
2020-06-19 14:05:44 DEBUG [MockBuilder.java:94] set zip -> mhrqVsvUcxJsDcIv
2020-06-19 14:05:44 DEBUG [MockBuilder.java:94] set changeTimestamp -> 1970-01-01T00:52:03
2020-06-19 14:05:44 DEBUG [MockBuilder.java:94] set customerNumber -> AagfJZ
2020-06-19 14:05:44 DEBUG [MockBuilder.java:94] set createTimestamp -> 1970-01-01T01:35:53
2020-06-19 14:05:44 DEBUG [MockBuilder.java:94] set createTimestamp -> 1970-01-01T00:14:39
2020-06-19 14:05:44 DEBUG [MockBuilder.java:94] set carrierCode -> MI
2020-06-19 14:05:44 DEBUG [MockBuilder.java:94] set zip -> UUkuImIRtMcTsFCA
2020-06-19 14:05:44 DEBUG [MockBuilder.java:94] set beg -> xMpua
2020-06-19 14:05:44 DEBUG [MockBuilder.java:94] set province -> qRvdRxuMgAaDcasUcSm
2020-06-19 14:05:44 DEBUG [MockBuilder.java:94] set shipByDate -> 1978-06-19
2020-06-19 14:05:44 DEBUG [MockBuilder.java:94] set changeTimestamp -> 1970-01-01T02:40:54
2020-06-19 14:05:44 DEBUG [MockBuilder.java:94] set province -> MHQwSEXekPNatsTzmKl
2020-06-19 14:05:44 DEBUG [MockBuilder.java:94] set state -> Cz
2020-06-19 14:05:44 DEBUG [MockBuilder.java:94] set shipCancelDate -> 1986-02-09
2020-06-19 14:05:44 DEBUG [MockBuilder.java:94] set agreementNumber -> HnCNHFYTnjKVgfZ
2020-06-19 14:05:44 DEBUG [MockBuilder.java:94] set createTimestamp -> 1970-01-01T00:58:05
2020-06-19 14:05:44 DEBUG [MockBuilder.java:94] set dunsNbr -> gSJLHFKSWQoOttE
2020-06-19 14:05:44 DEBUG [MockBuilder.java:94] set storeName -> zlzHFBlltzIVrhmmOayp
2020-06-19 14:05:44 DEBUG [MockBuilder.java:94] set changedBy -> FORVfqnqSz
2020-06-19 14:05:44 DEBUG [MockBuilder.java:94] set vendorNo -> FuYVdSOoxEouXyo
2020-06-19 14:05:44 DEBUG [MockBuilder.java:94] set custDept -> hRDKa
2020-06-19 14:05:44 DEBUG [MockBuilder.java:94] set changeTimestamp -> 1970-01-01T02:10:47
2020-06-19 14:05:44 DEBUG [MockBuilder.java:94] set billToStore -> eXbDIxSuDV
2020-06-19 14:05:44 DEBUG [MockBuilder.java:94] set changedBy -> dumnCwKFSt
2020-06-19 14:05:44 DEBUG [MockBuilder.java:94] set dateValue -> 1973-02-25
2020-06-19 14:05:44 DEBUG [MockBuilder.java:94] set serviceCode -> MhAdtQzFfjjAaPJuwCeU
2020-06-19 14:05:44 DEBUG [MockBuilder.java:94] set createTimestamp -> 1970-01-01T01:20:27
2020-06-19 14:05:44 DEBUG [MockBuilder.java:94] set createdBy -> eNNttisndL
2020-06-19 14:05:44 DEBUG [MockBuilder.java:94] set type -> EidbdCtbGJQhCfNQOVgy
2020-06-19 14:05:44 DEBUG [MockBuilder.java:94] set changeTimestamp -> 1970-01-01T02:04:29
2020-06-19 14:05:44 DEBUG [MockBuilder.java:94] set phone -> ENrWeolImwzaSZl
2020-06-19 14:05:44 DEBUG [MockBuilder.java:94] set orderingSystem -> pE
2020-06-19 14:05:44 DEBUG [MockBuilder.java:94] set createdBy -> otaJIJZwYA
2020-06-19 14:05:44 DEBUG [MockBuilder.java:94] set state -> Nu
2020-06-19 14:05:44 DEBUG [MockBuilder.java:94] set legacyOrderNumber -> 274812128
2020-06-19 14:05:44 DEBUG [MockBuilder.java:94] set changedBy -> zYcOuZGhvH
2020-06-19 14:05:44 DEBUG [MockBuilder.java:94] set addressLine1 -> MaOYWNegkvwoBUqtPURA
2020-06-19 14:05:44 DEBUG [MockBuilder.java:94] set shawOrderNbr -> zWSTjM
2020-06-19 14:05:44 DEBUG [MockBuilder.java:94] set createTimestamp -> 1970-01-01T00:32:12
2020-06-19 14:05:44 DEBUG [MockBuilder.java:94] set orderType -> rPkAsVRgCMOUIPCqItoV
2020-06-19 14:05:44 DEBUG [MockBuilder.java:94] set qualifier -> eBG
2020-06-19 14:05:44 DEBUG [MockBuilder.java:94] set dateValue -> 1988-06-27
2020-06-19 14:05:44 DEBUG [MockBuilder.java:94] set careOf -> MeBWWIySvCjJMxWBRInM
2020-06-19 14:05:44 DEBUG [MockBuilder.java:94] set requestOrderJson -> lufhlGIVXZvfkEcRgwCZ
2020-06-19 14:05:44 DEBUG [MockBuilder.java:94] set changeTimestamp -> 1970-01-01T01:59:03
2020-06-19 14:05:44 DEBUG [MockBuilder.java:94] set customerCode -> oB
2020-06-19 14:05:44 DEBUG [MockBuilder.java:94] set createdBy -> QvgvzpbFeD
2020-06-19 14:05:44 DEBUG [MockBuilder.java:94] set city -> VLfJXBApUOkEoveCwyEm
2020-06-19 14:05:44 DEBUG [MockBuilder.java:94] set shipDate -> com.shaw.ediorderservices.persistance.sqlserver.entity.date.ShipDate@2c7e2c5
2020-06-19 14:05:44 DEBUG [MockBuilder.java:94] set sampVvalue -> YoxMbclhqnWeYGAEYxcu
2020-06-19 14:05:44 DEBUG [MockBuilder.java:94] set changedBy -> iPXvobLLuj
2020-06-19 14:05:44 DEBUG [MockBuilder.java:94] set qualifier -> Ale
2020-06-19 14:05:44 DEBUG [MockBuilder.java:94] set sampType -> jmLIOhdkSDijhlJAXRmU
2020-06-19 14:05:44 DEBUG [MockBuilder.java:94] set poDate -> com.shaw.ediorderservices.persistance.sqlserver.entity.date.PoDate@12a6ae7
2020-06-19 14:05:44 DEBUG [MockBuilder.java:94] set nbDate -> 1979-11-09
2020-06-19 14:05:44 DEBUG [MockBuilder.java:94] set dates -> null
2020-06-19 14:05:44 DEBUG [MockBuilder.java:94] set createdBy -> VqGlREXpLS
2020-06-19 14:05:44 DEBUG [MockBuilder.java:94] set addressLine2 -> XwSBXwaOrwlAspeFXzwU
2020-06-19 14:05:44 DEBUG [MockBuilder.java:94] set country -> RX
2020-06-19 14:05:44 DEBUG [MockBuilder.java:94] set phone -> LPRBqRaJtwajZCN
2020-06-19 14:05:44 DEBUG [MockBuilder.java:94] set zip -> SHlGDlQOPjPZVlpO
2020-06-19 14:05:44 DEBUG [MockBuilder.java:94] set createTimestamp -> 1970-01-01T00:04:06
2020-06-19 14:05:44 DEBUG [MockBuilder.java:94] set addressLine1 -> abUUQrWHnYqKSqcteoUr
2020-06-19 14:05:44 DEBUG [MockBuilder.java:94] set province -> ZQXGRizFrRlGoYEmghZ
2020-06-19 14:05:44 DEBUG [MockBuilder.java:94] set changeTimestamp -> 1970-01-01T02:08:54
2020-06-19 14:05:44 DEBUG [MockBuilder.java:94] set state -> IJ
2020-06-19 14:05:44 DEBUG [MockBuilder.java:94] set careOf -> ZVXUMcdwwiFPtNlLnlVd
2020-06-19 14:05:44 DEBUG [MockBuilder.java:94] set changedBy -> rdLFIKrNwT
2020-06-19 14:05:44 DEBUG [MockBuilder.java:94] set createTimestamp -> 1970-01-01T01:33:34
2020-06-19 14:05:44 DEBUG [MockBuilder.java:94] set city -> LpBhoTOGyFWwGZswKBnt
2020-06-19 14:05:44 DEBUG [MockBuilder.java:94] set dateValue -> 1986-08-31
2020-06-19 14:05:44 DEBUG [MockBuilder.java:94] set changeTimestamp -> 1970-01-01T01:26:02
2020-06-19 14:05:44 DEBUG [MockBuilder.java:94] set addressLine2 -> uGWiXgGnbkWqJaCfGxeB
2020-06-19 14:05:44 DEBUG [MockBuilder.java:94] set createdBy -> zsNNpwbLwh
2020-06-19 14:05:44 DEBUG [MockBuilder.java:94] set changedBy -> zfBYPcNTEz
2020-06-19 14:05:44 DEBUG [MockBuilder.java:94] set qualifier -> KUF
2020-06-19 14:05:44 DEBUG [MockBuilder.java:94] set createdBy -> gePrUaCvbf
2020-06-19 14:05:44 DEBUG [MockBuilder.java:94] set cancelDate -> com.shaw.ediorderservices.persistance.sqlserver.entity.date.CancelDate@6372a5b4
2020-06-19 14:05:44 DEBUG [MockBuilder.java:94] set phone -> EeXdZJaxZgwghIK
2020-06-19 14:05:44 DEBUG [MockBuilder.java:94] set generics -> null
2020-06-19 14:05:44 DEBUG [MockBuilder.java:94] set careOf -> OIWFTRwDqkfuSgazwJRk
2020-06-19 14:05:44 DEBUG [MockBuilder.java:94] set lines -> null
2020-06-19 14:05:44 DEBUG [MockBuilder.java:94] set billFlag -> y
2020-06-19 14:05:44 DEBUG [MockBuilder.java:94] set name -> hKAmqmQfJrRNKmtZUBKa
2020-06-19 14:05:44 DEBUG [MockBuilder.java:94] set accountNbr -> GoPnHPqCOQEcjgQJkmQs
2020-06-19 14:05:44 DEBUG [MockBuilder.java:94] set addressLine2 -> BpbjctVGfNGUoZFfklUl
2020-06-19 14:05:44 DEBUG [MockBuilder.java:94] set name -> mZZmmBGIhQYzTuuOtdHY
2020-06-19 14:05:44 DEBUG [MockBuilder.java:94] set city -> YGHPNMAAIRuJpzdPFFXB
2020-06-19 14:05:44 DEBUG [MockBuilder.java:94] set shipToFlag -> 476365.5458415681
2020-06-19 14:05:44 DEBUG [MockBuilder.java:94] set addressLine1 -> nlxsAZKfzCKChtaxvrMb
2020-06-19 14:05:44 DEBUG [MockBuilder.java:94] set ediOrder -> null
2020-06-19 14:05:44 DEBUG [MockBuilder.java:94] set thirdPartyAddress -> com.shaw.ediorderservices.persistance.sqlserver.entity.address.ThirdPartyAddress@79961ed6
2020-06-19 14:05:44 DEBUG [MockBuilder.java:94] set custNbr -> FTZeXli
2020-06-19 14:05:44 DEBUG [MockBuilder.java:94] set truncFlag -> i
2020-06-19 14:05:44 DEBUG [MockBuilder.java:94] set destinationCode -> vf
2020-06-19 14:05:44 DEBUG [MockBuilder.java:94] set shipFlag -> I
2020-06-19 14:05:44 DEBUG [MockBuilder.java:94] set shipToAddress -> com.shaw.ediorderservices.persistance.sqlserver.entity.address.ShipToAddress@508c1c77
2020-06-19 14:05:44 DEBUG [MockBuilder.java:94] set poDate -> 1986-02-23
2020-06-19 14:05:44 DEBUG [MockBuilder.java:94] set name -> JVhiUdDVRXpvNyuidLqY
2020-06-19 14:05:44 DEBUG [MockBuilder.java:94] set ediOrder -> null
2020-06-19 14:05:44 DEBUG [MockBuilder.java:94] set consumerAddress -> com.shaw.ediorderservices.persistance.sqlserver.entity.address.ConsumerAddress@702b2b48
2020-06-19 14:05:44 DEBUG [MockBuilder.java:94] set style -> Mknlg
2020-06-19 14:05:44 DEBUG [MockBuilder.java:94] set lineType -> QPPANvSBBaqcRAhlnHGz
2020-06-19 14:05:44 DEBUG [MockBuilder.java:94] set samplesValue -> qviOnOzrcPAwdekNDeaH
2020-06-19 14:05:44 DEBUG [MockBuilder.java:94] set custReqShipDate -> 1976-03-31
2020-06-19 14:05:44 DEBUG [MockBuilder.java:94] set changedBy -> tnzWRKXSJt
2020-06-19 14:05:44 DEBUG [MockBuilder.java:94] set shipDate -> 1992-07-31
2020-06-19 14:05:44 DEBUG [MockBuilder.java:94] set createTimestamp -> 1970-01-01T02:11:48
2020-06-19 14:05:44 DEBUG [MockBuilder.java:94] set changeTimestamp -> 1970-01-01T02:17:51
2020-06-19 14:05:44 DEBUG [MockBuilder.java:94] set createdBy -> PnDTXTLXmL
2020-06-19 14:05:44 DEBUG [MockBuilder.java:94] set validations -> null
2020-06-19 14:05:44 DEBUG [MockBuilder.java:94] set lineNbr -> 483298
2020-06-19 14:05:44 DEBUG [MockBuilder.java:94] set ref -> VwY
2020-06-19 14:05:44 DEBUG [MockBuilder.java:94] set color -> PbwKt
2020-06-19 14:05:44 DEBUG [MockHelper.java:58] EdiOrder [id=null, customerCode=oB, orderingSystem=pE, type=rPkAsVRgCMOUIPCqItoV, legacyId=274812128, shawOrderNbr=zWSTjM, carrierCode=MI, customerNumber=AagfJZ, commCust=qYHlAdt, poNumber=SyZPeqqkTSFKLexWDNkT, freightType=MvngOrqPVwuFFhxdPZMS, serviceCode=MhAdtQzFfjjAaPJuwCeU, billToStore=eXbDIxSuDV, agreementNumber=HnCNHFYTnjKVgfZ, custDept=hRDKa, storeName=zlzHFBlltzIVrhmmOayp, vendorNo=FuYVdSOoxEouXyo, dunsNbr=gSJLHFKSWQoOttE, beg=xMpua, shipCancelDate=1986-02-09, shipByDate=1978-06-19, nbDate=1979-11-09, shipDate=com.shaw.ediorderservices.persistance.sqlserver.entity.date.ShipDate@2c7e2c5, cancelDate=com.shaw.ediorderservices.persistance.sqlserver.entity.date.CancelDate@6372a5b4, poDate=com.shaw.ediorderservices.persistance.sqlserver.entity.date.PoDate@12a6ae7, dates=null, shipToAddress=com.shaw.ediorderservices.persistance.sqlserver.entity.address.ShipToAddress@508c1c77, consumerAddress=com.shaw.ediorderservices.persistance.sqlserver.entity.address.ConsumerAddress@702b2b48, thirdPartyAddress=com.shaw.ediorderservices.persistance.sqlserver.entity.address.ThirdPartyAddress@79961ed6, lines=[com.shaw.ediorderservices.persistance.sqlserver.entity.line.SamplesEdiLine@39bbe17c], generics=null, validations=null]
2020-06-19 14:05:44 DEBUG [MockBuilder.java:94] set shipPoint -> rnuDBEitYJvQExsnkojk
2020-06-19 14:05:44 DEBUG [MockBuilder.java:94] set cartNbr -> NkPuIBquCjJKgrEvlLxE
2020-06-19 14:05:44 DEBUG [MockBuilder.java:94] set freightCode -> wXAcNjkAnChZDsnBjRQj
2020-06-19 14:05:44 DEBUG [MockBuilder.java:94] set priceReqBy -> ptltzbdycbVEyYepnoRa
2020-06-19 14:05:44 DEBUG [MockBuilder.java:94] set cartLineErrors -> null
2020-06-19 14:05:44 DEBUG [MockBuilder.java:94] set zipcode -> peRbtYJDXEaDvDSjOnwi
2020-06-19 14:05:44 DEBUG [MockBuilder.java:94] set cartOrderNbr -> jHbzZOQFOOzJvExBqOXu
2020-06-19 14:05:44 DEBUG [MockBuilder.java:94] set prodType -> mAAyIrhFgtmIDRiKLEpq
2020-06-19 14:05:44 DEBUG [MockBuilder.java:94] set countryCode -> uvACRevplPWURNKAyuOr
2020-06-19 14:05:44 DEBUG [MockBuilder.java:94] set priceExplain -> true
2020-06-19 14:05:44 DEBUG [MockBuilder.java:94] set discount -> pAaAolJbRkdWXiUJAePj
2020-06-19 14:05:44 DEBUG [MockBuilder.java:94] set swatch -> true
2020-06-19 14:05:44 DEBUG [MockBuilder.java:94] set lines -> null
2020-06-19 14:05:44 DEBUG [MockBuilder.java:94] set locCode -> FzhZZcvgpBwLCMjynfgW
2020-06-19 14:05:44 DEBUG [MockBuilder.java:94] set subset -> true
2020-06-19 14:05:44 DEBUG [MockBuilder.java:94] set pricingFlag -> VnncdfnvNNjDHMolgKHe
2020-06-19 14:05:44 DEBUG [MockBuilder.java:94] set shipDate -> null
2020-06-19 14:05:44 DEBUG [MockBuilder.java:94] set changedTimestamp -> 1970-01-01T01:41:05
2020-06-19 14:05:44 DEBUG [MockBuilder.java:94] set status -> W
2020-06-19 14:05:44 DEBUG [MockBuilder.java:94] set createdBy -> HOcBuRGeUy
2020-06-19 14:05:44 DEBUG [MockBuilder.java:94] set createdTimestamp -> 1970-01-01T02:02:51
2020-06-19 14:05:44 DEBUG [MockBuilder.java:94] set assignedTo -> OiRjRmjzOG
2020-06-19 14:05:44 DEBUG [MockBuilder.java:94] set defaultAction -> V
2020-06-19 14:05:44 DEBUG [MockBuilder.java:94] set actionCode -> HItRhNcipn
2020-06-19 14:05:44 DEBUG [MockBuilder.java:94] set poLineNbr -> ytWlVm
2020-06-19 14:05:44 DEBUG [MockBuilder.java:94] set changedBy -> uzWQIJwoTd
2020-06-19 14:05:44 DEBUG [MockBuilder.java:94] set description -> IeVCZfJuLEGcjLAjZFzr
2020-06-19 14:05:44 DEBUG [MockBuilder.java:94] set autoCreateFlag -> m
2020-06-19 14:05:44 DEBUG [MockBuilder.java:94] set ediOrderNbr -> 892466661
2020-06-19 14:05:44 DEBUG [MockBuilder.java:94] set precedence -> 9976177.222171906
2020-06-19 14:05:44 DEBUG [MockBuilder.java:94] set changeTimestamp -> 1970-01-01T00:44:12
2020-06-19 14:05:44 DEBUG [MockBuilder.java:94] set ediReasonCode -> 576048
2020-06-19 14:05:44 DEBUG [MockBuilder.java:94] set level -> Z
2020-06-19 14:05:44 DEBUG [MockBuilder.java:94] set createdBy -> ZheqCCih
2020-06-19 14:05:44 DEBUG [MockBuilder.java:94] set timeStamp -> 1970-01-01T00:05:17
2020-06-19 14:05:44 DEBUG [MockBuilder.java:94] set createTimestamp -> 1970-01-01T01:03:19
2020-06-19 14:05:44 DEBUG [MockBuilder.java:94] set ediOrdValidations -> null
2020-06-19 14:05:44 DEBUG [MockBuilder.java:94] set changedBy -> GpdwawGm
2020-06-19 14:05:44 DEBUG [MockBuilder.java:94] set id -> com.shaw.ediorderservices.persistance.db2.entity.EdiOrdValidation$EdiOrdValidationPK@4ae60bb5
2020-06-19 14:05:44 DEBUG [MockBuilder.java:94] set ediReasonCode -> com.shaw.ediorderservices.persistance.db2.entity.EdiReasonCode@4880d9a1
2020-06-19 14:05:44 DEBUG [MockBuilder.java:94] set successful -> true
2020-06-19 14:05:44 DEBUG [MockBuilder.java:94] set resultMessage -> pOuZMBbiQvmAZMkuFBAR
2020-06-19 14:05:44 DEBUG [MockBuilder.java:94] set resultType -> jxWaojhstkGMrhzxiNDi
2020-06-19 14:05:44 DEBUG [MockBuilder.java:94] set lines -> null
2020-06-19 14:05:44 DEBUG [MockBuilder.java:94] set custKwic -> iOmdFPBORkcRuqChifgY
2020-06-19 14:05:44 DEBUG [MockBuilder.java:94] set operatorId -> vdMJAfgkDAdXHMzsIVuw
2020-06-19 14:05:44 DEBUG [MockBuilder.java:94] set territory -> eozCWZBRIcJobZTyNpkt
2020-06-19 14:05:44 DEBUG [MockBuilder.java:94] set custNbr -> FmuyYKFsMLDvCgJggIMy
2020-06-19 14:05:44 DEBUG [MockBuilder.java:94] set destCountryCode -> JzJZcveKEViZHhhtCeWA
2020-06-19 14:05:44 DEBUG [MockBuilder.java:94] set custRefNbr -> MxOlqSXKMQcjbVixeoVE
2020-06-19 14:05:44 DEBUG [MockBuilder.java:94] set orderLocation -> vFTRdDhwGreuTDjxpoBZ
2020-06-19 14:05:44 DEBUG [MockBuilder.java:94] set labelContact -> kTncyKMDonKKJynhvLQf
2020-06-19 14:05:44 DEBUG [MockBuilder.java:94] set creditCode -> ilzeJvGrtUWMDrYYQYne
2020-06-19 14:05:44 DEBUG [MockBuilder.java:94] set userId -> YOfkuKTiMlmYSfhUbjyj
2020-06-19 14:05:44 DEBUG [MockBuilder.java:94] set labelDeliveryInfo -> LHCgxoSKCNsnlpFgPWpn
2020-06-19 14:05:44 DEBUG [MockBuilder.java:94] set shippingType -> gzbLQHNJJBroYxrLVWsu
2020-06-19 14:05:44 DEBUG [MockBuilder.java:94] set creditDate -> 1972-10-10
2020-06-19 14:05:44 DEBUG [MockBuilder.java:94] set creditMessage -> uhIrYWGfwlGWyvakOCMQ
2020-06-19 14:05:44 DEBUG [MockBuilder.java:94] set addrKey -> 350164
2020-06-19 14:05:44 DEBUG [MockBuilder.java:94] set creditDesc -> IWoTRxRyMNJreLSmyWFy
2020-06-19 14:05:44 DEBUG [MockBuilder.java:94] set specialInst -> null
2020-06-19 14:05:44 DEBUG [MockBuilder.java:94] set commCust -> ekuMZyMNwJDRPOQZuTDp
2020-06-19 14:05:44 DEBUG [MockBuilder.java:94] set orderDate -> 1972-07-29
2020-06-19 14:05:44 DEBUG [MockBuilder.java:94] set deliveryDate -> 1986-03-04
2020-06-19 14:05:44 DEBUG [MockBuilder.java:94] set labelProjectName -> yNblYDvYnAcJuWaCXAYi
2020-06-19 14:05:44 DEBUG [MockBuilder.java:94] set orderNbr -> bsqLwfNyQwICHpOpxCgY
2020-06-19 14:05:44 DEBUG [MockBuilder.java:94] set confirmStat -> TxPZqUPbRPiIVRQLAwFL
2020-06-19 14:05:44 DEBUG [MockBuilder.java:94] set labelShiptoPhone -> TCXaaFvvZErJMfFylcvE
2020-06-19 14:05:44 DEBUG [MockBuilder.java:94] set orderTime -> KYMwXedOhiTXJpAdMCUs
2020-06-19 14:05:44 DEBUG [MockBuilder.java:94] set countryCode -> iIYAGPIXrfXCBctZlhXm
2020-06-19 14:05:44 DEBUG [MockBuilder.java:94] set bulkOrderNbr -> dMcpBqKOsAaghuvfUqfs
2020-06-19 14:05:44 DEBUG [MockBuilder.java:94] set thirdPartyName -> peKhWoOUgObOdERdlNXf
2020-06-19 14:05:44 DEBUG [MockBuilder.java:94] set freightCode -> TwMdzDMJxSMfKHwITVPc
2020-06-19 14:05:44 DEBUG [MockBuilder.java:94] set carrServiceLevel -> xertXoeNTAyMAHQWNwJN
2020-06-19 14:05:44 DEBUG [MockBuilder.java:94] set thirdPartyName2 -> iqwgYmqayydlsEmnvUkK
2020-06-19 14:05:44 DEBUG [MockBuilder.java:94] set collateFlag -> OSqidcWIChmZHUZMPxGO
2020-06-19 14:05:44 DEBUG [MockBuilder.java:94] set headerStatus -> GgNxMtKLsvwODoRvEnMV
2020-06-19 14:05:44 DEBUG [MockBuilder.java:94] set thirdPartyState -> asZzocTKipynCAechKrz
2020-06-19 14:05:44 DEBUG [MockBuilder.java:94] set thirdPartyAcc -> JWGQaoSQJsegdvztsFbN
2020-06-19 14:05:44 DEBUG [MockBuilder.java:94] set nbDate -> 1985-04-23
2020-06-19 14:05:44 DEBUG [MockBuilder.java:94] set thirdPartyZip -> oWYCzbvOyawisuVJjzDH
2020-06-19 14:05:44 DEBUG [MockBuilder.java:94] set thirdPartyBillFlag -> XyHmTtbCxnIaeTgNVrnl
2020-06-19 14:05:44 DEBUG [MockBuilder.java:94] set shipToName2 -> vhybBqKLhlHUNRLYmsoo
2020-06-19 14:05:44 DEBUG [MockBuilder.java:94] set ovalCode2 -> rRFBTeKaoHCUksJCBZtM
2020-06-19 14:05:44 DEBUG [MockBuilder.java:94] set callBefDelFlag -> wbMtVOKyBEVlzVfmUpdh
2020-06-19 14:05:44 DEBUG [MockBuilder.java:94] set lastLineNbr -> 239365
2020-06-19 14:05:44 DEBUG [MockBuilder.java:94] set ovalCode3 -> PEEmidsTEWEtqcfiBKcd
2020-06-19 14:05:44 DEBUG [MockBuilder.java:94] set thirdPartyFlag -> bmQuOyJZtcxjVDtzreku
2020-06-19 14:05:44 DEBUG [MockBuilder.java:94] set beforeDeliveryFlag -> BmEkiRfQjCwSNCMBwiRR
2020-06-19 14:05:44 DEBUG [MockBuilder.java:94] set ovalCode4 -> tdOWTkpwoBspRsRkNvUM
2020-06-19 14:05:44 DEBUG [MockBuilder.java:94] set department -> jdamQgXNWdhuUhQBMJWL
2020-06-19 14:05:44 DEBUG [MockBuilder.java:94] set statusCode -> upinRyANbgvRSNrkIMqw
2020-06-19 14:05:44 DEBUG [MockBuilder.java:94] set shipToAddress1 -> siukPEQXUNIoUoznqwdy
2020-06-19 14:05:44 DEBUG [MockBuilder.java:94] set district -> wupXJgwWFItOkaLQfZVl
2020-06-19 14:05:44 DEBUG [MockBuilder.java:94] set termsCode -> QZjagTHFRWMNMzlRMeRN
2020-06-19 14:05:44 DEBUG [MockBuilder.java:94] set dtlsNbr -> 999217
2020-06-19 14:05:44 DEBUG [MockBuilder.java:94] set shipToAddress2 -> hVWsKZPuGyHDWLynqxgK
2020-06-19 14:05:44 DEBUG [MockBuilder.java:94] set ovalDesc3 -> gxbcBZQzolWZCJusWdOC
2020-06-19 14:05:44 DEBUG [MockBuilder.java:94] set termsDesc -> idyGCAbkEXNMfAdtBanJ
2020-06-19 14:05:44 DEBUG [MockBuilder.java:94] set shipToCity -> sAbgpyryRSRTwahJbCIa
2020-06-19 14:05:44 DEBUG [MockBuilder.java:94] set orderType -> YFahkVRmXdFFUpsIzqeG
2020-06-19 14:05:44 DEBUG [MockBuilder.java:94] set incoTerms -> PjQnfzLXeMJiWFQBqqTn
2020-06-19 14:05:44 DEBUG [MockBuilder.java:94] set shipToState -> mwfXPshwVkLXwqisYZpH
2020-06-19 14:05:44 DEBUG [MockBuilder.java:94] set region -> RPvkzyheYpqQuBTZGWJe
2020-06-19 14:05:44 DEBUG [MockBuilder.java:94] set location -> jlbEtSMMXntxUlcIBpxn
2020-06-19 14:05:44 DEBUG [MockBuilder.java:94] set projectNbr -> lwoiLECngjNwzqWsVEPZ
2020-06-19 14:05:44 DEBUG [MockBuilder.java:94] set totalWeight -> 5476078.813638462
2020-06-19 14:05:44 DEBUG [MockBuilder.java:94] set route -> agKIZvaRSgwqgRbVLqMC
2020-06-19 14:05:44 DEBUG [MockBuilder.java:94] set endUseDesc -> QKZBocSpjgHlJSMzdrrr
2020-06-19 14:05:44 DEBUG [MockBuilder.java:94] set carrierFlag -> MgNEnjYDVJrhCyvfHFkv
2020-06-19 14:05:44 DEBUG [MockBuilder.java:94] set addrSeq -> 944701
2020-06-19 14:05:44 DEBUG [MockBuilder.java:94] set selco -> xxSFsiUCrHjrYPyOciaM
2020-06-19 14:05:44 DEBUG [MockBuilder.java:94] set demand -> true
2020-06-19 14:05:44 DEBUG [MockBuilder.java:94] set locationName -> lmIUDViNNUAQcIZlCTpo
2020-06-19 14:05:44 DEBUG [MockBuilder.java:94] set ratingMethod -> ayMYDBLavSGlvhVYLKmf
2020-06-19 14:05:44 DEBUG [MockBuilder.java:94] set honeyWell -> true
2020-06-19 14:05:44 DEBUG [MockBuilder.java:94] set billAddress1 -> ujwIuGJVsOGxOukUWUAe
2020-06-19 14:05:44 DEBUG [MockBuilder.java:94] set marketFlag -> EcsyoXXSNuabPHwNcsnV
2020-06-19 14:05:44 DEBUG [MockBuilder.java:94] set orderPriced -> 204263
2020-06-19 14:05:44 DEBUG [MockBuilder.java:94] set repFlag -> TLKYuzzgzYJbpAfsbAaW
2020-06-19 14:05:44 DEBUG [MockBuilder.java:94] set poNbr -> hahmXukyvVjEwiRKMKeL
2020-06-19 14:05:44 DEBUG [MockBuilder.java:94] set billAddress2 -> tVbrvPTDlNWKxkUCtTrx
2020-06-19 14:05:44 DEBUG [MockBuilder.java:94] set pricingDate -> 1976-09-26
2020-06-19 14:05:44 DEBUG [MockBuilder.java:94] set endUse -> EOrRdXwFieBqrVCOGAZl
2020-06-19 14:05:44 DEBUG [MockBuilder.java:94] set rushFlag -> DZQrEEgFZHNamGxAqdNh
2020-06-19 14:05:44 DEBUG [MockBuilder.java:94] set billState -> uEZeYHsdQizfeznOGDzh
2020-06-19 14:05:44 DEBUG [MockBuilder.java:94] set productDesc -> uTwxXqvESmKpJPHUPyjM
2020-06-19 14:05:44 DEBUG [MockBuilder.java:94] set totalLines -> 875719
2020-06-19 14:05:44 DEBUG [MockBuilder.java:94] set projectName -> uYrkcUNZLvdiMlrxYUCl
2020-06-19 14:05:44 DEBUG [MockBuilder.java:94] set productType -> qeIAHyjKqDSACjxzuLbx
2020-06-19 14:05:44 DEBUG [MockBuilder.java:94] set ovalDesc1 -> AjjtMglfuCcuVgFLBCHz
2020-06-19 14:05:44 DEBUG [MockBuilder.java:94] set selcoDesc -> CUslrDuRZBinUzgXMJwY
2020-06-19 14:05:44 DEBUG [MockBuilder.java:94] set subset -> true
2020-06-19 14:05:44 DEBUG [MockBuilder.java:94] set residentialDelvFlag -> GkiUrrCLmlgoawqhbsBC
2020-06-19 14:05:44 DEBUG [MockBuilder.java:94] set ovalDesc2 -> GvGmORlyHOxoDiwhCmEt
2020-06-19 14:05:44 DEBUG [MockBuilder.java:94] set swatch -> true
2020-06-19 14:05:44 DEBUG [MockBuilder.java:94] set thirdPartyAdd1 -> ncPnGZnHoegmLxnBrxju
2020-06-19 14:05:44 DEBUG [MockBuilder.java:94] set parentOrderNbr -> kfYxKsoWTHwwEuzEbqci
2020-06-19 14:05:44 DEBUG [MockBuilder.java:94] set ovalDesc4 -> FzJrqkDfZEtVKkUyTzPb
2020-06-19 14:05:44 DEBUG [MockBuilder.java:94] set shipToZipcode -> UzbFhWJRHRqcUpASZAqs
2020-06-19 14:05:44 DEBUG [MockBuilder.java:94] set orderTypeDesc -> pOBcTNCojCcHhgdYglnq
2020-06-19 14:05:44 DEBUG [MockBuilder.java:94] set shipToName -> EMhyQkFissrTVmNkpafi
2020-06-19 14:05:44 DEBUG [MockBuilder.java:94] set billToName -> QlsJLBqxdtBXPdcrbEDN
2020-06-19 14:05:44 DEBUG [MockBuilder.java:94] set ovalCode1 -> LafzRsdjAWEdVgNCrunK
2020-06-19 14:05:44 DEBUG [MockBuilder.java:94] set billCity -> opgsLZognbEEfyThyMOp
2020-06-19 14:05:44 DEBUG [MockBuilder.java:94] set headerSidemarks -> null
2020-06-19 14:05:44 DEBUG [MockBuilder.java:94] set serviceDate -> 1972-10-02
2020-06-19 14:05:44 DEBUG [MockBuilder.java:94] set thirdPartyAdd2 -> BhiFTuTGtzulFQatOUOy
2020-06-19 14:05:44 DEBUG [MockBuilder.java:94] set billZipcode -> SJVkxjmagStDbApJNjyG
2020-06-19 14:05:44 DEBUG [MockBuilder.java:94] set serviceCode -> ivcqdDOjPsgpDcIQLGWt
2020-06-19 14:05:44 DEBUG [MockBuilder.java:94] set shipPoint -> CWlNLxridfoanjWBNdYp
2020-06-19 14:05:44 DEBUG [MockBuilder.java:94] set custName -> wqUKsrAiytwJUaAZZbRd
2020-06-19 14:05:44 DEBUG [MockBuilder.java:94] set carrierCode -> rjCtidaRCChNxGkCClxQ
2020-06-19 14:05:44 DEBUG [MockBuilder.java:94] set thirdPartyCity -> hVdzRteIFMDcWfTlRsPa
2020-06-19 14:05:44 DEBUG [MockBuilder.java:94] set smNote -> ercRAXZdsWXEJljzZaZv
2020-06-19 14:05:44 DEBUG [MockBuilder.java:94] set carrierName -> xAaotFZZEVzvLLdmyLnX
2020-06-19 14:05:44 DEBUG [MockBuilder.java:94] set area -> 231990
2020-06-19 14:05:44 DEBUG [MockBuilder.java:94] set header -> com.shaw.ediorderservices.csws.OrderHeader@24674ee4
2020-06-19 14:05:44 DEBUG [MockBuilder.java:94] set location -> ZJZIiPlylPMXwptUqWrI
2020-06-19 14:05:44 DEBUG [MockBuilder.java:94] set selCo -> bXvLaJQPNSSTEMPGMfbU
2020-06-19 14:05:44 DEBUG [MockBuilder.java:94] set priceUOM -> KfpGOEeBdajIDSMpzJPz
2020-06-19 14:05:44 DEBUG [MockBuilder.java:94] set replacementFlag -> true
2020-06-19 14:05:44 DEBUG [MockBuilder.java:94] set rcsCode -> QQoHQuufRlkIRsPGjoUr
2020-06-19 14:05:44 DEBUG [MockBuilder.java:94] set smpTypeset -> ATIWVwuOpkTbrgYbsoSx
2020-06-19 14:05:44 DEBUG [MockBuilder.java:94] set smpColorNbr -> KYURLKwcGjdDnNOvygWo
2020-06-19 14:05:44 DEBUG [MockBuilder.java:94] set smpTypesetDesc -> GGSSVgOJRfIpFEygaqEr
2020-06-19 14:05:44 DEBUG [MockBuilder.java:94] set swatchFlag -> true
2020-06-19 14:05:44 DEBUG [MockBuilder.java:94] set colorNbr -> dZYlNSDatltMCFfVzsws
2020-06-19 14:05:44 DEBUG [MockBuilder.java:94] set leadTimeDate -> 1984-03-20
2020-06-19 14:05:44 DEBUG [MockBuilder.java:94] set smpStyleNbr -> efpYyEtrJliaqdFIjUqw
2020-06-19 14:05:44 DEBUG [MockBuilder.java:94] set colorName -> FwsSaeqkTeHKYLCztrCz
2020-06-19 14:05:44 DEBUG [MockBuilder.java:94] set leadTimeFlag -> VMukuWMEbiAcwSrkZtvQ
2020-06-19 14:05:44 DEBUG [MockBuilder.java:94] set demaindLine -> mOWKvErCAYHlXCXULOhD
2020-06-19 14:05:44 DEBUG [MockBuilder.java:94] set demandOrder -> ZmrHaNtVJoggicRujfSC
2020-06-19 14:05:44 DEBUG [MockBuilder.java:94] set builderFlag -> true
2020-06-19 14:05:44 DEBUG [MockBuilder.java:94] set extPrice -> YjPyASGLiUcaDuJofcYI
2020-06-19 14:05:44 DEBUG [MockBuilder.java:94] set foreignCurrency -> UJiTaIoVdbCfLoIvpdcK
2020-06-19 14:05:44 DEBUG [MockBuilder.java:94] set description -> JjZbiOgEKaRnTDcuJdfF
2020-06-19 14:05:44 DEBUG [MockBuilder.java:94] set packType -> gyYWAFnQGZtHKmwdGdlF
2020-06-19 14:05:44 DEBUG [MockBuilder.java:94] set dyelot -> gHvsmYxdwjlyRozkPtFy
2020-06-19 14:05:44 DEBUG [MockBuilder.java:94] set groupNbr -> PemLSbYoVpeFspvldEhx
2020-06-19 14:05:44 DEBUG [MockBuilder.java:94] set custStatusCode -> notdnpwJNnsunQbccWJO
2020-06-19 14:05:44 DEBUG [MockBuilder.java:94] set statusCode -> nHPEKmtstGdFDyoEVRNB
2020-06-19 14:05:44 DEBUG [MockBuilder.java:94] set unitPrice -> XlnWvcDUMltjOXQocKac
2020-06-19 14:05:44 DEBUG [MockBuilder.java:94] set lineNbr -> VIUDcemwZzVtLnrtPbBU
2020-06-19 14:05:44 DEBUG [MockBuilder.java:94] set demandStatusCode -> FEaeEeuMlBQpxglyNCsU
2020-06-19 14:05:44 DEBUG [MockBuilder.java:94] set restricted -> true
2020-06-19 14:05:44 DEBUG [MockBuilder.java:94] set width -> wEmiEXfvzMhXbahMFcCa
2020-06-19 14:05:44 DEBUG [MockBuilder.java:94] set groupId -> ZJINyVEdqhrDzxrkZMJp
2020-06-19 14:05:44 DEBUG [MockBuilder.java:94] set length -> HJLnpvLaLNTgVSLVXoZo
2020-06-19 14:05:44 DEBUG [MockBuilder.java:94] set uom -> VJEsszWBTQPJgNONebeb
2020-06-19 14:05:44 DEBUG [MockBuilder.java:94] set foreignPrice -> GMWWekTwnbdJeTJwNZFU
2020-06-19 14:05:44 DEBUG [MockBuilder.java:94] set productCode -> YXSgFouuLeGgLJrRJrHJ
2020-06-19 14:05:44 DEBUG [MockBuilder.java:94] set styleName -> FCruompusIwcLQMKRcJQ
2020-06-19 14:05:44 DEBUG [MockBuilder.java:94] set totWeight -> 9050723.395307442
2020-06-19 14:05:44 DEBUG [MockBuilder.java:94] set styleNbr -> ACSKVzkRjMjFZaaQbZAQ
2020-06-19 14:05:44 DEBUG [MockBuilder.java:94] set cutBoundFlag -> true
2020-06-19 14:05:44 DEBUG [MockBuilder.java:94] set qty -> UJkITktiizlzfqsBZlfq
2020-06-19 14:05:44 DEBUG [MockBuilder.java:94] set commodity -> RoyxDWvKggdbkYfiIEdS
2020-06-19 14:05:44 DEBUG [MockBuilder.java:94] set leadTypeDesc -> ftOLLIVzwVTBbiNySZRu
2020-06-19 14:05:44 DEBUG [MockBuilder.java:94] set shipDate -> 1993-05-13
2020-06-19 14:05:44 DEBUG [MockBuilder.java:94] set ediReasonCode -> 888752
2020-06-19 14:05:44 DEBUG [MockBuilder.java:94] set autoCreateFlag -> O
2020-06-19 14:05:44 DEBUG [MockBuilder.java:94] set changeTimestamp -> 1970-01-01T00:02:53
2020-06-19 14:05:44 DEBUG [MockBuilder.java:94] set defaultAction -> K
2020-06-19 14:05:44 DEBUG [MockBuilder.java:94] set createdBy -> utRGGgom
2020-06-19 14:05:44 DEBUG [MockBuilder.java:94] set description -> bSnepCHcjQtGpKukIuor
2020-06-19 14:05:44 DEBUG [MockBuilder.java:94] set precedence -> 2656670.1777182673
2020-06-19 14:05:44 DEBUG [MockBuilder.java:94] set ediOrdValidations -> null
2020-06-19 14:05:44 DEBUG [MockBuilder.java:94] set changedBy -> pjnGAyqR
2020-06-19 14:05:44 DEBUG [MockBuilder.java:94] set createTimestamp -> 1970-01-01T01:51
2020-06-19 14:05:44 DEBUG [MockBuilder.java:94] set level -> S
2020-06-19 14:05:44 DEBUG [MockBuilder.java:94] set custNbr -> vyQoHMb
2020-06-19 14:05:44 DEBUG [MockBuilder.java:94] set custStoreNbr -> IJJRSbYmHURSTLxCNpbX
2020-06-19 14:05:44 DEBUG [MockBuilder.java:94] set lastChngDate -> 1970-01-01T00:52:29
2020-06-19 14:05:44 DEBUG [MockBuilder.java:94] set custCode -> go
2020-06-19 14:05:44 DEBUG [MockBuilder.java:94] set lastChngId -> ttxoaCAC
2020-06-19 14:05:44 DEBUG [MockBuilder.java:94] set orderingSys -> ul
2020-06-19 14:05:44 DEBUG [MockBuilder.java:94] set shawStoreNbr -> ioYWqxdJtFcsRapnGOTH
2020-06-19 14:05:44 DEBUG [MockBuilder.java:94] set storeDesc -> WLfttJzrqjEMzWrHKPAL
2020-06-19 14:05:44 DEBUG [MockBuilder.java:94] set rfidFlag -> B
2020-06-19 14:05:44 DEBUG [MockBuilder.java:94] set id -> com.shaw.ediorderservices.persistance.db2.entity.EdiSplStoreXref$EdiSplStoreXrefPK@4bd68475
2020-06-19 14:05:44 DEBUG [MockBuilder.java:94] set storeDesc -> WgmbrQzCGKaZbhUttlsM
2020-06-19 14:05:44 DEBUG [MockBuilder.java:94] set lastChngDate -> 1970-01-01T00:00:29
2020-06-19 14:05:44 DEBUG [MockBuilder.java:94] set custNbr -> taJmbrM
2020-06-19 14:05:44 DEBUG [MockBuilder.java:94] set shawStoreNbr -> iLtCCMVwBnbdNkDCUSkN
2020-06-19 14:05:44 DEBUG [MockBuilder.java:94] set custCode -> zI
2020-06-19 14:05:44 DEBUG [MockBuilder.java:94] set rfidFlag -> A
2020-06-19 14:05:44 DEBUG [MockBuilder.java:94] set lastChngId -> MBdmJVmi
2020-06-19 14:05:44 DEBUG [MockBuilder.java:94] set custStoreNbr -> rfRIUJjzQbbczAdHAJri
2020-06-19 14:05:44 DEBUG [MockBuilder.java:94] set orderingSys -> rC
2020-06-19 14:05:44 DEBUG [MockBuilder.java:94] set id -> com.shaw.ediorderservices.persistance.db2.entity.EdiSplStoreXref$EdiSplStoreXrefPK@65766ba
2020-06-19 14:05:44 DEBUG [MockBuilder.java:94] set lastChngId -> hQWIkrva
2020-06-19 14:05:44 DEBUG [MockBuilder.java:94] set storeDesc -> BisFWUtaUvYSMxseTlel
2020-06-19 14:05:44 DEBUG [MockBuilder.java:94] set custNbr -> lRcOcPK
2020-06-19 14:05:44 DEBUG [MockBuilder.java:94] set lastChngDate -> 1970-01-01T01:27:14
2020-06-19 14:05:44 DEBUG [MockBuilder.java:94] set custStoreNbr -> DxgpUZicuBZSRuVjLwgK
2020-06-19 14:05:44 DEBUG [MockBuilder.java:94] set rfidFlag -> S
2020-06-19 14:05:44 DEBUG [MockBuilder.java:94] set orderingSys -> PQ
2020-06-19 14:05:44 DEBUG [MockBuilder.java:94] set shawStoreNbr -> SKEzuDNRvmTexFQhYRks
2020-06-19 14:05:44 DEBUG [MockBuilder.java:94] set custCode -> xK
2020-06-19 14:05:44 DEBUG [MockBuilder.java:94] set id -> com.shaw.ediorderservices.persistance.db2.entity.EdiSplStoreXref$EdiSplStoreXrefPK@94906a29
2020-06-19 14:05:44 DEBUG [MockBuilder.java:94] set eventInfo -> JlRpQieugMtBBnZ
2020-06-19 14:05:44 DEBUG [MockBuilder.java:94] set phone -> XfoVTcGDMUkCifJ
2020-06-19 14:05:44 DEBUG [MockBuilder.java:94] set shipPartCompInd -> y
2020-06-19 14:05:44 DEBUG [MockBuilder.java:94] set userId -> hCqVOOHY
2020-06-19 14:05:44 DEBUG [MockBuilder.java:94] set shipComplete -> o
2020-06-19 14:05:44 DEBUG [MockBuilder.java:94] set storeName -> lUeXMjCaZIUfGneQsLEH
2020-06-19 14:05:44 DEBUG [MockBuilder.java:94] set explodeFlag -> q
2020-06-19 14:05:44 DEBUG [MockBuilder.java:94] set shipPt -> Ch
2020-06-19 14:05:44 DEBUG [MockBuilder.java:94] set vendorNo -> DfyMJeWeKIFBQTD
2020-06-19 14:05:44 DEBUG [MockBuilder.java:94] set province -> ORJrpRGjOunerIhcUqs
2020-06-19 14:05:44 DEBUG [MockBuilder.java:94] set shipByCutOffDt -> 1996-01-24
2020-06-19 14:05:44 DEBUG [MockBuilder.java:94] set shipDateValue -> 1991-04-14
2020-06-19 14:05:44 DEBUG [MockBuilder.java:94] set fobPoint -> Li
2020-06-19 14:05:44 DEBUG [MockBuilder.java:94] set specialInstruct1 -> laVKfqeNVeclKXccFanE
2020-06-19 14:05:44 DEBUG [MockBuilder.java:94] set wcStore -> UzMIWiCRyn
2020-06-19 14:05:44 DEBUG [MockBuilder.java:94] set name -> nTOLxNJUOsNAgAhzZvaY
2020-06-19 14:05:44 DEBUG [MockBuilder.java:94] set shipByDate -> 1976-09-03
2020-06-19 14:05:44 DEBUG [MockBuilder.java:94] set frtCode -> H
2020-06-19 14:05:44 DEBUG [MockBuilder.java:94] set specialInstruct2 -> GXIooreNBMkPBtCQwbya
2020-06-19 14:05:44 DEBUG [MockBuilder.java:94] set shipCancelDate -> 1993-06-02
2020-06-19 14:05:44 DEBUG [MockBuilder.java:94] set giftMessage1 -> FzJWKjFMMYJzewyltoSN
2020-06-19 14:05:44 DEBUG [MockBuilder.java:94] set shipDateQualifier -> SNL
2020-06-19 14:05:44 DEBUG [MockBuilder.java:94] set specialInstruct3 -> YywhSSAiNsARoAIOnrmL
2020-06-19 14:05:44 DEBUG [MockBuilder.java:94] set termsNetDays -> ZjS
2020-06-19 14:05:44 DEBUG [MockBuilder.java:94] set flag -> 827627
2020-06-19 14:05:44 DEBUG [MockBuilder.java:94] set giftMessage2 -> TwDeoPVABMkoyJoNPrZf
2020-06-19 14:05:44 DEBUG [MockBuilder.java:94] set specialInstruct4 -> vQwpQljbpBBFvFAlVAve
2020-06-19 14:05:44 DEBUG [MockBuilder.java:94] set name -> UKRrWHBuUAEJeYMirgxg
2020-06-19 14:05:44 DEBUG [MockBuilder.java:94] set shipInstruction -> SZmSvdJUZIRKzBdchyXh
2020-06-19 14:05:44 DEBUG [MockBuilder.java:94] set country -> GMZaUksMCwspXnlJXOQ
2020-06-19 14:05:44 DEBUG [MockBuilder.java:94] set termsTypeFlag -> MU
2020-06-19 14:05:44 DEBUG [MockBuilder.java:94] set hostAlertFlag -> Q
2020-06-19 14:05:44 DEBUG [MockBuilder.java:94] set specialPoNo -> xlljbkgmQYqwXvSEdPIs
2020-06-19 14:05:44 DEBUG [MockBuilder.java:94] set truncFlag -> H
2020-06-19 14:05:44 DEBUG [MockBuilder.java:94] set consumerPoDateValue -> 1992-06-22
2020-06-19 14:05:44 DEBUG [MockBuilder.java:94] set srvLevel -> st
2020-06-19 14:05:44 DEBUG [MockBuilder.java:94] set dunsNbr -> PglGfktrbDajjqv
2020-06-19 14:05:44 DEBUG [MockBuilder.java:94] set cphone -> YSQMhaEeReyzaqXIwJGp
2020-06-19 14:05:44 DEBUG [MockBuilder.java:94] set totalBindingFt -> 820731.6598411947
2020-06-19 14:05:44 DEBUG [MockBuilder.java:94] set statusCode -> y
2020-06-19 14:05:44 DEBUG [MockBuilder.java:94] set cnCity -> oimDZHPwJubKeuarWwc
2020-06-19 14:05:44 DEBUG [MockBuilder.java:94] set zip -> jTmPnbNSpJo
2020-06-19 14:05:44 DEBUG [MockBuilder.java:94] set errorCode -> cHo
2020-06-19 14:05:44 DEBUG [MockBuilder.java:94] set addressLine2 -> PRlHvOWQOecLmYQHiTDK
2020-06-19 14:05:44 DEBUG [MockBuilder.java:94] set city -> qpQNEJhXpnMqbklohAX
2020-06-19 14:05:44 DEBUG [MockBuilder.java:94] set destCode -> qh
2020-06-19 14:05:44 DEBUG [MockBuilder.java:94] set addressLine1 -> JudGcGLpahwDylFYOBUd
2020-06-19 14:05:44 DEBUG [MockBuilder.java:94] set stdCarrAlphaInd -> bEbx
2020-06-19 14:05:44 DEBUG [MockBuilder.java:94] set store -> IaEBkqXVWa
2020-06-19 14:05:44 DEBUG [MockBuilder.java:94] set orderingSystem -> KS
2020-06-19 14:05:44 DEBUG [MockBuilder.java:94] set custNbr -> RUISgVg
2020-06-19 14:05:44 DEBUG [MockBuilder.java:94] set ccountry -> HwtXdLyxedCojXbLAWhS
2020-06-19 14:05:44 DEBUG [MockBuilder.java:94] set state -> Kw
2020-06-19 14:05:44 DEBUG [MockBuilder.java:94] set orderRetTotal -> 7679824.44216991
2020-06-19 14:05:44 DEBUG [MockBuilder.java:94] set errorDescription -> GlLyQOnXJmmzujvbIkHD
2020-06-19 14:05:44 DEBUG [MockBuilder.java:94] set addressLine2 -> nFagxQGzYpsAlLwiIQkc
2020-06-19 14:05:44 DEBUG [MockBuilder.java:94] set phoneNumber -> KgIjnQnLtPh
2020-06-19 14:05:44 DEBUG [MockBuilder.java:94] set state -> qK
2020-06-19 14:05:44 DEBUG [MockBuilder.java:94] set zip -> MQVvuPAhi
2020-06-19 14:05:44 DEBUG [MockBuilder.java:94] set orderType -> O
2020-06-19 14:05:44 DEBUG [MockBuilder.java:94] set city -> yLFveZrREAzxHBAKNTC
2020-06-19 14:05:44 DEBUG [MockBuilder.java:94] set cprovince -> qrwoucRmxcWixmuwlTvx
2020-06-19 14:05:44 DEBUG [MockBuilder.java:94] set errorTimestamp -> 1970-01-01T02:26:54
2020-06-19 14:05:44 DEBUG [MockBuilder.java:94] set orderTypeDesc -> kVpJENevjaerlXC
2020-06-19 14:05:44 DEBUG [MockBuilder.java:94] set poControl -> ijvEv
2020-06-19 14:05:44 DEBUG [MockBuilder.java:94] set consumerShipFlg -> k
2020-06-19 14:05:44 DEBUG [MockBuilder.java:94] set poDateValue -> 1974-06-24
2020-06-19 14:05:44 DEBUG [MockBuilder.java:94] set consStatusMsg -> nuwUbhuCJMIBRxVchmFZ
2020-06-19 14:05:44 DEBUG [MockBuilder.java:94] set addressLine1 -> ysigNMStDyXnbQhPcJgj
2020-06-19 14:05:44 DEBUG [MockBuilder.java:94] set deliveryDate -> 1971-12-15
2020-06-19 14:05:44 DEBUG [MockBuilder.java:94] set poDateQualifier -> vyl
2020-06-19 14:05:44 DEBUG [MockBuilder.java:94] set consumerAddress -> LegacyConsumerAddress [cprovince=qrwoucRmxcWixmuwlTvx, ccountry=HwtXdLyxedCojXbLAWhS, cphone=YSQMhaEeReyzaqXIwJGp, addressLine1=JudGcGLpahwDylFYOBUd, addressLine2=PRlHvOWQOecLmYQHiTDK, city=qpQNEJhXpnMqbklohAX, name=UKRrWHBuUAEJeYMirgxg, consumerPoDateValue=1992-06-22, consumerShipFlg=k, state=Kw, zip=MQVvuPAhi]
2020-06-19 14:05:44 DEBUG [MockBuilder.java:94] set salesCheckNumber -> rKPGIDBzkHYJpVRJUuLq
2020-06-19 14:05:44 DEBUG [MockBuilder.java:94] set contractUsageInd -> m
2020-06-19 14:05:44 DEBUG [MockBuilder.java:94] set orderWeight -> 669346.1382846739
2020-06-19 14:05:44 DEBUG [MockBuilder.java:94] set poNumber -> alofAXGWkJfQBZqFRPqi
2020-06-19 14:05:44 DEBUG [MockBuilder.java:94] set delvCutOffDt -> 1990-09-04
2020-06-19 14:05:44 DEBUG [MockBuilder.java:94] set shipToAddress -> LegacyShipToAddress [addressLine1=ysigNMStDyXnbQhPcJgj, addressLine2=nFagxQGzYpsAlLwiIQkc, city=yLFveZrREAzxHBAKNTC, cnCity=oimDZHPwJubKeuarWwc, country=GMZaUksMCwspXnlJXOQ, custNbr=RUISgVg, destCode=qh, flag=827627, name=nTOLxNJUOsNAgAhzZvaY, phone=XfoVTcGDMUkCifJ, province=ORJrpRGjOunerIhcUqs, state=qK, store=IaEBkqXVWa, truncFlag=H, zip=jTmPnbNSpJo]
2020-06-19 14:05:44 DEBUG [MockBuilder.java:94] set crossDockCenter -> FhYfFKyjkh
2020-06-19 14:05:44 DEBUG [MockBuilder.java:94] set reserveOrderInd -> J
2020-06-19 14:05:44 DEBUG [MockBuilder.java:94] set salesReqCode -> UT
2020-06-19 14:05:44 DEBUG [MockBuilder.java:94] set poQual -> zQ
2020-06-19 14:05:44 DEBUG [MockBuilder.java:94] set divDesc -> EnnhahwTkiDfxzGYTCdb
2020-06-19 14:05:44 DEBUG [MockBuilder.java:94] set orderRetHand -> 858471.2981608665
2020-06-19 14:05:44 DEBUG [MockBuilder.java:94] set custDept -> gLhBC
2020-06-19 14:05:44 DEBUG [MockBuilder.java:94] set returnMsg -> dtYDBtZYgbxkXTulnZgy
2020-06-19 14:05:44 DEBUG [MockBuilder.java:94] set chngLid -> hiCmSFSk
2020-06-19 14:05:44 DEBUG [MockBuilder.java:94] set nbDate -> 1994-05-29
2020-06-19 14:05:44 DEBUG [MockBuilder.java:94] set orderRetSh -> 399059.1468157011
2020-06-19 14:05:44 DEBUG [MockBuilder.java:94] set ohStatusCode -> c
2020-06-19 14:05:44 DEBUG [MockBuilder.java:94] set routeByDate -> 1995-02-02
2020-06-19 14:05:44 DEBUG [MockBuilder.java:94] set newStoreInd -> B
2020-06-19 14:05:44 DEBUG [MockBuilder.java:94] set chngTimestamp -> 1970-01-01T01:41:58
2020-06-19 14:05:44 DEBUG [MockBuilder.java:94] set sellCo -> JC
2020-06-19 14:05:44 DEBUG [MockBuilder.java:94] set orderRetTax -> 6125200.656269785
2020-06-19 14:05:44 DEBUG [MockBuilder.java:94] set beg -> KYUev
2020-06-19 14:05:44 DEBUG [MockBuilder.java:94] set commCust -> jKWVCyF
2020-06-19 14:05:44 DEBUG [MockBuilder.java:94] set onNote -> ZxGJaeXsZkfigfYUJvar
2020-06-19 14:05:44 DEBUG [MockBuilder.java:94] set seqNbr -> 17986
2020-06-19 14:05:44 DEBUG [MockBuilder.java:94] set city -> gUCMFabDQqeHCDEvunDr
2020-06-19 14:05:44 DEBUG [MockBuilder.java:94] set noAsnFlag -> o
2020-06-19 14:05:44 DEBUG [MockBuilder.java:94] set billToState -> FT
2020-06-19 14:05:44 DEBUG [MockBuilder.java:94] set customerCode -> ZV
2020-06-19 14:05:44 DEBUG [MockBuilder.java:94] set addressLine1 -> WVPqUDKsGBdGPkMBeYBQ
2020-06-19 14:05:44 DEBUG [MockBuilder.java:94] set poType -> CPKTp
2020-06-19 14:05:44 DEBUG [MockBuilder.java:94] set onlineType -> K
2020-06-19 14:05:44 DEBUG [MockBuilder.java:94] set billToStore -> dJVKoIWEve
2020-06-19 14:05:44 DEBUG [MockBuilder.java:94] set name -> kqRcWUkGmHeKWGcfJALk
2020-06-19 14:05:44 DEBUG [MockBuilder.java:94] set custNbr -> IFGShML
2020-06-19 14:05:44 DEBUG [MockBuilder.java:94] set bsStoreNbr -> dArtAdDRom
2020-06-19 14:05:44 DEBUG [MockBuilder.java:94] set accountNbr -> zweZyItmxsWcXpYDuoFN
2020-06-19 14:05:44 DEBUG [MockBuilder.java:94] set orderDate -> 1974-09-27
2020-06-19 14:05:44 DEBUG [MockBuilder.java:94] set ohCancelDateValue -> 1983-11-15
2020-06-19 14:05:44 DEBUG [MockBuilder.java:94] set poTypeSuffix -> NMWvNcEVJm
2020-06-19 14:05:44 DEBUG [MockBuilder.java:94] set cancelDateQualifier -> NFt
2020-06-19 14:05:44 DEBUG [MockBuilder.java:94] set customerRefNbr -> RvE
2020-06-19 14:05:44 DEBUG [MockBuilder.java:94] set orderLoc -> Wd
2020-06-19 14:05:44 DEBUG [MockBuilder.java:94] set addressLine2 -> oVrDlAVSlXLEthPRiIAS
2020-06-19 14:05:44 DEBUG [MockBuilder.java:94] set inputMethod -> TOshrooLOL
2020-06-19 14:05:44 DEBUG [MockBuilder.java:94] set carrierCode -> Hn
2020-06-19 14:05:44 DEBUG [MockBuilder.java:94] set billFlag -> E
2020-06-19 14:05:44 DEBUG [MockBuilder.java:94] set customerSidemark -> MMsJcRACsmCOCCGZUeRr
2020-06-19 14:05:44 DEBUG [MockBuilder.java:94] set psMsg -> BCqTzeLwBCMNHOOFpnMK
2020-06-19 14:05:44 DEBUG [MockBuilder.java:94] set tpcountry -> ZOUtfcqgYVdPjiehUmKT
2020-06-19 14:05:44 DEBUG [MockBuilder.java:94] set cbCutLength -> 6458275.52551781
2020-06-19 14:05:44 DEBUG [MockBuilder.java:94] set orderMerCost -> 2723524.502355932
2020-06-19 14:05:44 DEBUG [MockBuilder.java:94] set markForStore -> VPvdlvoCdF
2020-06-19 14:05:44 DEBUG [MockBuilder.java:94] set custPmtMeth -> HfnVrrphNLNUMZtctcex
2020-06-19 14:05:44 DEBUG [MockBuilder.java:94] set tpphone -> UhhKNWZTczAHMnmJaoic
2020-06-19 14:05:44 DEBUG [MockBuilder.java:94] set tpprovince -> qjiJKkyxvdJgUdoOElLb
2020-06-19 14:05:44 DEBUG [MockBuilder.java:94] set agreementNumber -> RUTRQWDUQDCNmlu
2020-06-19 14:05:44 DEBUG [MockBuilder.java:94] set shawOrderNumber -> BkTNAL
2020-06-19 14:05:44 DEBUG [MockBuilder.java:94] set state -> pp
2020-06-19 14:05:44 DEBUG [MockBuilder.java:94] set custSpInst -> DIPTAJbGPRKCogdTyLQe
2020-06-19 14:05:44 DEBUG [MockBuilder.java:94] set name2 -> SlpuHhoxOULcCOzOenaB
2020-06-19 14:05:44 DEBUG [MockBuilder.java:94] set mediaEventCode -> zU
2020-06-19 14:05:44 DEBUG [MockBuilder.java:94] set assignedAgent -> JKztjxKJ
2020-06-19 14:05:44 DEBUG [MockBuilder.java:94] set zip -> XjXzLhNlbKJPhzrf
2020-06-19 14:05:44 DEBUG [MockBuilder.java:94] set acctContact -> rrfuzRzxEgzfEnbjXBBi
2020-06-19 14:05:44 DEBUG [MockBuilder.java:94] set custWhNbr -> kgBJ
2020-06-19 14:05:44 DEBUG [MockBuilder.java:94] set authRep -> DPBlAFRplkLpIDxKfELj
2020-06-19 14:05:44 DEBUG [MockBuilder.java:94] set acknowlegeOrdInd -> s
2020-06-19 14:05:44 DEBUG [MockBuilder.java:94] set thirdPartyAddress -> LegacyThirdPartyAddress [tpprovince=qjiJKkyxvdJgUdoOElLb, tpcountry=ZOUtfcqgYVdPjiehUmKT, tpphone=UhhKNWZTczAHMnmJaoic, addressLine1=WVPqUDKsGBdGPkMBeYBQ, addressLine2=oVrDlAVSlXLEthPRiIAS, accountNbr=zweZyItmxsWcXpYDuoFN, billFlag=E, city=gUCMFabDQqeHCDEvunDr, name=kqRcWUkGmHeKWGcfJALk, name2=SlpuHhoxOULcCOzOenaB, state=pp, zip=XjXzLhNlbKJPhzrf]
2020-06-19 14:05:44 DEBUG [MockBuilder.java:94] set authorizationNo -> QPrjQjZpZu
2020-06-19 14:05:44 DEBUG [MockBuilder.java:94] set addrKey -> 706569
2020-06-19 14:05:44 DEBUG [MockBuilder.java:94] set dates -> null
2020-06-19 14:05:44 DEBUG [MockBuilder.java:94] set lines -> null
2020-06-19 14:05:44 DEBUG [MockBuilder.java:94] set purchasedBy -> yOOhZaGDAdLMsYJvpELJ
2020-06-19 14:05:44 DEBUG [MockBuilder.java:94] set rcdCode -> K
2020-06-19 14:05:44 DEBUG [MockBuilder.java:94] set receivedTimestamp -> 1970-01-01T01:05:01
2020-06-19 14:05:44 DEBUG [MockBuilder.java:94] set refTcNbr -> ScDdQOBLUFdihXuitpxG
2020-06-19 14:05:44 DEBUG [MockHelper.java:99] EdiOrderHeader [legacyOrderNumber=null, acctContact=rrfuzRzxEgzfEnbjXBBi, acknowlegeOrdInd=s, addrKey=706569, agreementNumber=RUTRQWDUQDCNmlu, assignedAgent=JKztjxKJ, authRep=DPBlAFRplkLpIDxKfELj, authorizationNo=QPrjQjZpZu, beg=KYUev, billToState=FT, billToStore=dJVKoIWEve, bsStoreNbr=dArtAdDRom, cancelDateQualifier=NFt, carrierCode=Hn, cbCutLength=6458275.52551781, chngLid=hiCmSFSk, chngTimestamp=1970-01-01T01:41:58, commCust=jKWVCyF, consStatusMsg=nuwUbhuCJMIBRxVchmFZ, contractUsageInd=m, crossDockCenter=FhYfFKyjkh, custDept=gLhBC, custPmtMeth=HfnVrrphNLNUMZtctcex, custSpInst=DIPTAJbGPRKCogdTyLQe, custWhNbr=kgBJ, customerCode=ZV, custNbr=IFGShML, customerRefNbr=RvE, customerSidemark=MMsJcRACsmCOCCGZUeRr, deliveryDate=1971-12-15, delvCutOffDt=1990-09-04, divDesc=EnnhahwTkiDfxzGYTCdb, dunsNbr=PglGfktrbDajjqv, errorCode=cHo, errorDescription=GlLyQOnXJmmzujvbIkHD, errorTimestamp=1970-01-01T02:26:54, eventInfo=JlRpQieugMtBBnZ, explodeFlag=q, fobPoint=Li, frtCode=H, giftMessage1=FzJWKjFMMYJzewyltoSN, giftMessage2=TwDeoPVABMkoyJoNPrZf, hostAlertFlag=Q, inputMethod=TOshrooLOL, markForStore=VPvdlvoCdF, mediaEventCode=zU, nbDate=1994-05-29, newStoreInd=B, noAsnFlag=o, ohCancelDateValue=1983-11-15, ohStatusCode=c, onNote=ZxGJaeXsZkfigfYUJvar, onlineType=K, orderDate=1974-09-27, orderLoc=01, orderMerCost=2723524.502355932, shawOrderNumber=BkTNAL, orderRetHand=858471.2981608665, orderRetSh=399059.1468157011, orderRetTax=6125200.656269785, orderRetTotal=7679824.44216991, orderType=S, orderTypeDesc=SAMPLES, orderWeight=669346.1382846739, orderingSystem=KS, phoneNumber=KgIjnQnLtPh, poControl=ijvEv, poDateValue=1974-06-24, poDateQualifier=vyl, poNumber=alofAXGWkJfQBZqFRPqi, poQual=zQ, poType=CPKTp, poTypeSuffix=NMWvNcEVJm, psMsg=BCqTzeLwBCMNHOOFpnMK, purchasedBy=yOOhZaGDAdLMsYJvpELJ, rcdCode=K, receivedTimestamp=1970-01-01T01:05:01, refTcNbr=ScDdQOBLUFdihXuitpxG, reserveOrderInd=J, returnMsg=dtYDBtZYgbxkXTulnZgy, routeByDate=1995-02-02, salesCheckNumber=rKPGIDBzkHYJpVRJUuLq, salesReqCode=UT, sellCo=JC, seqNbr=17986, shipByCutOffDt=1996-01-24, shipByDate=1976-09-03, shipCancelDate=1993-06-02, shipComplete=o, shipDateValue=1991-04-14, shipDateQualifier=SNL, shipInstruction=SZmSvdJUZIRKzBdchyXh, shipPartCompInd=y, shipPt=Ch, specialInstruct1=laVKfqeNVeclKXccFanE, specialInstruct2=GXIooreNBMkPBtCQwbya, specialInstruct3=YywhSSAiNsARoAIOnrmL, specialInstruct4=vQwpQljbpBBFvFAlVAve, specialPoNo=xlljbkgmQYqwXvSEdPIs, srvLevel=st, statusCode=y, stdCarrAlphaInd=bEbx, storeName=lUeXMjCaZIUfGneQsLEH, termsNetDays=ZjS, termsTypeFlag=MU, totalBindingFt=820731.6598411947, userId=hCqVOOHY, vendorNo=DfyMJeWeKIFBQTD, wcStore=UzMIWiCRyn, consumerAddress=LegacyConsumerAddress [cprovince=qrwoucRmxcWixmuwlTvx, ccountry=HwtXdLyxedCojXbLAWhS, cphone=YSQMhaEeReyzaqXIwJGp, addressLine1=JudGcGLpahwDylFYOBUd, addressLine2=PRlHvOWQOecLmYQHiTDK, city=qpQNEJhXpnMqbklohAX, name=UKRrWHBuUAEJeYMirgxg, consumerPoDateValue=1992-06-22, consumerShipFlg=k, state=Kw, zip=MQVvuPAhi], shipToAddress=LegacyShipToAddress [addressLine1=ysigNMStDyXnbQhPcJgj, addressLine2=nFagxQGzYpsAlLwiIQkc, city=yLFveZrREAzxHBAKNTC, cnCity=oimDZHPwJubKeuarWwc, country=GMZaUksMCwspXnlJXOQ, custNbr=RUISgVg, destCode=qh, flag=827627, name=nTOLxNJUOsNAgAhzZvaY, phone=XfoVTcGDMUkCifJ, province=ORJrpRGjOunerIhcUqs, state=qK, store=IaEBkqXVWa, truncFlag=H, zip=jTmPnbNSpJo], thirdPartyAddress=LegacyThirdPartyAddress [tpprovince=qjiJKkyxvdJgUdoOElLb, tpcountry=ZOUtfcqgYVdPjiehUmKT, tpphone=UhhKNWZTczAHMnmJaoic, addressLine1=WVPqUDKsGBdGPkMBeYBQ, addressLine2=oVrDlAVSlXLEthPRiIAS, accountNbr=zweZyItmxsWcXpYDuoFN, billFlag=E, city=gUCMFabDQqeHCDEvunDr, name=kqRcWUkGmHeKWGcfJALk, name2=SlpuHhoxOULcCOzOenaB, state=pp, zip=XjXzLhNlbKJPhzrf], dates=null, lines=null]
Hibernate: call next value for SHXP.EDI_ORDER_NBR
Hibernate: insert into EDI_ORDER_HEADER (ACCT_CONTACT, ACKNOWLEGE_ORD_IND, ADDR_KEY, AGREEMENT_NUMBER, ASSIGNED_AGENT, AUTH_REP, AUTHORIZATION_NO, beg, BILL_TO_STATE, BILL_TO_STORE, BS_STORE_NBR, CANCEL_DATE_QUAL, CARRIER_CODE, CB_CUT_LENGTH, CHNG_LID, CHNG_TIMESTAMP, COMM_CUST, CONS_STATUS_MSG, CONSUMER_ADDRESS, CONSUMER_ADDRESS_2, CONSUMER_CITY, CONSUMER_PO_DATE, CONSUMER_SHIP_FLG, CONSUMER_NAME, CONSUMER_STATE, CONSUMER_ZIP, CONTRACT_USAGE_IND, CROSS_DOCK_CENTER, CUST_DEPT, CUSTOMER_NUMBER, CUST_PMT_METH, CUST_SP_INST, CUST_WH_NBR, CUSTOMER_CODE, CUSTOMER_REF_NBR, CUSTOMER_SIDEMARK, DELIVERY_DATE, DELV_CUT_OFF_DT, DIV_DESC, DUNS_NBR, ERROR_CODE, ERROR_DESCRIPTION, ERROR_TIMESTAMP, EVENT_INFO, EXPLODE_FLAG, FOB_POINT, FRT_CODE, GIFT_MESSAGE_1, GIFT_MESSAGE_2, HOST_ALERT_FLAG, INPUT_METHOD, MARK_FOR_STORE, MEDIA_EVENT_CODE, NB_DATE, NEW_STORE_IND, NO_ASN_FLAG, OH_CANCEL_DATE, OH_STATUS_CODE, ON_NOTE, ONLINE_TYPE, ORDER_DATE, ORDER_LOC, ORDER_MER_COST, ORDER_RET_HAND, ORDER_RET_SH, ORDER_RET_TAX, ORDER_RET_TOTAL, ORDER_TYPE, ORDER_TYPE_DESC, ORDER_WEIGHT, ORDERING_SYSTEM, PHONE_NUMBER, PO_CONTROL, PO_DATE_QUAL, PO_DATE, PO_NUMBER, PO_QUAL, PO_TYPE, PO_TYPE_SUFFIX, PS_MSG, PURCHASED_BY, RCD_CODE, RECEIVED_TIMESTAMP, REF_TC_NBR, RESERVE_ORDER_IND, RETURN_MSG, ROUTE_BY_DATE, SALES_CHECK_NUMBER, SALES_REQ_CODE, SELL_CO, SEQ_NBR, ORDER_NUMBER, SHIP_BY_CUT_OFF_DT, SHIP_BY_DATE, SHIP_CANCEL_DATE, SHIP_COMPLETE, SHIP_DATE_QUAL, SHIP_DATE, SHIP_INSTRUCTION, SHIP_PART_COMP_IND, SHIP_PT, SHIP_TO_ADDRESS_1, SHIP_TO_ADDRESS_2, SHIP_TO_CITY, SHIP_TO_CN_CITY, SHIP_TO_COUNTRY, SHIP_TO_CUST_NBR, SHIP_TO_DEST_COD, SHIP_TO_FLAG, SHIP_TO_NAME, SHIP_TO_PHONE, SHIP_TO_PROVENCE, SHIP_TO_STATE, SHIP_TO_STORE, SHIP_TO_TRUNC_FLG, SHIP_TO_ZIP, SPECIAL_INSTRUCT_1, SPECIAL_INSTRUCT_2, SPECIAL_INSTRUCT_3, SPECIAL_INSTRUCT_4, SPECIAL_PO_NO, SRV_LEVEL, STATUS_CODE, STD_CARR_ALPHA_IND, STORE_NAME, TERMS_NET_DAYS, TERMS_TYPE_FLAG, THIRD_PARTY_ACCT_NBR, THIRD_PARTY_ADDR_1, THIRD_PARTY_ADDR_2, THIRD_PARTY_BILL_FLAG, THIRD_PARTY_CITY, THIRD_PARTY_NAME, THIRD_PARTY_NAME_2, THIRD_PARTY_STATE, THIRD_PARTY_ZIP, TOTAL_BINDING_FT, USER_ID, VENDOR_NO, WC_STORE, EDI_ORDER_NUMBER) values (?, ?, ?, ?, ?, ?, ?, ?, ?, ?, ?, ?, ?, ?, ?, ?, ?, ?, ?, ?, ?, ?, ?, ?, ?, ?, ?, ?, ?, ?, ?, ?, ?, ?, ?, ?, ?, ?, ?, ?, ?, ?, ?, ?, ?, ?, ?, ?, ?, ?, ?, ?, ?, ?, ?, ?, ?, ?, ?, ?, ?, ?, ?, ?, ?, ?, ?, ?, ?, ?, ?, ?, ?, ?, ?, ?, ?, ?, ?, ?, ?, ?, ?, ?, ?, ?, ?, ?, ?, ?, ?, ?, ?, ?, ?, ?, ?, ?, ?, ?, ?, ?, ?, ?, ?, ?, ?, ?, ?, ?, ?, ?, ?, ?, ?, ?, ?, ?, ?, ?, ?, ?, ?, ?, ?, ?, ?, ?, ?, ?, ?, ?, ?, ?, ?, ?, ?, ?, ?, ?, ?)
2020-06-19 14:05:44 TRACE [BasicBinder.java:64] binding parameter [1] as [VARCHAR] - [rrfuzRzxEgzfEnbjXBBi]
2020-06-19 14:05:44 TRACE [BasicBinder.java:64] binding parameter [2] as [VARCHAR] - [s]
2020-06-19 14:05:44 TRACE [BasicBinder.java:64] binding parameter [3] as [INTEGER] - [706569]
2020-06-19 14:05:44 TRACE [BasicBinder.java:64] binding parameter [4] as [VARCHAR] - [RUTRQWDUQDCNmlu]
2020-06-19 14:05:44 TRACE [BasicBinder.java:64] binding parameter [5] as [VARCHAR] - [JKztjxKJ]
2020-06-19 14:05:44 TRACE [BasicBinder.java:64] binding parameter [6] as [VARCHAR] - [DPBlAFRplkLpIDxKfELj]
2020-06-19 14:05:44 TRACE [BasicBinder.java:64] binding parameter [7] as [VARCHAR] - [QPrjQjZpZu]
2020-06-19 14:05:44 TRACE [BasicBinder.java:64] binding parameter [8] as [VARCHAR] - [KYUev]
2020-06-19 14:05:44 TRACE [BasicBinder.java:64] binding parameter [9] as [VARCHAR] - [FT]
2020-06-19 14:05:44 TRACE [BasicBinder.java:64] binding parameter [10] as [VARCHAR] - [dJVKoIWEve]
2020-06-19 14:05:44 TRACE [BasicBinder.java:64] binding parameter [11] as [VARCHAR] - [dArtAdDRom]
2020-06-19 14:05:44 TRACE [BasicBinder.java:64] binding parameter [12] as [VARCHAR] - [NFt]
2020-06-19 14:05:44 TRACE [BasicBinder.java:64] binding parameter [13] as [VARCHAR] - [Hn]
2020-06-19 14:05:44 TRACE [BasicBinder.java:64] binding parameter [14] as [DOUBLE] - [6458275.52551781]
2020-06-19 14:05:44 TRACE [BasicBinder.java:64] binding parameter [15] as [VARCHAR] - [hiCmSFSk]
2020-06-19 14:05:44 TRACE [BasicBinder.java:64] binding parameter [16] as [TIMESTAMP] - [1970-01-01T01:41:58]
2020-06-19 14:05:44 TRACE [BasicBinder.java:64] binding parameter [17] as [VARCHAR] - [jKWVCyF]
2020-06-19 14:05:44 TRACE [BasicBinder.java:64] binding parameter [18] as [VARCHAR] - [nuwUbhuCJMIBRxVchmFZ]
2020-06-19 14:05:44 TRACE [BasicBinder.java:64] binding parameter [19] as [VARCHAR] - [JudGcGLpahwDylFYOBUd]
2020-06-19 14:05:44 TRACE [BasicBinder.java:64] binding parameter [20] as [VARCHAR] - [PRlHvOWQOecLmYQHiTDK]
2020-06-19 14:05:44 TRACE [BasicBinder.java:64] binding parameter [21] as [VARCHAR] - [qpQNEJhXpnMqbklohAX]
2020-06-19 14:05:44 TRACE [BasicBinder.java:64] binding parameter [22] as [DATE] - [1992-06-22]
2020-06-19 14:05:44 TRACE [BasicBinder.java:64] binding parameter [23] as [VARCHAR] - [k]
2020-06-19 14:05:44 TRACE [BasicBinder.java:64] binding parameter [24] as [VARCHAR] - [UKRrWHBuUAEJeYMirgxg]
2020-06-19 14:05:44 TRACE [BasicBinder.java:64] binding parameter [25] as [VARCHAR] - [Kw]
2020-06-19 14:05:44 TRACE [BasicBinder.java:64] binding parameter [26] as [VARCHAR] - [MQVvuPAhi]
2020-06-19 14:05:44 TRACE [BasicBinder.java:64] binding parameter [27] as [VARCHAR] - [m]
2020-06-19 14:05:44 TRACE [BasicBinder.java:64] binding parameter [28] as [VARCHAR] - [FhYfFKyjkh]
2020-06-19 14:05:44 TRACE [BasicBinder.java:64] binding parameter [29] as [VARCHAR] - [gLhBC]
2020-06-19 14:05:44 TRACE [BasicBinder.java:64] binding parameter [30] as [VARCHAR] - [IFGShML]
2020-06-19 14:05:44 TRACE [BasicBinder.java:64] binding parameter [31] as [VARCHAR] - [HfnVrrphNLNUMZtctcex]
2020-06-19 14:05:44 TRACE [BasicBinder.java:64] binding parameter [32] as [VARCHAR] - [DIPTAJbGPRKCogdTyLQe]
2020-06-19 14:05:44 TRACE [BasicBinder.java:64] binding parameter [33] as [VARCHAR] - [kgBJ]
2020-06-19 14:05:44 TRACE [BasicBinder.java:64] binding parameter [34] as [VARCHAR] - [ZV]
2020-06-19 14:05:44 TRACE [BasicBinder.java:64] binding parameter [35] as [VARCHAR] - [RvE]
2020-06-19 14:05:44 TRACE [BasicBinder.java:64] binding parameter [36] as [VARCHAR] - [MMsJcRACsmCOCCGZUeRr]
2020-06-19 14:05:44 TRACE [BasicBinder.java:64] binding parameter [37] as [DATE] - [1971-12-15]
2020-06-19 14:05:44 TRACE [BasicBinder.java:64] binding parameter [38] as [DATE] - [1990-09-04]
2020-06-19 14:05:44 TRACE [BasicBinder.java:64] binding parameter [39] as [VARCHAR] - [EnnhahwTkiDfxzGYTCdb]
2020-06-19 14:05:44 TRACE [BasicBinder.java:64] binding parameter [40] as [VARCHAR] - [PglGfktrbDajjqv]
2020-06-19 14:05:44 TRACE [BasicBinder.java:64] binding parameter [41] as [VARCHAR] - [cHo]
2020-06-19 14:05:44 TRACE [BasicBinder.java:64] binding parameter [42] as [VARCHAR] - [GlLyQOnXJmmzujvbIkHD]
2020-06-19 14:05:44 TRACE [BasicBinder.java:64] binding parameter [43] as [TIMESTAMP] - [1970-01-01T02:26:54]
2020-06-19 14:05:44 TRACE [BasicBinder.java:64] binding parameter [44] as [VARCHAR] - [JlRpQieugMtBBnZ]
2020-06-19 14:05:44 TRACE [BasicBinder.java:64] binding parameter [45] as [VARCHAR] - [q]
2020-06-19 14:05:44 TRACE [BasicBinder.java:64] binding parameter [46] as [VARCHAR] - [Li]
2020-06-19 14:05:44 TRACE [BasicBinder.java:64] binding parameter [47] as [VARCHAR] - [H]
2020-06-19 14:05:44 TRACE [BasicBinder.java:64] binding parameter [48] as [VARCHAR] - [FzJWKjFMMYJzewyltoSN]
2020-06-19 14:05:44 TRACE [BasicBinder.java:64] binding parameter [49] as [VARCHAR] - [TwDeoPVABMkoyJoNPrZf]
2020-06-19 14:05:44 TRACE [BasicBinder.java:64] binding parameter [50] as [VARCHAR] - [Q]
2020-06-19 14:05:44 TRACE [BasicBinder.java:64] binding parameter [51] as [VARCHAR] - [TOshrooLOL]
2020-06-19 14:05:44 TRACE [BasicBinder.java:64] binding parameter [52] as [VARCHAR] - [VPvdlvoCdF]
2020-06-19 14:05:44 TRACE [BasicBinder.java:64] binding parameter [53] as [VARCHAR] - [zU]
2020-06-19 14:05:44 TRACE [BasicBinder.java:64] binding parameter [54] as [DATE] - [1994-05-29]
2020-06-19 14:05:44 TRACE [BasicBinder.java:64] binding parameter [55] as [VARCHAR] - [B]
2020-06-19 14:05:44 TRACE [BasicBinder.java:64] binding parameter [56] as [VARCHAR] - [o]
2020-06-19 14:05:44 TRACE [BasicBinder.java:64] binding parameter [57] as [DATE] - [1983-11-15]
2020-06-19 14:05:44 TRACE [BasicBinder.java:64] binding parameter [58] as [VARCHAR] - [c]
2020-06-19 14:05:44 TRACE [BasicBinder.java:64] binding parameter [59] as [VARCHAR] - [ZxGJaeXsZkfigfYUJvar]
2020-06-19 14:05:44 TRACE [BasicBinder.java:64] binding parameter [60] as [VARCHAR] - [K]
2020-06-19 14:05:44 TRACE [BasicBinder.java:64] binding parameter [61] as [DATE] - [1974-09-27]
2020-06-19 14:05:44 TRACE [BasicBinder.java:64] binding parameter [62] as [VARCHAR] - [01]
2020-06-19 14:05:44 TRACE [BasicBinder.java:64] binding parameter [63] as [DOUBLE] - [2723524.502355932]
2020-06-19 14:05:44 TRACE [BasicBinder.java:64] binding parameter [64] as [DOUBLE] - [858471.2981608665]
2020-06-19 14:05:44 TRACE [BasicBinder.java:64] binding parameter [65] as [DOUBLE] - [399059.1468157011]
2020-06-19 14:05:44 TRACE [BasicBinder.java:64] binding parameter [66] as [DOUBLE] - [6125200.656269785]
2020-06-19 14:05:44 TRACE [BasicBinder.java:64] binding parameter [67] as [DOUBLE] - [7679824.44216991]
2020-06-19 14:05:44 TRACE [BasicBinder.java:64] binding parameter [68] as [VARCHAR] - [S]
2020-06-19 14:05:44 TRACE [BasicBinder.java:64] binding parameter [69] as [VARCHAR] - [SAMPLES]
2020-06-19 14:05:44 TRACE [BasicBinder.java:64] binding parameter [70] as [DOUBLE] - [669346.1382846739]
2020-06-19 14:05:44 TRACE [BasicBinder.java:64] binding parameter [71] as [VARCHAR] - [KS]
2020-06-19 14:05:44 TRACE [BasicBinder.java:64] binding parameter [72] as [VARCHAR] - [KgIjnQnLtPh]
2020-06-19 14:05:44 TRACE [BasicBinder.java:64] binding parameter [73] as [VARCHAR] - [ijvEv]
2020-06-19 14:05:44 TRACE [BasicBinder.java:64] binding parameter [74] as [VARCHAR] - [vyl]
2020-06-19 14:05:44 TRACE [BasicBinder.java:64] binding parameter [75] as [DATE] - [1974-06-24]
2020-06-19 14:05:44 TRACE [BasicBinder.java:64] binding parameter [76] as [VARCHAR] - [alofAXGWkJfQBZqFRPqi]
2020-06-19 14:05:44 TRACE [BasicBinder.java:64] binding parameter [77] as [VARCHAR] - [zQ]
2020-06-19 14:05:44 TRACE [BasicBinder.java:64] binding parameter [78] as [VARCHAR] - [CPKTp]
2020-06-19 14:05:44 TRACE [BasicBinder.java:64] binding parameter [79] as [VARCHAR] - [NMWvNcEVJm]
2020-06-19 14:05:44 TRACE [BasicBinder.java:64] binding parameter [80] as [VARCHAR] - [BCqTzeLwBCMNHOOFpnMK]
2020-06-19 14:05:44 TRACE [BasicBinder.java:64] binding parameter [81] as [VARCHAR] - [yOOhZaGDAdLMsYJvpELJ]
2020-06-19 14:05:44 TRACE [BasicBinder.java:64] binding parameter [82] as [VARCHAR] - [K]
2020-06-19 14:05:44 TRACE [BasicBinder.java:64] binding parameter [83] as [TIMESTAMP] - [1970-01-01T01:05:01]
2020-06-19 14:05:44 TRACE [BasicBinder.java:64] binding parameter [84] as [VARCHAR] - [ScDdQOBLUFdihXuitpxG]
2020-06-19 14:05:44 TRACE [BasicBinder.java:64] binding parameter [85] as [VARCHAR] - [J]
2020-06-19 14:05:44 TRACE [BasicBinder.java:64] binding parameter [86] as [VARCHAR] - [dtYDBtZYgbxkXTulnZgy]
2020-06-19 14:05:44 TRACE [BasicBinder.java:64] binding parameter [87] as [DATE] - [1995-02-02]
2020-06-19 14:05:44 TRACE [BasicBinder.java:64] binding parameter [88] as [VARCHAR] - [rKPGIDBzkHYJpVRJUuLq]
2020-06-19 14:05:44 TRACE [BasicBinder.java:64] binding parameter [89] as [VARCHAR] - [UT]
2020-06-19 14:05:44 TRACE [BasicBinder.java:64] binding parameter [90] as [VARCHAR] - [JC]
2020-06-19 14:05:44 TRACE [BasicBinder.java:64] binding parameter [91] as [INTEGER] - [17986]
2020-06-19 14:05:44 TRACE [BasicBinder.java:64] binding parameter [92] as [VARCHAR] - [BkTNAL]
2020-06-19 14:05:44 TRACE [BasicBinder.java:64] binding parameter [93] as [DATE] - [1996-01-24]
2020-06-19 14:05:44 TRACE [BasicBinder.java:64] binding parameter [94] as [DATE] - [1976-09-03]
2020-06-19 14:05:44 TRACE [BasicBinder.java:64] binding parameter [95] as [DATE] - [1993-06-02]
2020-06-19 14:05:44 TRACE [BasicBinder.java:64] binding parameter [96] as [VARCHAR] - [o]
2020-06-19 14:05:44 TRACE [BasicBinder.java:64] binding parameter [97] as [VARCHAR] - [SNL]
2020-06-19 14:05:44 TRACE [BasicBinder.java:64] binding parameter [98] as [DATE] - [1991-04-14]
2020-06-19 14:05:44 TRACE [BasicBinder.java:64] binding parameter [99] as [VARCHAR] - [SZmSvdJUZIRKzBdchyXh]
2020-06-19 14:05:44 TRACE [BasicBinder.java:64] binding parameter [100] as [VARCHAR] - [y]
2020-06-19 14:05:44 TRACE [BasicBinder.java:64] binding parameter [101] as [VARCHAR] - [Ch]
2020-06-19 14:05:44 TRACE [BasicBinder.java:64] binding parameter [102] as [VARCHAR] - [ysigNMStDyXnbQhPcJgj]
2020-06-19 14:05:44 TRACE [BasicBinder.java:64] binding parameter [103] as [VARCHAR] - [nFagxQGzYpsAlLwiIQkc]
2020-06-19 14:05:44 TRACE [BasicBinder.java:64] binding parameter [104] as [VARCHAR] - [yLFveZrREAzxHBAKNTC]
2020-06-19 14:05:44 TRACE [BasicBinder.java:64] binding parameter [105] as [VARCHAR] - [oimDZHPwJubKeuarWwc]
2020-06-19 14:05:44 TRACE [BasicBinder.java:64] binding parameter [106] as [VARCHAR] - [GMZaUksMCwspXnlJXOQ]
2020-06-19 14:05:44 TRACE [BasicBinder.java:64] binding parameter [107] as [VARCHAR] - [RUISgVg]
2020-06-19 14:05:44 TRACE [BasicBinder.java:64] binding parameter [108] as [VARCHAR] - [qh]
2020-06-19 14:05:44 TRACE [BasicBinder.java:64] binding parameter [109] as [INTEGER] - [827627]
2020-06-19 14:05:44 TRACE [BasicBinder.java:64] binding parameter [110] as [VARCHAR] - [nTOLxNJUOsNAgAhzZvaY]
2020-06-19 14:05:44 TRACE [BasicBinder.java:64] binding parameter [111] as [VARCHAR] - [XfoVTcGDMUkCifJ]
2020-06-19 14:05:44 TRACE [BasicBinder.java:64] binding parameter [112] as [VARCHAR] - [ORJrpRGjOunerIhcUqs]
2020-06-19 14:05:44 TRACE [BasicBinder.java:64] binding parameter [113] as [VARCHAR] - [qK]
2020-06-19 14:05:44 TRACE [BasicBinder.java:64] binding parameter [114] as [VARCHAR] - [IaEBkqXVWa]
2020-06-19 14:05:44 TRACE [BasicBinder.java:64] binding parameter [115] as [VARCHAR] - [H]
2020-06-19 14:05:44 TRACE [BasicBinder.java:64] binding parameter [116] as [VARCHAR] - [jTmPnbNSpJo]
2020-06-19 14:05:44 TRACE [BasicBinder.java:64] binding parameter [117] as [VARCHAR] - [laVKfqeNVeclKXccFanE]
2020-06-19 14:05:44 TRACE [BasicBinder.java:64] binding parameter [118] as [VARCHAR] - [GXIooreNBMkPBtCQwbya]
2020-06-19 14:05:44 TRACE [BasicBinder.java:64] binding parameter [119] as [VARCHAR] - [YywhSSAiNsARoAIOnrmL]
2020-06-19 14:05:44 TRACE [BasicBinder.java:64] binding parameter [120] as [VARCHAR] - [vQwpQljbpBBFvFAlVAve]
2020-06-19 14:05:44 TRACE [BasicBinder.java:64] binding parameter [121] as [VARCHAR] - [xlljbkgmQYqwXvSEdPIs]
2020-06-19 14:05:44 TRACE [BasicBinder.java:64] binding parameter [122] as [VARCHAR] - [st]
2020-06-19 14:05:44 TRACE [BasicBinder.java:64] binding parameter [123] as [VARCHAR] - [y]
2020-06-19 14:05:44 TRACE [BasicBinder.java:64] binding parameter [124] as [VARCHAR] - [bEbx]
2020-06-19 14:05:44 TRACE [BasicBinder.java:64] binding parameter [125] as [VARCHAR] - [lUeXMjCaZIUfGneQsLEH]
2020-06-19 14:05:44 TRACE [BasicBinder.java:64] binding parameter [126] as [VARCHAR] - [ZjS]
2020-06-19 14:05:44 TRACE [BasicBinder.java:64] binding parameter [127] as [VARCHAR] - [MU]
2020-06-19 14:05:44 TRACE [BasicBinder.java:64] binding parameter [128] as [VARCHAR] - [zweZyItmxsWcXpYDuoFN]
2020-06-19 14:05:44 TRACE [BasicBinder.java:64] binding parameter [129] as [VARCHAR] - [WVPqUDKsGBdGPkMBeYBQ]
2020-06-19 14:05:44 TRACE [BasicBinder.java:64] binding parameter [130] as [VARCHAR] - [oVrDlAVSlXLEthPRiIAS]
2020-06-19 14:05:44 TRACE [BasicBinder.java:64] binding parameter [131] as [VARCHAR] - [E]
2020-06-19 14:05:44 TRACE [BasicBinder.java:64] binding parameter [132] as [VARCHAR] - [gUCMFabDQqeHCDEvunDr]
2020-06-19 14:05:44 TRACE [BasicBinder.java:64] binding parameter [133] as [VARCHAR] - [kqRcWUkGmHeKWGcfJALk]
2020-06-19 14:05:44 TRACE [BasicBinder.java:64] binding parameter [134] as [VARCHAR] - [SlpuHhoxOULcCOzOenaB]
2020-06-19 14:05:44 TRACE [BasicBinder.java:64] binding parameter [135] as [VARCHAR] - [pp]
2020-06-19 14:05:44 TRACE [BasicBinder.java:64] binding parameter [136] as [VARCHAR] - [XjXzLhNlbKJPhzrf]
2020-06-19 14:05:44 TRACE [BasicBinder.java:64] binding parameter [137] as [DOUBLE] - [820731.6598411947]
2020-06-19 14:05:44 TRACE [BasicBinder.java:64] binding parameter [138] as [VARCHAR] - [hCqVOOHY]
2020-06-19 14:05:44 TRACE [BasicBinder.java:64] binding parameter [139] as [VARCHAR] - [DfyMJeWeKIFBQTD]
2020-06-19 14:05:44 TRACE [BasicBinder.java:64] binding parameter [140] as [VARCHAR] - [UzMIWiCRyn]
2020-06-19 14:05:44 TRACE [BasicBinder.java:64] binding parameter [141] as [BIGINT] - [1]
2020-06-19 14:05:44 DEBUG [MockBuilder.java:94] set eventInfo -> RkXBtmKSUCRSqfu
2020-06-19 14:05:44 DEBUG [MockBuilder.java:94] set orderingSystem -> VM
2020-06-19 14:05:44 DEBUG [MockBuilder.java:94] set consStatusMsg -> RbIecDGyokIlbndHQVHl
2020-06-19 14:05:44 DEBUG [MockBuilder.java:94] set explodeFlag -> T
2020-06-19 14:05:44 DEBUG [MockBuilder.java:94] set phoneNumber -> hHifhzsjESh
2020-06-19 14:05:44 DEBUG [MockBuilder.java:94] set contractUsageInd -> B
2020-06-19 14:05:44 DEBUG [MockBuilder.java:94] set fobPoint -> jK
2020-06-19 14:05:44 DEBUG [MockBuilder.java:94] set poControl -> Ppwxw
2020-06-19 14:05:44 DEBUG [MockBuilder.java:94] set crossDockCenter -> HAuAsswKqb
2020-06-19 14:05:44 DEBUG [MockBuilder.java:94] set ohStatusCode -> n
2020-06-19 14:05:44 DEBUG [MockBuilder.java:94] set frtCode -> s
2020-06-19 14:05:44 DEBUG [MockBuilder.java:94] set custDept -> NVBdX
2020-06-19 14:05:44 DEBUG [MockBuilder.java:94] set giftMessage1 -> BPacwXGrnXdVoLTjCmjT
2020-06-19 14:05:44 DEBUG [MockBuilder.java:94] set chngLid -> xfPfEZwQ
2020-06-19 14:05:44 DEBUG [MockBuilder.java:94] set giftMessage2 -> oszpnBMwXbjvqykjTKPi
2020-06-19 14:05:44 DEBUG [MockBuilder.java:94] set poDateValue -> 1991-06-27
2020-06-19 14:05:44 DEBUG [MockBuilder.java:94] set hostAlertFlag -> G
2020-06-19 14:05:44 DEBUG [MockBuilder.java:94] set poDateQualifier -> vfc
2020-06-19 14:05:44 DEBUG [MockBuilder.java:94] set onNote -> kxZjAmPnMNzpgGluDSJA
2020-06-19 14:05:44 DEBUG [MockBuilder.java:94] set poNumber -> kuvTOsqcFcQXvcFqRcIF
2020-06-19 14:05:44 DEBUG [MockBuilder.java:94] set chngTimestamp -> 1970-01-01T01:14:11
2020-06-19 14:05:44 DEBUG [MockBuilder.java:94] set poQual -> GT
2020-06-19 14:05:44 DEBUG [MockBuilder.java:94] set shipPartCompInd -> b
2020-06-19 14:05:44 DEBUG [MockBuilder.java:94] set dunsNbr -> EgXccWCQfBjqJeC
2020-06-19 14:05:44 DEBUG [MockBuilder.java:94] set commCust -> OwXfYhP
2020-06-19 14:05:44 DEBUG [MockBuilder.java:94] set orderRetTotal -> 5013904.54076308
2020-06-19 14:05:44 DEBUG [MockBuilder.java:94] set onlineType -> a
2020-06-19 14:05:44 DEBUG [MockBuilder.java:94] set orderType -> s
2020-06-19 14:05:44 DEBUG [MockBuilder.java:94] set shipPt -> Wa
2020-06-19 14:05:44 DEBUG [MockBuilder.java:94] set customerCode -> Jy
2020-06-19 14:05:44 DEBUG [MockBuilder.java:94] set orderTypeDesc -> qajPgBnDZjldbne
2020-06-19 14:05:44 DEBUG [MockBuilder.java:94] set errorCode -> xMx
2020-06-19 14:05:44 DEBUG [MockBuilder.java:94] set specialInstruct1 -> cTWrUTANvPoyPvlKIgPe
2020-06-19 14:05:44 DEBUG [MockBuilder.java:94] set orderDate -> 1988-08-17
2020-06-19 14:05:44 DEBUG [MockBuilder.java:94] set orderWeight -> 1222653.7562720063
2020-06-19 14:05:44 DEBUG [MockBuilder.java:94] set specialInstruct2 -> NclrhzRYvsnVxzDCMmMj
2020-06-19 14:05:44 DEBUG [MockBuilder.java:94] set custNbr -> YnQOTQb
2020-06-19 14:05:44 DEBUG [MockBuilder.java:94] set orderLoc -> ht
2020-06-19 14:05:44 DEBUG [MockBuilder.java:94] set specialInstruct3 -> uUrSrcIzsebiFBSuHTIs
2020-06-19 14:05:44 DEBUG [MockBuilder.java:94] set orderRetHand -> 674352.4157458971
2020-06-19 14:05:44 DEBUG [MockBuilder.java:94] set orderMerCost -> 7674932.922939488
2020-06-19 14:05:44 DEBUG [MockBuilder.java:94] set customerRefNbr -> Eyo
2020-06-19 14:05:44 DEBUG [MockBuilder.java:94] set specialInstruct4 -> gQcqsDNSwfJGCZyAGtFw
2020-06-19 14:05:44 DEBUG [MockBuilder.java:94] set errorDescription -> dYDPsMdeXBVMYwaVJWjm
2020-06-19 14:05:44 DEBUG [MockBuilder.java:94] set shawOrderNumber -> HUnIGH
2020-06-19 14:05:44 DEBUG [MockBuilder.java:94] set orderRetSh -> 528436.1325406771
2020-06-19 14:05:44 DEBUG [MockBuilder.java:94] set customerSidemark -> JLvFpsORlbfzVeTLBtOa
2020-06-19 14:05:44 DEBUG [MockBuilder.java:94] set specialPoNo -> OThpUwfWNHhVnitcFOfo
2020-06-19 14:05:44 DEBUG [MockBuilder.java:94] set nbDate -> 1990-10-03
2020-06-19 14:05:44 DEBUG [MockBuilder.java:94] set errorTimestamp -> 1970-01-01T02:35:32
2020-06-19 14:05:44 DEBUG [MockBuilder.java:94] set orderRetTax -> 2824738.824190796
2020-06-19 14:05:44 DEBUG [MockBuilder.java:94] set custPmtMeth -> waZlgTkWVqetAeklQkgH
2020-06-19 14:05:44 DEBUG [MockBuilder.java:94] set newStoreInd -> g
2020-06-19 14:05:44 DEBUG [MockBuilder.java:94] set shipComplete -> A
2020-06-19 14:05:44 DEBUG [MockBuilder.java:94] set salesCheckNumber -> gaSlVHhvSQgepekQiwvz
2020-06-19 14:05:44 DEBUG [MockBuilder.java:94] set deliveryDate -> 1979-02-16
2020-06-19 14:05:44 DEBUG [MockBuilder.java:94] set noAsnFlag -> c
2020-06-19 14:05:44 DEBUG [MockBuilder.java:94] set shipDateValue -> 1971-11-02
2020-06-19 14:05:44 DEBUG [MockBuilder.java:94] set delvCutOffDt -> 1980-12-28
2020-06-19 14:05:44 DEBUG [MockBuilder.java:94] set salesReqCode -> cL
2020-06-19 14:05:44 DEBUG [MockBuilder.java:94] set ohCancelDateValue -> 1989-05-20
2020-06-19 14:05:44 DEBUG [MockBuilder.java:94] set sellCo -> Bz
2020-06-19 14:05:44 DEBUG [MockBuilder.java:94] set shipDateQualifier -> jGL
2020-06-19 14:05:44 DEBUG [MockBuilder.java:94] set divDesc -> aYjXsAxHQPZteNOSoeMi
2020-06-19 14:05:44 DEBUG [MockBuilder.java:94] set custSpInst -> OMQunUXCYLZTIosfZZGY
2020-06-19 14:05:44 DEBUG [MockBuilder.java:94] set inputMethod -> YrBdQdgqDe
2020-06-19 14:05:44 DEBUG [MockBuilder.java:94] set poType -> YKAZQ
2020-06-19 14:05:44 DEBUG [MockBuilder.java:94] set seqNbr -> 728996
2020-06-19 14:05:44 DEBUG [MockBuilder.java:94] set custWhNbr -> ZJYf
2020-06-19 14:05:44 DEBUG [MockBuilder.java:94] set shipInstruction -> ziBpMaCkuXhATCDrUETw
2020-06-19 14:05:44 DEBUG [MockBuilder.java:94] set reserveOrderInd -> D
2020-06-19 14:05:44 DEBUG [MockBuilder.java:94] set markForStore -> jnVFwTqyfO
2020-06-19 14:05:44 DEBUG [MockBuilder.java:94] set poTypeSuffix -> tVmsogXngD
2020-06-19 14:05:44 DEBUG [MockBuilder.java:94] set beg -> wCEjo
2020-06-19 14:05:44 DEBUG [MockBuilder.java:94] set shipByCutOffDt -> 1974-01-13
2020-06-19 14:05:44 DEBUG [MockBuilder.java:94] set returnMsg -> NzASJQbkeduAdowVbgQb
2020-06-19 14:05:44 DEBUG [MockBuilder.java:94] set psMsg -> zXIXqFwVtChullaYctEC
2020-06-19 14:05:44 DEBUG [MockBuilder.java:94] set billToState -> Rx
2020-06-19 14:05:44 DEBUG [MockBuilder.java:94] set shipByDate -> 1996-01-27
2020-06-19 14:05:44 DEBUG [MockBuilder.java:94] set userId -> hDWQHcMC
2020-06-19 14:05:44 DEBUG [MockBuilder.java:94] set routeByDate -> 1970-08-04
2020-06-19 14:05:44 DEBUG [MockBuilder.java:94] set billToStore -> jmOnLOdUBs
2020-06-19 14:05:44 DEBUG [MockBuilder.java:94] set vendorNo -> anJCCUiogRQBDDT
2020-06-19 14:05:44 DEBUG [MockBuilder.java:94] set srvLevel -> qH
2020-06-19 14:05:44 DEBUG [MockBuilder.java:94] set bsStoreNbr -> iyAtGdGKww
2020-06-19 14:05:44 DEBUG [MockBuilder.java:94] set mediaEventCode -> pQ
2020-06-19 14:05:44 DEBUG [MockBuilder.java:94] set wcStore -> WozCrMZrHH
2020-06-19 14:05:44 DEBUG [MockBuilder.java:94] set statusCode -> T
2020-06-19 14:05:44 DEBUG [MockBuilder.java:94] set cancelDateQualifier -> bBF
2020-06-19 14:05:44 DEBUG [MockBuilder.java:94] set stdCarrAlphaInd -> opXF
2020-06-19 14:05:44 DEBUG [MockBuilder.java:94] set agreementNumber -> sWfuhWdAlJKLchW
2020-06-19 14:05:44 DEBUG [MockBuilder.java:94] set carrierCode -> gA
2020-06-19 14:05:44 DEBUG [MockBuilder.java:94] set acctContact -> TAuhAFWZVjAMmaFflZrd
2020-06-19 14:05:44 DEBUG [MockBuilder.java:94] set name -> DAUKrDospqSjtbYsxEhP
2020-06-19 14:05:44 DEBUG [MockBuilder.java:94] set cbCutLength -> 549747.0649458098
2020-06-19 14:05:44 DEBUG [MockBuilder.java:94] set assignedAgent -> ZVQttYEy
2020-06-19 14:05:44 DEBUG [MockBuilder.java:94] set phone -> oZDFoRhasbFqxoe
2020-06-19 14:05:44 DEBUG [MockBuilder.java:94] set cphone -> soGZonSLwjmFkwSAZdOi
2020-06-19 14:05:44 DEBUG [MockBuilder.java:94] set acknowlegeOrdInd -> Z
2020-06-19 14:05:44 DEBUG [MockBuilder.java:94] set consumerPoDateValue -> 1992-04-25
2020-06-19 14:05:44 DEBUG [MockBuilder.java:94] set storeName -> XsFstoNJnOvFMTXJqlQy
2020-06-19 14:05:44 DEBUG [MockBuilder.java:94] set addressLine2 -> HvhcgihGbiFCnTNgwfFb
2020-06-19 14:05:44 DEBUG [MockBuilder.java:94] set addrKey -> 207984
2020-06-19 14:05:44 DEBUG [MockBuilder.java:94] set termsNetDays -> Bwk
2020-06-19 14:05:44 DEBUG [MockBuilder.java:94] set ccountry -> AvrAcXVtURJKFKAnEyjH
2020-06-19 14:05:44 DEBUG [MockBuilder.java:94] set shipCancelDate -> 1976-04-24
2020-06-19 14:05:44 DEBUG [MockBuilder.java:94] set city -> unhcFGsOdIqIafTHUSY
2020-06-19 14:05:44 DEBUG [MockBuilder.java:94] set cprovince -> blHeqjJQJOKNaaOLMfxk
2020-06-19 14:05:44 DEBUG [MockBuilder.java:94] set authRep -> BEHEbrfvzwoLmiUfXbBP
2020-06-19 14:05:44 DEBUG [MockBuilder.java:94] set province -> LzYyQdQdATmIWXgttJE
2020-06-19 14:05:44 DEBUG [MockBuilder.java:94] set addressLine1 -> XfAALAbTCnBOaTIYJStf
2020-06-19 14:05:44 DEBUG [MockBuilder.java:94] set termsTypeFlag -> pT
2020-06-19 14:05:44 DEBUG [MockBuilder.java:94] set authorizationNo -> YBrUTobjSr
2020-06-19 14:05:44 DEBUG [MockBuilder.java:94] set state -> Mc
2020-06-19 14:05:44 DEBUG [MockBuilder.java:94] set country -> fBDfsUbrlGXmVxdHOaB
2020-06-19 14:05:44 DEBUG [MockBuilder.java:94] set totalBindingFt -> 218512.5579202935
2020-06-19 14:05:44 DEBUG [MockBuilder.java:94] set store -> DdshMkgPts
2020-06-19 14:05:44 DEBUG [MockBuilder.java:94] set cnCity -> riWubnhkARovcNlKbtP
2020-06-19 14:05:44 DEBUG [MockBuilder.java:94] set flag -> 66274
2020-06-19 14:05:44 DEBUG [MockBuilder.java:94] set consumerShipFlg -> C
2020-06-19 14:05:44 DEBUG [MockBuilder.java:94] set destCode -> pB
2020-06-19 14:05:44 DEBUG [MockBuilder.java:94] set truncFlag -> N
2020-06-19 14:05:44 DEBUG [MockBuilder.java:94] set addressLine2 -> dpETCvxMnfBpZJagxAuy
2020-06-19 14:05:44 DEBUG [MockBuilder.java:94] set name -> hRczxCbmXmMnfiYEJIET
2020-06-19 14:05:44 DEBUG [MockBuilder.java:94] set zip -> EMHwCcwYX
2020-06-19 14:05:44 DEBUG [MockBuilder.java:94] set state -> bf
2020-06-19 14:05:44 DEBUG [MockBuilder.java:94] set custNbr -> lTRPIyL
2020-06-19 14:05:44 DEBUG [MockBuilder.java:94] set city -> xEYTpcnMpVEgXOqgGoU
2020-06-19 14:05:44 DEBUG [MockBuilder.java:94] set zip -> AWJSIeUdSoo
2020-06-19 14:05:44 DEBUG [MockBuilder.java:94] set addressLine1 -> DQZrkpcbBfqvFnlImUfc
2020-06-19 14:05:44 DEBUG [MockBuilder.java:94] set consumerAddress -> LegacyConsumerAddress [cprovince=blHeqjJQJOKNaaOLMfxk, ccountry=AvrAcXVtURJKFKAnEyjH, cphone=soGZonSLwjmFkwSAZdOi, addressLine1=XfAALAbTCnBOaTIYJStf, addressLine2=HvhcgihGbiFCnTNgwfFb, city=unhcFGsOdIqIafTHUSY, name=DAUKrDospqSjtbYsxEhP, consumerPoDateValue=1992-04-25, consumerShipFlg=C, state=Mc, zip=EMHwCcwYX]
2020-06-19 14:05:44 DEBUG [MockBuilder.java:94] set shipToAddress -> LegacyShipToAddress [addressLine1=DQZrkpcbBfqvFnlImUfc, addressLine2=dpETCvxMnfBpZJagxAuy, city=xEYTpcnMpVEgXOqgGoU, cnCity=riWubnhkARovcNlKbtP, country=fBDfsUbrlGXmVxdHOaB, custNbr=lTRPIyL, destCode=pB, flag=66274, name=hRczxCbmXmMnfiYEJIET, phone=oZDFoRhasbFqxoe, province=LzYyQdQdATmIWXgttJE, state=bf, store=DdshMkgPts, truncFlag=N, zip=AWJSIeUdSoo]
2020-06-19 14:05:44 DEBUG [MockBuilder.java:94] set addressLine1 -> PaJvlxwrYdyeGUOSsPhV
2020-06-19 14:05:44 DEBUG [MockBuilder.java:94] set name -> OdJtPqgcyJoPsJkWHOjW
2020-06-19 14:05:44 DEBUG [MockBuilder.java:94] set billFlag -> L
2020-06-19 14:05:44 DEBUG [MockBuilder.java:94] set tpcountry -> hFZxMhSnrhnobTIQWMLJ
2020-06-19 14:05:44 DEBUG [MockBuilder.java:94] set tpprovince -> zlIUTubbkAjVJxqAqusc
2020-06-19 14:05:44 DEBUG [MockBuilder.java:94] set state -> mk
2020-06-19 14:05:44 DEBUG [MockBuilder.java:94] set tpphone -> ghqBgfAiuMkLzUoOOsLH
2020-06-19 14:05:44 DEBUG [MockBuilder.java:94] set zip -> CQeZGdNtJKWhdRHj
2020-06-19 14:05:44 DEBUG [MockBuilder.java:94] set addressLine2 -> cWcivQiREUMqbuEBnrEX
2020-06-19 14:05:44 DEBUG [MockBuilder.java:94] set accountNbr -> DYgxgxvlMuELiiGMllly
2020-06-19 14:05:44 DEBUG [MockBuilder.java:94] set name2 -> rCqdYegANvFumGdnBNwp
2020-06-19 14:05:44 DEBUG [MockBuilder.java:94] set purchasedBy -> rwQbBPddmGedhgyIsfsY
2020-06-19 14:05:44 DEBUG [MockBuilder.java:94] set city -> mIpTZfmqXWpTHdLcPbpl
2020-06-19 14:05:44 DEBUG [MockBuilder.java:94] set thirdPartyAddress -> LegacyThirdPartyAddress [tpprovince=zlIUTubbkAjVJxqAqusc, tpcountry=hFZxMhSnrhnobTIQWMLJ, tpphone=ghqBgfAiuMkLzUoOOsLH, addressLine1=PaJvlxwrYdyeGUOSsPhV, addressLine2=cWcivQiREUMqbuEBnrEX, accountNbr=DYgxgxvlMuELiiGMllly, billFlag=L, city=mIpTZfmqXWpTHdLcPbpl, name=OdJtPqgcyJoPsJkWHOjW, name2=rCqdYegANvFumGdnBNwp, state=mk, zip=CQeZGdNtJKWhdRHj]
2020-06-19 14:05:44 DEBUG [MockBuilder.java:94] set dates -> null
2020-06-19 14:05:44 DEBUG [MockBuilder.java:94] set lines -> null
2020-06-19 14:05:44 DEBUG [MockBuilder.java:94] set rcdCode -> I
2020-06-19 14:05:44 DEBUG [MockBuilder.java:94] set receivedTimestamp -> 1970-01-01T01:36:09
2020-06-19 14:05:44 DEBUG [MockBuilder.java:94] set refTcNbr -> LjHwutSZRzvOKnAjrpcQ
2020-06-19 14:05:44 DEBUG [MockHelper.java:99] EdiOrderHeader [legacyOrderNumber=null, acctContact=TAuhAFWZVjAMmaFflZrd, acknowlegeOrdInd=Z, addrKey=207984, agreementNumber=sWfuhWdAlJKLchW, assignedAgent=ZVQttYEy, authRep=BEHEbrfvzwoLmiUfXbBP, authorizationNo=YBrUTobjSr, beg=wCEjo, billToState=Rx, billToStore=jmOnLOdUBs, bsStoreNbr=iyAtGdGKww, cancelDateQualifier=bBF, carrierCode=gA, cbCutLength=549747.0649458098, chngLid=xfPfEZwQ, chngTimestamp=1970-01-01T01:14:11, commCust=OwXfYhP, consStatusMsg=RbIecDGyokIlbndHQVHl, contractUsageInd=B, crossDockCenter=HAuAsswKqb, custDept=NVBdX, custPmtMeth=waZlgTkWVqetAeklQkgH, custSpInst=OMQunUXCYLZTIosfZZGY, custWhNbr=ZJYf, customerCode=Jy, custNbr=YnQOTQb, customerRefNbr=Eyo, customerSidemark=JLvFpsORlbfzVeTLBtOa, deliveryDate=1979-02-16, delvCutOffDt=1980-12-28, divDesc=aYjXsAxHQPZteNOSoeMi, dunsNbr=EgXccWCQfBjqJeC, errorCode=xMx, errorDescription=dYDPsMdeXBVMYwaVJWjm, errorTimestamp=1970-01-01T02:35:32, eventInfo=RkXBtmKSUCRSqfu, explodeFlag=T, fobPoint=jK, frtCode=s, giftMessage1=BPacwXGrnXdVoLTjCmjT, giftMessage2=oszpnBMwXbjvqykjTKPi, hostAlertFlag=G, inputMethod=YrBdQdgqDe, markForStore=jnVFwTqyfO, mediaEventCode=pQ, nbDate=1990-10-03, newStoreInd=g, noAsnFlag=c, ohCancelDateValue=1989-05-20, ohStatusCode=n, onNote=kxZjAmPnMNzpgGluDSJA, onlineType=a, orderDate=1988-08-17, orderLoc=01, orderMerCost=7674932.922939488, shawOrderNumber=HUnIGH, orderRetHand=674352.4157458971, orderRetSh=528436.1325406771, orderRetTax=2824738.824190796, orderRetTotal=5013904.54076308, orderType=H, orderTypeDesc=HARDSURFACES, orderWeight=1222653.7562720063, orderingSystem=VM, phoneNumber=hHifhzsjESh, poControl=Ppwxw, poDateValue=1991-06-27, poDateQualifier=vfc, poNumber=kuvTOsqcFcQXvcFqRcIF, poQual=GT, poType=YKAZQ, poTypeSuffix=tVmsogXngD, psMsg=zXIXqFwVtChullaYctEC, purchasedBy=rwQbBPddmGedhgyIsfsY, rcdCode=I, receivedTimestamp=1970-01-01T01:36:09, refTcNbr=LjHwutSZRzvOKnAjrpcQ, reserveOrderInd=D, returnMsg=NzASJQbkeduAdowVbgQb, routeByDate=1970-08-04, salesCheckNumber=gaSlVHhvSQgepekQiwvz, salesReqCode=cL, sellCo=Bz, seqNbr=728996, shipByCutOffDt=1974-01-13, shipByDate=1996-01-27, shipCancelDate=1976-04-24, shipComplete=A, shipDateValue=1971-11-02, shipDateQualifier=jGL, shipInstruction=ziBpMaCkuXhATCDrUETw, shipPartCompInd=b, shipPt=Wa, specialInstruct1=cTWrUTANvPoyPvlKIgPe, specialInstruct2=NclrhzRYvsnVxzDCMmMj, specialInstruct3=uUrSrcIzsebiFBSuHTIs, specialInstruct4=gQcqsDNSwfJGCZyAGtFw, specialPoNo=OThpUwfWNHhVnitcFOfo, srvLevel=qH, statusCode=T, stdCarrAlphaInd=opXF, storeName=XsFstoNJnOvFMTXJqlQy, termsNetDays=Bwk, termsTypeFlag=pT, totalBindingFt=218512.5579202935, userId=hDWQHcMC, vendorNo=anJCCUiogRQBDDT, wcStore=WozCrMZrHH, consumerAddress=LegacyConsumerAddress [cprovince=blHeqjJQJOKNaaOLMfxk, ccountry=AvrAcXVtURJKFKAnEyjH, cphone=soGZonSLwjmFkwSAZdOi, addressLine1=XfAALAbTCnBOaTIYJStf, addressLine2=HvhcgihGbiFCnTNgwfFb, city=unhcFGsOdIqIafTHUSY, name=DAUKrDospqSjtbYsxEhP, consumerPoDateValue=1992-04-25, consumerShipFlg=C, state=Mc, zip=EMHwCcwYX], shipToAddress=LegacyShipToAddress [addressLine1=DQZrkpcbBfqvFnlImUfc, addressLine2=dpETCvxMnfBpZJagxAuy, city=xEYTpcnMpVEgXOqgGoU, cnCity=riWubnhkARovcNlKbtP, country=fBDfsUbrlGXmVxdHOaB, custNbr=lTRPIyL, destCode=pB, flag=66274, name=hRczxCbmXmMnfiYEJIET, phone=oZDFoRhasbFqxoe, province=LzYyQdQdATmIWXgttJE, state=bf, store=DdshMkgPts, truncFlag=N, zip=AWJSIeUdSoo], thirdPartyAddress=LegacyThirdPartyAddress [tpprovince=zlIUTubbkAjVJxqAqusc, tpcountry=hFZxMhSnrhnobTIQWMLJ, tpphone=ghqBgfAiuMkLzUoOOsLH, addressLine1=PaJvlxwrYdyeGUOSsPhV, addressLine2=cWcivQiREUMqbuEBnrEX, accountNbr=DYgxgxvlMuELiiGMllly, billFlag=L, city=mIpTZfmqXWpTHdLcPbpl, name=OdJtPqgcyJoPsJkWHOjW, name2=rCqdYegANvFumGdnBNwp, state=mk, zip=CQeZGdNtJKWhdRHj], dates=null, lines=null]
Hibernate: call next value for SHXP.EDI_ORDER_NBR
Hibernate: insert into EDI_ORDER_HEADER (ACCT_CONTACT, ACKNOWLEGE_ORD_IND, ADDR_KEY, AGREEMENT_NUMBER, ASSIGNED_AGENT, AUTH_REP, AUTHORIZATION_NO, beg, BILL_TO_STATE, BILL_TO_STORE, BS_STORE_NBR, CANCEL_DATE_QUAL, CARRIER_CODE, CB_CUT_LENGTH, CHNG_LID, CHNG_TIMESTAMP, COMM_CUST, CONS_STATUS_MSG, CONSUMER_ADDRESS, CONSUMER_ADDRESS_2, CONSUMER_CITY, CONSUMER_PO_DATE, CONSUMER_SHIP_FLG, CONSUMER_NAME, CONSUMER_STATE, CONSUMER_ZIP, CONTRACT_USAGE_IND, CROSS_DOCK_CENTER, CUST_DEPT, CUSTOMER_NUMBER, CUST_PMT_METH, CUST_SP_INST, CUST_WH_NBR, CUSTOMER_CODE, CUSTOMER_REF_NBR, CUSTOMER_SIDEMARK, DELIVERY_DATE, DELV_CUT_OFF_DT, DIV_DESC, DUNS_NBR, ERROR_CODE, ERROR_DESCRIPTION, ERROR_TIMESTAMP, EVENT_INFO, EXPLODE_FLAG, FOB_POINT, FRT_CODE, GIFT_MESSAGE_1, GIFT_MESSAGE_2, HOST_ALERT_FLAG, INPUT_METHOD, MARK_FOR_STORE, MEDIA_EVENT_CODE, NB_DATE, NEW_STORE_IND, NO_ASN_FLAG, OH_CANCEL_DATE, OH_STATUS_CODE, ON_NOTE, ONLINE_TYPE, ORDER_DATE, ORDER_LOC, ORDER_MER_COST, ORDER_RET_HAND, ORDER_RET_SH, ORDER_RET_TAX, ORDER_RET_TOTAL, ORDER_TYPE, ORDER_TYPE_DESC, ORDER_WEIGHT, ORDERING_SYSTEM, PHONE_NUMBER, PO_CONTROL, PO_DATE_QUAL, PO_DATE, PO_NUMBER, PO_QUAL, PO_TYPE, PO_TYPE_SUFFIX, PS_MSG, PURCHASED_BY, RCD_CODE, RECEIVED_TIMESTAMP, REF_TC_NBR, RESERVE_ORDER_IND, RETURN_MSG, ROUTE_BY_DATE, SALES_CHECK_NUMBER, SALES_REQ_CODE, SELL_CO, SEQ_NBR, ORDER_NUMBER, SHIP_BY_CUT_OFF_DT, SHIP_BY_DATE, SHIP_CANCEL_DATE, SHIP_COMPLETE, SHIP_DATE_QUAL, SHIP_DATE, SHIP_INSTRUCTION, SHIP_PART_COMP_IND, SHIP_PT, SHIP_TO_ADDRESS_1, SHIP_TO_ADDRESS_2, SHIP_TO_CITY, SHIP_TO_CN_CITY, SHIP_TO_COUNTRY, SHIP_TO_CUST_NBR, SHIP_TO_DEST_COD, SHIP_TO_FLAG, SHIP_TO_NAME, SHIP_TO_PHONE, SHIP_TO_PROVENCE, SHIP_TO_STATE, SHIP_TO_STORE, SHIP_TO_TRUNC_FLG, SHIP_TO_ZIP, SPECIAL_INSTRUCT_1, SPECIAL_INSTRUCT_2, SPECIAL_INSTRUCT_3, SPECIAL_INSTRUCT_4, SPECIAL_PO_NO, SRV_LEVEL, STATUS_CODE, STD_CARR_ALPHA_IND, STORE_NAME, TERMS_NET_DAYS, TERMS_TYPE_FLAG, THIRD_PARTY_ACCT_NBR, THIRD_PARTY_ADDR_1, THIRD_PARTY_ADDR_2, THIRD_PARTY_BILL_FLAG, THIRD_PARTY_CITY, THIRD_PARTY_NAME, THIRD_PARTY_NAME_2, THIRD_PARTY_STATE, THIRD_PARTY_ZIP, TOTAL_BINDING_FT, USER_ID, VENDOR_NO, WC_STORE, EDI_ORDER_NUMBER) values (?, ?, ?, ?, ?, ?, ?, ?, ?, ?, ?, ?, ?, ?, ?, ?, ?, ?, ?, ?, ?, ?, ?, ?, ?, ?, ?, ?, ?, ?, ?, ?, ?, ?, ?, ?, ?, ?, ?, ?, ?, ?, ?, ?, ?, ?, ?, ?, ?, ?, ?, ?, ?, ?, ?, ?, ?, ?, ?, ?, ?, ?, ?, ?, ?, ?, ?, ?, ?, ?, ?, ?, ?, ?, ?, ?, ?, ?, ?, ?, ?, ?, ?, ?, ?, ?, ?, ?, ?, ?, ?, ?, ?, ?, ?, ?, ?, ?, ?, ?, ?, ?, ?, ?, ?, ?, ?, ?, ?, ?, ?, ?, ?, ?, ?, ?, ?, ?, ?, ?, ?, ?, ?, ?, ?, ?, ?, ?, ?, ?, ?, ?, ?, ?, ?, ?, ?, ?, ?, ?, ?)
2020-06-19 14:05:44 TRACE [BasicBinder.java:64] binding parameter [1] as [VARCHAR] - [TAuhAFWZVjAMmaFflZrd]
2020-06-19 14:05:44 TRACE [BasicBinder.java:64] binding parameter [2] as [VARCHAR] - [Z]
2020-06-19 14:05:44 TRACE [BasicBinder.java:64] binding parameter [3] as [INTEGER] - [207984]
2020-06-19 14:05:44 TRACE [BasicBinder.java:64] binding parameter [4] as [VARCHAR] - [sWfuhWdAlJKLchW]
2020-06-19 14:05:44 TRACE [BasicBinder.java:64] binding parameter [5] as [VARCHAR] - [ZVQttYEy]
2020-06-19 14:05:44 TRACE [BasicBinder.java:64] binding parameter [6] as [VARCHAR] - [BEHEbrfvzwoLmiUfXbBP]
2020-06-19 14:05:44 TRACE [BasicBinder.java:64] binding parameter [7] as [VARCHAR] - [YBrUTobjSr]
2020-06-19 14:05:44 TRACE [BasicBinder.java:64] binding parameter [8] as [VARCHAR] - [wCEjo]
2020-06-19 14:05:44 TRACE [BasicBinder.java:64] binding parameter [9] as [VARCHAR] - [Rx]
2020-06-19 14:05:44 TRACE [BasicBinder.java:64] binding parameter [10] as [VARCHAR] - [jmOnLOdUBs]
2020-06-19 14:05:44 TRACE [BasicBinder.java:64] binding parameter [11] as [VARCHAR] - [iyAtGdGKww]
2020-06-19 14:05:44 TRACE [BasicBinder.java:64] binding parameter [12] as [VARCHAR] - [bBF]
2020-06-19 14:05:44 TRACE [BasicBinder.java:64] binding parameter [13] as [VARCHAR] - [gA]
2020-06-19 14:05:44 TRACE [BasicBinder.java:64] binding parameter [14] as [DOUBLE] - [549747.0649458098]
2020-06-19 14:05:44 TRACE [BasicBinder.java:64] binding parameter [15] as [VARCHAR] - [xfPfEZwQ]
2020-06-19 14:05:44 TRACE [BasicBinder.java:64] binding parameter [16] as [TIMESTAMP] - [1970-01-01T01:14:11]
2020-06-19 14:05:44 TRACE [BasicBinder.java:64] binding parameter [17] as [VARCHAR] - [OwXfYhP]
2020-06-19 14:05:44 TRACE [BasicBinder.java:64] binding parameter [18] as [VARCHAR] - [RbIecDGyokIlbndHQVHl]
2020-06-19 14:05:44 TRACE [BasicBinder.java:64] binding parameter [19] as [VARCHAR] - [XfAALAbTCnBOaTIYJStf]
2020-06-19 14:05:44 TRACE [BasicBinder.java:64] binding parameter [20] as [VARCHAR] - [HvhcgihGbiFCnTNgwfFb]
2020-06-19 14:05:44 TRACE [BasicBinder.java:64] binding parameter [21] as [VARCHAR] - [unhcFGsOdIqIafTHUSY]
2020-06-19 14:05:44 TRACE [BasicBinder.java:64] binding parameter [22] as [DATE] - [1992-04-25]
2020-06-19 14:05:44 TRACE [BasicBinder.java:64] binding parameter [23] as [VARCHAR] - [C]
2020-06-19 14:05:44 TRACE [BasicBinder.java:64] binding parameter [24] as [VARCHAR] - [DAUKrDospqSjtbYsxEhP]
2020-06-19 14:05:44 TRACE [BasicBinder.java:64] binding parameter [25] as [VARCHAR] - [Mc]
2020-06-19 14:05:44 TRACE [BasicBinder.java:64] binding parameter [26] as [VARCHAR] - [EMHwCcwYX]
2020-06-19 14:05:44 TRACE [BasicBinder.java:64] binding parameter [27] as [VARCHAR] - [B]
2020-06-19 14:05:44 TRACE [BasicBinder.java:64] binding parameter [28] as [VARCHAR] - [HAuAsswKqb]
2020-06-19 14:05:44 TRACE [BasicBinder.java:64] binding parameter [29] as [VARCHAR] - [NVBdX]
2020-06-19 14:05:44 TRACE [BasicBinder.java:64] binding parameter [30] as [VARCHAR] - [YnQOTQb]
2020-06-19 14:05:44 TRACE [BasicBinder.java:64] binding parameter [31] as [VARCHAR] - [waZlgTkWVqetAeklQkgH]
2020-06-19 14:05:44 TRACE [BasicBinder.java:64] binding parameter [32] as [VARCHAR] - [OMQunUXCYLZTIosfZZGY]
2020-06-19 14:05:44 TRACE [BasicBinder.java:64] binding parameter [33] as [VARCHAR] - [ZJYf]
2020-06-19 14:05:44 TRACE [BasicBinder.java:64] binding parameter [34] as [VARCHAR] - [Jy]
2020-06-19 14:05:44 TRACE [BasicBinder.java:64] binding parameter [35] as [VARCHAR] - [Eyo]
2020-06-19 14:05:44 TRACE [BasicBinder.java:64] binding parameter [36] as [VARCHAR] - [JLvFpsORlbfzVeTLBtOa]
2020-06-19 14:05:44 TRACE [BasicBinder.java:64] binding parameter [37] as [DATE] - [1979-02-16]
2020-06-19 14:05:44 TRACE [BasicBinder.java:64] binding parameter [38] as [DATE] - [1980-12-28]
2020-06-19 14:05:44 TRACE [BasicBinder.java:64] binding parameter [39] as [VARCHAR] - [aYjXsAxHQPZteNOSoeMi]
2020-06-19 14:05:44 TRACE [BasicBinder.java:64] binding parameter [40] as [VARCHAR] - [EgXccWCQfBjqJeC]
2020-06-19 14:05:44 TRACE [BasicBinder.java:64] binding parameter [41] as [VARCHAR] - [xMx]
2020-06-19 14:05:44 TRACE [BasicBinder.java:64] binding parameter [42] as [VARCHAR] - [dYDPsMdeXBVMYwaVJWjm]
2020-06-19 14:05:44 TRACE [BasicBinder.java:64] binding parameter [43] as [TIMESTAMP] - [1970-01-01T02:35:32]
2020-06-19 14:05:44 TRACE [BasicBinder.java:64] binding parameter [44] as [VARCHAR] - [RkXBtmKSUCRSqfu]
2020-06-19 14:05:44 TRACE [BasicBinder.java:64] binding parameter [45] as [VARCHAR] - [T]
2020-06-19 14:05:44 TRACE [BasicBinder.java:64] binding parameter [46] as [VARCHAR] - [jK]
2020-06-19 14:05:44 TRACE [BasicBinder.java:64] binding parameter [47] as [VARCHAR] - [s]
2020-06-19 14:05:44 TRACE [BasicBinder.java:64] binding parameter [48] as [VARCHAR] - [BPacwXGrnXdVoLTjCmjT]
2020-06-19 14:05:44 TRACE [BasicBinder.java:64] binding parameter [49] as [VARCHAR] - [oszpnBMwXbjvqykjTKPi]
2020-06-19 14:05:44 TRACE [BasicBinder.java:64] binding parameter [50] as [VARCHAR] - [G]
2020-06-19 14:05:44 TRACE [BasicBinder.java:64] binding parameter [51] as [VARCHAR] - [YrBdQdgqDe]
2020-06-19 14:05:44 TRACE [BasicBinder.java:64] binding parameter [52] as [VARCHAR] - [jnVFwTqyfO]
2020-06-19 14:05:44 TRACE [BasicBinder.java:64] binding parameter [53] as [VARCHAR] - [pQ]
2020-06-19 14:05:44 TRACE [BasicBinder.java:64] binding parameter [54] as [DATE] - [1990-10-03]
2020-06-19 14:05:44 TRACE [BasicBinder.java:64] binding parameter [55] as [VARCHAR] - [g]
2020-06-19 14:05:44 TRACE [BasicBinder.java:64] binding parameter [56] as [VARCHAR] - [c]
2020-06-19 14:05:44 TRACE [BasicBinder.java:64] binding parameter [57] as [DATE] - [1989-05-20]
2020-06-19 14:05:44 TRACE [BasicBinder.java:64] binding parameter [58] as [VARCHAR] - [n]
2020-06-19 14:05:44 TRACE [BasicBinder.java:64] binding parameter [59] as [VARCHAR] - [kxZjAmPnMNzpgGluDSJA]
2020-06-19 14:05:44 TRACE [BasicBinder.java:64] binding parameter [60] as [VARCHAR] - [a]
2020-06-19 14:05:44 TRACE [BasicBinder.java:64] binding parameter [61] as [DATE] - [1988-08-17]
2020-06-19 14:05:44 TRACE [BasicBinder.java:64] binding parameter [62] as [VARCHAR] - [01]
2020-06-19 14:05:44 TRACE [BasicBinder.java:64] binding parameter [63] as [DOUBLE] - [7674932.922939488]
2020-06-19 14:05:44 TRACE [BasicBinder.java:64] binding parameter [64] as [DOUBLE] - [674352.4157458971]
2020-06-19 14:05:44 TRACE [BasicBinder.java:64] binding parameter [65] as [DOUBLE] - [528436.1325406771]
2020-06-19 14:05:44 TRACE [BasicBinder.java:64] binding parameter [66] as [DOUBLE] - [2824738.824190796]
2020-06-19 14:05:44 TRACE [BasicBinder.java:64] binding parameter [67] as [DOUBLE] - [5013904.54076308]
2020-06-19 14:05:44 TRACE [BasicBinder.java:64] binding parameter [68] as [VARCHAR] - [H]
2020-06-19 14:05:44 TRACE [BasicBinder.java:64] binding parameter [69] as [VARCHAR] - [HARDSURFACES]
2020-06-19 14:05:44 TRACE [BasicBinder.java:64] binding parameter [70] as [DOUBLE] - [1222653.7562720063]
2020-06-19 14:05:44 TRACE [BasicBinder.java:64] binding parameter [71] as [VARCHAR] - [VM]
2020-06-19 14:05:44 TRACE [BasicBinder.java:64] binding parameter [72] as [VARCHAR] - [hHifhzsjESh]
2020-06-19 14:05:44 TRACE [BasicBinder.java:64] binding parameter [73] as [VARCHAR] - [Ppwxw]
2020-06-19 14:05:44 TRACE [BasicBinder.java:64] binding parameter [74] as [VARCHAR] - [vfc]
2020-06-19 14:05:44 TRACE [BasicBinder.java:64] binding parameter [75] as [DATE] - [1991-06-27]
2020-06-19 14:05:44 TRACE [BasicBinder.java:64] binding parameter [76] as [VARCHAR] - [kuvTOsqcFcQXvcFqRcIF]
2020-06-19 14:05:44 TRACE [BasicBinder.java:64] binding parameter [77] as [VARCHAR] - [GT]
2020-06-19 14:05:44 TRACE [BasicBinder.java:64] binding parameter [78] as [VARCHAR] - [YKAZQ]
2020-06-19 14:05:44 TRACE [BasicBinder.java:64] binding parameter [79] as [VARCHAR] - [tVmsogXngD]
2020-06-19 14:05:44 TRACE [BasicBinder.java:64] binding parameter [80] as [VARCHAR] - [zXIXqFwVtChullaYctEC]
2020-06-19 14:05:44 TRACE [BasicBinder.java:64] binding parameter [81] as [VARCHAR] - [rwQbBPddmGedhgyIsfsY]
2020-06-19 14:05:44 TRACE [BasicBinder.java:64] binding parameter [82] as [VARCHAR] - [I]
2020-06-19 14:05:44 TRACE [BasicBinder.java:64] binding parameter [83] as [TIMESTAMP] - [1970-01-01T01:36:09]
2020-06-19 14:05:44 TRACE [BasicBinder.java:64] binding parameter [84] as [VARCHAR] - [LjHwutSZRzvOKnAjrpcQ]
2020-06-19 14:05:44 TRACE [BasicBinder.java:64] binding parameter [85] as [VARCHAR] - [D]
2020-06-19 14:05:44 TRACE [BasicBinder.java:64] binding parameter [86] as [VARCHAR] - [NzASJQbkeduAdowVbgQb]
2020-06-19 14:05:44 TRACE [BasicBinder.java:64] binding parameter [87] as [DATE] - [1970-08-04]
2020-06-19 14:05:44 TRACE [BasicBinder.java:64] binding parameter [88] as [VARCHAR] - [gaSlVHhvSQgepekQiwvz]
2020-06-19 14:05:44 TRACE [BasicBinder.java:64] binding parameter [89] as [VARCHAR] - [cL]
2020-06-19 14:05:44 TRACE [BasicBinder.java:64] binding parameter [90] as [VARCHAR] - [Bz]
2020-06-19 14:05:44 TRACE [BasicBinder.java:64] binding parameter [91] as [INTEGER] - [728996]
2020-06-19 14:05:44 TRACE [BasicBinder.java:64] binding parameter [92] as [VARCHAR] - [HUnIGH]
2020-06-19 14:05:44 TRACE [BasicBinder.java:64] binding parameter [93] as [DATE] - [1974-01-13]
2020-06-19 14:05:44 TRACE [BasicBinder.java:64] binding parameter [94] as [DATE] - [1996-01-27]
2020-06-19 14:05:44 TRACE [BasicBinder.java:64] binding parameter [95] as [DATE] - [1976-04-24]
2020-06-19 14:05:44 TRACE [BasicBinder.java:64] binding parameter [96] as [VARCHAR] - [A]
2020-06-19 14:05:44 TRACE [BasicBinder.java:64] binding parameter [97] as [VARCHAR] - [jGL]
2020-06-19 14:05:44 TRACE [BasicBinder.java:64] binding parameter [98] as [DATE] - [1971-11-02]
2020-06-19 14:05:44 TRACE [BasicBinder.java:64] binding parameter [99] as [VARCHAR] - [ziBpMaCkuXhATCDrUETw]
2020-06-19 14:05:44 TRACE [BasicBinder.java:64] binding parameter [100] as [VARCHAR] - [b]
2020-06-19 14:05:44 TRACE [BasicBinder.java:64] binding parameter [101] as [VARCHAR] - [Wa]
2020-06-19 14:05:44 TRACE [BasicBinder.java:64] binding parameter [102] as [VARCHAR] - [DQZrkpcbBfqvFnlImUfc]
2020-06-19 14:05:44 TRACE [BasicBinder.java:64] binding parameter [103] as [VARCHAR] - [dpETCvxMnfBpZJagxAuy]
2020-06-19 14:05:44 TRACE [BasicBinder.java:64] binding parameter [104] as [VARCHAR] - [xEYTpcnMpVEgXOqgGoU]
2020-06-19 14:05:44 TRACE [BasicBinder.java:64] binding parameter [105] as [VARCHAR] - [riWubnhkARovcNlKbtP]
2020-06-19 14:05:44 TRACE [BasicBinder.java:64] binding parameter [106] as [VARCHAR] - [fBDfsUbrlGXmVxdHOaB]
2020-06-19 14:05:44 TRACE [BasicBinder.java:64] binding parameter [107] as [VARCHAR] - [lTRPIyL]
2020-06-19 14:05:44 TRACE [BasicBinder.java:64] binding parameter [108] as [VARCHAR] - [pB]
2020-06-19 14:05:44 TRACE [BasicBinder.java:64] binding parameter [109] as [INTEGER] - [66274]
2020-06-19 14:05:44 TRACE [BasicBinder.java:64] binding parameter [110] as [VARCHAR] - [hRczxCbmXmMnfiYEJIET]
2020-06-19 14:05:44 TRACE [BasicBinder.java:64] binding parameter [111] as [VARCHAR] - [oZDFoRhasbFqxoe]
2020-06-19 14:05:44 TRACE [BasicBinder.java:64] binding parameter [112] as [VARCHAR] - [LzYyQdQdATmIWXgttJE]
2020-06-19 14:05:44 TRACE [BasicBinder.java:64] binding parameter [113] as [VARCHAR] - [bf]
2020-06-19 14:05:44 TRACE [BasicBinder.java:64] binding parameter [114] as [VARCHAR] - [DdshMkgPts]
2020-06-19 14:05:44 TRACE [BasicBinder.java:64] binding parameter [115] as [VARCHAR] - [N]
2020-06-19 14:05:44 TRACE [BasicBinder.java:64] binding parameter [116] as [VARCHAR] - [AWJSIeUdSoo]
2020-06-19 14:05:44 TRACE [BasicBinder.java:64] binding parameter [117] as [VARCHAR] - [cTWrUTANvPoyPvlKIgPe]
2020-06-19 14:05:44 TRACE [BasicBinder.java:64] binding parameter [118] as [VARCHAR] - [NclrhzRYvsnVxzDCMmMj]
2020-06-19 14:05:44 TRACE [BasicBinder.java:64] binding parameter [119] as [VARCHAR] - [uUrSrcIzsebiFBSuHTIs]
2020-06-19 14:05:44 TRACE [BasicBinder.java:64] binding parameter [120] as [VARCHAR] - [gQcqsDNSwfJGCZyAGtFw]
2020-06-19 14:05:44 TRACE [BasicBinder.java:64] binding parameter [121] as [VARCHAR] - [OThpUwfWNHhVnitcFOfo]
2020-06-19 14:05:44 TRACE [BasicBinder.java:64] binding parameter [122] as [VARCHAR] - [qH]
2020-06-19 14:05:44 TRACE [BasicBinder.java:64] binding parameter [123] as [VARCHAR] - [T]
2020-06-19 14:05:44 TRACE [BasicBinder.java:64] binding parameter [124] as [VARCHAR] - [opXF]
2020-06-19 14:05:44 TRACE [BasicBinder.java:64] binding parameter [125] as [VARCHAR] - [XsFstoNJnOvFMTXJqlQy]
2020-06-19 14:05:44 TRACE [BasicBinder.java:64] binding parameter [126] as [VARCHAR] - [Bwk]
2020-06-19 14:05:44 TRACE [BasicBinder.java:64] binding parameter [127] as [VARCHAR] - [pT]
2020-06-19 14:05:44 TRACE [BasicBinder.java:64] binding parameter [128] as [VARCHAR] - [DYgxgxvlMuELiiGMllly]
2020-06-19 14:05:44 TRACE [BasicBinder.java:64] binding parameter [129] as [VARCHAR] - [PaJvlxwrYdyeGUOSsPhV]
2020-06-19 14:05:44 TRACE [BasicBinder.java:64] binding parameter [130] as [VARCHAR] - [cWcivQiREUMqbuEBnrEX]
2020-06-19 14:05:44 TRACE [BasicBinder.java:64] binding parameter [131] as [VARCHAR] - [L]
2020-06-19 14:05:44 TRACE [BasicBinder.java:64] binding parameter [132] as [VARCHAR] - [mIpTZfmqXWpTHdLcPbpl]
2020-06-19 14:05:44 TRACE [BasicBinder.java:64] binding parameter [133] as [VARCHAR] - [OdJtPqgcyJoPsJkWHOjW]
2020-06-19 14:05:44 TRACE [BasicBinder.java:64] binding parameter [134] as [VARCHAR] - [rCqdYegANvFumGdnBNwp]
2020-06-19 14:05:44 TRACE [BasicBinder.java:64] binding parameter [135] as [VARCHAR] - [mk]
2020-06-19 14:05:44 TRACE [BasicBinder.java:64] binding parameter [136] as [VARCHAR] - [CQeZGdNtJKWhdRHj]
2020-06-19 14:05:44 TRACE [BasicBinder.java:64] binding parameter [137] as [DOUBLE] - [218512.5579202935]
2020-06-19 14:05:44 TRACE [BasicBinder.java:64] binding parameter [138] as [VARCHAR] - [hDWQHcMC]
2020-06-19 14:05:44 TRACE [BasicBinder.java:64] binding parameter [139] as [VARCHAR] - [anJCCUiogRQBDDT]
2020-06-19 14:05:44 TRACE [BasicBinder.java:64] binding parameter [140] as [VARCHAR] - [WozCrMZrHH]
2020-06-19 14:05:44 TRACE [BasicBinder.java:64] binding parameter [141] as [BIGINT] - [2]
2020-06-19 14:05:44 DEBUG [MockBuilder.java:94] set autoCreateFlag -> n
2020-06-19 14:05:44 DEBUG [MockBuilder.java:94] set changeTimestamp -> 1970-01-01T00:30:54
2020-06-19 14:05:44 DEBUG [MockBuilder.java:94] set ediReasonCode -> 39077
2020-06-19 14:05:44 DEBUG [MockBuilder.java:94] set createTimestamp -> 1970-01-01T00:31:01
2020-06-19 14:05:44 DEBUG [MockBuilder.java:94] set changedBy -> LWrGPXVm
2020-06-19 14:05:44 DEBUG [MockBuilder.java:94] set ediOrdValidations -> null
2020-06-19 14:05:44 DEBUG [MockBuilder.java:94] set description -> gQtHxWojWqANdpyMtIfv
2020-06-19 14:05:44 DEBUG [MockBuilder.java:94] set level -> J
2020-06-19 14:05:44 DEBUG [MockBuilder.java:94] set createdBy -> SRdgOMxX
2020-06-19 14:05:44 DEBUG [MockBuilder.java:94] set precedence -> 1465617.7136695604
2020-06-19 14:05:44 DEBUG [MockBuilder.java:94] set defaultAction -> P
Hibernate: select edireasonc0_.EDI_REASON_CODE as edi_reas1_6_1_, edireasonc0_.AUTO_CREATE_FLAG as auto_cre2_6_1_, edireasonc0_.CHANGE_TIMESTAMP as change_t3_6_1_, edireasonc0_.CHANGED_BY as changed_4_6_1_, edireasonc0_.CREATE_TIMESTAMP as create_t5_6_1_, edireasonc0_.CREATED_BY as created_6_6_1_, edireasonc0_.DEFAULT_ACTION as default_7_6_1_, edireasonc0_.description as descript8_6_1_, edireasonc0_.LEVEL as level9_6_1_, edireasonc0_.precedence as precede10_6_1_, ediordvali1_.edi_reason_code as edi_rea11_2_3_, ediordvali1_.EDI_ORDER_NBR as edi_orde1_2_3_, ediordvali1_.PO_LINE_NBR as po_line_2_2_3_, ediordvali1_.TIME_STAMP as time_sta3_2_3_, ediordvali1_.EDI_ORDER_NBR as edi_orde1_2_0_, ediordvali1_.PO_LINE_NBR as po_line_2_2_0_, ediordvali1_.TIME_STAMP as time_sta3_2_0_, ediordvali1_.ACTION_CODE as action_c4_2_0_, ediordvali1_.ASSIGNED_TO as assigned5_2_0_, ediordvali1_.CHANGED_BY as changed_6_2_0_, ediordvali1_.CHANGED_TIMESTAMP as changed_7_2_0_, ediordvali1_.CREATED_BY as created_8_2_0_, ediordvali1_.CREATED_TIMESTAMP as created_9_2_0_, ediordvali1_.edi_reason_code as edi_rea11_2_0_, ediordvali1_.status as status10_2_0_ from EDI_REASON_CODE edireasonc0_ left outer join EDI_ORD_VALIDATION ediordvali1_ on edireasonc0_.EDI_REASON_CODE=ediordvali1_.edi_reason_code where edireasonc0_.EDI_REASON_CODE=?
2020-06-19 14:05:44 TRACE [BasicBinder.java:64] binding parameter [1] as [INTEGER] - [63]
Hibernate: insert into EDI_REASON_CODE (AUTO_CREATE_FLAG, CHANGE_TIMESTAMP, CHANGED_BY, CREATE_TIMESTAMP, CREATED_BY, DEFAULT_ACTION, description, LEVEL, precedence, EDI_REASON_CODE) values (?, ?, ?, ?, ?, ?, ?, ?, ?, ?)
2020-06-19 14:05:44 TRACE [BasicBinder.java:64] binding parameter [1] as [VARCHAR] - [n]
2020-06-19 14:05:44 TRACE [BasicBinder.java:64] binding parameter [2] as [TIMESTAMP] - [1970-01-01T00:30:54]
2020-06-19 14:05:44 TRACE [BasicBinder.java:64] binding parameter [3] as [VARCHAR] - [LWrGPXVm]
2020-06-19 14:05:44 TRACE [BasicBinder.java:64] binding parameter [4] as [TIMESTAMP] - [1970-01-01T00:31:01]
2020-06-19 14:05:44 TRACE [BasicBinder.java:64] binding parameter [5] as [VARCHAR] - [SRdgOMxX]
2020-06-19 14:05:44 TRACE [BasicBinder.java:64] binding parameter [6] as [VARCHAR] - [P]
2020-06-19 14:05:44 TRACE [BasicBinder.java:64] binding parameter [7] as [VARCHAR] - [gQtHxWojWqANdpyMtIfv]
2020-06-19 14:05:44 TRACE [BasicBinder.java:64] binding parameter [8] as [VARCHAR] - [J]
2020-06-19 14:05:44 TRACE [BasicBinder.java:64] binding parameter [9] as [DOUBLE] - [1465617.7136695604]
2020-06-19 14:05:44 TRACE [BasicBinder.java:64] binding parameter [10] as [INTEGER] - [63]
]]></system-out>
    <system-err><![CDATA[java.lang.InstantiationException
	at java.base/jdk.internal.reflect.InstantiationExceptionConstructorAccessorImpl.newInstance(InstantiationExceptionConstructorAccessorImpl.java:48)
	at java.base/java.lang.reflect.Constructor.newInstanceWithCaller(Constructor.java:500)
	at java.base/java.lang.reflect.Constructor.newInstance(Constructor.java:481)
	at com.shaw.mock.builder.MockBuilder.build(MockBuilder.java:41)
	at com.shaw.mock.builder.MockBuilder.setMockValue(MockBuilder.java:86)
	at com.shaw.mock.builder.MockBuilder.lambda$build$3(MockBuilder.java:42)
	at java.base/java.util.stream.ForEachOps$ForEachOp$OfRef.accept(ForEachOps.java:183)
	at java.base/java.util.ArrayList$ArrayListSpliterator.forEachRemaining(ArrayList.java:1624)
	at java.base/java.util.stream.AbstractPipeline.copyInto(AbstractPipeline.java:484)
	at java.base/java.util.stream.ForEachOps$ForEachTask.compute(ForEachOps.java:290)
	at java.base/java.util.concurrent.CountedCompleter.exec(CountedCompleter.java:746)
	at java.base/java.util.concurrent.ForkJoinTask.doExec(ForkJoinTask.java:290)
	at java.base/java.util.concurrent.ForkJoinPool$WorkQueue.topLevelExec(ForkJoinPool.java:1016)
	at java.base/java.util.concurrent.ForkJoinPool.scan(ForkJoinPool.java:1665)
	at java.base/java.util.concurrent.ForkJoinPool.runWorker(ForkJoinPool.java:1598)
	at java.base/java.util.concurrent.ForkJoinWorkerThread.run(ForkJoinWorkerThread.java:177)
java.lang.InstantiationException
	at java.base/jdk.internal.reflect.InstantiationExceptionConstructorAccessorImpl.newInstance(InstantiationExceptionConstructorAccessorImpl.java:48)
	at java.base/java.lang.reflect.Constructor.newInstanceWithCaller(Constructor.java:500)
	at java.base/java.lang.reflect.Constructor.newInstance(Constructor.java:481)
	at com.shaw.mock.builder.MockBuilder.build(MockBuilder.java:41)
	at com.shaw.mock.builder.MockBuilder.setMockValue(MockBuilder.java:86)
	at com.shaw.mock.builder.MockBuilder.lambda$build$3(MockBuilder.java:42)
	at java.base/java.util.stream.ForEachOps$ForEachOp$OfRef.accept(ForEachOps.java:183)
	at java.base/java.util.ArrayList$ArrayListSpliterator.forEachRemaining(ArrayList.java:1624)
	at java.base/java.util.stream.AbstractPipeline.copyInto(AbstractPipeline.java:484)
	at java.base/java.util.stream.ForEachOps$ForEachTask.compute(ForEachOps.java:290)
	at java.base/java.util.concurrent.CountedCompleter.exec(CountedCompleter.java:746)
	at java.base/java.util.concurrent.ForkJoinTask.doExec(ForkJoinTask.java:290)
	at java.base/java.util.concurrent.ForkJoinPool$WorkQueue.helpCC(ForkJoinPool.java:1116)
	at java.base/java.util.concurrent.ForkJoinPool.awaitJoin(ForkJoinPool.java:1696)
	at java.base/java.util.concurrent.ForkJoinTask.doInvoke(ForkJoinTask.java:411)
	at java.base/java.util.concurrent.ForkJoinTask.invoke(ForkJoinTask.java:736)
	at java.base/java.util.stream.ForEachOps$ForEachOp.evaluateParallel(ForEachOps.java:159)
	at java.base/java.util.stream.ForEachOps$ForEachOp$OfRef.evaluateParallel(ForEachOps.java:173)
	at java.base/java.util.stream.AbstractPipeline.evaluate(AbstractPipeline.java:233)
	at java.base/java.util.stream.ReferencePipeline.forEach(ReferencePipeline.java:497)
	at java.base/java.util.stream.ReferencePipeline$Head.forEach(ReferencePipeline.java:661)
	at com.shaw.mock.builder.MockBuilder.build(MockBuilder.java:42)
	at com.shaw.mock.builder.MockBuilder.setMockValue(MockBuilder.java:86)
	at com.shaw.mock.builder.MockBuilder.lambda$build$3(MockBuilder.java:42)
	at java.base/java.util.stream.ForEachOps$ForEachOp$OfRef.accept(ForEachOps.java:183)
	at java.base/java.util.ArrayList$ArrayListSpliterator.forEachRemaining(ArrayList.java:1624)
	at java.base/java.util.stream.AbstractPipeline.copyInto(AbstractPipeline.java:484)
	at java.base/java.util.stream.ForEachOps$ForEachTask.compute(ForEachOps.java:290)
	at java.base/java.util.concurrent.CountedCompleter.exec(CountedCompleter.java:746)
	at java.base/java.util.concurrent.ForkJoinTask.doExec(ForkJoinTask.java:290)
	at java.base/java.util.concurrent.ForkJoinPool$WorkQueue.topLevelExec(ForkJoinPool.java:1016)
	at java.base/java.util.concurrent.ForkJoinPool.scan(ForkJoinPool.java:1665)
	at java.base/java.util.concurrent.ForkJoinPool.runWorker(ForkJoinPool.java:1598)
	at java.base/java.util.concurrent.ForkJoinWorkerThread.run(ForkJoinWorkerThread.java:177)
java.lang.InstantiationException
	at java.base/jdk.internal.reflect.InstantiationExceptionConstructorAccessorImpl.newInstance(InstantiationExceptionConstructorAccessorImpl.java:48)
	at java.base/java.lang.reflect.Constructor.newInstanceWithCaller(Constructor.java:500)
	at java.base/java.lang.reflect.Constructor.newInstance(Constructor.java:481)
	at com.shaw.mock.builder.MockBuilder.build(MockBuilder.java:41)
	at com.shaw.mock.builder.MockBuilder.setMockValue(MockBuilder.java:86)
	at com.shaw.mock.builder.MockBuilder.lambda$build$3(MockBuilder.java:42)
	at java.base/java.util.stream.ForEachOps$ForEachOp$OfRef.accept(ForEachOps.java:183)
	at java.base/java.util.ArrayList$ArrayListSpliterator.forEachRemaining(ArrayList.java:1624)
	at java.base/java.util.stream.AbstractPipeline.copyInto(AbstractPipeline.java:484)
	at java.base/java.util.stream.ForEachOps$ForEachTask.compute(ForEachOps.java:290)
	at java.base/java.util.concurrent.CountedCompleter.exec(CountedCompleter.java:746)
	at java.base/java.util.concurrent.ForkJoinTask.doExec(ForkJoinTask.java:290)
	at java.base/java.util.concurrent.ForkJoinPool$WorkQueue.topLevelExec(ForkJoinPool.java:1016)
	at java.base/java.util.concurrent.ForkJoinPool.scan(ForkJoinPool.java:1665)
	at java.base/java.util.concurrent.ForkJoinPool.runWorker(ForkJoinPool.java:1598)
	at java.base/java.util.concurrent.ForkJoinWorkerThread.run(ForkJoinWorkerThread.java:177)
java.lang.InstantiationException
	at java.base/jdk.internal.reflect.InstantiationExceptionConstructorAccessorImpl.newInstance(InstantiationExceptionConstructorAccessorImpl.java:48)
	at java.base/java.lang.reflect.Constructor.newInstanceWithCaller(Constructor.java:500)
	at java.base/java.lang.reflect.Constructor.newInstance(Constructor.java:481)
	at com.shaw.mock.builder.MockBuilder.build(MockBuilder.java:41)
	at com.shaw.mock.builder.MockBuilder.setMockValue(MockBuilder.java:86)
	at com.shaw.mock.builder.MockBuilder.lambda$build$3(MockBuilder.java:42)
	at java.base/java.util.stream.ForEachOps$ForEachOp$OfRef.accept(ForEachOps.java:183)
	at java.base/java.util.ArrayList$ArrayListSpliterator.forEachRemaining(ArrayList.java:1624)
	at java.base/java.util.stream.AbstractPipeline.copyInto(AbstractPipeline.java:484)
	at java.base/java.util.stream.ForEachOps$ForEachTask.compute(ForEachOps.java:290)
	at java.base/java.util.concurrent.CountedCompleter.exec(CountedCompleter.java:746)
	at java.base/java.util.concurrent.ForkJoinTask.doExec(ForkJoinTask.java:290)
	at java.base/java.util.concurrent.ForkJoinPool$WorkQueue.topLevelExec(ForkJoinPool.java:1016)
	at java.base/java.util.concurrent.ForkJoinPool.scan(ForkJoinPool.java:1665)
	at java.base/java.util.concurrent.ForkJoinPool.runWorker(ForkJoinPool.java:1598)
	at java.base/java.util.concurrent.ForkJoinWorkerThread.run(ForkJoinWorkerThread.java:177)
java.lang.InstantiationException
	at java.base/jdk.internal.reflect.InstantiationExceptionConstructorAccessorImpl.newInstance(InstantiationExceptionConstructorAccessorImpl.java:48)
	at java.base/java.lang.reflect.Constructor.newInstanceWithCaller(Constructor.java:500)
	at java.base/java.lang.reflect.Constructor.newInstance(Constructor.java:481)
	at com.shaw.mock.builder.MockBuilder.build(MockBuilder.java:41)
	at com.shaw.mock.builder.MockBuilder.setMockValue(MockBuilder.java:86)
	at com.shaw.mock.builder.MockBuilder.lambda$build$3(MockBuilder.java:42)
	at java.base/java.util.stream.ForEachOps$ForEachOp$OfRef.accept(ForEachOps.java:183)
	at java.base/java.util.ArrayList$ArrayListSpliterator.forEachRemaining(ArrayList.java:1624)
	at java.base/java.util.stream.AbstractPipeline.copyInto(AbstractPipeline.java:484)
	at java.base/java.util.stream.ForEachOps$ForEachTask.compute(ForEachOps.java:290)
	at java.base/java.util.concurrent.CountedCompleter.exec(CountedCompleter.java:746)
	at java.base/java.util.concurrent.ForkJoinTask.doExec(ForkJoinTask.java:290)
	at java.base/java.util.concurrent.ForkJoinPool.awaitJoin(ForkJoinPool.java:1717)
	at java.base/java.util.concurrent.ForkJoinTask.doInvoke(ForkJoinTask.java:411)
	at java.base/java.util.concurrent.ForkJoinTask.invoke(ForkJoinTask.java:736)
	at java.base/java.util.stream.ForEachOps$ForEachOp.evaluateParallel(ForEachOps.java:159)
	at java.base/java.util.stream.ForEachOps$ForEachOp$OfRef.evaluateParallel(ForEachOps.java:173)
	at java.base/java.util.stream.AbstractPipeline.evaluate(AbstractPipeline.java:233)
	at java.base/java.util.stream.ReferencePipeline.forEach(ReferencePipeline.java:497)
	at java.base/java.util.stream.ReferencePipeline$Head.forEach(ReferencePipeline.java:661)
	at com.shaw.mock.builder.MockBuilder.build(MockBuilder.java:42)
	at com.shaw.mock.builder.MockBuilder.setMockValue(MockBuilder.java:86)
	at com.shaw.mock.builder.MockBuilder.lambda$build$3(MockBuilder.java:42)
	at java.base/java.util.stream.ForEachOps$ForEachOp$OfRef.accept(ForEachOps.java:183)
	at java.base/java.util.ArrayList$ArrayListSpliterator.forEachRemaining(ArrayList.java:1624)
	at java.base/java.util.stream.AbstractPipeline.copyInto(AbstractPipeline.java:484)
	at java.base/java.util.stream.ForEachOps$ForEachTask.compute(ForEachOps.java:290)
	at java.base/java.util.concurrent.CountedCompleter.exec(CountedCompleter.java:746)
	at java.base/java.util.concurrent.ForkJoinTask.doExec(ForkJoinTask.java:290)
	at java.base/java.util.concurrent.ForkJoinPool$WorkQueue.topLevelExec(ForkJoinPool.java:1016)
	at java.base/java.util.concurrent.ForkJoinPool.scan(ForkJoinPool.java:1665)
	at java.base/java.util.concurrent.ForkJoinPool.runWorker(ForkJoinPool.java:1598)
	at java.base/java.util.concurrent.ForkJoinWorkerThread.run(ForkJoinWorkerThread.java:177)
java.lang.InstantiationException
	at java.base/jdk.internal.reflect.InstantiationExceptionConstructorAccessorImpl.newInstance(InstantiationExceptionConstructorAccessorImpl.java:48)
	at java.base/java.lang.reflect.Constructor.newInstanceWithCaller(Constructor.java:500)
	at java.base/java.lang.reflect.Constructor.newInstance(Constructor.java:481)
	at com.shaw.mock.builder.MockBuilder.build(MockBuilder.java:41)
	at com.shaw.mock.builder.MockBuilder.setMockValue(MockBuilder.java:86)
	at com.shaw.mock.builder.MockBuilder.lambda$build$3(MockBuilder.java:42)
	at java.base/java.util.stream.ForEachOps$ForEachOp$OfRef.accept(ForEachOps.java:183)
	at java.base/java.util.ArrayList$ArrayListSpliterator.forEachRemaining(ArrayList.java:1624)
	at java.base/java.util.stream.AbstractPipeline.copyInto(AbstractPipeline.java:484)
	at java.base/java.util.stream.ForEachOps$ForEachTask.compute(ForEachOps.java:290)
	at java.base/java.util.concurrent.CountedCompleter.exec(CountedCompleter.java:746)
	at java.base/java.util.concurrent.ForkJoinTask.doExec(ForkJoinTask.java:290)
	at java.base/java.util.concurrent.ForkJoinPool$WorkQueue.topLevelExec(ForkJoinPool.java:1016)
	at java.base/java.util.concurrent.ForkJoinPool.scan(ForkJoinPool.java:1665)
	at java.base/java.util.concurrent.ForkJoinPool.runWorker(ForkJoinPool.java:1598)
	at java.base/java.util.concurrent.ForkJoinWorkerThread.run(ForkJoinWorkerThread.java:177)
java.lang.InstantiationException
	at java.base/jdk.internal.reflect.InstantiationExceptionConstructorAccessorImpl.newInstance(InstantiationExceptionConstructorAccessorImpl.java:48)
	at java.base/java.lang.reflect.Constructor.newInstanceWithCaller(Constructor.java:500)
	at java.base/java.lang.reflect.Constructor.newInstance(Constructor.java:481)
	at com.shaw.mock.builder.MockBuilder.build(MockBuilder.java:41)
	at com.shaw.mock.builder.MockBuilder.setMockValue(MockBuilder.java:86)
	at com.shaw.mock.builder.MockBuilder.lambda$build$3(MockBuilder.java:42)
	at java.base/java.util.stream.ForEachOps$ForEachOp$OfRef.accept(ForEachOps.java:183)
	at java.base/java.util.ArrayList$ArrayListSpliterator.forEachRemaining(ArrayList.java:1624)
	at java.base/java.util.stream.AbstractPipeline.copyInto(AbstractPipeline.java:484)
	at java.base/java.util.stream.ForEachOps$ForEachTask.compute(ForEachOps.java:290)
	at java.base/java.util.concurrent.CountedCompleter.exec(CountedCompleter.java:746)
	at java.base/java.util.concurrent.ForkJoinTask.doExec(ForkJoinTask.java:290)
	at java.base/java.util.concurrent.ForkJoinPool$WorkQueue.topLevelExec(ForkJoinPool.java:1016)
	at java.base/java.util.concurrent.ForkJoinPool.scan(ForkJoinPool.java:1665)
	at java.base/java.util.concurrent.ForkJoinPool.runWorker(ForkJoinPool.java:1598)
	at java.base/java.util.concurrent.ForkJoinWorkerThread.run(ForkJoinWorkerThread.java:177)
java.lang.InstantiationException
	at java.base/jdk.internal.reflect.InstantiationExceptionConstructorAccessorImpl.newInstance(InstantiationExceptionConstructorAccessorImpl.java:48)
	at java.base/java.lang.reflect.Constructor.newInstanceWithCaller(Constructor.java:500)
	at java.base/java.lang.reflect.Constructor.newInstance(Constructor.java:481)
	at com.shaw.mock.builder.MockBuilder.build(MockBuilder.java:41)
	at com.shaw.mock.builder.MockBuilder.setMockValue(MockBuilder.java:86)
	at com.shaw.mock.builder.MockBuilder.lambda$build$3(MockBuilder.java:42)
	at java.base/java.util.stream.ForEachOps$ForEachOp$OfRef.accept(ForEachOps.java:183)
	at java.base/java.util.ArrayList$ArrayListSpliterator.forEachRemaining(ArrayList.java:1624)
	at java.base/java.util.stream.AbstractPipeline.copyInto(AbstractPipeline.java:484)
	at java.base/java.util.stream.ForEachOps$ForEachTask.compute(ForEachOps.java:290)
	at java.base/java.util.concurrent.CountedCompleter.exec(CountedCompleter.java:746)
	at java.base/java.util.concurrent.ForkJoinTask.doExec(ForkJoinTask.java:290)
	at java.base/java.util.concurrent.ForkJoinPool$WorkQueue.topLevelExec(ForkJoinPool.java:1016)
	at java.base/java.util.concurrent.ForkJoinPool.scan(ForkJoinPool.java:1665)
	at java.base/java.util.concurrent.ForkJoinPool.runWorker(ForkJoinPool.java:1598)
	at java.base/java.util.concurrent.ForkJoinWorkerThread.run(ForkJoinWorkerThread.java:177)
java.lang.InstantiationException
	at java.base/jdk.internal.reflect.InstantiationExceptionConstructorAccessorImpl.newInstance(InstantiationExceptionConstructorAccessorImpl.java:48)
	at java.base/java.lang.reflect.Constructor.newInstanceWithCaller(Constructor.java:500)
	at java.base/java.lang.reflect.Constructor.newInstance(Constructor.java:481)
	at com.shaw.mock.builder.MockBuilder.build(MockBuilder.java:41)
	at com.shaw.mock.builder.MockBuilder.setMockValue(MockBuilder.java:86)
	at com.shaw.mock.builder.MockBuilder.lambda$build$3(MockBuilder.java:42)
	at java.base/java.util.stream.ForEachOps$ForEachOp$OfRef.accept(ForEachOps.java:183)
	at java.base/java.util.ArrayList$ArrayListSpliterator.forEachRemaining(ArrayList.java:1624)
	at java.base/java.util.stream.AbstractPipeline.copyInto(AbstractPipeline.java:484)
	at java.base/java.util.stream.ForEachOps$ForEachTask.compute(ForEachOps.java:290)
	at java.base/java.util.concurrent.CountedCompleter.exec(CountedCompleter.java:746)
	at java.base/java.util.concurrent.ForkJoinTask.doExec(ForkJoinTask.java:290)
	at java.base/java.util.concurrent.ForkJoinPool$WorkQueue.topLevelExec(ForkJoinPool.java:1016)
	at java.base/java.util.concurrent.ForkJoinPool.scan(ForkJoinPool.java:1665)
	at java.base/java.util.concurrent.ForkJoinPool.runWorker(ForkJoinPool.java:1598)
	at java.base/java.util.concurrent.ForkJoinWorkerThread.run(ForkJoinWorkerThread.java:177)
java.lang.InstantiationException
	at java.base/jdk.internal.reflect.InstantiationExceptionConstructorAccessorImpl.newInstance(InstantiationExceptionConstructorAccessorImpl.java:48)
	at java.base/java.lang.reflect.Constructor.newInstanceWithCaller(Constructor.java:500)
	at java.base/java.lang.reflect.Constructor.newInstance(Constructor.java:481)
	at com.shaw.mock.builder.MockBuilder.build(MockBuilder.java:41)
	at com.shaw.mock.builder.MockBuilder.setMockValue(MockBuilder.java:86)
	at com.shaw.mock.builder.MockBuilder.lambda$build$3(MockBuilder.java:42)
	at java.base/java.util.stream.ForEachOps$ForEachOp$OfRef.accept(ForEachOps.java:183)
	at java.base/java.util.ArrayList$ArrayListSpliterator.forEachRemaining(ArrayList.java:1624)
	at java.base/java.util.stream.AbstractPipeline.copyInto(AbstractPipeline.java:484)
	at java.base/java.util.stream.ForEachOps$ForEachTask.compute(ForEachOps.java:290)
	at java.base/java.util.concurrent.CountedCompleter.exec(CountedCompleter.java:746)
	at java.base/java.util.concurrent.ForkJoinTask.doExec(ForkJoinTask.java:290)
	at java.base/java.util.concurrent.ForkJoinPool$WorkQueue.topLevelExec(ForkJoinPool.java:1016)
	at java.base/java.util.concurrent.ForkJoinPool.scan(ForkJoinPool.java:1665)
	at java.base/java.util.concurrent.ForkJoinPool.runWorker(ForkJoinPool.java:1598)
	at java.base/java.util.concurrent.ForkJoinWorkerThread.run(ForkJoinWorkerThread.java:177)
java.lang.InstantiationException
	at java.base/jdk.internal.reflect.InstantiationExceptionConstructorAccessorImpl.newInstance(InstantiationExceptionConstructorAccessorImpl.java:48)
	at java.base/java.lang.reflect.Constructor.newInstanceWithCaller(Constructor.java:500)
	at java.base/java.lang.reflect.Constructor.newInstance(Constructor.java:481)
	at com.shaw.mock.builder.MockBuilder.build(MockBuilder.java:41)
	at com.shaw.mock.builder.MockBuilder.setMockValue(MockBuilder.java:86)
	at com.shaw.mock.builder.MockBuilder.lambda$build$3(MockBuilder.java:42)
	at java.base/java.util.stream.ForEachOps$ForEachOp$OfRef.accept(ForEachOps.java:183)
	at java.base/java.util.ArrayList$ArrayListSpliterator.forEachRemaining(ArrayList.java:1624)
	at java.base/java.util.stream.AbstractPipeline.copyInto(AbstractPipeline.java:484)
	at java.base/java.util.stream.ForEachOps$ForEachTask.compute(ForEachOps.java:290)
	at java.base/java.util.concurrent.CountedCompleter.exec(CountedCompleter.java:746)
	at java.base/java.util.concurrent.ForkJoinTask.doExec(ForkJoinTask.java:290)
	at java.base/java.util.concurrent.ForkJoinPool.awaitJoin(ForkJoinPool.java:1717)
	at java.base/java.util.concurrent.ForkJoinTask.doInvoke(ForkJoinTask.java:411)
	at java.base/java.util.concurrent.ForkJoinTask.invoke(ForkJoinTask.java:736)
	at java.base/java.util.stream.ForEachOps$ForEachOp.evaluateParallel(ForEachOps.java:159)
	at java.base/java.util.stream.ForEachOps$ForEachOp$OfRef.evaluateParallel(ForEachOps.java:173)
	at java.base/java.util.stream.AbstractPipeline.evaluate(AbstractPipeline.java:233)
	at java.base/java.util.stream.ReferencePipeline.forEach(ReferencePipeline.java:497)
	at java.base/java.util.stream.ReferencePipeline$Head.forEach(ReferencePipeline.java:661)
	at com.shaw.mock.builder.MockBuilder.build(MockBuilder.java:42)
	at com.shaw.mock.builder.MockBuilder.setMockValue(MockBuilder.java:86)
	at com.shaw.mock.builder.MockBuilder.lambda$build$3(MockBuilder.java:42)
	at java.base/java.util.stream.ForEachOps$ForEachOp$OfRef.accept(ForEachOps.java:183)
	at java.base/java.util.ArrayList$ArrayListSpliterator.forEachRemaining(ArrayList.java:1624)
	at java.base/java.util.stream.AbstractPipeline.copyInto(AbstractPipeline.java:484)
	at java.base/java.util.stream.ForEachOps$ForEachTask.compute(ForEachOps.java:290)
	at java.base/java.util.concurrent.CountedCompleter.exec(CountedCompleter.java:746)
	at java.base/java.util.concurrent.ForkJoinTask.doExec(ForkJoinTask.java:290)
	at java.base/java.util.concurrent.ForkJoinPool$WorkQueue.topLevelExec(ForkJoinPool.java:1016)
	at java.base/java.util.concurrent.ForkJoinPool.scan(ForkJoinPool.java:1665)
	at java.base/java.util.concurrent.ForkJoinPool.runWorker(ForkJoinPool.java:1598)
	at java.base/java.util.concurrent.ForkJoinWorkerThread.run(ForkJoinWorkerThread.java:177)
java.lang.InstantiationException
	at java.base/jdk.internal.reflect.InstantiationExceptionConstructorAccessorImpl.newInstance(InstantiationExceptionConstructorAccessorImpl.java:48)
	at java.base/java.lang.reflect.Constructor.newInstanceWithCaller(Constructor.java:500)
	at java.base/java.lang.reflect.Constructor.newInstance(Constructor.java:481)
	at com.shaw.mock.builder.MockBuilder.build(MockBuilder.java:41)
	at com.shaw.mock.builder.MockBuilder.setMockValue(MockBuilder.java:86)
	at com.shaw.mock.builder.MockBuilder.lambda$build$3(MockBuilder.java:42)
	at java.base/java.util.stream.ForEachOps$ForEachOp$OfRef.accept(ForEachOps.java:183)
	at java.base/java.util.ArrayList$ArrayListSpliterator.forEachRemaining(ArrayList.java:1624)
	at java.base/java.util.stream.AbstractPipeline.copyInto(AbstractPipeline.java:484)
	at java.base/java.util.stream.ForEachOps$ForEachTask.compute(ForEachOps.java:290)
	at java.base/java.util.concurrent.CountedCompleter.exec(CountedCompleter.java:746)
	at java.base/java.util.concurrent.ForkJoinTask.doExec(ForkJoinTask.java:290)
	at java.base/java.util.concurrent.ForkJoinPool$WorkQueue.helpCC(ForkJoinPool.java:1116)
	at java.base/java.util.concurrent.ForkJoinPool.awaitJoin(ForkJoinPool.java:1696)
	at java.base/java.util.concurrent.ForkJoinTask.doInvoke(ForkJoinTask.java:411)
	at java.base/java.util.concurrent.ForkJoinTask.invoke(ForkJoinTask.java:736)
	at java.base/java.util.stream.ForEachOps$ForEachOp.evaluateParallel(ForEachOps.java:159)
	at java.base/java.util.stream.ForEachOps$ForEachOp$OfRef.evaluateParallel(ForEachOps.java:173)
	at java.base/java.util.stream.AbstractPipeline.evaluate(AbstractPipeline.java:233)
	at java.base/java.util.stream.ReferencePipeline.forEach(ReferencePipeline.java:497)
	at java.base/java.util.stream.ReferencePipeline$Head.forEach(ReferencePipeline.java:661)
	at com.shaw.mock.builder.MockBuilder.build(MockBuilder.java:42)
	at com.shaw.mock.builder.MockBuilder.setMockValue(MockBuilder.java:86)
	at com.shaw.mock.builder.MockBuilder.lambda$build$3(MockBuilder.java:42)
	at java.base/java.util.stream.ForEachOps$ForEachOp$OfRef.accept(ForEachOps.java:183)
	at java.base/java.util.ArrayList$ArrayListSpliterator.forEachRemaining(ArrayList.java:1624)
	at java.base/java.util.stream.AbstractPipeline.copyInto(AbstractPipeline.java:484)
	at java.base/java.util.stream.ForEachOps$ForEachTask.compute(ForEachOps.java:290)
	at java.base/java.util.concurrent.CountedCompleter.exec(CountedCompleter.java:746)
	at java.base/java.util.concurrent.ForkJoinTask.doExec(ForkJoinTask.java:290)
	at java.base/java.util.concurrent.ForkJoinPool$WorkQueue.topLevelExec(ForkJoinPool.java:1016)
	at java.base/java.util.concurrent.ForkJoinPool.scan(ForkJoinPool.java:1665)
	at java.base/java.util.concurrent.ForkJoinPool.runWorker(ForkJoinPool.java:1598)
	at java.base/java.util.concurrent.ForkJoinWorkerThread.run(ForkJoinWorkerThread.java:177)
java.lang.InstantiationException
	at java.base/jdk.internal.reflect.InstantiationExceptionConstructorAccessorImpl.newInstance(InstantiationExceptionConstructorAccessorImpl.java:48)
	at java.base/java.lang.reflect.Constructor.newInstanceWithCaller(Constructor.java:500)
	at java.base/java.lang.reflect.Constructor.newInstance(Constructor.java:481)
	at com.shaw.mock.builder.MockBuilder.build(MockBuilder.java:41)
	at com.shaw.mock.builder.MockBuilder.setMockValue(MockBuilder.java:86)
	at com.shaw.mock.builder.MockBuilder.lambda$build$3(MockBuilder.java:42)
	at java.base/java.util.stream.ForEachOps$ForEachOp$OfRef.accept(ForEachOps.java:183)
	at java.base/java.util.ArrayList$ArrayListSpliterator.forEachRemaining(ArrayList.java:1624)
	at java.base/java.util.stream.AbstractPipeline.copyInto(AbstractPipeline.java:484)
	at java.base/java.util.stream.ForEachOps$ForEachTask.compute(ForEachOps.java:290)
	at java.base/java.util.concurrent.CountedCompleter.exec(CountedCompleter.java:746)
	at java.base/java.util.concurrent.ForkJoinTask.doExec(ForkJoinTask.java:290)
	at java.base/java.util.concurrent.ForkJoinPool$WorkQueue.helpCC(ForkJoinPool.java:1116)
	at java.base/java.util.concurrent.ForkJoinPool.awaitJoin(ForkJoinPool.java:1696)
	at java.base/java.util.concurrent.ForkJoinTask.doInvoke(ForkJoinTask.java:411)
	at java.base/java.util.concurrent.ForkJoinTask.invoke(ForkJoinTask.java:736)
	at java.base/java.util.stream.ForEachOps$ForEachOp.evaluateParallel(ForEachOps.java:159)
	at java.base/java.util.stream.ForEachOps$ForEachOp$OfRef.evaluateParallel(ForEachOps.java:173)
	at java.base/java.util.stream.AbstractPipeline.evaluate(AbstractPipeline.java:233)
	at java.base/java.util.stream.ReferencePipeline.forEach(ReferencePipeline.java:497)
	at java.base/java.util.stream.ReferencePipeline$Head.forEach(ReferencePipeline.java:661)
	at com.shaw.mock.builder.MockBuilder.build(MockBuilder.java:42)
	at com.shaw.mock.builder.MockBuilder.setMockValue(MockBuilder.java:86)
	at com.shaw.mock.builder.MockBuilder.lambda$build$3(MockBuilder.java:42)
	at java.base/java.util.stream.ForEachOps$ForEachOp$OfRef.accept(ForEachOps.java:183)
	at java.base/java.util.ArrayList$ArrayListSpliterator.forEachRemaining(ArrayList.java:1624)
	at java.base/java.util.stream.AbstractPipeline.copyInto(AbstractPipeline.java:484)
	at java.base/java.util.stream.ForEachOps$ForEachTask.compute(ForEachOps.java:290)
	at java.base/java.util.concurrent.CountedCompleter.exec(CountedCompleter.java:746)
	at java.base/java.util.concurrent.ForkJoinTask.doExec(ForkJoinTask.java:290)
	at java.base/java.util.concurrent.ForkJoinPool$WorkQueue.topLevelExec(ForkJoinPool.java:1016)
	at java.base/java.util.concurrent.ForkJoinPool.scan(ForkJoinPool.java:1665)
	at java.base/java.util.concurrent.ForkJoinPool.runWorker(ForkJoinPool.java:1598)
	at java.base/java.util.concurrent.ForkJoinWorkerThread.run(ForkJoinWorkerThread.java:177)
java.lang.InstantiationException
	at java.base/jdk.internal.reflect.InstantiationExceptionConstructorAccessorImpl.newInstance(InstantiationExceptionConstructorAccessorImpl.java:48)
	at java.base/java.lang.reflect.Constructor.newInstanceWithCaller(Constructor.java:500)
	at java.base/java.lang.reflect.Constructor.newInstance(Constructor.java:481)
	at com.shaw.mock.builder.MockBuilder.build(MockBuilder.java:41)
	at com.shaw.mock.builder.MockBuilder.setMockValue(MockBuilder.java:86)
	at com.shaw.mock.builder.MockBuilder.lambda$build$3(MockBuilder.java:42)
	at java.base/java.util.stream.ForEachOps$ForEachOp$OfRef.accept(ForEachOps.java:183)
	at java.base/java.util.ArrayList$ArrayListSpliterator.forEachRemaining(ArrayList.java:1624)
	at java.base/java.util.stream.AbstractPipeline.copyInto(AbstractPipeline.java:484)
	at java.base/java.util.stream.ForEachOps$ForEachTask.compute(ForEachOps.java:290)
	at java.base/java.util.concurrent.CountedCompleter.exec(CountedCompleter.java:746)
	at java.base/java.util.concurrent.ForkJoinTask.doExec(ForkJoinTask.java:290)
	at java.base/java.util.concurrent.ForkJoinPool$WorkQueue.helpCC(ForkJoinPool.java:1116)
	at java.base/java.util.concurrent.ForkJoinPool.externalHelpComplete(ForkJoinPool.java:1966)
	at java.base/java.util.concurrent.ForkJoinTask.tryExternalHelp(ForkJoinTask.java:378)
	at java.base/java.util.concurrent.ForkJoinTask.externalAwaitDone(ForkJoinTask.java:323)
	at java.base/java.util.concurrent.ForkJoinTask.doInvoke(ForkJoinTask.java:412)
	at java.base/java.util.concurrent.ForkJoinTask.invoke(ForkJoinTask.java:736)
	at java.base/java.util.stream.ForEachOps$ForEachOp.evaluateParallel(ForEachOps.java:159)
	at java.base/java.util.stream.ForEachOps$ForEachOp$OfRef.evaluateParallel(ForEachOps.java:173)
	at java.base/java.util.stream.AbstractPipeline.evaluate(AbstractPipeline.java:233)
	at java.base/java.util.stream.ReferencePipeline.forEach(ReferencePipeline.java:497)
	at java.base/java.util.stream.ReferencePipeline$Head.forEach(ReferencePipeline.java:661)
	at com.shaw.mock.builder.MockBuilder.build(MockBuilder.java:42)
	at com.shaw.ediorderservices.helper.MockTest.<clinit>(MockTest.java:66)
	at java.base/jdk.internal.reflect.NativeConstructorAccessorImpl.newInstance0(Native Method)
	at java.base/jdk.internal.reflect.NativeConstructorAccessorImpl.newInstance(NativeConstructorAccessorImpl.java:62)
	at java.base/jdk.internal.reflect.DelegatingConstructorAccessorImpl.newInstance(DelegatingConstructorAccessorImpl.java:45)
	at java.base/java.lang.reflect.Constructor.newInstanceWithCaller(Constructor.java:500)
	at java.base/java.lang.reflect.Constructor.newInstance(Constructor.java:481)
	at org.junit.platform.commons.util.ReflectionUtils.newInstance(ReflectionUtils.java:500)
	at org.junit.jupiter.engine.execution.ConstructorInvocation.proceed(ConstructorInvocation.java:56)
	at org.junit.jupiter.engine.execution.InvocationInterceptorChain$ValidatingInvocation.proceed(InvocationInterceptorChain.java:125)
	at org.junit.jupiter.api.extension.InvocationInterceptor.interceptTestClassConstructor(InvocationInterceptor.java:69)
	at org.junit.jupiter.engine.execution.ExecutableInvoker.lambda$invoke$0(ExecutableInvoker.java:105)
	at org.junit.jupiter.engine.execution.InvocationInterceptorChain$InterceptedInvocation.proceed(InvocationInterceptorChain.java:104)
	at org.junit.jupiter.engine.execution.InvocationInterceptorChain.proceed(InvocationInterceptorChain.java:62)
	at org.junit.jupiter.engine.execution.InvocationInterceptorChain.chainAndInvoke(InvocationInterceptorChain.java:43)
	at org.junit.jupiter.engine.execution.InvocationInterceptorChain.invoke(InvocationInterceptorChain.java:35)
	at org.junit.jupiter.engine.execution.ExecutableInvoker.invoke(ExecutableInvoker.java:104)
	at org.junit.jupiter.engine.execution.ExecutableInvoker.invoke(ExecutableInvoker.java:77)
	at org.junit.jupiter.engine.descriptor.ClassBasedTestDescriptor.invokeTestClassConstructor(ClassBasedTestDescriptor.java:329)
	at org.junit.jupiter.engine.descriptor.ClassBasedTestDescriptor.instantiateTestClass(ClassBasedTestDescriptor.java:276)
	at org.junit.jupiter.engine.descriptor.ClassTestDescriptor.instantiateTestClass(ClassTestDescriptor.java:77)
	at org.junit.jupiter.engine.descriptor.ClassBasedTestDescriptor.instantiateAndPostProcessTestInstance(ClassBasedTestDescriptor.java:258)
	at org.junit.jupiter.engine.descriptor.ClassBasedTestDescriptor.lambda$testInstancesProvider$2(ClassBasedTestDescriptor.java:252)
	at java.base/java.util.Optional.orElseGet(Optional.java:362)
	at org.junit.jupiter.engine.descriptor.ClassBasedTestDescriptor.lambda$testInstancesProvider$3(ClassBasedTestDescriptor.java:251)
	at org.junit.jupiter.engine.execution.TestInstancesProvider.getTestInstances(TestInstancesProvider.java:29)
	at org.junit.jupiter.engine.descriptor.ClassBasedTestDescriptor.lambda$before$0(ClassBasedTestDescriptor.java:184)
	at org.junit.platform.engine.support.hierarchical.ThrowableCollector.execute(ThrowableCollector.java:73)
	at org.junit.jupiter.engine.descriptor.ClassBasedTestDescriptor.before(ClassBasedTestDescriptor.java:183)
	at org.junit.jupiter.engine.descriptor.ClassBasedTestDescriptor.before(ClassBasedTestDescriptor.java:77)
	at org.junit.platform.engine.support.hierarchical.NodeTestTask.lambda$executeRecursively$5(NodeTestTask.java:132)
	at org.junit.platform.engine.support.hierarchical.ThrowableCollector.execute(ThrowableCollector.java:73)
	at org.junit.platform.engine.support.hierarchical.NodeTestTask.lambda$executeRecursively$7(NodeTestTask.java:125)
	at org.junit.platform.engine.support.hierarchical.Node.around(Node.java:135)
	at org.junit.platform.engine.support.hierarchical.NodeTestTask.lambda$executeRecursively$8(NodeTestTask.java:123)
	at org.junit.platform.engine.support.hierarchical.ThrowableCollector.execute(ThrowableCollector.java:73)
	at org.junit.platform.engine.support.hierarchical.NodeTestTask.executeRecursively(NodeTestTask.java:122)
	at org.junit.platform.engine.support.hierarchical.NodeTestTask.execute(NodeTestTask.java:80)
	at java.base/java.util.ArrayList.forEach(ArrayList.java:1510)
	at org.junit.platform.engine.support.hierarchical.SameThreadHierarchicalTestExecutorService.invokeAll(SameThreadHierarchicalTestExecutorService.java:38)
	at org.junit.platform.engine.support.hierarchical.NodeTestTask.lambda$executeRecursively$5(NodeTestTask.java:139)
	at org.junit.platform.engine.support.hierarchical.ThrowableCollector.execute(ThrowableCollector.java:73)
	at org.junit.platform.engine.support.hierarchical.NodeTestTask.lambda$executeRecursively$7(NodeTestTask.java:125)
	at org.junit.platform.engine.support.hierarchical.Node.around(Node.java:135)
	at org.junit.platform.engine.support.hierarchical.NodeTestTask.lambda$executeRecursively$8(NodeTestTask.java:123)
	at org.junit.platform.engine.support.hierarchical.ThrowableCollector.execute(ThrowableCollector.java:73)
	at org.junit.platform.engine.support.hierarchical.NodeTestTask.executeRecursively(NodeTestTask.java:122)
	at org.junit.platform.engine.support.hierarchical.NodeTestTask.execute(NodeTestTask.java:80)
	at org.junit.platform.engine.support.hierarchical.SameThreadHierarchicalTestExecutorService.submit(SameThreadHierarchicalTestExecutorService.java:32)
	at org.junit.platform.engine.support.hierarchical.HierarchicalTestExecutor.execute(HierarchicalTestExecutor.java:57)
	at org.junit.platform.engine.support.hierarchical.HierarchicalTestEngine.execute(HierarchicalTestEngine.java:51)
	at org.junit.platform.launcher.core.DefaultLauncher.execute(DefaultLauncher.java:220)
	at org.junit.platform.launcher.core.DefaultLauncher.lambda$execute$6(DefaultLauncher.java:188)
	at org.junit.platform.launcher.core.DefaultLauncher.withInterceptedStreams(DefaultLauncher.java:202)
	at org.junit.platform.launcher.core.DefaultLauncher.execute(DefaultLauncher.java:181)
	at org.junit.platform.launcher.core.DefaultLauncher.execute(DefaultLauncher.java:128)
	at org.apache.maven.surefire.junitplatform.JUnitPlatformProvider.invokeAllTests(JUnitPlatformProvider.java:150)
	at org.apache.maven.surefire.junitplatform.JUnitPlatformProvider.invoke(JUnitPlatformProvider.java:124)
	at org.apache.maven.surefire.booter.ForkedBooter.invokeProviderInSameClassLoader(ForkedBooter.java:384)
	at org.apache.maven.surefire.booter.ForkedBooter.runSuitesInProcess(ForkedBooter.java:345)
	at org.apache.maven.surefire.booter.ForkedBooter.execute(ForkedBooter.java:126)
	at org.apache.maven.surefire.booter.ForkedBooter.main(ForkedBooter.java:418)
]]></system-err>
  </testcase>
</testsuite>