<?xml version="1.0" encoding="UTF-8"?>
<testsuite xmlns:xsi="http://www.w3.org/2001/XMLSchema-instance" xsi:noNamespaceSchemaLocation="https://maven.apache.org/surefire/maven-surefire-plugin/xsd/surefire-test-report.xsd" name="com.shaw.ediorderservices.service.legacy.LegacyServiceTest" time="0.495" tests="3" errors="2" skipped="0" failures="0">
  <properties>
    <property name="java.specification.version" value="14"/>
    <property name="sun.jnu.encoding" value="UTF-8"/>
    <property name="java.class.path" value="/Users/waaronwaddell/Documents/GitHub/Public/EDI/EDI-Public/target/test-classes:/Users/waaronwaddell/Documents/GitHub/Public/EDI/EDI-Public/target/classes:/Users/waaronwaddell/.m2/repository/com/shaw/mock/mock-builder/0.0.1-SNAPSHOT/mock-builder-0.0.1-SNAPSHOT.jar:/Users/waaronwaddell/.m2/repository/javax/persistence/javax.persistence-api/2.2/javax.persistence-api-2.2.jar:/Users/waaronwaddell/.m2/repository/org/apache/logging/log4j/log4j-core/2.12.1/log4j-core-2.12.1.jar:/Users/waaronwaddell/.m2/repository/org/apache/logging/log4j/log4j-api/2.12.1/log4j-api-2.12.1.jar:/Users/waaronwaddell/.m2/repository/org/springframework/boot/spring-boot-starter-data-jpa/2.2.6.RELEASE/spring-boot-starter-data-jpa-2.2.6.RELEASE.jar:/Users/waaronwaddell/.m2/repository/org/springframework/boot/spring-boot-starter-aop/2.2.6.RELEASE/spring-boot-starter-aop-2.2.6.RELEASE.jar:/Users/waaronwaddell/.m2/repository/org/springframework/spring-aop/5.2.5.RELEASE/spring-aop-5.2.5.RELEASE.jar:/Users/waaronwaddell/.m2/repository/org/aspectj/aspectjweaver/1.9.5/aspectjweaver-1.9.5.jar:/Users/waaronwaddell/.m2/repository/org/springframework/boot/spring-boot-starter-jdbc/2.2.6.RELEASE/spring-boot-starter-jdbc-2.2.6.RELEASE.jar:/Users/waaronwaddell/.m2/repository/com/zaxxer/HikariCP/3.4.2/HikariCP-3.4.2.jar:/Users/waaronwaddell/.m2/repository/org/springframework/spring-jdbc/5.2.5.RELEASE/spring-jdbc-5.2.5.RELEASE.jar:/Users/waaronwaddell/.m2/repository/jakarta/activation/jakarta.activation-api/1.2.2/jakarta.activation-api-1.2.2.jar:/Users/waaronwaddell/.m2/repository/jakarta/persistence/jakarta.persistence-api/2.2.3/jakarta.persistence-api-2.2.3.jar:/Users/waaronwaddell/.m2/repository/jakarta/transaction/jakarta.transaction-api/1.3.3/jakarta.transaction-api-1.3.3.jar:/Users/waaronwaddell/.m2/repository/org/hibernate/hibernate-core/5.4.12.Final/hibernate-core-5.4.12.Final.jar:/Users/waaronwaddell/.m2/repository/org/javassist/javassist/3.24.0-GA/javassist-3.24.0-GA.jar:/Users/waaronwaddell/.m2/repository/net/bytebuddy/byte-buddy/1.10.8/byte-buddy-1.10.8.jar:/Users/waaronwaddell/.m2/repository/antlr/antlr/2.7.7/antlr-2.7.7.jar:/Users/waaronwaddell/.m2/repository/org/jboss/jandex/2.1.1.Final/jandex-2.1.1.Final.jar:/Users/waaronwaddell/.m2/repository/org/dom4j/dom4j/2.1.1/dom4j-2.1.1.jar:/Users/waaronwaddell/.m2/repository/org/hibernate/common/hibernate-commons-annotations/5.1.0.Final/hibernate-commons-annotations-5.1.0.Final.jar:/Users/waaronwaddell/.m2/repository/org/glassfish/jaxb/jaxb-runtime/2.3.2/jaxb-runtime-2.3.2.jar:/Users/waaronwaddell/.m2/repository/org/glassfish/jaxb/txw2/2.3.2/txw2-2.3.2.jar:/Users/waaronwaddell/.m2/repository/com/sun/istack/istack-commons-runtime/3.0.8/istack-commons-runtime-3.0.8.jar:/Users/waaronwaddell/.m2/repository/org/jvnet/staxex/stax-ex/1.8.1/stax-ex-1.8.1.jar:/Users/waaronwaddell/.m2/repository/com/sun/xml/fastinfoset/FastInfoset/1.2.16/FastInfoset-1.2.16.jar:/Users/waaronwaddell/.m2/repository/org/springframework/data/spring-data-jpa/2.2.6.RELEASE/spring-data-jpa-2.2.6.RELEASE.jar:/Users/waaronwaddell/.m2/repository/org/springframework/data/spring-data-commons/2.2.6.RELEASE/spring-data-commons-2.2.6.RELEASE.jar:/Users/waaronwaddell/.m2/repository/org/springframework/spring-orm/5.2.5.RELEASE/spring-orm-5.2.5.RELEASE.jar:/Users/waaronwaddell/.m2/repository/org/springframework/spring-context/5.2.5.RELEASE/spring-context-5.2.5.RELEASE.jar:/Users/waaronwaddell/.m2/repository/org/springframework/spring-tx/5.2.5.RELEASE/spring-tx-5.2.5.RELEASE.jar:/Users/waaronwaddell/.m2/repository/org/springframework/spring-beans/5.2.5.RELEASE/spring-beans-5.2.5.RELEASE.jar:/Users/waaronwaddell/.m2/repository/org/springframework/spring-aspects/5.2.5.RELEASE/spring-aspects-5.2.5.RELEASE.jar:/Users/waaronwaddell/.m2/repository/org/springframework/boot/spring-boot-starter-web/2.2.6.RELEASE/spring-boot-starter-web-2.2.6.RELEASE.jar:/Users/waaronwaddell/.m2/repository/org/springframework/boot/spring-boot-starter/2.2.6.RELEASE/spring-boot-starter-2.2.6.RELEASE.jar:/Users/waaronwaddell/.m2/repository/org/springframework/boot/spring-boot/2.2.6.RELEASE/spring-boot-2.2.6.RELEASE.jar:/Users/waaronwaddell/.m2/repository/org/springframework/boot/spring-boot-autoconfigure/2.2.6.RELEASE/spring-boot-autoconfigure-2.2.6.RELEASE.jar:/Users/waaronwaddell/.m2/repository/org/springframework/boot/spring-boot-starter-logging/2.2.6.RELEASE/spring-boot-starter-logging-2.2.6.RELEASE.jar:/Users/waaronwaddell/.m2/repository/ch/qos/logback/logback-classic/1.2.3/logback-classic-1.2.3.jar:/Users/waaronwaddell/.m2/repository/ch/qos/logback/logback-core/1.2.3/logback-core-1.2.3.jar:/Users/waaronwaddell/.m2/repository/org/apache/logging/log4j/log4j-to-slf4j/2.12.1/log4j-to-slf4j-2.12.1.jar:/Users/waaronwaddell/.m2/repository/org/slf4j/jul-to-slf4j/1.7.30/jul-to-slf4j-1.7.30.jar:/Users/waaronwaddell/.m2/repository/jakarta/annotation/jakarta.annotation-api/1.3.5/jakarta.annotation-api-1.3.5.jar:/Users/waaronwaddell/.m2/repository/org/yaml/snakeyaml/1.25/snakeyaml-1.25.jar:/Users/waaronwaddell/.m2/repository/org/springframework/boot/spring-boot-starter-json/2.2.6.RELEASE/spring-boot-starter-json-2.2.6.RELEASE.jar:/Users/waaronwaddell/.m2/repository/com/fasterxml/jackson/core/jackson-databind/2.10.3/jackson-databind-2.10.3.jar:/Users/waaronwaddell/.m2/repository/com/fasterxml/jackson/core/jackson-core/2.10.3/jackson-core-2.10.3.jar:/Users/waaronwaddell/.m2/repository/com/fasterxml/jackson/datatype/jackson-datatype-jdk8/2.10.3/jackson-datatype-jdk8-2.10.3.jar:/Users/waaronwaddell/.m2/repository/com/fasterxml/jackson/datatype/jackson-datatype-jsr310/2.10.3/jackson-datatype-jsr310-2.10.3.jar:/Users/waaronwaddell/.m2/repository/com/fasterxml/jackson/module/jackson-module-parameter-names/2.10.3/jackson-module-parameter-names-2.10.3.jar:/Users/waaronwaddell/.m2/repository/org/springframework/boot/spring-boot-starter-tomcat/2.2.6.RELEASE/spring-boot-starter-tomcat-2.2.6.RELEASE.jar:/Users/waaronwaddell/.m2/repository/org/apache/tomcat/embed/tomcat-embed-core/9.0.33/tomcat-embed-core-9.0.33.jar:/Users/waaronwaddell/.m2/repository/org/apache/tomcat/embed/tomcat-embed-el/9.0.33/tomcat-embed-el-9.0.33.jar:/Users/waaronwaddell/.m2/repository/org/apache/tomcat/embed/tomcat-embed-websocket/9.0.33/tomcat-embed-websocket-9.0.33.jar:/Users/waaronwaddell/.m2/repository/org/springframework/boot/spring-boot-starter-validation/2.2.6.RELEASE/spring-boot-starter-validation-2.2.6.RELEASE.jar:/Users/waaronwaddell/.m2/repository/jakarta/validation/jakarta.validation-api/2.0.2/jakarta.validation-api-2.0.2.jar:/Users/waaronwaddell/.m2/repository/org/hibernate/validator/hibernate-validator/6.0.18.Final/hibernate-validator-6.0.18.Final.jar:/Users/waaronwaddell/.m2/repository/org/springframework/spring-web/5.2.5.RELEASE/spring-web-5.2.5.RELEASE.jar:/Users/waaronwaddell/.m2/repository/org/springframework/spring-webmvc/5.2.5.RELEASE/spring-webmvc-5.2.5.RELEASE.jar:/Users/waaronwaddell/.m2/repository/org/springframework/spring-expression/5.2.5.RELEASE/spring-expression-5.2.5.RELEASE.jar:/Users/waaronwaddell/.m2/repository/com/google/collections/google-collections/1.0/google-collections-1.0.jar:/Users/waaronwaddell/.m2/repository/com/google/code/gson/gson/2.8.6/gson-2.8.6.jar:/Users/waaronwaddell/.m2/repository/org/apache/commons/commons-lang3/3.9/commons-lang3-3.9.jar:/Users/waaronwaddell/.m2/repository/org/mapstruct/mapstruct/1.3.1.Final/mapstruct-1.3.1.Final.jar:/Users/waaronwaddell/.m2/repository/com/h2database/h2/1.4.200/h2-1.4.200.jar:/Users/waaronwaddell/.m2/repository/com/microsoft/sqlserver/mssql-jdbc/7.4.1.jre8/mssql-jdbc-7.4.1.jre8.jar:/Users/waaronwaddell/.m2/repository/io/springfox/springfox-swagger2/2.9.2/springfox-swagger2-2.9.2.jar:/Users/waaronwaddell/.m2/repository/io/swagger/swagger-annotations/1.5.20/swagger-annotations-1.5.20.jar:/Users/waaronwaddell/.m2/repository/io/swagger/swagger-models/1.5.20/swagger-models-1.5.20.jar:/Users/waaronwaddell/.m2/repository/com/fasterxml/jackson/core/jackson-annotations/2.10.3/jackson-annotations-2.10.3.jar:/Users/waaronwaddell/.m2/repository/io/springfox/springfox-spi/2.9.2/springfox-spi-2.9.2.jar:/Users/waaronwaddell/.m2/repository/io/springfox/springfox-core/2.9.2/springfox-core-2.9.2.jar:/Users/waaronwaddell/.m2/repository/io/springfox/springfox-schema/2.9.2/springfox-schema-2.9.2.jar:/Users/waaronwaddell/.m2/repository/io/springfox/springfox-swagger-common/2.9.2/springfox-swagger-common-2.9.2.jar:/Users/waaronwaddell/.m2/repository/io/springfox/springfox-spring-web/2.9.2/springfox-spring-web-2.9.2.jar:/Users/waaronwaddell/.m2/repository/com/google/guava/guava/20.0/guava-20.0.jar:/Users/waaronwaddell/.m2/repository/com/fasterxml/classmate/1.5.1/classmate-1.5.1.jar:/Users/waaronwaddell/.m2/repository/org/slf4j/slf4j-api/1.7.30/slf4j-api-1.7.30.jar:/Users/waaronwaddell/.m2/repository/org/springframework/plugin/spring-plugin-core/1.2.0.RELEASE/spring-plugin-core-1.2.0.RELEASE.jar:/Users/waaronwaddell/.m2/repository/org/springframework/plugin/spring-plugin-metadata/1.2.0.RELEASE/spring-plugin-metadata-1.2.0.RELEASE.jar:/Users/waaronwaddell/.m2/repository/io/springfox/springfox-swagger-ui/2.9.2/springfox-swagger-ui-2.9.2.jar:/Users/waaronwaddell/.m2/repository/org/springframework/boot/spring-boot-starter-test/2.2.6.RELEASE/spring-boot-starter-test-2.2.6.RELEASE.jar:/Users/waaronwaddell/.m2/repository/org/springframework/boot/spring-boot-test/2.2.6.RELEASE/spring-boot-test-2.2.6.RELEASE.jar:/Users/waaronwaddell/.m2/repository/org/springframework/boot/spring-boot-test-autoconfigure/2.2.6.RELEASE/spring-boot-test-autoconfigure-2.2.6.RELEASE.jar:/Users/waaronwaddell/.m2/repository/com/jayway/jsonpath/json-path/2.4.0/json-path-2.4.0.jar:/Users/waaronwaddell/.m2/repository/net/minidev/json-smart/2.3/json-smart-2.3.jar:/Users/waaronwaddell/.m2/repository/net/minidev/accessors-smart/1.2/accessors-smart-1.2.jar:/Users/waaronwaddell/.m2/repository/org/ow2/asm/asm/5.0.4/asm-5.0.4.jar:/Users/waaronwaddell/.m2/repository/jakarta/xml/bind/jakarta.xml.bind-api/2.3.3/jakarta.xml.bind-api-2.3.3.jar:/Users/waaronwaddell/.m2/repository/org/junit/jupiter/junit-jupiter/5.5.2/junit-jupiter-5.5.2.jar:/Users/waaronwaddell/.m2/repository/org/junit/jupiter/junit-jupiter-api/5.5.2/junit-jupiter-api-5.5.2.jar:/Users/waaronwaddell/.m2/repository/org/apiguardian/apiguardian-api/1.1.0/apiguardian-api-1.1.0.jar:/Users/waaronwaddell/.m2/repository/org/opentest4j/opentest4j/1.2.0/opentest4j-1.2.0.jar:/Users/waaronwaddell/.m2/repository/org/junit/platform/junit-platform-commons/1.5.2/junit-platform-commons-1.5.2.jar:/Users/waaronwaddell/.m2/repository/org/junit/jupiter/junit-jupiter-params/5.5.2/junit-jupiter-params-5.5.2.jar:/Users/waaronwaddell/.m2/repository/org/junit/jupiter/junit-jupiter-engine/5.5.2/junit-jupiter-engine-5.5.2.jar:/Users/waaronwaddell/.m2/repository/org/junit/platform/junit-platform-engine/1.5.2/junit-platform-engine-1.5.2.jar:/Users/waaronwaddell/.m2/repository/org/mockito/mockito-junit-jupiter/3.1.0/mockito-junit-jupiter-3.1.0.jar:/Users/waaronwaddell/.m2/repository/org/assertj/assertj-core/3.13.2/assertj-core-3.13.2.jar:/Users/waaronwaddell/.m2/repository/org/hamcrest/hamcrest/2.1/hamcrest-2.1.jar:/Users/waaronwaddell/.m2/repository/org/mockito/mockito-core/3.1.0/mockito-core-3.1.0.jar:/Users/waaronwaddell/.m2/repository/net/bytebuddy/byte-buddy-agent/1.10.8/byte-buddy-agent-1.10.8.jar:/Users/waaronwaddell/.m2/repository/org/objenesis/objenesis/2.6/objenesis-2.6.jar:/Users/waaronwaddell/.m2/repository/org/skyscreamer/jsonassert/1.5.0/jsonassert-1.5.0.jar:/Users/waaronwaddell/.m2/repository/com/vaadin/external/google/android-json/0.0.20131108.vaadin1/android-json-0.0.20131108.vaadin1.jar:/Users/waaronwaddell/.m2/repository/org/springframework/spring-core/5.2.5.RELEASE/spring-core-5.2.5.RELEASE.jar:/Users/waaronwaddell/.m2/repository/org/springframework/spring-jcl/5.2.5.RELEASE/spring-jcl-5.2.5.RELEASE.jar:/Users/waaronwaddell/.m2/repository/org/springframework/spring-test/5.2.5.RELEASE/spring-test-5.2.5.RELEASE.jar:/Users/waaronwaddell/.m2/repository/org/xmlunit/xmlunit-core/2.6.4/xmlunit-core-2.6.4.jar:/Users/waaronwaddell/.m2/repository/org/springframework/boot/spring-boot-configuration-processor/2.2.6.RELEASE/spring-boot-configuration-processor-2.2.6.RELEASE.jar:/Users/waaronwaddell/.m2/repository/org/hibernate/hibernate-ehcache/5.4.12.Final/hibernate-ehcache-5.4.12.Final.jar:/Users/waaronwaddell/.m2/repository/org/jboss/logging/jboss-logging/3.4.1.Final/jboss-logging-3.4.1.Final.jar:/Users/waaronwaddell/.m2/repository/net/sf/ehcache/ehcache/2.10.6/ehcache-2.10.6.jar:/Users/waaronwaddell/.m2/repository/commons-dbcp/commons-dbcp/1.4/commons-dbcp-1.4.jar:/Users/waaronwaddell/.m2/repository/commons-pool/commons-pool/1.6/commons-pool-1.6.jar:"/>
    <property name="java.vm.vendor" value="Oracle Corporation"/>
    <property name="sun.arch.data.model" value="64"/>
    <property name="java.vendor.url" value="https://java.oracle.com/"/>
    <property name="os.name" value="Mac OS X"/>
    <property name="java.vm.specification.version" value="14"/>
    <property name="sun.java.launcher" value="SUN_STANDARD"/>
    <property name="user.country" value="US"/>
    <property name="sun.boot.library.path" value="/Library/Java/JavaVirtualMachines/jdk-14.0.1.jdk/Contents/Home/lib"/>
    <property name="sun.java.command" value="/Users/waaronwaddell/Documents/GitHub/Public/EDI/EDI-Public/target/surefire/surefirebooter1067781378459841719.jar /Users/waaronwaddell/Documents/GitHub/Public/EDI/EDI-Public/target/surefire 2020-06-19T14-05-37_438-jvmRun1 surefire11253841964817327219tmp surefire_03139745139692005344tmp"/>
    <property name="http.nonProxyHosts" value="local|*.local|169.254/16|*.169.254/16"/>
    <property name="jdk.debug" value="release"/>
    <property name="surefire.test.class.path" value="/Users/waaronwaddell/Documents/GitHub/Public/EDI/EDI-Public/target/test-classes:/Users/waaronwaddell/Documents/GitHub/Public/EDI/EDI-Public/target/classes:/Users/waaronwaddell/.m2/repository/com/shaw/mock/mock-builder/0.0.1-SNAPSHOT/mock-builder-0.0.1-SNAPSHOT.jar:/Users/waaronwaddell/.m2/repository/javax/persistence/javax.persistence-api/2.2/javax.persistence-api-2.2.jar:/Users/waaronwaddell/.m2/repository/org/apache/logging/log4j/log4j-core/2.12.1/log4j-core-2.12.1.jar:/Users/waaronwaddell/.m2/repository/org/apache/logging/log4j/log4j-api/2.12.1/log4j-api-2.12.1.jar:/Users/waaronwaddell/.m2/repository/org/springframework/boot/spring-boot-starter-data-jpa/2.2.6.RELEASE/spring-boot-starter-data-jpa-2.2.6.RELEASE.jar:/Users/waaronwaddell/.m2/repository/org/springframework/boot/spring-boot-starter-aop/2.2.6.RELEASE/spring-boot-starter-aop-2.2.6.RELEASE.jar:/Users/waaronwaddell/.m2/repository/org/springframework/spring-aop/5.2.5.RELEASE/spring-aop-5.2.5.RELEASE.jar:/Users/waaronwaddell/.m2/repository/org/aspectj/aspectjweaver/1.9.5/aspectjweaver-1.9.5.jar:/Users/waaronwaddell/.m2/repository/org/springframework/boot/spring-boot-starter-jdbc/2.2.6.RELEASE/spring-boot-starter-jdbc-2.2.6.RELEASE.jar:/Users/waaronwaddell/.m2/repository/com/zaxxer/HikariCP/3.4.2/HikariCP-3.4.2.jar:/Users/waaronwaddell/.m2/repository/org/springframework/spring-jdbc/5.2.5.RELEASE/spring-jdbc-5.2.5.RELEASE.jar:/Users/waaronwaddell/.m2/repository/jakarta/activation/jakarta.activation-api/1.2.2/jakarta.activation-api-1.2.2.jar:/Users/waaronwaddell/.m2/repository/jakarta/persistence/jakarta.persistence-api/2.2.3/jakarta.persistence-api-2.2.3.jar:/Users/waaronwaddell/.m2/repository/jakarta/transaction/jakarta.transaction-api/1.3.3/jakarta.transaction-api-1.3.3.jar:/Users/waaronwaddell/.m2/repository/org/hibernate/hibernate-core/5.4.12.Final/hibernate-core-5.4.12.Final.jar:/Users/waaronwaddell/.m2/repository/org/javassist/javassist/3.24.0-GA/javassist-3.24.0-GA.jar:/Users/waaronwaddell/.m2/repository/net/bytebuddy/byte-buddy/1.10.8/byte-buddy-1.10.8.jar:/Users/waaronwaddell/.m2/repository/antlr/antlr/2.7.7/antlr-2.7.7.jar:/Users/waaronwaddell/.m2/repository/org/jboss/jandex/2.1.1.Final/jandex-2.1.1.Final.jar:/Users/waaronwaddell/.m2/repository/org/dom4j/dom4j/2.1.1/dom4j-2.1.1.jar:/Users/waaronwaddell/.m2/repository/org/hibernate/common/hibernate-commons-annotations/5.1.0.Final/hibernate-commons-annotations-5.1.0.Final.jar:/Users/waaronwaddell/.m2/repository/org/glassfish/jaxb/jaxb-runtime/2.3.2/jaxb-runtime-2.3.2.jar:/Users/waaronwaddell/.m2/repository/org/glassfish/jaxb/txw2/2.3.2/txw2-2.3.2.jar:/Users/waaronwaddell/.m2/repository/com/sun/istack/istack-commons-runtime/3.0.8/istack-commons-runtime-3.0.8.jar:/Users/waaronwaddell/.m2/repository/org/jvnet/staxex/stax-ex/1.8.1/stax-ex-1.8.1.jar:/Users/waaronwaddell/.m2/repository/com/sun/xml/fastinfoset/FastInfoset/1.2.16/FastInfoset-1.2.16.jar:/Users/waaronwaddell/.m2/repository/org/springframework/data/spring-data-jpa/2.2.6.RELEASE/spring-data-jpa-2.2.6.RELEASE.jar:/Users/waaronwaddell/.m2/repository/org/springframework/data/spring-data-commons/2.2.6.RELEASE/spring-data-commons-2.2.6.RELEASE.jar:/Users/waaronwaddell/.m2/repository/org/springframework/spring-orm/5.2.5.RELEASE/spring-orm-5.2.5.RELEASE.jar:/Users/waaronwaddell/.m2/repository/org/springframework/spring-context/5.2.5.RELEASE/spring-context-5.2.5.RELEASE.jar:/Users/waaronwaddell/.m2/repository/org/springframework/spring-tx/5.2.5.RELEASE/spring-tx-5.2.5.RELEASE.jar:/Users/waaronwaddell/.m2/repository/org/springframework/spring-beans/5.2.5.RELEASE/spring-beans-5.2.5.RELEASE.jar:/Users/waaronwaddell/.m2/repository/org/springframework/spring-aspects/5.2.5.RELEASE/spring-aspects-5.2.5.RELEASE.jar:/Users/waaronwaddell/.m2/repository/org/springframework/boot/spring-boot-starter-web/2.2.6.RELEASE/spring-boot-starter-web-2.2.6.RELEASE.jar:/Users/waaronwaddell/.m2/repository/org/springframework/boot/spring-boot-starter/2.2.6.RELEASE/spring-boot-starter-2.2.6.RELEASE.jar:/Users/waaronwaddell/.m2/repository/org/springframework/boot/spring-boot/2.2.6.RELEASE/spring-boot-2.2.6.RELEASE.jar:/Users/waaronwaddell/.m2/repository/org/springframework/boot/spring-boot-autoconfigure/2.2.6.RELEASE/spring-boot-autoconfigure-2.2.6.RELEASE.jar:/Users/waaronwaddell/.m2/repository/org/springframework/boot/spring-boot-starter-logging/2.2.6.RELEASE/spring-boot-starter-logging-2.2.6.RELEASE.jar:/Users/waaronwaddell/.m2/repository/ch/qos/logback/logback-classic/1.2.3/logback-classic-1.2.3.jar:/Users/waaronwaddell/.m2/repository/ch/qos/logback/logback-core/1.2.3/logback-core-1.2.3.jar:/Users/waaronwaddell/.m2/repository/org/apache/logging/log4j/log4j-to-slf4j/2.12.1/log4j-to-slf4j-2.12.1.jar:/Users/waaronwaddell/.m2/repository/org/slf4j/jul-to-slf4j/1.7.30/jul-to-slf4j-1.7.30.jar:/Users/waaronwaddell/.m2/repository/jakarta/annotation/jakarta.annotation-api/1.3.5/jakarta.annotation-api-1.3.5.jar:/Users/waaronwaddell/.m2/repository/org/yaml/snakeyaml/1.25/snakeyaml-1.25.jar:/Users/waaronwaddell/.m2/repository/org/springframework/boot/spring-boot-starter-json/2.2.6.RELEASE/spring-boot-starter-json-2.2.6.RELEASE.jar:/Users/waaronwaddell/.m2/repository/com/fasterxml/jackson/core/jackson-databind/2.10.3/jackson-databind-2.10.3.jar:/Users/waaronwaddell/.m2/repository/com/fasterxml/jackson/core/jackson-core/2.10.3/jackson-core-2.10.3.jar:/Users/waaronwaddell/.m2/repository/com/fasterxml/jackson/datatype/jackson-datatype-jdk8/2.10.3/jackson-datatype-jdk8-2.10.3.jar:/Users/waaronwaddell/.m2/repository/com/fasterxml/jackson/datatype/jackson-datatype-jsr310/2.10.3/jackson-datatype-jsr310-2.10.3.jar:/Users/waaronwaddell/.m2/repository/com/fasterxml/jackson/module/jackson-module-parameter-names/2.10.3/jackson-module-parameter-names-2.10.3.jar:/Users/waaronwaddell/.m2/repository/org/springframework/boot/spring-boot-starter-tomcat/2.2.6.RELEASE/spring-boot-starter-tomcat-2.2.6.RELEASE.jar:/Users/waaronwaddell/.m2/repository/org/apache/tomcat/embed/tomcat-embed-core/9.0.33/tomcat-embed-core-9.0.33.jar:/Users/waaronwaddell/.m2/repository/org/apache/tomcat/embed/tomcat-embed-el/9.0.33/tomcat-embed-el-9.0.33.jar:/Users/waaronwaddell/.m2/repository/org/apache/tomcat/embed/tomcat-embed-websocket/9.0.33/tomcat-embed-websocket-9.0.33.jar:/Users/waaronwaddell/.m2/repository/org/springframework/boot/spring-boot-starter-validation/2.2.6.RELEASE/spring-boot-starter-validation-2.2.6.RELEASE.jar:/Users/waaronwaddell/.m2/repository/jakarta/validation/jakarta.validation-api/2.0.2/jakarta.validation-api-2.0.2.jar:/Users/waaronwaddell/.m2/repository/org/hibernate/validator/hibernate-validator/6.0.18.Final/hibernate-validator-6.0.18.Final.jar:/Users/waaronwaddell/.m2/repository/org/springframework/spring-web/5.2.5.RELEASE/spring-web-5.2.5.RELEASE.jar:/Users/waaronwaddell/.m2/repository/org/springframework/spring-webmvc/5.2.5.RELEASE/spring-webmvc-5.2.5.RELEASE.jar:/Users/waaronwaddell/.m2/repository/org/springframework/spring-expression/5.2.5.RELEASE/spring-expression-5.2.5.RELEASE.jar:/Users/waaronwaddell/.m2/repository/com/google/collections/google-collections/1.0/google-collections-1.0.jar:/Users/waaronwaddell/.m2/repository/com/google/code/gson/gson/2.8.6/gson-2.8.6.jar:/Users/waaronwaddell/.m2/repository/org/apache/commons/commons-lang3/3.9/commons-lang3-3.9.jar:/Users/waaronwaddell/.m2/repository/org/mapstruct/mapstruct/1.3.1.Final/mapstruct-1.3.1.Final.jar:/Users/waaronwaddell/.m2/repository/com/h2database/h2/1.4.200/h2-1.4.200.jar:/Users/waaronwaddell/.m2/repository/com/microsoft/sqlserver/mssql-jdbc/7.4.1.jre8/mssql-jdbc-7.4.1.jre8.jar:/Users/waaronwaddell/.m2/repository/io/springfox/springfox-swagger2/2.9.2/springfox-swagger2-2.9.2.jar:/Users/waaronwaddell/.m2/repository/io/swagger/swagger-annotations/1.5.20/swagger-annotations-1.5.20.jar:/Users/waaronwaddell/.m2/repository/io/swagger/swagger-models/1.5.20/swagger-models-1.5.20.jar:/Users/waaronwaddell/.m2/repository/com/fasterxml/jackson/core/jackson-annotations/2.10.3/jackson-annotations-2.10.3.jar:/Users/waaronwaddell/.m2/repository/io/springfox/springfox-spi/2.9.2/springfox-spi-2.9.2.jar:/Users/waaronwaddell/.m2/repository/io/springfox/springfox-core/2.9.2/springfox-core-2.9.2.jar:/Users/waaronwaddell/.m2/repository/io/springfox/springfox-schema/2.9.2/springfox-schema-2.9.2.jar:/Users/waaronwaddell/.m2/repository/io/springfox/springfox-swagger-common/2.9.2/springfox-swagger-common-2.9.2.jar:/Users/waaronwaddell/.m2/repository/io/springfox/springfox-spring-web/2.9.2/springfox-spring-web-2.9.2.jar:/Users/waaronwaddell/.m2/repository/com/google/guava/guava/20.0/guava-20.0.jar:/Users/waaronwaddell/.m2/repository/com/fasterxml/classmate/1.5.1/classmate-1.5.1.jar:/Users/waaronwaddell/.m2/repository/org/slf4j/slf4j-api/1.7.30/slf4j-api-1.7.30.jar:/Users/waaronwaddell/.m2/repository/org/springframework/plugin/spring-plugin-core/1.2.0.RELEASE/spring-plugin-core-1.2.0.RELEASE.jar:/Users/waaronwaddell/.m2/repository/org/springframework/plugin/spring-plugin-metadata/1.2.0.RELEASE/spring-plugin-metadata-1.2.0.RELEASE.jar:/Users/waaronwaddell/.m2/repository/io/springfox/springfox-swagger-ui/2.9.2/springfox-swagger-ui-2.9.2.jar:/Users/waaronwaddell/.m2/repository/org/springframework/boot/spring-boot-starter-test/2.2.6.RELEASE/spring-boot-starter-test-2.2.6.RELEASE.jar:/Users/waaronwaddell/.m2/repository/org/springframework/boot/spring-boot-test/2.2.6.RELEASE/spring-boot-test-2.2.6.RELEASE.jar:/Users/waaronwaddell/.m2/repository/org/springframework/boot/spring-boot-test-autoconfigure/2.2.6.RELEASE/spring-boot-test-autoconfigure-2.2.6.RELEASE.jar:/Users/waaronwaddell/.m2/repository/com/jayway/jsonpath/json-path/2.4.0/json-path-2.4.0.jar:/Users/waaronwaddell/.m2/repository/net/minidev/json-smart/2.3/json-smart-2.3.jar:/Users/waaronwaddell/.m2/repository/net/minidev/accessors-smart/1.2/accessors-smart-1.2.jar:/Users/waaronwaddell/.m2/repository/org/ow2/asm/asm/5.0.4/asm-5.0.4.jar:/Users/waaronwaddell/.m2/repository/jakarta/xml/bind/jakarta.xml.bind-api/2.3.3/jakarta.xml.bind-api-2.3.3.jar:/Users/waaronwaddell/.m2/repository/org/junit/jupiter/junit-jupiter/5.5.2/junit-jupiter-5.5.2.jar:/Users/waaronwaddell/.m2/repository/org/junit/jupiter/junit-jupiter-api/5.5.2/junit-jupiter-api-5.5.2.jar:/Users/waaronwaddell/.m2/repository/org/apiguardian/apiguardian-api/1.1.0/apiguardian-api-1.1.0.jar:/Users/waaronwaddell/.m2/repository/org/opentest4j/opentest4j/1.2.0/opentest4j-1.2.0.jar:/Users/waaronwaddell/.m2/repository/org/junit/platform/junit-platform-commons/1.5.2/junit-platform-commons-1.5.2.jar:/Users/waaronwaddell/.m2/repository/org/junit/jupiter/junit-jupiter-params/5.5.2/junit-jupiter-params-5.5.2.jar:/Users/waaronwaddell/.m2/repository/org/junit/jupiter/junit-jupiter-engine/5.5.2/junit-jupiter-engine-5.5.2.jar:/Users/waaronwaddell/.m2/repository/org/junit/platform/junit-platform-engine/1.5.2/junit-platform-engine-1.5.2.jar:/Users/waaronwaddell/.m2/repository/org/mockito/mockito-junit-jupiter/3.1.0/mockito-junit-jupiter-3.1.0.jar:/Users/waaronwaddell/.m2/repository/org/assertj/assertj-core/3.13.2/assertj-core-3.13.2.jar:/Users/waaronwaddell/.m2/repository/org/hamcrest/hamcrest/2.1/hamcrest-2.1.jar:/Users/waaronwaddell/.m2/repository/org/mockito/mockito-core/3.1.0/mockito-core-3.1.0.jar:/Users/waaronwaddell/.m2/repository/net/bytebuddy/byte-buddy-agent/1.10.8/byte-buddy-agent-1.10.8.jar:/Users/waaronwaddell/.m2/repository/org/objenesis/objenesis/2.6/objenesis-2.6.jar:/Users/waaronwaddell/.m2/repository/org/skyscreamer/jsonassert/1.5.0/jsonassert-1.5.0.jar:/Users/waaronwaddell/.m2/repository/com/vaadin/external/google/android-json/0.0.20131108.vaadin1/android-json-0.0.20131108.vaadin1.jar:/Users/waaronwaddell/.m2/repository/org/springframework/spring-core/5.2.5.RELEASE/spring-core-5.2.5.RELEASE.jar:/Users/waaronwaddell/.m2/repository/org/springframework/spring-jcl/5.2.5.RELEASE/spring-jcl-5.2.5.RELEASE.jar:/Users/waaronwaddell/.m2/repository/org/springframework/spring-test/5.2.5.RELEASE/spring-test-5.2.5.RELEASE.jar:/Users/waaronwaddell/.m2/repository/org/xmlunit/xmlunit-core/2.6.4/xmlunit-core-2.6.4.jar:/Users/waaronwaddell/.m2/repository/org/springframework/boot/spring-boot-configuration-processor/2.2.6.RELEASE/spring-boot-configuration-processor-2.2.6.RELEASE.jar:/Users/waaronwaddell/.m2/repository/org/hibernate/hibernate-ehcache/5.4.12.Final/hibernate-ehcache-5.4.12.Final.jar:/Users/waaronwaddell/.m2/repository/org/jboss/logging/jboss-logging/3.4.1.Final/jboss-logging-3.4.1.Final.jar:/Users/waaronwaddell/.m2/repository/net/sf/ehcache/ehcache/2.10.6/ehcache-2.10.6.jar:/Users/waaronwaddell/.m2/repository/commons-dbcp/commons-dbcp/1.4/commons-dbcp-1.4.jar:/Users/waaronwaddell/.m2/repository/commons-pool/commons-pool/1.6/commons-pool-1.6.jar:"/>
    <property name="sun.cpu.endian" value="little"/>
    <property name="user.home" value="/Users/waaronwaddell"/>
    <property name="user.language" value="en"/>
    <property name="java.specification.vendor" value="Oracle Corporation"/>
    <property name="java.version.date" value="2020-04-14"/>
    <property name="java.home" value="/Library/Java/JavaVirtualMachines/jdk-14.0.1.jdk/Contents/Home"/>
    <property name="file.separator" value="/"/>
    <property name="style.color" value="always"/>
    <property name="basedir" value="/Users/waaronwaddell/Documents/GitHub/Public/EDI/EDI-Public"/>
    <property name="java.vm.compressedOopsMode" value="Zero based"/>
    <property name="line.separator" value="&#10;"/>
    <property name="java.specification.name" value="Java Platform API Specification"/>
    <property name="java.vm.specification.vendor" value="Oracle Corporation"/>
    <property name="surefire.real.class.path" value="/Users/waaronwaddell/Documents/GitHub/Public/EDI/EDI-Public/target/surefire/surefirebooter1067781378459841719.jar"/>
    <property name="sun.management.compiler" value="HotSpot 64-Bit Tiered Compilers"/>
    <property name="ftp.nonProxyHosts" value="local|*.local|169.254/16|*.169.254/16"/>
    <property name="java.runtime.version" value="14.0.1+7"/>
    <property name="user.name" value="waaronwaddell"/>
    <property name="path.separator" value=":"/>
    <property name="os.version" value="10.15.5"/>
    <property name="java.runtime.name" value="Java(TM) SE Runtime Environment"/>
    <property name="file.encoding" value="UTF-8"/>
    <property name="java.vm.name" value="Java HotSpot(TM) 64-Bit Server VM"/>
    <property name="localRepository" value="/Users/waaronwaddell/.m2/repository"/>
    <property name="java.vendor.url.bug" value="https://bugreport.java.com/bugreport/"/>
    <property name="java.io.tmpdir" value="/var/folders/v1/7ssr3hdd2_qfv951y30bn48w0000gn/T/"/>
    <property name="java.version" value="14.0.1"/>
    <property name="user.dir" value="/Users/waaronwaddell/Documents/GitHub/Public/EDI/EDI-Public"/>
    <property name="os.arch" value="x86_64"/>
    <property name="java.vm.specification.name" value="Java Virtual Machine Specification"/>
    <property name="java.library.path" value="/Users/waaronwaddell/Library/Java/Extensions:/Library/Java/Extensions:/Network/Library/Java/Extensions:/System/Library/Java/Extensions:/usr/lib/java:."/>
    <property name="java.vm.info" value="mixed mode, sharing"/>
    <property name="java.vendor" value="Oracle Corporation"/>
    <property name="java.vm.version" value="14.0.1+7"/>
    <property name="sun.io.unicode.encoding" value="UnicodeBig"/>
    <property name="socksNonProxyHosts" value="local|*.local|169.254/16|*.169.254/16"/>
    <property name="java.class.version" value="58.0"/>
  </properties>
  <testcase name="testGetOrder" classname="com.shaw.ediorderservices.service.legacy.LegacyServiceTest" time="0.03">
    <error message="Index 0 out of bounds for length 0" type="java.lang.IndexOutOfBoundsException">java.lang.IndexOutOfBoundsException: Index 0 out of bounds for length 0
	at com.shaw.ediorderservices.service.legacy.LegacyServiceTest.testGetOrder(LegacyServiceTest.java:82)
</error>
    <system-out><![CDATA[2020-06-19 14:05:51 DEBUG [MockBuilder.java:94] set eventInfo -> NyasDxGnoayXuQs
2020-06-19 14:05:51 DEBUG [MockBuilder.java:94] set dunsNbr -> KEcKCheSXeaGYNT
2020-06-19 14:05:51 DEBUG [MockBuilder.java:94] set nbDate -> 1989-09-22
2020-06-19 14:05:51 DEBUG [MockBuilder.java:94] set ohStatusCode -> E
2020-06-19 14:05:51 DEBUG [MockBuilder.java:94] set frtCode -> P
2020-06-19 14:05:51 DEBUG [MockBuilder.java:94] set consStatusMsg -> pSRUqNdQhDLyDLzBaJGN
2020-06-19 14:05:51 DEBUG [MockBuilder.java:94] set errorCode -> GQu
2020-06-19 14:05:51 DEBUG [MockBuilder.java:94] set explodeFlag -> O
2020-06-19 14:05:51 DEBUG [MockBuilder.java:94] set onNote -> adVtSILjrQZDSNoFUptR
2020-06-19 14:05:51 DEBUG [MockBuilder.java:94] set giftMessage1 -> adwTdEKFmdfGpVUolyXb
2020-06-19 14:05:51 DEBUG [MockBuilder.java:94] set contractUsageInd -> r
2020-06-19 14:05:51 DEBUG [MockBuilder.java:94] set fobPoint -> QY
2020-06-19 14:05:51 DEBUG [MockBuilder.java:94] set onlineType -> F
2020-06-19 14:05:51 DEBUG [MockBuilder.java:94] set errorDescription -> yQJdgRdTJoMaKqhZsRAF
2020-06-19 14:05:51 DEBUG [MockBuilder.java:94] set crossDockCenter -> BHwYpNkFke
2020-06-19 14:05:51 DEBUG [MockBuilder.java:94] set newStoreInd -> R
2020-06-19 14:05:51 DEBUG [MockBuilder.java:94] set beg -> mlqwA
2020-06-19 14:05:51 DEBUG [MockBuilder.java:94] set orderDate -> 1983-04-21
2020-06-19 14:05:51 DEBUG [MockBuilder.java:94] set errorTimestamp -> 1970-01-01T02:04:58
2020-06-19 14:05:51 DEBUG [MockBuilder.java:94] set giftMessage2 -> bfsXkjsJRokeKTwMQtIM
2020-06-19 14:05:51 DEBUG [MockBuilder.java:94] set billToState -> Cs
2020-06-19 14:05:51 DEBUG [MockBuilder.java:94] set custDept -> eWfvZ
2020-06-19 14:05:51 DEBUG [MockBuilder.java:94] set orderLoc -> TR
2020-06-19 14:05:51 DEBUG [MockBuilder.java:94] set deliveryDate -> 1987-01-09
2020-06-19 14:05:51 DEBUG [MockBuilder.java:94] set noAsnFlag -> Q
2020-06-19 14:05:51 DEBUG [MockBuilder.java:94] set hostAlertFlag -> e
2020-06-19 14:05:51 DEBUG [MockBuilder.java:94] set chngLid -> vecEMUcl
2020-06-19 14:05:51 DEBUG [MockBuilder.java:94] set billToStore -> DxSMadyzII
2020-06-19 14:05:51 DEBUG [MockBuilder.java:94] set orderMerCost -> 987102.9829512963
2020-06-19 14:05:51 DEBUG [MockBuilder.java:94] set ohCancelDateValue -> 1977-03-07
2020-06-19 14:05:51 DEBUG [MockBuilder.java:94] set agreementNumber -> kcfrTleiUKZGYEU
2020-06-19 14:05:51 DEBUG [MockBuilder.java:94] set bsStoreNbr -> UJdlTSMtdm
2020-06-19 14:05:51 DEBUG [MockBuilder.java:94] set delvCutOffDt -> 1975-11-22
2020-06-19 14:05:51 DEBUG [MockBuilder.java:94] set inputMethod -> vgOzaZBShF
2020-06-19 14:05:51 DEBUG [MockBuilder.java:94] set shawOrderNumber -> nuSfKg
2020-06-19 14:05:51 DEBUG [MockBuilder.java:94] set assignedAgent -> EJAEODEU
2020-06-19 14:05:51 DEBUG [MockBuilder.java:94] set chngTimestamp -> 1970-01-01T02:38:16
2020-06-19 14:05:51 DEBUG [MockBuilder.java:94] set cancelDateQualifier -> ZtD
2020-06-19 14:05:51 DEBUG [MockBuilder.java:94] set divDesc -> IhUFfNmMCFSZNqrPuFuS
2020-06-19 14:05:51 DEBUG [MockBuilder.java:94] set markForStore -> MCClhjHZvI
2020-06-19 14:05:51 DEBUG [MockBuilder.java:94] set commCust -> CDcDoGX
2020-06-19 14:05:51 DEBUG [MockBuilder.java:94] set acctContact -> XWfCWThTUZdDmbmEfoDi
2020-06-19 14:05:51 DEBUG [MockBuilder.java:94] set authRep -> eQQQbcPVYjujpRxETGkG
2020-06-19 14:05:51 DEBUG [MockBuilder.java:94] set mediaEventCode -> JJ
2020-06-19 14:05:51 DEBUG [MockBuilder.java:94] set carrierCode -> Fd
2020-06-19 14:05:51 DEBUG [MockBuilder.java:94] set custPmtMeth -> QwwZSUIoDkFQJmBfBRCm
2020-06-19 14:05:51 DEBUG [MockBuilder.java:94] set customerCode -> VH
2020-06-19 14:05:51 DEBUG [MockBuilder.java:94] set acknowlegeOrdInd -> P
2020-06-19 14:05:51 DEBUG [MockBuilder.java:94] set authorizationNo -> NVTZTlwgAN
2020-06-19 14:05:51 DEBUG [MockBuilder.java:94] set cbCutLength -> 5940244.213561954
2020-06-19 14:05:51 DEBUG [MockBuilder.java:94] set custSpInst -> ikvAZmQDIrxaeKtSILMY
2020-06-19 14:05:51 DEBUG [MockBuilder.java:94] set addrKey -> 317752
2020-06-19 14:05:51 DEBUG [MockBuilder.java:94] set custNbr -> naPryym
2020-06-19 14:05:51 DEBUG [MockBuilder.java:94] set custWhNbr -> aJYv
2020-06-19 14:05:51 DEBUG [MockBuilder.java:94] set customerRefNbr -> XHQ
2020-06-19 14:05:51 DEBUG [MockBuilder.java:94] set customerSidemark -> JJjCJHjPilRCbUVYPlby
2020-06-19 14:05:51 DEBUG [MockBuilder.java:94] set storeName -> lcCNalfpWtbDbnDePMwZ
2020-06-19 14:05:51 DEBUG [MockBuilder.java:94] set shipPartCompInd -> k
2020-06-19 14:05:51 DEBUG [MockBuilder.java:94] set shipByCutOffDt -> 1980-07-26
2020-06-19 14:05:51 DEBUG [MockBuilder.java:94] set shipComplete -> l
2020-06-19 14:05:51 DEBUG [MockBuilder.java:94] set termsNetDays -> jYo
2020-06-19 14:05:51 DEBUG [MockBuilder.java:94] set shipPt -> vK
2020-06-19 14:05:51 DEBUG [MockBuilder.java:94] set specialInstruct2 -> XIMdnjaLqAhHLGnImVDS
2020-06-19 14:05:51 DEBUG [MockBuilder.java:94] set shipDateValue -> 1977-06-07
2020-06-19 14:05:51 DEBUG [MockBuilder.java:94] set shipByDate -> 1991-08-24
2020-06-19 14:05:51 DEBUG [MockBuilder.java:94] set termsTypeFlag -> Hn
2020-06-19 14:05:51 DEBUG [MockBuilder.java:94] set specialInstruct1 -> ELFqJrGonAJhJENToCkK
2020-06-19 14:05:51 DEBUG [MockBuilder.java:94] set phone -> wVKBMgLQAWcVSay
2020-06-19 14:05:51 DEBUG [MockBuilder.java:94] set shipDateQualifier -> nbF
2020-06-19 14:05:51 DEBUG [MockBuilder.java:94] set specialInstruct3 -> VRaNerDMuiYwgtZevGae
2020-06-19 14:05:51 DEBUG [MockBuilder.java:94] set srvLevel -> fd
2020-06-19 14:05:51 DEBUG [MockBuilder.java:94] set shipCancelDate -> 1993-07-15
2020-06-19 14:05:51 DEBUG [MockBuilder.java:94] set totalBindingFt -> 9150835.87661344
2020-06-19 14:05:51 DEBUG [MockBuilder.java:94] set shipInstruction -> oEgkOQmCvEpiyiPSHfsB
2020-06-19 14:05:51 DEBUG [MockBuilder.java:94] set province -> UcvMBfvnwoNNRPfPwDV
2020-06-19 14:05:51 DEBUG [MockBuilder.java:94] set statusCode -> D
2020-06-19 14:05:51 DEBUG [MockBuilder.java:94] set specialInstruct4 -> BEQCtTrRKmnSjJTtdtOS
2020-06-19 14:05:51 DEBUG [MockBuilder.java:94] set country -> BoJVpbbRTnWVOIwwOeS
2020-06-19 14:05:51 DEBUG [MockBuilder.java:94] set stdCarrAlphaInd -> RENx
2020-06-19 14:05:51 DEBUG [MockBuilder.java:94] set userId -> KArHnbOj
2020-06-19 14:05:51 DEBUG [MockBuilder.java:94] set name -> pFpkWAeNRWIaqJuOhLCm
2020-06-19 14:05:51 DEBUG [MockBuilder.java:94] set truncFlag -> u
2020-06-19 14:05:51 DEBUG [MockBuilder.java:94] set specialPoNo -> jCaZprCwYJTAIdxUmyfa
2020-06-19 14:05:51 DEBUG [MockBuilder.java:94] set cnCity -> ogLezoMovsRcyhZPfRp
2020-06-19 14:05:51 DEBUG [MockBuilder.java:94] set addressLine2 -> wsYiybFgZsRgFrGcyyZP
2020-06-19 14:05:51 DEBUG [MockBuilder.java:94] set zip -> kTCqenISeVx
2020-06-19 14:05:51 DEBUG [MockBuilder.java:94] set vendorNo -> ewQDmKOXQgpyvWb
2020-06-19 14:05:51 DEBUG [MockBuilder.java:94] set addressLine1 -> ZdWUBzAqEtmNyCXldRba
2020-06-19 14:05:51 DEBUG [MockBuilder.java:94] set destCode -> Mg
2020-06-19 14:05:51 DEBUG [MockBuilder.java:94] set city -> avLtBgzHNGZczABnSWW
2020-06-19 14:05:51 DEBUG [MockBuilder.java:94] set flag -> 599601
2020-06-19 14:05:51 DEBUG [MockBuilder.java:94] set wcStore -> bTkMRVwoOw
2020-06-19 14:05:51 DEBUG [MockBuilder.java:94] set store -> ukEMFPNLZz
2020-06-19 14:05:51 DEBUG [MockBuilder.java:94] set custNbr -> YtoXALW
2020-06-19 14:05:51 DEBUG [MockBuilder.java:94] set state -> ei
2020-06-19 14:05:51 DEBUG [MockBuilder.java:94] set shipToAddress -> LegacyShipToAddress [addressLine1=ZdWUBzAqEtmNyCXldRba, addressLine2=wsYiybFgZsRgFrGcyyZP, city=avLtBgzHNGZczABnSWW, cnCity=ogLezoMovsRcyhZPfRp, country=BoJVpbbRTnWVOIwwOeS, custNbr=YtoXALW, destCode=Mg, flag=599601, name=pFpkWAeNRWIaqJuOhLCm, phone=wVKBMgLQAWcVSay, province=UcvMBfvnwoNNRPfPwDV, state=ei, store=ukEMFPNLZz, truncFlag=u, zip=kTCqenISeVx]
2020-06-19 14:05:51 DEBUG [MockBuilder.java:94] set cphone -> CsUbCqyeLxHTYdjjfCjW
2020-06-19 14:05:51 DEBUG [MockBuilder.java:94] set state -> Ev
2020-06-19 14:05:51 DEBUG [MockBuilder.java:94] set ccountry -> VYGbwgRSroPwMhbLYWtm
2020-06-19 14:05:51 DEBUG [MockBuilder.java:94] set name -> dWwICEFOGlVzPNJtDFNH
2020-06-19 14:05:51 DEBUG [MockBuilder.java:94] set addressLine2 -> wXVZiIvWAYwXTroHpqZE
2020-06-19 14:05:51 DEBUG [MockBuilder.java:94] set city -> fzZczqybvemGkxQCBNZ
2020-06-19 14:05:51 DEBUG [MockBuilder.java:94] set cprovince -> DURXftKIoOUcfCdHYpDd
2020-06-19 14:05:51 DEBUG [MockBuilder.java:94] set zip -> BoDoeQbWV
2020-06-19 14:05:51 DEBUG [MockBuilder.java:94] set city -> QIOoAPrEjliXBjgsyLfz
2020-06-19 14:05:51 DEBUG [MockBuilder.java:94] set addressLine1 -> ULMgjIMfuQJsgEsskwlh
2020-06-19 14:05:51 DEBUG [MockBuilder.java:94] set addressLine1 -> NgiEXcIZlTyFwTNqurgu
2020-06-19 14:05:51 DEBUG [MockBuilder.java:94] set consumerPoDateValue -> 1992-06-22
2020-06-19 14:05:51 DEBUG [MockBuilder.java:94] set consumerShipFlg -> k
2020-06-19 14:05:51 DEBUG [MockBuilder.java:94] set state -> On
2020-06-19 14:05:51 DEBUG [MockBuilder.java:94] set accountNbr -> NJAELCLhxgYRnUXzRZJZ
2020-06-19 14:05:51 DEBUG [MockBuilder.java:94] set tpcountry -> VxMbUevenZHsyWIgXDCm
2020-06-19 14:05:51 DEBUG [MockBuilder.java:94] set name -> AMHwaKUpDEexEHfHmTuO
2020-06-19 14:05:51 DEBUG [MockBuilder.java:94] set name2 -> uImUChBOGdrluIJMUtzS
2020-06-19 14:05:51 DEBUG [MockBuilder.java:94] set consumerAddress -> LegacyConsumerAddress [cprovince=DURXftKIoOUcfCdHYpDd, ccountry=VYGbwgRSroPwMhbLYWtm, cphone=CsUbCqyeLxHTYdjjfCjW, addressLine1=ULMgjIMfuQJsgEsskwlh, addressLine2=wXVZiIvWAYwXTroHpqZE, city=fzZczqybvemGkxQCBNZ, name=dWwICEFOGlVzPNJtDFNH, consumerPoDateValue=1992-06-22, consumerShipFlg=k, state=Ev, zip=BoDoeQbWV]
2020-06-19 14:05:51 DEBUG [MockBuilder.java:94] set zip -> OEMUXSQKpMTmWirs
2020-06-19 14:05:51 DEBUG [MockBuilder.java:94] set addressLine2 -> FKeQQsmrvbLxSExATPhr
2020-06-19 14:05:51 DEBUG [MockBuilder.java:94] set tpphone -> GZaQnzdUcYEcgISBuFBk
2020-06-19 14:05:51 DEBUG [MockBuilder.java:94] set tpprovince -> wwNGbNFJfXuikQonEVre
2020-06-19 14:05:51 DEBUG [MockBuilder.java:94] set billFlag -> s
2020-06-19 14:05:51 DEBUG [MockBuilder.java:94] set thirdPartyAddress -> LegacyThirdPartyAddress [tpprovince=wwNGbNFJfXuikQonEVre, tpcountry=VxMbUevenZHsyWIgXDCm, tpphone=GZaQnzdUcYEcgISBuFBk, addressLine1=NgiEXcIZlTyFwTNqurgu, addressLine2=FKeQQsmrvbLxSExATPhr, accountNbr=NJAELCLhxgYRnUXzRZJZ, billFlag=s, city=QIOoAPrEjliXBjgsyLfz, name=AMHwaKUpDEexEHfHmTuO, name2=uImUChBOGdrluIJMUtzS, state=On, zip=OEMUXSQKpMTmWirs]
2020-06-19 14:05:51 DEBUG [MockBuilder.java:94] set orderingSystem -> xp
2020-06-19 14:05:51 DEBUG [MockBuilder.java:94] set orderRetTotal -> 3537451.283173097
2020-06-19 14:05:51 DEBUG [MockBuilder.java:94] set poDateValue -> 1977-07-17
2020-06-19 14:05:51 DEBUG [MockBuilder.java:94] set dates -> null
2020-06-19 14:05:51 DEBUG [MockBuilder.java:94] set orderRetHand -> 4150023.8094193176
2020-06-19 14:05:51 DEBUG [MockBuilder.java:94] set phoneNumber -> WHGkEYjOlJu
2020-06-19 14:05:51 DEBUG [MockBuilder.java:94] set orderType -> g
2020-06-19 14:05:51 DEBUG [MockBuilder.java:94] set poDateQualifier -> jIq
2020-06-19 14:05:51 DEBUG [MockBuilder.java:94] set lines -> null
2020-06-19 14:05:51 DEBUG [MockBuilder.java:94] set orderRetSh -> 6400902.780259925
2020-06-19 14:05:51 DEBUG [MockBuilder.java:94] set poControl -> aBHiS
2020-06-19 14:05:51 DEBUG [MockBuilder.java:94] set orderTypeDesc -> kesXemzZCHciAiM
2020-06-19 14:05:51 DEBUG [MockBuilder.java:94] set poNumber -> YlDykLXEtGoSnfCBymun
2020-06-19 14:05:51 DEBUG [MockBuilder.java:94] set orderRetTax -> 8541204.75620471
2020-06-19 14:05:51 DEBUG [MockBuilder.java:94] set orderWeight -> 4243764.431908281
2020-06-19 14:05:51 DEBUG [MockBuilder.java:94] set poQual -> xh
2020-06-19 14:05:51 DEBUG [MockBuilder.java:94] set salesCheckNumber -> smTjTFJCEuGoGeJQWmmV
2020-06-19 14:05:51 DEBUG [MockBuilder.java:94] set reserveOrderInd -> L
2020-06-19 14:05:51 DEBUG [MockBuilder.java:94] set salesReqCode -> Vt
2020-06-19 14:05:51 DEBUG [MockBuilder.java:94] set returnMsg -> dYlABlGaegJTvIMArrbO
2020-06-19 14:05:51 DEBUG [MockBuilder.java:94] set sellCo -> FY
2020-06-19 14:05:51 DEBUG [MockBuilder.java:94] set routeByDate -> 1971-11-20
2020-06-19 14:05:51 DEBUG [MockBuilder.java:94] set seqNbr -> 587374
2020-06-19 14:05:51 DEBUG [MockBuilder.java:94] set poType -> AUHFL
2020-06-19 14:05:51 DEBUG [MockBuilder.java:94] set poTypeSuffix -> cAimMEAUFZ
2020-06-19 14:05:51 DEBUG [MockBuilder.java:94] set psMsg -> WguYbWKzlUoARZFURTiF
2020-06-19 14:05:51 DEBUG [MockBuilder.java:94] set purchasedBy -> lRChDTpeVvhkAMnPOOcV
2020-06-19 14:05:51 DEBUG [MockBuilder.java:94] set rcdCode -> n
2020-06-19 14:05:51 DEBUG [MockBuilder.java:94] set receivedTimestamp -> 1970-01-01T02:33:07
2020-06-19 14:05:51 DEBUG [MockBuilder.java:94] set refTcNbr -> EmrERBFKSBTHuEAnJeCp
2020-06-19 14:05:51 DEBUG [MockHelper.java:99] EdiOrderHeader [legacyOrderNumber=null, acctContact=XWfCWThTUZdDmbmEfoDi, acknowlegeOrdInd=P, addrKey=317752, agreementNumber=kcfrTleiUKZGYEU, assignedAgent=EJAEODEU, authRep=eQQQbcPVYjujpRxETGkG, authorizationNo=NVTZTlwgAN, beg=mlqwA, billToState=Cs, billToStore=DxSMadyzII, bsStoreNbr=UJdlTSMtdm, cancelDateQualifier=ZtD, carrierCode=Fd, cbCutLength=5940244.213561954, chngLid=vecEMUcl, chngTimestamp=1970-01-01T02:38:16, commCust=CDcDoGX, consStatusMsg=pSRUqNdQhDLyDLzBaJGN, contractUsageInd=r, crossDockCenter=BHwYpNkFke, custDept=eWfvZ, custPmtMeth=QwwZSUIoDkFQJmBfBRCm, custSpInst=ikvAZmQDIrxaeKtSILMY, custWhNbr=aJYv, customerCode=VH, custNbr=naPryym, customerRefNbr=XHQ, customerSidemark=JJjCJHjPilRCbUVYPlby, deliveryDate=1987-01-09, delvCutOffDt=1975-11-22, divDesc=IhUFfNmMCFSZNqrPuFuS, dunsNbr=KEcKCheSXeaGYNT, errorCode=GQu, errorDescription=yQJdgRdTJoMaKqhZsRAF, errorTimestamp=1970-01-01T02:04:58, eventInfo=NyasDxGnoayXuQs, explodeFlag=O, fobPoint=QY, frtCode=P, giftMessage1=adwTdEKFmdfGpVUolyXb, giftMessage2=bfsXkjsJRokeKTwMQtIM, hostAlertFlag=e, inputMethod=vgOzaZBShF, markForStore=MCClhjHZvI, mediaEventCode=JJ, nbDate=1989-09-22, newStoreInd=R, noAsnFlag=Q, ohCancelDateValue=1977-03-07, ohStatusCode=E, onNote=adVtSILjrQZDSNoFUptR, onlineType=F, orderDate=1983-04-21, orderLoc=01, orderMerCost=987102.9829512963, shawOrderNumber=nuSfKg, orderRetHand=4150023.8094193176, orderRetSh=6400902.780259925, orderRetTax=8541204.75620471, orderRetTotal=3537451.283173097, orderType=S, orderTypeDesc=SAMPLES, orderWeight=4243764.431908281, orderingSystem=xp, phoneNumber=WHGkEYjOlJu, poControl=aBHiS, poDateValue=1977-07-17, poDateQualifier=jIq, poNumber=YlDykLXEtGoSnfCBymun, poQual=xh, poType=AUHFL, poTypeSuffix=cAimMEAUFZ, psMsg=WguYbWKzlUoARZFURTiF, purchasedBy=lRChDTpeVvhkAMnPOOcV, rcdCode=n, receivedTimestamp=1970-01-01T02:33:07, refTcNbr=EmrERBFKSBTHuEAnJeCp, reserveOrderInd=L, returnMsg=dYlABlGaegJTvIMArrbO, routeByDate=1971-11-20, salesCheckNumber=smTjTFJCEuGoGeJQWmmV, salesReqCode=Vt, sellCo=FY, seqNbr=587374, shipByCutOffDt=1980-07-26, shipByDate=1991-08-24, shipCancelDate=1993-07-15, shipComplete=l, shipDateValue=1977-06-07, shipDateQualifier=nbF, shipInstruction=oEgkOQmCvEpiyiPSHfsB, shipPartCompInd=k, shipPt=vK, specialInstruct1=ELFqJrGonAJhJENToCkK, specialInstruct2=XIMdnjaLqAhHLGnImVDS, specialInstruct3=VRaNerDMuiYwgtZevGae, specialInstruct4=BEQCtTrRKmnSjJTtdtOS, specialPoNo=jCaZprCwYJTAIdxUmyfa, srvLevel=fd, statusCode=D, stdCarrAlphaInd=RENx, storeName=lcCNalfpWtbDbnDePMwZ, termsNetDays=jYo, termsTypeFlag=Hn, totalBindingFt=9150835.87661344, userId=KArHnbOj, vendorNo=ewQDmKOXQgpyvWb, wcStore=bTkMRVwoOw, consumerAddress=LegacyConsumerAddress [cprovince=DURXftKIoOUcfCdHYpDd, ccountry=VYGbwgRSroPwMhbLYWtm, cphone=CsUbCqyeLxHTYdjjfCjW, addressLine1=ULMgjIMfuQJsgEsskwlh, addressLine2=wXVZiIvWAYwXTroHpqZE, city=fzZczqybvemGkxQCBNZ, name=dWwICEFOGlVzPNJtDFNH, consumerPoDateValue=1992-06-22, consumerShipFlg=k, state=Ev, zip=BoDoeQbWV], shipToAddress=LegacyShipToAddress [addressLine1=ZdWUBzAqEtmNyCXldRba, addressLine2=wsYiybFgZsRgFrGcyyZP, city=avLtBgzHNGZczABnSWW, cnCity=ogLezoMovsRcyhZPfRp, country=BoJVpbbRTnWVOIwwOeS, custNbr=YtoXALW, destCode=Mg, flag=599601, name=pFpkWAeNRWIaqJuOhLCm, phone=wVKBMgLQAWcVSay, province=UcvMBfvnwoNNRPfPwDV, state=ei, store=ukEMFPNLZz, truncFlag=u, zip=kTCqenISeVx], thirdPartyAddress=LegacyThirdPartyAddress [tpprovince=wwNGbNFJfXuikQonEVre, tpcountry=VxMbUevenZHsyWIgXDCm, tpphone=GZaQnzdUcYEcgISBuFBk, addressLine1=NgiEXcIZlTyFwTNqurgu, addressLine2=FKeQQsmrvbLxSExATPhr, accountNbr=NJAELCLhxgYRnUXzRZJZ, billFlag=s, city=QIOoAPrEjliXBjgsyLfz, name=AMHwaKUpDEexEHfHmTuO, name2=uImUChBOGdrluIJMUtzS, state=On, zip=OEMUXSQKpMTmWirs], dates=null, lines=null]
Hibernate: call next value for SHXP.EDI_ORDER_NBR
Hibernate: insert into EDI_ORDER_HEADER (ACCT_CONTACT, ACKNOWLEGE_ORD_IND, ADDR_KEY, AGREEMENT_NUMBER, ASSIGNED_AGENT, AUTH_REP, AUTHORIZATION_NO, beg, BILL_TO_STATE, BILL_TO_STORE, BS_STORE_NBR, CANCEL_DATE_QUAL, CARRIER_CODE, CB_CUT_LENGTH, CHNG_LID, CHNG_TIMESTAMP, COMM_CUST, CONS_STATUS_MSG, CONSUMER_ADDRESS, CONSUMER_ADDRESS_2, CONSUMER_CITY, CONSUMER_PO_DATE, CONSUMER_SHIP_FLG, CONSUMER_NAME, CONSUMER_STATE, CONSUMER_ZIP, CONTRACT_USAGE_IND, CROSS_DOCK_CENTER, CUST_DEPT, CUSTOMER_NUMBER, CUST_PMT_METH, CUST_SP_INST, CUST_WH_NBR, CUSTOMER_CODE, CUSTOMER_REF_NBR, CUSTOMER_SIDEMARK, DELIVERY_DATE, DELV_CUT_OFF_DT, DIV_DESC, DUNS_NBR, ERROR_CODE, ERROR_DESCRIPTION, ERROR_TIMESTAMP, EVENT_INFO, EXPLODE_FLAG, FOB_POINT, FRT_CODE, GIFT_MESSAGE_1, GIFT_MESSAGE_2, HOST_ALERT_FLAG, INPUT_METHOD, MARK_FOR_STORE, MEDIA_EVENT_CODE, NB_DATE, NEW_STORE_IND, NO_ASN_FLAG, OH_CANCEL_DATE, OH_STATUS_CODE, ON_NOTE, ONLINE_TYPE, ORDER_DATE, ORDER_LOC, ORDER_MER_COST, ORDER_RET_HAND, ORDER_RET_SH, ORDER_RET_TAX, ORDER_RET_TOTAL, ORDER_TYPE, ORDER_TYPE_DESC, ORDER_WEIGHT, ORDERING_SYSTEM, PHONE_NUMBER, PO_CONTROL, PO_DATE_QUAL, PO_DATE, PO_NUMBER, PO_QUAL, PO_TYPE, PO_TYPE_SUFFIX, PS_MSG, PURCHASED_BY, RCD_CODE, RECEIVED_TIMESTAMP, REF_TC_NBR, RESERVE_ORDER_IND, RETURN_MSG, ROUTE_BY_DATE, SALES_CHECK_NUMBER, SALES_REQ_CODE, SELL_CO, SEQ_NBR, ORDER_NUMBER, SHIP_BY_CUT_OFF_DT, SHIP_BY_DATE, SHIP_CANCEL_DATE, SHIP_COMPLETE, SHIP_DATE_QUAL, SHIP_DATE, SHIP_INSTRUCTION, SHIP_PART_COMP_IND, SHIP_PT, SHIP_TO_ADDRESS_1, SHIP_TO_ADDRESS_2, SHIP_TO_CITY, SHIP_TO_CN_CITY, SHIP_TO_COUNTRY, SHIP_TO_CUST_NBR, SHIP_TO_DEST_COD, SHIP_TO_FLAG, SHIP_TO_NAME, SHIP_TO_PHONE, SHIP_TO_PROVENCE, SHIP_TO_STATE, SHIP_TO_STORE, SHIP_TO_TRUNC_FLG, SHIP_TO_ZIP, SPECIAL_INSTRUCT_1, SPECIAL_INSTRUCT_2, SPECIAL_INSTRUCT_3, SPECIAL_INSTRUCT_4, SPECIAL_PO_NO, SRV_LEVEL, STATUS_CODE, STD_CARR_ALPHA_IND, STORE_NAME, TERMS_NET_DAYS, TERMS_TYPE_FLAG, THIRD_PARTY_ACCT_NBR, THIRD_PARTY_ADDR_1, THIRD_PARTY_ADDR_2, THIRD_PARTY_BILL_FLAG, THIRD_PARTY_CITY, THIRD_PARTY_NAME, THIRD_PARTY_NAME_2, THIRD_PARTY_STATE, THIRD_PARTY_ZIP, TOTAL_BINDING_FT, USER_ID, VENDOR_NO, WC_STORE, EDI_ORDER_NUMBER) values (?, ?, ?, ?, ?, ?, ?, ?, ?, ?, ?, ?, ?, ?, ?, ?, ?, ?, ?, ?, ?, ?, ?, ?, ?, ?, ?, ?, ?, ?, ?, ?, ?, ?, ?, ?, ?, ?, ?, ?, ?, ?, ?, ?, ?, ?, ?, ?, ?, ?, ?, ?, ?, ?, ?, ?, ?, ?, ?, ?, ?, ?, ?, ?, ?, ?, ?, ?, ?, ?, ?, ?, ?, ?, ?, ?, ?, ?, ?, ?, ?, ?, ?, ?, ?, ?, ?, ?, ?, ?, ?, ?, ?, ?, ?, ?, ?, ?, ?, ?, ?, ?, ?, ?, ?, ?, ?, ?, ?, ?, ?, ?, ?, ?, ?, ?, ?, ?, ?, ?, ?, ?, ?, ?, ?, ?, ?, ?, ?, ?, ?, ?, ?, ?, ?, ?, ?, ?, ?, ?, ?)
2020-06-19 14:05:51 TRACE [BasicBinder.java:64] binding parameter [1] as [VARCHAR] - [XWfCWThTUZdDmbmEfoDi]
2020-06-19 14:05:51 TRACE [BasicBinder.java:64] binding parameter [2] as [VARCHAR] - [P]
2020-06-19 14:05:51 TRACE [BasicBinder.java:64] binding parameter [3] as [INTEGER] - [317752]
2020-06-19 14:05:51 TRACE [BasicBinder.java:64] binding parameter [4] as [VARCHAR] - [kcfrTleiUKZGYEU]
2020-06-19 14:05:51 TRACE [BasicBinder.java:64] binding parameter [5] as [VARCHAR] - [EJAEODEU]
2020-06-19 14:05:51 TRACE [BasicBinder.java:64] binding parameter [6] as [VARCHAR] - [eQQQbcPVYjujpRxETGkG]
2020-06-19 14:05:51 TRACE [BasicBinder.java:64] binding parameter [7] as [VARCHAR] - [NVTZTlwgAN]
2020-06-19 14:05:51 TRACE [BasicBinder.java:64] binding parameter [8] as [VARCHAR] - [mlqwA]
2020-06-19 14:05:51 TRACE [BasicBinder.java:64] binding parameter [9] as [VARCHAR] - [Cs]
2020-06-19 14:05:51 TRACE [BasicBinder.java:64] binding parameter [10] as [VARCHAR] - [DxSMadyzII]
2020-06-19 14:05:51 TRACE [BasicBinder.java:64] binding parameter [11] as [VARCHAR] - [UJdlTSMtdm]
2020-06-19 14:05:51 TRACE [BasicBinder.java:64] binding parameter [12] as [VARCHAR] - [ZtD]
2020-06-19 14:05:51 TRACE [BasicBinder.java:64] binding parameter [13] as [VARCHAR] - [Fd]
2020-06-19 14:05:51 TRACE [BasicBinder.java:64] binding parameter [14] as [DOUBLE] - [5940244.213561954]
2020-06-19 14:05:51 TRACE [BasicBinder.java:64] binding parameter [15] as [VARCHAR] - [vecEMUcl]
2020-06-19 14:05:51 TRACE [BasicBinder.java:64] binding parameter [16] as [TIMESTAMP] - [1970-01-01T02:38:16]
2020-06-19 14:05:51 TRACE [BasicBinder.java:64] binding parameter [17] as [VARCHAR] - [CDcDoGX]
2020-06-19 14:05:51 TRACE [BasicBinder.java:64] binding parameter [18] as [VARCHAR] - [pSRUqNdQhDLyDLzBaJGN]
2020-06-19 14:05:51 TRACE [BasicBinder.java:64] binding parameter [19] as [VARCHAR] - [ULMgjIMfuQJsgEsskwlh]
2020-06-19 14:05:51 TRACE [BasicBinder.java:64] binding parameter [20] as [VARCHAR] - [wXVZiIvWAYwXTroHpqZE]
2020-06-19 14:05:51 TRACE [BasicBinder.java:64] binding parameter [21] as [VARCHAR] - [fzZczqybvemGkxQCBNZ]
2020-06-19 14:05:51 TRACE [BasicBinder.java:64] binding parameter [22] as [DATE] - [1992-06-22]
2020-06-19 14:05:51 TRACE [BasicBinder.java:64] binding parameter [23] as [VARCHAR] - [k]
2020-06-19 14:05:51 TRACE [BasicBinder.java:64] binding parameter [24] as [VARCHAR] - [dWwICEFOGlVzPNJtDFNH]
2020-06-19 14:05:51 TRACE [BasicBinder.java:64] binding parameter [25] as [VARCHAR] - [Ev]
2020-06-19 14:05:51 TRACE [BasicBinder.java:64] binding parameter [26] as [VARCHAR] - [BoDoeQbWV]
2020-06-19 14:05:51 TRACE [BasicBinder.java:64] binding parameter [27] as [VARCHAR] - [r]
2020-06-19 14:05:51 TRACE [BasicBinder.java:64] binding parameter [28] as [VARCHAR] - [BHwYpNkFke]
2020-06-19 14:05:51 TRACE [BasicBinder.java:64] binding parameter [29] as [VARCHAR] - [eWfvZ]
2020-06-19 14:05:51 TRACE [BasicBinder.java:64] binding parameter [30] as [VARCHAR] - [naPryym]
2020-06-19 14:05:51 TRACE [BasicBinder.java:64] binding parameter [31] as [VARCHAR] - [QwwZSUIoDkFQJmBfBRCm]
2020-06-19 14:05:51 TRACE [BasicBinder.java:64] binding parameter [32] as [VARCHAR] - [ikvAZmQDIrxaeKtSILMY]
2020-06-19 14:05:51 TRACE [BasicBinder.java:64] binding parameter [33] as [VARCHAR] - [aJYv]
2020-06-19 14:05:51 TRACE [BasicBinder.java:64] binding parameter [34] as [VARCHAR] - [VH]
2020-06-19 14:05:51 TRACE [BasicBinder.java:64] binding parameter [35] as [VARCHAR] - [XHQ]
2020-06-19 14:05:51 TRACE [BasicBinder.java:64] binding parameter [36] as [VARCHAR] - [JJjCJHjPilRCbUVYPlby]
2020-06-19 14:05:51 TRACE [BasicBinder.java:64] binding parameter [37] as [DATE] - [1987-01-09]
2020-06-19 14:05:51 TRACE [BasicBinder.java:64] binding parameter [38] as [DATE] - [1975-11-22]
2020-06-19 14:05:51 TRACE [BasicBinder.java:64] binding parameter [39] as [VARCHAR] - [IhUFfNmMCFSZNqrPuFuS]
2020-06-19 14:05:51 TRACE [BasicBinder.java:64] binding parameter [40] as [VARCHAR] - [KEcKCheSXeaGYNT]
2020-06-19 14:05:51 TRACE [BasicBinder.java:64] binding parameter [41] as [VARCHAR] - [GQu]
2020-06-19 14:05:51 TRACE [BasicBinder.java:64] binding parameter [42] as [VARCHAR] - [yQJdgRdTJoMaKqhZsRAF]
2020-06-19 14:05:51 TRACE [BasicBinder.java:64] binding parameter [43] as [TIMESTAMP] - [1970-01-01T02:04:58]
2020-06-19 14:05:51 TRACE [BasicBinder.java:64] binding parameter [44] as [VARCHAR] - [NyasDxGnoayXuQs]
2020-06-19 14:05:51 TRACE [BasicBinder.java:64] binding parameter [45] as [VARCHAR] - [O]
2020-06-19 14:05:51 TRACE [BasicBinder.java:64] binding parameter [46] as [VARCHAR] - [QY]
2020-06-19 14:05:51 TRACE [BasicBinder.java:64] binding parameter [47] as [VARCHAR] - [P]
2020-06-19 14:05:51 TRACE [BasicBinder.java:64] binding parameter [48] as [VARCHAR] - [adwTdEKFmdfGpVUolyXb]
2020-06-19 14:05:51 TRACE [BasicBinder.java:64] binding parameter [49] as [VARCHAR] - [bfsXkjsJRokeKTwMQtIM]
2020-06-19 14:05:51 TRACE [BasicBinder.java:64] binding parameter [50] as [VARCHAR] - [e]
2020-06-19 14:05:51 TRACE [BasicBinder.java:64] binding parameter [51] as [VARCHAR] - [vgOzaZBShF]
2020-06-19 14:05:51 TRACE [BasicBinder.java:64] binding parameter [52] as [VARCHAR] - [MCClhjHZvI]
2020-06-19 14:05:51 TRACE [BasicBinder.java:64] binding parameter [53] as [VARCHAR] - [JJ]
2020-06-19 14:05:51 TRACE [BasicBinder.java:64] binding parameter [54] as [DATE] - [1989-09-22]
2020-06-19 14:05:51 TRACE [BasicBinder.java:64] binding parameter [55] as [VARCHAR] - [R]
2020-06-19 14:05:51 TRACE [BasicBinder.java:64] binding parameter [56] as [VARCHAR] - [Q]
2020-06-19 14:05:51 TRACE [BasicBinder.java:64] binding parameter [57] as [DATE] - [1977-03-07]
2020-06-19 14:05:51 TRACE [BasicBinder.java:64] binding parameter [58] as [VARCHAR] - [E]
2020-06-19 14:05:51 TRACE [BasicBinder.java:64] binding parameter [59] as [VARCHAR] - [adVtSILjrQZDSNoFUptR]
2020-06-19 14:05:51 TRACE [BasicBinder.java:64] binding parameter [60] as [VARCHAR] - [F]
2020-06-19 14:05:51 TRACE [BasicBinder.java:64] binding parameter [61] as [DATE] - [1983-04-21]
2020-06-19 14:05:51 TRACE [BasicBinder.java:64] binding parameter [62] as [VARCHAR] - [01]
2020-06-19 14:05:51 TRACE [BasicBinder.java:64] binding parameter [63] as [DOUBLE] - [987102.9829512963]
2020-06-19 14:05:51 TRACE [BasicBinder.java:64] binding parameter [64] as [DOUBLE] - [4150023.8094193176]
2020-06-19 14:05:51 TRACE [BasicBinder.java:64] binding parameter [65] as [DOUBLE] - [6400902.780259925]
2020-06-19 14:05:51 TRACE [BasicBinder.java:64] binding parameter [66] as [DOUBLE] - [8541204.75620471]
2020-06-19 14:05:51 TRACE [BasicBinder.java:64] binding parameter [67] as [DOUBLE] - [3537451.283173097]
2020-06-19 14:05:51 TRACE [BasicBinder.java:64] binding parameter [68] as [VARCHAR] - [S]
2020-06-19 14:05:51 TRACE [BasicBinder.java:64] binding parameter [69] as [VARCHAR] - [SAMPLES]
2020-06-19 14:05:51 TRACE [BasicBinder.java:64] binding parameter [70] as [DOUBLE] - [4243764.431908281]
2020-06-19 14:05:51 TRACE [BasicBinder.java:64] binding parameter [71] as [VARCHAR] - [xp]
2020-06-19 14:05:51 TRACE [BasicBinder.java:64] binding parameter [72] as [VARCHAR] - [WHGkEYjOlJu]
2020-06-19 14:05:51 TRACE [BasicBinder.java:64] binding parameter [73] as [VARCHAR] - [aBHiS]
2020-06-19 14:05:51 TRACE [BasicBinder.java:64] binding parameter [74] as [VARCHAR] - [jIq]
2020-06-19 14:05:51 TRACE [BasicBinder.java:64] binding parameter [75] as [DATE] - [1977-07-17]
2020-06-19 14:05:51 TRACE [BasicBinder.java:64] binding parameter [76] as [VARCHAR] - [YlDykLXEtGoSnfCBymun]
2020-06-19 14:05:51 TRACE [BasicBinder.java:64] binding parameter [77] as [VARCHAR] - [xh]
2020-06-19 14:05:51 TRACE [BasicBinder.java:64] binding parameter [78] as [VARCHAR] - [AUHFL]
2020-06-19 14:05:51 TRACE [BasicBinder.java:64] binding parameter [79] as [VARCHAR] - [cAimMEAUFZ]
2020-06-19 14:05:51 TRACE [BasicBinder.java:64] binding parameter [80] as [VARCHAR] - [WguYbWKzlUoARZFURTiF]
2020-06-19 14:05:51 TRACE [BasicBinder.java:64] binding parameter [81] as [VARCHAR] - [lRChDTpeVvhkAMnPOOcV]
2020-06-19 14:05:51 TRACE [BasicBinder.java:64] binding parameter [82] as [VARCHAR] - [n]
2020-06-19 14:05:51 TRACE [BasicBinder.java:64] binding parameter [83] as [TIMESTAMP] - [1970-01-01T02:33:07]
2020-06-19 14:05:51 TRACE [BasicBinder.java:64] binding parameter [84] as [VARCHAR] - [EmrERBFKSBTHuEAnJeCp]
2020-06-19 14:05:51 TRACE [BasicBinder.java:64] binding parameter [85] as [VARCHAR] - [L]
2020-06-19 14:05:51 TRACE [BasicBinder.java:64] binding parameter [86] as [VARCHAR] - [dYlABlGaegJTvIMArrbO]
2020-06-19 14:05:51 TRACE [BasicBinder.java:64] binding parameter [87] as [DATE] - [1971-11-20]
2020-06-19 14:05:51 TRACE [BasicBinder.java:64] binding parameter [88] as [VARCHAR] - [smTjTFJCEuGoGeJQWmmV]
2020-06-19 14:05:51 TRACE [BasicBinder.java:64] binding parameter [89] as [VARCHAR] - [Vt]
2020-06-19 14:05:51 TRACE [BasicBinder.java:64] binding parameter [90] as [VARCHAR] - [FY]
2020-06-19 14:05:51 TRACE [BasicBinder.java:64] binding parameter [91] as [INTEGER] - [587374]
2020-06-19 14:05:51 TRACE [BasicBinder.java:64] binding parameter [92] as [VARCHAR] - [nuSfKg]
2020-06-19 14:05:51 TRACE [BasicBinder.java:64] binding parameter [93] as [DATE] - [1980-07-26]
2020-06-19 14:05:51 TRACE [BasicBinder.java:64] binding parameter [94] as [DATE] - [1991-08-24]
2020-06-19 14:05:51 TRACE [BasicBinder.java:64] binding parameter [95] as [DATE] - [1993-07-15]
2020-06-19 14:05:51 TRACE [BasicBinder.java:64] binding parameter [96] as [VARCHAR] - [l]
2020-06-19 14:05:51 TRACE [BasicBinder.java:64] binding parameter [97] as [VARCHAR] - [nbF]
2020-06-19 14:05:51 TRACE [BasicBinder.java:64] binding parameter [98] as [DATE] - [1977-06-07]
2020-06-19 14:05:51 TRACE [BasicBinder.java:64] binding parameter [99] as [VARCHAR] - [oEgkOQmCvEpiyiPSHfsB]
2020-06-19 14:05:51 TRACE [BasicBinder.java:64] binding parameter [100] as [VARCHAR] - [k]
2020-06-19 14:05:51 TRACE [BasicBinder.java:64] binding parameter [101] as [VARCHAR] - [vK]
2020-06-19 14:05:51 TRACE [BasicBinder.java:64] binding parameter [102] as [VARCHAR] - [ZdWUBzAqEtmNyCXldRba]
2020-06-19 14:05:51 TRACE [BasicBinder.java:64] binding parameter [103] as [VARCHAR] - [wsYiybFgZsRgFrGcyyZP]
2020-06-19 14:05:51 TRACE [BasicBinder.java:64] binding parameter [104] as [VARCHAR] - [avLtBgzHNGZczABnSWW]
2020-06-19 14:05:51 TRACE [BasicBinder.java:64] binding parameter [105] as [VARCHAR] - [ogLezoMovsRcyhZPfRp]
2020-06-19 14:05:51 TRACE [BasicBinder.java:64] binding parameter [106] as [VARCHAR] - [BoJVpbbRTnWVOIwwOeS]
2020-06-19 14:05:51 TRACE [BasicBinder.java:64] binding parameter [107] as [VARCHAR] - [YtoXALW]
2020-06-19 14:05:51 TRACE [BasicBinder.java:64] binding parameter [108] as [VARCHAR] - [Mg]
2020-06-19 14:05:51 TRACE [BasicBinder.java:64] binding parameter [109] as [INTEGER] - [599601]
2020-06-19 14:05:51 TRACE [BasicBinder.java:64] binding parameter [110] as [VARCHAR] - [pFpkWAeNRWIaqJuOhLCm]
2020-06-19 14:05:51 TRACE [BasicBinder.java:64] binding parameter [111] as [VARCHAR] - [wVKBMgLQAWcVSay]
2020-06-19 14:05:51 TRACE [BasicBinder.java:64] binding parameter [112] as [VARCHAR] - [UcvMBfvnwoNNRPfPwDV]
2020-06-19 14:05:51 TRACE [BasicBinder.java:64] binding parameter [113] as [VARCHAR] - [ei]
2020-06-19 14:05:51 TRACE [BasicBinder.java:64] binding parameter [114] as [VARCHAR] - [ukEMFPNLZz]
2020-06-19 14:05:51 TRACE [BasicBinder.java:64] binding parameter [115] as [VARCHAR] - [u]
2020-06-19 14:05:51 TRACE [BasicBinder.java:64] binding parameter [116] as [VARCHAR] - [kTCqenISeVx]
2020-06-19 14:05:51 TRACE [BasicBinder.java:64] binding parameter [117] as [VARCHAR] - [ELFqJrGonAJhJENToCkK]
2020-06-19 14:05:51 TRACE [BasicBinder.java:64] binding parameter [118] as [VARCHAR] - [XIMdnjaLqAhHLGnImVDS]
2020-06-19 14:05:51 TRACE [BasicBinder.java:64] binding parameter [119] as [VARCHAR] - [VRaNerDMuiYwgtZevGae]
2020-06-19 14:05:51 TRACE [BasicBinder.java:64] binding parameter [120] as [VARCHAR] - [BEQCtTrRKmnSjJTtdtOS]
2020-06-19 14:05:51 TRACE [BasicBinder.java:64] binding parameter [121] as [VARCHAR] - [jCaZprCwYJTAIdxUmyfa]
2020-06-19 14:05:51 TRACE [BasicBinder.java:64] binding parameter [122] as [VARCHAR] - [fd]
2020-06-19 14:05:51 TRACE [BasicBinder.java:64] binding parameter [123] as [VARCHAR] - [D]
2020-06-19 14:05:51 TRACE [BasicBinder.java:64] binding parameter [124] as [VARCHAR] - [RENx]
2020-06-19 14:05:51 TRACE [BasicBinder.java:64] binding parameter [125] as [VARCHAR] - [lcCNalfpWtbDbnDePMwZ]
2020-06-19 14:05:51 TRACE [BasicBinder.java:64] binding parameter [126] as [VARCHAR] - [jYo]
2020-06-19 14:05:51 TRACE [BasicBinder.java:64] binding parameter [127] as [VARCHAR] - [Hn]
2020-06-19 14:05:51 TRACE [BasicBinder.java:64] binding parameter [128] as [VARCHAR] - [NJAELCLhxgYRnUXzRZJZ]
2020-06-19 14:05:51 TRACE [BasicBinder.java:64] binding parameter [129] as [VARCHAR] - [NgiEXcIZlTyFwTNqurgu]
2020-06-19 14:05:51 TRACE [BasicBinder.java:64] binding parameter [130] as [VARCHAR] - [FKeQQsmrvbLxSExATPhr]
2020-06-19 14:05:51 TRACE [BasicBinder.java:64] binding parameter [131] as [VARCHAR] - [s]
2020-06-19 14:05:51 TRACE [BasicBinder.java:64] binding parameter [132] as [VARCHAR] - [QIOoAPrEjliXBjgsyLfz]
2020-06-19 14:05:51 TRACE [BasicBinder.java:64] binding parameter [133] as [VARCHAR] - [AMHwaKUpDEexEHfHmTuO]
2020-06-19 14:05:51 TRACE [BasicBinder.java:64] binding parameter [134] as [VARCHAR] - [uImUChBOGdrluIJMUtzS]
2020-06-19 14:05:51 TRACE [BasicBinder.java:64] binding parameter [135] as [VARCHAR] - [On]
2020-06-19 14:05:51 TRACE [BasicBinder.java:64] binding parameter [136] as [VARCHAR] - [OEMUXSQKpMTmWirs]
2020-06-19 14:05:51 TRACE [BasicBinder.java:64] binding parameter [137] as [DOUBLE] - [9150835.87661344]
2020-06-19 14:05:51 TRACE [BasicBinder.java:64] binding parameter [138] as [VARCHAR] - [KArHnbOj]
2020-06-19 14:05:51 TRACE [BasicBinder.java:64] binding parameter [139] as [VARCHAR] - [ewQDmKOXQgpyvWb]
2020-06-19 14:05:51 TRACE [BasicBinder.java:64] binding parameter [140] as [VARCHAR] - [bTkMRVwoOw]
2020-06-19 14:05:51 TRACE [BasicBinder.java:64] binding parameter [141] as [BIGINT] - [23]
2020-06-19 14:05:51 DEBUG [MockBuilder.java:94] set orderingSystem -> Mu
2020-06-19 14:05:51 DEBUG [MockBuilder.java:94] set salesCheckNumber -> cvKSZkRuTCkcqSjuLmfe
2020-06-19 14:05:51 DEBUG [MockBuilder.java:94] set userId -> QQKJWHfZ
2020-06-19 14:05:51 DEBUG [MockBuilder.java:94] set phone -> gTHFwFzlXtxRViX
2020-06-19 14:05:51 DEBUG [MockBuilder.java:94] set storeName -> FSEyrWqJQZVnYcjvpxcM
2020-06-19 14:05:51 DEBUG [MockBuilder.java:94] set shipPartCompInd -> O
2020-06-19 14:05:51 DEBUG [MockBuilder.java:94] set eventInfo -> WFqgQPfDMpsvrKj
2020-06-19 14:05:51 DEBUG [MockBuilder.java:94] set phoneNumber -> xWsvDosSJKG
2020-06-19 14:05:51 DEBUG [MockBuilder.java:94] set salesReqCode -> uS
2020-06-19 14:05:51 DEBUG [MockBuilder.java:94] set vendorNo -> oWdXLsCUQaqSzcV
2020-06-19 14:05:51 DEBUG [MockBuilder.java:94] set province -> KMvpLksJUrIoGvvuEUf
2020-06-19 14:05:51 DEBUG [MockBuilder.java:94] set termsNetDays -> IYd
2020-06-19 14:05:51 DEBUG [MockBuilder.java:94] set shipPt -> jN
2020-06-19 14:05:51 DEBUG [MockBuilder.java:94] set poControl -> IZgqQ
2020-06-19 14:05:51 DEBUG [MockBuilder.java:94] set explodeFlag -> R
2020-06-19 14:05:51 DEBUG [MockBuilder.java:94] set wcStore -> uOzpxoGXQj
2020-06-19 14:05:51 DEBUG [MockBuilder.java:94] set sellCo -> qJ
2020-06-19 14:05:51 DEBUG [MockBuilder.java:94] set termsTypeFlag -> sq
2020-06-19 14:05:51 DEBUG [MockBuilder.java:94] set name -> wtQkXIJiwoGOPhALziOp
2020-06-19 14:05:51 DEBUG [MockBuilder.java:94] set specialInstruct1 -> BTrUVvrizmLkrdPFLgvI
2020-06-19 14:05:51 DEBUG [MockBuilder.java:94] set fobPoint -> Bk
2020-06-19 14:05:51 DEBUG [MockBuilder.java:94] set poDateValue -> 1989-06-11
2020-06-19 14:05:51 DEBUG [MockBuilder.java:94] set seqNbr -> 968524
2020-06-19 14:05:51 DEBUG [MockBuilder.java:94] set totalBindingFt -> 2647511.205513102
2020-06-19 14:05:51 DEBUG [MockBuilder.java:94] set frtCode -> X
2020-06-19 14:05:51 DEBUG [MockBuilder.java:94] set poDateQualifier -> hma
2020-06-19 14:05:51 DEBUG [MockBuilder.java:94] set name -> XoMouKQJNCZTUZkUsRIl
2020-06-19 14:05:51 DEBUG [MockBuilder.java:94] set flag -> 307879
2020-06-19 14:05:51 DEBUG [MockBuilder.java:94] set poNumber -> RUTuKGDZRGFCfXAgwGWX
2020-06-19 14:05:51 DEBUG [MockBuilder.java:94] set srvLevel -> MC
2020-06-19 14:05:51 DEBUG [MockBuilder.java:94] set specialInstruct2 -> QXVZoZBHLcWNnRKLoOqT
2020-06-19 14:05:51 DEBUG [MockBuilder.java:94] set reserveOrderInd -> i
2020-06-19 14:05:51 DEBUG [MockBuilder.java:94] set poQual -> DE
2020-06-19 14:05:51 DEBUG [MockBuilder.java:94] set giftMessage1 -> eBqVHdgvoSQFPCtjRfvk
2020-06-19 14:05:51 DEBUG [MockBuilder.java:94] set statusCode -> r
2020-06-19 14:05:51 DEBUG [MockBuilder.java:94] set specialInstruct3 -> nTUqamIvuQWibceSmcUG
2020-06-19 14:05:51 DEBUG [MockBuilder.java:94] set truncFlag -> q
2020-06-19 14:05:51 DEBUG [MockBuilder.java:94] set consumerPoDateValue -> 1989-07-04
2020-06-19 14:05:51 DEBUG [MockBuilder.java:94] set giftMessage2 -> BEZFMfERffqMCjOTizjW
2020-06-19 14:05:51 DEBUG [MockBuilder.java:94] set specialInstruct4 -> BOcFzmYcPdudEJnpIXKp
2020-06-19 14:05:51 DEBUG [MockBuilder.java:94] set returnMsg -> thBrdrkxkiEHMcXwmNyk
2020-06-19 14:05:51 DEBUG [MockBuilder.java:94] set stdCarrAlphaInd -> ejYm
2020-06-19 14:05:51 DEBUG [MockBuilder.java:94] set orderRetTotal -> 7331858.285931068
2020-06-19 14:05:51 DEBUG [MockBuilder.java:94] set specialPoNo -> SvtBfjetVhdRExYVQvTV
2020-06-19 14:05:51 DEBUG [MockBuilder.java:94] set hostAlertFlag -> f
2020-06-19 14:05:51 DEBUG [MockBuilder.java:94] set poType -> XQhhZ
2020-06-19 14:05:51 DEBUG [MockBuilder.java:94] set routeByDate -> 1971-02-12
2020-06-19 14:05:51 DEBUG [MockBuilder.java:94] set orderType -> W
2020-06-19 14:05:51 DEBUG [MockBuilder.java:94] set zip -> sUilLIEhhrT
2020-06-19 14:05:51 DEBUG [MockBuilder.java:94] set shipComplete -> H
2020-06-19 14:05:51 DEBUG [MockBuilder.java:94] set city -> uGUIypUAQNHOounFOuY
2020-06-19 14:05:51 DEBUG [MockBuilder.java:94] set dunsNbr -> QJHFyGVlhFTOahf
2020-06-19 14:05:51 DEBUG [MockBuilder.java:94] set shipByCutOffDt -> 1985-02-23
2020-06-19 14:05:51 DEBUG [MockBuilder.java:94] set poTypeSuffix -> AWmgPKOeTW
2020-06-19 14:05:51 DEBUG [MockBuilder.java:94] set orderTypeDesc -> VWWOIVvWoFIhwpb
2020-06-19 14:05:51 DEBUG [MockBuilder.java:94] set store -> buRhmNpmJg
2020-06-19 14:05:51 DEBUG [MockBuilder.java:94] set shipDateValue -> 1994-09-24
2020-06-19 14:05:51 DEBUG [MockBuilder.java:94] set state -> TV
2020-06-19 14:05:51 DEBUG [MockBuilder.java:94] set errorCode -> JkM
2020-06-19 14:05:51 DEBUG [MockBuilder.java:94] set shipByDate -> 1996-06-20
2020-06-19 14:05:51 DEBUG [MockBuilder.java:94] set psMsg -> wNuLnOfXHwZCIzLOjXWe
2020-06-19 14:05:51 DEBUG [MockBuilder.java:94] set state -> lq
2020-06-19 14:05:51 DEBUG [MockBuilder.java:94] set shipDateQualifier -> OIm
2020-06-19 14:05:51 DEBUG [MockBuilder.java:94] set orderWeight -> 1965184.1097663366
2020-06-19 14:05:51 DEBUG [MockBuilder.java:94] set errorDescription -> edEnKuVohHYEPiqdiJgo
2020-06-19 14:05:51 DEBUG [MockBuilder.java:94] set shipCancelDate -> 1971-12-19
2020-06-19 14:05:51 DEBUG [MockBuilder.java:94] set cphone -> PywPTXeIqwkfwuSqZuca
2020-06-19 14:05:51 DEBUG [MockBuilder.java:94] set country -> WRtmEAmbgPfbCNbOrlb
2020-06-19 14:05:51 DEBUG [MockBuilder.java:94] set zip -> vuskANepr
2020-06-19 14:05:51 DEBUG [MockBuilder.java:94] set shipInstruction -> pZgYcnOGzpwJIWpuYBVM
2020-06-19 14:05:51 DEBUG [MockBuilder.java:94] set errorTimestamp -> 1970-01-01T01:28:33
2020-06-19 14:05:51 DEBUG [MockBuilder.java:94] set addressLine2 -> VlUNBERAkvGmAQhbLuWo
2020-06-19 14:05:51 DEBUG [MockBuilder.java:94] set consumerShipFlg -> q
2020-06-19 14:05:51 DEBUG [MockBuilder.java:94] set orderRetHand -> 7972334.540014522
2020-06-19 14:05:51 DEBUG [MockBuilder.java:94] set cnCity -> wDPghsGJvwNiDwTfues
2020-06-19 14:05:51 DEBUG [MockBuilder.java:94] set addressLine1 -> wdoTnDVHGAufGbFcmBHO
2020-06-19 14:05:51 DEBUG [MockBuilder.java:94] set deliveryDate -> 1987-01-26
2020-06-19 14:05:51 DEBUG [MockBuilder.java:94] set ccountry -> lfNIpNPCcBltJooXpvip
2020-06-19 14:05:51 DEBUG [MockBuilder.java:94] set cprovince -> aXHgebkYJtDjDdwtitob
2020-06-19 14:05:51 DEBUG [MockBuilder.java:94] set addressLine2 -> DkFIPgcyRkocptlKrUGw
2020-06-19 14:05:51 DEBUG [MockBuilder.java:94] set destCode -> GU
2020-06-19 14:05:51 DEBUG [MockBuilder.java:94] set delvCutOffDt -> 1982-12-17
2020-06-19 14:05:51 DEBUG [MockBuilder.java:94] set orderRetSh -> 75656.22368455872
2020-06-19 14:05:51 DEBUG [MockBuilder.java:94] set addressLine1 -> ABgLTUZRUhJZwKzFAFHB
2020-06-19 14:05:51 DEBUG [MockBuilder.java:94] set consumerAddress -> LegacyConsumerAddress [cprovince=aXHgebkYJtDjDdwtitob, ccountry=lfNIpNPCcBltJooXpvip, cphone=PywPTXeIqwkfwuSqZuca, addressLine1=wdoTnDVHGAufGbFcmBHO, addressLine2=VlUNBERAkvGmAQhbLuWo, city=uGUIypUAQNHOounFOuY, name=XoMouKQJNCZTUZkUsRIl, consumerPoDateValue=1989-07-04, consumerShipFlg=q, state=TV, zip=vuskANepr]
2020-06-19 14:05:51 DEBUG [MockBuilder.java:94] set city -> mWoDPSlBZLUTjENACYm
2020-06-19 14:05:51 DEBUG [MockBuilder.java:94] set consStatusMsg -> kTuXoasUJAdyJWZfvNPt
2020-06-19 14:05:51 DEBUG [MockBuilder.java:94] set divDesc -> WLFhqpZRbAjLbkeLeqJn
2020-06-19 14:05:51 DEBUG [MockBuilder.java:94] set custNbr -> GGICJZq
2020-06-19 14:05:51 DEBUG [MockBuilder.java:94] set ohStatusCode -> l
2020-06-19 14:05:51 DEBUG [MockBuilder.java:94] set orderRetTax -> 5215942.199379674
2020-06-19 14:05:51 DEBUG [MockBuilder.java:94] set beg -> seMCU
2020-06-19 14:05:51 DEBUG [MockBuilder.java:94] set contractUsageInd -> t
2020-06-19 14:05:51 DEBUG [MockBuilder.java:94] set nbDate -> 1994-05-19
2020-06-19 14:05:51 DEBUG [MockBuilder.java:94] set customerCode -> WX
2020-06-19 14:05:51 DEBUG [MockBuilder.java:94] set custPmtMeth -> zApKiYqWXYuVFiMJsutc
2020-06-19 14:05:51 DEBUG [MockBuilder.java:94] set onNote -> nmUlYYFIcOGVQzmOWXrc
2020-06-19 14:05:51 DEBUG [MockBuilder.java:94] set crossDockCenter -> WaezyuzUTo
2020-06-19 14:05:51 DEBUG [MockBuilder.java:94] set shipToAddress -> LegacyShipToAddress [addressLine1=ABgLTUZRUhJZwKzFAFHB, addressLine2=DkFIPgcyRkocptlKrUGw, city=mWoDPSlBZLUTjENACYm, cnCity=wDPghsGJvwNiDwTfues, country=WRtmEAmbgPfbCNbOrlb, custNbr=GGICJZq, destCode=GU, flag=307879, name=wtQkXIJiwoGOPhALziOp, phone=gTHFwFzlXtxRViX, province=KMvpLksJUrIoGvvuEUf, state=lq, store=buRhmNpmJg, truncFlag=q, zip=sUilLIEhhrT]
2020-06-19 14:05:51 DEBUG [MockBuilder.java:94] set newStoreInd -> Y
2020-06-19 14:05:51 DEBUG [MockBuilder.java:94] set custNbr -> oafjQAv
2020-06-19 14:05:51 DEBUG [MockBuilder.java:94] set custSpInst -> HaYikynlcGHJhETvIyMM
2020-06-19 14:05:51 DEBUG [MockBuilder.java:94] set billToState -> Fj
2020-06-19 14:05:51 DEBUG [MockBuilder.java:94] set custDept -> bsknD
2020-06-19 14:05:51 DEBUG [MockBuilder.java:94] set onlineType -> x
2020-06-19 14:05:51 DEBUG [MockBuilder.java:94] set customerRefNbr -> ZTb
2020-06-19 14:05:51 DEBUG [MockBuilder.java:94] set custWhNbr -> NrCQ
2020-06-19 14:05:51 DEBUG [MockBuilder.java:94] set noAsnFlag -> g
2020-06-19 14:05:51 DEBUG [MockBuilder.java:94] set chngLid -> pGBgWMpr
2020-06-19 14:05:51 DEBUG [MockBuilder.java:94] set orderDate -> 1995-01-27
2020-06-19 14:05:51 DEBUG [MockBuilder.java:94] set billToStore -> ysaNtrkemv
2020-06-19 14:05:51 DEBUG [MockBuilder.java:94] set agreementNumber -> BkGhfEujMyaumQD
2020-06-19 14:05:51 DEBUG [MockBuilder.java:94] set ohCancelDateValue -> 1975-01-20
2020-06-19 14:05:51 DEBUG [MockBuilder.java:94] set chngTimestamp -> 1970-01-01T00:29:32
2020-06-19 14:05:51 DEBUG [MockBuilder.java:94] set customerSidemark -> YGQKTtgoaqPhtmxmjidU
2020-06-19 14:05:51 DEBUG [MockBuilder.java:94] set city -> EPbhnSroUraTyznXTDGs
2020-06-19 14:05:51 DEBUG [MockBuilder.java:94] set orderLoc -> yf
2020-06-19 14:05:51 DEBUG [MockBuilder.java:94] set assignedAgent -> PBFZYFQF
2020-06-19 14:05:51 DEBUG [MockBuilder.java:94] set commCust -> ZRlVgGl
2020-06-19 14:05:51 DEBUG [MockBuilder.java:94] set bsStoreNbr -> BDbwmwKPXH
2020-06-19 14:05:51 DEBUG [MockBuilder.java:94] set inputMethod -> CPNPvXaMdc
2020-06-19 14:05:51 DEBUG [MockBuilder.java:94] set orderMerCost -> 1802534.2787455218
2020-06-19 14:05:51 DEBUG [MockBuilder.java:94] set authRep -> pjJaavAHBlGoDDsThnUg
2020-06-19 14:05:51 DEBUG [MockBuilder.java:94] set acctContact -> jVbSaKhZyHOFxfovpbVp
2020-06-19 14:05:51 DEBUG [MockBuilder.java:94] set name -> wyHZKWbVacAwyGXesejF
2020-06-19 14:05:51 DEBUG [MockBuilder.java:94] set cancelDateQualifier -> NnE
2020-06-19 14:05:51 DEBUG [MockBuilder.java:94] set markForStore -> mnGImsVhKd
2020-06-19 14:05:51 DEBUG [MockBuilder.java:94] set authorizationNo -> JfaeNbQUBo
2020-06-19 14:05:51 DEBUG [MockBuilder.java:94] set addressLine1 -> EpdkLCRLeUjstxUILyME
2020-06-19 14:05:51 DEBUG [MockBuilder.java:94] set carrierCode -> io
2020-06-19 14:05:51 DEBUG [MockBuilder.java:94] set billFlag -> O
2020-06-19 14:05:51 DEBUG [MockBuilder.java:94] set shawOrderNumber -> xFdNHl
2020-06-19 14:05:51 DEBUG [MockBuilder.java:94] set cbCutLength -> 5005028.428889849
2020-06-19 14:05:51 DEBUG [MockBuilder.java:94] set acknowlegeOrdInd -> E
2020-06-19 14:05:51 DEBUG [MockBuilder.java:94] set mediaEventCode -> qi
2020-06-19 14:05:51 DEBUG [MockBuilder.java:94] set name2 -> HKnRbDEZjdaTWAbdPigD
2020-06-19 14:05:51 DEBUG [MockBuilder.java:94] set tpcountry -> KZUAcGqIgsWOHMgUfeMc
2020-06-19 14:05:51 DEBUG [MockBuilder.java:94] set zip -> TXtcJHjjdldzChwC
2020-06-19 14:05:51 DEBUG [MockBuilder.java:94] set addressLine2 -> CDSqHljPGmMYApHKJDUD
2020-06-19 14:05:51 DEBUG [MockBuilder.java:94] set state -> FF
2020-06-19 14:05:51 DEBUG [MockBuilder.java:94] set accountNbr -> kryenobpBufuyCsyASrj
2020-06-19 14:05:51 DEBUG [MockBuilder.java:94] set tpphone -> zMRQQZhLijdsUrZXPhAE
2020-06-19 14:05:51 DEBUG [MockBuilder.java:94] set tpprovince -> VybTCLEsYDxdTOVGqLLP
2020-06-19 14:05:51 DEBUG [MockBuilder.java:94] set addrKey -> 964640
2020-06-19 14:05:51 DEBUG [MockBuilder.java:94] set thirdPartyAddress -> LegacyThirdPartyAddress [tpprovince=VybTCLEsYDxdTOVGqLLP, tpcountry=KZUAcGqIgsWOHMgUfeMc, tpphone=zMRQQZhLijdsUrZXPhAE, addressLine1=EpdkLCRLeUjstxUILyME, addressLine2=CDSqHljPGmMYApHKJDUD, accountNbr=kryenobpBufuyCsyASrj, billFlag=O, city=EPbhnSroUraTyznXTDGs, name=wyHZKWbVacAwyGXesejF, name2=HKnRbDEZjdaTWAbdPigD, state=FF, zip=TXtcJHjjdldzChwC]
2020-06-19 14:05:51 DEBUG [MockBuilder.java:94] set purchasedBy -> OblHeNTifvhGzKrjIwsX
2020-06-19 14:05:51 DEBUG [MockBuilder.java:94] set dates -> null
2020-06-19 14:05:51 DEBUG [MockBuilder.java:94] set lines -> null
2020-06-19 14:05:51 DEBUG [MockBuilder.java:94] set rcdCode -> X
2020-06-19 14:05:51 DEBUG [MockBuilder.java:94] set receivedTimestamp -> 1970-01-01T01:33:28
2020-06-19 14:05:51 DEBUG [MockBuilder.java:94] set refTcNbr -> IkXQSqhfIIfNunnwTqcu
2020-06-19 14:05:51 DEBUG [MockHelper.java:99] EdiOrderHeader [legacyOrderNumber=null, acctContact=jVbSaKhZyHOFxfovpbVp, acknowlegeOrdInd=E, addrKey=964640, agreementNumber=BkGhfEujMyaumQD, assignedAgent=PBFZYFQF, authRep=pjJaavAHBlGoDDsThnUg, authorizationNo=JfaeNbQUBo, beg=seMCU, billToState=Fj, billToStore=ysaNtrkemv, bsStoreNbr=BDbwmwKPXH, cancelDateQualifier=NnE, carrierCode=io, cbCutLength=5005028.428889849, chngLid=pGBgWMpr, chngTimestamp=1970-01-01T00:29:32, commCust=ZRlVgGl, consStatusMsg=kTuXoasUJAdyJWZfvNPt, contractUsageInd=t, crossDockCenter=WaezyuzUTo, custDept=bsknD, custPmtMeth=zApKiYqWXYuVFiMJsutc, custSpInst=HaYikynlcGHJhETvIyMM, custWhNbr=NrCQ, customerCode=WX, custNbr=oafjQAv, customerRefNbr=ZTb, customerSidemark=YGQKTtgoaqPhtmxmjidU, deliveryDate=1987-01-26, delvCutOffDt=1982-12-17, divDesc=WLFhqpZRbAjLbkeLeqJn, dunsNbr=QJHFyGVlhFTOahf, errorCode=JkM, errorDescription=edEnKuVohHYEPiqdiJgo, errorTimestamp=1970-01-01T01:28:33, eventInfo=WFqgQPfDMpsvrKj, explodeFlag=R, fobPoint=Bk, frtCode=X, giftMessage1=eBqVHdgvoSQFPCtjRfvk, giftMessage2=BEZFMfERffqMCjOTizjW, hostAlertFlag=f, inputMethod=CPNPvXaMdc, markForStore=mnGImsVhKd, mediaEventCode=qi, nbDate=1994-05-19, newStoreInd=Y, noAsnFlag=g, ohCancelDateValue=1975-01-20, ohStatusCode=l, onNote=nmUlYYFIcOGVQzmOWXrc, onlineType=x, orderDate=1995-01-27, orderLoc=01, orderMerCost=1802534.2787455218, shawOrderNumber=xFdNHl, orderRetHand=7972334.540014522, orderRetSh=75656.22368455872, orderRetTax=5215942.199379674, orderRetTotal=7331858.285931068, orderType=H, orderTypeDesc=HARDSURFACES, orderWeight=1965184.1097663366, orderingSystem=Mu, phoneNumber=xWsvDosSJKG, poControl=IZgqQ, poDateValue=1989-06-11, poDateQualifier=hma, poNumber=RUTuKGDZRGFCfXAgwGWX, poQual=DE, poType=XQhhZ, poTypeSuffix=AWmgPKOeTW, psMsg=wNuLnOfXHwZCIzLOjXWe, purchasedBy=OblHeNTifvhGzKrjIwsX, rcdCode=X, receivedTimestamp=1970-01-01T01:33:28, refTcNbr=IkXQSqhfIIfNunnwTqcu, reserveOrderInd=i, returnMsg=thBrdrkxkiEHMcXwmNyk, routeByDate=1971-02-12, salesCheckNumber=cvKSZkRuTCkcqSjuLmfe, salesReqCode=uS, sellCo=qJ, seqNbr=968524, shipByCutOffDt=1985-02-23, shipByDate=1996-06-20, shipCancelDate=1971-12-19, shipComplete=H, shipDateValue=1994-09-24, shipDateQualifier=OIm, shipInstruction=pZgYcnOGzpwJIWpuYBVM, shipPartCompInd=O, shipPt=jN, specialInstruct1=BTrUVvrizmLkrdPFLgvI, specialInstruct2=QXVZoZBHLcWNnRKLoOqT, specialInstruct3=nTUqamIvuQWibceSmcUG, specialInstruct4=BOcFzmYcPdudEJnpIXKp, specialPoNo=SvtBfjetVhdRExYVQvTV, srvLevel=MC, statusCode=r, stdCarrAlphaInd=ejYm, storeName=FSEyrWqJQZVnYcjvpxcM, termsNetDays=IYd, termsTypeFlag=sq, totalBindingFt=2647511.205513102, userId=QQKJWHfZ, vendorNo=oWdXLsCUQaqSzcV, wcStore=uOzpxoGXQj, consumerAddress=LegacyConsumerAddress [cprovince=aXHgebkYJtDjDdwtitob, ccountry=lfNIpNPCcBltJooXpvip, cphone=PywPTXeIqwkfwuSqZuca, addressLine1=wdoTnDVHGAufGbFcmBHO, addressLine2=VlUNBERAkvGmAQhbLuWo, city=uGUIypUAQNHOounFOuY, name=XoMouKQJNCZTUZkUsRIl, consumerPoDateValue=1989-07-04, consumerShipFlg=q, state=TV, zip=vuskANepr], shipToAddress=LegacyShipToAddress [addressLine1=ABgLTUZRUhJZwKzFAFHB, addressLine2=DkFIPgcyRkocptlKrUGw, city=mWoDPSlBZLUTjENACYm, cnCity=wDPghsGJvwNiDwTfues, country=WRtmEAmbgPfbCNbOrlb, custNbr=GGICJZq, destCode=GU, flag=307879, name=wtQkXIJiwoGOPhALziOp, phone=gTHFwFzlXtxRViX, province=KMvpLksJUrIoGvvuEUf, state=lq, store=buRhmNpmJg, truncFlag=q, zip=sUilLIEhhrT], thirdPartyAddress=LegacyThirdPartyAddress [tpprovince=VybTCLEsYDxdTOVGqLLP, tpcountry=KZUAcGqIgsWOHMgUfeMc, tpphone=zMRQQZhLijdsUrZXPhAE, addressLine1=EpdkLCRLeUjstxUILyME, addressLine2=CDSqHljPGmMYApHKJDUD, accountNbr=kryenobpBufuyCsyASrj, billFlag=O, city=EPbhnSroUraTyznXTDGs, name=wyHZKWbVacAwyGXesejF, name2=HKnRbDEZjdaTWAbdPigD, state=FF, zip=TXtcJHjjdldzChwC], dates=null, lines=null]
Hibernate: call next value for SHXP.EDI_ORDER_NBR
Hibernate: insert into EDI_ORDER_HEADER (ACCT_CONTACT, ACKNOWLEGE_ORD_IND, ADDR_KEY, AGREEMENT_NUMBER, ASSIGNED_AGENT, AUTH_REP, AUTHORIZATION_NO, beg, BILL_TO_STATE, BILL_TO_STORE, BS_STORE_NBR, CANCEL_DATE_QUAL, CARRIER_CODE, CB_CUT_LENGTH, CHNG_LID, CHNG_TIMESTAMP, COMM_CUST, CONS_STATUS_MSG, CONSUMER_ADDRESS, CONSUMER_ADDRESS_2, CONSUMER_CITY, CONSUMER_PO_DATE, CONSUMER_SHIP_FLG, CONSUMER_NAME, CONSUMER_STATE, CONSUMER_ZIP, CONTRACT_USAGE_IND, CROSS_DOCK_CENTER, CUST_DEPT, CUSTOMER_NUMBER, CUST_PMT_METH, CUST_SP_INST, CUST_WH_NBR, CUSTOMER_CODE, CUSTOMER_REF_NBR, CUSTOMER_SIDEMARK, DELIVERY_DATE, DELV_CUT_OFF_DT, DIV_DESC, DUNS_NBR, ERROR_CODE, ERROR_DESCRIPTION, ERROR_TIMESTAMP, EVENT_INFO, EXPLODE_FLAG, FOB_POINT, FRT_CODE, GIFT_MESSAGE_1, GIFT_MESSAGE_2, HOST_ALERT_FLAG, INPUT_METHOD, MARK_FOR_STORE, MEDIA_EVENT_CODE, NB_DATE, NEW_STORE_IND, NO_ASN_FLAG, OH_CANCEL_DATE, OH_STATUS_CODE, ON_NOTE, ONLINE_TYPE, ORDER_DATE, ORDER_LOC, ORDER_MER_COST, ORDER_RET_HAND, ORDER_RET_SH, ORDER_RET_TAX, ORDER_RET_TOTAL, ORDER_TYPE, ORDER_TYPE_DESC, ORDER_WEIGHT, ORDERING_SYSTEM, PHONE_NUMBER, PO_CONTROL, PO_DATE_QUAL, PO_DATE, PO_NUMBER, PO_QUAL, PO_TYPE, PO_TYPE_SUFFIX, PS_MSG, PURCHASED_BY, RCD_CODE, RECEIVED_TIMESTAMP, REF_TC_NBR, RESERVE_ORDER_IND, RETURN_MSG, ROUTE_BY_DATE, SALES_CHECK_NUMBER, SALES_REQ_CODE, SELL_CO, SEQ_NBR, ORDER_NUMBER, SHIP_BY_CUT_OFF_DT, SHIP_BY_DATE, SHIP_CANCEL_DATE, SHIP_COMPLETE, SHIP_DATE_QUAL, SHIP_DATE, SHIP_INSTRUCTION, SHIP_PART_COMP_IND, SHIP_PT, SHIP_TO_ADDRESS_1, SHIP_TO_ADDRESS_2, SHIP_TO_CITY, SHIP_TO_CN_CITY, SHIP_TO_COUNTRY, SHIP_TO_CUST_NBR, SHIP_TO_DEST_COD, SHIP_TO_FLAG, SHIP_TO_NAME, SHIP_TO_PHONE, SHIP_TO_PROVENCE, SHIP_TO_STATE, SHIP_TO_STORE, SHIP_TO_TRUNC_FLG, SHIP_TO_ZIP, SPECIAL_INSTRUCT_1, SPECIAL_INSTRUCT_2, SPECIAL_INSTRUCT_3, SPECIAL_INSTRUCT_4, SPECIAL_PO_NO, SRV_LEVEL, STATUS_CODE, STD_CARR_ALPHA_IND, STORE_NAME, TERMS_NET_DAYS, TERMS_TYPE_FLAG, THIRD_PARTY_ACCT_NBR, THIRD_PARTY_ADDR_1, THIRD_PARTY_ADDR_2, THIRD_PARTY_BILL_FLAG, THIRD_PARTY_CITY, THIRD_PARTY_NAME, THIRD_PARTY_NAME_2, THIRD_PARTY_STATE, THIRD_PARTY_ZIP, TOTAL_BINDING_FT, USER_ID, VENDOR_NO, WC_STORE, EDI_ORDER_NUMBER) values (?, ?, ?, ?, ?, ?, ?, ?, ?, ?, ?, ?, ?, ?, ?, ?, ?, ?, ?, ?, ?, ?, ?, ?, ?, ?, ?, ?, ?, ?, ?, ?, ?, ?, ?, ?, ?, ?, ?, ?, ?, ?, ?, ?, ?, ?, ?, ?, ?, ?, ?, ?, ?, ?, ?, ?, ?, ?, ?, ?, ?, ?, ?, ?, ?, ?, ?, ?, ?, ?, ?, ?, ?, ?, ?, ?, ?, ?, ?, ?, ?, ?, ?, ?, ?, ?, ?, ?, ?, ?, ?, ?, ?, ?, ?, ?, ?, ?, ?, ?, ?, ?, ?, ?, ?, ?, ?, ?, ?, ?, ?, ?, ?, ?, ?, ?, ?, ?, ?, ?, ?, ?, ?, ?, ?, ?, ?, ?, ?, ?, ?, ?, ?, ?, ?, ?, ?, ?, ?, ?, ?)
2020-06-19 14:05:51 TRACE [BasicBinder.java:64] binding parameter [1] as [VARCHAR] - [jVbSaKhZyHOFxfovpbVp]
2020-06-19 14:05:51 TRACE [BasicBinder.java:64] binding parameter [2] as [VARCHAR] - [E]
2020-06-19 14:05:51 TRACE [BasicBinder.java:64] binding parameter [3] as [INTEGER] - [964640]
2020-06-19 14:05:51 TRACE [BasicBinder.java:64] binding parameter [4] as [VARCHAR] - [BkGhfEujMyaumQD]
2020-06-19 14:05:51 TRACE [BasicBinder.java:64] binding parameter [5] as [VARCHAR] - [PBFZYFQF]
2020-06-19 14:05:51 TRACE [BasicBinder.java:64] binding parameter [6] as [VARCHAR] - [pjJaavAHBlGoDDsThnUg]
2020-06-19 14:05:51 TRACE [BasicBinder.java:64] binding parameter [7] as [VARCHAR] - [JfaeNbQUBo]
2020-06-19 14:05:51 TRACE [BasicBinder.java:64] binding parameter [8] as [VARCHAR] - [seMCU]
2020-06-19 14:05:51 TRACE [BasicBinder.java:64] binding parameter [9] as [VARCHAR] - [Fj]
2020-06-19 14:05:51 TRACE [BasicBinder.java:64] binding parameter [10] as [VARCHAR] - [ysaNtrkemv]
2020-06-19 14:05:51 TRACE [BasicBinder.java:64] binding parameter [11] as [VARCHAR] - [BDbwmwKPXH]
2020-06-19 14:05:51 TRACE [BasicBinder.java:64] binding parameter [12] as [VARCHAR] - [NnE]
2020-06-19 14:05:51 TRACE [BasicBinder.java:64] binding parameter [13] as [VARCHAR] - [io]
2020-06-19 14:05:51 TRACE [BasicBinder.java:64] binding parameter [14] as [DOUBLE] - [5005028.428889849]
2020-06-19 14:05:51 TRACE [BasicBinder.java:64] binding parameter [15] as [VARCHAR] - [pGBgWMpr]
2020-06-19 14:05:51 TRACE [BasicBinder.java:64] binding parameter [16] as [TIMESTAMP] - [1970-01-01T00:29:32]
2020-06-19 14:05:51 TRACE [BasicBinder.java:64] binding parameter [17] as [VARCHAR] - [ZRlVgGl]
2020-06-19 14:05:51 TRACE [BasicBinder.java:64] binding parameter [18] as [VARCHAR] - [kTuXoasUJAdyJWZfvNPt]
2020-06-19 14:05:51 TRACE [BasicBinder.java:64] binding parameter [19] as [VARCHAR] - [wdoTnDVHGAufGbFcmBHO]
2020-06-19 14:05:51 TRACE [BasicBinder.java:64] binding parameter [20] as [VARCHAR] - [VlUNBERAkvGmAQhbLuWo]
2020-06-19 14:05:51 TRACE [BasicBinder.java:64] binding parameter [21] as [VARCHAR] - [uGUIypUAQNHOounFOuY]
2020-06-19 14:05:51 TRACE [BasicBinder.java:64] binding parameter [22] as [DATE] - [1989-07-04]
2020-06-19 14:05:51 TRACE [BasicBinder.java:64] binding parameter [23] as [VARCHAR] - [q]
2020-06-19 14:05:51 TRACE [BasicBinder.java:64] binding parameter [24] as [VARCHAR] - [XoMouKQJNCZTUZkUsRIl]
2020-06-19 14:05:51 TRACE [BasicBinder.java:64] binding parameter [25] as [VARCHAR] - [TV]
2020-06-19 14:05:51 TRACE [BasicBinder.java:64] binding parameter [26] as [VARCHAR] - [vuskANepr]
2020-06-19 14:05:51 TRACE [BasicBinder.java:64] binding parameter [27] as [VARCHAR] - [t]
2020-06-19 14:05:51 TRACE [BasicBinder.java:64] binding parameter [28] as [VARCHAR] - [WaezyuzUTo]
2020-06-19 14:05:51 TRACE [BasicBinder.java:64] binding parameter [29] as [VARCHAR] - [bsknD]
2020-06-19 14:05:51 TRACE [BasicBinder.java:64] binding parameter [30] as [VARCHAR] - [oafjQAv]
2020-06-19 14:05:51 TRACE [BasicBinder.java:64] binding parameter [31] as [VARCHAR] - [zApKiYqWXYuVFiMJsutc]
2020-06-19 14:05:51 TRACE [BasicBinder.java:64] binding parameter [32] as [VARCHAR] - [HaYikynlcGHJhETvIyMM]
2020-06-19 14:05:51 TRACE [BasicBinder.java:64] binding parameter [33] as [VARCHAR] - [NrCQ]
2020-06-19 14:05:51 TRACE [BasicBinder.java:64] binding parameter [34] as [VARCHAR] - [WX]
2020-06-19 14:05:51 TRACE [BasicBinder.java:64] binding parameter [35] as [VARCHAR] - [ZTb]
2020-06-19 14:05:51 TRACE [BasicBinder.java:64] binding parameter [36] as [VARCHAR] - [YGQKTtgoaqPhtmxmjidU]
2020-06-19 14:05:51 TRACE [BasicBinder.java:64] binding parameter [37] as [DATE] - [1987-01-26]
2020-06-19 14:05:51 TRACE [BasicBinder.java:64] binding parameter [38] as [DATE] - [1982-12-17]
2020-06-19 14:05:51 TRACE [BasicBinder.java:64] binding parameter [39] as [VARCHAR] - [WLFhqpZRbAjLbkeLeqJn]
2020-06-19 14:05:51 TRACE [BasicBinder.java:64] binding parameter [40] as [VARCHAR] - [QJHFyGVlhFTOahf]
2020-06-19 14:05:51 TRACE [BasicBinder.java:64] binding parameter [41] as [VARCHAR] - [JkM]
2020-06-19 14:05:51 TRACE [BasicBinder.java:64] binding parameter [42] as [VARCHAR] - [edEnKuVohHYEPiqdiJgo]
2020-06-19 14:05:51 TRACE [BasicBinder.java:64] binding parameter [43] as [TIMESTAMP] - [1970-01-01T01:28:33]
2020-06-19 14:05:51 TRACE [BasicBinder.java:64] binding parameter [44] as [VARCHAR] - [WFqgQPfDMpsvrKj]
2020-06-19 14:05:51 TRACE [BasicBinder.java:64] binding parameter [45] as [VARCHAR] - [R]
2020-06-19 14:05:51 TRACE [BasicBinder.java:64] binding parameter [46] as [VARCHAR] - [Bk]
2020-06-19 14:05:51 TRACE [BasicBinder.java:64] binding parameter [47] as [VARCHAR] - [X]
2020-06-19 14:05:51 TRACE [BasicBinder.java:64] binding parameter [48] as [VARCHAR] - [eBqVHdgvoSQFPCtjRfvk]
2020-06-19 14:05:51 TRACE [BasicBinder.java:64] binding parameter [49] as [VARCHAR] - [BEZFMfERffqMCjOTizjW]
2020-06-19 14:05:51 TRACE [BasicBinder.java:64] binding parameter [50] as [VARCHAR] - [f]
2020-06-19 14:05:51 TRACE [BasicBinder.java:64] binding parameter [51] as [VARCHAR] - [CPNPvXaMdc]
2020-06-19 14:05:51 TRACE [BasicBinder.java:64] binding parameter [52] as [VARCHAR] - [mnGImsVhKd]
2020-06-19 14:05:51 TRACE [BasicBinder.java:64] binding parameter [53] as [VARCHAR] - [qi]
2020-06-19 14:05:51 TRACE [BasicBinder.java:64] binding parameter [54] as [DATE] - [1994-05-19]
2020-06-19 14:05:51 TRACE [BasicBinder.java:64] binding parameter [55] as [VARCHAR] - [Y]
2020-06-19 14:05:51 TRACE [BasicBinder.java:64] binding parameter [56] as [VARCHAR] - [g]
2020-06-19 14:05:51 TRACE [BasicBinder.java:64] binding parameter [57] as [DATE] - [1975-01-20]
2020-06-19 14:05:51 TRACE [BasicBinder.java:64] binding parameter [58] as [VARCHAR] - [l]
2020-06-19 14:05:51 TRACE [BasicBinder.java:64] binding parameter [59] as [VARCHAR] - [nmUlYYFIcOGVQzmOWXrc]
2020-06-19 14:05:51 TRACE [BasicBinder.java:64] binding parameter [60] as [VARCHAR] - [x]
2020-06-19 14:05:51 TRACE [BasicBinder.java:64] binding parameter [61] as [DATE] - [1995-01-27]
2020-06-19 14:05:51 TRACE [BasicBinder.java:64] binding parameter [62] as [VARCHAR] - [01]
2020-06-19 14:05:51 TRACE [BasicBinder.java:64] binding parameter [63] as [DOUBLE] - [1802534.2787455218]
2020-06-19 14:05:51 TRACE [BasicBinder.java:64] binding parameter [64] as [DOUBLE] - [7972334.540014522]
2020-06-19 14:05:51 TRACE [BasicBinder.java:64] binding parameter [65] as [DOUBLE] - [75656.22368455872]
2020-06-19 14:05:51 TRACE [BasicBinder.java:64] binding parameter [66] as [DOUBLE] - [5215942.199379674]
2020-06-19 14:05:51 TRACE [BasicBinder.java:64] binding parameter [67] as [DOUBLE] - [7331858.285931068]
2020-06-19 14:05:51 TRACE [BasicBinder.java:64] binding parameter [68] as [VARCHAR] - [H]
2020-06-19 14:05:51 TRACE [BasicBinder.java:64] binding parameter [69] as [VARCHAR] - [HARDSURFACES]
2020-06-19 14:05:51 TRACE [BasicBinder.java:64] binding parameter [70] as [DOUBLE] - [1965184.1097663366]
2020-06-19 14:05:51 TRACE [BasicBinder.java:64] binding parameter [71] as [VARCHAR] - [Mu]
2020-06-19 14:05:51 TRACE [BasicBinder.java:64] binding parameter [72] as [VARCHAR] - [xWsvDosSJKG]
2020-06-19 14:05:51 TRACE [BasicBinder.java:64] binding parameter [73] as [VARCHAR] - [IZgqQ]
2020-06-19 14:05:51 TRACE [BasicBinder.java:64] binding parameter [74] as [VARCHAR] - [hma]
2020-06-19 14:05:51 TRACE [BasicBinder.java:64] binding parameter [75] as [DATE] - [1989-06-11]
2020-06-19 14:05:51 TRACE [BasicBinder.java:64] binding parameter [76] as [VARCHAR] - [RUTuKGDZRGFCfXAgwGWX]
2020-06-19 14:05:51 TRACE [BasicBinder.java:64] binding parameter [77] as [VARCHAR] - [DE]
2020-06-19 14:05:51 TRACE [BasicBinder.java:64] binding parameter [78] as [VARCHAR] - [XQhhZ]
2020-06-19 14:05:51 TRACE [BasicBinder.java:64] binding parameter [79] as [VARCHAR] - [AWmgPKOeTW]
2020-06-19 14:05:51 TRACE [BasicBinder.java:64] binding parameter [80] as [VARCHAR] - [wNuLnOfXHwZCIzLOjXWe]
2020-06-19 14:05:51 TRACE [BasicBinder.java:64] binding parameter [81] as [VARCHAR] - [OblHeNTifvhGzKrjIwsX]
2020-06-19 14:05:51 TRACE [BasicBinder.java:64] binding parameter [82] as [VARCHAR] - [X]
2020-06-19 14:05:51 TRACE [BasicBinder.java:64] binding parameter [83] as [TIMESTAMP] - [1970-01-01T01:33:28]
2020-06-19 14:05:51 TRACE [BasicBinder.java:64] binding parameter [84] as [VARCHAR] - [IkXQSqhfIIfNunnwTqcu]
2020-06-19 14:05:51 TRACE [BasicBinder.java:64] binding parameter [85] as [VARCHAR] - [i]
2020-06-19 14:05:51 TRACE [BasicBinder.java:64] binding parameter [86] as [VARCHAR] - [thBrdrkxkiEHMcXwmNyk]
2020-06-19 14:05:51 TRACE [BasicBinder.java:64] binding parameter [87] as [DATE] - [1971-02-12]
2020-06-19 14:05:51 TRACE [BasicBinder.java:64] binding parameter [88] as [VARCHAR] - [cvKSZkRuTCkcqSjuLmfe]
2020-06-19 14:05:51 TRACE [BasicBinder.java:64] binding parameter [89] as [VARCHAR] - [uS]
2020-06-19 14:05:51 TRACE [BasicBinder.java:64] binding parameter [90] as [VARCHAR] - [qJ]
2020-06-19 14:05:51 TRACE [BasicBinder.java:64] binding parameter [91] as [INTEGER] - [968524]
2020-06-19 14:05:51 TRACE [BasicBinder.java:64] binding parameter [92] as [VARCHAR] - [xFdNHl]
2020-06-19 14:05:51 TRACE [BasicBinder.java:64] binding parameter [93] as [DATE] - [1985-02-23]
2020-06-19 14:05:51 TRACE [BasicBinder.java:64] binding parameter [94] as [DATE] - [1996-06-20]
2020-06-19 14:05:51 TRACE [BasicBinder.java:64] binding parameter [95] as [DATE] - [1971-12-19]
2020-06-19 14:05:51 TRACE [BasicBinder.java:64] binding parameter [96] as [VARCHAR] - [H]
2020-06-19 14:05:51 TRACE [BasicBinder.java:64] binding parameter [97] as [VARCHAR] - [OIm]
2020-06-19 14:05:51 TRACE [BasicBinder.java:64] binding parameter [98] as [DATE] - [1994-09-24]
2020-06-19 14:05:51 TRACE [BasicBinder.java:64] binding parameter [99] as [VARCHAR] - [pZgYcnOGzpwJIWpuYBVM]
2020-06-19 14:05:51 TRACE [BasicBinder.java:64] binding parameter [100] as [VARCHAR] - [O]
2020-06-19 14:05:51 TRACE [BasicBinder.java:64] binding parameter [101] as [VARCHAR] - [jN]
2020-06-19 14:05:51 TRACE [BasicBinder.java:64] binding parameter [102] as [VARCHAR] - [ABgLTUZRUhJZwKzFAFHB]
2020-06-19 14:05:51 TRACE [BasicBinder.java:64] binding parameter [103] as [VARCHAR] - [DkFIPgcyRkocptlKrUGw]
2020-06-19 14:05:51 TRACE [BasicBinder.java:64] binding parameter [104] as [VARCHAR] - [mWoDPSlBZLUTjENACYm]
2020-06-19 14:05:51 TRACE [BasicBinder.java:64] binding parameter [105] as [VARCHAR] - [wDPghsGJvwNiDwTfues]
2020-06-19 14:05:51 TRACE [BasicBinder.java:64] binding parameter [106] as [VARCHAR] - [WRtmEAmbgPfbCNbOrlb]
2020-06-19 14:05:51 TRACE [BasicBinder.java:64] binding parameter [107] as [VARCHAR] - [GGICJZq]
2020-06-19 14:05:51 TRACE [BasicBinder.java:64] binding parameter [108] as [VARCHAR] - [GU]
2020-06-19 14:05:51 TRACE [BasicBinder.java:64] binding parameter [109] as [INTEGER] - [307879]
2020-06-19 14:05:51 TRACE [BasicBinder.java:64] binding parameter [110] as [VARCHAR] - [wtQkXIJiwoGOPhALziOp]
2020-06-19 14:05:51 TRACE [BasicBinder.java:64] binding parameter [111] as [VARCHAR] - [gTHFwFzlXtxRViX]
2020-06-19 14:05:51 TRACE [BasicBinder.java:64] binding parameter [112] as [VARCHAR] - [KMvpLksJUrIoGvvuEUf]
2020-06-19 14:05:51 TRACE [BasicBinder.java:64] binding parameter [113] as [VARCHAR] - [lq]
2020-06-19 14:05:51 TRACE [BasicBinder.java:64] binding parameter [114] as [VARCHAR] - [buRhmNpmJg]
2020-06-19 14:05:51 TRACE [BasicBinder.java:64] binding parameter [115] as [VARCHAR] - [q]
2020-06-19 14:05:51 TRACE [BasicBinder.java:64] binding parameter [116] as [VARCHAR] - [sUilLIEhhrT]
2020-06-19 14:05:51 TRACE [BasicBinder.java:64] binding parameter [117] as [VARCHAR] - [BTrUVvrizmLkrdPFLgvI]
2020-06-19 14:05:51 TRACE [BasicBinder.java:64] binding parameter [118] as [VARCHAR] - [QXVZoZBHLcWNnRKLoOqT]
2020-06-19 14:05:51 TRACE [BasicBinder.java:64] binding parameter [119] as [VARCHAR] - [nTUqamIvuQWibceSmcUG]
2020-06-19 14:05:51 TRACE [BasicBinder.java:64] binding parameter [120] as [VARCHAR] - [BOcFzmYcPdudEJnpIXKp]
2020-06-19 14:05:51 TRACE [BasicBinder.java:64] binding parameter [121] as [VARCHAR] - [SvtBfjetVhdRExYVQvTV]
2020-06-19 14:05:51 TRACE [BasicBinder.java:64] binding parameter [122] as [VARCHAR] - [MC]
2020-06-19 14:05:51 TRACE [BasicBinder.java:64] binding parameter [123] as [VARCHAR] - [r]
2020-06-19 14:05:51 TRACE [BasicBinder.java:64] binding parameter [124] as [VARCHAR] - [ejYm]
2020-06-19 14:05:51 TRACE [BasicBinder.java:64] binding parameter [125] as [VARCHAR] - [FSEyrWqJQZVnYcjvpxcM]
2020-06-19 14:05:51 TRACE [BasicBinder.java:64] binding parameter [126] as [VARCHAR] - [IYd]
2020-06-19 14:05:51 TRACE [BasicBinder.java:64] binding parameter [127] as [VARCHAR] - [sq]
2020-06-19 14:05:51 TRACE [BasicBinder.java:64] binding parameter [128] as [VARCHAR] - [kryenobpBufuyCsyASrj]
2020-06-19 14:05:51 TRACE [BasicBinder.java:64] binding parameter [129] as [VARCHAR] - [EpdkLCRLeUjstxUILyME]
2020-06-19 14:05:51 TRACE [BasicBinder.java:64] binding parameter [130] as [VARCHAR] - [CDSqHljPGmMYApHKJDUD]
2020-06-19 14:05:51 TRACE [BasicBinder.java:64] binding parameter [131] as [VARCHAR] - [O]
2020-06-19 14:05:51 TRACE [BasicBinder.java:64] binding parameter [132] as [VARCHAR] - [EPbhnSroUraTyznXTDGs]
2020-06-19 14:05:51 TRACE [BasicBinder.java:64] binding parameter [133] as [VARCHAR] - [wyHZKWbVacAwyGXesejF]
2020-06-19 14:05:51 TRACE [BasicBinder.java:64] binding parameter [134] as [VARCHAR] - [HKnRbDEZjdaTWAbdPigD]
2020-06-19 14:05:51 TRACE [BasicBinder.java:64] binding parameter [135] as [VARCHAR] - [FF]
2020-06-19 14:05:51 TRACE [BasicBinder.java:64] binding parameter [136] as [VARCHAR] - [TXtcJHjjdldzChwC]
2020-06-19 14:05:51 TRACE [BasicBinder.java:64] binding parameter [137] as [DOUBLE] - [2647511.205513102]
2020-06-19 14:05:51 TRACE [BasicBinder.java:64] binding parameter [138] as [VARCHAR] - [QQKJWHfZ]
2020-06-19 14:05:51 TRACE [BasicBinder.java:64] binding parameter [139] as [VARCHAR] - [oWdXLsCUQaqSzcV]
2020-06-19 14:05:51 TRACE [BasicBinder.java:64] binding parameter [140] as [VARCHAR] - [uOzpxoGXQj]
2020-06-19 14:05:51 TRACE [BasicBinder.java:64] binding parameter [141] as [BIGINT] - [24]
2020-06-19 14:05:51 DEBUG [MockBuilder.java:94] set changeTimestamp -> 1970-01-01T01:36:39
2020-06-19 14:05:51 DEBUG [MockBuilder.java:94] set createdBy -> SxcJPNGA
2020-06-19 14:05:51 DEBUG [MockBuilder.java:94] set createTimestamp -> 1970-01-01T00:44:06
2020-06-19 14:05:51 DEBUG [MockBuilder.java:94] set precedence -> 8552421.917951636
2020-06-19 14:05:51 DEBUG [MockBuilder.java:94] set ediReasonCode -> 311533
2020-06-19 14:05:51 DEBUG [MockBuilder.java:94] set description -> rrXxhAkeHcneWADvTlnN
2020-06-19 14:05:51 DEBUG [MockBuilder.java:94] set autoCreateFlag -> X
2020-06-19 14:05:51 DEBUG [MockBuilder.java:94] set level -> D
2020-06-19 14:05:51 DEBUG [MockBuilder.java:94] set ediOrdValidations -> null
2020-06-19 14:05:51 DEBUG [MockBuilder.java:94] set changedBy -> zdTkMjhh
2020-06-19 14:05:51 DEBUG [MockBuilder.java:94] set defaultAction -> y
Hibernate: select edireasonc0_.EDI_REASON_CODE as edi_reas1_6_1_, edireasonc0_.AUTO_CREATE_FLAG as auto_cre2_6_1_, edireasonc0_.CHANGE_TIMESTAMP as change_t3_6_1_, edireasonc0_.CHANGED_BY as changed_4_6_1_, edireasonc0_.CREATE_TIMESTAMP as create_t5_6_1_, edireasonc0_.CREATED_BY as created_6_6_1_, edireasonc0_.DEFAULT_ACTION as default_7_6_1_, edireasonc0_.description as descript8_6_1_, edireasonc0_.LEVEL as level9_6_1_, edireasonc0_.precedence as precede10_6_1_, ediordvali1_.edi_reason_code as edi_rea11_2_3_, ediordvali1_.EDI_ORDER_NBR as edi_orde1_2_3_, ediordvali1_.PO_LINE_NBR as po_line_2_2_3_, ediordvali1_.TIME_STAMP as time_sta3_2_3_, ediordvali1_.EDI_ORDER_NBR as edi_orde1_2_0_, ediordvali1_.PO_LINE_NBR as po_line_2_2_0_, ediordvali1_.TIME_STAMP as time_sta3_2_0_, ediordvali1_.ACTION_CODE as action_c4_2_0_, ediordvali1_.ASSIGNED_TO as assigned5_2_0_, ediordvali1_.CHANGED_BY as changed_6_2_0_, ediordvali1_.CHANGED_TIMESTAMP as changed_7_2_0_, ediordvali1_.CREATED_BY as created_8_2_0_, ediordvali1_.CREATED_TIMESTAMP as created_9_2_0_, ediordvali1_.edi_reason_code as edi_rea11_2_0_, ediordvali1_.status as status10_2_0_ from EDI_REASON_CODE edireasonc0_ left outer join EDI_ORD_VALIDATION ediordvali1_ on edireasonc0_.EDI_REASON_CODE=ediordvali1_.edi_reason_code where edireasonc0_.EDI_REASON_CODE=?
2020-06-19 14:05:51 TRACE [BasicBinder.java:64] binding parameter [1] as [INTEGER] - [63]
Hibernate: select ediorderhe0_.EDI_ORDER_NUMBER as edi_orde1_4_, ediorderhe0_.ACCT_CONTACT as acct_con2_4_, ediorderhe0_.ACKNOWLEGE_ORD_IND as acknowle3_4_, ediorderhe0_.ADDR_KEY as addr_key4_4_, ediorderhe0_.AGREEMENT_NUMBER as agreemen5_4_, ediorderhe0_.ASSIGNED_AGENT as assigned6_4_, ediorderhe0_.AUTH_REP as auth_rep7_4_, ediorderhe0_.AUTHORIZATION_NO as authoriz8_4_, ediorderhe0_.beg as beg9_4_, ediorderhe0_.BILL_TO_STATE as bill_to10_4_, ediorderhe0_.BILL_TO_STORE as bill_to11_4_, ediorderhe0_.BS_STORE_NBR as bs_stor12_4_, ediorderhe0_.CANCEL_DATE_QUAL as cancel_13_4_, ediorderhe0_.CARRIER_CODE as carrier14_4_, ediorderhe0_.CB_CUT_LENGTH as cb_cut_15_4_, ediorderhe0_.CHNG_LID as chng_li16_4_, ediorderhe0_.CHNG_TIMESTAMP as chng_ti17_4_, ediorderhe0_.COMM_CUST as comm_cu18_4_, ediorderhe0_.CONS_STATUS_MSG as cons_st19_4_, ediorderhe0_.CONSUMER_ADDRESS as consume20_4_, ediorderhe0_.CONSUMER_ADDRESS_2 as CONSUME21_4_, ediorderhe0_.CONSUMER_CITY as consume22_4_, ediorderhe0_.CONSUMER_PO_DATE as consume23_4_, ediorderhe0_.CONSUMER_SHIP_FLG as consume24_4_, ediorderhe0_.CONSUMER_NAME as consume25_4_, ediorderhe0_.CONSUMER_STATE as consume26_4_, ediorderhe0_.CONSUMER_ZIP as consume27_4_, ediorderhe0_.CONTRACT_USAGE_IND as contrac28_4_, ediorderhe0_.CROSS_DOCK_CENTER as cross_d29_4_, ediorderhe0_.CUST_DEPT as cust_de30_4_, ediorderhe0_.CUSTOMER_NUMBER as custome31_4_, ediorderhe0_.CUST_PMT_METH as cust_pm32_4_, ediorderhe0_.CUST_SP_INST as cust_sp33_4_, ediorderhe0_.CUST_WH_NBR as cust_wh34_4_, ediorderhe0_.CUSTOMER_CODE as custome35_4_, ediorderhe0_.CUSTOMER_REF_NBR as custome36_4_, ediorderhe0_.CUSTOMER_SIDEMARK as custome37_4_, ediorderhe0_.DELIVERY_DATE as deliver38_4_, ediorderhe0_.DELV_CUT_OFF_DT as delv_cu39_4_, ediorderhe0_.DIV_DESC as div_des40_4_, ediorderhe0_.DUNS_NBR as duns_nb41_4_, ediorderhe0_.ERROR_CODE as error_c42_4_, ediorderhe0_.ERROR_DESCRIPTION as error_d43_4_, ediorderhe0_.ERROR_TIMESTAMP as error_t44_4_, ediorderhe0_.EVENT_INFO as event_i45_4_, ediorderhe0_.EXPLODE_FLAG as explode46_4_, ediorderhe0_.FOB_POINT as fob_poi47_4_, ediorderhe0_.FRT_CODE as frt_cod48_4_, ediorderhe0_.GIFT_MESSAGE_1 as GIFT_ME49_4_, ediorderhe0_.GIFT_MESSAGE_2 as GIFT_ME50_4_, ediorderhe0_.HOST_ALERT_FLAG as host_al51_4_, ediorderhe0_.INPUT_METHOD as input_m52_4_, ediorderhe0_.MARK_FOR_STORE as mark_fo53_4_, ediorderhe0_.MEDIA_EVENT_CODE as media_e54_4_, ediorderhe0_.NB_DATE as nb_date55_4_, ediorderhe0_.NEW_STORE_IND as new_sto56_4_, ediorderhe0_.NO_ASN_FLAG as no_asn_57_4_, ediorderhe0_.OH_CANCEL_DATE as oh_canc58_4_, ediorderhe0_.OH_STATUS_CODE as oh_stat59_4_, ediorderhe0_.ON_NOTE as on_note60_4_, ediorderhe0_.ONLINE_TYPE as online_61_4_, ediorderhe0_.ORDER_DATE as order_d62_4_, ediorderhe0_.ORDER_LOC as order_l63_4_, ediorderhe0_.ORDER_MER_COST as order_m64_4_, ediorderhe0_.ORDER_RET_HAND as order_r65_4_, ediorderhe0_.ORDER_RET_SH as order_r66_4_, ediorderhe0_.ORDER_RET_TAX as order_r67_4_, ediorderhe0_.ORDER_RET_TOTAL as order_r68_4_, ediorderhe0_.ORDER_TYPE as order_t69_4_, ediorderhe0_.ORDER_TYPE_DESC as order_t70_4_, ediorderhe0_.ORDER_WEIGHT as order_w71_4_, ediorderhe0_.ORDERING_SYSTEM as orderin72_4_, ediorderhe0_.PHONE_NUMBER as phone_n73_4_, ediorderhe0_.PO_CONTROL as po_cont74_4_, ediorderhe0_.PO_DATE_QUAL as po_date75_4_, ediorderhe0_.PO_DATE as po_date76_4_, ediorderhe0_.PO_NUMBER as po_numb77_4_, ediorderhe0_.PO_QUAL as po_qual78_4_, ediorderhe0_.PO_TYPE as po_type79_4_, ediorderhe0_.PO_TYPE_SUFFIX as po_type80_4_, ediorderhe0_.PS_MSG as ps_msg81_4_, ediorderhe0_.PURCHASED_BY as purchas82_4_, ediorderhe0_.RCD_CODE as rcd_cod83_4_, ediorderhe0_.RECEIVED_TIMESTAMP as receive84_4_, ediorderhe0_.REF_TC_NBR as ref_tc_85_4_, ediorderhe0_.RESERVE_ORDER_IND as reserve86_4_, ediorderhe0_.RETURN_MSG as return_87_4_, ediorderhe0_.ROUTE_BY_DATE as route_b88_4_, ediorderhe0_.SALES_CHECK_NUMBER as sales_c89_4_, ediorderhe0_.SALES_REQ_CODE as sales_r90_4_, ediorderhe0_.SELL_CO as sell_co91_4_, ediorderhe0_.SEQ_NBR as seq_nbr92_4_, ediorderhe0_.ORDER_NUMBER as order_n93_4_, ediorderhe0_.SHIP_BY_CUT_OFF_DT as ship_by94_4_, ediorderhe0_.SHIP_BY_DATE as ship_by95_4_, ediorderhe0_.SHIP_CANCEL_DATE as ship_ca96_4_, ediorderhe0_.SHIP_COMPLETE as ship_co97_4_, ediorderhe0_.SHIP_DATE_QUAL as ship_da98_4_, ediorderhe0_.SHIP_DATE as ship_da99_4_, ediorderhe0_.SHIP_INSTRUCTION as ship_i100_4_, ediorderhe0_.SHIP_PART_COMP_IND as ship_p101_4_, ediorderhe0_.SHIP_PT as ship_p102_4_, ediorderhe0_.SHIP_TO_ADDRESS_1 as SHIP_T103_4_, ediorderhe0_.SHIP_TO_ADDRESS_2 as SHIP_T104_4_, ediorderhe0_.SHIP_TO_CITY as ship_t105_4_, ediorderhe0_.SHIP_TO_CN_CITY as ship_t106_4_, ediorderhe0_.SHIP_TO_COUNTRY as ship_t107_4_, ediorderhe0_.SHIP_TO_CUST_NBR as ship_t108_4_, ediorderhe0_.SHIP_TO_DEST_COD as ship_t109_4_, ediorderhe0_.SHIP_TO_FLAG as ship_t110_4_, ediorderhe0_.SHIP_TO_NAME as ship_t111_4_, ediorderhe0_.SHIP_TO_PHONE as ship_t112_4_, ediorderhe0_.SHIP_TO_PROVENCE as ship_t113_4_, ediorderhe0_.SHIP_TO_STATE as ship_t114_4_, ediorderhe0_.SHIP_TO_STORE as ship_t115_4_, ediorderhe0_.SHIP_TO_TRUNC_FLG as ship_t116_4_, ediorderhe0_.SHIP_TO_ZIP as ship_t117_4_, ediorderhe0_.SPECIAL_INSTRUCT_1 as SPECIA118_4_, ediorderhe0_.SPECIAL_INSTRUCT_2 as SPECIA119_4_, ediorderhe0_.SPECIAL_INSTRUCT_3 as SPECIA120_4_, ediorderhe0_.SPECIAL_INSTRUCT_4 as SPECIA121_4_, ediorderhe0_.SPECIAL_PO_NO as specia122_4_, ediorderhe0_.SRV_LEVEL as srv_le123_4_, ediorderhe0_.STATUS_CODE as status124_4_, ediorderhe0_.STD_CARR_ALPHA_IND as std_ca125_4_, ediorderhe0_.STORE_NAME as store_126_4_, ediorderhe0_.TERMS_NET_DAYS as terms_127_4_, ediorderhe0_.TERMS_TYPE_FLAG as terms_128_4_, ediorderhe0_.THIRD_PARTY_ACCT_NBR as third_129_4_, ediorderhe0_.THIRD_PARTY_ADDR_1 as THIRD_130_4_, ediorderhe0_.THIRD_PARTY_ADDR_2 as THIRD_131_4_, ediorderhe0_.THIRD_PARTY_BILL_FLAG as third_132_4_, ediorderhe0_.THIRD_PARTY_CITY as third_133_4_, ediorderhe0_.THIRD_PARTY_NAME as third_134_4_, ediorderhe0_.THIRD_PARTY_NAME_2 as THIRD_135_4_, ediorderhe0_.THIRD_PARTY_STATE as third_136_4_, ediorderhe0_.THIRD_PARTY_ZIP as third_137_4_, ediorderhe0_.TOTAL_BINDING_FT as total_138_4_, ediorderhe0_.USER_ID as user_i139_4_, ediorderhe0_.VENDOR_NO as vendor140_4_, ediorderhe0_.WC_STORE as wc_sto141_4_ from EDI_ORDER_HEADER ediorderhe0_ where ediorderhe0_.ORDER_TYPE=? limit ?
2020-06-19 14:05:51 TRACE [BasicBinder.java:64] binding parameter [1] as [VARCHAR] - [H]
Hibernate: select ediorderli0_.edi_order_number as edi_ord73_5_, ediorderli0_.PO_LINE_NO as po_line_1_5_, ediorderli0_.ADD_CUST_PROD_INFO as add_cust2_5_, ediorderli0_.AGREEMENT_PRICE as agreemen3_5_, ediorderli0_.AGREEMENT_UOM as agreemen4_5_, ediorderli0_.BACKORDERED_FLAG as backorde5_5_, ediorderli0_.BILL_TO_STORE as bill_to_6_5_, ediorderli0_.BINDING_FT as binding_7_5_, ediorderli0_.CALC_PRICE as calc_pri8_5_, ediorderli0_.CHNG_LID as chng_lid9_5_, ediorderli0_.CHNG_TIMESTAMP as chng_ti10_5_, ediorderli0_.SELL_COLOR_NUMBER as sell_co11_5_, ediorderli0_.CONS_MSG as cons_ms12_5_, ediorderli0_.CONV_FACTOR as conv_fa13_5_, ediorderli0_.CONV_QTY as conv_qt14_5_, ediorderli0_.CONV_UOM as conv_uo15_5_, ediorderli0_.CONV_WEIGHT as conv_we16_5_, ediorderli0_.CUST_PO_LINE_NBR as cust_po17_5_, ediorderli0_.CUST_PROD_DESC as cust_pr18_5_, ediorderli0_.CUST_PROD_ID as cust_pr19_5_, ediorderli0_.CUST_PROD_QUAL as cust_pr20_5_, ediorderli0_.CUST_REQ_SHIP_DATE as cust_re21_5_, ediorderli0_.CUST_SZ_DESC as cust_sz22_5_, ediorderli0_.CUST_UNIT_PRICE as cust_un23_5_, ediorderli0_.CUSTOMER_CODE as custome24_5_, ediorderli0_.CUSTOMER_NUMBER as custome25_5_, ediorderli0_.CUT_LENGTH as cut_len26_5_, ediorderli0_.DEPT_NBR as dept_nb27_5_, ediorderli0_.DISC_PCT as disc_pc28_5_, ediorderli0_.ERROR_CODE as error_c29_5_, ediorderli0_.ERROR_DESCRIPTION as error_d30_5_, ediorderli0_.ERROR_TIMESTAMP as error_t31_5_, ediorderli0_.GTIN_NBR as gtin_nb32_5_, ediorderli0_.ITEM_NO as item_no33_5_, ediorderli0_.ITEM_QUAL as item_qu34_5_, ediorderli0_.ITEM_SIZE as item_si35_5_, ediorderli0_.LI_INSTRUCTION as li_inst36_5_, ediorderli0_.LINE_NUMBER as line_nu37_5_, ediorderli0_.ORDER_NUMBER as order_n38_5_, ediorderli0_.ORDER_QUANTITY as order_q39_5_, ediorderli0_.ORDER_UOM as order_u40_5_, ediorderli0_.ORDERING_SYS as orderin41_5_, ediorderli0_.PO_CONTROL as po_cont42_5_, ediorderli0_.PO_NUMBER as po_numb43_5_, ediorderli0_.PRICE_QUAL as price_q44_5_, ediorderli0_.PRICE_UOM as price_u45_5_, ediorderli0_.PROD_STATUS as prod_st46_5_, ediorderli0_.QUANTITY_ORDERED as quantit47_5_, ediorderli0_.RECEIPT_ID as receipt48_5_, ediorderli0_.REQ_DYELOT as req_dye49_5_, ediorderli0_.REQ_DYELOT_QUAL as req_dye50_5_, ediorderli0_.RESERVED_IND as reserve51_5_, ediorderli0_.RET_LN_TOTAL as ret_ln_52_5_, ediorderli0_.RET_TX_DESC as ret_tx_53_5_, ediorderli0_.RETAIL_ALLOWANCE as retail_54_5_, ediorderli0_.RETAIL_PRICE as retail_55_5_, ediorderli0_.RETAIL_SH_PRICE as retail_56_5_, ediorderli0_.RETAIL_TAX as retail_57_5_, ediorderli0_.RETURN_MSG as return_58_5_, ediorderli0_.ROLL_LENGTH as roll_le59_5_, ediorderli0_.ROLL_MAX as roll_ma60_5_, ediorderli0_.ROLL_MIN as roll_mi61_5_, ediorderli0_.ROLL_WIDTH as roll_wi62_5_, ediorderli0_.ROUNDED_FLAG as rounded63_5_, ediorderli0_.SAME_DYELOT_IND as same_dy64_5_, ediorderli0_.SHIP_DATE_QUAL as ship_da65_5_, ediorderli0_.SHIP_DATE as ship_da66_5_, ediorderli0_.STATUS_CODE as status_67_5_, ediorderli0_.SELL_STYLE_NUMBER as sell_st68_5_, ediorderli0_.SUMMARIZE_FLAG as summari69_5_, ediorderli0_.UNIT_PRICE as unit_pr70_5_, ediorderli0_.UOM_CODE as uom_cod71_5_, ediorderli0_.UPC_CODE as upc_cod72_5_ from EDI_ORDER_LINE ediorderli0_ where ediorderli0_.edi_order_number=?
2020-06-19 14:05:51 TRACE [BasicBinder.java:64] binding parameter [1] as [BIGINT] - [2]
]]></system-out>
  </testcase>
  <testcase name="testConvertLegacyOrder" classname="com.shaw.ediorderservices.service.legacy.LegacyServiceTest" time="0.136">
    <error message="Index 0 out of bounds for length 0" type="java.lang.IndexOutOfBoundsException">java.lang.IndexOutOfBoundsException: Index 0 out of bounds for length 0
	at com.shaw.ediorderservices.service.legacy.LegacyServiceTest.testConvertLegacyOrder(LegacyServiceTest.java:64)
</error>
    <system-out><![CDATA[2020-06-19 14:05:51 DEBUG [MockBuilder.java:94] set shipPartCompInd -> q
2020-06-19 14:05:51 DEBUG [MockBuilder.java:94] set salesCheckNumber -> WMufpRsDlgkZRoSaBMBi
2020-06-19 14:05:51 DEBUG [MockBuilder.java:94] set eventInfo -> amLqyausRRvKPiI
2020-06-19 14:05:51 DEBUG [MockBuilder.java:94] set poType -> sjmvx
2020-06-19 14:05:51 DEBUG [MockBuilder.java:94] set orderingSystem -> ZM
2020-06-19 14:05:51 DEBUG [MockBuilder.java:94] set storeName -> sZrwaDbvTyJDxSmAhgdS
2020-06-19 14:05:51 DEBUG [MockBuilder.java:94] set shipPt -> jf
2020-06-19 14:05:51 DEBUG [MockBuilder.java:94] set salesReqCode -> UD
2020-06-19 14:05:51 DEBUG [MockBuilder.java:94] set reserveOrderInd -> V
2020-06-19 14:05:51 DEBUG [MockBuilder.java:94] set poTypeSuffix -> nZguRFKOZq
2020-06-19 14:05:51 DEBUG [MockBuilder.java:94] set explodeFlag -> t
2020-06-19 14:05:51 DEBUG [MockBuilder.java:94] set phoneNumber -> vnnrEnJoJmJ
2020-06-19 14:05:51 DEBUG [MockBuilder.java:94] set specialInstruct1 -> knhxpaBqWhBQTofLYUfI
2020-06-19 14:05:51 DEBUG [MockBuilder.java:94] set sellCo -> JB
2020-06-19 14:05:51 DEBUG [MockBuilder.java:94] set termsNetDays -> Ifq
2020-06-19 14:05:51 DEBUG [MockBuilder.java:94] set psMsg -> nRdqMYIeWrRzsBXaQAJJ
2020-06-19 14:05:51 DEBUG [MockBuilder.java:94] set returnMsg -> WdvStErdMVwIMJRijEFv
2020-06-19 14:05:51 DEBUG [MockBuilder.java:94] set fobPoint -> DC
2020-06-19 14:05:51 DEBUG [MockBuilder.java:94] set poControl -> mSbzF
2020-06-19 14:05:51 DEBUG [MockBuilder.java:94] set seqNbr -> 549380
2020-06-19 14:05:51 DEBUG [MockBuilder.java:94] set termsTypeFlag -> kM
2020-06-19 14:05:51 DEBUG [MockBuilder.java:94] set shipComplete -> e
2020-06-19 14:05:51 DEBUG [MockBuilder.java:94] set specialInstruct2 -> GRwNISBMioFqwwgAAcdE
2020-06-19 14:05:51 DEBUG [MockBuilder.java:94] set frtCode -> R
2020-06-19 14:05:51 DEBUG [MockBuilder.java:94] set routeByDate -> 1983-12-11
2020-06-19 14:05:51 DEBUG [MockBuilder.java:94] set poDateValue -> 1976-03-08
2020-06-19 14:05:51 DEBUG [MockBuilder.java:94] set consStatusMsg -> hvTLhCpNkQNPBEzTiqrd
2020-06-19 14:05:51 DEBUG [MockBuilder.java:94] set totalBindingFt -> 3072518.4705344927
2020-06-19 14:05:51 DEBUG [MockBuilder.java:94] set shipDateValue -> 1995-04-25
2020-06-19 14:05:51 DEBUG [MockBuilder.java:94] set specialInstruct3 -> dXqvvVHYWkBnUsCZNzBa
2020-06-19 14:05:51 DEBUG [MockBuilder.java:94] set giftMessage1 -> RSRmTMOypXbXRaHOMqQN
2020-06-19 14:05:51 DEBUG [MockBuilder.java:94] set poDateQualifier -> Joy
2020-06-19 14:05:51 DEBUG [MockBuilder.java:94] set beg -> aGHhP
2020-06-19 14:05:51 DEBUG [MockBuilder.java:94] set contractUsageInd -> J
2020-06-19 14:05:51 DEBUG [MockBuilder.java:94] set srvLevel -> Pn
2020-06-19 14:05:51 DEBUG [MockBuilder.java:94] set billToState -> vH
2020-06-19 14:05:51 DEBUG [MockBuilder.java:94] set specialInstruct4 -> izyDaLRoQfdcbAkOSciC
2020-06-19 14:05:51 DEBUG [MockBuilder.java:94] set crossDockCenter -> VjEkHbHdKs
2020-06-19 14:05:51 DEBUG [MockBuilder.java:94] set shipDateQualifier -> oUF
2020-06-19 14:05:51 DEBUG [MockBuilder.java:94] set poNumber -> KpCjDpzzMQmDJxWNcBOu
2020-06-19 14:05:51 DEBUG [MockBuilder.java:94] set giftMessage2 -> crXdXDLNEqyYxPtkCkWq
2020-06-19 14:05:51 DEBUG [MockBuilder.java:94] set billToStore -> fzHUyTFukr
2020-06-19 14:05:51 DEBUG [MockBuilder.java:94] set statusCode -> m
2020-06-19 14:05:51 DEBUG [MockBuilder.java:94] set custDept -> xaOsK
2020-06-19 14:05:51 DEBUG [MockBuilder.java:94] set specialPoNo -> RRWfvLxHsycQDyEiaTAt
2020-06-19 14:05:51 DEBUG [MockBuilder.java:94] set shipInstruction -> KEgasxOCcdNUlFDrWTCd
2020-06-19 14:05:51 DEBUG [MockBuilder.java:94] set poQual -> uf
2020-06-19 14:05:51 DEBUG [MockBuilder.java:94] set bsStoreNbr -> VZCGJYCKJv
2020-06-19 14:05:51 DEBUG [MockBuilder.java:94] set stdCarrAlphaInd -> iZXr
2020-06-19 14:05:51 DEBUG [MockBuilder.java:94] set hostAlertFlag -> L
2020-06-19 14:05:51 DEBUG [MockBuilder.java:94] set chngLid -> KScVYUUa
2020-06-19 14:05:51 DEBUG [MockBuilder.java:94] set shipByCutOffDt -> 1997-01-03
2020-06-19 14:05:51 DEBUG [MockBuilder.java:94] set cancelDateQualifier -> Chb
2020-06-19 14:05:51 DEBUG [MockBuilder.java:94] set userId -> TInDogpL
2020-06-19 14:05:51 DEBUG [MockBuilder.java:94] set chngTimestamp -> 1970-01-01T00:33:32
2020-06-19 14:05:51 DEBUG [MockBuilder.java:94] set orderRetTotal -> 1549678.3504919978
2020-06-19 14:05:51 DEBUG [MockBuilder.java:94] set dunsNbr -> UsCEmwInUADBigW
2020-06-19 14:05:51 DEBUG [MockBuilder.java:94] set shipByDate -> 1970-05-31
2020-06-19 14:05:51 DEBUG [MockBuilder.java:94] set carrierCode -> kr
2020-06-19 14:05:51 DEBUG [MockBuilder.java:94] set phone -> WkHVnZuKPvOqFYi
2020-06-19 14:05:51 DEBUG [MockBuilder.java:94] set commCust -> CykXoEp
2020-06-19 14:05:51 DEBUG [MockBuilder.java:94] set vendorNo -> vLdbPBYvFhVLjCm
2020-06-19 14:05:51 DEBUG [MockBuilder.java:94] set orderType -> a
2020-06-19 14:05:51 DEBUG [MockBuilder.java:94] set errorCode -> YTp
2020-06-19 14:05:51 DEBUG [MockBuilder.java:94] set shipCancelDate -> 1995-11-07
2020-06-19 14:05:51 DEBUG [MockBuilder.java:94] set customerCode -> YI
2020-06-19 14:05:51 DEBUG [MockBuilder.java:94] set cbCutLength -> 6926133.579404779
2020-06-19 14:05:51 DEBUG [MockBuilder.java:94] set orderTypeDesc -> ouCBGBwerEAxlUz
2020-06-19 14:05:51 DEBUG [MockBuilder.java:94] set wcStore -> tatmraVcFk
2020-06-19 14:05:51 DEBUG [MockBuilder.java:94] set country -> uUXJUwGjdJrIPixpkTY
2020-06-19 14:05:51 DEBUG [MockBuilder.java:94] set errorDescription -> IRecbsHbWuXYgaYwaldT
2020-06-19 14:05:51 DEBUG [MockBuilder.java:94] set custNbr -> AgHpVXe
2020-06-19 14:05:51 DEBUG [MockBuilder.java:94] set province -> foTLTqHhFNKRlPCDNdO
2020-06-19 14:05:51 DEBUG [MockBuilder.java:94] set agreementNumber -> ZhZBYRWkNdNuckp
2020-06-19 14:05:51 DEBUG [MockBuilder.java:94] set orderWeight -> 4941330.818669516
2020-06-19 14:05:51 DEBUG [MockBuilder.java:94] set cnCity -> AIOMfBntlsdzSzblfrR
2020-06-19 14:05:51 DEBUG [MockBuilder.java:94] set customerRefNbr -> ZAC
2020-06-19 14:05:51 DEBUG [MockBuilder.java:94] set errorTimestamp -> 1970-01-01T02:17:30
2020-06-19 14:05:51 DEBUG [MockBuilder.java:94] set assignedAgent -> DzvqWecO
2020-06-19 14:05:51 DEBUG [MockBuilder.java:94] set name -> SmKcbIHxuiwbdnrbAfBr
2020-06-19 14:05:51 DEBUG [MockBuilder.java:94] set destCode -> ZY
2020-06-19 14:05:51 DEBUG [MockBuilder.java:94] set orderRetHand -> 2162959.7268366474
2020-06-19 14:05:51 DEBUG [MockBuilder.java:94] set name -> CHDPjVDBtQqmLkVvDowI
2020-06-19 14:05:51 DEBUG [MockBuilder.java:94] set authRep -> dTIEXwyehjciLgfDEZhs
2020-06-19 14:05:51 DEBUG [MockBuilder.java:94] set customerSidemark -> errXsrqsKMnBUQwJdrSA
2020-06-19 14:05:51 DEBUG [MockBuilder.java:94] set deliveryDate -> 1994-05-13
2020-06-19 14:05:51 DEBUG [MockBuilder.java:94] set orderRetSh -> 9574650.707735172
2020-06-19 14:05:51 DEBUG [MockBuilder.java:94] set custNbr -> JEziRMu
2020-06-19 14:05:51 DEBUG [MockBuilder.java:94] set flag -> 982636
2020-06-19 14:05:51 DEBUG [MockBuilder.java:94] set consumerPoDateValue -> 1986-06-27
2020-06-19 14:05:51 DEBUG [MockBuilder.java:94] set custPmtMeth -> ElSKJkJMYWWyaPrlBNcu
2020-06-19 14:05:51 DEBUG [MockBuilder.java:94] set delvCutOffDt -> 1984-03-05
2020-06-19 14:05:51 DEBUG [MockBuilder.java:94] set authorizationNo -> KvYZPZpqlX
2020-06-19 14:05:51 DEBUG [MockBuilder.java:94] set orderRetTax -> 8829977.860764658
2020-06-19 14:05:51 DEBUG [MockBuilder.java:94] set addressLine2 -> OTHCogGxXDLMiMqBfzxz
2020-06-19 14:05:51 DEBUG [MockBuilder.java:94] set custSpInst -> mUXzMhrfsfrlKZyRDxSS
2020-06-19 14:05:51 DEBUG [MockBuilder.java:94] set divDesc -> pUEcRAjoCioujLiMpAzQ
2020-06-19 14:05:51 DEBUG [MockBuilder.java:94] set truncFlag -> A
2020-06-19 14:05:51 DEBUG [MockBuilder.java:94] set city -> sDIzkBPpISLVjkcBNPk
2020-06-19 14:05:51 DEBUG [MockBuilder.java:94] set ohStatusCode -> U
2020-06-19 14:05:51 DEBUG [MockBuilder.java:94] set acctContact -> hJXyojCZtslbpXEkywdb
2020-06-19 14:05:51 DEBUG [MockBuilder.java:94] set custWhNbr -> LNpK
2020-06-19 14:05:51 DEBUG [MockBuilder.java:94] set nbDate -> 1981-06-16
2020-06-19 14:05:51 DEBUG [MockBuilder.java:94] set city -> PYBUiwpGfpkIaQLhFku
2020-06-19 14:05:51 DEBUG [MockBuilder.java:94] set zip -> SfjcmDvXbFg
2020-06-19 14:05:51 DEBUG [MockBuilder.java:94] set onNote -> IhmmVWZsAjlcUgCAUhTB
2020-06-19 14:05:51 DEBUG [MockBuilder.java:94] set state -> Ke
2020-06-19 14:05:51 DEBUG [MockBuilder.java:94] set acknowlegeOrdInd -> N
2020-06-19 14:05:51 DEBUG [MockBuilder.java:94] set inputMethod -> rOzazhrllh
2020-06-19 14:05:51 DEBUG [MockBuilder.java:94] set newStoreInd -> w
2020-06-19 14:05:51 DEBUG [MockBuilder.java:94] set addressLine1 -> nZRQCETdZnlUSIqCNfVe
2020-06-19 14:05:51 DEBUG [MockBuilder.java:94] set onlineType -> d
2020-06-19 14:05:51 DEBUG [MockBuilder.java:94] set store -> YvryWAiTZf
2020-06-19 14:05:51 DEBUG [MockBuilder.java:94] set addrKey -> 611564
2020-06-19 14:05:51 DEBUG [MockBuilder.java:94] set zip -> QYUDmelEl
2020-06-19 14:05:51 DEBUG [MockBuilder.java:94] set markForStore -> pFPohFnAtp
2020-06-19 14:05:51 DEBUG [MockBuilder.java:94] set state -> Du
2020-06-19 14:05:51 DEBUG [MockBuilder.java:94] set noAsnFlag -> A
2020-06-19 14:05:51 DEBUG [MockBuilder.java:94] set orderDate -> 1971-11-13
2020-06-19 14:05:51 DEBUG [MockBuilder.java:94] set ccountry -> hAvKMlnQMrMKCGmZZyPY
2020-06-19 14:05:51 DEBUG [MockBuilder.java:94] set mediaEventCode -> fG
2020-06-19 14:05:51 DEBUG [MockBuilder.java:94] set cphone -> tgifukwRFWsQGmCmTdWD
2020-06-19 14:05:51 DEBUG [MockBuilder.java:94] set consumerShipFlg -> y
2020-06-19 14:05:51 DEBUG [MockBuilder.java:94] set addressLine2 -> AFRlDmDJzAxQzjmQKjBG
2020-06-19 14:05:51 DEBUG [MockBuilder.java:94] set ohCancelDateValue -> 1991-06-01
2020-06-19 14:05:51 DEBUG [MockBuilder.java:94] set orderLoc -> Vt
2020-06-19 14:05:51 DEBUG [MockBuilder.java:94] set cprovince -> ochbyivKWSawcNiXjGQg
2020-06-19 14:05:51 DEBUG [MockBuilder.java:94] set addressLine1 -> bnAfHaGaLzRhUblmNNzv
2020-06-19 14:05:51 DEBUG [MockBuilder.java:94] set shipToAddress -> LegacyShipToAddress [addressLine1=nZRQCETdZnlUSIqCNfVe, addressLine2=OTHCogGxXDLMiMqBfzxz, city=PYBUiwpGfpkIaQLhFku, cnCity=AIOMfBntlsdzSzblfrR, country=uUXJUwGjdJrIPixpkTY, custNbr=JEziRMu, destCode=ZY, flag=982636, name=SmKcbIHxuiwbdnrbAfBr, phone=WkHVnZuKPvOqFYi, province=foTLTqHhFNKRlPCDNdO, state=Du, store=YvryWAiTZf, truncFlag=A, zip=SfjcmDvXbFg]
2020-06-19 14:05:51 DEBUG [MockBuilder.java:94] set orderMerCost -> 3206142.1438277657
2020-06-19 14:05:51 DEBUG [MockBuilder.java:94] set consumerAddress -> LegacyConsumerAddress [cprovince=ochbyivKWSawcNiXjGQg, ccountry=hAvKMlnQMrMKCGmZZyPY, cphone=tgifukwRFWsQGmCmTdWD, addressLine1=bnAfHaGaLzRhUblmNNzv, addressLine2=AFRlDmDJzAxQzjmQKjBG, city=sDIzkBPpISLVjkcBNPk, name=CHDPjVDBtQqmLkVvDowI, consumerPoDateValue=1986-06-27, consumerShipFlg=y, state=Ke, zip=QYUDmelEl]
2020-06-19 14:05:51 DEBUG [MockBuilder.java:94] set shawOrderNumber -> GqDdPH
2020-06-19 14:05:51 DEBUG [MockBuilder.java:94] set addressLine1 -> PaPeHqhHcNFeHSjmFqty
2020-06-19 14:05:51 DEBUG [MockBuilder.java:94] set name2 -> uQWrBeBHCXVjcgdQMjvX
2020-06-19 14:05:51 DEBUG [MockBuilder.java:94] set name -> gmexxRltyQjRwekNWvBr
2020-06-19 14:05:51 DEBUG [MockBuilder.java:94] set city -> OJRnuljuVAtTGtPlEOjS
2020-06-19 14:05:51 DEBUG [MockBuilder.java:94] set zip -> GIaWnUlWWDqXBXxE
2020-06-19 14:05:51 DEBUG [MockBuilder.java:94] set billFlag -> D
2020-06-19 14:05:51 DEBUG [MockBuilder.java:94] set accountNbr -> pxXrxMemERYLtHIjMlKJ
2020-06-19 14:05:51 DEBUG [MockBuilder.java:94] set state -> uB
2020-06-19 14:05:51 DEBUG [MockBuilder.java:94] set tpcountry -> LpdeawUuhNZzhrzzlrHi
2020-06-19 14:05:51 DEBUG [MockBuilder.java:94] set addressLine2 -> jKIZKtQzguOOSBFbETim
2020-06-19 14:05:51 DEBUG [MockBuilder.java:94] set tpprovince -> LKjSnrdtOPRIizBSvwls
2020-06-19 14:05:51 DEBUG [MockBuilder.java:94] set tpphone -> RfhBelfvToDqZxHCZpfa
2020-06-19 14:05:51 DEBUG [MockBuilder.java:94] set thirdPartyAddress -> LegacyThirdPartyAddress [tpprovince=LKjSnrdtOPRIizBSvwls, tpcountry=LpdeawUuhNZzhrzzlrHi, tpphone=RfhBelfvToDqZxHCZpfa, addressLine1=PaPeHqhHcNFeHSjmFqty, addressLine2=jKIZKtQzguOOSBFbETim, accountNbr=pxXrxMemERYLtHIjMlKJ, billFlag=D, city=OJRnuljuVAtTGtPlEOjS, name=gmexxRltyQjRwekNWvBr, name2=uQWrBeBHCXVjcgdQMjvX, state=uB, zip=GIaWnUlWWDqXBXxE]
2020-06-19 14:05:51 DEBUG [MockBuilder.java:94] set purchasedBy -> uiqRLtDZAYFQUROypoJp
2020-06-19 14:05:51 DEBUG [MockBuilder.java:94] set dates -> null
2020-06-19 14:05:51 DEBUG [MockBuilder.java:94] set lines -> null
2020-06-19 14:05:51 DEBUG [MockBuilder.java:94] set rcdCode -> L
2020-06-19 14:05:51 DEBUG [MockBuilder.java:94] set receivedTimestamp -> 1970-01-01T01:34:25
2020-06-19 14:05:51 DEBUG [MockBuilder.java:94] set refTcNbr -> TiBDWEEdXvEhlqbvQBXM
2020-06-19 14:05:51 DEBUG [MockHelper.java:99] EdiOrderHeader [legacyOrderNumber=null, acctContact=hJXyojCZtslbpXEkywdb, acknowlegeOrdInd=N, addrKey=611564, agreementNumber=ZhZBYRWkNdNuckp, assignedAgent=DzvqWecO, authRep=dTIEXwyehjciLgfDEZhs, authorizationNo=KvYZPZpqlX, beg=aGHhP, billToState=vH, billToStore=fzHUyTFukr, bsStoreNbr=VZCGJYCKJv, cancelDateQualifier=Chb, carrierCode=kr, cbCutLength=6926133.579404779, chngLid=KScVYUUa, chngTimestamp=1970-01-01T00:33:32, commCust=CykXoEp, consStatusMsg=hvTLhCpNkQNPBEzTiqrd, contractUsageInd=J, crossDockCenter=VjEkHbHdKs, custDept=xaOsK, custPmtMeth=ElSKJkJMYWWyaPrlBNcu, custSpInst=mUXzMhrfsfrlKZyRDxSS, custWhNbr=LNpK, customerCode=YI, custNbr=AgHpVXe, customerRefNbr=ZAC, customerSidemark=errXsrqsKMnBUQwJdrSA, deliveryDate=1994-05-13, delvCutOffDt=1984-03-05, divDesc=pUEcRAjoCioujLiMpAzQ, dunsNbr=UsCEmwInUADBigW, errorCode=YTp, errorDescription=IRecbsHbWuXYgaYwaldT, errorTimestamp=1970-01-01T02:17:30, eventInfo=amLqyausRRvKPiI, explodeFlag=t, fobPoint=DC, frtCode=R, giftMessage1=RSRmTMOypXbXRaHOMqQN, giftMessage2=crXdXDLNEqyYxPtkCkWq, hostAlertFlag=L, inputMethod=rOzazhrllh, markForStore=pFPohFnAtp, mediaEventCode=fG, nbDate=1981-06-16, newStoreInd=w, noAsnFlag=A, ohCancelDateValue=1991-06-01, ohStatusCode=U, onNote=IhmmVWZsAjlcUgCAUhTB, onlineType=d, orderDate=1971-11-13, orderLoc=01, orderMerCost=3206142.1438277657, shawOrderNumber=GqDdPH, orderRetHand=2162959.7268366474, orderRetSh=9574650.707735172, orderRetTax=8829977.860764658, orderRetTotal=1549678.3504919978, orderType=S, orderTypeDesc=SAMPLES, orderWeight=4941330.818669516, orderingSystem=ZM, phoneNumber=vnnrEnJoJmJ, poControl=mSbzF, poDateValue=1976-03-08, poDateQualifier=Joy, poNumber=KpCjDpzzMQmDJxWNcBOu, poQual=uf, poType=sjmvx, poTypeSuffix=nZguRFKOZq, psMsg=nRdqMYIeWrRzsBXaQAJJ, purchasedBy=uiqRLtDZAYFQUROypoJp, rcdCode=L, receivedTimestamp=1970-01-01T01:34:25, refTcNbr=TiBDWEEdXvEhlqbvQBXM, reserveOrderInd=V, returnMsg=WdvStErdMVwIMJRijEFv, routeByDate=1983-12-11, salesCheckNumber=WMufpRsDlgkZRoSaBMBi, salesReqCode=UD, sellCo=JB, seqNbr=549380, shipByCutOffDt=1997-01-03, shipByDate=1970-05-31, shipCancelDate=1995-11-07, shipComplete=e, shipDateValue=1995-04-25, shipDateQualifier=oUF, shipInstruction=KEgasxOCcdNUlFDrWTCd, shipPartCompInd=q, shipPt=jf, specialInstruct1=knhxpaBqWhBQTofLYUfI, specialInstruct2=GRwNISBMioFqwwgAAcdE, specialInstruct3=dXqvvVHYWkBnUsCZNzBa, specialInstruct4=izyDaLRoQfdcbAkOSciC, specialPoNo=RRWfvLxHsycQDyEiaTAt, srvLevel=Pn, statusCode=m, stdCarrAlphaInd=iZXr, storeName=sZrwaDbvTyJDxSmAhgdS, termsNetDays=Ifq, termsTypeFlag=kM, totalBindingFt=3072518.4705344927, userId=TInDogpL, vendorNo=vLdbPBYvFhVLjCm, wcStore=tatmraVcFk, consumerAddress=LegacyConsumerAddress [cprovince=ochbyivKWSawcNiXjGQg, ccountry=hAvKMlnQMrMKCGmZZyPY, cphone=tgifukwRFWsQGmCmTdWD, addressLine1=bnAfHaGaLzRhUblmNNzv, addressLine2=AFRlDmDJzAxQzjmQKjBG, city=sDIzkBPpISLVjkcBNPk, name=CHDPjVDBtQqmLkVvDowI, consumerPoDateValue=1986-06-27, consumerShipFlg=y, state=Ke, zip=QYUDmelEl], shipToAddress=LegacyShipToAddress [addressLine1=nZRQCETdZnlUSIqCNfVe, addressLine2=OTHCogGxXDLMiMqBfzxz, city=PYBUiwpGfpkIaQLhFku, cnCity=AIOMfBntlsdzSzblfrR, country=uUXJUwGjdJrIPixpkTY, custNbr=JEziRMu, destCode=ZY, flag=982636, name=SmKcbIHxuiwbdnrbAfBr, phone=WkHVnZuKPvOqFYi, province=foTLTqHhFNKRlPCDNdO, state=Du, store=YvryWAiTZf, truncFlag=A, zip=SfjcmDvXbFg], thirdPartyAddress=LegacyThirdPartyAddress [tpprovince=LKjSnrdtOPRIizBSvwls, tpcountry=LpdeawUuhNZzhrzzlrHi, tpphone=RfhBelfvToDqZxHCZpfa, addressLine1=PaPeHqhHcNFeHSjmFqty, addressLine2=jKIZKtQzguOOSBFbETim, accountNbr=pxXrxMemERYLtHIjMlKJ, billFlag=D, city=OJRnuljuVAtTGtPlEOjS, name=gmexxRltyQjRwekNWvBr, name2=uQWrBeBHCXVjcgdQMjvX, state=uB, zip=GIaWnUlWWDqXBXxE], dates=null, lines=null]
Hibernate: call next value for SHXP.EDI_ORDER_NBR
Hibernate: insert into EDI_ORDER_HEADER (ACCT_CONTACT, ACKNOWLEGE_ORD_IND, ADDR_KEY, AGREEMENT_NUMBER, ASSIGNED_AGENT, AUTH_REP, AUTHORIZATION_NO, beg, BILL_TO_STATE, BILL_TO_STORE, BS_STORE_NBR, CANCEL_DATE_QUAL, CARRIER_CODE, CB_CUT_LENGTH, CHNG_LID, CHNG_TIMESTAMP, COMM_CUST, CONS_STATUS_MSG, CONSUMER_ADDRESS, CONSUMER_ADDRESS_2, CONSUMER_CITY, CONSUMER_PO_DATE, CONSUMER_SHIP_FLG, CONSUMER_NAME, CONSUMER_STATE, CONSUMER_ZIP, CONTRACT_USAGE_IND, CROSS_DOCK_CENTER, CUST_DEPT, CUSTOMER_NUMBER, CUST_PMT_METH, CUST_SP_INST, CUST_WH_NBR, CUSTOMER_CODE, CUSTOMER_REF_NBR, CUSTOMER_SIDEMARK, DELIVERY_DATE, DELV_CUT_OFF_DT, DIV_DESC, DUNS_NBR, ERROR_CODE, ERROR_DESCRIPTION, ERROR_TIMESTAMP, EVENT_INFO, EXPLODE_FLAG, FOB_POINT, FRT_CODE, GIFT_MESSAGE_1, GIFT_MESSAGE_2, HOST_ALERT_FLAG, INPUT_METHOD, MARK_FOR_STORE, MEDIA_EVENT_CODE, NB_DATE, NEW_STORE_IND, NO_ASN_FLAG, OH_CANCEL_DATE, OH_STATUS_CODE, ON_NOTE, ONLINE_TYPE, ORDER_DATE, ORDER_LOC, ORDER_MER_COST, ORDER_RET_HAND, ORDER_RET_SH, ORDER_RET_TAX, ORDER_RET_TOTAL, ORDER_TYPE, ORDER_TYPE_DESC, ORDER_WEIGHT, ORDERING_SYSTEM, PHONE_NUMBER, PO_CONTROL, PO_DATE_QUAL, PO_DATE, PO_NUMBER, PO_QUAL, PO_TYPE, PO_TYPE_SUFFIX, PS_MSG, PURCHASED_BY, RCD_CODE, RECEIVED_TIMESTAMP, REF_TC_NBR, RESERVE_ORDER_IND, RETURN_MSG, ROUTE_BY_DATE, SALES_CHECK_NUMBER, SALES_REQ_CODE, SELL_CO, SEQ_NBR, ORDER_NUMBER, SHIP_BY_CUT_OFF_DT, SHIP_BY_DATE, SHIP_CANCEL_DATE, SHIP_COMPLETE, SHIP_DATE_QUAL, SHIP_DATE, SHIP_INSTRUCTION, SHIP_PART_COMP_IND, SHIP_PT, SHIP_TO_ADDRESS_1, SHIP_TO_ADDRESS_2, SHIP_TO_CITY, SHIP_TO_CN_CITY, SHIP_TO_COUNTRY, SHIP_TO_CUST_NBR, SHIP_TO_DEST_COD, SHIP_TO_FLAG, SHIP_TO_NAME, SHIP_TO_PHONE, SHIP_TO_PROVENCE, SHIP_TO_STATE, SHIP_TO_STORE, SHIP_TO_TRUNC_FLG, SHIP_TO_ZIP, SPECIAL_INSTRUCT_1, SPECIAL_INSTRUCT_2, SPECIAL_INSTRUCT_3, SPECIAL_INSTRUCT_4, SPECIAL_PO_NO, SRV_LEVEL, STATUS_CODE, STD_CARR_ALPHA_IND, STORE_NAME, TERMS_NET_DAYS, TERMS_TYPE_FLAG, THIRD_PARTY_ACCT_NBR, THIRD_PARTY_ADDR_1, THIRD_PARTY_ADDR_2, THIRD_PARTY_BILL_FLAG, THIRD_PARTY_CITY, THIRD_PARTY_NAME, THIRD_PARTY_NAME_2, THIRD_PARTY_STATE, THIRD_PARTY_ZIP, TOTAL_BINDING_FT, USER_ID, VENDOR_NO, WC_STORE, EDI_ORDER_NUMBER) values (?, ?, ?, ?, ?, ?, ?, ?, ?, ?, ?, ?, ?, ?, ?, ?, ?, ?, ?, ?, ?, ?, ?, ?, ?, ?, ?, ?, ?, ?, ?, ?, ?, ?, ?, ?, ?, ?, ?, ?, ?, ?, ?, ?, ?, ?, ?, ?, ?, ?, ?, ?, ?, ?, ?, ?, ?, ?, ?, ?, ?, ?, ?, ?, ?, ?, ?, ?, ?, ?, ?, ?, ?, ?, ?, ?, ?, ?, ?, ?, ?, ?, ?, ?, ?, ?, ?, ?, ?, ?, ?, ?, ?, ?, ?, ?, ?, ?, ?, ?, ?, ?, ?, ?, ?, ?, ?, ?, ?, ?, ?, ?, ?, ?, ?, ?, ?, ?, ?, ?, ?, ?, ?, ?, ?, ?, ?, ?, ?, ?, ?, ?, ?, ?, ?, ?, ?, ?, ?, ?, ?)
2020-06-19 14:05:51 TRACE [BasicBinder.java:64] binding parameter [1] as [VARCHAR] - [hJXyojCZtslbpXEkywdb]
2020-06-19 14:05:51 TRACE [BasicBinder.java:64] binding parameter [2] as [VARCHAR] - [N]
2020-06-19 14:05:51 TRACE [BasicBinder.java:64] binding parameter [3] as [INTEGER] - [611564]
2020-06-19 14:05:51 TRACE [BasicBinder.java:64] binding parameter [4] as [VARCHAR] - [ZhZBYRWkNdNuckp]
2020-06-19 14:05:51 TRACE [BasicBinder.java:64] binding parameter [5] as [VARCHAR] - [DzvqWecO]
2020-06-19 14:05:51 TRACE [BasicBinder.java:64] binding parameter [6] as [VARCHAR] - [dTIEXwyehjciLgfDEZhs]
2020-06-19 14:05:51 TRACE [BasicBinder.java:64] binding parameter [7] as [VARCHAR] - [KvYZPZpqlX]
2020-06-19 14:05:51 TRACE [BasicBinder.java:64] binding parameter [8] as [VARCHAR] - [aGHhP]
2020-06-19 14:05:51 TRACE [BasicBinder.java:64] binding parameter [9] as [VARCHAR] - [vH]
2020-06-19 14:05:51 TRACE [BasicBinder.java:64] binding parameter [10] as [VARCHAR] - [fzHUyTFukr]
2020-06-19 14:05:51 TRACE [BasicBinder.java:64] binding parameter [11] as [VARCHAR] - [VZCGJYCKJv]
2020-06-19 14:05:51 TRACE [BasicBinder.java:64] binding parameter [12] as [VARCHAR] - [Chb]
2020-06-19 14:05:51 TRACE [BasicBinder.java:64] binding parameter [13] as [VARCHAR] - [kr]
2020-06-19 14:05:51 TRACE [BasicBinder.java:64] binding parameter [14] as [DOUBLE] - [6926133.579404779]
2020-06-19 14:05:51 TRACE [BasicBinder.java:64] binding parameter [15] as [VARCHAR] - [KScVYUUa]
2020-06-19 14:05:51 TRACE [BasicBinder.java:64] binding parameter [16] as [TIMESTAMP] - [1970-01-01T00:33:32]
2020-06-19 14:05:51 TRACE [BasicBinder.java:64] binding parameter [17] as [VARCHAR] - [CykXoEp]
2020-06-19 14:05:51 TRACE [BasicBinder.java:64] binding parameter [18] as [VARCHAR] - [hvTLhCpNkQNPBEzTiqrd]
2020-06-19 14:05:51 TRACE [BasicBinder.java:64] binding parameter [19] as [VARCHAR] - [bnAfHaGaLzRhUblmNNzv]
2020-06-19 14:05:51 TRACE [BasicBinder.java:64] binding parameter [20] as [VARCHAR] - [AFRlDmDJzAxQzjmQKjBG]
2020-06-19 14:05:51 TRACE [BasicBinder.java:64] binding parameter [21] as [VARCHAR] - [sDIzkBPpISLVjkcBNPk]
2020-06-19 14:05:51 TRACE [BasicBinder.java:64] binding parameter [22] as [DATE] - [1986-06-27]
2020-06-19 14:05:51 TRACE [BasicBinder.java:64] binding parameter [23] as [VARCHAR] - [y]
2020-06-19 14:05:51 TRACE [BasicBinder.java:64] binding parameter [24] as [VARCHAR] - [CHDPjVDBtQqmLkVvDowI]
2020-06-19 14:05:51 TRACE [BasicBinder.java:64] binding parameter [25] as [VARCHAR] - [Ke]
2020-06-19 14:05:51 TRACE [BasicBinder.java:64] binding parameter [26] as [VARCHAR] - [QYUDmelEl]
2020-06-19 14:05:51 TRACE [BasicBinder.java:64] binding parameter [27] as [VARCHAR] - [J]
2020-06-19 14:05:51 TRACE [BasicBinder.java:64] binding parameter [28] as [VARCHAR] - [VjEkHbHdKs]
2020-06-19 14:05:51 TRACE [BasicBinder.java:64] binding parameter [29] as [VARCHAR] - [xaOsK]
2020-06-19 14:05:51 TRACE [BasicBinder.java:64] binding parameter [30] as [VARCHAR] - [AgHpVXe]
2020-06-19 14:05:51 TRACE [BasicBinder.java:64] binding parameter [31] as [VARCHAR] - [ElSKJkJMYWWyaPrlBNcu]
2020-06-19 14:05:51 TRACE [BasicBinder.java:64] binding parameter [32] as [VARCHAR] - [mUXzMhrfsfrlKZyRDxSS]
2020-06-19 14:05:51 TRACE [BasicBinder.java:64] binding parameter [33] as [VARCHAR] - [LNpK]
2020-06-19 14:05:51 TRACE [BasicBinder.java:64] binding parameter [34] as [VARCHAR] - [YI]
2020-06-19 14:05:51 TRACE [BasicBinder.java:64] binding parameter [35] as [VARCHAR] - [ZAC]
2020-06-19 14:05:51 TRACE [BasicBinder.java:64] binding parameter [36] as [VARCHAR] - [errXsrqsKMnBUQwJdrSA]
2020-06-19 14:05:51 TRACE [BasicBinder.java:64] binding parameter [37] as [DATE] - [1994-05-13]
2020-06-19 14:05:51 TRACE [BasicBinder.java:64] binding parameter [38] as [DATE] - [1984-03-05]
2020-06-19 14:05:51 TRACE [BasicBinder.java:64] binding parameter [39] as [VARCHAR] - [pUEcRAjoCioujLiMpAzQ]
2020-06-19 14:05:51 TRACE [BasicBinder.java:64] binding parameter [40] as [VARCHAR] - [UsCEmwInUADBigW]
2020-06-19 14:05:51 TRACE [BasicBinder.java:64] binding parameter [41] as [VARCHAR] - [YTp]
2020-06-19 14:05:51 TRACE [BasicBinder.java:64] binding parameter [42] as [VARCHAR] - [IRecbsHbWuXYgaYwaldT]
2020-06-19 14:05:51 TRACE [BasicBinder.java:64] binding parameter [43] as [TIMESTAMP] - [1970-01-01T02:17:30]
2020-06-19 14:05:51 TRACE [BasicBinder.java:64] binding parameter [44] as [VARCHAR] - [amLqyausRRvKPiI]
2020-06-19 14:05:51 TRACE [BasicBinder.java:64] binding parameter [45] as [VARCHAR] - [t]
2020-06-19 14:05:51 TRACE [BasicBinder.java:64] binding parameter [46] as [VARCHAR] - [DC]
2020-06-19 14:05:51 TRACE [BasicBinder.java:64] binding parameter [47] as [VARCHAR] - [R]
2020-06-19 14:05:51 TRACE [BasicBinder.java:64] binding parameter [48] as [VARCHAR] - [RSRmTMOypXbXRaHOMqQN]
2020-06-19 14:05:51 TRACE [BasicBinder.java:64] binding parameter [49] as [VARCHAR] - [crXdXDLNEqyYxPtkCkWq]
2020-06-19 14:05:51 TRACE [BasicBinder.java:64] binding parameter [50] as [VARCHAR] - [L]
2020-06-19 14:05:51 TRACE [BasicBinder.java:64] binding parameter [51] as [VARCHAR] - [rOzazhrllh]
2020-06-19 14:05:51 TRACE [BasicBinder.java:64] binding parameter [52] as [VARCHAR] - [pFPohFnAtp]
2020-06-19 14:05:51 TRACE [BasicBinder.java:64] binding parameter [53] as [VARCHAR] - [fG]
2020-06-19 14:05:51 TRACE [BasicBinder.java:64] binding parameter [54] as [DATE] - [1981-06-16]
2020-06-19 14:05:51 TRACE [BasicBinder.java:64] binding parameter [55] as [VARCHAR] - [w]
2020-06-19 14:05:51 TRACE [BasicBinder.java:64] binding parameter [56] as [VARCHAR] - [A]
2020-06-19 14:05:51 TRACE [BasicBinder.java:64] binding parameter [57] as [DATE] - [1991-06-01]
2020-06-19 14:05:51 TRACE [BasicBinder.java:64] binding parameter [58] as [VARCHAR] - [U]
2020-06-19 14:05:51 TRACE [BasicBinder.java:64] binding parameter [59] as [VARCHAR] - [IhmmVWZsAjlcUgCAUhTB]
2020-06-19 14:05:51 TRACE [BasicBinder.java:64] binding parameter [60] as [VARCHAR] - [d]
2020-06-19 14:05:51 TRACE [BasicBinder.java:64] binding parameter [61] as [DATE] - [1971-11-13]
2020-06-19 14:05:51 TRACE [BasicBinder.java:64] binding parameter [62] as [VARCHAR] - [01]
2020-06-19 14:05:51 TRACE [BasicBinder.java:64] binding parameter [63] as [DOUBLE] - [3206142.1438277657]
2020-06-19 14:05:51 TRACE [BasicBinder.java:64] binding parameter [64] as [DOUBLE] - [2162959.7268366474]
2020-06-19 14:05:51 TRACE [BasicBinder.java:64] binding parameter [65] as [DOUBLE] - [9574650.707735172]
2020-06-19 14:05:51 TRACE [BasicBinder.java:64] binding parameter [66] as [DOUBLE] - [8829977.860764658]
2020-06-19 14:05:51 TRACE [BasicBinder.java:64] binding parameter [67] as [DOUBLE] - [1549678.3504919978]
2020-06-19 14:05:51 TRACE [BasicBinder.java:64] binding parameter [68] as [VARCHAR] - [S]
2020-06-19 14:05:51 TRACE [BasicBinder.java:64] binding parameter [69] as [VARCHAR] - [SAMPLES]
2020-06-19 14:05:51 TRACE [BasicBinder.java:64] binding parameter [70] as [DOUBLE] - [4941330.818669516]
2020-06-19 14:05:51 TRACE [BasicBinder.java:64] binding parameter [71] as [VARCHAR] - [ZM]
2020-06-19 14:05:51 TRACE [BasicBinder.java:64] binding parameter [72] as [VARCHAR] - [vnnrEnJoJmJ]
2020-06-19 14:05:51 TRACE [BasicBinder.java:64] binding parameter [73] as [VARCHAR] - [mSbzF]
2020-06-19 14:05:51 TRACE [BasicBinder.java:64] binding parameter [74] as [VARCHAR] - [Joy]
2020-06-19 14:05:51 TRACE [BasicBinder.java:64] binding parameter [75] as [DATE] - [1976-03-08]
2020-06-19 14:05:51 TRACE [BasicBinder.java:64] binding parameter [76] as [VARCHAR] - [KpCjDpzzMQmDJxWNcBOu]
2020-06-19 14:05:51 TRACE [BasicBinder.java:64] binding parameter [77] as [VARCHAR] - [uf]
2020-06-19 14:05:51 TRACE [BasicBinder.java:64] binding parameter [78] as [VARCHAR] - [sjmvx]
2020-06-19 14:05:51 TRACE [BasicBinder.java:64] binding parameter [79] as [VARCHAR] - [nZguRFKOZq]
2020-06-19 14:05:51 TRACE [BasicBinder.java:64] binding parameter [80] as [VARCHAR] - [nRdqMYIeWrRzsBXaQAJJ]
2020-06-19 14:05:51 TRACE [BasicBinder.java:64] binding parameter [81] as [VARCHAR] - [uiqRLtDZAYFQUROypoJp]
2020-06-19 14:05:51 TRACE [BasicBinder.java:64] binding parameter [82] as [VARCHAR] - [L]
2020-06-19 14:05:51 TRACE [BasicBinder.java:64] binding parameter [83] as [TIMESTAMP] - [1970-01-01T01:34:25]
2020-06-19 14:05:51 TRACE [BasicBinder.java:64] binding parameter [84] as [VARCHAR] - [TiBDWEEdXvEhlqbvQBXM]
2020-06-19 14:05:51 TRACE [BasicBinder.java:64] binding parameter [85] as [VARCHAR] - [V]
2020-06-19 14:05:51 TRACE [BasicBinder.java:64] binding parameter [86] as [VARCHAR] - [WdvStErdMVwIMJRijEFv]
2020-06-19 14:05:51 TRACE [BasicBinder.java:64] binding parameter [87] as [DATE] - [1983-12-11]
2020-06-19 14:05:51 TRACE [BasicBinder.java:64] binding parameter [88] as [VARCHAR] - [WMufpRsDlgkZRoSaBMBi]
2020-06-19 14:05:51 TRACE [BasicBinder.java:64] binding parameter [89] as [VARCHAR] - [UD]
2020-06-19 14:05:51 TRACE [BasicBinder.java:64] binding parameter [90] as [VARCHAR] - [JB]
2020-06-19 14:05:51 TRACE [BasicBinder.java:64] binding parameter [91] as [INTEGER] - [549380]
2020-06-19 14:05:51 TRACE [BasicBinder.java:64] binding parameter [92] as [VARCHAR] - [GqDdPH]
2020-06-19 14:05:51 TRACE [BasicBinder.java:64] binding parameter [93] as [DATE] - [1997-01-03]
2020-06-19 14:05:51 TRACE [BasicBinder.java:64] binding parameter [94] as [DATE] - [1970-05-31]
2020-06-19 14:05:51 TRACE [BasicBinder.java:64] binding parameter [95] as [DATE] - [1995-11-07]
2020-06-19 14:05:51 TRACE [BasicBinder.java:64] binding parameter [96] as [VARCHAR] - [e]
2020-06-19 14:05:51 TRACE [BasicBinder.java:64] binding parameter [97] as [VARCHAR] - [oUF]
2020-06-19 14:05:51 TRACE [BasicBinder.java:64] binding parameter [98] as [DATE] - [1995-04-25]
2020-06-19 14:05:51 TRACE [BasicBinder.java:64] binding parameter [99] as [VARCHAR] - [KEgasxOCcdNUlFDrWTCd]
2020-06-19 14:05:51 TRACE [BasicBinder.java:64] binding parameter [100] as [VARCHAR] - [q]
2020-06-19 14:05:51 TRACE [BasicBinder.java:64] binding parameter [101] as [VARCHAR] - [jf]
2020-06-19 14:05:51 TRACE [BasicBinder.java:64] binding parameter [102] as [VARCHAR] - [nZRQCETdZnlUSIqCNfVe]
2020-06-19 14:05:51 TRACE [BasicBinder.java:64] binding parameter [103] as [VARCHAR] - [OTHCogGxXDLMiMqBfzxz]
2020-06-19 14:05:51 TRACE [BasicBinder.java:64] binding parameter [104] as [VARCHAR] - [PYBUiwpGfpkIaQLhFku]
2020-06-19 14:05:51 TRACE [BasicBinder.java:64] binding parameter [105] as [VARCHAR] - [AIOMfBntlsdzSzblfrR]
2020-06-19 14:05:51 TRACE [BasicBinder.java:64] binding parameter [106] as [VARCHAR] - [uUXJUwGjdJrIPixpkTY]
2020-06-19 14:05:51 TRACE [BasicBinder.java:64] binding parameter [107] as [VARCHAR] - [JEziRMu]
2020-06-19 14:05:51 TRACE [BasicBinder.java:64] binding parameter [108] as [VARCHAR] - [ZY]
2020-06-19 14:05:51 TRACE [BasicBinder.java:64] binding parameter [109] as [INTEGER] - [982636]
2020-06-19 14:05:51 TRACE [BasicBinder.java:64] binding parameter [110] as [VARCHAR] - [SmKcbIHxuiwbdnrbAfBr]
2020-06-19 14:05:51 TRACE [BasicBinder.java:64] binding parameter [111] as [VARCHAR] - [WkHVnZuKPvOqFYi]
2020-06-19 14:05:51 TRACE [BasicBinder.java:64] binding parameter [112] as [VARCHAR] - [foTLTqHhFNKRlPCDNdO]
2020-06-19 14:05:51 TRACE [BasicBinder.java:64] binding parameter [113] as [VARCHAR] - [Du]
2020-06-19 14:05:51 TRACE [BasicBinder.java:64] binding parameter [114] as [VARCHAR] - [YvryWAiTZf]
2020-06-19 14:05:51 TRACE [BasicBinder.java:64] binding parameter [115] as [VARCHAR] - [A]
2020-06-19 14:05:51 TRACE [BasicBinder.java:64] binding parameter [116] as [VARCHAR] - [SfjcmDvXbFg]
2020-06-19 14:05:51 TRACE [BasicBinder.java:64] binding parameter [117] as [VARCHAR] - [knhxpaBqWhBQTofLYUfI]
2020-06-19 14:05:51 TRACE [BasicBinder.java:64] binding parameter [118] as [VARCHAR] - [GRwNISBMioFqwwgAAcdE]
2020-06-19 14:05:51 TRACE [BasicBinder.java:64] binding parameter [119] as [VARCHAR] - [dXqvvVHYWkBnUsCZNzBa]
2020-06-19 14:05:51 TRACE [BasicBinder.java:64] binding parameter [120] as [VARCHAR] - [izyDaLRoQfdcbAkOSciC]
2020-06-19 14:05:51 TRACE [BasicBinder.java:64] binding parameter [121] as [VARCHAR] - [RRWfvLxHsycQDyEiaTAt]
2020-06-19 14:05:51 TRACE [BasicBinder.java:64] binding parameter [122] as [VARCHAR] - [Pn]
2020-06-19 14:05:51 TRACE [BasicBinder.java:64] binding parameter [123] as [VARCHAR] - [m]
2020-06-19 14:05:51 TRACE [BasicBinder.java:64] binding parameter [124] as [VARCHAR] - [iZXr]
2020-06-19 14:05:51 TRACE [BasicBinder.java:64] binding parameter [125] as [VARCHAR] - [sZrwaDbvTyJDxSmAhgdS]
2020-06-19 14:05:51 TRACE [BasicBinder.java:64] binding parameter [126] as [VARCHAR] - [Ifq]
2020-06-19 14:05:51 TRACE [BasicBinder.java:64] binding parameter [127] as [VARCHAR] - [kM]
2020-06-19 14:05:51 TRACE [BasicBinder.java:64] binding parameter [128] as [VARCHAR] - [pxXrxMemERYLtHIjMlKJ]
2020-06-19 14:05:51 TRACE [BasicBinder.java:64] binding parameter [129] as [VARCHAR] - [PaPeHqhHcNFeHSjmFqty]
2020-06-19 14:05:51 TRACE [BasicBinder.java:64] binding parameter [130] as [VARCHAR] - [jKIZKtQzguOOSBFbETim]
2020-06-19 14:05:51 TRACE [BasicBinder.java:64] binding parameter [131] as [VARCHAR] - [D]
2020-06-19 14:05:51 TRACE [BasicBinder.java:64] binding parameter [132] as [VARCHAR] - [OJRnuljuVAtTGtPlEOjS]
2020-06-19 14:05:51 TRACE [BasicBinder.java:64] binding parameter [133] as [VARCHAR] - [gmexxRltyQjRwekNWvBr]
2020-06-19 14:05:51 TRACE [BasicBinder.java:64] binding parameter [134] as [VARCHAR] - [uQWrBeBHCXVjcgdQMjvX]
2020-06-19 14:05:51 TRACE [BasicBinder.java:64] binding parameter [135] as [VARCHAR] - [uB]
2020-06-19 14:05:51 TRACE [BasicBinder.java:64] binding parameter [136] as [VARCHAR] - [GIaWnUlWWDqXBXxE]
2020-06-19 14:05:51 TRACE [BasicBinder.java:64] binding parameter [137] as [DOUBLE] - [3072518.4705344927]
2020-06-19 14:05:51 TRACE [BasicBinder.java:64] binding parameter [138] as [VARCHAR] - [TInDogpL]
2020-06-19 14:05:51 TRACE [BasicBinder.java:64] binding parameter [139] as [VARCHAR] - [vLdbPBYvFhVLjCm]
2020-06-19 14:05:51 TRACE [BasicBinder.java:64] binding parameter [140] as [VARCHAR] - [tatmraVcFk]
2020-06-19 14:05:51 TRACE [BasicBinder.java:64] binding parameter [141] as [BIGINT] - [25]
2020-06-19 14:05:51 DEBUG [MockBuilder.java:94] set consStatusMsg -> XqepFHuVZgNVIDiawJtS
2020-06-19 14:05:51 DEBUG [MockBuilder.java:94] set dunsNbr -> IgSkbNDaXCjsxav
2020-06-19 14:05:51 DEBUG [MockBuilder.java:94] set orderRetTotal -> 6193731.123084473
2020-06-19 14:05:51 DEBUG [MockBuilder.java:94] set eventInfo -> rMtwLkjAkyHFvnG
2020-06-19 14:05:51 DEBUG [MockBuilder.java:94] set ohStatusCode -> P
2020-06-19 14:05:51 DEBUG [MockBuilder.java:94] set orderingSystem -> WN
2020-06-19 14:05:51 DEBUG [MockBuilder.java:94] set contractUsageInd -> A
2020-06-19 14:05:51 DEBUG [MockBuilder.java:94] set storeName -> pFaAOPvBeEtpIsYcCCuQ
2020-06-19 14:05:51 DEBUG [MockBuilder.java:94] set errorCode -> EsA
2020-06-19 14:05:51 DEBUG [MockBuilder.java:94] set explodeFlag -> q
2020-06-19 14:05:51 DEBUG [MockBuilder.java:94] set onNote -> zeAOMGNgVGrCQbdHxfwr
2020-06-19 14:05:51 DEBUG [MockBuilder.java:94] set phoneNumber -> VKuWilmSFXj
2020-06-19 14:05:51 DEBUG [MockBuilder.java:94] set crossDockCenter -> tfpirkByYs
2020-06-19 14:05:51 DEBUG [MockBuilder.java:94] set termsNetDays -> IaU
2020-06-19 14:05:51 DEBUG [MockBuilder.java:94] set errorDescription -> WyASoSBFASMrsEaoHOJD
2020-06-19 14:05:51 DEBUG [MockBuilder.java:94] set fobPoint -> UI
2020-06-19 14:05:51 DEBUG [MockBuilder.java:94] set onlineType -> H
2020-06-19 14:05:51 DEBUG [MockBuilder.java:94] set poControl -> wQzmX
2020-06-19 14:05:51 DEBUG [MockBuilder.java:94] set custDept -> aVdbO
2020-06-19 14:05:51 DEBUG [MockBuilder.java:94] set termsTypeFlag -> av
2020-06-19 14:05:51 DEBUG [MockBuilder.java:94] set errorTimestamp -> 1970-01-01T02:30:14
2020-06-19 14:05:51 DEBUG [MockBuilder.java:94] set orderDate -> 1971-03-25
2020-06-19 14:05:51 DEBUG [MockBuilder.java:94] set orderType -> b
2020-06-19 14:05:51 DEBUG [MockBuilder.java:94] set frtCode -> Q
2020-06-19 14:05:51 DEBUG [MockBuilder.java:94] set chngLid -> uSfsajvb
2020-06-19 14:05:51 DEBUG [MockBuilder.java:94] set poDateValue -> 1992-04-16
2020-06-19 14:05:51 DEBUG [MockBuilder.java:94] set totalBindingFt -> 8371599.044730937
2020-06-19 14:05:51 DEBUG [MockBuilder.java:94] set orderLoc -> ps
2020-06-19 14:05:51 DEBUG [MockBuilder.java:94] set orderTypeDesc -> JeIchEHXbBRFysb
2020-06-19 14:05:51 DEBUG [MockBuilder.java:94] set giftMessage1 -> oIGwKiLrYqyzZZqbBkui
2020-06-19 14:05:51 DEBUG [MockBuilder.java:94] set chngTimestamp -> 1970-01-01T01:45:25
2020-06-19 14:05:51 DEBUG [MockBuilder.java:94] set poDateQualifier -> gGo
2020-06-19 14:05:51 DEBUG [MockBuilder.java:94] set srvLevel -> IU
2020-06-19 14:05:51 DEBUG [MockBuilder.java:94] set orderMerCost -> 698990.7238979914
2020-06-19 14:05:51 DEBUG [MockBuilder.java:94] set orderWeight -> 7906171.319176147
2020-06-19 14:05:51 DEBUG [MockBuilder.java:94] set commCust -> bYQUQtC
2020-06-19 14:05:51 DEBUG [MockBuilder.java:94] set deliveryDate -> 1990-06-30
2020-06-19 14:05:51 DEBUG [MockBuilder.java:94] set poNumber -> dbDxMicNmvGWVBSeqzxk
2020-06-19 14:05:51 DEBUG [MockBuilder.java:94] set giftMessage2 -> fSucaJPcbextQlYcOkTj
2020-06-19 14:05:51 DEBUG [MockBuilder.java:94] set shawOrderNumber -> WcMUBO
2020-06-19 14:05:51 DEBUG [MockBuilder.java:94] set orderRetHand -> 5455801.860637677
2020-06-19 14:05:51 DEBUG [MockBuilder.java:94] set customerCode -> zY
2020-06-19 14:05:51 DEBUG [MockBuilder.java:94] set statusCode -> E
2020-06-19 14:05:51 DEBUG [MockBuilder.java:94] set delvCutOffDt -> 1992-05-09
2020-06-19 14:05:51 DEBUG [MockBuilder.java:94] set nbDate -> 1997-04-05
2020-06-19 14:05:51 DEBUG [MockBuilder.java:94] set orderRetSh -> 53375.21410789651
2020-06-19 14:05:51 DEBUG [MockBuilder.java:94] set custNbr -> EpxaNDa
2020-06-19 14:05:51 DEBUG [MockBuilder.java:94] set poQual -> Jn
2020-06-19 14:05:51 DEBUG [MockBuilder.java:94] set hostAlertFlag -> Q
2020-06-19 14:05:51 DEBUG [MockBuilder.java:94] set stdCarrAlphaInd -> RlSa
2020-06-19 14:05:51 DEBUG [MockBuilder.java:94] set divDesc -> IMhXsoqOUyCmZZPwqTmk
2020-06-19 14:05:51 DEBUG [MockBuilder.java:94] set customerRefNbr -> CJT
2020-06-19 14:05:51 DEBUG [MockBuilder.java:94] set poType -> XvTCU
2020-06-19 14:05:51 DEBUG [MockBuilder.java:94] set orderRetTax -> 3977177.1108478615
2020-06-19 14:05:51 DEBUG [MockBuilder.java:94] set salesCheckNumber -> JItSiweMAaCKEGTgmNRi
2020-06-19 14:05:51 DEBUG [MockBuilder.java:94] set newStoreInd -> v
2020-06-19 14:05:51 DEBUG [MockBuilder.java:94] set customerSidemark -> ShKlHwMFRbOKDYVIPCRV
2020-06-19 14:05:51 DEBUG [MockBuilder.java:94] set poTypeSuffix -> AzIHsBIDAO
2020-06-19 14:05:51 DEBUG [MockBuilder.java:94] set shipPartCompInd -> W
2020-06-19 14:05:51 DEBUG [MockBuilder.java:94] set salesReqCode -> hy
2020-06-19 14:05:51 DEBUG [MockBuilder.java:94] set noAsnFlag -> h
2020-06-19 14:05:51 DEBUG [MockBuilder.java:94] set reserveOrderInd -> u
2020-06-19 14:05:51 DEBUG [MockBuilder.java:94] set custPmtMeth -> vrSbfgIxwJxfICNUrbuA
2020-06-19 14:05:51 DEBUG [MockBuilder.java:94] set psMsg -> ZuhRBPwEpIYikYsCzoOf
2020-06-19 14:05:51 DEBUG [MockBuilder.java:94] set phone -> QoQPhPALqvYDVhU
2020-06-19 14:05:51 DEBUG [MockBuilder.java:94] set sellCo -> kI
2020-06-19 14:05:51 DEBUG [MockBuilder.java:94] set ohCancelDateValue -> 1987-12-19
2020-06-19 14:05:51 DEBUG [MockBuilder.java:94] set custSpInst -> tKcDjYrYmUDPtqRAigKS
2020-06-19 14:05:51 DEBUG [MockBuilder.java:94] set userId -> hxLLJGTt
2020-06-19 14:05:51 DEBUG [MockBuilder.java:94] set seqNbr -> 48546
2020-06-19 14:05:51 DEBUG [MockBuilder.java:94] set inputMethod -> xHeJKvbQOI
2020-06-19 14:05:51 DEBUG [MockBuilder.java:94] set province -> agNpRutvfyOdeIhXNbd
2020-06-19 14:05:51 DEBUG [MockBuilder.java:94] set shipPt -> eL
2020-06-19 14:05:51 DEBUG [MockBuilder.java:94] set returnMsg -> MnXGGBndozcMFATOQUbT
2020-06-19 14:05:51 DEBUG [MockBuilder.java:94] set vendorNo -> TmfLpHRVSmzDUBl
2020-06-19 14:05:51 DEBUG [MockBuilder.java:94] set custWhNbr -> Oezw
2020-06-19 14:05:51 DEBUG [MockBuilder.java:94] set markForStore -> cDHdBXCXOj
2020-06-19 14:05:51 DEBUG [MockBuilder.java:94] set beg -> uEmnW
2020-06-19 14:05:51 DEBUG [MockBuilder.java:94] set specialInstruct1 -> ALrLUgcuMdXSDnsETVjY
2020-06-19 14:05:51 DEBUG [MockBuilder.java:94] set routeByDate -> 1973-01-06
2020-06-19 14:05:51 DEBUG [MockBuilder.java:94] set shipComplete -> l
2020-06-19 14:05:51 DEBUG [MockBuilder.java:94] set name -> VdQBsqQezedlayHGFmgv
2020-06-19 14:05:51 DEBUG [MockBuilder.java:94] set mediaEventCode -> Xv
2020-06-19 14:05:51 DEBUG [MockBuilder.java:94] set billToState -> Qh
2020-06-19 14:05:51 DEBUG [MockBuilder.java:94] set specialInstruct2 -> RettaFXRNXQQQwZXnffy
2020-06-19 14:05:51 DEBUG [MockBuilder.java:94] set agreementNumber -> gMmltSZiPPZyYxe
2020-06-19 14:05:51 DEBUG [MockBuilder.java:94] set shipDateValue -> 1996-10-24
2020-06-19 14:05:51 DEBUG [MockBuilder.java:94] set wcStore -> VQMMcfjJMg
2020-06-19 14:05:51 DEBUG [MockBuilder.java:94] set country -> VkgIBQvDOkjfGgFeKgF
2020-06-19 14:05:51 DEBUG [MockBuilder.java:94] set specialInstruct3 -> oLEEVJmhRmUuJlMhGMjw
2020-06-19 14:05:51 DEBUG [MockBuilder.java:94] set billToStore -> eXGdrbACqq
2020-06-19 14:05:51 DEBUG [MockBuilder.java:94] set assignedAgent -> kkPjpWJn
2020-06-19 14:05:51 DEBUG [MockBuilder.java:94] set shipDateQualifier -> BdG
2020-06-19 14:05:51 DEBUG [MockBuilder.java:94] set specialInstruct4 -> vOSEYrJDqlZOGCqXBDqg
2020-06-19 14:05:51 DEBUG [MockBuilder.java:94] set cnCity -> YMuppYpBbGTSWUnYtpv
2020-06-19 14:05:51 DEBUG [MockBuilder.java:94] set bsStoreNbr -> sdYzDFmGVD
2020-06-19 14:05:51 DEBUG [MockBuilder.java:94] set authRep -> JdRCuwbglspqKUjehMvu
2020-06-19 14:05:51 DEBUG [MockBuilder.java:94] set shipInstruction -> xhwvNYeKaTlCIvcreQjx
2020-06-19 14:05:51 DEBUG [MockBuilder.java:94] set flag -> 515895
2020-06-19 14:05:51 DEBUG [MockBuilder.java:94] set name -> xoDWiMwKkyfHKrSxqEXZ
2020-06-19 14:05:51 DEBUG [MockBuilder.java:94] set specialPoNo -> hlaeYwzbGuFusvKOGmxR
2020-06-19 14:05:51 DEBUG [MockBuilder.java:94] set cancelDateQualifier -> gJy
2020-06-19 14:05:51 DEBUG [MockBuilder.java:94] set authorizationNo -> cyrQtJTrYy
2020-06-19 14:05:51 DEBUG [MockBuilder.java:94] set destCode -> bo
2020-06-19 14:05:51 DEBUG [MockBuilder.java:94] set store -> nmfEsyehKC
2020-06-19 14:05:51 DEBUG [MockBuilder.java:94] set consumerPoDateValue -> 1972-09-25
2020-06-19 14:05:51 DEBUG [MockBuilder.java:94] set truncFlag -> y
2020-06-19 14:05:51 DEBUG [MockBuilder.java:94] set carrierCode -> rb
2020-06-19 14:05:51 DEBUG [MockBuilder.java:94] set acctContact -> zmsxhvbvSrdjkIXVkMZD
2020-06-19 14:05:51 DEBUG [MockBuilder.java:94] set custNbr -> rzMsnFz
2020-06-19 14:05:51 DEBUG [MockBuilder.java:94] set shipByCutOffDt -> 1984-08-21
2020-06-19 14:05:51 DEBUG [MockBuilder.java:94] set cbCutLength -> 4425964.396706948
2020-06-19 14:05:51 DEBUG [MockBuilder.java:94] set zip -> fijNyYFtCCg
2020-06-19 14:05:51 DEBUG [MockBuilder.java:94] set acknowlegeOrdInd -> A
2020-06-19 14:05:51 DEBUG [MockBuilder.java:94] set addressLine2 -> wdQQPaKdbGeDGozEHjjJ
2020-06-19 14:05:51 DEBUG [MockBuilder.java:94] set city -> rqLghQBwsTxVAPBNycW
2020-06-19 14:05:51 DEBUG [MockBuilder.java:94] set shipByDate -> 1975-03-13
2020-06-19 14:05:51 DEBUG [MockBuilder.java:94] set state -> Go
2020-06-19 14:05:51 DEBUG [MockBuilder.java:94] set city -> ztNRFEYWLxtKqAZwcUt
2020-06-19 14:05:51 DEBUG [MockBuilder.java:94] set cphone -> IRApkoEezqGVbQQWvLvO
2020-06-19 14:05:51 DEBUG [MockBuilder.java:94] set shipCancelDate -> 1977-08-04
2020-06-19 14:05:51 DEBUG [MockBuilder.java:94] set addrKey -> 830916
2020-06-19 14:05:51 DEBUG [MockBuilder.java:94] set ccountry -> BDJtzLJkSIeJDnZjPTGM
2020-06-19 14:05:51 DEBUG [MockBuilder.java:94] set state -> Ig
2020-06-19 14:05:51 DEBUG [MockBuilder.java:94] set addressLine2 -> zjpzcsbOcmAPHseneRJF
2020-06-19 14:05:51 DEBUG [MockBuilder.java:94] set cprovince -> tqVYOARShUJMMxIgGowX
2020-06-19 14:05:51 DEBUG [MockBuilder.java:94] set addressLine1 -> kMxfsjrQxIKokRpMKQeV
2020-06-19 14:05:51 DEBUG [MockBuilder.java:94] set consumerShipFlg -> d
2020-06-19 14:05:51 DEBUG [MockBuilder.java:94] set addressLine1 -> pTsfGMCxQwjUswWmuHZR
2020-06-19 14:05:51 DEBUG [MockBuilder.java:94] set zip -> cHRXJNahb
2020-06-19 14:05:51 DEBUG [MockBuilder.java:94] set shipToAddress -> LegacyShipToAddress [addressLine1=kMxfsjrQxIKokRpMKQeV, addressLine2=wdQQPaKdbGeDGozEHjjJ, city=ztNRFEYWLxtKqAZwcUt, cnCity=YMuppYpBbGTSWUnYtpv, country=VkgIBQvDOkjfGgFeKgF, custNbr=rzMsnFz, destCode=bo, flag=515895, name=VdQBsqQezedlayHGFmgv, phone=QoQPhPALqvYDVhU, province=agNpRutvfyOdeIhXNbd, state=Go, store=nmfEsyehKC, truncFlag=y, zip=fijNyYFtCCg]
2020-06-19 14:05:51 DEBUG [MockBuilder.java:94] set consumerAddress -> LegacyConsumerAddress [cprovince=tqVYOARShUJMMxIgGowX, ccountry=BDJtzLJkSIeJDnZjPTGM, cphone=IRApkoEezqGVbQQWvLvO, addressLine1=pTsfGMCxQwjUswWmuHZR, addressLine2=zjpzcsbOcmAPHseneRJF, city=rqLghQBwsTxVAPBNycW, name=xoDWiMwKkyfHKrSxqEXZ, consumerPoDateValue=1972-09-25, consumerShipFlg=d, state=Ig, zip=cHRXJNahb]
2020-06-19 14:05:51 DEBUG [MockBuilder.java:94] set tpcountry -> VqSXHbdUGNQYMajpkOJe
2020-06-19 14:05:51 DEBUG [MockBuilder.java:94] set city -> ETeVrPSuCNlVIcwlivCZ
2020-06-19 14:05:51 DEBUG [MockBuilder.java:94] set state -> Vz
2020-06-19 14:05:51 DEBUG [MockBuilder.java:94] set zip -> QZcouMEZWUrPhkTL
2020-06-19 14:05:51 DEBUG [MockBuilder.java:94] set addressLine1 -> vzZXivfgEAvLKLfkQPqX
2020-06-19 14:05:51 DEBUG [MockBuilder.java:94] set name2 -> xisTkzlpmNaEPWeWUSUw
2020-06-19 14:05:51 DEBUG [MockBuilder.java:94] set accountNbr -> zEyIsYpNMdoUMKPNlulr
2020-06-19 14:05:51 DEBUG [MockBuilder.java:94] set billFlag -> b
2020-06-19 14:05:51 DEBUG [MockBuilder.java:94] set addressLine2 -> THHIBmVvRhXdQFxrPKHR
2020-06-19 14:05:51 DEBUG [MockBuilder.java:94] set name -> MDFfdHuPnqSIgIYNBOTK
2020-06-19 14:05:51 DEBUG [MockBuilder.java:94] set tpprovince -> DFEHICUcFrzStqpMvOkh
2020-06-19 14:05:51 DEBUG [MockBuilder.java:94] set tpphone -> oOSzqeDuRHJFFeEOYMPP
2020-06-19 14:05:51 DEBUG [MockBuilder.java:94] set purchasedBy -> qmeezmHXWYBkPtqEgRic
2020-06-19 14:05:51 DEBUG [MockBuilder.java:94] set thirdPartyAddress -> LegacyThirdPartyAddress [tpprovince=DFEHICUcFrzStqpMvOkh, tpcountry=VqSXHbdUGNQYMajpkOJe, tpphone=oOSzqeDuRHJFFeEOYMPP, addressLine1=vzZXivfgEAvLKLfkQPqX, addressLine2=THHIBmVvRhXdQFxrPKHR, accountNbr=zEyIsYpNMdoUMKPNlulr, billFlag=b, city=ETeVrPSuCNlVIcwlivCZ, name=MDFfdHuPnqSIgIYNBOTK, name2=xisTkzlpmNaEPWeWUSUw, state=Vz, zip=QZcouMEZWUrPhkTL]
2020-06-19 14:05:51 DEBUG [MockBuilder.java:94] set dates -> null
2020-06-19 14:05:51 DEBUG [MockBuilder.java:94] set lines -> null
2020-06-19 14:05:51 DEBUG [MockBuilder.java:94] set rcdCode -> Q
2020-06-19 14:05:51 DEBUG [MockBuilder.java:94] set receivedTimestamp -> 1970-01-01T02:34:12
2020-06-19 14:05:51 DEBUG [MockBuilder.java:94] set refTcNbr -> StBDeNICTZSekuhLHTje
2020-06-19 14:05:51 DEBUG [MockHelper.java:99] EdiOrderHeader [legacyOrderNumber=null, acctContact=zmsxhvbvSrdjkIXVkMZD, acknowlegeOrdInd=A, addrKey=830916, agreementNumber=gMmltSZiPPZyYxe, assignedAgent=kkPjpWJn, authRep=JdRCuwbglspqKUjehMvu, authorizationNo=cyrQtJTrYy, beg=uEmnW, billToState=Qh, billToStore=eXGdrbACqq, bsStoreNbr=sdYzDFmGVD, cancelDateQualifier=gJy, carrierCode=rb, cbCutLength=4425964.396706948, chngLid=uSfsajvb, chngTimestamp=1970-01-01T01:45:25, commCust=bYQUQtC, consStatusMsg=XqepFHuVZgNVIDiawJtS, contractUsageInd=A, crossDockCenter=tfpirkByYs, custDept=aVdbO, custPmtMeth=vrSbfgIxwJxfICNUrbuA, custSpInst=tKcDjYrYmUDPtqRAigKS, custWhNbr=Oezw, customerCode=zY, custNbr=EpxaNDa, customerRefNbr=CJT, customerSidemark=ShKlHwMFRbOKDYVIPCRV, deliveryDate=1990-06-30, delvCutOffDt=1992-05-09, divDesc=IMhXsoqOUyCmZZPwqTmk, dunsNbr=IgSkbNDaXCjsxav, errorCode=EsA, errorDescription=WyASoSBFASMrsEaoHOJD, errorTimestamp=1970-01-01T02:30:14, eventInfo=rMtwLkjAkyHFvnG, explodeFlag=q, fobPoint=UI, frtCode=Q, giftMessage1=oIGwKiLrYqyzZZqbBkui, giftMessage2=fSucaJPcbextQlYcOkTj, hostAlertFlag=Q, inputMethod=xHeJKvbQOI, markForStore=cDHdBXCXOj, mediaEventCode=Xv, nbDate=1997-04-05, newStoreInd=v, noAsnFlag=h, ohCancelDateValue=1987-12-19, ohStatusCode=P, onNote=zeAOMGNgVGrCQbdHxfwr, onlineType=H, orderDate=1971-03-25, orderLoc=01, orderMerCost=698990.7238979914, shawOrderNumber=WcMUBO, orderRetHand=5455801.860637677, orderRetSh=53375.21410789651, orderRetTax=3977177.1108478615, orderRetTotal=6193731.123084473, orderType=H, orderTypeDesc=HARDSURFACES, orderWeight=7906171.319176147, orderingSystem=WN, phoneNumber=VKuWilmSFXj, poControl=wQzmX, poDateValue=1992-04-16, poDateQualifier=gGo, poNumber=dbDxMicNmvGWVBSeqzxk, poQual=Jn, poType=XvTCU, poTypeSuffix=AzIHsBIDAO, psMsg=ZuhRBPwEpIYikYsCzoOf, purchasedBy=qmeezmHXWYBkPtqEgRic, rcdCode=Q, receivedTimestamp=1970-01-01T02:34:12, refTcNbr=StBDeNICTZSekuhLHTje, reserveOrderInd=u, returnMsg=MnXGGBndozcMFATOQUbT, routeByDate=1973-01-06, salesCheckNumber=JItSiweMAaCKEGTgmNRi, salesReqCode=hy, sellCo=kI, seqNbr=48546, shipByCutOffDt=1984-08-21, shipByDate=1975-03-13, shipCancelDate=1977-08-04, shipComplete=l, shipDateValue=1996-10-24, shipDateQualifier=BdG, shipInstruction=xhwvNYeKaTlCIvcreQjx, shipPartCompInd=W, shipPt=eL, specialInstruct1=ALrLUgcuMdXSDnsETVjY, specialInstruct2=RettaFXRNXQQQwZXnffy, specialInstruct3=oLEEVJmhRmUuJlMhGMjw, specialInstruct4=vOSEYrJDqlZOGCqXBDqg, specialPoNo=hlaeYwzbGuFusvKOGmxR, srvLevel=IU, statusCode=E, stdCarrAlphaInd=RlSa, storeName=pFaAOPvBeEtpIsYcCCuQ, termsNetDays=IaU, termsTypeFlag=av, totalBindingFt=8371599.044730937, userId=hxLLJGTt, vendorNo=TmfLpHRVSmzDUBl, wcStore=VQMMcfjJMg, consumerAddress=LegacyConsumerAddress [cprovince=tqVYOARShUJMMxIgGowX, ccountry=BDJtzLJkSIeJDnZjPTGM, cphone=IRApkoEezqGVbQQWvLvO, addressLine1=pTsfGMCxQwjUswWmuHZR, addressLine2=zjpzcsbOcmAPHseneRJF, city=rqLghQBwsTxVAPBNycW, name=xoDWiMwKkyfHKrSxqEXZ, consumerPoDateValue=1972-09-25, consumerShipFlg=d, state=Ig, zip=cHRXJNahb], shipToAddress=LegacyShipToAddress [addressLine1=kMxfsjrQxIKokRpMKQeV, addressLine2=wdQQPaKdbGeDGozEHjjJ, city=ztNRFEYWLxtKqAZwcUt, cnCity=YMuppYpBbGTSWUnYtpv, country=VkgIBQvDOkjfGgFeKgF, custNbr=rzMsnFz, destCode=bo, flag=515895, name=VdQBsqQezedlayHGFmgv, phone=QoQPhPALqvYDVhU, province=agNpRutvfyOdeIhXNbd, state=Go, store=nmfEsyehKC, truncFlag=y, zip=fijNyYFtCCg], thirdPartyAddress=LegacyThirdPartyAddress [tpprovince=DFEHICUcFrzStqpMvOkh, tpcountry=VqSXHbdUGNQYMajpkOJe, tpphone=oOSzqeDuRHJFFeEOYMPP, addressLine1=vzZXivfgEAvLKLfkQPqX, addressLine2=THHIBmVvRhXdQFxrPKHR, accountNbr=zEyIsYpNMdoUMKPNlulr, billFlag=b, city=ETeVrPSuCNlVIcwlivCZ, name=MDFfdHuPnqSIgIYNBOTK, name2=xisTkzlpmNaEPWeWUSUw, state=Vz, zip=QZcouMEZWUrPhkTL], dates=null, lines=null]
Hibernate: call next value for SHXP.EDI_ORDER_NBR
Hibernate: insert into EDI_ORDER_HEADER (ACCT_CONTACT, ACKNOWLEGE_ORD_IND, ADDR_KEY, AGREEMENT_NUMBER, ASSIGNED_AGENT, AUTH_REP, AUTHORIZATION_NO, beg, BILL_TO_STATE, BILL_TO_STORE, BS_STORE_NBR, CANCEL_DATE_QUAL, CARRIER_CODE, CB_CUT_LENGTH, CHNG_LID, CHNG_TIMESTAMP, COMM_CUST, CONS_STATUS_MSG, CONSUMER_ADDRESS, CONSUMER_ADDRESS_2, CONSUMER_CITY, CONSUMER_PO_DATE, CONSUMER_SHIP_FLG, CONSUMER_NAME, CONSUMER_STATE, CONSUMER_ZIP, CONTRACT_USAGE_IND, CROSS_DOCK_CENTER, CUST_DEPT, CUSTOMER_NUMBER, CUST_PMT_METH, CUST_SP_INST, CUST_WH_NBR, CUSTOMER_CODE, CUSTOMER_REF_NBR, CUSTOMER_SIDEMARK, DELIVERY_DATE, DELV_CUT_OFF_DT, DIV_DESC, DUNS_NBR, ERROR_CODE, ERROR_DESCRIPTION, ERROR_TIMESTAMP, EVENT_INFO, EXPLODE_FLAG, FOB_POINT, FRT_CODE, GIFT_MESSAGE_1, GIFT_MESSAGE_2, HOST_ALERT_FLAG, INPUT_METHOD, MARK_FOR_STORE, MEDIA_EVENT_CODE, NB_DATE, NEW_STORE_IND, NO_ASN_FLAG, OH_CANCEL_DATE, OH_STATUS_CODE, ON_NOTE, ONLINE_TYPE, ORDER_DATE, ORDER_LOC, ORDER_MER_COST, ORDER_RET_HAND, ORDER_RET_SH, ORDER_RET_TAX, ORDER_RET_TOTAL, ORDER_TYPE, ORDER_TYPE_DESC, ORDER_WEIGHT, ORDERING_SYSTEM, PHONE_NUMBER, PO_CONTROL, PO_DATE_QUAL, PO_DATE, PO_NUMBER, PO_QUAL, PO_TYPE, PO_TYPE_SUFFIX, PS_MSG, PURCHASED_BY, RCD_CODE, RECEIVED_TIMESTAMP, REF_TC_NBR, RESERVE_ORDER_IND, RETURN_MSG, ROUTE_BY_DATE, SALES_CHECK_NUMBER, SALES_REQ_CODE, SELL_CO, SEQ_NBR, ORDER_NUMBER, SHIP_BY_CUT_OFF_DT, SHIP_BY_DATE, SHIP_CANCEL_DATE, SHIP_COMPLETE, SHIP_DATE_QUAL, SHIP_DATE, SHIP_INSTRUCTION, SHIP_PART_COMP_IND, SHIP_PT, SHIP_TO_ADDRESS_1, SHIP_TO_ADDRESS_2, SHIP_TO_CITY, SHIP_TO_CN_CITY, SHIP_TO_COUNTRY, SHIP_TO_CUST_NBR, SHIP_TO_DEST_COD, SHIP_TO_FLAG, SHIP_TO_NAME, SHIP_TO_PHONE, SHIP_TO_PROVENCE, SHIP_TO_STATE, SHIP_TO_STORE, SHIP_TO_TRUNC_FLG, SHIP_TO_ZIP, SPECIAL_INSTRUCT_1, SPECIAL_INSTRUCT_2, SPECIAL_INSTRUCT_3, SPECIAL_INSTRUCT_4, SPECIAL_PO_NO, SRV_LEVEL, STATUS_CODE, STD_CARR_ALPHA_IND, STORE_NAME, TERMS_NET_DAYS, TERMS_TYPE_FLAG, THIRD_PARTY_ACCT_NBR, THIRD_PARTY_ADDR_1, THIRD_PARTY_ADDR_2, THIRD_PARTY_BILL_FLAG, THIRD_PARTY_CITY, THIRD_PARTY_NAME, THIRD_PARTY_NAME_2, THIRD_PARTY_STATE, THIRD_PARTY_ZIP, TOTAL_BINDING_FT, USER_ID, VENDOR_NO, WC_STORE, EDI_ORDER_NUMBER) values (?, ?, ?, ?, ?, ?, ?, ?, ?, ?, ?, ?, ?, ?, ?, ?, ?, ?, ?, ?, ?, ?, ?, ?, ?, ?, ?, ?, ?, ?, ?, ?, ?, ?, ?, ?, ?, ?, ?, ?, ?, ?, ?, ?, ?, ?, ?, ?, ?, ?, ?, ?, ?, ?, ?, ?, ?, ?, ?, ?, ?, ?, ?, ?, ?, ?, ?, ?, ?, ?, ?, ?, ?, ?, ?, ?, ?, ?, ?, ?, ?, ?, ?, ?, ?, ?, ?, ?, ?, ?, ?, ?, ?, ?, ?, ?, ?, ?, ?, ?, ?, ?, ?, ?, ?, ?, ?, ?, ?, ?, ?, ?, ?, ?, ?, ?, ?, ?, ?, ?, ?, ?, ?, ?, ?, ?, ?, ?, ?, ?, ?, ?, ?, ?, ?, ?, ?, ?, ?, ?, ?)
2020-06-19 14:05:51 TRACE [BasicBinder.java:64] binding parameter [1] as [VARCHAR] - [zmsxhvbvSrdjkIXVkMZD]
2020-06-19 14:05:51 TRACE [BasicBinder.java:64] binding parameter [2] as [VARCHAR] - [A]
2020-06-19 14:05:51 TRACE [BasicBinder.java:64] binding parameter [3] as [INTEGER] - [830916]
2020-06-19 14:05:51 TRACE [BasicBinder.java:64] binding parameter [4] as [VARCHAR] - [gMmltSZiPPZyYxe]
2020-06-19 14:05:51 TRACE [BasicBinder.java:64] binding parameter [5] as [VARCHAR] - [kkPjpWJn]
2020-06-19 14:05:51 TRACE [BasicBinder.java:64] binding parameter [6] as [VARCHAR] - [JdRCuwbglspqKUjehMvu]
2020-06-19 14:05:51 TRACE [BasicBinder.java:64] binding parameter [7] as [VARCHAR] - [cyrQtJTrYy]
2020-06-19 14:05:51 TRACE [BasicBinder.java:64] binding parameter [8] as [VARCHAR] - [uEmnW]
2020-06-19 14:05:51 TRACE [BasicBinder.java:64] binding parameter [9] as [VARCHAR] - [Qh]
2020-06-19 14:05:51 TRACE [BasicBinder.java:64] binding parameter [10] as [VARCHAR] - [eXGdrbACqq]
2020-06-19 14:05:51 TRACE [BasicBinder.java:64] binding parameter [11] as [VARCHAR] - [sdYzDFmGVD]
2020-06-19 14:05:51 TRACE [BasicBinder.java:64] binding parameter [12] as [VARCHAR] - [gJy]
2020-06-19 14:05:51 TRACE [BasicBinder.java:64] binding parameter [13] as [VARCHAR] - [rb]
2020-06-19 14:05:51 TRACE [BasicBinder.java:64] binding parameter [14] as [DOUBLE] - [4425964.396706948]
2020-06-19 14:05:51 TRACE [BasicBinder.java:64] binding parameter [15] as [VARCHAR] - [uSfsajvb]
2020-06-19 14:05:51 TRACE [BasicBinder.java:64] binding parameter [16] as [TIMESTAMP] - [1970-01-01T01:45:25]
2020-06-19 14:05:51 TRACE [BasicBinder.java:64] binding parameter [17] as [VARCHAR] - [bYQUQtC]
2020-06-19 14:05:51 TRACE [BasicBinder.java:64] binding parameter [18] as [VARCHAR] - [XqepFHuVZgNVIDiawJtS]
2020-06-19 14:05:51 TRACE [BasicBinder.java:64] binding parameter [19] as [VARCHAR] - [pTsfGMCxQwjUswWmuHZR]
2020-06-19 14:05:51 TRACE [BasicBinder.java:64] binding parameter [20] as [VARCHAR] - [zjpzcsbOcmAPHseneRJF]
2020-06-19 14:05:51 TRACE [BasicBinder.java:64] binding parameter [21] as [VARCHAR] - [rqLghQBwsTxVAPBNycW]
2020-06-19 14:05:51 TRACE [BasicBinder.java:64] binding parameter [22] as [DATE] - [1972-09-25]
2020-06-19 14:05:51 TRACE [BasicBinder.java:64] binding parameter [23] as [VARCHAR] - [d]
2020-06-19 14:05:51 TRACE [BasicBinder.java:64] binding parameter [24] as [VARCHAR] - [xoDWiMwKkyfHKrSxqEXZ]
2020-06-19 14:05:51 TRACE [BasicBinder.java:64] binding parameter [25] as [VARCHAR] - [Ig]
2020-06-19 14:05:51 TRACE [BasicBinder.java:64] binding parameter [26] as [VARCHAR] - [cHRXJNahb]
2020-06-19 14:05:51 TRACE [BasicBinder.java:64] binding parameter [27] as [VARCHAR] - [A]
2020-06-19 14:05:51 TRACE [BasicBinder.java:64] binding parameter [28] as [VARCHAR] - [tfpirkByYs]
2020-06-19 14:05:51 TRACE [BasicBinder.java:64] binding parameter [29] as [VARCHAR] - [aVdbO]
2020-06-19 14:05:51 TRACE [BasicBinder.java:64] binding parameter [30] as [VARCHAR] - [EpxaNDa]
2020-06-19 14:05:51 TRACE [BasicBinder.java:64] binding parameter [31] as [VARCHAR] - [vrSbfgIxwJxfICNUrbuA]
2020-06-19 14:05:51 TRACE [BasicBinder.java:64] binding parameter [32] as [VARCHAR] - [tKcDjYrYmUDPtqRAigKS]
2020-06-19 14:05:51 TRACE [BasicBinder.java:64] binding parameter [33] as [VARCHAR] - [Oezw]
2020-06-19 14:05:51 TRACE [BasicBinder.java:64] binding parameter [34] as [VARCHAR] - [zY]
2020-06-19 14:05:51 TRACE [BasicBinder.java:64] binding parameter [35] as [VARCHAR] - [CJT]
2020-06-19 14:05:51 TRACE [BasicBinder.java:64] binding parameter [36] as [VARCHAR] - [ShKlHwMFRbOKDYVIPCRV]
2020-06-19 14:05:51 TRACE [BasicBinder.java:64] binding parameter [37] as [DATE] - [1990-06-30]
2020-06-19 14:05:51 TRACE [BasicBinder.java:64] binding parameter [38] as [DATE] - [1992-05-09]
2020-06-19 14:05:51 TRACE [BasicBinder.java:64] binding parameter [39] as [VARCHAR] - [IMhXsoqOUyCmZZPwqTmk]
2020-06-19 14:05:51 TRACE [BasicBinder.java:64] binding parameter [40] as [VARCHAR] - [IgSkbNDaXCjsxav]
2020-06-19 14:05:51 TRACE [BasicBinder.java:64] binding parameter [41] as [VARCHAR] - [EsA]
2020-06-19 14:05:51 TRACE [BasicBinder.java:64] binding parameter [42] as [VARCHAR] - [WyASoSBFASMrsEaoHOJD]
2020-06-19 14:05:51 TRACE [BasicBinder.java:64] binding parameter [43] as [TIMESTAMP] - [1970-01-01T02:30:14]
2020-06-19 14:05:51 TRACE [BasicBinder.java:64] binding parameter [44] as [VARCHAR] - [rMtwLkjAkyHFvnG]
2020-06-19 14:05:51 TRACE [BasicBinder.java:64] binding parameter [45] as [VARCHAR] - [q]
2020-06-19 14:05:51 TRACE [BasicBinder.java:64] binding parameter [46] as [VARCHAR] - [UI]
2020-06-19 14:05:51 TRACE [BasicBinder.java:64] binding parameter [47] as [VARCHAR] - [Q]
2020-06-19 14:05:51 TRACE [BasicBinder.java:64] binding parameter [48] as [VARCHAR] - [oIGwKiLrYqyzZZqbBkui]
2020-06-19 14:05:51 TRACE [BasicBinder.java:64] binding parameter [49] as [VARCHAR] - [fSucaJPcbextQlYcOkTj]
2020-06-19 14:05:51 TRACE [BasicBinder.java:64] binding parameter [50] as [VARCHAR] - [Q]
2020-06-19 14:05:51 TRACE [BasicBinder.java:64] binding parameter [51] as [VARCHAR] - [xHeJKvbQOI]
2020-06-19 14:05:51 TRACE [BasicBinder.java:64] binding parameter [52] as [VARCHAR] - [cDHdBXCXOj]
2020-06-19 14:05:51 TRACE [BasicBinder.java:64] binding parameter [53] as [VARCHAR] - [Xv]
2020-06-19 14:05:51 TRACE [BasicBinder.java:64] binding parameter [54] as [DATE] - [1997-04-05]
2020-06-19 14:05:51 TRACE [BasicBinder.java:64] binding parameter [55] as [VARCHAR] - [v]
2020-06-19 14:05:51 TRACE [BasicBinder.java:64] binding parameter [56] as [VARCHAR] - [h]
2020-06-19 14:05:51 TRACE [BasicBinder.java:64] binding parameter [57] as [DATE] - [1987-12-19]
2020-06-19 14:05:51 TRACE [BasicBinder.java:64] binding parameter [58] as [VARCHAR] - [P]
2020-06-19 14:05:51 TRACE [BasicBinder.java:64] binding parameter [59] as [VARCHAR] - [zeAOMGNgVGrCQbdHxfwr]
2020-06-19 14:05:51 TRACE [BasicBinder.java:64] binding parameter [60] as [VARCHAR] - [H]
2020-06-19 14:05:51 TRACE [BasicBinder.java:64] binding parameter [61] as [DATE] - [1971-03-25]
2020-06-19 14:05:51 TRACE [BasicBinder.java:64] binding parameter [62] as [VARCHAR] - [01]
2020-06-19 14:05:51 TRACE [BasicBinder.java:64] binding parameter [63] as [DOUBLE] - [698990.7238979914]
2020-06-19 14:05:51 TRACE [BasicBinder.java:64] binding parameter [64] as [DOUBLE] - [5455801.860637677]
2020-06-19 14:05:51 TRACE [BasicBinder.java:64] binding parameter [65] as [DOUBLE] - [53375.21410789651]
2020-06-19 14:05:51 TRACE [BasicBinder.java:64] binding parameter [66] as [DOUBLE] - [3977177.1108478615]
2020-06-19 14:05:51 TRACE [BasicBinder.java:64] binding parameter [67] as [DOUBLE] - [6193731.123084473]
2020-06-19 14:05:51 TRACE [BasicBinder.java:64] binding parameter [68] as [VARCHAR] - [H]
2020-06-19 14:05:51 TRACE [BasicBinder.java:64] binding parameter [69] as [VARCHAR] - [HARDSURFACES]
2020-06-19 14:05:51 TRACE [BasicBinder.java:64] binding parameter [70] as [DOUBLE] - [7906171.319176147]
2020-06-19 14:05:51 TRACE [BasicBinder.java:64] binding parameter [71] as [VARCHAR] - [WN]
2020-06-19 14:05:51 TRACE [BasicBinder.java:64] binding parameter [72] as [VARCHAR] - [VKuWilmSFXj]
2020-06-19 14:05:51 TRACE [BasicBinder.java:64] binding parameter [73] as [VARCHAR] - [wQzmX]
2020-06-19 14:05:51 TRACE [BasicBinder.java:64] binding parameter [74] as [VARCHAR] - [gGo]
2020-06-19 14:05:51 TRACE [BasicBinder.java:64] binding parameter [75] as [DATE] - [1992-04-16]
2020-06-19 14:05:51 TRACE [BasicBinder.java:64] binding parameter [76] as [VARCHAR] - [dbDxMicNmvGWVBSeqzxk]
2020-06-19 14:05:51 TRACE [BasicBinder.java:64] binding parameter [77] as [VARCHAR] - [Jn]
2020-06-19 14:05:51 TRACE [BasicBinder.java:64] binding parameter [78] as [VARCHAR] - [XvTCU]
2020-06-19 14:05:51 TRACE [BasicBinder.java:64] binding parameter [79] as [VARCHAR] - [AzIHsBIDAO]
2020-06-19 14:05:51 TRACE [BasicBinder.java:64] binding parameter [80] as [VARCHAR] - [ZuhRBPwEpIYikYsCzoOf]
2020-06-19 14:05:51 TRACE [BasicBinder.java:64] binding parameter [81] as [VARCHAR] - [qmeezmHXWYBkPtqEgRic]
2020-06-19 14:05:51 TRACE [BasicBinder.java:64] binding parameter [82] as [VARCHAR] - [Q]
2020-06-19 14:05:51 TRACE [BasicBinder.java:64] binding parameter [83] as [TIMESTAMP] - [1970-01-01T02:34:12]
2020-06-19 14:05:51 TRACE [BasicBinder.java:64] binding parameter [84] as [VARCHAR] - [StBDeNICTZSekuhLHTje]
2020-06-19 14:05:51 TRACE [BasicBinder.java:64] binding parameter [85] as [VARCHAR] - [u]
2020-06-19 14:05:51 TRACE [BasicBinder.java:64] binding parameter [86] as [VARCHAR] - [MnXGGBndozcMFATOQUbT]
2020-06-19 14:05:51 TRACE [BasicBinder.java:64] binding parameter [87] as [DATE] - [1973-01-06]
2020-06-19 14:05:51 TRACE [BasicBinder.java:64] binding parameter [88] as [VARCHAR] - [JItSiweMAaCKEGTgmNRi]
2020-06-19 14:05:51 TRACE [BasicBinder.java:64] binding parameter [89] as [VARCHAR] - [hy]
2020-06-19 14:05:51 TRACE [BasicBinder.java:64] binding parameter [90] as [VARCHAR] - [kI]
2020-06-19 14:05:51 TRACE [BasicBinder.java:64] binding parameter [91] as [INTEGER] - [48546]
2020-06-19 14:05:51 TRACE [BasicBinder.java:64] binding parameter [92] as [VARCHAR] - [WcMUBO]
2020-06-19 14:05:51 TRACE [BasicBinder.java:64] binding parameter [93] as [DATE] - [1984-08-21]
2020-06-19 14:05:51 TRACE [BasicBinder.java:64] binding parameter [94] as [DATE] - [1975-03-13]
2020-06-19 14:05:51 TRACE [BasicBinder.java:64] binding parameter [95] as [DATE] - [1977-08-04]
2020-06-19 14:05:51 TRACE [BasicBinder.java:64] binding parameter [96] as [VARCHAR] - [l]
2020-06-19 14:05:51 TRACE [BasicBinder.java:64] binding parameter [97] as [VARCHAR] - [BdG]
2020-06-19 14:05:51 TRACE [BasicBinder.java:64] binding parameter [98] as [DATE] - [1996-10-24]
2020-06-19 14:05:51 TRACE [BasicBinder.java:64] binding parameter [99] as [VARCHAR] - [xhwvNYeKaTlCIvcreQjx]
2020-06-19 14:05:51 TRACE [BasicBinder.java:64] binding parameter [100] as [VARCHAR] - [W]
2020-06-19 14:05:51 TRACE [BasicBinder.java:64] binding parameter [101] as [VARCHAR] - [eL]
2020-06-19 14:05:51 TRACE [BasicBinder.java:64] binding parameter [102] as [VARCHAR] - [kMxfsjrQxIKokRpMKQeV]
2020-06-19 14:05:51 TRACE [BasicBinder.java:64] binding parameter [103] as [VARCHAR] - [wdQQPaKdbGeDGozEHjjJ]
2020-06-19 14:05:51 TRACE [BasicBinder.java:64] binding parameter [104] as [VARCHAR] - [ztNRFEYWLxtKqAZwcUt]
2020-06-19 14:05:51 TRACE [BasicBinder.java:64] binding parameter [105] as [VARCHAR] - [YMuppYpBbGTSWUnYtpv]
2020-06-19 14:05:51 TRACE [BasicBinder.java:64] binding parameter [106] as [VARCHAR] - [VkgIBQvDOkjfGgFeKgF]
2020-06-19 14:05:51 TRACE [BasicBinder.java:64] binding parameter [107] as [VARCHAR] - [rzMsnFz]
2020-06-19 14:05:51 TRACE [BasicBinder.java:64] binding parameter [108] as [VARCHAR] - [bo]
2020-06-19 14:05:51 TRACE [BasicBinder.java:64] binding parameter [109] as [INTEGER] - [515895]
2020-06-19 14:05:51 TRACE [BasicBinder.java:64] binding parameter [110] as [VARCHAR] - [VdQBsqQezedlayHGFmgv]
2020-06-19 14:05:51 TRACE [BasicBinder.java:64] binding parameter [111] as [VARCHAR] - [QoQPhPALqvYDVhU]
2020-06-19 14:05:51 TRACE [BasicBinder.java:64] binding parameter [112] as [VARCHAR] - [agNpRutvfyOdeIhXNbd]
2020-06-19 14:05:51 TRACE [BasicBinder.java:64] binding parameter [113] as [VARCHAR] - [Go]
2020-06-19 14:05:51 TRACE [BasicBinder.java:64] binding parameter [114] as [VARCHAR] - [nmfEsyehKC]
2020-06-19 14:05:51 TRACE [BasicBinder.java:64] binding parameter [115] as [VARCHAR] - [y]
2020-06-19 14:05:51 TRACE [BasicBinder.java:64] binding parameter [116] as [VARCHAR] - [fijNyYFtCCg]
2020-06-19 14:05:51 TRACE [BasicBinder.java:64] binding parameter [117] as [VARCHAR] - [ALrLUgcuMdXSDnsETVjY]
2020-06-19 14:05:51 TRACE [BasicBinder.java:64] binding parameter [118] as [VARCHAR] - [RettaFXRNXQQQwZXnffy]
2020-06-19 14:05:51 TRACE [BasicBinder.java:64] binding parameter [119] as [VARCHAR] - [oLEEVJmhRmUuJlMhGMjw]
2020-06-19 14:05:51 TRACE [BasicBinder.java:64] binding parameter [120] as [VARCHAR] - [vOSEYrJDqlZOGCqXBDqg]
2020-06-19 14:05:51 TRACE [BasicBinder.java:64] binding parameter [121] as [VARCHAR] - [hlaeYwzbGuFusvKOGmxR]
2020-06-19 14:05:51 TRACE [BasicBinder.java:64] binding parameter [122] as [VARCHAR] - [IU]
2020-06-19 14:05:51 TRACE [BasicBinder.java:64] binding parameter [123] as [VARCHAR] - [E]
2020-06-19 14:05:51 TRACE [BasicBinder.java:64] binding parameter [124] as [VARCHAR] - [RlSa]
2020-06-19 14:05:51 TRACE [BasicBinder.java:64] binding parameter [125] as [VARCHAR] - [pFaAOPvBeEtpIsYcCCuQ]
2020-06-19 14:05:51 TRACE [BasicBinder.java:64] binding parameter [126] as [VARCHAR] - [IaU]
2020-06-19 14:05:51 TRACE [BasicBinder.java:64] binding parameter [127] as [VARCHAR] - [av]
2020-06-19 14:05:51 TRACE [BasicBinder.java:64] binding parameter [128] as [VARCHAR] - [zEyIsYpNMdoUMKPNlulr]
2020-06-19 14:05:51 TRACE [BasicBinder.java:64] binding parameter [129] as [VARCHAR] - [vzZXivfgEAvLKLfkQPqX]
2020-06-19 14:05:51 TRACE [BasicBinder.java:64] binding parameter [130] as [VARCHAR] - [THHIBmVvRhXdQFxrPKHR]
2020-06-19 14:05:51 TRACE [BasicBinder.java:64] binding parameter [131] as [VARCHAR] - [b]
2020-06-19 14:05:51 TRACE [BasicBinder.java:64] binding parameter [132] as [VARCHAR] - [ETeVrPSuCNlVIcwlivCZ]
2020-06-19 14:05:51 TRACE [BasicBinder.java:64] binding parameter [133] as [VARCHAR] - [MDFfdHuPnqSIgIYNBOTK]
2020-06-19 14:05:51 TRACE [BasicBinder.java:64] binding parameter [134] as [VARCHAR] - [xisTkzlpmNaEPWeWUSUw]
2020-06-19 14:05:51 TRACE [BasicBinder.java:64] binding parameter [135] as [VARCHAR] - [Vz]
2020-06-19 14:05:51 TRACE [BasicBinder.java:64] binding parameter [136] as [VARCHAR] - [QZcouMEZWUrPhkTL]
2020-06-19 14:05:51 TRACE [BasicBinder.java:64] binding parameter [137] as [DOUBLE] - [8371599.044730937]
2020-06-19 14:05:51 TRACE [BasicBinder.java:64] binding parameter [138] as [VARCHAR] - [hxLLJGTt]
2020-06-19 14:05:51 TRACE [BasicBinder.java:64] binding parameter [139] as [VARCHAR] - [TmfLpHRVSmzDUBl]
2020-06-19 14:05:51 TRACE [BasicBinder.java:64] binding parameter [140] as [VARCHAR] - [VQMMcfjJMg]
2020-06-19 14:05:51 TRACE [BasicBinder.java:64] binding parameter [141] as [BIGINT] - [26]
2020-06-19 14:05:51 DEBUG [MockBuilder.java:94] set changeTimestamp -> 1970-01-01T00:13:19
2020-06-19 14:05:51 DEBUG [MockBuilder.java:94] set autoCreateFlag -> N
2020-06-19 14:05:51 DEBUG [MockBuilder.java:94] set createTimestamp -> 1970-01-01T00:01:10
2020-06-19 14:05:51 DEBUG [MockBuilder.java:94] set precedence -> 51109.811759043565
2020-06-19 14:05:51 DEBUG [MockBuilder.java:94] set ediReasonCode -> 61439
2020-06-19 14:05:51 DEBUG [MockBuilder.java:94] set changedBy -> GOgWJxDk
2020-06-19 14:05:51 DEBUG [MockBuilder.java:94] set createdBy -> Jmybivrm
2020-06-19 14:05:51 DEBUG [MockBuilder.java:94] set level -> v
2020-06-19 14:05:51 DEBUG [MockBuilder.java:94] set description -> tdhTyJreofcUahFGZyjJ
2020-06-19 14:05:51 DEBUG [MockBuilder.java:94] set ediOrdValidations -> null
2020-06-19 14:05:51 DEBUG [MockBuilder.java:94] set defaultAction -> R
Hibernate: select edireasonc0_.EDI_REASON_CODE as edi_reas1_6_1_, edireasonc0_.AUTO_CREATE_FLAG as auto_cre2_6_1_, edireasonc0_.CHANGE_TIMESTAMP as change_t3_6_1_, edireasonc0_.CHANGED_BY as changed_4_6_1_, edireasonc0_.CREATE_TIMESTAMP as create_t5_6_1_, edireasonc0_.CREATED_BY as created_6_6_1_, edireasonc0_.DEFAULT_ACTION as default_7_6_1_, edireasonc0_.description as descript8_6_1_, edireasonc0_.LEVEL as level9_6_1_, edireasonc0_.precedence as precede10_6_1_, ediordvali1_.edi_reason_code as edi_rea11_2_3_, ediordvali1_.EDI_ORDER_NBR as edi_orde1_2_3_, ediordvali1_.PO_LINE_NBR as po_line_2_2_3_, ediordvali1_.TIME_STAMP as time_sta3_2_3_, ediordvali1_.EDI_ORDER_NBR as edi_orde1_2_0_, ediordvali1_.PO_LINE_NBR as po_line_2_2_0_, ediordvali1_.TIME_STAMP as time_sta3_2_0_, ediordvali1_.ACTION_CODE as action_c4_2_0_, ediordvali1_.ASSIGNED_TO as assigned5_2_0_, ediordvali1_.CHANGED_BY as changed_6_2_0_, ediordvali1_.CHANGED_TIMESTAMP as changed_7_2_0_, ediordvali1_.CREATED_BY as created_8_2_0_, ediordvali1_.CREATED_TIMESTAMP as created_9_2_0_, ediordvali1_.edi_reason_code as edi_rea11_2_0_, ediordvali1_.status as status10_2_0_ from EDI_REASON_CODE edireasonc0_ left outer join EDI_ORD_VALIDATION ediordvali1_ on edireasonc0_.EDI_REASON_CODE=ediordvali1_.edi_reason_code where edireasonc0_.EDI_REASON_CODE=?
2020-06-19 14:05:51 TRACE [BasicBinder.java:64] binding parameter [1] as [INTEGER] - [63]
Hibernate: select ediorderhe0_.EDI_ORDER_NUMBER as edi_orde1_4_, ediorderhe0_.ACCT_CONTACT as acct_con2_4_, ediorderhe0_.ACKNOWLEGE_ORD_IND as acknowle3_4_, ediorderhe0_.ADDR_KEY as addr_key4_4_, ediorderhe0_.AGREEMENT_NUMBER as agreemen5_4_, ediorderhe0_.ASSIGNED_AGENT as assigned6_4_, ediorderhe0_.AUTH_REP as auth_rep7_4_, ediorderhe0_.AUTHORIZATION_NO as authoriz8_4_, ediorderhe0_.beg as beg9_4_, ediorderhe0_.BILL_TO_STATE as bill_to10_4_, ediorderhe0_.BILL_TO_STORE as bill_to11_4_, ediorderhe0_.BS_STORE_NBR as bs_stor12_4_, ediorderhe0_.CANCEL_DATE_QUAL as cancel_13_4_, ediorderhe0_.CARRIER_CODE as carrier14_4_, ediorderhe0_.CB_CUT_LENGTH as cb_cut_15_4_, ediorderhe0_.CHNG_LID as chng_li16_4_, ediorderhe0_.CHNG_TIMESTAMP as chng_ti17_4_, ediorderhe0_.COMM_CUST as comm_cu18_4_, ediorderhe0_.CONS_STATUS_MSG as cons_st19_4_, ediorderhe0_.CONSUMER_ADDRESS as consume20_4_, ediorderhe0_.CONSUMER_ADDRESS_2 as CONSUME21_4_, ediorderhe0_.CONSUMER_CITY as consume22_4_, ediorderhe0_.CONSUMER_PO_DATE as consume23_4_, ediorderhe0_.CONSUMER_SHIP_FLG as consume24_4_, ediorderhe0_.CONSUMER_NAME as consume25_4_, ediorderhe0_.CONSUMER_STATE as consume26_4_, ediorderhe0_.CONSUMER_ZIP as consume27_4_, ediorderhe0_.CONTRACT_USAGE_IND as contrac28_4_, ediorderhe0_.CROSS_DOCK_CENTER as cross_d29_4_, ediorderhe0_.CUST_DEPT as cust_de30_4_, ediorderhe0_.CUSTOMER_NUMBER as custome31_4_, ediorderhe0_.CUST_PMT_METH as cust_pm32_4_, ediorderhe0_.CUST_SP_INST as cust_sp33_4_, ediorderhe0_.CUST_WH_NBR as cust_wh34_4_, ediorderhe0_.CUSTOMER_CODE as custome35_4_, ediorderhe0_.CUSTOMER_REF_NBR as custome36_4_, ediorderhe0_.CUSTOMER_SIDEMARK as custome37_4_, ediorderhe0_.DELIVERY_DATE as deliver38_4_, ediorderhe0_.DELV_CUT_OFF_DT as delv_cu39_4_, ediorderhe0_.DIV_DESC as div_des40_4_, ediorderhe0_.DUNS_NBR as duns_nb41_4_, ediorderhe0_.ERROR_CODE as error_c42_4_, ediorderhe0_.ERROR_DESCRIPTION as error_d43_4_, ediorderhe0_.ERROR_TIMESTAMP as error_t44_4_, ediorderhe0_.EVENT_INFO as event_i45_4_, ediorderhe0_.EXPLODE_FLAG as explode46_4_, ediorderhe0_.FOB_POINT as fob_poi47_4_, ediorderhe0_.FRT_CODE as frt_cod48_4_, ediorderhe0_.GIFT_MESSAGE_1 as GIFT_ME49_4_, ediorderhe0_.GIFT_MESSAGE_2 as GIFT_ME50_4_, ediorderhe0_.HOST_ALERT_FLAG as host_al51_4_, ediorderhe0_.INPUT_METHOD as input_m52_4_, ediorderhe0_.MARK_FOR_STORE as mark_fo53_4_, ediorderhe0_.MEDIA_EVENT_CODE as media_e54_4_, ediorderhe0_.NB_DATE as nb_date55_4_, ediorderhe0_.NEW_STORE_IND as new_sto56_4_, ediorderhe0_.NO_ASN_FLAG as no_asn_57_4_, ediorderhe0_.OH_CANCEL_DATE as oh_canc58_4_, ediorderhe0_.OH_STATUS_CODE as oh_stat59_4_, ediorderhe0_.ON_NOTE as on_note60_4_, ediorderhe0_.ONLINE_TYPE as online_61_4_, ediorderhe0_.ORDER_DATE as order_d62_4_, ediorderhe0_.ORDER_LOC as order_l63_4_, ediorderhe0_.ORDER_MER_COST as order_m64_4_, ediorderhe0_.ORDER_RET_HAND as order_r65_4_, ediorderhe0_.ORDER_RET_SH as order_r66_4_, ediorderhe0_.ORDER_RET_TAX as order_r67_4_, ediorderhe0_.ORDER_RET_TOTAL as order_r68_4_, ediorderhe0_.ORDER_TYPE as order_t69_4_, ediorderhe0_.ORDER_TYPE_DESC as order_t70_4_, ediorderhe0_.ORDER_WEIGHT as order_w71_4_, ediorderhe0_.ORDERING_SYSTEM as orderin72_4_, ediorderhe0_.PHONE_NUMBER as phone_n73_4_, ediorderhe0_.PO_CONTROL as po_cont74_4_, ediorderhe0_.PO_DATE_QUAL as po_date75_4_, ediorderhe0_.PO_DATE as po_date76_4_, ediorderhe0_.PO_NUMBER as po_numb77_4_, ediorderhe0_.PO_QUAL as po_qual78_4_, ediorderhe0_.PO_TYPE as po_type79_4_, ediorderhe0_.PO_TYPE_SUFFIX as po_type80_4_, ediorderhe0_.PS_MSG as ps_msg81_4_, ediorderhe0_.PURCHASED_BY as purchas82_4_, ediorderhe0_.RCD_CODE as rcd_cod83_4_, ediorderhe0_.RECEIVED_TIMESTAMP as receive84_4_, ediorderhe0_.REF_TC_NBR as ref_tc_85_4_, ediorderhe0_.RESERVE_ORDER_IND as reserve86_4_, ediorderhe0_.RETURN_MSG as return_87_4_, ediorderhe0_.ROUTE_BY_DATE as route_b88_4_, ediorderhe0_.SALES_CHECK_NUMBER as sales_c89_4_, ediorderhe0_.SALES_REQ_CODE as sales_r90_4_, ediorderhe0_.SELL_CO as sell_co91_4_, ediorderhe0_.SEQ_NBR as seq_nbr92_4_, ediorderhe0_.ORDER_NUMBER as order_n93_4_, ediorderhe0_.SHIP_BY_CUT_OFF_DT as ship_by94_4_, ediorderhe0_.SHIP_BY_DATE as ship_by95_4_, ediorderhe0_.SHIP_CANCEL_DATE as ship_ca96_4_, ediorderhe0_.SHIP_COMPLETE as ship_co97_4_, ediorderhe0_.SHIP_DATE_QUAL as ship_da98_4_, ediorderhe0_.SHIP_DATE as ship_da99_4_, ediorderhe0_.SHIP_INSTRUCTION as ship_i100_4_, ediorderhe0_.SHIP_PART_COMP_IND as ship_p101_4_, ediorderhe0_.SHIP_PT as ship_p102_4_, ediorderhe0_.SHIP_TO_ADDRESS_1 as SHIP_T103_4_, ediorderhe0_.SHIP_TO_ADDRESS_2 as SHIP_T104_4_, ediorderhe0_.SHIP_TO_CITY as ship_t105_4_, ediorderhe0_.SHIP_TO_CN_CITY as ship_t106_4_, ediorderhe0_.SHIP_TO_COUNTRY as ship_t107_4_, ediorderhe0_.SHIP_TO_CUST_NBR as ship_t108_4_, ediorderhe0_.SHIP_TO_DEST_COD as ship_t109_4_, ediorderhe0_.SHIP_TO_FLAG as ship_t110_4_, ediorderhe0_.SHIP_TO_NAME as ship_t111_4_, ediorderhe0_.SHIP_TO_PHONE as ship_t112_4_, ediorderhe0_.SHIP_TO_PROVENCE as ship_t113_4_, ediorderhe0_.SHIP_TO_STATE as ship_t114_4_, ediorderhe0_.SHIP_TO_STORE as ship_t115_4_, ediorderhe0_.SHIP_TO_TRUNC_FLG as ship_t116_4_, ediorderhe0_.SHIP_TO_ZIP as ship_t117_4_, ediorderhe0_.SPECIAL_INSTRUCT_1 as SPECIA118_4_, ediorderhe0_.SPECIAL_INSTRUCT_2 as SPECIA119_4_, ediorderhe0_.SPECIAL_INSTRUCT_3 as SPECIA120_4_, ediorderhe0_.SPECIAL_INSTRUCT_4 as SPECIA121_4_, ediorderhe0_.SPECIAL_PO_NO as specia122_4_, ediorderhe0_.SRV_LEVEL as srv_le123_4_, ediorderhe0_.STATUS_CODE as status124_4_, ediorderhe0_.STD_CARR_ALPHA_IND as std_ca125_4_, ediorderhe0_.STORE_NAME as store_126_4_, ediorderhe0_.TERMS_NET_DAYS as terms_127_4_, ediorderhe0_.TERMS_TYPE_FLAG as terms_128_4_, ediorderhe0_.THIRD_PARTY_ACCT_NBR as third_129_4_, ediorderhe0_.THIRD_PARTY_ADDR_1 as THIRD_130_4_, ediorderhe0_.THIRD_PARTY_ADDR_2 as THIRD_131_4_, ediorderhe0_.THIRD_PARTY_BILL_FLAG as third_132_4_, ediorderhe0_.THIRD_PARTY_CITY as third_133_4_, ediorderhe0_.THIRD_PARTY_NAME as third_134_4_, ediorderhe0_.THIRD_PARTY_NAME_2 as THIRD_135_4_, ediorderhe0_.THIRD_PARTY_STATE as third_136_4_, ediorderhe0_.THIRD_PARTY_ZIP as third_137_4_, ediorderhe0_.TOTAL_BINDING_FT as total_138_4_, ediorderhe0_.USER_ID as user_i139_4_, ediorderhe0_.VENDOR_NO as vendor140_4_, ediorderhe0_.WC_STORE as wc_sto141_4_ from EDI_ORDER_HEADER ediorderhe0_ where ediorderhe0_.ORDER_TYPE=? limit ?
2020-06-19 14:05:51 TRACE [BasicBinder.java:64] binding parameter [1] as [VARCHAR] - [H]
Hibernate: select ediorderli0_.edi_order_number as edi_ord73_5_, ediorderli0_.PO_LINE_NO as po_line_1_5_, ediorderli0_.ADD_CUST_PROD_INFO as add_cust2_5_, ediorderli0_.AGREEMENT_PRICE as agreemen3_5_, ediorderli0_.AGREEMENT_UOM as agreemen4_5_, ediorderli0_.BACKORDERED_FLAG as backorde5_5_, ediorderli0_.BILL_TO_STORE as bill_to_6_5_, ediorderli0_.BINDING_FT as binding_7_5_, ediorderli0_.CALC_PRICE as calc_pri8_5_, ediorderli0_.CHNG_LID as chng_lid9_5_, ediorderli0_.CHNG_TIMESTAMP as chng_ti10_5_, ediorderli0_.SELL_COLOR_NUMBER as sell_co11_5_, ediorderli0_.CONS_MSG as cons_ms12_5_, ediorderli0_.CONV_FACTOR as conv_fa13_5_, ediorderli0_.CONV_QTY as conv_qt14_5_, ediorderli0_.CONV_UOM as conv_uo15_5_, ediorderli0_.CONV_WEIGHT as conv_we16_5_, ediorderli0_.CUST_PO_LINE_NBR as cust_po17_5_, ediorderli0_.CUST_PROD_DESC as cust_pr18_5_, ediorderli0_.CUST_PROD_ID as cust_pr19_5_, ediorderli0_.CUST_PROD_QUAL as cust_pr20_5_, ediorderli0_.CUST_REQ_SHIP_DATE as cust_re21_5_, ediorderli0_.CUST_SZ_DESC as cust_sz22_5_, ediorderli0_.CUST_UNIT_PRICE as cust_un23_5_, ediorderli0_.CUSTOMER_CODE as custome24_5_, ediorderli0_.CUSTOMER_NUMBER as custome25_5_, ediorderli0_.CUT_LENGTH as cut_len26_5_, ediorderli0_.DEPT_NBR as dept_nb27_5_, ediorderli0_.DISC_PCT as disc_pc28_5_, ediorderli0_.ERROR_CODE as error_c29_5_, ediorderli0_.ERROR_DESCRIPTION as error_d30_5_, ediorderli0_.ERROR_TIMESTAMP as error_t31_5_, ediorderli0_.GTIN_NBR as gtin_nb32_5_, ediorderli0_.ITEM_NO as item_no33_5_, ediorderli0_.ITEM_QUAL as item_qu34_5_, ediorderli0_.ITEM_SIZE as item_si35_5_, ediorderli0_.LI_INSTRUCTION as li_inst36_5_, ediorderli0_.LINE_NUMBER as line_nu37_5_, ediorderli0_.ORDER_NUMBER as order_n38_5_, ediorderli0_.ORDER_QUANTITY as order_q39_5_, ediorderli0_.ORDER_UOM as order_u40_5_, ediorderli0_.ORDERING_SYS as orderin41_5_, ediorderli0_.PO_CONTROL as po_cont42_5_, ediorderli0_.PO_NUMBER as po_numb43_5_, ediorderli0_.PRICE_QUAL as price_q44_5_, ediorderli0_.PRICE_UOM as price_u45_5_, ediorderli0_.PROD_STATUS as prod_st46_5_, ediorderli0_.QUANTITY_ORDERED as quantit47_5_, ediorderli0_.RECEIPT_ID as receipt48_5_, ediorderli0_.REQ_DYELOT as req_dye49_5_, ediorderli0_.REQ_DYELOT_QUAL as req_dye50_5_, ediorderli0_.RESERVED_IND as reserve51_5_, ediorderli0_.RET_LN_TOTAL as ret_ln_52_5_, ediorderli0_.RET_TX_DESC as ret_tx_53_5_, ediorderli0_.RETAIL_ALLOWANCE as retail_54_5_, ediorderli0_.RETAIL_PRICE as retail_55_5_, ediorderli0_.RETAIL_SH_PRICE as retail_56_5_, ediorderli0_.RETAIL_TAX as retail_57_5_, ediorderli0_.RETURN_MSG as return_58_5_, ediorderli0_.ROLL_LENGTH as roll_le59_5_, ediorderli0_.ROLL_MAX as roll_ma60_5_, ediorderli0_.ROLL_MIN as roll_mi61_5_, ediorderli0_.ROLL_WIDTH as roll_wi62_5_, ediorderli0_.ROUNDED_FLAG as rounded63_5_, ediorderli0_.SAME_DYELOT_IND as same_dy64_5_, ediorderli0_.SHIP_DATE_QUAL as ship_da65_5_, ediorderli0_.SHIP_DATE as ship_da66_5_, ediorderli0_.STATUS_CODE as status_67_5_, ediorderli0_.SELL_STYLE_NUMBER as sell_st68_5_, ediorderli0_.SUMMARIZE_FLAG as summari69_5_, ediorderli0_.UNIT_PRICE as unit_pr70_5_, ediorderli0_.UOM_CODE as uom_cod71_5_, ediorderli0_.UPC_CODE as upc_cod72_5_ from EDI_ORDER_LINE ediorderli0_ where ediorderli0_.edi_order_number=?
2020-06-19 14:05:51 TRACE [BasicBinder.java:64] binding parameter [1] as [BIGINT] - [2]
]]></system-out>
  </testcase>
  <testcase name="testCreateLegacyOrder" classname="com.shaw.ediorderservices.service.legacy.LegacyServiceTest" time="0.205"/>
</testsuite>