<?xml version="1.0" encoding="UTF-8"?>
<testsuite xmlns:xsi="http://www.w3.org/2001/XMLSchema-instance" xsi:noNamespaceSchemaLocation="https://maven.apache.org/surefire/maven-surefire-plugin/xsd/surefire-test-report.xsd" name="com.shaw.ediorderservices.service.shipinfo.ShipInfoServiceTest" time="1.816" tests="2" errors="1" skipped="0" failures="1">
  <properties>
    <property name="java.specification.version" value="14"/>
    <property name="sun.jnu.encoding" value="UTF-8"/>
    <property name="java.class.path" value="/Users/waaronwaddell/Documents/GitHub/Public/EDI/EDI-Public/target/test-classes:/Users/waaronwaddell/Documents/GitHub/Public/EDI/EDI-Public/target/classes:/Users/waaronwaddell/.m2/repository/com/shaw/mock/mock-builder/0.0.1-SNAPSHOT/mock-builder-0.0.1-SNAPSHOT.jar:/Users/waaronwaddell/.m2/repository/javax/persistence/javax.persistence-api/2.2/javax.persistence-api-2.2.jar:/Users/waaronwaddell/.m2/repository/org/apache/logging/log4j/log4j-core/2.12.1/log4j-core-2.12.1.jar:/Users/waaronwaddell/.m2/repository/org/apache/logging/log4j/log4j-api/2.12.1/log4j-api-2.12.1.jar:/Users/waaronwaddell/.m2/repository/org/springframework/boot/spring-boot-starter-data-jpa/2.2.6.RELEASE/spring-boot-starter-data-jpa-2.2.6.RELEASE.jar:/Users/waaronwaddell/.m2/repository/org/springframework/boot/spring-boot-starter-aop/2.2.6.RELEASE/spring-boot-starter-aop-2.2.6.RELEASE.jar:/Users/waaronwaddell/.m2/repository/org/springframework/spring-aop/5.2.5.RELEASE/spring-aop-5.2.5.RELEASE.jar:/Users/waaronwaddell/.m2/repository/org/aspectj/aspectjweaver/1.9.5/aspectjweaver-1.9.5.jar:/Users/waaronwaddell/.m2/repository/org/springframework/boot/spring-boot-starter-jdbc/2.2.6.RELEASE/spring-boot-starter-jdbc-2.2.6.RELEASE.jar:/Users/waaronwaddell/.m2/repository/com/zaxxer/HikariCP/3.4.2/HikariCP-3.4.2.jar:/Users/waaronwaddell/.m2/repository/org/springframework/spring-jdbc/5.2.5.RELEASE/spring-jdbc-5.2.5.RELEASE.jar:/Users/waaronwaddell/.m2/repository/jakarta/activation/jakarta.activation-api/1.2.2/jakarta.activation-api-1.2.2.jar:/Users/waaronwaddell/.m2/repository/jakarta/persistence/jakarta.persistence-api/2.2.3/jakarta.persistence-api-2.2.3.jar:/Users/waaronwaddell/.m2/repository/jakarta/transaction/jakarta.transaction-api/1.3.3/jakarta.transaction-api-1.3.3.jar:/Users/waaronwaddell/.m2/repository/org/hibernate/hibernate-core/5.4.12.Final/hibernate-core-5.4.12.Final.jar:/Users/waaronwaddell/.m2/repository/org/javassist/javassist/3.24.0-GA/javassist-3.24.0-GA.jar:/Users/waaronwaddell/.m2/repository/net/bytebuddy/byte-buddy/1.10.8/byte-buddy-1.10.8.jar:/Users/waaronwaddell/.m2/repository/antlr/antlr/2.7.7/antlr-2.7.7.jar:/Users/waaronwaddell/.m2/repository/org/jboss/jandex/2.1.1.Final/jandex-2.1.1.Final.jar:/Users/waaronwaddell/.m2/repository/org/dom4j/dom4j/2.1.1/dom4j-2.1.1.jar:/Users/waaronwaddell/.m2/repository/org/hibernate/common/hibernate-commons-annotations/5.1.0.Final/hibernate-commons-annotations-5.1.0.Final.jar:/Users/waaronwaddell/.m2/repository/org/glassfish/jaxb/jaxb-runtime/2.3.2/jaxb-runtime-2.3.2.jar:/Users/waaronwaddell/.m2/repository/org/glassfish/jaxb/txw2/2.3.2/txw2-2.3.2.jar:/Users/waaronwaddell/.m2/repository/com/sun/istack/istack-commons-runtime/3.0.8/istack-commons-runtime-3.0.8.jar:/Users/waaronwaddell/.m2/repository/org/jvnet/staxex/stax-ex/1.8.1/stax-ex-1.8.1.jar:/Users/waaronwaddell/.m2/repository/com/sun/xml/fastinfoset/FastInfoset/1.2.16/FastInfoset-1.2.16.jar:/Users/waaronwaddell/.m2/repository/org/springframework/data/spring-data-jpa/2.2.6.RELEASE/spring-data-jpa-2.2.6.RELEASE.jar:/Users/waaronwaddell/.m2/repository/org/springframework/data/spring-data-commons/2.2.6.RELEASE/spring-data-commons-2.2.6.RELEASE.jar:/Users/waaronwaddell/.m2/repository/org/springframework/spring-orm/5.2.5.RELEASE/spring-orm-5.2.5.RELEASE.jar:/Users/waaronwaddell/.m2/repository/org/springframework/spring-context/5.2.5.RELEASE/spring-context-5.2.5.RELEASE.jar:/Users/waaronwaddell/.m2/repository/org/springframework/spring-tx/5.2.5.RELEASE/spring-tx-5.2.5.RELEASE.jar:/Users/waaronwaddell/.m2/repository/org/springframework/spring-beans/5.2.5.RELEASE/spring-beans-5.2.5.RELEASE.jar:/Users/waaronwaddell/.m2/repository/org/springframework/spring-aspects/5.2.5.RELEASE/spring-aspects-5.2.5.RELEASE.jar:/Users/waaronwaddell/.m2/repository/org/springframework/boot/spring-boot-starter-web/2.2.6.RELEASE/spring-boot-starter-web-2.2.6.RELEASE.jar:/Users/waaronwaddell/.m2/repository/org/springframework/boot/spring-boot-starter/2.2.6.RELEASE/spring-boot-starter-2.2.6.RELEASE.jar:/Users/waaronwaddell/.m2/repository/org/springframework/boot/spring-boot/2.2.6.RELEASE/spring-boot-2.2.6.RELEASE.jar:/Users/waaronwaddell/.m2/repository/org/springframework/boot/spring-boot-autoconfigure/2.2.6.RELEASE/spring-boot-autoconfigure-2.2.6.RELEASE.jar:/Users/waaronwaddell/.m2/repository/org/springframework/boot/spring-boot-starter-logging/2.2.6.RELEASE/spring-boot-starter-logging-2.2.6.RELEASE.jar:/Users/waaronwaddell/.m2/repository/ch/qos/logback/logback-classic/1.2.3/logback-classic-1.2.3.jar:/Users/waaronwaddell/.m2/repository/ch/qos/logback/logback-core/1.2.3/logback-core-1.2.3.jar:/Users/waaronwaddell/.m2/repository/org/apache/logging/log4j/log4j-to-slf4j/2.12.1/log4j-to-slf4j-2.12.1.jar:/Users/waaronwaddell/.m2/repository/org/slf4j/jul-to-slf4j/1.7.30/jul-to-slf4j-1.7.30.jar:/Users/waaronwaddell/.m2/repository/jakarta/annotation/jakarta.annotation-api/1.3.5/jakarta.annotation-api-1.3.5.jar:/Users/waaronwaddell/.m2/repository/org/yaml/snakeyaml/1.25/snakeyaml-1.25.jar:/Users/waaronwaddell/.m2/repository/org/springframework/boot/spring-boot-starter-json/2.2.6.RELEASE/spring-boot-starter-json-2.2.6.RELEASE.jar:/Users/waaronwaddell/.m2/repository/com/fasterxml/jackson/core/jackson-databind/2.10.3/jackson-databind-2.10.3.jar:/Users/waaronwaddell/.m2/repository/com/fasterxml/jackson/core/jackson-core/2.10.3/jackson-core-2.10.3.jar:/Users/waaronwaddell/.m2/repository/com/fasterxml/jackson/datatype/jackson-datatype-jdk8/2.10.3/jackson-datatype-jdk8-2.10.3.jar:/Users/waaronwaddell/.m2/repository/com/fasterxml/jackson/datatype/jackson-datatype-jsr310/2.10.3/jackson-datatype-jsr310-2.10.3.jar:/Users/waaronwaddell/.m2/repository/com/fasterxml/jackson/module/jackson-module-parameter-names/2.10.3/jackson-module-parameter-names-2.10.3.jar:/Users/waaronwaddell/.m2/repository/org/springframework/boot/spring-boot-starter-tomcat/2.2.6.RELEASE/spring-boot-starter-tomcat-2.2.6.RELEASE.jar:/Users/waaronwaddell/.m2/repository/org/apache/tomcat/embed/tomcat-embed-core/9.0.33/tomcat-embed-core-9.0.33.jar:/Users/waaronwaddell/.m2/repository/org/apache/tomcat/embed/tomcat-embed-el/9.0.33/tomcat-embed-el-9.0.33.jar:/Users/waaronwaddell/.m2/repository/org/apache/tomcat/embed/tomcat-embed-websocket/9.0.33/tomcat-embed-websocket-9.0.33.jar:/Users/waaronwaddell/.m2/repository/org/springframework/boot/spring-boot-starter-validation/2.2.6.RELEASE/spring-boot-starter-validation-2.2.6.RELEASE.jar:/Users/waaronwaddell/.m2/repository/jakarta/validation/jakarta.validation-api/2.0.2/jakarta.validation-api-2.0.2.jar:/Users/waaronwaddell/.m2/repository/org/hibernate/validator/hibernate-validator/6.0.18.Final/hibernate-validator-6.0.18.Final.jar:/Users/waaronwaddell/.m2/repository/org/springframework/spring-web/5.2.5.RELEASE/spring-web-5.2.5.RELEASE.jar:/Users/waaronwaddell/.m2/repository/org/springframework/spring-webmvc/5.2.5.RELEASE/spring-webmvc-5.2.5.RELEASE.jar:/Users/waaronwaddell/.m2/repository/org/springframework/spring-expression/5.2.5.RELEASE/spring-expression-5.2.5.RELEASE.jar:/Users/waaronwaddell/.m2/repository/com/google/collections/google-collections/1.0/google-collections-1.0.jar:/Users/waaronwaddell/.m2/repository/com/google/code/gson/gson/2.8.6/gson-2.8.6.jar:/Users/waaronwaddell/.m2/repository/org/apache/commons/commons-lang3/3.9/commons-lang3-3.9.jar:/Users/waaronwaddell/.m2/repository/org/mapstruct/mapstruct/1.3.1.Final/mapstruct-1.3.1.Final.jar:/Users/waaronwaddell/.m2/repository/com/h2database/h2/1.4.200/h2-1.4.200.jar:/Users/waaronwaddell/.m2/repository/com/microsoft/sqlserver/mssql-jdbc/7.4.1.jre8/mssql-jdbc-7.4.1.jre8.jar:/Users/waaronwaddell/.m2/repository/io/springfox/springfox-swagger2/2.9.2/springfox-swagger2-2.9.2.jar:/Users/waaronwaddell/.m2/repository/io/swagger/swagger-annotations/1.5.20/swagger-annotations-1.5.20.jar:/Users/waaronwaddell/.m2/repository/io/swagger/swagger-models/1.5.20/swagger-models-1.5.20.jar:/Users/waaronwaddell/.m2/repository/com/fasterxml/jackson/core/jackson-annotations/2.10.3/jackson-annotations-2.10.3.jar:/Users/waaronwaddell/.m2/repository/io/springfox/springfox-spi/2.9.2/springfox-spi-2.9.2.jar:/Users/waaronwaddell/.m2/repository/io/springfox/springfox-core/2.9.2/springfox-core-2.9.2.jar:/Users/waaronwaddell/.m2/repository/io/springfox/springfox-schema/2.9.2/springfox-schema-2.9.2.jar:/Users/waaronwaddell/.m2/repository/io/springfox/springfox-swagger-common/2.9.2/springfox-swagger-common-2.9.2.jar:/Users/waaronwaddell/.m2/repository/io/springfox/springfox-spring-web/2.9.2/springfox-spring-web-2.9.2.jar:/Users/waaronwaddell/.m2/repository/com/google/guava/guava/20.0/guava-20.0.jar:/Users/waaronwaddell/.m2/repository/com/fasterxml/classmate/1.5.1/classmate-1.5.1.jar:/Users/waaronwaddell/.m2/repository/org/slf4j/slf4j-api/1.7.30/slf4j-api-1.7.30.jar:/Users/waaronwaddell/.m2/repository/org/springframework/plugin/spring-plugin-core/1.2.0.RELEASE/spring-plugin-core-1.2.0.RELEASE.jar:/Users/waaronwaddell/.m2/repository/org/springframework/plugin/spring-plugin-metadata/1.2.0.RELEASE/spring-plugin-metadata-1.2.0.RELEASE.jar:/Users/waaronwaddell/.m2/repository/io/springfox/springfox-swagger-ui/2.9.2/springfox-swagger-ui-2.9.2.jar:/Users/waaronwaddell/.m2/repository/org/springframework/boot/spring-boot-starter-test/2.2.6.RELEASE/spring-boot-starter-test-2.2.6.RELEASE.jar:/Users/waaronwaddell/.m2/repository/org/springframework/boot/spring-boot-test/2.2.6.RELEASE/spring-boot-test-2.2.6.RELEASE.jar:/Users/waaronwaddell/.m2/repository/org/springframework/boot/spring-boot-test-autoconfigure/2.2.6.RELEASE/spring-boot-test-autoconfigure-2.2.6.RELEASE.jar:/Users/waaronwaddell/.m2/repository/com/jayway/jsonpath/json-path/2.4.0/json-path-2.4.0.jar:/Users/waaronwaddell/.m2/repository/net/minidev/json-smart/2.3/json-smart-2.3.jar:/Users/waaronwaddell/.m2/repository/net/minidev/accessors-smart/1.2/accessors-smart-1.2.jar:/Users/waaronwaddell/.m2/repository/org/ow2/asm/asm/5.0.4/asm-5.0.4.jar:/Users/waaronwaddell/.m2/repository/jakarta/xml/bind/jakarta.xml.bind-api/2.3.3/jakarta.xml.bind-api-2.3.3.jar:/Users/waaronwaddell/.m2/repository/org/junit/jupiter/junit-jupiter/5.5.2/junit-jupiter-5.5.2.jar:/Users/waaronwaddell/.m2/repository/org/junit/jupiter/junit-jupiter-api/5.5.2/junit-jupiter-api-5.5.2.jar:/Users/waaronwaddell/.m2/repository/org/apiguardian/apiguardian-api/1.1.0/apiguardian-api-1.1.0.jar:/Users/waaronwaddell/.m2/repository/org/opentest4j/opentest4j/1.2.0/opentest4j-1.2.0.jar:/Users/waaronwaddell/.m2/repository/org/junit/platform/junit-platform-commons/1.5.2/junit-platform-commons-1.5.2.jar:/Users/waaronwaddell/.m2/repository/org/junit/jupiter/junit-jupiter-params/5.5.2/junit-jupiter-params-5.5.2.jar:/Users/waaronwaddell/.m2/repository/org/junit/jupiter/junit-jupiter-engine/5.5.2/junit-jupiter-engine-5.5.2.jar:/Users/waaronwaddell/.m2/repository/org/junit/platform/junit-platform-engine/1.5.2/junit-platform-engine-1.5.2.jar:/Users/waaronwaddell/.m2/repository/org/mockito/mockito-junit-jupiter/3.1.0/mockito-junit-jupiter-3.1.0.jar:/Users/waaronwaddell/.m2/repository/org/assertj/assertj-core/3.13.2/assertj-core-3.13.2.jar:/Users/waaronwaddell/.m2/repository/org/hamcrest/hamcrest/2.1/hamcrest-2.1.jar:/Users/waaronwaddell/.m2/repository/org/mockito/mockito-core/3.1.0/mockito-core-3.1.0.jar:/Users/waaronwaddell/.m2/repository/net/bytebuddy/byte-buddy-agent/1.10.8/byte-buddy-agent-1.10.8.jar:/Users/waaronwaddell/.m2/repository/org/objenesis/objenesis/2.6/objenesis-2.6.jar:/Users/waaronwaddell/.m2/repository/org/skyscreamer/jsonassert/1.5.0/jsonassert-1.5.0.jar:/Users/waaronwaddell/.m2/repository/com/vaadin/external/google/android-json/0.0.20131108.vaadin1/android-json-0.0.20131108.vaadin1.jar:/Users/waaronwaddell/.m2/repository/org/springframework/spring-core/5.2.5.RELEASE/spring-core-5.2.5.RELEASE.jar:/Users/waaronwaddell/.m2/repository/org/springframework/spring-jcl/5.2.5.RELEASE/spring-jcl-5.2.5.RELEASE.jar:/Users/waaronwaddell/.m2/repository/org/springframework/spring-test/5.2.5.RELEASE/spring-test-5.2.5.RELEASE.jar:/Users/waaronwaddell/.m2/repository/org/xmlunit/xmlunit-core/2.6.4/xmlunit-core-2.6.4.jar:/Users/waaronwaddell/.m2/repository/org/springframework/boot/spring-boot-configuration-processor/2.2.6.RELEASE/spring-boot-configuration-processor-2.2.6.RELEASE.jar:/Users/waaronwaddell/.m2/repository/org/hibernate/hibernate-ehcache/5.4.12.Final/hibernate-ehcache-5.4.12.Final.jar:/Users/waaronwaddell/.m2/repository/org/jboss/logging/jboss-logging/3.4.1.Final/jboss-logging-3.4.1.Final.jar:/Users/waaronwaddell/.m2/repository/net/sf/ehcache/ehcache/2.10.6/ehcache-2.10.6.jar:/Users/waaronwaddell/.m2/repository/commons-dbcp/commons-dbcp/1.4/commons-dbcp-1.4.jar:/Users/waaronwaddell/.m2/repository/commons-pool/commons-pool/1.6/commons-pool-1.6.jar:"/>
    <property name="java.vm.vendor" value="Oracle Corporation"/>
    <property name="sun.arch.data.model" value="64"/>
    <property name="java.vendor.url" value="https://java.oracle.com/"/>
    <property name="os.name" value="Mac OS X"/>
    <property name="java.vm.specification.version" value="14"/>
    <property name="sun.java.launcher" value="SUN_STANDARD"/>
    <property name="user.country" value="US"/>
    <property name="sun.boot.library.path" value="/Library/Java/JavaVirtualMachines/jdk-14.0.1.jdk/Contents/Home/lib"/>
    <property name="sun.java.command" value="/Users/waaronwaddell/Documents/GitHub/Public/EDI/EDI-Public/target/surefire/surefirebooter1067781378459841719.jar /Users/waaronwaddell/Documents/GitHub/Public/EDI/EDI-Public/target/surefire 2020-06-19T14-05-37_438-jvmRun1 surefire11253841964817327219tmp surefire_03139745139692005344tmp"/>
    <property name="http.nonProxyHosts" value="local|*.local|169.254/16|*.169.254/16"/>
    <property name="jdk.debug" value="release"/>
    <property name="surefire.test.class.path" value="/Users/waaronwaddell/Documents/GitHub/Public/EDI/EDI-Public/target/test-classes:/Users/waaronwaddell/Documents/GitHub/Public/EDI/EDI-Public/target/classes:/Users/waaronwaddell/.m2/repository/com/shaw/mock/mock-builder/0.0.1-SNAPSHOT/mock-builder-0.0.1-SNAPSHOT.jar:/Users/waaronwaddell/.m2/repository/javax/persistence/javax.persistence-api/2.2/javax.persistence-api-2.2.jar:/Users/waaronwaddell/.m2/repository/org/apache/logging/log4j/log4j-core/2.12.1/log4j-core-2.12.1.jar:/Users/waaronwaddell/.m2/repository/org/apache/logging/log4j/log4j-api/2.12.1/log4j-api-2.12.1.jar:/Users/waaronwaddell/.m2/repository/org/springframework/boot/spring-boot-starter-data-jpa/2.2.6.RELEASE/spring-boot-starter-data-jpa-2.2.6.RELEASE.jar:/Users/waaronwaddell/.m2/repository/org/springframework/boot/spring-boot-starter-aop/2.2.6.RELEASE/spring-boot-starter-aop-2.2.6.RELEASE.jar:/Users/waaronwaddell/.m2/repository/org/springframework/spring-aop/5.2.5.RELEASE/spring-aop-5.2.5.RELEASE.jar:/Users/waaronwaddell/.m2/repository/org/aspectj/aspectjweaver/1.9.5/aspectjweaver-1.9.5.jar:/Users/waaronwaddell/.m2/repository/org/springframework/boot/spring-boot-starter-jdbc/2.2.6.RELEASE/spring-boot-starter-jdbc-2.2.6.RELEASE.jar:/Users/waaronwaddell/.m2/repository/com/zaxxer/HikariCP/3.4.2/HikariCP-3.4.2.jar:/Users/waaronwaddell/.m2/repository/org/springframework/spring-jdbc/5.2.5.RELEASE/spring-jdbc-5.2.5.RELEASE.jar:/Users/waaronwaddell/.m2/repository/jakarta/activation/jakarta.activation-api/1.2.2/jakarta.activation-api-1.2.2.jar:/Users/waaronwaddell/.m2/repository/jakarta/persistence/jakarta.persistence-api/2.2.3/jakarta.persistence-api-2.2.3.jar:/Users/waaronwaddell/.m2/repository/jakarta/transaction/jakarta.transaction-api/1.3.3/jakarta.transaction-api-1.3.3.jar:/Users/waaronwaddell/.m2/repository/org/hibernate/hibernate-core/5.4.12.Final/hibernate-core-5.4.12.Final.jar:/Users/waaronwaddell/.m2/repository/org/javassist/javassist/3.24.0-GA/javassist-3.24.0-GA.jar:/Users/waaronwaddell/.m2/repository/net/bytebuddy/byte-buddy/1.10.8/byte-buddy-1.10.8.jar:/Users/waaronwaddell/.m2/repository/antlr/antlr/2.7.7/antlr-2.7.7.jar:/Users/waaronwaddell/.m2/repository/org/jboss/jandex/2.1.1.Final/jandex-2.1.1.Final.jar:/Users/waaronwaddell/.m2/repository/org/dom4j/dom4j/2.1.1/dom4j-2.1.1.jar:/Users/waaronwaddell/.m2/repository/org/hibernate/common/hibernate-commons-annotations/5.1.0.Final/hibernate-commons-annotations-5.1.0.Final.jar:/Users/waaronwaddell/.m2/repository/org/glassfish/jaxb/jaxb-runtime/2.3.2/jaxb-runtime-2.3.2.jar:/Users/waaronwaddell/.m2/repository/org/glassfish/jaxb/txw2/2.3.2/txw2-2.3.2.jar:/Users/waaronwaddell/.m2/repository/com/sun/istack/istack-commons-runtime/3.0.8/istack-commons-runtime-3.0.8.jar:/Users/waaronwaddell/.m2/repository/org/jvnet/staxex/stax-ex/1.8.1/stax-ex-1.8.1.jar:/Users/waaronwaddell/.m2/repository/com/sun/xml/fastinfoset/FastInfoset/1.2.16/FastInfoset-1.2.16.jar:/Users/waaronwaddell/.m2/repository/org/springframework/data/spring-data-jpa/2.2.6.RELEASE/spring-data-jpa-2.2.6.RELEASE.jar:/Users/waaronwaddell/.m2/repository/org/springframework/data/spring-data-commons/2.2.6.RELEASE/spring-data-commons-2.2.6.RELEASE.jar:/Users/waaronwaddell/.m2/repository/org/springframework/spring-orm/5.2.5.RELEASE/spring-orm-5.2.5.RELEASE.jar:/Users/waaronwaddell/.m2/repository/org/springframework/spring-context/5.2.5.RELEASE/spring-context-5.2.5.RELEASE.jar:/Users/waaronwaddell/.m2/repository/org/springframework/spring-tx/5.2.5.RELEASE/spring-tx-5.2.5.RELEASE.jar:/Users/waaronwaddell/.m2/repository/org/springframework/spring-beans/5.2.5.RELEASE/spring-beans-5.2.5.RELEASE.jar:/Users/waaronwaddell/.m2/repository/org/springframework/spring-aspects/5.2.5.RELEASE/spring-aspects-5.2.5.RELEASE.jar:/Users/waaronwaddell/.m2/repository/org/springframework/boot/spring-boot-starter-web/2.2.6.RELEASE/spring-boot-starter-web-2.2.6.RELEASE.jar:/Users/waaronwaddell/.m2/repository/org/springframework/boot/spring-boot-starter/2.2.6.RELEASE/spring-boot-starter-2.2.6.RELEASE.jar:/Users/waaronwaddell/.m2/repository/org/springframework/boot/spring-boot/2.2.6.RELEASE/spring-boot-2.2.6.RELEASE.jar:/Users/waaronwaddell/.m2/repository/org/springframework/boot/spring-boot-autoconfigure/2.2.6.RELEASE/spring-boot-autoconfigure-2.2.6.RELEASE.jar:/Users/waaronwaddell/.m2/repository/org/springframework/boot/spring-boot-starter-logging/2.2.6.RELEASE/spring-boot-starter-logging-2.2.6.RELEASE.jar:/Users/waaronwaddell/.m2/repository/ch/qos/logback/logback-classic/1.2.3/logback-classic-1.2.3.jar:/Users/waaronwaddell/.m2/repository/ch/qos/logback/logback-core/1.2.3/logback-core-1.2.3.jar:/Users/waaronwaddell/.m2/repository/org/apache/logging/log4j/log4j-to-slf4j/2.12.1/log4j-to-slf4j-2.12.1.jar:/Users/waaronwaddell/.m2/repository/org/slf4j/jul-to-slf4j/1.7.30/jul-to-slf4j-1.7.30.jar:/Users/waaronwaddell/.m2/repository/jakarta/annotation/jakarta.annotation-api/1.3.5/jakarta.annotation-api-1.3.5.jar:/Users/waaronwaddell/.m2/repository/org/yaml/snakeyaml/1.25/snakeyaml-1.25.jar:/Users/waaronwaddell/.m2/repository/org/springframework/boot/spring-boot-starter-json/2.2.6.RELEASE/spring-boot-starter-json-2.2.6.RELEASE.jar:/Users/waaronwaddell/.m2/repository/com/fasterxml/jackson/core/jackson-databind/2.10.3/jackson-databind-2.10.3.jar:/Users/waaronwaddell/.m2/repository/com/fasterxml/jackson/core/jackson-core/2.10.3/jackson-core-2.10.3.jar:/Users/waaronwaddell/.m2/repository/com/fasterxml/jackson/datatype/jackson-datatype-jdk8/2.10.3/jackson-datatype-jdk8-2.10.3.jar:/Users/waaronwaddell/.m2/repository/com/fasterxml/jackson/datatype/jackson-datatype-jsr310/2.10.3/jackson-datatype-jsr310-2.10.3.jar:/Users/waaronwaddell/.m2/repository/com/fasterxml/jackson/module/jackson-module-parameter-names/2.10.3/jackson-module-parameter-names-2.10.3.jar:/Users/waaronwaddell/.m2/repository/org/springframework/boot/spring-boot-starter-tomcat/2.2.6.RELEASE/spring-boot-starter-tomcat-2.2.6.RELEASE.jar:/Users/waaronwaddell/.m2/repository/org/apache/tomcat/embed/tomcat-embed-core/9.0.33/tomcat-embed-core-9.0.33.jar:/Users/waaronwaddell/.m2/repository/org/apache/tomcat/embed/tomcat-embed-el/9.0.33/tomcat-embed-el-9.0.33.jar:/Users/waaronwaddell/.m2/repository/org/apache/tomcat/embed/tomcat-embed-websocket/9.0.33/tomcat-embed-websocket-9.0.33.jar:/Users/waaronwaddell/.m2/repository/org/springframework/boot/spring-boot-starter-validation/2.2.6.RELEASE/spring-boot-starter-validation-2.2.6.RELEASE.jar:/Users/waaronwaddell/.m2/repository/jakarta/validation/jakarta.validation-api/2.0.2/jakarta.validation-api-2.0.2.jar:/Users/waaronwaddell/.m2/repository/org/hibernate/validator/hibernate-validator/6.0.18.Final/hibernate-validator-6.0.18.Final.jar:/Users/waaronwaddell/.m2/repository/org/springframework/spring-web/5.2.5.RELEASE/spring-web-5.2.5.RELEASE.jar:/Users/waaronwaddell/.m2/repository/org/springframework/spring-webmvc/5.2.5.RELEASE/spring-webmvc-5.2.5.RELEASE.jar:/Users/waaronwaddell/.m2/repository/org/springframework/spring-expression/5.2.5.RELEASE/spring-expression-5.2.5.RELEASE.jar:/Users/waaronwaddell/.m2/repository/com/google/collections/google-collections/1.0/google-collections-1.0.jar:/Users/waaronwaddell/.m2/repository/com/google/code/gson/gson/2.8.6/gson-2.8.6.jar:/Users/waaronwaddell/.m2/repository/org/apache/commons/commons-lang3/3.9/commons-lang3-3.9.jar:/Users/waaronwaddell/.m2/repository/org/mapstruct/mapstruct/1.3.1.Final/mapstruct-1.3.1.Final.jar:/Users/waaronwaddell/.m2/repository/com/h2database/h2/1.4.200/h2-1.4.200.jar:/Users/waaronwaddell/.m2/repository/com/microsoft/sqlserver/mssql-jdbc/7.4.1.jre8/mssql-jdbc-7.4.1.jre8.jar:/Users/waaronwaddell/.m2/repository/io/springfox/springfox-swagger2/2.9.2/springfox-swagger2-2.9.2.jar:/Users/waaronwaddell/.m2/repository/io/swagger/swagger-annotations/1.5.20/swagger-annotations-1.5.20.jar:/Users/waaronwaddell/.m2/repository/io/swagger/swagger-models/1.5.20/swagger-models-1.5.20.jar:/Users/waaronwaddell/.m2/repository/com/fasterxml/jackson/core/jackson-annotations/2.10.3/jackson-annotations-2.10.3.jar:/Users/waaronwaddell/.m2/repository/io/springfox/springfox-spi/2.9.2/springfox-spi-2.9.2.jar:/Users/waaronwaddell/.m2/repository/io/springfox/springfox-core/2.9.2/springfox-core-2.9.2.jar:/Users/waaronwaddell/.m2/repository/io/springfox/springfox-schema/2.9.2/springfox-schema-2.9.2.jar:/Users/waaronwaddell/.m2/repository/io/springfox/springfox-swagger-common/2.9.2/springfox-swagger-common-2.9.2.jar:/Users/waaronwaddell/.m2/repository/io/springfox/springfox-spring-web/2.9.2/springfox-spring-web-2.9.2.jar:/Users/waaronwaddell/.m2/repository/com/google/guava/guava/20.0/guava-20.0.jar:/Users/waaronwaddell/.m2/repository/com/fasterxml/classmate/1.5.1/classmate-1.5.1.jar:/Users/waaronwaddell/.m2/repository/org/slf4j/slf4j-api/1.7.30/slf4j-api-1.7.30.jar:/Users/waaronwaddell/.m2/repository/org/springframework/plugin/spring-plugin-core/1.2.0.RELEASE/spring-plugin-core-1.2.0.RELEASE.jar:/Users/waaronwaddell/.m2/repository/org/springframework/plugin/spring-plugin-metadata/1.2.0.RELEASE/spring-plugin-metadata-1.2.0.RELEASE.jar:/Users/waaronwaddell/.m2/repository/io/springfox/springfox-swagger-ui/2.9.2/springfox-swagger-ui-2.9.2.jar:/Users/waaronwaddell/.m2/repository/org/springframework/boot/spring-boot-starter-test/2.2.6.RELEASE/spring-boot-starter-test-2.2.6.RELEASE.jar:/Users/waaronwaddell/.m2/repository/org/springframework/boot/spring-boot-test/2.2.6.RELEASE/spring-boot-test-2.2.6.RELEASE.jar:/Users/waaronwaddell/.m2/repository/org/springframework/boot/spring-boot-test-autoconfigure/2.2.6.RELEASE/spring-boot-test-autoconfigure-2.2.6.RELEASE.jar:/Users/waaronwaddell/.m2/repository/com/jayway/jsonpath/json-path/2.4.0/json-path-2.4.0.jar:/Users/waaronwaddell/.m2/repository/net/minidev/json-smart/2.3/json-smart-2.3.jar:/Users/waaronwaddell/.m2/repository/net/minidev/accessors-smart/1.2/accessors-smart-1.2.jar:/Users/waaronwaddell/.m2/repository/org/ow2/asm/asm/5.0.4/asm-5.0.4.jar:/Users/waaronwaddell/.m2/repository/jakarta/xml/bind/jakarta.xml.bind-api/2.3.3/jakarta.xml.bind-api-2.3.3.jar:/Users/waaronwaddell/.m2/repository/org/junit/jupiter/junit-jupiter/5.5.2/junit-jupiter-5.5.2.jar:/Users/waaronwaddell/.m2/repository/org/junit/jupiter/junit-jupiter-api/5.5.2/junit-jupiter-api-5.5.2.jar:/Users/waaronwaddell/.m2/repository/org/apiguardian/apiguardian-api/1.1.0/apiguardian-api-1.1.0.jar:/Users/waaronwaddell/.m2/repository/org/opentest4j/opentest4j/1.2.0/opentest4j-1.2.0.jar:/Users/waaronwaddell/.m2/repository/org/junit/platform/junit-platform-commons/1.5.2/junit-platform-commons-1.5.2.jar:/Users/waaronwaddell/.m2/repository/org/junit/jupiter/junit-jupiter-params/5.5.2/junit-jupiter-params-5.5.2.jar:/Users/waaronwaddell/.m2/repository/org/junit/jupiter/junit-jupiter-engine/5.5.2/junit-jupiter-engine-5.5.2.jar:/Users/waaronwaddell/.m2/repository/org/junit/platform/junit-platform-engine/1.5.2/junit-platform-engine-1.5.2.jar:/Users/waaronwaddell/.m2/repository/org/mockito/mockito-junit-jupiter/3.1.0/mockito-junit-jupiter-3.1.0.jar:/Users/waaronwaddell/.m2/repository/org/assertj/assertj-core/3.13.2/assertj-core-3.13.2.jar:/Users/waaronwaddell/.m2/repository/org/hamcrest/hamcrest/2.1/hamcrest-2.1.jar:/Users/waaronwaddell/.m2/repository/org/mockito/mockito-core/3.1.0/mockito-core-3.1.0.jar:/Users/waaronwaddell/.m2/repository/net/bytebuddy/byte-buddy-agent/1.10.8/byte-buddy-agent-1.10.8.jar:/Users/waaronwaddell/.m2/repository/org/objenesis/objenesis/2.6/objenesis-2.6.jar:/Users/waaronwaddell/.m2/repository/org/skyscreamer/jsonassert/1.5.0/jsonassert-1.5.0.jar:/Users/waaronwaddell/.m2/repository/com/vaadin/external/google/android-json/0.0.20131108.vaadin1/android-json-0.0.20131108.vaadin1.jar:/Users/waaronwaddell/.m2/repository/org/springframework/spring-core/5.2.5.RELEASE/spring-core-5.2.5.RELEASE.jar:/Users/waaronwaddell/.m2/repository/org/springframework/spring-jcl/5.2.5.RELEASE/spring-jcl-5.2.5.RELEASE.jar:/Users/waaronwaddell/.m2/repository/org/springframework/spring-test/5.2.5.RELEASE/spring-test-5.2.5.RELEASE.jar:/Users/waaronwaddell/.m2/repository/org/xmlunit/xmlunit-core/2.6.4/xmlunit-core-2.6.4.jar:/Users/waaronwaddell/.m2/repository/org/springframework/boot/spring-boot-configuration-processor/2.2.6.RELEASE/spring-boot-configuration-processor-2.2.6.RELEASE.jar:/Users/waaronwaddell/.m2/repository/org/hibernate/hibernate-ehcache/5.4.12.Final/hibernate-ehcache-5.4.12.Final.jar:/Users/waaronwaddell/.m2/repository/org/jboss/logging/jboss-logging/3.4.1.Final/jboss-logging-3.4.1.Final.jar:/Users/waaronwaddell/.m2/repository/net/sf/ehcache/ehcache/2.10.6/ehcache-2.10.6.jar:/Users/waaronwaddell/.m2/repository/commons-dbcp/commons-dbcp/1.4/commons-dbcp-1.4.jar:/Users/waaronwaddell/.m2/repository/commons-pool/commons-pool/1.6/commons-pool-1.6.jar:"/>
    <property name="sun.cpu.endian" value="little"/>
    <property name="user.home" value="/Users/waaronwaddell"/>
    <property name="user.language" value="en"/>
    <property name="java.specification.vendor" value="Oracle Corporation"/>
    <property name="java.version.date" value="2020-04-14"/>
    <property name="java.home" value="/Library/Java/JavaVirtualMachines/jdk-14.0.1.jdk/Contents/Home"/>
    <property name="file.separator" value="/"/>
    <property name="style.color" value="always"/>
    <property name="basedir" value="/Users/waaronwaddell/Documents/GitHub/Public/EDI/EDI-Public"/>
    <property name="java.vm.compressedOopsMode" value="Zero based"/>
    <property name="line.separator" value="&#10;"/>
    <property name="java.specification.name" value="Java Platform API Specification"/>
    <property name="java.vm.specification.vendor" value="Oracle Corporation"/>
    <property name="surefire.real.class.path" value="/Users/waaronwaddell/Documents/GitHub/Public/EDI/EDI-Public/target/surefire/surefirebooter1067781378459841719.jar"/>
    <property name="sun.management.compiler" value="HotSpot 64-Bit Tiered Compilers"/>
    <property name="ftp.nonProxyHosts" value="local|*.local|169.254/16|*.169.254/16"/>
    <property name="java.runtime.version" value="14.0.1+7"/>
    <property name="user.name" value="waaronwaddell"/>
    <property name="path.separator" value=":"/>
    <property name="os.version" value="10.15.5"/>
    <property name="java.runtime.name" value="Java(TM) SE Runtime Environment"/>
    <property name="file.encoding" value="UTF-8"/>
    <property name="java.vm.name" value="Java HotSpot(TM) 64-Bit Server VM"/>
    <property name="localRepository" value="/Users/waaronwaddell/.m2/repository"/>
    <property name="java.vendor.url.bug" value="https://bugreport.java.com/bugreport/"/>
    <property name="java.io.tmpdir" value="/var/folders/v1/7ssr3hdd2_qfv951y30bn48w0000gn/T/"/>
    <property name="java.version" value="14.0.1"/>
    <property name="user.dir" value="/Users/waaronwaddell/Documents/GitHub/Public/EDI/EDI-Public"/>
    <property name="os.arch" value="x86_64"/>
    <property name="java.vm.specification.name" value="Java Virtual Machine Specification"/>
    <property name="java.library.path" value="/Users/waaronwaddell/Library/Java/Extensions:/Library/Java/Extensions:/Network/Library/Java/Extensions:/System/Library/Java/Extensions:/usr/lib/java:."/>
    <property name="java.vm.info" value="mixed mode, sharing"/>
    <property name="java.vendor" value="Oracle Corporation"/>
    <property name="java.vm.version" value="14.0.1+7"/>
    <property name="sun.io.unicode.encoding" value="UnicodeBig"/>
    <property name="socksNonProxyHosts" value="local|*.local|169.254/16|*.169.254/16"/>
    <property name="java.class.version" value="58.0"/>
  </properties>
  <testcase name="testCreateShipInfo" classname="com.shaw.ediorderservices.service.shipinfo.ShipInfoServiceTest" time="0.01">
    <error type="java.lang.NullPointerException">java.lang.NullPointerException
	at com.shaw.ediorderservices.service.shipinfo.ShipInfoServiceTest.testCreateShipInfo(ShipInfoServiceTest.java:74)
</error>
    <system-out><![CDATA[
  .   ____          _            __ _ _
 /\\ / ___'_ __ _ _(_)_ __  __ _ \ \ \ \
( ( )\___ | '_ | '_| | '_ \/ _` | \ \ \ \
 \\/  ___)| |_)| | | | | || (_| |  ) ) ) )
  '  |____| .__|_| |_|_| |_\__, | / / / /
 =========|_|==============|___/=/_/_/_/
 :: Spring Boot ::        (v2.2.6.RELEASE)

2020-06-19 14:05:53 INFO  [StartupInfoLogger.java:55] Starting ShipInfoServiceTest on Aarons-MBP.home with PID 49967 (started by waaronwaddell in /Users/waaronwaddell/Documents/GitHub/Public/EDI/EDI-Public)
2020-06-19 14:05:53 DEBUG [StartupInfoLogger.java:56] Running with Spring Boot v2.2.6.RELEASE, Spring v5.2.5.RELEASE
2020-06-19 14:05:53 INFO  [SpringApplication.java:651] No active profile set, falling back to default profiles: default
2020-06-19 14:05:53 DEBUG [HikariConfig.java:900] Driver class org.h2.Driver found in Thread context class loader jdk.internal.loader.ClassLoaders$AppClassLoader@55054057
2020-06-19 14:05:53 DEBUG [HikariConfig.java:900] Driver class org.h2.Driver found in Thread context class loader jdk.internal.loader.ClassLoaders$AppClassLoader@55054057
2020-06-19 14:05:53 INFO  [LogHelper.java:31] HHH000204: Processing PersistenceUnitInfo [name: db2PU]
2020-06-19 14:05:53 DEBUG [HikariConfig.java:1020] HikariPool-9 - configuration:
2020-06-19 14:05:53 DEBUG [HikariConfig.java:1052] allowPoolSuspension.............false
2020-06-19 14:05:53 DEBUG [HikariConfig.java:1052] autoCommit......................true
2020-06-19 14:05:53 DEBUG [HikariConfig.java:1052] catalog.........................none
2020-06-19 14:05:53 DEBUG [HikariConfig.java:1052] connectionInitSql...............none
2020-06-19 14:05:53 DEBUG [HikariConfig.java:1052] connectionTestQuery.............none
2020-06-19 14:05:53 DEBUG [HikariConfig.java:1052] connectionTimeout...............30000
2020-06-19 14:05:53 DEBUG [HikariConfig.java:1052] dataSource......................none
2020-06-19 14:05:53 DEBUG [HikariConfig.java:1052] dataSourceClassName.............none
2020-06-19 14:05:53 DEBUG [HikariConfig.java:1052] dataSourceJNDI..................none
2020-06-19 14:05:53 DEBUG [HikariConfig.java:1052] dataSourceProperties............{password=<masked>}
2020-06-19 14:05:53 DEBUG [HikariConfig.java:1052] driverClassName................."org.h2.Driver"
2020-06-19 14:05:53 DEBUG [HikariConfig.java:1052] healthCheckProperties...........{}
2020-06-19 14:05:53 DEBUG [HikariConfig.java:1052] healthCheckRegistry.............none
2020-06-19 14:05:53 DEBUG [HikariConfig.java:1052] idleTimeout.....................600000
2020-06-19 14:05:53 DEBUG [HikariConfig.java:1052] initializationFailTimeout.......1
2020-06-19 14:05:53 DEBUG [HikariConfig.java:1052] isolateInternalQueries..........false
2020-06-19 14:05:53 DEBUG [HikariConfig.java:1052] jdbcUrl.........................jdbc:h2:mem:db2;INIT=create schema IF NOT EXISTS SHXP
2020-06-19 14:05:53 DEBUG [HikariConfig.java:1052] leakDetectionThreshold..........0
2020-06-19 14:05:53 DEBUG [HikariConfig.java:1052] maxLifetime.....................1800000
2020-06-19 14:05:53 DEBUG [HikariConfig.java:1052] maximumPoolSize.................10
2020-06-19 14:05:53 DEBUG [HikariConfig.java:1052] metricRegistry..................none
2020-06-19 14:05:53 DEBUG [HikariConfig.java:1052] metricsTrackerFactory...........none
2020-06-19 14:05:53 DEBUG [HikariConfig.java:1052] minimumIdle.....................10
2020-06-19 14:05:53 DEBUG [HikariConfig.java:1052] password........................<masked>
2020-06-19 14:05:53 DEBUG [HikariConfig.java:1052] poolName........................"HikariPool-9"
2020-06-19 14:05:53 DEBUG [HikariConfig.java:1052] readOnly........................false
2020-06-19 14:05:53 DEBUG [HikariConfig.java:1052] registerMbeans..................false
2020-06-19 14:05:53 DEBUG [HikariConfig.java:1052] scheduledExecutor...............none
2020-06-19 14:05:53 DEBUG [HikariConfig.java:1052] schema..........................none
2020-06-19 14:05:53 DEBUG [HikariConfig.java:1052] threadFactory...................internal
2020-06-19 14:05:53 DEBUG [HikariConfig.java:1052] transactionIsolation............default
2020-06-19 14:05:53 DEBUG [HikariConfig.java:1052] username........................"sa"
2020-06-19 14:05:53 DEBUG [HikariConfig.java:1052] validationTimeout...............5000
2020-06-19 14:05:53 INFO  [HikariDataSource.java:110] HikariPool-9 - Starting...
2020-06-19 14:05:53 DEBUG [HikariPool.java:558] HikariPool-9 - Added connection conn80: url=jdbc:h2:mem:db2 user=SA
2020-06-19 14:05:53 INFO  [HikariDataSource.java:123] HikariPool-9 - Start completed.
2020-06-19 14:05:53 INFO  [Dialect.java:172] HHH000400: Using dialect: org.hibernate.dialect.H2Dialect
2020-06-19 14:05:53 DEBUG [HikariPool.java:417] HikariPool-9 - Pool stats (total=1, active=0, idle=1, waiting=0)
2020-06-19 14:05:53 DEBUG [HikariPool.java:722] HikariPool-9 - Added connection conn81: url=jdbc:h2:mem:db2 user=SA
2020-06-19 14:05:53 DEBUG [HikariPool.java:722] HikariPool-9 - Added connection conn82: url=jdbc:h2:mem:db2 user=SA
2020-06-19 14:05:53 DEBUG [HikariPool.java:722] HikariPool-9 - Added connection conn83: url=jdbc:h2:mem:db2 user=SA
2020-06-19 14:05:53 DEBUG [HikariPool.java:722] HikariPool-9 - Added connection conn84: url=jdbc:h2:mem:db2 user=SA
2020-06-19 14:05:53 DEBUG [HikariPool.java:722] HikariPool-9 - Added connection conn85: url=jdbc:h2:mem:db2 user=SA
2020-06-19 14:05:53 DEBUG [HikariPool.java:722] HikariPool-9 - Added connection conn86: url=jdbc:h2:mem:db2 user=SA
2020-06-19 14:05:53 DEBUG [HikariPool.java:722] HikariPool-9 - Added connection conn87: url=jdbc:h2:mem:db2 user=SA
2020-06-19 14:05:53 DEBUG [HikariPool.java:722] HikariPool-9 - Added connection conn88: url=jdbc:h2:mem:db2 user=SA
2020-06-19 14:05:53 DEBUG [HikariPool.java:722] HikariPool-9 - Added connection conn89: url=jdbc:h2:mem:db2 user=SA
2020-06-19 14:05:53 DEBUG [HikariPool.java:417] HikariPool-9 - After adding stats (total=10, active=0, idle=10, waiting=0)
Hibernate: create table SHXP.EDI_SHIP_INFO (DATE_STAMP date not null, ORDER_NBR varchar(6) not null, ACCT_CONTACT varchar(45) default  not null, AGREEMENT_NBR varchar(15) not null, AUTH_REP varchar(45) default  not null, AUTHORIZATION_NO varchar(10) default  not null, BILL_TO_STORE_NBR varchar(20) not null, BS_STORE_NBR varchar(10) not null, CARR_CODE varchar(2) not null, COMM_CUST varchar(7) not null, CONS_STATUS_MSG varchar(35) default  not null, CONSUMER_ADDRESS varchar(35) not null, CONSUMER_ADDRESS_2 varchar(35) not null, CONSUMER_CITY varchar(19) not null, CONSUMER_PO_DATE date not null, CONSUMER_SHIP_FLG varchar(1) not null, CONSUMER_NAME varchar(35) not null, CONSUMER_STATE varchar(2) not null, CONSUMER_ZIP varchar(9) not null, CONTRACT_NBR varchar(15) default  not null, CROSS_DOCK varchar(10) not null, CUST_NBR varchar(7) not null, CUST_PMT_METH varchar(30) default  not null, CUST_PO varchar(22) not null, CUST_SP_INST varchar(45) default  not null, CUST_WH_NBR varchar(4) default  not null, CUSTOMER_CODE varchar(2) not null, DELIVERY_DATE date, DELV_REQST_DATE date, department varchar(5) not null, DIV_DESC varchar(20) not null, DUNS_NBR varchar(15) not null, EDI_ORDER_NUMBER bigint, EVENT_INFO varchar(15) not null, GIFT_MESSAGE_1 varchar(45) not null, GIFT_MESSAGE_2 varchar(45) not null, HDR_DROP_DATE date default CURRENT_DATE not null, LAST_CHNG_DATE timestamp default CURRENT_DATE not null, LAST_CHNG_ID varchar(8) default  not null, NB_DATE date default CURRENT_DATE not null, NO_ASN_FLAG varchar(1) not null, ONLINE_TYPE varchar(1) default  not null, ORDER_MER_COST bigint default  not null, ORDER_RET_HAND bigint default  not null, ORDER_RET_SH bigint default  not null, ORDER_RET_TAX bigint default  not null, ORDER_RET_TOTAL bigint default  not null, ORDER_TYPE varchar(1) not null, ORDER_TYPE_DESC varchar(15) not null, ORDERING_SYS varchar(2) not null, PO_DATE date not null, PO_TYPE_SUFFIX varchar(10) default  not null, PS_MSG varchar(255) default  not null, PURCHASED_BY varchar(45) not null, RECEIVING_STORE varchar(10) not null, REF_TC_NBR varchar(20) default  not null, RETURN_MSG varchar(35) default  not null, ROUTE_BY_DATE date default CURRENT_DATE not null, SALES_CHECK_NO varchar(30) not null, SALES_REQ_CODE varchar(2) default  not null, SHIP_BY_DATE date, SHIP_CANCEL_DATE date default CURRENT_DATE not null, SHIP_TO_DEST_CODE varchar(2) not null, SPEC_PO_NUMBER varchar(20) not null, SPL_BILL_TO_STORE varchar(10) not null, SPL_SHIP_TO_STORE varchar(10) not null, SPL_XDOCK_CENTER varchar(10) not null, STORE_NAME varchar(45) not null, VENDOR_NO varchar(15) not null, primary key (DATE_STAMP, ORDER_NBR))
2020-06-19 14:05:54 WARN  [ExceptionHandlerLoggedImpl.java:27] GenerationTarget encountered exception accepting command : Error executing DDL "create table SHXP.EDI_SHIP_INFO (DATE_STAMP date not null, ORDER_NBR varchar(6) not null, ACCT_CONTACT varchar(45) default  not null, AGREEMENT_NBR varchar(15) not null, AUTH_REP varchar(45) default  not null, AUTHORIZATION_NO varchar(10) default  not null, BILL_TO_STORE_NBR varchar(20) not null, BS_STORE_NBR varchar(10) not null, CARR_CODE varchar(2) not null, COMM_CUST varchar(7) not null, CONS_STATUS_MSG varchar(35) default  not null, CONSUMER_ADDRESS varchar(35) not null, CONSUMER_ADDRESS_2 varchar(35) not null, CONSUMER_CITY varchar(19) not null, CONSUMER_PO_DATE date not null, CONSUMER_SHIP_FLG varchar(1) not null, CONSUMER_NAME varchar(35) not null, CONSUMER_STATE varchar(2) not null, CONSUMER_ZIP varchar(9) not null, CONTRACT_NBR varchar(15) default  not null, CROSS_DOCK varchar(10) not null, CUST_NBR varchar(7) not null, CUST_PMT_METH varchar(30) default  not null, CUST_PO varchar(22) not null, CUST_SP_INST varchar(45) default  not null, CUST_WH_NBR varchar(4) default  not null, CUSTOMER_CODE varchar(2) not null, DELIVERY_DATE date, DELV_REQST_DATE date, department varchar(5) not null, DIV_DESC varchar(20) not null, DUNS_NBR varchar(15) not null, EDI_ORDER_NUMBER bigint, EVENT_INFO varchar(15) not null, GIFT_MESSAGE_1 varchar(45) not null, GIFT_MESSAGE_2 varchar(45) not null, HDR_DROP_DATE date default CURRENT_DATE not null, LAST_CHNG_DATE timestamp default CURRENT_DATE not null, LAST_CHNG_ID varchar(8) default  not null, NB_DATE date default CURRENT_DATE not null, NO_ASN_FLAG varchar(1) not null, ONLINE_TYPE varchar(1) default  not null, ORDER_MER_COST bigint default  not null, ORDER_RET_HAND bigint default  not null, ORDER_RET_SH bigint default  not null, ORDER_RET_TAX bigint default  not null, ORDER_RET_TOTAL bigint default  not null, ORDER_TYPE varchar(1) not null, ORDER_TYPE_DESC varchar(15) not null, ORDERING_SYS varchar(2) not null, PO_DATE date not null, PO_TYPE_SUFFIX varchar(10) default  not null, PS_MSG varchar(255) default  not null, PURCHASED_BY varchar(45) not null, RECEIVING_STORE varchar(10) not null, REF_TC_NBR varchar(20) default  not null, RETURN_MSG varchar(35) default  not null, ROUTE_BY_DATE date default CURRENT_DATE not null, SALES_CHECK_NO varchar(30) not null, SALES_REQ_CODE varchar(2) default  not null, SHIP_BY_DATE date, SHIP_CANCEL_DATE date default CURRENT_DATE not null, SHIP_TO_DEST_CODE varchar(2) not null, SPEC_PO_NUMBER varchar(20) not null, SPL_BILL_TO_STORE varchar(10) not null, SPL_SHIP_TO_STORE varchar(10) not null, SPL_XDOCK_CENTER varchar(10) not null, STORE_NAME varchar(45) not null, VENDOR_NO varchar(15) not null, primary key (DATE_STAMP, ORDER_NBR))" via JDBC Statement
org.hibernate.tool.schema.spi.CommandAcceptanceException: Error executing DDL "create table SHXP.EDI_SHIP_INFO (DATE_STAMP date not null, ORDER_NBR varchar(6) not null, ACCT_CONTACT varchar(45) default  not null, AGREEMENT_NBR varchar(15) not null, AUTH_REP varchar(45) default  not null, AUTHORIZATION_NO varchar(10) default  not null, BILL_TO_STORE_NBR varchar(20) not null, BS_STORE_NBR varchar(10) not null, CARR_CODE varchar(2) not null, COMM_CUST varchar(7) not null, CONS_STATUS_MSG varchar(35) default  not null, CONSUMER_ADDRESS varchar(35) not null, CONSUMER_ADDRESS_2 varchar(35) not null, CONSUMER_CITY varchar(19) not null, CONSUMER_PO_DATE date not null, CONSUMER_SHIP_FLG varchar(1) not null, CONSUMER_NAME varchar(35) not null, CONSUMER_STATE varchar(2) not null, CONSUMER_ZIP varchar(9) not null, CONTRACT_NBR varchar(15) default  not null, CROSS_DOCK varchar(10) not null, CUST_NBR varchar(7) not null, CUST_PMT_METH varchar(30) default  not null, CUST_PO varchar(22) not null, CUST_SP_INST varchar(45) default  not null, CUST_WH_NBR varchar(4) default  not null, CUSTOMER_CODE varchar(2) not null, DELIVERY_DATE date, DELV_REQST_DATE date, department varchar(5) not null, DIV_DESC varchar(20) not null, DUNS_NBR varchar(15) not null, EDI_ORDER_NUMBER bigint, EVENT_INFO varchar(15) not null, GIFT_MESSAGE_1 varchar(45) not null, GIFT_MESSAGE_2 varchar(45) not null, HDR_DROP_DATE date default CURRENT_DATE not null, LAST_CHNG_DATE timestamp default CURRENT_DATE not null, LAST_CHNG_ID varchar(8) default  not null, NB_DATE date default CURRENT_DATE not null, NO_ASN_FLAG varchar(1) not null, ONLINE_TYPE varchar(1) default  not null, ORDER_MER_COST bigint default  not null, ORDER_RET_HAND bigint default  not null, ORDER_RET_SH bigint default  not null, ORDER_RET_TAX bigint default  not null, ORDER_RET_TOTAL bigint default  not null, ORDER_TYPE varchar(1) not null, ORDER_TYPE_DESC varchar(15) not null, ORDERING_SYS varchar(2) not null, PO_DATE date not null, PO_TYPE_SUFFIX varchar(10) default  not null, PS_MSG varchar(255) default  not null, PURCHASED_BY varchar(45) not null, RECEIVING_STORE varchar(10) not null, REF_TC_NBR varchar(20) default  not null, RETURN_MSG varchar(35) default  not null, ROUTE_BY_DATE date default CURRENT_DATE not null, SALES_CHECK_NO varchar(30) not null, SALES_REQ_CODE varchar(2) default  not null, SHIP_BY_DATE date, SHIP_CANCEL_DATE date default CURRENT_DATE not null, SHIP_TO_DEST_CODE varchar(2) not null, SPEC_PO_NUMBER varchar(20) not null, SPL_BILL_TO_STORE varchar(10) not null, SPL_SHIP_TO_STORE varchar(10) not null, SPL_XDOCK_CENTER varchar(10) not null, STORE_NAME varchar(45) not null, VENDOR_NO varchar(15) not null, primary key (DATE_STAMP, ORDER_NBR))" via JDBC Statement
	at org.hibernate.tool.schema.internal.exec.GenerationTargetToDatabase.accept(GenerationTargetToDatabase.java:67)
	at org.hibernate.tool.schema.internal.AbstractSchemaMigrator.applySqlString(AbstractSchemaMigrator.java:559)
	at org.hibernate.tool.schema.internal.AbstractSchemaMigrator.applySqlStrings(AbstractSchemaMigrator.java:504)
	at org.hibernate.tool.schema.internal.AbstractSchemaMigrator.createTable(AbstractSchemaMigrator.java:277)
	at org.hibernate.tool.schema.internal.GroupedSchemaMigratorImpl.performTablesMigration(GroupedSchemaMigratorImpl.java:71)
	at org.hibernate.tool.schema.internal.AbstractSchemaMigrator.performMigration(AbstractSchemaMigrator.java:207)
	at org.hibernate.tool.schema.internal.AbstractSchemaMigrator.doMigration(AbstractSchemaMigrator.java:114)
	at org.hibernate.tool.schema.spi.SchemaManagementToolCoordinator.performDatabaseAction(SchemaManagementToolCoordinator.java:184)
	at org.hibernate.tool.schema.spi.SchemaManagementToolCoordinator.process(SchemaManagementToolCoordinator.java:73)
	at org.hibernate.internal.SessionFactoryImpl.<init>(SessionFactoryImpl.java:314)
	at org.hibernate.boot.internal.SessionFactoryBuilderImpl.build(SessionFactoryBuilderImpl.java:468)
	at org.hibernate.jpa.boot.internal.EntityManagerFactoryBuilderImpl.build(EntityManagerFactoryBuilderImpl.java:1237)
	at org.springframework.orm.jpa.vendor.SpringHibernateJpaPersistenceProvider.createContainerEntityManagerFactory(SpringHibernateJpaPersistenceProvider.java:58)
	at org.springframework.orm.jpa.LocalContainerEntityManagerFactoryBean.createNativeEntityManagerFactory(LocalContainerEntityManagerFactoryBean.java:365)
	at org.springframework.orm.jpa.AbstractEntityManagerFactoryBean.buildNativeEntityManagerFactory(AbstractEntityManagerFactoryBean.java:391)
	at org.springframework.orm.jpa.AbstractEntityManagerFactoryBean.afterPropertiesSet(AbstractEntityManagerFactoryBean.java:378)
	at org.springframework.orm.jpa.LocalContainerEntityManagerFactoryBean.afterPropertiesSet(LocalContainerEntityManagerFactoryBean.java:341)
	at org.springframework.beans.factory.support.AbstractAutowireCapableBeanFactory.invokeInitMethods(AbstractAutowireCapableBeanFactory.java:1855)
	at org.springframework.beans.factory.support.AbstractAutowireCapableBeanFactory.initializeBean(AbstractAutowireCapableBeanFactory.java:1792)
	at org.springframework.beans.factory.support.AbstractAutowireCapableBeanFactory.doCreateBean(AbstractAutowireCapableBeanFactory.java:595)
	at org.springframework.beans.factory.support.AbstractAutowireCapableBeanFactory.createBean(AbstractAutowireCapableBeanFactory.java:517)
	at org.springframework.beans.factory.support.AbstractBeanFactory.lambda$doGetBean$0(AbstractBeanFactory.java:323)
	at org.springframework.beans.factory.support.DefaultSingletonBeanRegistry.getSingleton(DefaultSingletonBeanRegistry.java:222)
	at org.springframework.beans.factory.support.AbstractBeanFactory.doGetBean(AbstractBeanFactory.java:321)
	at org.springframework.beans.factory.support.AbstractBeanFactory.getBean(AbstractBeanFactory.java:202)
	at org.springframework.context.support.AbstractApplicationContext.getBean(AbstractApplicationContext.java:1108)
	at org.springframework.context.support.AbstractApplicationContext.finishBeanFactoryInitialization(AbstractApplicationContext.java:868)
	at org.springframework.context.support.AbstractApplicationContext.refresh(AbstractApplicationContext.java:550)
	at org.springframework.boot.SpringApplication.refresh(SpringApplication.java:747)
	at org.springframework.boot.SpringApplication.refreshContext(SpringApplication.java:397)
	at org.springframework.boot.SpringApplication.run(SpringApplication.java:315)
	at org.springframework.boot.test.context.SpringBootContextLoader.loadContext(SpringBootContextLoader.java:126)
	at org.springframework.test.context.cache.DefaultCacheAwareContextLoaderDelegate.loadContextInternal(DefaultCacheAwareContextLoaderDelegate.java:99)
	at org.springframework.test.context.cache.DefaultCacheAwareContextLoaderDelegate.loadContext(DefaultCacheAwareContextLoaderDelegate.java:124)
	at org.springframework.test.context.support.DefaultTestContext.getApplicationContext(DefaultTestContext.java:123)
	at org.springframework.test.context.web.ServletTestExecutionListener.setUpRequestContextIfNecessary(ServletTestExecutionListener.java:190)
	at org.springframework.test.context.web.ServletTestExecutionListener.prepareTestInstance(ServletTestExecutionListener.java:132)
	at org.springframework.test.context.TestContextManager.prepareTestInstance(TestContextManager.java:244)
	at org.springframework.test.context.junit.jupiter.SpringExtension.postProcessTestInstance(SpringExtension.java:98)
	at org.junit.jupiter.engine.descriptor.ClassBasedTestDescriptor.lambda$invokeTestInstancePostProcessors$5(ClassBasedTestDescriptor.java:337)
	at org.junit.jupiter.engine.descriptor.ClassBasedTestDescriptor.executeAndMaskThrowable(ClassBasedTestDescriptor.java:342)
	at org.junit.jupiter.engine.descriptor.ClassBasedTestDescriptor.lambda$invokeTestInstancePostProcessors$6(ClassBasedTestDescriptor.java:337)
	at java.base/java.util.stream.ReferencePipeline$3$1.accept(ReferencePipeline.java:195)
	at java.base/java.util.stream.ReferencePipeline$2$1.accept(ReferencePipeline.java:177)
	at java.base/java.util.ArrayList$ArrayListSpliterator.forEachRemaining(ArrayList.java:1624)
	at java.base/java.util.stream.AbstractPipeline.copyInto(AbstractPipeline.java:484)
	at java.base/java.util.stream.AbstractPipeline.wrapAndCopyInto(AbstractPipeline.java:474)
	at java.base/java.util.stream.StreamSpliterators$WrappingSpliterator.forEachRemaining(StreamSpliterators.java:312)
	at java.base/java.util.stream.Streams$ConcatSpliterator.forEachRemaining(Streams.java:735)
	at java.base/java.util.stream.ReferencePipeline$Head.forEach(ReferencePipeline.java:658)
	at org.junit.jupiter.engine.descriptor.ClassBasedTestDescriptor.invokeTestInstancePostProcessors(ClassBasedTestDescriptor.java:336)
	at org.junit.jupiter.engine.descriptor.ClassBasedTestDescriptor.instantiateAndPostProcessTestInstance(ClassBasedTestDescriptor.java:259)
	at org.junit.jupiter.engine.descriptor.ClassBasedTestDescriptor.lambda$testInstancesProvider$2(ClassBasedTestDescriptor.java:252)
	at java.base/java.util.Optional.orElseGet(Optional.java:362)
	at org.junit.jupiter.engine.descriptor.ClassBasedTestDescriptor.lambda$testInstancesProvider$3(ClassBasedTestDescriptor.java:251)
	at org.junit.jupiter.engine.execution.TestInstancesProvider.getTestInstances(TestInstancesProvider.java:29)
	at org.junit.jupiter.engine.descriptor.ClassBasedTestDescriptor.lambda$before$0(ClassBasedTestDescriptor.java:184)
	at org.junit.platform.engine.support.hierarchical.ThrowableCollector.execute(ThrowableCollector.java:73)
	at org.junit.jupiter.engine.descriptor.ClassBasedTestDescriptor.before(ClassBasedTestDescriptor.java:183)
	at org.junit.jupiter.engine.descriptor.ClassBasedTestDescriptor.before(ClassBasedTestDescriptor.java:77)
	at org.junit.platform.engine.support.hierarchical.NodeTestTask.lambda$executeRecursively$5(NodeTestTask.java:132)
	at org.junit.platform.engine.support.hierarchical.ThrowableCollector.execute(ThrowableCollector.java:73)
	at org.junit.platform.engine.support.hierarchical.NodeTestTask.lambda$executeRecursively$7(NodeTestTask.java:125)
	at org.junit.platform.engine.support.hierarchical.Node.around(Node.java:135)
	at org.junit.platform.engine.support.hierarchical.NodeTestTask.lambda$executeRecursively$8(NodeTestTask.java:123)
	at org.junit.platform.engine.support.hierarchical.ThrowableCollector.execute(ThrowableCollector.java:73)
	at org.junit.platform.engine.support.hierarchical.NodeTestTask.executeRecursively(NodeTestTask.java:122)
	at org.junit.platform.engine.support.hierarchical.NodeTestTask.execute(NodeTestTask.java:80)
	at java.base/java.util.ArrayList.forEach(ArrayList.java:1510)
	at org.junit.platform.engine.support.hierarchical.SameThreadHierarchicalTestExecutorService.invokeAll(SameThreadHierarchicalTestExecutorService.java:38)
	at org.junit.platform.engine.support.hierarchical.NodeTestTask.lambda$executeRecursively$5(NodeTestTask.java:139)
	at org.junit.platform.engine.support.hierarchical.ThrowableCollector.execute(ThrowableCollector.java:73)
	at org.junit.platform.engine.support.hierarchical.NodeTestTask.lambda$executeRecursively$7(NodeTestTask.java:125)
	at org.junit.platform.engine.support.hierarchical.Node.around(Node.java:135)
	at org.junit.platform.engine.support.hierarchical.NodeTestTask.lambda$executeRecursively$8(NodeTestTask.java:123)
	at org.junit.platform.engine.support.hierarchical.ThrowableCollector.execute(ThrowableCollector.java:73)
	at org.junit.platform.engine.support.hierarchical.NodeTestTask.executeRecursively(NodeTestTask.java:122)
	at org.junit.platform.engine.support.hierarchical.NodeTestTask.execute(NodeTestTask.java:80)
	at org.junit.platform.engine.support.hierarchical.SameThreadHierarchicalTestExecutorService.submit(SameThreadHierarchicalTestExecutorService.java:32)
	at org.junit.platform.engine.support.hierarchical.HierarchicalTestExecutor.execute(HierarchicalTestExecutor.java:57)
	at org.junit.platform.engine.support.hierarchical.HierarchicalTestEngine.execute(HierarchicalTestEngine.java:51)
	at org.junit.platform.launcher.core.DefaultLauncher.execute(DefaultLauncher.java:220)
	at org.junit.platform.launcher.core.DefaultLauncher.lambda$execute$6(DefaultLauncher.java:188)
	at org.junit.platform.launcher.core.DefaultLauncher.withInterceptedStreams(DefaultLauncher.java:202)
	at org.junit.platform.launcher.core.DefaultLauncher.execute(DefaultLauncher.java:181)
	at org.junit.platform.launcher.core.DefaultLauncher.execute(DefaultLauncher.java:128)
	at org.apache.maven.surefire.junitplatform.JUnitPlatformProvider.invokeAllTests(JUnitPlatformProvider.java:150)
	at org.apache.maven.surefire.junitplatform.JUnitPlatformProvider.invoke(JUnitPlatformProvider.java:124)
	at org.apache.maven.surefire.booter.ForkedBooter.invokeProviderInSameClassLoader(ForkedBooter.java:384)
	at org.apache.maven.surefire.booter.ForkedBooter.runSuitesInProcess(ForkedBooter.java:345)
	at org.apache.maven.surefire.booter.ForkedBooter.execute(ForkedBooter.java:126)
	at org.apache.maven.surefire.booter.ForkedBooter.main(ForkedBooter.java:418)
Caused by: org.h2.jdbc.JdbcSQLSyntaxErrorException: Table "EDI_SHIP_INFO" already exists; SQL statement:
create table SHXP.EDI_SHIP_INFO (DATE_STAMP date not null, ORDER_NBR varchar(6) not null, ACCT_CONTACT varchar(45) default  not null, AGREEMENT_NBR varchar(15) not null, AUTH_REP varchar(45) default  not null, AUTHORIZATION_NO varchar(10) default  not null, BILL_TO_STORE_NBR varchar(20) not null, BS_STORE_NBR varchar(10) not null, CARR_CODE varchar(2) not null, COMM_CUST varchar(7) not null, CONS_STATUS_MSG varchar(35) default  not null, CONSUMER_ADDRESS varchar(35) not null, CONSUMER_ADDRESS_2 varchar(35) not null, CONSUMER_CITY varchar(19) not null, CONSUMER_PO_DATE date not null, CONSUMER_SHIP_FLG varchar(1) not null, CONSUMER_NAME varchar(35) not null, CONSUMER_STATE varchar(2) not null, CONSUMER_ZIP varchar(9) not null, CONTRACT_NBR varchar(15) default  not null, CROSS_DOCK varchar(10) not null, CUST_NBR varchar(7) not null, CUST_PMT_METH varchar(30) default  not null, CUST_PO varchar(22) not null, CUST_SP_INST varchar(45) default  not null, CUST_WH_NBR varchar(4) default  not null, CUSTOMER_CODE varchar(2) not null, DELIVERY_DATE date, DELV_REQST_DATE date, department varchar(5) not null, DIV_DESC varchar(20) not null, DUNS_NBR varchar(15) not null, EDI_ORDER_NUMBER bigint, EVENT_INFO varchar(15) not null, GIFT_MESSAGE_1 varchar(45) not null, GIFT_MESSAGE_2 varchar(45) not null, HDR_DROP_DATE date default CURRENT_DATE not null, LAST_CHNG_DATE timestamp default CURRENT_DATE not null, LAST_CHNG_ID varchar(8) default  not null, NB_DATE date default CURRENT_DATE not null, NO_ASN_FLAG varchar(1) not null, ONLINE_TYPE varchar(1) default  not null, ORDER_MER_COST bigint default  not null, ORDER_RET_HAND bigint default  not null, ORDER_RET_SH bigint default  not null, ORDER_RET_TAX bigint default  not null, ORDER_RET_TOTAL bigint default  not null, ORDER_TYPE varchar(1) not null, ORDER_TYPE_DESC varchar(15) not null, ORDERING_SYS varchar(2) not null, PO_DATE date not null, PO_TYPE_SUFFIX varchar(10) default  not null, PS_MSG varchar(255) default  not null, PURCHASED_BY varchar(45) not null, RECEIVING_STORE varchar(10) not null, REF_TC_NBR varchar(20) default  not null, RETURN_MSG varchar(35) default  not null, ROUTE_BY_DATE date default CURRENT_DATE not null, SALES_CHECK_NO varchar(30) not null, SALES_REQ_CODE varchar(2) default  not null, SHIP_BY_DATE date, SHIP_CANCEL_DATE date default CURRENT_DATE not null, SHIP_TO_DEST_CODE varchar(2) not null, SPEC_PO_NUMBER varchar(20) not null, SPL_BILL_TO_STORE varchar(10) not null, SPL_SHIP_TO_STORE varchar(10) not null, SPL_XDOCK_CENTER varchar(10) not null, STORE_NAME varchar(45) not null, VENDOR_NO varchar(15) not null, primary key (DATE_STAMP, ORDER_NBR)) [42101-200]
	at org.h2.message.DbException.getJdbcSQLException(DbException.java:453)
	at org.h2.message.DbException.getJdbcSQLException(DbException.java:429)
	at org.h2.message.DbException.get(DbException.java:205)
	at org.h2.message.DbException.get(DbException.java:181)
	at org.h2.command.ddl.CreateTable.update(CreateTable.java:89)
	at org.h2.command.CommandContainer.update(CommandContainer.java:198)
	at org.h2.command.Command.executeUpdate(Command.java:251)
	at org.h2.jdbc.JdbcStatement.executeInternal(JdbcStatement.java:228)
	at org.h2.jdbc.JdbcStatement.execute(JdbcStatement.java:201)
	at com.zaxxer.hikari.pool.ProxyStatement.execute(ProxyStatement.java:95)
	at com.zaxxer.hikari.pool.HikariProxyStatement.execute(HikariProxyStatement.java)
	at org.hibernate.tool.schema.internal.exec.GenerationTargetToDatabase.accept(GenerationTargetToDatabase.java:54)
	... 91 common frames omitted
Hibernate: alter table SHXP.EDI_SHIP_INFO drop constraint if exists UK_1fjihvn7gr79vjkx2nt2w0ipj
Hibernate: alter table SHXP.EDI_SHIP_INFO add constraint UK_1fjihvn7gr79vjkx2nt2w0ipj unique (DATE_STAMP)
Hibernate: alter table SHXP.EDI_SHIP_INFO drop constraint if exists UK_c89vdlxa8hpr3p807vgd44gi9
Hibernate: alter table SHXP.EDI_SHIP_INFO add constraint UK_c89vdlxa8hpr3p807vgd44gi9 unique (ORDER_NBR)
2020-06-19 14:05:54 INFO  [JtaPlatformInitiator.java:52] HHH000490: Using JtaPlatform implementation: [org.hibernate.engine.transaction.jta.platform.internal.NoJtaPlatform]
2020-06-19 14:05:54 INFO  [LogHelper.java:31] HHH000204: Processing PersistenceUnitInfo [name: sqlPU]
2020-06-19 14:05:54 DEBUG [HikariConfig.java:1020] HikariPool-10 - configuration:
2020-06-19 14:05:54 DEBUG [HikariConfig.java:1052] allowPoolSuspension.............false
2020-06-19 14:05:54 DEBUG [HikariConfig.java:1052] autoCommit......................true
2020-06-19 14:05:54 DEBUG [HikariConfig.java:1052] catalog.........................none
2020-06-19 14:05:54 DEBUG [HikariConfig.java:1052] connectionInitSql...............none
2020-06-19 14:05:54 DEBUG [HikariConfig.java:1052] connectionTestQuery.............none
2020-06-19 14:05:54 DEBUG [HikariConfig.java:1052] connectionTimeout...............30000
2020-06-19 14:05:54 DEBUG [HikariConfig.java:1052] dataSource......................none
2020-06-19 14:05:54 DEBUG [HikariConfig.java:1052] dataSourceClassName.............none
2020-06-19 14:05:54 DEBUG [HikariConfig.java:1052] dataSourceJNDI..................none
2020-06-19 14:05:54 DEBUG [HikariConfig.java:1052] dataSourceProperties............{password=<masked>}
2020-06-19 14:05:54 DEBUG [HikariConfig.java:1052] driverClassName................."org.h2.Driver"
2020-06-19 14:05:54 DEBUG [HikariConfig.java:1052] healthCheckProperties...........{}
2020-06-19 14:05:54 DEBUG [HikariConfig.java:1052] healthCheckRegistry.............none
2020-06-19 14:05:54 DEBUG [HikariConfig.java:1052] idleTimeout.....................600000
2020-06-19 14:05:54 DEBUG [HikariConfig.java:1052] initializationFailTimeout.......1
2020-06-19 14:05:54 DEBUG [HikariConfig.java:1052] isolateInternalQueries..........false
2020-06-19 14:05:54 DEBUG [HikariConfig.java:1052] jdbcUrl.........................jdbc:h2:mem:sql;INIT=create schema IF NOT EXISTS CSD
2020-06-19 14:05:54 DEBUG [HikariConfig.java:1052] leakDetectionThreshold..........0
2020-06-19 14:05:54 DEBUG [HikariConfig.java:1052] maxLifetime.....................1800000
2020-06-19 14:05:54 DEBUG [HikariConfig.java:1052] maximumPoolSize.................10
2020-06-19 14:05:54 DEBUG [HikariConfig.java:1052] metricRegistry..................none
2020-06-19 14:05:54 DEBUG [HikariConfig.java:1052] metricsTrackerFactory...........none
2020-06-19 14:05:54 DEBUG [HikariConfig.java:1052] minimumIdle.....................10
2020-06-19 14:05:54 DEBUG [HikariConfig.java:1052] password........................<masked>
2020-06-19 14:05:54 DEBUG [HikariConfig.java:1052] poolName........................"HikariPool-10"
2020-06-19 14:05:54 DEBUG [HikariConfig.java:1052] readOnly........................false
2020-06-19 14:05:54 DEBUG [HikariConfig.java:1052] registerMbeans..................false
2020-06-19 14:05:54 DEBUG [HikariConfig.java:1052] scheduledExecutor...............none
2020-06-19 14:05:54 DEBUG [HikariConfig.java:1052] schema..........................none
2020-06-19 14:05:54 DEBUG [HikariConfig.java:1052] threadFactory...................internal
2020-06-19 14:05:54 DEBUG [HikariConfig.java:1052] transactionIsolation............default
2020-06-19 14:05:54 DEBUG [HikariConfig.java:1052] username........................"sa"
2020-06-19 14:05:54 DEBUG [HikariConfig.java:1052] validationTimeout...............5000
2020-06-19 14:05:54 INFO  [HikariDataSource.java:110] HikariPool-10 - Starting...
2020-06-19 14:05:54 DEBUG [HikariPool.java:558] HikariPool-10 - Added connection conn90: url=jdbc:h2:mem:sql user=SA
2020-06-19 14:05:54 INFO  [HikariDataSource.java:123] HikariPool-10 - Start completed.
2020-06-19 14:05:54 INFO  [Dialect.java:172] HHH000400: Using dialect: org.hibernate.dialect.H2Dialect
2020-06-19 14:05:54 DEBUG [HikariPool.java:417] HikariPool-10 - Pool stats (total=1, active=0, idle=1, waiting=0)
2020-06-19 14:05:54 DEBUG [HikariPool.java:722] HikariPool-10 - Added connection conn91: url=jdbc:h2:mem:sql user=SA
2020-06-19 14:05:54 DEBUG [HikariPool.java:722] HikariPool-10 - Added connection conn92: url=jdbc:h2:mem:sql user=SA
2020-06-19 14:05:54 DEBUG [HikariPool.java:722] HikariPool-10 - Added connection conn93: url=jdbc:h2:mem:sql user=SA
2020-06-19 14:05:54 DEBUG [HikariPool.java:722] HikariPool-10 - Added connection conn94: url=jdbc:h2:mem:sql user=SA
2020-06-19 14:05:54 DEBUG [HikariPool.java:722] HikariPool-10 - Added connection conn95: url=jdbc:h2:mem:sql user=SA
2020-06-19 14:05:54 DEBUG [HikariPool.java:722] HikariPool-10 - Added connection conn96: url=jdbc:h2:mem:sql user=SA
2020-06-19 14:05:54 DEBUG [HikariPool.java:722] HikariPool-10 - Added connection conn97: url=jdbc:h2:mem:sql user=SA
2020-06-19 14:05:54 DEBUG [HikariPool.java:722] HikariPool-10 - Added connection conn98: url=jdbc:h2:mem:sql user=SA
2020-06-19 14:05:54 DEBUG [HikariPool.java:722] HikariPool-10 - Added connection conn99: url=jdbc:h2:mem:sql user=SA
2020-06-19 14:05:54 DEBUG [HikariPool.java:417] HikariPool-10 - After adding stats (total=10, active=0, idle=10, waiting=0)
2020-06-19 14:05:54 INFO  [JtaPlatformInitiator.java:52] HHH000490: Using JtaPlatform implementation: [org.hibernate.engine.transaction.jta.platform.internal.NoJtaPlatform]
2020-06-19 14:05:54 INFO  [ValidationService.java:61] loading rules...
Hibernate: select edireasonc0_.EDI_REASON_CODE as edi_reas1_6_, edireasonc0_.AUTO_CREATE_FLAG as auto_cre2_6_, edireasonc0_.CHANGE_TIMESTAMP as change_t3_6_, edireasonc0_.CHANGED_BY as changed_4_6_, edireasonc0_.CREATE_TIMESTAMP as create_t5_6_, edireasonc0_.CREATED_BY as created_6_6_, edireasonc0_.DEFAULT_ACTION as default_7_6_, edireasonc0_.description as descript8_6_, edireasonc0_.LEVEL as level9_6_, edireasonc0_.precedence as precede10_6_ from EDI_REASON_CODE edireasonc0_
2020-06-19 14:05:54 INFO  [ValidationService.java:61] loading rules...
Hibernate: select edireasonc0_.EDI_REASON_CODE as edi_reas1_6_, edireasonc0_.AUTO_CREATE_FLAG as auto_cre2_6_, edireasonc0_.CHANGE_TIMESTAMP as change_t3_6_, edireasonc0_.CHANGED_BY as changed_4_6_, edireasonc0_.CREATE_TIMESTAMP as create_t5_6_, edireasonc0_.CREATED_BY as created_6_6_, edireasonc0_.DEFAULT_ACTION as default_7_6_, edireasonc0_.description as descript8_6_, edireasonc0_.LEVEL as level9_6_, edireasonc0_.precedence as precede10_6_ from EDI_REASON_CODE edireasonc0_
2020-06-19 14:05:54 INFO  [StartupInfoLogger.java:61] Started ShipInfoServiceTest in 1.503 seconds (JVM running for 17.361)
2020-06-19 14:05:54 DEBUG [MockBuilder.java:94] set poDateValue -> 1973-08-24
2020-06-19 14:05:54 DEBUG [MockBuilder.java:94] set storeName -> ZYBYAcLnJMXkulPDuexa
2020-06-19 14:05:54 DEBUG [MockBuilder.java:94] set shipPartCompInd -> k
2020-06-19 14:05:54 DEBUG [MockBuilder.java:94] set consStatusMsg -> pVqBKToedsrldegCcbZT
2020-06-19 14:05:54 DEBUG [MockBuilder.java:94] set eventInfo -> cXRqFVojJWCCmbI
2020-06-19 14:05:54 DEBUG [MockBuilder.java:94] set purchasedBy -> cIsrztezdjGodSvIhqBU
2020-06-19 14:05:54 DEBUG [MockBuilder.java:94] set contractUsageInd -> g
2020-06-19 14:05:54 DEBUG [MockBuilder.java:94] set orderingSystem -> Si
2020-06-19 14:05:54 DEBUG [MockBuilder.java:94] set explodeFlag -> r
2020-06-19 14:05:54 DEBUG [MockBuilder.java:94] set orderRetTotal -> 5560427.962421102
2020-06-19 14:05:54 DEBUG [MockBuilder.java:94] set crossDockCenter -> tidXbymmUz
2020-06-19 14:05:54 DEBUG [MockBuilder.java:94] set phoneNumber -> QqrlfcfSjmg
2020-06-19 14:05:54 DEBUG [MockBuilder.java:94] set fobPoint -> OR
2020-06-19 14:05:54 DEBUG [MockBuilder.java:94] set orderType -> b
2020-06-19 14:05:54 DEBUG [MockBuilder.java:94] set poDateQualifier -> OAa
2020-06-19 14:05:54 DEBUG [MockBuilder.java:94] set frtCode -> U
2020-06-19 14:05:54 DEBUG [MockBuilder.java:94] set termsNetDays -> gMe
2020-06-19 14:05:54 DEBUG [MockBuilder.java:94] set poNumber -> NJTzJbSCXnNZFexpGCmU
2020-06-19 14:05:54 DEBUG [MockBuilder.java:94] set shipPt -> qS
2020-06-19 14:05:54 DEBUG [MockBuilder.java:94] set giftMessage1 -> lwpjmmEetaGNXXpsrTES
2020-06-19 14:05:54 DEBUG [MockBuilder.java:94] set custDept -> HGzRu
2020-06-19 14:05:54 DEBUG [MockBuilder.java:94] set termsTypeFlag -> qw
2020-06-19 14:05:54 DEBUG [MockBuilder.java:94] set poQual -> ka
2020-06-19 14:05:54 DEBUG [MockBuilder.java:94] set specialInstruct1 -> EFskLWhKbFobEOByFWUb
2020-06-19 14:05:54 DEBUG [MockBuilder.java:94] set totalBindingFt -> 6787919.63568268
2020-06-19 14:05:54 DEBUG [MockBuilder.java:94] set poControl -> JAzzu
2020-06-19 14:05:54 DEBUG [MockBuilder.java:94] set chngLid -> bIkByFQW
2020-06-19 14:05:54 DEBUG [MockBuilder.java:94] set specialInstruct2 -> WzhVLRIoFtzDXxsArYYv
2020-06-19 14:05:54 DEBUG [MockBuilder.java:94] set orderTypeDesc -> qrbXAKnUTscpXUa
2020-06-19 14:05:54 DEBUG [MockBuilder.java:94] set rcdCode -> K
2020-06-19 14:05:54 DEBUG [MockBuilder.java:94] set chngTimestamp -> 1970-01-01T01:33:36
2020-06-19 14:05:54 DEBUG [MockBuilder.java:94] set orderRetHand -> 618122.1897579194
2020-06-19 14:05:54 DEBUG [MockBuilder.java:94] set specialInstruct3 -> avyyVsABTPwrZpUboRqj
2020-06-19 14:05:54 DEBUG [MockBuilder.java:94] set orderWeight -> 9818415.62382413
2020-06-19 14:05:54 DEBUG [MockBuilder.java:94] set commCust -> itaPIbF
2020-06-19 14:05:54 DEBUG [MockBuilder.java:94] set specialInstruct4 -> AAXrFqEcIndAyZKrYPJi
2020-06-19 14:05:54 DEBUG [MockBuilder.java:94] set orderRetSh -> 6283180.2831151225
2020-06-19 14:05:54 DEBUG [MockBuilder.java:94] set customerCode -> pR
2020-06-19 14:05:54 DEBUG [MockBuilder.java:94] set specialPoNo -> TLOvjryCrypjVJeTejpD
2020-06-19 14:05:54 DEBUG [MockBuilder.java:94] set giftMessage2 -> iyNypCtuKEExOtkulKpx
2020-06-19 14:05:54 DEBUG [MockBuilder.java:94] set receivedTimestamp -> 1970-01-01T02:06:02
2020-06-19 14:05:54 DEBUG [MockBuilder.java:94] set custNbr -> aVBGdWX
2020-06-19 14:05:54 DEBUG [MockBuilder.java:94] set shipComplete -> u
2020-06-19 14:05:54 DEBUG [MockBuilder.java:94] set srvLevel -> Vl
2020-06-19 14:05:54 DEBUG [MockBuilder.java:94] set orderRetTax -> 8988424.911884256
2020-06-19 14:05:54 DEBUG [MockBuilder.java:94] set shipDateValue -> 1989-02-23
2020-06-19 14:05:54 DEBUG [MockBuilder.java:94] set hostAlertFlag -> q
2020-06-19 14:05:54 DEBUG [MockBuilder.java:94] set shipDateQualifier -> Ual
2020-06-19 14:05:54 DEBUG [MockBuilder.java:94] set salesCheckNumber -> SykEKgyQBFXwrWCkxAmp
2020-06-19 14:05:54 DEBUG [MockBuilder.java:94] set ohStatusCode -> H
2020-06-19 14:05:54 DEBUG [MockBuilder.java:94] set dunsNbr -> mbULiTZHzDkreBi
2020-06-19 14:05:54 DEBUG [MockBuilder.java:94] set reserveOrderInd -> p
2020-06-19 14:05:54 DEBUG [MockBuilder.java:94] set shipInstruction -> TwwacXiYrIqUFXYsIWed
2020-06-19 14:05:54 DEBUG [MockBuilder.java:94] set errorCode -> UQQ
2020-06-19 14:05:54 DEBUG [MockBuilder.java:94] set returnMsg -> acLhUNSTldaxlhmRtvbV
2020-06-19 14:05:54 DEBUG [MockBuilder.java:94] set shipByCutOffDt -> 1974-12-20
2020-06-19 14:05:54 DEBUG [MockBuilder.java:94] set customerRefNbr -> fyC
2020-06-19 14:05:54 DEBUG [MockBuilder.java:94] set statusCode -> C
2020-06-19 14:05:54 DEBUG [MockBuilder.java:94] set refTcNbr -> uDHltNnTfKcKauPOeKLo
2020-06-19 14:05:54 DEBUG [MockBuilder.java:94] set onNote -> bFmzYPAqRSRvqacjJgKn
2020-06-19 14:05:54 DEBUG [MockBuilder.java:94] set salesReqCode -> wK
2020-06-19 14:05:54 DEBUG [MockBuilder.java:94] set errorDescription -> aHyuxWYIEPpSnGiZBakQ
2020-06-19 14:05:54 DEBUG [MockBuilder.java:94] set shipByDate -> 1971-10-07
2020-06-19 14:05:54 DEBUG [MockBuilder.java:94] set routeByDate -> 1974-02-25
2020-06-19 14:05:54 DEBUG [MockBuilder.java:94] set onlineType -> R
2020-06-19 14:05:54 DEBUG [MockBuilder.java:94] set errorTimestamp -> 1970-01-01T00:25:57
2020-06-19 14:05:54 DEBUG [MockBuilder.java:94] set shipCancelDate -> 1977-01-03
2020-06-19 14:05:54 DEBUG [MockBuilder.java:94] set beg -> QUnGB
2020-06-19 14:05:54 DEBUG [MockBuilder.java:94] set poType -> tOfti
2020-06-19 14:05:54 DEBUG [MockBuilder.java:94] set deliveryDate -> 1974-09-16
2020-06-19 14:05:54 DEBUG [MockBuilder.java:94] set orderDate -> 1983-04-09
2020-06-19 14:05:54 DEBUG [MockBuilder.java:94] set billToState -> te
2020-06-19 14:05:54 DEBUG [MockBuilder.java:94] set delvCutOffDt -> 1984-05-26
2020-06-19 14:05:54 DEBUG [MockBuilder.java:94] set orderLoc -> ds
2020-06-19 14:05:54 DEBUG [MockBuilder.java:94] set sellCo -> lm
2020-06-19 14:05:54 DEBUG [MockBuilder.java:94] set divDesc -> wpHVfDcTqnMLvIiWxjcq
2020-06-19 14:05:54 DEBUG [MockBuilder.java:94] set poTypeSuffix -> uCMFUDniFU
2020-06-19 14:05:54 DEBUG [MockBuilder.java:94] set customerSidemark -> wrGwiWMsRjuLvypjiEps
2020-06-19 14:05:54 DEBUG [MockBuilder.java:94] set stdCarrAlphaInd -> CLgs
2020-06-19 14:05:54 DEBUG [MockBuilder.java:94] set userId -> qBeMgfPm
2020-06-19 14:05:54 DEBUG [MockBuilder.java:94] set billToStore -> HbybRApFRY
2020-06-19 14:05:54 DEBUG [MockBuilder.java:94] set custPmtMeth -> klDoWDniVEfguUeZYoFH
2020-06-19 14:05:54 DEBUG [MockBuilder.java:94] set country -> bMuRoVqXVPLkIXknOiK
2020-06-19 14:05:54 DEBUG [MockBuilder.java:94] set phone -> vzBpWDDZImUlgxK
2020-06-19 14:05:54 DEBUG [MockBuilder.java:94] set custSpInst -> UaKxqHyjDzlPXKDMpGmB
2020-06-19 14:05:54 DEBUG [MockBuilder.java:94] set psMsg -> qCYLQVBYPOyPbFuCHyTb
2020-06-19 14:05:54 DEBUG [MockBuilder.java:94] set bsStoreNbr -> SyslIDvmpy
2020-06-19 14:05:54 DEBUG [MockBuilder.java:94] set cnCity -> jHxDqrAfuYpWsmfADfE
2020-06-19 14:05:54 DEBUG [MockBuilder.java:94] set vendorNo -> DNEmmxjSVMvKiRz
2020-06-19 14:05:54 DEBUG [MockBuilder.java:94] set province -> adUPIAVfUvZqgeJosHP
2020-06-19 14:05:54 DEBUG [MockBuilder.java:94] set cancelDateQualifier -> WYp
2020-06-19 14:05:54 DEBUG [MockBuilder.java:94] set orderMerCost -> 4772077.742666085
2020-06-19 14:05:54 DEBUG [MockBuilder.java:94] set wcStore -> vwHKeOMEbm
2020-06-19 14:05:54 DEBUG [MockBuilder.java:94] set seqNbr -> 598709
2020-06-19 14:05:54 DEBUG [MockBuilder.java:94] set carrierCode -> Ra
2020-06-19 14:05:54 DEBUG [MockBuilder.java:94] set name -> ZBrtqWSseVzqCiDFcqua
2020-06-19 14:05:54 DEBUG [MockBuilder.java:94] set shawOrderNumber -> sfwwqA
2020-06-19 14:05:54 DEBUG [MockBuilder.java:94] set addressLine2 -> HoLudUFRSJEepydFGCsE
2020-06-19 14:05:54 DEBUG [MockBuilder.java:94] set cbCutLength -> 9033348.215039097
2020-06-19 14:05:54 DEBUG [MockBuilder.java:94] set nbDate -> 1984-03-06
2020-06-19 14:05:54 DEBUG [MockBuilder.java:94] set flag -> 676544
2020-06-19 14:05:54 DEBUG [MockBuilder.java:94] set city -> GusmXVuvQMCnCvsyEBD
2020-06-19 14:05:54 DEBUG [MockBuilder.java:94] set agreementNumber -> jSkMcTmGgiKspDx
2020-06-19 14:05:54 DEBUG [MockBuilder.java:94] set custWhNbr -> zfXP
2020-06-19 14:05:54 DEBUG [MockBuilder.java:94] set addressLine1 -> xYXdytOVbJuAzVSmyOko
2020-06-19 14:05:54 DEBUG [MockBuilder.java:94] set newStoreInd -> c
2020-06-19 14:05:54 DEBUG [MockBuilder.java:94] set destCode -> su
2020-06-19 14:05:54 DEBUG [MockBuilder.java:94] set cphone -> PiLjntRQMBRnYgUkVDhp
2020-06-19 14:05:54 DEBUG [MockBuilder.java:94] set name -> LgIFKLLwXTccJVHnVNoi
2020-06-19 14:05:54 DEBUG [MockBuilder.java:94] set noAsnFlag -> g
2020-06-19 14:05:54 DEBUG [MockBuilder.java:94] set assignedAgent -> QJfXKuDk
2020-06-19 14:05:54 DEBUG [MockBuilder.java:94] set store -> uWOAnPkjeN
2020-06-19 14:05:54 DEBUG [MockBuilder.java:94] set addressLine2 -> KenTsSYXphbQXFTqrrcF
2020-06-19 14:05:54 DEBUG [MockBuilder.java:94] set ohCancelDateValue -> 1991-08-11
2020-06-19 14:05:54 DEBUG [MockBuilder.java:94] set truncFlag -> x
2020-06-19 14:05:54 DEBUG [MockBuilder.java:94] set state -> as
2020-06-19 14:05:54 DEBUG [MockBuilder.java:94] set authRep -> McEKEWNXFkexkyBWwtEp
2020-06-19 14:05:54 DEBUG [MockBuilder.java:94] set consumerPoDateValue -> 1979-12-26
2020-06-19 14:05:54 DEBUG [MockBuilder.java:94] set addressLine1 -> wVcZEeuUhAxbqvSzNcvy
2020-06-19 14:05:54 DEBUG [MockBuilder.java:94] set inputMethod -> UycZOKZvPc
2020-06-19 14:05:54 DEBUG [MockBuilder.java:94] set zip -> HHTFnacWzcW
2020-06-19 14:05:54 DEBUG [MockBuilder.java:94] set authorizationNo -> fbevNmvmta
2020-06-19 14:05:54 DEBUG [MockBuilder.java:94] set ccountry -> gFMHJxXcOOHphFlJdALu
2020-06-19 14:05:54 DEBUG [MockBuilder.java:94] set city -> oFzNapNLZmoqVWNcsiZ
2020-06-19 14:05:54 DEBUG [MockBuilder.java:94] set markForStore -> wygrbcdUeV
2020-06-19 14:05:54 DEBUG [MockBuilder.java:94] set state -> WQ
2020-06-19 14:05:54 DEBUG [MockBuilder.java:94] set acctContact -> ePkFcdMvcsEbOdkTBhiW
2020-06-19 14:05:54 DEBUG [MockBuilder.java:94] set cprovince -> RBpHXVHKCUfaCZjPzoaH
2020-06-19 14:05:54 DEBUG [MockBuilder.java:94] set mediaEventCode -> oh
2020-06-19 14:05:54 DEBUG [MockBuilder.java:94] set consumerShipFlg -> h
2020-06-19 14:05:54 DEBUG [MockBuilder.java:94] set custNbr -> VHUPehH
2020-06-19 14:05:54 DEBUG [MockBuilder.java:94] set acknowlegeOrdInd -> J
2020-06-19 14:05:54 DEBUG [MockBuilder.java:94] set zip -> AUCtsepyk
2020-06-19 14:05:54 DEBUG [MockBuilder.java:94] set shipToAddress -> LegacyShipToAddress [addressLine1=xYXdytOVbJuAzVSmyOko, addressLine2=HoLudUFRSJEepydFGCsE, city=GusmXVuvQMCnCvsyEBD, cnCity=jHxDqrAfuYpWsmfADfE, country=bMuRoVqXVPLkIXknOiK, custNbr=VHUPehH, destCode=su, flag=676544, name=ZBrtqWSseVzqCiDFcqua, phone=vzBpWDDZImUlgxK, province=adUPIAVfUvZqgeJosHP, state=as, store=uWOAnPkjeN, truncFlag=x, zip=HHTFnacWzcW]
2020-06-19 14:05:54 DEBUG [MockBuilder.java:94] set addrKey -> 538208
2020-06-19 14:05:54 DEBUG [MockBuilder.java:94] set consumerAddress -> LegacyConsumerAddress [cprovince=RBpHXVHKCUfaCZjPzoaH, ccountry=gFMHJxXcOOHphFlJdALu, cphone=PiLjntRQMBRnYgUkVDhp, addressLine1=wVcZEeuUhAxbqvSzNcvy, addressLine2=KenTsSYXphbQXFTqrrcF, city=oFzNapNLZmoqVWNcsiZ, name=LgIFKLLwXTccJVHnVNoi, consumerPoDateValue=1979-12-26, consumerShipFlg=h, state=WQ, zip=AUCtsepyk]
2020-06-19 14:05:54 DEBUG [MockBuilder.java:94] set tpprovince -> aqIPiKYFGoXJbQKefZyZ
2020-06-19 14:05:54 DEBUG [MockBuilder.java:94] set city -> zCHDbaynCIRNoFnPrOQo
2020-06-19 14:05:54 DEBUG [MockBuilder.java:94] set tpphone -> IKTJwBwGDSbRYOSSEfzI
2020-06-19 14:05:54 DEBUG [MockBuilder.java:94] set billFlag -> f
2020-06-19 14:05:54 DEBUG [MockBuilder.java:94] set name2 -> hHSnqEWOpngXVSIDDeve
2020-06-19 14:05:54 DEBUG [MockBuilder.java:94] set tpcountry -> XcqAcCVmjiHiUxFiubKQ
2020-06-19 14:05:54 DEBUG [MockBuilder.java:94] set state -> Fm
2020-06-19 14:05:54 DEBUG [MockBuilder.java:94] set addressLine1 -> yTGPBQNJaYLGZzdNDSEQ
2020-06-19 14:05:54 DEBUG [MockBuilder.java:94] set name -> ecGInPBcVyVENRzRiqzA
2020-06-19 14:05:54 DEBUG [MockBuilder.java:94] set accountNbr -> aSfneWiandDUqzOsYLvJ
2020-06-19 14:05:54 DEBUG [MockBuilder.java:94] set addressLine2 -> znhqVUTifhAvMasLgAhF
2020-06-19 14:05:54 DEBUG [MockBuilder.java:94] set zip -> grQhhwdqhIOxBFhy
2020-06-19 14:05:54 DEBUG [MockBuilder.java:94] set thirdPartyAddress -> LegacyThirdPartyAddress [tpprovince=aqIPiKYFGoXJbQKefZyZ, tpcountry=XcqAcCVmjiHiUxFiubKQ, tpphone=IKTJwBwGDSbRYOSSEfzI, addressLine1=yTGPBQNJaYLGZzdNDSEQ, addressLine2=znhqVUTifhAvMasLgAhF, accountNbr=aSfneWiandDUqzOsYLvJ, billFlag=f, city=zCHDbaynCIRNoFnPrOQo, name=ecGInPBcVyVENRzRiqzA, name2=hHSnqEWOpngXVSIDDeve, state=Fm, zip=grQhhwdqhIOxBFhy]
2020-06-19 14:05:54 DEBUG [MockBuilder.java:94] set dates -> null
2020-06-19 14:05:54 DEBUG [MockBuilder.java:94] set lines -> null
2020-06-19 14:05:54 DEBUG [MockHelper.java:99] EdiOrderHeader [legacyOrderNumber=null, acctContact=ePkFcdMvcsEbOdkTBhiW, acknowlegeOrdInd=J, addrKey=538208, agreementNumber=jSkMcTmGgiKspDx, assignedAgent=QJfXKuDk, authRep=McEKEWNXFkexkyBWwtEp, authorizationNo=fbevNmvmta, beg=QUnGB, billToState=te, billToStore=HbybRApFRY, bsStoreNbr=SyslIDvmpy, cancelDateQualifier=WYp, carrierCode=Ra, cbCutLength=9033348.215039097, chngLid=bIkByFQW, chngTimestamp=1970-01-01T01:33:36, commCust=itaPIbF, consStatusMsg=pVqBKToedsrldegCcbZT, contractUsageInd=g, crossDockCenter=tidXbymmUz, custDept=HGzRu, custPmtMeth=klDoWDniVEfguUeZYoFH, custSpInst=UaKxqHyjDzlPXKDMpGmB, custWhNbr=zfXP, customerCode=pR, custNbr=aVBGdWX, customerRefNbr=fyC, customerSidemark=wrGwiWMsRjuLvypjiEps, deliveryDate=1974-09-16, delvCutOffDt=1984-05-26, divDesc=wpHVfDcTqnMLvIiWxjcq, dunsNbr=mbULiTZHzDkreBi, errorCode=UQQ, errorDescription=aHyuxWYIEPpSnGiZBakQ, errorTimestamp=1970-01-01T00:25:57, eventInfo=cXRqFVojJWCCmbI, explodeFlag=r, fobPoint=OR, frtCode=U, giftMessage1=lwpjmmEetaGNXXpsrTES, giftMessage2=iyNypCtuKEExOtkulKpx, hostAlertFlag=q, inputMethod=UycZOKZvPc, markForStore=wygrbcdUeV, mediaEventCode=oh, nbDate=1984-03-06, newStoreInd=c, noAsnFlag=g, ohCancelDateValue=1991-08-11, ohStatusCode=H, onNote=bFmzYPAqRSRvqacjJgKn, onlineType=R, orderDate=1983-04-09, orderLoc=01, orderMerCost=4772077.742666085, shawOrderNumber=sfwwqA, orderRetHand=618122.1897579194, orderRetSh=6283180.2831151225, orderRetTax=8988424.911884256, orderRetTotal=5560427.962421102, orderType=S, orderTypeDesc=SAMPLES, orderWeight=9818415.62382413, orderingSystem=Si, phoneNumber=QqrlfcfSjmg, poControl=JAzzu, poDateValue=1973-08-24, poDateQualifier=OAa, poNumber=NJTzJbSCXnNZFexpGCmU, poQual=ka, poType=tOfti, poTypeSuffix=uCMFUDniFU, psMsg=qCYLQVBYPOyPbFuCHyTb, purchasedBy=cIsrztezdjGodSvIhqBU, rcdCode=K, receivedTimestamp=1970-01-01T02:06:02, refTcNbr=uDHltNnTfKcKauPOeKLo, reserveOrderInd=p, returnMsg=acLhUNSTldaxlhmRtvbV, routeByDate=1974-02-25, salesCheckNumber=SykEKgyQBFXwrWCkxAmp, salesReqCode=wK, sellCo=lm, seqNbr=598709, shipByCutOffDt=1974-12-20, shipByDate=1971-10-07, shipCancelDate=1977-01-03, shipComplete=u, shipDateValue=1989-02-23, shipDateQualifier=Ual, shipInstruction=TwwacXiYrIqUFXYsIWed, shipPartCompInd=k, shipPt=qS, specialInstruct1=EFskLWhKbFobEOByFWUb, specialInstruct2=WzhVLRIoFtzDXxsArYYv, specialInstruct3=avyyVsABTPwrZpUboRqj, specialInstruct4=AAXrFqEcIndAyZKrYPJi, specialPoNo=TLOvjryCrypjVJeTejpD, srvLevel=Vl, statusCode=C, stdCarrAlphaInd=CLgs, storeName=ZYBYAcLnJMXkulPDuexa, termsNetDays=gMe, termsTypeFlag=qw, totalBindingFt=6787919.63568268, userId=qBeMgfPm, vendorNo=DNEmmxjSVMvKiRz, wcStore=vwHKeOMEbm, consumerAddress=LegacyConsumerAddress [cprovince=RBpHXVHKCUfaCZjPzoaH, ccountry=gFMHJxXcOOHphFlJdALu, cphone=PiLjntRQMBRnYgUkVDhp, addressLine1=wVcZEeuUhAxbqvSzNcvy, addressLine2=KenTsSYXphbQXFTqrrcF, city=oFzNapNLZmoqVWNcsiZ, name=LgIFKLLwXTccJVHnVNoi, consumerPoDateValue=1979-12-26, consumerShipFlg=h, state=WQ, zip=AUCtsepyk], shipToAddress=LegacyShipToAddress [addressLine1=xYXdytOVbJuAzVSmyOko, addressLine2=HoLudUFRSJEepydFGCsE, city=GusmXVuvQMCnCvsyEBD, cnCity=jHxDqrAfuYpWsmfADfE, country=bMuRoVqXVPLkIXknOiK, custNbr=VHUPehH, destCode=su, flag=676544, name=ZBrtqWSseVzqCiDFcqua, phone=vzBpWDDZImUlgxK, province=adUPIAVfUvZqgeJosHP, state=as, store=uWOAnPkjeN, truncFlag=x, zip=HHTFnacWzcW], thirdPartyAddress=LegacyThirdPartyAddress [tpprovince=aqIPiKYFGoXJbQKefZyZ, tpcountry=XcqAcCVmjiHiUxFiubKQ, tpphone=IKTJwBwGDSbRYOSSEfzI, addressLine1=yTGPBQNJaYLGZzdNDSEQ, addressLine2=znhqVUTifhAvMasLgAhF, accountNbr=aSfneWiandDUqzOsYLvJ, billFlag=f, city=zCHDbaynCIRNoFnPrOQo, name=ecGInPBcVyVENRzRiqzA, name2=hHSnqEWOpngXVSIDDeve, state=Fm, zip=grQhhwdqhIOxBFhy], dates=null, lines=null]
Hibernate: call next value for SHXP.EDI_ORDER_NBR
Hibernate: insert into EDI_ORDER_HEADER (ACCT_CONTACT, ACKNOWLEGE_ORD_IND, ADDR_KEY, AGREEMENT_NUMBER, ASSIGNED_AGENT, AUTH_REP, AUTHORIZATION_NO, beg, BILL_TO_STATE, BILL_TO_STORE, BS_STORE_NBR, CANCEL_DATE_QUAL, CARRIER_CODE, CB_CUT_LENGTH, CHNG_LID, CHNG_TIMESTAMP, COMM_CUST, CONS_STATUS_MSG, CONSUMER_ADDRESS, CONSUMER_ADDRESS_2, CONSUMER_CITY, CONSUMER_PO_DATE, CONSUMER_SHIP_FLG, CONSUMER_NAME, CONSUMER_STATE, CONSUMER_ZIP, CONTRACT_USAGE_IND, CROSS_DOCK_CENTER, CUST_DEPT, CUSTOMER_NUMBER, CUST_PMT_METH, CUST_SP_INST, CUST_WH_NBR, CUSTOMER_CODE, CUSTOMER_REF_NBR, CUSTOMER_SIDEMARK, DELIVERY_DATE, DELV_CUT_OFF_DT, DIV_DESC, DUNS_NBR, ERROR_CODE, ERROR_DESCRIPTION, ERROR_TIMESTAMP, EVENT_INFO, EXPLODE_FLAG, FOB_POINT, FRT_CODE, GIFT_MESSAGE_1, GIFT_MESSAGE_2, HOST_ALERT_FLAG, INPUT_METHOD, MARK_FOR_STORE, MEDIA_EVENT_CODE, NB_DATE, NEW_STORE_IND, NO_ASN_FLAG, OH_CANCEL_DATE, OH_STATUS_CODE, ON_NOTE, ONLINE_TYPE, ORDER_DATE, ORDER_LOC, ORDER_MER_COST, ORDER_RET_HAND, ORDER_RET_SH, ORDER_RET_TAX, ORDER_RET_TOTAL, ORDER_TYPE, ORDER_TYPE_DESC, ORDER_WEIGHT, ORDERING_SYSTEM, PHONE_NUMBER, PO_CONTROL, PO_DATE_QUAL, PO_DATE, PO_NUMBER, PO_QUAL, PO_TYPE, PO_TYPE_SUFFIX, PS_MSG, PURCHASED_BY, RCD_CODE, RECEIVED_TIMESTAMP, REF_TC_NBR, RESERVE_ORDER_IND, RETURN_MSG, ROUTE_BY_DATE, SALES_CHECK_NUMBER, SALES_REQ_CODE, SELL_CO, SEQ_NBR, ORDER_NUMBER, SHIP_BY_CUT_OFF_DT, SHIP_BY_DATE, SHIP_CANCEL_DATE, SHIP_COMPLETE, SHIP_DATE_QUAL, SHIP_DATE, SHIP_INSTRUCTION, SHIP_PART_COMP_IND, SHIP_PT, SHIP_TO_ADDRESS_1, SHIP_TO_ADDRESS_2, SHIP_TO_CITY, SHIP_TO_CN_CITY, SHIP_TO_COUNTRY, SHIP_TO_CUST_NBR, SHIP_TO_DEST_COD, SHIP_TO_FLAG, SHIP_TO_NAME, SHIP_TO_PHONE, SHIP_TO_PROVENCE, SHIP_TO_STATE, SHIP_TO_STORE, SHIP_TO_TRUNC_FLG, SHIP_TO_ZIP, SPECIAL_INSTRUCT_1, SPECIAL_INSTRUCT_2, SPECIAL_INSTRUCT_3, SPECIAL_INSTRUCT_4, SPECIAL_PO_NO, SRV_LEVEL, STATUS_CODE, STD_CARR_ALPHA_IND, STORE_NAME, TERMS_NET_DAYS, TERMS_TYPE_FLAG, THIRD_PARTY_ACCT_NBR, THIRD_PARTY_ADDR_1, THIRD_PARTY_ADDR_2, THIRD_PARTY_BILL_FLAG, THIRD_PARTY_CITY, THIRD_PARTY_NAME, THIRD_PARTY_NAME_2, THIRD_PARTY_STATE, THIRD_PARTY_ZIP, TOTAL_BINDING_FT, USER_ID, VENDOR_NO, WC_STORE, EDI_ORDER_NUMBER) values (?, ?, ?, ?, ?, ?, ?, ?, ?, ?, ?, ?, ?, ?, ?, ?, ?, ?, ?, ?, ?, ?, ?, ?, ?, ?, ?, ?, ?, ?, ?, ?, ?, ?, ?, ?, ?, ?, ?, ?, ?, ?, ?, ?, ?, ?, ?, ?, ?, ?, ?, ?, ?, ?, ?, ?, ?, ?, ?, ?, ?, ?, ?, ?, ?, ?, ?, ?, ?, ?, ?, ?, ?, ?, ?, ?, ?, ?, ?, ?, ?, ?, ?, ?, ?, ?, ?, ?, ?, ?, ?, ?, ?, ?, ?, ?, ?, ?, ?, ?, ?, ?, ?, ?, ?, ?, ?, ?, ?, ?, ?, ?, ?, ?, ?, ?, ?, ?, ?, ?, ?, ?, ?, ?, ?, ?, ?, ?, ?, ?, ?, ?, ?, ?, ?, ?, ?, ?, ?, ?, ?)
2020-06-19 14:05:54 TRACE [BasicBinder.java:64] binding parameter [1] as [VARCHAR] - [ePkFcdMvcsEbOdkTBhiW]
2020-06-19 14:05:54 TRACE [BasicBinder.java:64] binding parameter [2] as [VARCHAR] - [J]
2020-06-19 14:05:54 TRACE [BasicBinder.java:64] binding parameter [3] as [INTEGER] - [538208]
2020-06-19 14:05:54 TRACE [BasicBinder.java:64] binding parameter [4] as [VARCHAR] - [jSkMcTmGgiKspDx]
2020-06-19 14:05:54 TRACE [BasicBinder.java:64] binding parameter [5] as [VARCHAR] - [QJfXKuDk]
2020-06-19 14:05:54 TRACE [BasicBinder.java:64] binding parameter [6] as [VARCHAR] - [McEKEWNXFkexkyBWwtEp]
2020-06-19 14:05:54 TRACE [BasicBinder.java:64] binding parameter [7] as [VARCHAR] - [fbevNmvmta]
2020-06-19 14:05:54 TRACE [BasicBinder.java:64] binding parameter [8] as [VARCHAR] - [QUnGB]
2020-06-19 14:05:54 TRACE [BasicBinder.java:64] binding parameter [9] as [VARCHAR] - [te]
2020-06-19 14:05:54 TRACE [BasicBinder.java:64] binding parameter [10] as [VARCHAR] - [HbybRApFRY]
2020-06-19 14:05:54 TRACE [BasicBinder.java:64] binding parameter [11] as [VARCHAR] - [SyslIDvmpy]
2020-06-19 14:05:54 TRACE [BasicBinder.java:64] binding parameter [12] as [VARCHAR] - [WYp]
2020-06-19 14:05:54 TRACE [BasicBinder.java:64] binding parameter [13] as [VARCHAR] - [Ra]
2020-06-19 14:05:54 TRACE [BasicBinder.java:64] binding parameter [14] as [DOUBLE] - [9033348.215039097]
2020-06-19 14:05:54 TRACE [BasicBinder.java:64] binding parameter [15] as [VARCHAR] - [bIkByFQW]
2020-06-19 14:05:54 TRACE [BasicBinder.java:64] binding parameter [16] as [TIMESTAMP] - [1970-01-01T01:33:36]
2020-06-19 14:05:54 TRACE [BasicBinder.java:64] binding parameter [17] as [VARCHAR] - [itaPIbF]
2020-06-19 14:05:54 TRACE [BasicBinder.java:64] binding parameter [18] as [VARCHAR] - [pVqBKToedsrldegCcbZT]
2020-06-19 14:05:54 TRACE [BasicBinder.java:64] binding parameter [19] as [VARCHAR] - [wVcZEeuUhAxbqvSzNcvy]
2020-06-19 14:05:54 TRACE [BasicBinder.java:64] binding parameter [20] as [VARCHAR] - [KenTsSYXphbQXFTqrrcF]
2020-06-19 14:05:54 TRACE [BasicBinder.java:64] binding parameter [21] as [VARCHAR] - [oFzNapNLZmoqVWNcsiZ]
2020-06-19 14:05:54 TRACE [BasicBinder.java:64] binding parameter [22] as [DATE] - [1979-12-26]
2020-06-19 14:05:54 TRACE [BasicBinder.java:64] binding parameter [23] as [VARCHAR] - [h]
2020-06-19 14:05:54 TRACE [BasicBinder.java:64] binding parameter [24] as [VARCHAR] - [LgIFKLLwXTccJVHnVNoi]
2020-06-19 14:05:54 TRACE [BasicBinder.java:64] binding parameter [25] as [VARCHAR] - [WQ]
2020-06-19 14:05:54 TRACE [BasicBinder.java:64] binding parameter [26] as [VARCHAR] - [AUCtsepyk]
2020-06-19 14:05:54 TRACE [BasicBinder.java:64] binding parameter [27] as [VARCHAR] - [g]
2020-06-19 14:05:54 TRACE [BasicBinder.java:64] binding parameter [28] as [VARCHAR] - [tidXbymmUz]
2020-06-19 14:05:54 TRACE [BasicBinder.java:64] binding parameter [29] as [VARCHAR] - [HGzRu]
2020-06-19 14:05:54 TRACE [BasicBinder.java:64] binding parameter [30] as [VARCHAR] - [aVBGdWX]
2020-06-19 14:05:54 TRACE [BasicBinder.java:64] binding parameter [31] as [VARCHAR] - [klDoWDniVEfguUeZYoFH]
2020-06-19 14:05:54 TRACE [BasicBinder.java:64] binding parameter [32] as [VARCHAR] - [UaKxqHyjDzlPXKDMpGmB]
2020-06-19 14:05:54 TRACE [BasicBinder.java:64] binding parameter [33] as [VARCHAR] - [zfXP]
2020-06-19 14:05:54 TRACE [BasicBinder.java:64] binding parameter [34] as [VARCHAR] - [pR]
2020-06-19 14:05:54 TRACE [BasicBinder.java:64] binding parameter [35] as [VARCHAR] - [fyC]
2020-06-19 14:05:54 TRACE [BasicBinder.java:64] binding parameter [36] as [VARCHAR] - [wrGwiWMsRjuLvypjiEps]
2020-06-19 14:05:54 TRACE [BasicBinder.java:64] binding parameter [37] as [DATE] - [1974-09-16]
2020-06-19 14:05:54 TRACE [BasicBinder.java:64] binding parameter [38] as [DATE] - [1984-05-26]
2020-06-19 14:05:54 TRACE [BasicBinder.java:64] binding parameter [39] as [VARCHAR] - [wpHVfDcTqnMLvIiWxjcq]
2020-06-19 14:05:54 TRACE [BasicBinder.java:64] binding parameter [40] as [VARCHAR] - [mbULiTZHzDkreBi]
2020-06-19 14:05:54 TRACE [BasicBinder.java:64] binding parameter [41] as [VARCHAR] - [UQQ]
2020-06-19 14:05:54 TRACE [BasicBinder.java:64] binding parameter [42] as [VARCHAR] - [aHyuxWYIEPpSnGiZBakQ]
2020-06-19 14:05:54 TRACE [BasicBinder.java:64] binding parameter [43] as [TIMESTAMP] - [1970-01-01T00:25:57]
2020-06-19 14:05:54 TRACE [BasicBinder.java:64] binding parameter [44] as [VARCHAR] - [cXRqFVojJWCCmbI]
2020-06-19 14:05:54 TRACE [BasicBinder.java:64] binding parameter [45] as [VARCHAR] - [r]
2020-06-19 14:05:54 TRACE [BasicBinder.java:64] binding parameter [46] as [VARCHAR] - [OR]
2020-06-19 14:05:54 TRACE [BasicBinder.java:64] binding parameter [47] as [VARCHAR] - [U]
2020-06-19 14:05:54 TRACE [BasicBinder.java:64] binding parameter [48] as [VARCHAR] - [lwpjmmEetaGNXXpsrTES]
2020-06-19 14:05:54 TRACE [BasicBinder.java:64] binding parameter [49] as [VARCHAR] - [iyNypCtuKEExOtkulKpx]
2020-06-19 14:05:54 TRACE [BasicBinder.java:64] binding parameter [50] as [VARCHAR] - [q]
2020-06-19 14:05:54 TRACE [BasicBinder.java:64] binding parameter [51] as [VARCHAR] - [UycZOKZvPc]
2020-06-19 14:05:54 TRACE [BasicBinder.java:64] binding parameter [52] as [VARCHAR] - [wygrbcdUeV]
2020-06-19 14:05:54 TRACE [BasicBinder.java:64] binding parameter [53] as [VARCHAR] - [oh]
2020-06-19 14:05:54 TRACE [BasicBinder.java:64] binding parameter [54] as [DATE] - [1984-03-06]
2020-06-19 14:05:54 TRACE [BasicBinder.java:64] binding parameter [55] as [VARCHAR] - [c]
2020-06-19 14:05:54 TRACE [BasicBinder.java:64] binding parameter [56] as [VARCHAR] - [g]
2020-06-19 14:05:54 TRACE [BasicBinder.java:64] binding parameter [57] as [DATE] - [1991-08-11]
2020-06-19 14:05:54 TRACE [BasicBinder.java:64] binding parameter [58] as [VARCHAR] - [H]
2020-06-19 14:05:54 TRACE [BasicBinder.java:64] binding parameter [59] as [VARCHAR] - [bFmzYPAqRSRvqacjJgKn]
2020-06-19 14:05:54 TRACE [BasicBinder.java:64] binding parameter [60] as [VARCHAR] - [R]
2020-06-19 14:05:54 TRACE [BasicBinder.java:64] binding parameter [61] as [DATE] - [1983-04-09]
2020-06-19 14:05:54 TRACE [BasicBinder.java:64] binding parameter [62] as [VARCHAR] - [01]
2020-06-19 14:05:54 TRACE [BasicBinder.java:64] binding parameter [63] as [DOUBLE] - [4772077.742666085]
2020-06-19 14:05:54 TRACE [BasicBinder.java:64] binding parameter [64] as [DOUBLE] - [618122.1897579194]
2020-06-19 14:05:54 TRACE [BasicBinder.java:64] binding parameter [65] as [DOUBLE] - [6283180.2831151225]
2020-06-19 14:05:54 TRACE [BasicBinder.java:64] binding parameter [66] as [DOUBLE] - [8988424.911884256]
2020-06-19 14:05:54 TRACE [BasicBinder.java:64] binding parameter [67] as [DOUBLE] - [5560427.962421102]
2020-06-19 14:05:54 TRACE [BasicBinder.java:64] binding parameter [68] as [VARCHAR] - [S]
2020-06-19 14:05:54 TRACE [BasicBinder.java:64] binding parameter [69] as [VARCHAR] - [SAMPLES]
2020-06-19 14:05:54 TRACE [BasicBinder.java:64] binding parameter [70] as [DOUBLE] - [9818415.62382413]
2020-06-19 14:05:54 TRACE [BasicBinder.java:64] binding parameter [71] as [VARCHAR] - [Si]
2020-06-19 14:05:54 TRACE [BasicBinder.java:64] binding parameter [72] as [VARCHAR] - [QqrlfcfSjmg]
2020-06-19 14:05:54 TRACE [BasicBinder.java:64] binding parameter [73] as [VARCHAR] - [JAzzu]
2020-06-19 14:05:54 TRACE [BasicBinder.java:64] binding parameter [74] as [VARCHAR] - [OAa]
2020-06-19 14:05:54 TRACE [BasicBinder.java:64] binding parameter [75] as [DATE] - [1973-08-24]
2020-06-19 14:05:54 TRACE [BasicBinder.java:64] binding parameter [76] as [VARCHAR] - [NJTzJbSCXnNZFexpGCmU]
2020-06-19 14:05:54 TRACE [BasicBinder.java:64] binding parameter [77] as [VARCHAR] - [ka]
2020-06-19 14:05:54 TRACE [BasicBinder.java:64] binding parameter [78] as [VARCHAR] - [tOfti]
2020-06-19 14:05:54 TRACE [BasicBinder.java:64] binding parameter [79] as [VARCHAR] - [uCMFUDniFU]
2020-06-19 14:05:54 TRACE [BasicBinder.java:64] binding parameter [80] as [VARCHAR] - [qCYLQVBYPOyPbFuCHyTb]
2020-06-19 14:05:54 TRACE [BasicBinder.java:64] binding parameter [81] as [VARCHAR] - [cIsrztezdjGodSvIhqBU]
2020-06-19 14:05:54 TRACE [BasicBinder.java:64] binding parameter [82] as [VARCHAR] - [K]
2020-06-19 14:05:54 TRACE [BasicBinder.java:64] binding parameter [83] as [TIMESTAMP] - [1970-01-01T02:06:02]
2020-06-19 14:05:54 TRACE [BasicBinder.java:64] binding parameter [84] as [VARCHAR] - [uDHltNnTfKcKauPOeKLo]
2020-06-19 14:05:54 TRACE [BasicBinder.java:64] binding parameter [85] as [VARCHAR] - [p]
2020-06-19 14:05:54 TRACE [BasicBinder.java:64] binding parameter [86] as [VARCHAR] - [acLhUNSTldaxlhmRtvbV]
2020-06-19 14:05:54 TRACE [BasicBinder.java:64] binding parameter [87] as [DATE] - [1974-02-25]
2020-06-19 14:05:54 TRACE [BasicBinder.java:64] binding parameter [88] as [VARCHAR] - [SykEKgyQBFXwrWCkxAmp]
2020-06-19 14:05:54 TRACE [BasicBinder.java:64] binding parameter [89] as [VARCHAR] - [wK]
2020-06-19 14:05:54 TRACE [BasicBinder.java:64] binding parameter [90] as [VARCHAR] - [lm]
2020-06-19 14:05:54 TRACE [BasicBinder.java:64] binding parameter [91] as [INTEGER] - [598709]
2020-06-19 14:05:54 TRACE [BasicBinder.java:64] binding parameter [92] as [VARCHAR] - [sfwwqA]
2020-06-19 14:05:54 TRACE [BasicBinder.java:64] binding parameter [93] as [DATE] - [1974-12-20]
2020-06-19 14:05:54 TRACE [BasicBinder.java:64] binding parameter [94] as [DATE] - [1971-10-07]
2020-06-19 14:05:54 TRACE [BasicBinder.java:64] binding parameter [95] as [DATE] - [1977-01-03]
2020-06-19 14:05:54 TRACE [BasicBinder.java:64] binding parameter [96] as [VARCHAR] - [u]
2020-06-19 14:05:54 TRACE [BasicBinder.java:64] binding parameter [97] as [VARCHAR] - [Ual]
2020-06-19 14:05:54 TRACE [BasicBinder.java:64] binding parameter [98] as [DATE] - [1989-02-23]
2020-06-19 14:05:54 TRACE [BasicBinder.java:64] binding parameter [99] as [VARCHAR] - [TwwacXiYrIqUFXYsIWed]
2020-06-19 14:05:54 TRACE [BasicBinder.java:64] binding parameter [100] as [VARCHAR] - [k]
2020-06-19 14:05:54 TRACE [BasicBinder.java:64] binding parameter [101] as [VARCHAR] - [qS]
2020-06-19 14:05:54 TRACE [BasicBinder.java:64] binding parameter [102] as [VARCHAR] - [xYXdytOVbJuAzVSmyOko]
2020-06-19 14:05:54 TRACE [BasicBinder.java:64] binding parameter [103] as [VARCHAR] - [HoLudUFRSJEepydFGCsE]
2020-06-19 14:05:54 TRACE [BasicBinder.java:64] binding parameter [104] as [VARCHAR] - [GusmXVuvQMCnCvsyEBD]
2020-06-19 14:05:54 TRACE [BasicBinder.java:64] binding parameter [105] as [VARCHAR] - [jHxDqrAfuYpWsmfADfE]
2020-06-19 14:05:54 TRACE [BasicBinder.java:64] binding parameter [106] as [VARCHAR] - [bMuRoVqXVPLkIXknOiK]
2020-06-19 14:05:54 TRACE [BasicBinder.java:64] binding parameter [107] as [VARCHAR] - [VHUPehH]
2020-06-19 14:05:54 TRACE [BasicBinder.java:64] binding parameter [108] as [VARCHAR] - [su]
2020-06-19 14:05:54 TRACE [BasicBinder.java:64] binding parameter [109] as [INTEGER] - [676544]
2020-06-19 14:05:54 TRACE [BasicBinder.java:64] binding parameter [110] as [VARCHAR] - [ZBrtqWSseVzqCiDFcqua]
2020-06-19 14:05:54 TRACE [BasicBinder.java:64] binding parameter [111] as [VARCHAR] - [vzBpWDDZImUlgxK]
2020-06-19 14:05:54 TRACE [BasicBinder.java:64] binding parameter [112] as [VARCHAR] - [adUPIAVfUvZqgeJosHP]
2020-06-19 14:05:54 TRACE [BasicBinder.java:64] binding parameter [113] as [VARCHAR] - [as]
2020-06-19 14:05:54 TRACE [BasicBinder.java:64] binding parameter [114] as [VARCHAR] - [uWOAnPkjeN]
2020-06-19 14:05:54 TRACE [BasicBinder.java:64] binding parameter [115] as [VARCHAR] - [x]
2020-06-19 14:05:54 TRACE [BasicBinder.java:64] binding parameter [116] as [VARCHAR] - [HHTFnacWzcW]
2020-06-19 14:05:54 TRACE [BasicBinder.java:64] binding parameter [117] as [VARCHAR] - [EFskLWhKbFobEOByFWUb]
2020-06-19 14:05:54 TRACE [BasicBinder.java:64] binding parameter [118] as [VARCHAR] - [WzhVLRIoFtzDXxsArYYv]
2020-06-19 14:05:54 TRACE [BasicBinder.java:64] binding parameter [119] as [VARCHAR] - [avyyVsABTPwrZpUboRqj]
2020-06-19 14:05:54 TRACE [BasicBinder.java:64] binding parameter [120] as [VARCHAR] - [AAXrFqEcIndAyZKrYPJi]
2020-06-19 14:05:54 TRACE [BasicBinder.java:64] binding parameter [121] as [VARCHAR] - [TLOvjryCrypjVJeTejpD]
2020-06-19 14:05:54 TRACE [BasicBinder.java:64] binding parameter [122] as [VARCHAR] - [Vl]
2020-06-19 14:05:54 TRACE [BasicBinder.java:64] binding parameter [123] as [VARCHAR] - [C]
2020-06-19 14:05:54 TRACE [BasicBinder.java:64] binding parameter [124] as [VARCHAR] - [CLgs]
2020-06-19 14:05:54 TRACE [BasicBinder.java:64] binding parameter [125] as [VARCHAR] - [ZYBYAcLnJMXkulPDuexa]
2020-06-19 14:05:54 TRACE [BasicBinder.java:64] binding parameter [126] as [VARCHAR] - [gMe]
2020-06-19 14:05:54 TRACE [BasicBinder.java:64] binding parameter [127] as [VARCHAR] - [qw]
2020-06-19 14:05:54 TRACE [BasicBinder.java:64] binding parameter [128] as [VARCHAR] - [aSfneWiandDUqzOsYLvJ]
2020-06-19 14:05:54 TRACE [BasicBinder.java:64] binding parameter [129] as [VARCHAR] - [yTGPBQNJaYLGZzdNDSEQ]
2020-06-19 14:05:54 TRACE [BasicBinder.java:64] binding parameter [130] as [VARCHAR] - [znhqVUTifhAvMasLgAhF]
2020-06-19 14:05:54 TRACE [BasicBinder.java:64] binding parameter [131] as [VARCHAR] - [f]
2020-06-19 14:05:54 TRACE [BasicBinder.java:64] binding parameter [132] as [VARCHAR] - [zCHDbaynCIRNoFnPrOQo]
2020-06-19 14:05:54 TRACE [BasicBinder.java:64] binding parameter [133] as [VARCHAR] - [ecGInPBcVyVENRzRiqzA]
2020-06-19 14:05:54 TRACE [BasicBinder.java:64] binding parameter [134] as [VARCHAR] - [hHSnqEWOpngXVSIDDeve]
2020-06-19 14:05:54 TRACE [BasicBinder.java:64] binding parameter [135] as [VARCHAR] - [Fm]
2020-06-19 14:05:54 TRACE [BasicBinder.java:64] binding parameter [136] as [VARCHAR] - [grQhhwdqhIOxBFhy]
2020-06-19 14:05:54 TRACE [BasicBinder.java:64] binding parameter [137] as [DOUBLE] - [6787919.63568268]
2020-06-19 14:05:54 TRACE [BasicBinder.java:64] binding parameter [138] as [VARCHAR] - [qBeMgfPm]
2020-06-19 14:05:54 TRACE [BasicBinder.java:64] binding parameter [139] as [VARCHAR] - [DNEmmxjSVMvKiRz]
2020-06-19 14:05:54 TRACE [BasicBinder.java:64] binding parameter [140] as [VARCHAR] - [vwHKeOMEbm]
2020-06-19 14:05:54 TRACE [BasicBinder.java:64] binding parameter [141] as [BIGINT] - [32]
2020-06-19 14:05:54 DEBUG [MockBuilder.java:94] set eventInfo -> AKphEHjBfqKviHP
2020-06-19 14:05:55 DEBUG [MockBuilder.java:94] set storeName -> FDVUKsmIIlEsdRlJHlow
2020-06-19 14:05:55 DEBUG [MockBuilder.java:94] set customerCode -> cI
2020-06-19 14:05:54 DEBUG [MockBuilder.java:94] set purchasedBy -> FoNLOVWSxzxSKfNypaJF
2020-06-19 14:05:55 DEBUG [MockBuilder.java:94] set explodeFlag -> S
2020-06-19 14:05:55 DEBUG [MockBuilder.java:94] set termsNetDays -> BSY
2020-06-19 14:05:55 DEBUG [MockBuilder.java:94] set fobPoint -> do
2020-06-19 14:05:55 DEBUG [MockBuilder.java:94] set termsTypeFlag -> BT
2020-06-19 14:05:55 DEBUG [MockBuilder.java:94] set shipPartCompInd -> d
2020-06-19 14:05:55 DEBUG [MockBuilder.java:94] set frtCode -> n
2020-06-19 14:05:55 DEBUG [MockBuilder.java:94] set rcdCode -> m
2020-06-19 14:05:55 DEBUG [MockBuilder.java:94] set totalBindingFt -> 9912999.785710929
2020-06-19 14:05:55 DEBUG [MockBuilder.java:94] set giftMessage1 -> bsPGSAhPByoqfZGJpXWg
2020-06-19 14:05:55 DEBUG [MockBuilder.java:94] set agreementNumber -> ZVKHozUqjheCPPL
2020-06-19 14:05:55 DEBUG [MockBuilder.java:94] set srvLevel -> aZ
2020-06-19 14:05:55 DEBUG [MockBuilder.java:94] set receivedTimestamp -> 1970-01-01T00:09:57
2020-06-19 14:05:55 DEBUG [MockBuilder.java:94] set assignedAgent -> qBrdsZTm
2020-06-19 14:05:55 DEBUG [MockBuilder.java:94] set statusCode -> X
2020-06-19 14:05:54 DEBUG [MockBuilder.java:94] set beg -> ybWLr
2020-06-19 14:05:54 DEBUG [MockBuilder.java:94] set consStatusMsg -> xVhgwyoOUmtLcgmDMFZv
2020-06-19 14:05:55 DEBUG [MockBuilder.java:94] set stdCarrAlphaInd -> lSCV
2020-06-19 14:05:55 DEBUG [MockBuilder.java:94] set billToState -> xk
2020-06-19 14:05:55 DEBUG [MockBuilder.java:94] set contractUsageInd -> J
2020-06-19 14:05:55 DEBUG [MockBuilder.java:94] set refTcNbr -> LgqhPobqfqOgTrGJtXpA
2020-06-19 14:05:55 DEBUG [MockBuilder.java:94] set billToStore -> tiYZENfeYD
2020-06-19 14:05:55 DEBUG [MockBuilder.java:94] set crossDockCenter -> PtVThNpdEO
2020-06-19 14:05:55 DEBUG [MockBuilder.java:94] set bsStoreNbr -> BhWMktNAGA
2020-06-19 14:05:55 DEBUG [MockBuilder.java:94] set custDept -> IMxqM
2020-06-19 14:05:55 DEBUG [MockBuilder.java:94] set authRep -> vXyNKSomrxlhBBjPpGGu
2020-06-19 14:05:55 DEBUG [MockBuilder.java:94] set poType -> GdOQP
2020-06-19 14:05:55 DEBUG [MockBuilder.java:94] set custNbr -> FsUxgbl
2020-06-19 14:05:55 DEBUG [MockBuilder.java:94] set authorizationNo -> vruiklkTFM
2020-06-19 14:05:55 DEBUG [MockBuilder.java:94] set shipPt -> Hz
2020-06-19 14:05:55 DEBUG [MockBuilder.java:94] set giftMessage2 -> ojHiQPWjjJPdBimDYklX
2020-06-19 14:05:55 DEBUG [MockBuilder.java:94] set customerRefNbr -> RXt
2020-06-19 14:05:55 DEBUG [MockBuilder.java:94] set acctContact -> cJUKJLqvVqJwmcwYfAoe
2020-06-19 14:05:55 DEBUG [MockBuilder.java:94] set specialInstruct1 -> zazszwCRZpJnMVRDCKhR
2020-06-19 14:05:55 DEBUG [MockBuilder.java:94] set hostAlertFlag -> X
2020-06-19 14:05:55 DEBUG [MockBuilder.java:94] set customerSidemark -> ValoDKxSNFyWvBHIjpYw
2020-06-19 14:05:55 DEBUG [MockBuilder.java:94] set specialInstruct2 -> haJwZqXeXHxIzLRSxHDH
2020-06-19 14:05:55 DEBUG [MockBuilder.java:94] set acknowlegeOrdInd -> e
2020-06-19 14:05:55 DEBUG [MockBuilder.java:94] set dunsNbr -> LDZbYmBnkyxXzRy
2020-06-19 14:05:55 DEBUG [MockBuilder.java:94] set phone -> ttHbQudFiwFvuRj
2020-06-19 14:05:55 DEBUG [MockBuilder.java:94] set specialInstruct3 -> WDcMwDGCGZwGiPGQoiqc
2020-06-19 14:05:55 DEBUG [MockBuilder.java:94] set cancelDateQualifier -> oUo
2020-06-19 14:05:55 DEBUG [MockBuilder.java:94] set addrKey -> 808685
2020-06-19 14:05:55 DEBUG [MockBuilder.java:94] set errorCode -> Som
2020-06-19 14:05:55 DEBUG [MockBuilder.java:94] set specialInstruct4 -> rYuZCAelvzeltuDiRLuG
2020-06-19 14:05:55 DEBUG [MockBuilder.java:94] set chngLid -> ongDzgUB
2020-06-19 14:05:55 DEBUG [MockBuilder.java:94] set carrierCode -> Zr
2020-06-19 14:05:55 DEBUG [MockBuilder.java:94] set userId -> MIzGqWeb
2020-06-19 14:05:55 DEBUG [MockBuilder.java:94] set poTypeSuffix -> iDHhHAIRbm
2020-06-19 14:05:55 DEBUG [MockBuilder.java:94] set custPmtMeth -> IzSNBXeoaZMaqIowzKWH
2020-06-19 14:05:55 DEBUG [MockBuilder.java:94] set chngTimestamp -> 1970-01-01T01:16:04
2020-06-19 14:05:55 DEBUG [MockBuilder.java:94] set vendorNo -> qxOZBtoFnIgowHg
2020-06-19 14:05:55 DEBUG [MockBuilder.java:94] set cbCutLength -> 4288652.700323828
2020-06-19 14:05:55 DEBUG [MockBuilder.java:94] set commCust -> vhPkUel
2020-06-19 14:05:55 DEBUG [MockBuilder.java:94] set wcStore -> veDRjBxDfw
2020-06-19 14:05:55 DEBUG [MockBuilder.java:94] set country -> yotclhUAuqcZQKYpmIY
2020-06-19 14:05:55 DEBUG [MockBuilder.java:94] set ohStatusCode -> T
2020-06-19 14:05:55 DEBUG [MockBuilder.java:94] set province -> rmxkbcasiQUATxueYaB
2020-06-19 14:05:55 DEBUG [MockBuilder.java:94] set specialPoNo -> YnPIkVpWbQJvzzquDpOS
2020-06-19 14:05:55 DEBUG [MockBuilder.java:94] set onNote -> hvMqdMhDLbYWhYClsWrc
2020-06-19 14:05:55 DEBUG [MockBuilder.java:94] set cnCity -> htnHQgpawUwzVJVvLBh
2020-06-19 14:05:55 DEBUG [MockBuilder.java:94] set name -> JcowmqEvNSpZVRDMdUtM
2020-06-19 14:05:55 DEBUG [MockBuilder.java:94] set name -> XxuhrVrgwyhQFoaDhwFK
2020-06-19 14:05:55 DEBUG [MockBuilder.java:94] set shipComplete -> R
2020-06-19 14:05:55 DEBUG [MockBuilder.java:94] set psMsg -> sgfhyTYyJeSziopNvKhq
2020-06-19 14:05:55 DEBUG [MockBuilder.java:94] set destCode -> BR
2020-06-19 14:05:55 DEBUG [MockBuilder.java:94] set consumerPoDateValue -> 1970-10-01
2020-06-19 14:05:55 DEBUG [MockBuilder.java:94] set flag -> 576296
2020-06-19 14:05:55 DEBUG [MockBuilder.java:94] set shipDateValue -> 1985-06-19
2020-06-19 14:05:55 DEBUG [MockBuilder.java:94] set custNbr -> SKUZckH
2020-06-19 14:05:55 DEBUG [MockBuilder.java:94] set shipDateQualifier -> MxV
2020-06-19 14:05:55 DEBUG [MockBuilder.java:94] set truncFlag -> C
2020-06-19 14:05:55 DEBUG [MockBuilder.java:94] set addressLine2 -> UrCZkRUefgEuaTaSXfPT
2020-06-19 14:05:55 DEBUG [MockBuilder.java:94] set salesCheckNumber -> RyRPcCfdgfKKnVXyFdQn
2020-06-19 14:05:55 DEBUG [MockBuilder.java:94] set errorDescription -> OMkledYawlwUDilbROSt
2020-06-19 14:05:55 DEBUG [MockBuilder.java:94] set custSpInst -> YQkaRUWNuDogvrAGbTZB
2020-06-19 14:05:55 DEBUG [MockBuilder.java:94] set city -> zLFjrWaEoEaiEbOowPV
2020-06-19 14:05:55 DEBUG [MockBuilder.java:94] set errorTimestamp -> 1970-01-01T02:05:41
2020-06-19 14:05:55 DEBUG [MockBuilder.java:94] set onlineType -> R
2020-06-19 14:05:55 DEBUG [MockBuilder.java:94] set custWhNbr -> PfNQ
2020-06-19 14:05:55 DEBUG [MockBuilder.java:94] set salesReqCode -> sA
2020-06-19 14:05:55 DEBUG [MockBuilder.java:94] set addressLine1 -> koqjDDSjfwJUVCnjeibn
2020-06-19 14:05:55 DEBUG [MockBuilder.java:94] set deliveryDate -> 1985-10-04
2020-06-19 14:05:55 DEBUG [MockBuilder.java:94] set nbDate -> 1971-10-30
2020-06-19 14:05:55 DEBUG [MockBuilder.java:94] set delvCutOffDt -> 1979-06-29
2020-06-19 14:05:55 DEBUG [MockBuilder.java:94] set city -> GGCcSOkYtRUrVQdjNOB
2020-06-19 14:05:55 DEBUG [MockBuilder.java:94] set orderDate -> 1989-02-22
2020-06-19 14:05:55 DEBUG [MockBuilder.java:94] set newStoreInd -> B
2020-06-19 14:05:55 DEBUG [MockBuilder.java:94] set shipInstruction -> YPsttNJaIluucKXRWwrT
2020-06-19 14:05:55 DEBUG [MockBuilder.java:94] set divDesc -> MECwLLIkUwijflxHKnkB
2020-06-19 14:05:55 DEBUG [MockBuilder.java:94] set orderLoc -> Dk
2020-06-19 14:05:55 DEBUG [MockBuilder.java:94] set sellCo -> sK
2020-06-19 14:05:55 DEBUG [MockBuilder.java:94] set noAsnFlag -> g
2020-06-19 14:05:55 DEBUG [MockBuilder.java:94] set orderingSystem -> eo
2020-06-19 14:05:55 DEBUG [MockBuilder.java:94] set shipByCutOffDt -> 1990-12-11
2020-06-19 14:05:55 DEBUG [MockBuilder.java:94] set ohCancelDateValue -> 1975-11-09
2020-06-19 14:05:55 DEBUG [MockBuilder.java:94] set phoneNumber -> qJCRweTPMJC
2020-06-19 14:05:55 DEBUG [MockBuilder.java:94] set shipByDate -> 1982-12-17
2020-06-19 14:05:55 DEBUG [MockBuilder.java:94] set state -> KS
2020-06-19 14:05:55 DEBUG [MockBuilder.java:94] set inputMethod -> GySsOiBSVH
2020-06-19 14:05:55 DEBUG [MockBuilder.java:94] set seqNbr -> 329552
2020-06-19 14:05:55 DEBUG [MockBuilder.java:94] set poControl -> Zgqmw
2020-06-19 14:05:55 DEBUG [MockBuilder.java:94] set shipCancelDate -> 1976-01-23
2020-06-19 14:05:55 DEBUG [MockBuilder.java:94] set markForStore -> ePvotqUQfj
2020-06-19 14:05:55 DEBUG [MockBuilder.java:94] set zip -> WSRenxptF
2020-06-19 14:05:55 DEBUG [MockBuilder.java:94] set poDateValue -> 1989-03-29
2020-06-19 14:05:55 DEBUG [MockBuilder.java:94] set orderRetTotal -> 3205626.9805704835
2020-06-19 14:05:55 DEBUG [MockBuilder.java:94] set mediaEventCode -> dJ
2020-06-19 14:05:55 DEBUG [MockBuilder.java:94] set poDateQualifier -> Mii
2020-06-19 14:05:55 DEBUG [MockBuilder.java:94] set reserveOrderInd -> b
2020-06-19 14:05:55 DEBUG [MockBuilder.java:94] set zip -> llpxFIAeVJV
2020-06-19 14:05:55 DEBUG [MockBuilder.java:94] set orderType -> L
2020-06-19 14:05:55 DEBUG [MockBuilder.java:94] set store -> uxCmNoEFnl
2020-06-19 14:05:55 DEBUG [MockBuilder.java:94] set poNumber -> FZbWqmxzOQDqmlVcuPKK
2020-06-19 14:05:55 DEBUG [MockBuilder.java:94] set orderTypeDesc -> tAoRQhnFjriZsyT
2020-06-19 14:05:55 DEBUG [MockBuilder.java:94] set orderMerCost -> 6292387.658233567
2020-06-19 14:05:55 DEBUG [MockBuilder.java:94] set consumerShipFlg -> B
2020-06-19 14:05:55 DEBUG [MockBuilder.java:94] set returnMsg -> fZuWJkMmYOCsxvHwYDLB
2020-06-19 14:05:55 DEBUG [MockBuilder.java:94] set state -> un
2020-06-19 14:05:55 DEBUG [MockBuilder.java:94] set orderWeight -> 2294457.7314434196
2020-06-19 14:05:55 DEBUG [MockBuilder.java:94] set shipToAddress -> LegacyShipToAddress [addressLine1=koqjDDSjfwJUVCnjeibn, addressLine2=UrCZkRUefgEuaTaSXfPT, city=zLFjrWaEoEaiEbOowPV, cnCity=htnHQgpawUwzVJVvLBh, country=yotclhUAuqcZQKYpmIY, custNbr=SKUZckH, destCode=BR, flag=576296, name=XxuhrVrgwyhQFoaDhwFK, phone=ttHbQudFiwFvuRj, province=rmxkbcasiQUATxueYaB, state=un, store=uxCmNoEFnl, truncFlag=C, zip=llpxFIAeVJV]
2020-06-19 14:05:55 DEBUG [MockBuilder.java:94] set cphone -> AKoRNZoGcAuYpXpYHJho
2020-06-19 14:05:55 DEBUG [MockBuilder.java:94] set orderRetHand -> 5825668.195049028
2020-06-19 14:05:55 DEBUG [MockBuilder.java:94] set poQual -> dO
2020-06-19 14:05:55 DEBUG [MockBuilder.java:94] set routeByDate -> 1988-10-06
2020-06-19 14:05:55 DEBUG [MockBuilder.java:94] set ccountry -> TOHAMHLyzMXoHzfoWILp
2020-06-19 14:05:55 DEBUG [MockBuilder.java:94] set shawOrderNumber -> rVNjtA
2020-06-19 14:05:55 DEBUG [MockBuilder.java:94] set cprovince -> dHlYKOGLFXgSYWQoVJzC
2020-06-19 14:05:55 DEBUG [MockBuilder.java:94] set orderRetSh -> 8694206.988031682
2020-06-19 14:05:55 DEBUG [MockBuilder.java:94] set addressLine2 -> gOprDLcbItCjwewqHbKl
2020-06-19 14:05:55 DEBUG [MockBuilder.java:94] set accountNbr -> IloNNVNjPPniaOIrNLda
2020-06-19 14:05:55 DEBUG [MockBuilder.java:94] set addressLine1 -> GmTdJLCMCONWTJHDyyln
2020-06-19 14:05:55 DEBUG [MockBuilder.java:94] set addressLine1 -> wypDxmxgiFcjEIbfrNyl
2020-06-19 14:05:55 DEBUG [MockBuilder.java:94] set tpcountry -> obFKJwOJjeMTmQXackoK
2020-06-19 14:05:55 DEBUG [MockBuilder.java:94] set orderRetTax -> 7484500.570727877
2020-06-19 14:05:55 DEBUG [MockBuilder.java:94] set city -> JEkmHCfBpzrgebXBZwci
2020-06-19 14:05:55 DEBUG [MockBuilder.java:94] set tpphone -> wJMpgqPxPEhBvaIdlndF
2020-06-19 14:05:55 DEBUG [MockBuilder.java:94] set billFlag -> I
2020-06-19 14:05:55 DEBUG [MockBuilder.java:94] set name2 -> xJBCckOhXAvpIouQhRnz
2020-06-19 14:05:55 DEBUG [MockBuilder.java:94] set name -> DnvlalEKTXvUDCjfUtDY
2020-06-19 14:05:55 DEBUG [MockBuilder.java:94] set zip -> hSsiJsrKTHRtQTyC
2020-06-19 14:05:55 DEBUG [MockBuilder.java:94] set addressLine2 -> CanPfqiIFXXIHgLMJaDD
2020-06-19 14:05:55 DEBUG [MockBuilder.java:94] set state -> Bk
2020-06-19 14:05:55 DEBUG [MockBuilder.java:94] set tpprovince -> YgcDvbGpASmKxPBzVafP
2020-06-19 14:05:55 DEBUG [MockBuilder.java:94] set consumerAddress -> LegacyConsumerAddress [cprovince=dHlYKOGLFXgSYWQoVJzC, ccountry=TOHAMHLyzMXoHzfoWILp, cphone=AKoRNZoGcAuYpXpYHJho, addressLine1=GmTdJLCMCONWTJHDyyln, addressLine2=gOprDLcbItCjwewqHbKl, city=GGCcSOkYtRUrVQdjNOB, name=JcowmqEvNSpZVRDMdUtM, consumerPoDateValue=1970-10-01, consumerShipFlg=B, state=KS, zip=WSRenxptF]
2020-06-19 14:05:55 DEBUG [MockBuilder.java:94] set thirdPartyAddress -> LegacyThirdPartyAddress [tpprovince=YgcDvbGpASmKxPBzVafP, tpcountry=obFKJwOJjeMTmQXackoK, tpphone=wJMpgqPxPEhBvaIdlndF, addressLine1=wypDxmxgiFcjEIbfrNyl, addressLine2=CanPfqiIFXXIHgLMJaDD, accountNbr=IloNNVNjPPniaOIrNLda, billFlag=I, city=JEkmHCfBpzrgebXBZwci, name=DnvlalEKTXvUDCjfUtDY, name2=xJBCckOhXAvpIouQhRnz, state=Bk, zip=hSsiJsrKTHRtQTyC]
2020-06-19 14:05:55 DEBUG [MockBuilder.java:94] set dates -> null
2020-06-19 14:05:55 DEBUG [MockBuilder.java:94] set lines -> null
2020-06-19 14:05:55 DEBUG [MockHelper.java:99] EdiOrderHeader [legacyOrderNumber=null, acctContact=cJUKJLqvVqJwmcwYfAoe, acknowlegeOrdInd=e, addrKey=808685, agreementNumber=ZVKHozUqjheCPPL, assignedAgent=qBrdsZTm, authRep=vXyNKSomrxlhBBjPpGGu, authorizationNo=vruiklkTFM, beg=ybWLr, billToState=xk, billToStore=tiYZENfeYD, bsStoreNbr=BhWMktNAGA, cancelDateQualifier=oUo, carrierCode=Zr, cbCutLength=4288652.700323828, chngLid=ongDzgUB, chngTimestamp=1970-01-01T01:16:04, commCust=vhPkUel, consStatusMsg=xVhgwyoOUmtLcgmDMFZv, contractUsageInd=J, crossDockCenter=PtVThNpdEO, custDept=IMxqM, custPmtMeth=IzSNBXeoaZMaqIowzKWH, custSpInst=YQkaRUWNuDogvrAGbTZB, custWhNbr=PfNQ, customerCode=cI, custNbr=FsUxgbl, customerRefNbr=RXt, customerSidemark=ValoDKxSNFyWvBHIjpYw, deliveryDate=1985-10-04, delvCutOffDt=1979-06-29, divDesc=MECwLLIkUwijflxHKnkB, dunsNbr=LDZbYmBnkyxXzRy, errorCode=Som, errorDescription=OMkledYawlwUDilbROSt, errorTimestamp=1970-01-01T02:05:41, eventInfo=AKphEHjBfqKviHP, explodeFlag=S, fobPoint=do, frtCode=n, giftMessage1=bsPGSAhPByoqfZGJpXWg, giftMessage2=ojHiQPWjjJPdBimDYklX, hostAlertFlag=X, inputMethod=GySsOiBSVH, markForStore=ePvotqUQfj, mediaEventCode=dJ, nbDate=1971-10-30, newStoreInd=B, noAsnFlag=g, ohCancelDateValue=1975-11-09, ohStatusCode=T, onNote=hvMqdMhDLbYWhYClsWrc, onlineType=R, orderDate=1989-02-22, orderLoc=01, orderMerCost=6292387.658233567, shawOrderNumber=rVNjtA, orderRetHand=5825668.195049028, orderRetSh=8694206.988031682, orderRetTax=7484500.570727877, orderRetTotal=3205626.9805704835, orderType=H, orderTypeDesc=HARDSURFACES, orderWeight=2294457.7314434196, orderingSystem=eo, phoneNumber=qJCRweTPMJC, poControl=Zgqmw, poDateValue=1989-03-29, poDateQualifier=Mii, poNumber=FZbWqmxzOQDqmlVcuPKK, poQual=dO, poType=GdOQP, poTypeSuffix=iDHhHAIRbm, psMsg=sgfhyTYyJeSziopNvKhq, purchasedBy=FoNLOVWSxzxSKfNypaJF, rcdCode=m, receivedTimestamp=1970-01-01T00:09:57, refTcNbr=LgqhPobqfqOgTrGJtXpA, reserveOrderInd=b, returnMsg=fZuWJkMmYOCsxvHwYDLB, routeByDate=1988-10-06, salesCheckNumber=RyRPcCfdgfKKnVXyFdQn, salesReqCode=sA, sellCo=sK, seqNbr=329552, shipByCutOffDt=1990-12-11, shipByDate=1982-12-17, shipCancelDate=1976-01-23, shipComplete=R, shipDateValue=1985-06-19, shipDateQualifier=MxV, shipInstruction=YPsttNJaIluucKXRWwrT, shipPartCompInd=d, shipPt=Hz, specialInstruct1=zazszwCRZpJnMVRDCKhR, specialInstruct2=haJwZqXeXHxIzLRSxHDH, specialInstruct3=WDcMwDGCGZwGiPGQoiqc, specialInstruct4=rYuZCAelvzeltuDiRLuG, specialPoNo=YnPIkVpWbQJvzzquDpOS, srvLevel=aZ, statusCode=X, stdCarrAlphaInd=lSCV, storeName=FDVUKsmIIlEsdRlJHlow, termsNetDays=BSY, termsTypeFlag=BT, totalBindingFt=9912999.785710929, userId=MIzGqWeb, vendorNo=qxOZBtoFnIgowHg, wcStore=veDRjBxDfw, consumerAddress=LegacyConsumerAddress [cprovince=dHlYKOGLFXgSYWQoVJzC, ccountry=TOHAMHLyzMXoHzfoWILp, cphone=AKoRNZoGcAuYpXpYHJho, addressLine1=GmTdJLCMCONWTJHDyyln, addressLine2=gOprDLcbItCjwewqHbKl, city=GGCcSOkYtRUrVQdjNOB, name=JcowmqEvNSpZVRDMdUtM, consumerPoDateValue=1970-10-01, consumerShipFlg=B, state=KS, zip=WSRenxptF], shipToAddress=LegacyShipToAddress [addressLine1=koqjDDSjfwJUVCnjeibn, addressLine2=UrCZkRUefgEuaTaSXfPT, city=zLFjrWaEoEaiEbOowPV, cnCity=htnHQgpawUwzVJVvLBh, country=yotclhUAuqcZQKYpmIY, custNbr=SKUZckH, destCode=BR, flag=576296, name=XxuhrVrgwyhQFoaDhwFK, phone=ttHbQudFiwFvuRj, province=rmxkbcasiQUATxueYaB, state=un, store=uxCmNoEFnl, truncFlag=C, zip=llpxFIAeVJV], thirdPartyAddress=LegacyThirdPartyAddress [tpprovince=YgcDvbGpASmKxPBzVafP, tpcountry=obFKJwOJjeMTmQXackoK, tpphone=wJMpgqPxPEhBvaIdlndF, addressLine1=wypDxmxgiFcjEIbfrNyl, addressLine2=CanPfqiIFXXIHgLMJaDD, accountNbr=IloNNVNjPPniaOIrNLda, billFlag=I, city=JEkmHCfBpzrgebXBZwci, name=DnvlalEKTXvUDCjfUtDY, name2=xJBCckOhXAvpIouQhRnz, state=Bk, zip=hSsiJsrKTHRtQTyC], dates=null, lines=null]
Hibernate: call next value for SHXP.EDI_ORDER_NBR
Hibernate: insert into EDI_ORDER_HEADER (ACCT_CONTACT, ACKNOWLEGE_ORD_IND, ADDR_KEY, AGREEMENT_NUMBER, ASSIGNED_AGENT, AUTH_REP, AUTHORIZATION_NO, beg, BILL_TO_STATE, BILL_TO_STORE, BS_STORE_NBR, CANCEL_DATE_QUAL, CARRIER_CODE, CB_CUT_LENGTH, CHNG_LID, CHNG_TIMESTAMP, COMM_CUST, CONS_STATUS_MSG, CONSUMER_ADDRESS, CONSUMER_ADDRESS_2, CONSUMER_CITY, CONSUMER_PO_DATE, CONSUMER_SHIP_FLG, CONSUMER_NAME, CONSUMER_STATE, CONSUMER_ZIP, CONTRACT_USAGE_IND, CROSS_DOCK_CENTER, CUST_DEPT, CUSTOMER_NUMBER, CUST_PMT_METH, CUST_SP_INST, CUST_WH_NBR, CUSTOMER_CODE, CUSTOMER_REF_NBR, CUSTOMER_SIDEMARK, DELIVERY_DATE, DELV_CUT_OFF_DT, DIV_DESC, DUNS_NBR, ERROR_CODE, ERROR_DESCRIPTION, ERROR_TIMESTAMP, EVENT_INFO, EXPLODE_FLAG, FOB_POINT, FRT_CODE, GIFT_MESSAGE_1, GIFT_MESSAGE_2, HOST_ALERT_FLAG, INPUT_METHOD, MARK_FOR_STORE, MEDIA_EVENT_CODE, NB_DATE, NEW_STORE_IND, NO_ASN_FLAG, OH_CANCEL_DATE, OH_STATUS_CODE, ON_NOTE, ONLINE_TYPE, ORDER_DATE, ORDER_LOC, ORDER_MER_COST, ORDER_RET_HAND, ORDER_RET_SH, ORDER_RET_TAX, ORDER_RET_TOTAL, ORDER_TYPE, ORDER_TYPE_DESC, ORDER_WEIGHT, ORDERING_SYSTEM, PHONE_NUMBER, PO_CONTROL, PO_DATE_QUAL, PO_DATE, PO_NUMBER, PO_QUAL, PO_TYPE, PO_TYPE_SUFFIX, PS_MSG, PURCHASED_BY, RCD_CODE, RECEIVED_TIMESTAMP, REF_TC_NBR, RESERVE_ORDER_IND, RETURN_MSG, ROUTE_BY_DATE, SALES_CHECK_NUMBER, SALES_REQ_CODE, SELL_CO, SEQ_NBR, ORDER_NUMBER, SHIP_BY_CUT_OFF_DT, SHIP_BY_DATE, SHIP_CANCEL_DATE, SHIP_COMPLETE, SHIP_DATE_QUAL, SHIP_DATE, SHIP_INSTRUCTION, SHIP_PART_COMP_IND, SHIP_PT, SHIP_TO_ADDRESS_1, SHIP_TO_ADDRESS_2, SHIP_TO_CITY, SHIP_TO_CN_CITY, SHIP_TO_COUNTRY, SHIP_TO_CUST_NBR, SHIP_TO_DEST_COD, SHIP_TO_FLAG, SHIP_TO_NAME, SHIP_TO_PHONE, SHIP_TO_PROVENCE, SHIP_TO_STATE, SHIP_TO_STORE, SHIP_TO_TRUNC_FLG, SHIP_TO_ZIP, SPECIAL_INSTRUCT_1, SPECIAL_INSTRUCT_2, SPECIAL_INSTRUCT_3, SPECIAL_INSTRUCT_4, SPECIAL_PO_NO, SRV_LEVEL, STATUS_CODE, STD_CARR_ALPHA_IND, STORE_NAME, TERMS_NET_DAYS, TERMS_TYPE_FLAG, THIRD_PARTY_ACCT_NBR, THIRD_PARTY_ADDR_1, THIRD_PARTY_ADDR_2, THIRD_PARTY_BILL_FLAG, THIRD_PARTY_CITY, THIRD_PARTY_NAME, THIRD_PARTY_NAME_2, THIRD_PARTY_STATE, THIRD_PARTY_ZIP, TOTAL_BINDING_FT, USER_ID, VENDOR_NO, WC_STORE, EDI_ORDER_NUMBER) values (?, ?, ?, ?, ?, ?, ?, ?, ?, ?, ?, ?, ?, ?, ?, ?, ?, ?, ?, ?, ?, ?, ?, ?, ?, ?, ?, ?, ?, ?, ?, ?, ?, ?, ?, ?, ?, ?, ?, ?, ?, ?, ?, ?, ?, ?, ?, ?, ?, ?, ?, ?, ?, ?, ?, ?, ?, ?, ?, ?, ?, ?, ?, ?, ?, ?, ?, ?, ?, ?, ?, ?, ?, ?, ?, ?, ?, ?, ?, ?, ?, ?, ?, ?, ?, ?, ?, ?, ?, ?, ?, ?, ?, ?, ?, ?, ?, ?, ?, ?, ?, ?, ?, ?, ?, ?, ?, ?, ?, ?, ?, ?, ?, ?, ?, ?, ?, ?, ?, ?, ?, ?, ?, ?, ?, ?, ?, ?, ?, ?, ?, ?, ?, ?, ?, ?, ?, ?, ?, ?, ?)
2020-06-19 14:05:55 TRACE [BasicBinder.java:64] binding parameter [1] as [VARCHAR] - [cJUKJLqvVqJwmcwYfAoe]
2020-06-19 14:05:55 TRACE [BasicBinder.java:64] binding parameter [2] as [VARCHAR] - [e]
2020-06-19 14:05:55 TRACE [BasicBinder.java:64] binding parameter [3] as [INTEGER] - [808685]
2020-06-19 14:05:55 TRACE [BasicBinder.java:64] binding parameter [4] as [VARCHAR] - [ZVKHozUqjheCPPL]
2020-06-19 14:05:55 TRACE [BasicBinder.java:64] binding parameter [5] as [VARCHAR] - [qBrdsZTm]
2020-06-19 14:05:55 TRACE [BasicBinder.java:64] binding parameter [6] as [VARCHAR] - [vXyNKSomrxlhBBjPpGGu]
2020-06-19 14:05:55 TRACE [BasicBinder.java:64] binding parameter [7] as [VARCHAR] - [vruiklkTFM]
2020-06-19 14:05:55 TRACE [BasicBinder.java:64] binding parameter [8] as [VARCHAR] - [ybWLr]
2020-06-19 14:05:55 TRACE [BasicBinder.java:64] binding parameter [9] as [VARCHAR] - [xk]
2020-06-19 14:05:55 TRACE [BasicBinder.java:64] binding parameter [10] as [VARCHAR] - [tiYZENfeYD]
2020-06-19 14:05:55 TRACE [BasicBinder.java:64] binding parameter [11] as [VARCHAR] - [BhWMktNAGA]
2020-06-19 14:05:55 TRACE [BasicBinder.java:64] binding parameter [12] as [VARCHAR] - [oUo]
2020-06-19 14:05:55 TRACE [BasicBinder.java:64] binding parameter [13] as [VARCHAR] - [Zr]
2020-06-19 14:05:55 TRACE [BasicBinder.java:64] binding parameter [14] as [DOUBLE] - [4288652.700323828]
2020-06-19 14:05:55 TRACE [BasicBinder.java:64] binding parameter [15] as [VARCHAR] - [ongDzgUB]
2020-06-19 14:05:55 TRACE [BasicBinder.java:64] binding parameter [16] as [TIMESTAMP] - [1970-01-01T01:16:04]
2020-06-19 14:05:55 TRACE [BasicBinder.java:64] binding parameter [17] as [VARCHAR] - [vhPkUel]
2020-06-19 14:05:55 TRACE [BasicBinder.java:64] binding parameter [18] as [VARCHAR] - [xVhgwyoOUmtLcgmDMFZv]
2020-06-19 14:05:55 TRACE [BasicBinder.java:64] binding parameter [19] as [VARCHAR] - [GmTdJLCMCONWTJHDyyln]
2020-06-19 14:05:55 TRACE [BasicBinder.java:64] binding parameter [20] as [VARCHAR] - [gOprDLcbItCjwewqHbKl]
2020-06-19 14:05:55 TRACE [BasicBinder.java:64] binding parameter [21] as [VARCHAR] - [GGCcSOkYtRUrVQdjNOB]
2020-06-19 14:05:55 TRACE [BasicBinder.java:64] binding parameter [22] as [DATE] - [1970-10-01]
2020-06-19 14:05:55 TRACE [BasicBinder.java:64] binding parameter [23] as [VARCHAR] - [B]
2020-06-19 14:05:55 TRACE [BasicBinder.java:64] binding parameter [24] as [VARCHAR] - [JcowmqEvNSpZVRDMdUtM]
2020-06-19 14:05:55 TRACE [BasicBinder.java:64] binding parameter [25] as [VARCHAR] - [KS]
2020-06-19 14:05:55 TRACE [BasicBinder.java:64] binding parameter [26] as [VARCHAR] - [WSRenxptF]
2020-06-19 14:05:55 TRACE [BasicBinder.java:64] binding parameter [27] as [VARCHAR] - [J]
2020-06-19 14:05:55 TRACE [BasicBinder.java:64] binding parameter [28] as [VARCHAR] - [PtVThNpdEO]
2020-06-19 14:05:55 TRACE [BasicBinder.java:64] binding parameter [29] as [VARCHAR] - [IMxqM]
2020-06-19 14:05:55 TRACE [BasicBinder.java:64] binding parameter [30] as [VARCHAR] - [FsUxgbl]
2020-06-19 14:05:55 TRACE [BasicBinder.java:64] binding parameter [31] as [VARCHAR] - [IzSNBXeoaZMaqIowzKWH]
2020-06-19 14:05:55 TRACE [BasicBinder.java:64] binding parameter [32] as [VARCHAR] - [YQkaRUWNuDogvrAGbTZB]
2020-06-19 14:05:55 TRACE [BasicBinder.java:64] binding parameter [33] as [VARCHAR] - [PfNQ]
2020-06-19 14:05:55 TRACE [BasicBinder.java:64] binding parameter [34] as [VARCHAR] - [cI]
2020-06-19 14:05:55 TRACE [BasicBinder.java:64] binding parameter [35] as [VARCHAR] - [RXt]
2020-06-19 14:05:55 TRACE [BasicBinder.java:64] binding parameter [36] as [VARCHAR] - [ValoDKxSNFyWvBHIjpYw]
2020-06-19 14:05:55 TRACE [BasicBinder.java:64] binding parameter [37] as [DATE] - [1985-10-04]
2020-06-19 14:05:55 TRACE [BasicBinder.java:64] binding parameter [38] as [DATE] - [1979-06-29]
2020-06-19 14:05:55 TRACE [BasicBinder.java:64] binding parameter [39] as [VARCHAR] - [MECwLLIkUwijflxHKnkB]
2020-06-19 14:05:55 TRACE [BasicBinder.java:64] binding parameter [40] as [VARCHAR] - [LDZbYmBnkyxXzRy]
2020-06-19 14:05:55 TRACE [BasicBinder.java:64] binding parameter [41] as [VARCHAR] - [Som]
2020-06-19 14:05:55 TRACE [BasicBinder.java:64] binding parameter [42] as [VARCHAR] - [OMkledYawlwUDilbROSt]
2020-06-19 14:05:55 TRACE [BasicBinder.java:64] binding parameter [43] as [TIMESTAMP] - [1970-01-01T02:05:41]
2020-06-19 14:05:55 TRACE [BasicBinder.java:64] binding parameter [44] as [VARCHAR] - [AKphEHjBfqKviHP]
2020-06-19 14:05:55 TRACE [BasicBinder.java:64] binding parameter [45] as [VARCHAR] - [S]
2020-06-19 14:05:55 TRACE [BasicBinder.java:64] binding parameter [46] as [VARCHAR] - [do]
2020-06-19 14:05:55 TRACE [BasicBinder.java:64] binding parameter [47] as [VARCHAR] - [n]
2020-06-19 14:05:55 TRACE [BasicBinder.java:64] binding parameter [48] as [VARCHAR] - [bsPGSAhPByoqfZGJpXWg]
2020-06-19 14:05:55 TRACE [BasicBinder.java:64] binding parameter [49] as [VARCHAR] - [ojHiQPWjjJPdBimDYklX]
2020-06-19 14:05:55 TRACE [BasicBinder.java:64] binding parameter [50] as [VARCHAR] - [X]
2020-06-19 14:05:55 TRACE [BasicBinder.java:64] binding parameter [51] as [VARCHAR] - [GySsOiBSVH]
2020-06-19 14:05:55 TRACE [BasicBinder.java:64] binding parameter [52] as [VARCHAR] - [ePvotqUQfj]
2020-06-19 14:05:55 TRACE [BasicBinder.java:64] binding parameter [53] as [VARCHAR] - [dJ]
2020-06-19 14:05:55 TRACE [BasicBinder.java:64] binding parameter [54] as [DATE] - [1971-10-30]
2020-06-19 14:05:55 TRACE [BasicBinder.java:64] binding parameter [55] as [VARCHAR] - [B]
2020-06-19 14:05:55 TRACE [BasicBinder.java:64] binding parameter [56] as [VARCHAR] - [g]
2020-06-19 14:05:55 TRACE [BasicBinder.java:64] binding parameter [57] as [DATE] - [1975-11-09]
2020-06-19 14:05:55 TRACE [BasicBinder.java:64] binding parameter [58] as [VARCHAR] - [T]
2020-06-19 14:05:55 TRACE [BasicBinder.java:64] binding parameter [59] as [VARCHAR] - [hvMqdMhDLbYWhYClsWrc]
2020-06-19 14:05:55 TRACE [BasicBinder.java:64] binding parameter [60] as [VARCHAR] - [R]
2020-06-19 14:05:55 TRACE [BasicBinder.java:64] binding parameter [61] as [DATE] - [1989-02-22]
2020-06-19 14:05:55 TRACE [BasicBinder.java:64] binding parameter [62] as [VARCHAR] - [01]
2020-06-19 14:05:55 TRACE [BasicBinder.java:64] binding parameter [63] as [DOUBLE] - [6292387.658233567]
2020-06-19 14:05:55 TRACE [BasicBinder.java:64] binding parameter [64] as [DOUBLE] - [5825668.195049028]
2020-06-19 14:05:55 TRACE [BasicBinder.java:64] binding parameter [65] as [DOUBLE] - [8694206.988031682]
2020-06-19 14:05:55 TRACE [BasicBinder.java:64] binding parameter [66] as [DOUBLE] - [7484500.570727877]
2020-06-19 14:05:55 TRACE [BasicBinder.java:64] binding parameter [67] as [DOUBLE] - [3205626.9805704835]
2020-06-19 14:05:55 TRACE [BasicBinder.java:64] binding parameter [68] as [VARCHAR] - [H]
2020-06-19 14:05:55 TRACE [BasicBinder.java:64] binding parameter [69] as [VARCHAR] - [HARDSURFACES]
2020-06-19 14:05:55 TRACE [BasicBinder.java:64] binding parameter [70] as [DOUBLE] - [2294457.7314434196]
2020-06-19 14:05:55 TRACE [BasicBinder.java:64] binding parameter [71] as [VARCHAR] - [eo]
2020-06-19 14:05:55 TRACE [BasicBinder.java:64] binding parameter [72] as [VARCHAR] - [qJCRweTPMJC]
2020-06-19 14:05:55 TRACE [BasicBinder.java:64] binding parameter [73] as [VARCHAR] - [Zgqmw]
2020-06-19 14:05:55 TRACE [BasicBinder.java:64] binding parameter [74] as [VARCHAR] - [Mii]
2020-06-19 14:05:55 TRACE [BasicBinder.java:64] binding parameter [75] as [DATE] - [1989-03-29]
2020-06-19 14:05:55 TRACE [BasicBinder.java:64] binding parameter [76] as [VARCHAR] - [FZbWqmxzOQDqmlVcuPKK]
2020-06-19 14:05:55 TRACE [BasicBinder.java:64] binding parameter [77] as [VARCHAR] - [dO]
2020-06-19 14:05:55 TRACE [BasicBinder.java:64] binding parameter [78] as [VARCHAR] - [GdOQP]
2020-06-19 14:05:55 TRACE [BasicBinder.java:64] binding parameter [79] as [VARCHAR] - [iDHhHAIRbm]
2020-06-19 14:05:55 TRACE [BasicBinder.java:64] binding parameter [80] as [VARCHAR] - [sgfhyTYyJeSziopNvKhq]
2020-06-19 14:05:55 TRACE [BasicBinder.java:64] binding parameter [81] as [VARCHAR] - [FoNLOVWSxzxSKfNypaJF]
2020-06-19 14:05:55 TRACE [BasicBinder.java:64] binding parameter [82] as [VARCHAR] - [m]
2020-06-19 14:05:55 TRACE [BasicBinder.java:64] binding parameter [83] as [TIMESTAMP] - [1970-01-01T00:09:57]
2020-06-19 14:05:55 TRACE [BasicBinder.java:64] binding parameter [84] as [VARCHAR] - [LgqhPobqfqOgTrGJtXpA]
2020-06-19 14:05:55 TRACE [BasicBinder.java:64] binding parameter [85] as [VARCHAR] - [b]
2020-06-19 14:05:55 TRACE [BasicBinder.java:64] binding parameter [86] as [VARCHAR] - [fZuWJkMmYOCsxvHwYDLB]
2020-06-19 14:05:55 TRACE [BasicBinder.java:64] binding parameter [87] as [DATE] - [1988-10-06]
2020-06-19 14:05:55 TRACE [BasicBinder.java:64] binding parameter [88] as [VARCHAR] - [RyRPcCfdgfKKnVXyFdQn]
2020-06-19 14:05:55 TRACE [BasicBinder.java:64] binding parameter [89] as [VARCHAR] - [sA]
2020-06-19 14:05:55 TRACE [BasicBinder.java:64] binding parameter [90] as [VARCHAR] - [sK]
2020-06-19 14:05:55 TRACE [BasicBinder.java:64] binding parameter [91] as [INTEGER] - [329552]
2020-06-19 14:05:55 TRACE [BasicBinder.java:64] binding parameter [92] as [VARCHAR] - [rVNjtA]
2020-06-19 14:05:55 TRACE [BasicBinder.java:64] binding parameter [93] as [DATE] - [1990-12-11]
2020-06-19 14:05:55 TRACE [BasicBinder.java:64] binding parameter [94] as [DATE] - [1982-12-17]
2020-06-19 14:05:55 TRACE [BasicBinder.java:64] binding parameter [95] as [DATE] - [1976-01-23]
2020-06-19 14:05:55 TRACE [BasicBinder.java:64] binding parameter [96] as [VARCHAR] - [R]
2020-06-19 14:05:55 TRACE [BasicBinder.java:64] binding parameter [97] as [VARCHAR] - [MxV]
2020-06-19 14:05:55 TRACE [BasicBinder.java:64] binding parameter [98] as [DATE] - [1985-06-19]
2020-06-19 14:05:55 TRACE [BasicBinder.java:64] binding parameter [99] as [VARCHAR] - [YPsttNJaIluucKXRWwrT]
2020-06-19 14:05:55 TRACE [BasicBinder.java:64] binding parameter [100] as [VARCHAR] - [d]
2020-06-19 14:05:55 TRACE [BasicBinder.java:64] binding parameter [101] as [VARCHAR] - [Hz]
2020-06-19 14:05:55 TRACE [BasicBinder.java:64] binding parameter [102] as [VARCHAR] - [koqjDDSjfwJUVCnjeibn]
2020-06-19 14:05:55 TRACE [BasicBinder.java:64] binding parameter [103] as [VARCHAR] - [UrCZkRUefgEuaTaSXfPT]
2020-06-19 14:05:55 TRACE [BasicBinder.java:64] binding parameter [104] as [VARCHAR] - [zLFjrWaEoEaiEbOowPV]
2020-06-19 14:05:55 TRACE [BasicBinder.java:64] binding parameter [105] as [VARCHAR] - [htnHQgpawUwzVJVvLBh]
2020-06-19 14:05:55 TRACE [BasicBinder.java:64] binding parameter [106] as [VARCHAR] - [yotclhUAuqcZQKYpmIY]
2020-06-19 14:05:55 TRACE [BasicBinder.java:64] binding parameter [107] as [VARCHAR] - [SKUZckH]
2020-06-19 14:05:55 TRACE [BasicBinder.java:64] binding parameter [108] as [VARCHAR] - [BR]
2020-06-19 14:05:55 TRACE [BasicBinder.java:64] binding parameter [109] as [INTEGER] - [576296]
2020-06-19 14:05:55 TRACE [BasicBinder.java:64] binding parameter [110] as [VARCHAR] - [XxuhrVrgwyhQFoaDhwFK]
2020-06-19 14:05:55 TRACE [BasicBinder.java:64] binding parameter [111] as [VARCHAR] - [ttHbQudFiwFvuRj]
2020-06-19 14:05:55 TRACE [BasicBinder.java:64] binding parameter [112] as [VARCHAR] - [rmxkbcasiQUATxueYaB]
2020-06-19 14:05:55 TRACE [BasicBinder.java:64] binding parameter [113] as [VARCHAR] - [un]
2020-06-19 14:05:55 TRACE [BasicBinder.java:64] binding parameter [114] as [VARCHAR] - [uxCmNoEFnl]
2020-06-19 14:05:55 TRACE [BasicBinder.java:64] binding parameter [115] as [VARCHAR] - [C]
2020-06-19 14:05:55 TRACE [BasicBinder.java:64] binding parameter [116] as [VARCHAR] - [llpxFIAeVJV]
2020-06-19 14:05:55 TRACE [BasicBinder.java:64] binding parameter [117] as [VARCHAR] - [zazszwCRZpJnMVRDCKhR]
2020-06-19 14:05:55 TRACE [BasicBinder.java:64] binding parameter [118] as [VARCHAR] - [haJwZqXeXHxIzLRSxHDH]
2020-06-19 14:05:55 TRACE [BasicBinder.java:64] binding parameter [119] as [VARCHAR] - [WDcMwDGCGZwGiPGQoiqc]
2020-06-19 14:05:55 TRACE [BasicBinder.java:64] binding parameter [120] as [VARCHAR] - [rYuZCAelvzeltuDiRLuG]
2020-06-19 14:05:55 TRACE [BasicBinder.java:64] binding parameter [121] as [VARCHAR] - [YnPIkVpWbQJvzzquDpOS]
2020-06-19 14:05:55 TRACE [BasicBinder.java:64] binding parameter [122] as [VARCHAR] - [aZ]
2020-06-19 14:05:55 TRACE [BasicBinder.java:64] binding parameter [123] as [VARCHAR] - [X]
2020-06-19 14:05:55 TRACE [BasicBinder.java:64] binding parameter [124] as [VARCHAR] - [lSCV]
2020-06-19 14:05:55 TRACE [BasicBinder.java:64] binding parameter [125] as [VARCHAR] - [FDVUKsmIIlEsdRlJHlow]
2020-06-19 14:05:55 TRACE [BasicBinder.java:64] binding parameter [126] as [VARCHAR] - [BSY]
2020-06-19 14:05:55 TRACE [BasicBinder.java:64] binding parameter [127] as [VARCHAR] - [BT]
2020-06-19 14:05:55 TRACE [BasicBinder.java:64] binding parameter [128] as [VARCHAR] - [IloNNVNjPPniaOIrNLda]
2020-06-19 14:05:55 TRACE [BasicBinder.java:64] binding parameter [129] as [VARCHAR] - [wypDxmxgiFcjEIbfrNyl]
2020-06-19 14:05:55 TRACE [BasicBinder.java:64] binding parameter [130] as [VARCHAR] - [CanPfqiIFXXIHgLMJaDD]
2020-06-19 14:05:55 TRACE [BasicBinder.java:64] binding parameter [131] as [VARCHAR] - [I]
2020-06-19 14:05:55 TRACE [BasicBinder.java:64] binding parameter [132] as [VARCHAR] - [JEkmHCfBpzrgebXBZwci]
2020-06-19 14:05:55 TRACE [BasicBinder.java:64] binding parameter [133] as [VARCHAR] - [DnvlalEKTXvUDCjfUtDY]
2020-06-19 14:05:55 TRACE [BasicBinder.java:64] binding parameter [134] as [VARCHAR] - [xJBCckOhXAvpIouQhRnz]
2020-06-19 14:05:55 TRACE [BasicBinder.java:64] binding parameter [135] as [VARCHAR] - [Bk]
2020-06-19 14:05:55 TRACE [BasicBinder.java:64] binding parameter [136] as [VARCHAR] - [hSsiJsrKTHRtQTyC]
2020-06-19 14:05:55 TRACE [BasicBinder.java:64] binding parameter [137] as [DOUBLE] - [9912999.785710929]
2020-06-19 14:05:55 TRACE [BasicBinder.java:64] binding parameter [138] as [VARCHAR] - [MIzGqWeb]
2020-06-19 14:05:55 TRACE [BasicBinder.java:64] binding parameter [139] as [VARCHAR] - [qxOZBtoFnIgowHg]
2020-06-19 14:05:55 TRACE [BasicBinder.java:64] binding parameter [140] as [VARCHAR] - [veDRjBxDfw]
2020-06-19 14:05:55 TRACE [BasicBinder.java:64] binding parameter [141] as [BIGINT] - [33]
2020-06-19 14:05:55 DEBUG [MockBuilder.java:94] set ediOrdValidations -> null
2020-06-19 14:05:55 DEBUG [MockBuilder.java:94] set changeTimestamp -> 1970-01-01T00:00:44
2020-06-19 14:05:55 DEBUG [MockBuilder.java:94] set defaultAction -> R
2020-06-19 14:05:55 DEBUG [MockBuilder.java:94] set autoCreateFlag -> j
2020-06-19 14:05:55 DEBUG [MockBuilder.java:94] set description -> JpNHqxkihCURfpXYaUnT
2020-06-19 14:05:55 DEBUG [MockBuilder.java:94] set level -> P
2020-06-19 14:05:55 DEBUG [MockBuilder.java:94] set ediReasonCode -> 728631
2020-06-19 14:05:55 DEBUG [MockBuilder.java:94] set changedBy -> zEPLNkxZ
2020-06-19 14:05:55 DEBUG [MockBuilder.java:94] set precedence -> 4533092.008483911
2020-06-19 14:05:55 DEBUG [MockBuilder.java:94] set createdBy -> oSzywuoT
2020-06-19 14:05:55 DEBUG [MockBuilder.java:94] set createTimestamp -> 1970-01-01T01:08:01
Hibernate: select edireasonc0_.EDI_REASON_CODE as edi_reas1_6_1_, edireasonc0_.AUTO_CREATE_FLAG as auto_cre2_6_1_, edireasonc0_.CHANGE_TIMESTAMP as change_t3_6_1_, edireasonc0_.CHANGED_BY as changed_4_6_1_, edireasonc0_.CREATE_TIMESTAMP as create_t5_6_1_, edireasonc0_.CREATED_BY as created_6_6_1_, edireasonc0_.DEFAULT_ACTION as default_7_6_1_, edireasonc0_.description as descript8_6_1_, edireasonc0_.LEVEL as level9_6_1_, edireasonc0_.precedence as precede10_6_1_, ediordvali1_.edi_reason_code as edi_rea11_2_3_, ediordvali1_.EDI_ORDER_NBR as edi_orde1_2_3_, ediordvali1_.PO_LINE_NBR as po_line_2_2_3_, ediordvali1_.TIME_STAMP as time_sta3_2_3_, ediordvali1_.EDI_ORDER_NBR as edi_orde1_2_0_, ediordvali1_.PO_LINE_NBR as po_line_2_2_0_, ediordvali1_.TIME_STAMP as time_sta3_2_0_, ediordvali1_.ACTION_CODE as action_c4_2_0_, ediordvali1_.ASSIGNED_TO as assigned5_2_0_, ediordvali1_.CHANGED_BY as changed_6_2_0_, ediordvali1_.CHANGED_TIMESTAMP as changed_7_2_0_, ediordvali1_.CREATED_BY as created_8_2_0_, ediordvali1_.CREATED_TIMESTAMP as created_9_2_0_, ediordvali1_.edi_reason_code as edi_rea11_2_0_, ediordvali1_.status as status10_2_0_ from EDI_REASON_CODE edireasonc0_ left outer join EDI_ORD_VALIDATION ediordvali1_ on edireasonc0_.EDI_REASON_CODE=ediordvali1_.edi_reason_code where edireasonc0_.EDI_REASON_CODE=?
2020-06-19 14:05:55 TRACE [BasicBinder.java:64] binding parameter [1] as [INTEGER] - [63]
2020-06-19 14:05:55 INFO  [ShipInfoServiceTest.java:71] {
  "header": {
    "projectName": "uYrkcUNZLvdiMlrxYUCl",
    "subset": true,
    "swatch": true,
    "residentialDelvFlag": "GkiUrrCLmlgoawqhbsBC",
    "thirdPartyAdd1": "ncPnGZnHoegmLxnBrxju",
    "thirdPartyAdd2": "BhiFTuTGtzulFQatOUOy",
    "thirdPartyCity": "hVdzRteIFMDcWfTlRsPa",
    "thirdPartyName": "peKhWoOUgObOdERdlNXf",
    "thirdPartyName2": "iqwgYmqayydlsEmnvUkK",
    "thirdPartyState": "asZzocTKipynCAechKrz",
    "thirdPartyZip": "oWYCzbvOyawisuVJjzDH",
    "shipToName2": "vhybBqKLhlHUNRLYmsoo",
    "lastLineNbr": 239365,
    "beforeDeliveryFlag": "BmEkiRfQjCwSNCMBwiRR",
    "bulkOrderNbr": "dMcpBqKOsAaghuvfUqfs",
    "carrServiceLevel": "xertXoeNTAyMAHQWNwJN",
    "collateFlag": "OSqidcWIChmZHUZMPxGO",
    "labelContact": "kTncyKMDonKKJynhvLQf",
    "labelDeliveryInfo": "LHCgxoSKCNsnlpFgPWpn",
    "labelProjectName": "yNblYDvYnAcJuWaCXAYi",
    "labelShiptoPhone": "TCXaaFvvZErJMfFylcvE",
    "location": "jlbEtSMMXntxUlcIBpxn",
    "locationName": "lmIUDViNNUAQcIZlCTpo",
    "marketFlag": "EcsyoXXSNuabPHwNcsnV",
    "thirdPartyAcc": "JWGQaoSQJsegdvztsFbN",
    "thirdPartyBillFlag": "XyHmTtbCxnIaeTgNVrnl",
    "callBefDelFlag": "wbMtVOKyBEVlzVfmUpdh",
    "thirdPartyFlag": "bmQuOyJZtcxjVDtzreku",
    "repFlag": "TLKYuzzgzYJbpAfsbAaW",
    "rushFlag": "DZQrEEgFZHNamGxAqdNh",
    "totalLines": 875719,
    "totalWeight": 5476078.813638462,
    "carrierFlag": "MgNEnjYDVJrhCyvfHFkv",
    "demand": true,
    "honeyWell": true,
    "orderLocation": "vFTRdDhwGreuTDjxpoBZ",
    "creditMessage": "uhIrYWGfwlGWyvakOCMQ",
    "shipToAddress1": "siukPEQXUNIoUoznqwdy",
    "shipToAddress2": "hVWsKZPuGyHDWLynqxgK",
    "shipToCity": "sAbgpyryRSRTwahJbCIa",
    "shipToState": "mwfXPshwVkLXwqisYZpH",
    "shipToZipcode": "UzbFhWJRHRqcUpASZAqs",
    "shipToName": "EMhyQkFissrTVmNkpafi",
    "billCity": "opgsLZognbEEfyThyMOp",
    "serviceCode": "ivcqdDOjPsgpDcIQLGWt",
    "custName": "wqUKsrAiytwJUaAZZbRd",
    "area": 231990,
    "billAddress1": "ujwIuGJVsOGxOukUWUAe",
    "billAddress2": "tVbrvPTDlNWKxkUCtTrx",
    "billState": "uEZeYHsdQizfeznOGDzh",
    "billToName": "QlsJLBqxdtBXPdcrbEDN",
    "billZipcode": "SJVkxjmagStDbApJNjyG",
    "carrierCode": "rjCtidaRCChNxGkCClxQ",
    "carrierName": "xAaotFZZEVzvLLdmyLnX",
    "commCust": "ekuMZyMNwJDRPOQZuTDp",
    "confirmStat": "TxPZqUPbRPiIVRQLAwFL",
    "countryCode": "iIYAGPIXrfXCBctZlhXm",
    "destCountryCode": "JzJZcveKEViZHhhtCeWA",
    "creditCode": "ilzeJvGrtUWMDrYYQYne",
    "creditDate": "1972-10-10",
    "creditDesc": "IWoTRxRyMNJreLSmyWFy",
    "custKwic": "iOmdFPBORkcRuqChifgY",
    "custNbr": "FmuyYKFsMLDvCgJggIMy",
    "custRefNbr": "MxOlqSXKMQcjbVixeoVE",
    "deliveryDate": "1986-03-04",
    "department": "jdamQgXNWdhuUhQBMJWL",
    "district": "wupXJgwWFItOkaLQfZVl",
    "dtlsNbr": 999217,
    "freightCode": "TwMdzDMJxSMfKHwITVPc",
    "headerStatus": "GgNxMtKLsvwODoRvEnMV",
    "nbDate": "1985-04-23",
    "operatorId": "vdMJAfgkDAdXHMzsIVuw",
    "orderDate": "1972-07-29",
    "orderNbr": "bsqLwfNyQwICHpOpxCgY",
    "orderTime": "KYMwXedOhiTXJpAdMCUs",
    "orderType": "YFahkVRmXdFFUpsIzqeG",
    "orderTypeDesc": "pOBcTNCojCcHhgdYglnq",
    "ovalCode1": "LafzRsdjAWEdVgNCrunK",
    "ovalCode2": "rRFBTeKaoHCUksJCBZtM",
    "ovalCode3": "PEEmidsTEWEtqcfiBKcd",
    "ovalCode4": "tdOWTkpwoBspRsRkNvUM",
    "ovalDesc3": "gxbcBZQzolWZCJusWdOC",
    "ovalDesc1": "AjjtMglfuCcuVgFLBCHz",
    "ovalDesc2": "GvGmORlyHOxoDiwhCmEt",
    "ovalDesc4": "FzJrqkDfZEtVKkUyTzPb",
    "poNbr": "hahmXukyvVjEwiRKMKeL",
    "pricingDate": "1976-09-26",
    "productDesc": "uTwxXqvESmKpJPHUPyjM",
    "productType": "qeIAHyjKqDSACjxzuLbx",
    "region": "RPvkzyheYpqQuBTZGWJe",
    "route": "agKIZvaRSgwqgRbVLqMC",
    "selco": "xxSFsiUCrHjrYPyOciaM",
    "selcoDesc": "CUslrDuRZBinUzgXMJwY",
    "serviceDate": "1972-10-02",
    "shipPoint": "CWlNLxridfoanjWBNdYp",
    "smNote": "ercRAXZdsWXEJljzZaZv",
    "statusCode": "upinRyANbgvRSNrkIMqw",
    "termsCode": "QZjagTHFRWMNMzlRMeRN",
    "termsDesc": "idyGCAbkEXNMfAdtBanJ",
    "territory": "eozCWZBRIcJobZTyNpkt",
    "userId": "YOfkuKTiMlmYSfhUbjyj",
    "shippingType": "gzbLQHNJJBroYxrLVWsu",
    "addrKey": 350164,
    "addrSeq": 944701,
    "ratingMethod": "ayMYDBLavSGlvhVYLKmf",
    "orderPriced": 204263,
    "endUse": "EOrRdXwFieBqrVCOGAZl",
    "incoTerms": "PjQnfzLXeMJiWFQBqqTn",
    "projectNbr": "lwoiLECngjNwzqWsVEPZ",
    "endUseDesc": "QKZBocSpjgHlJSMzdrrr",
    "parentOrderNbr": "kfYxKsoWTHwwEuzEbqci"
  },
  "resultMessage": "pOuZMBbiQvmAZMkuFBAR",
  "resultType": "jxWaojhstkGMrhzxiNDi",
  "successful": true
}
]]></system-out>
  </testcase>
  <testcase name="testGetSplValues" classname="com.shaw.ediorderservices.service.shipinfo.ShipInfoServiceTest" time="0.231">
    <failure message="expected: &lt;YznFmSwWpr&gt; but was: &lt;&gt;" type="org.opentest4j.AssertionFailedError"><![CDATA[org.opentest4j.AssertionFailedError: expected: <YznFmSwWpr> but was: <>
	at com.shaw.ediorderservices.service.shipinfo.ShipInfoServiceTest.testGetSplValues(ShipInfoServiceTest.java:99)
]]></failure>
    <system-out><![CDATA[2020-06-19 14:05:55 DEBUG [MockBuilder.java:94] set eventInfo -> YduECBKLkewrPti
2020-06-19 14:05:55 DEBUG [MockBuilder.java:94] set ohStatusCode -> o
2020-06-19 14:05:55 DEBUG [MockBuilder.java:94] set consStatusMsg -> GTYamzXwpPFjkJhTeHcf
2020-06-19 14:05:55 DEBUG [MockBuilder.java:94] set explodeFlag -> v
2020-06-19 14:05:55 DEBUG [MockBuilder.java:94] set onNote -> jwnTwZEKdozhkKgJmgIQ
2020-06-19 14:05:55 DEBUG [MockBuilder.java:94] set contractUsageInd -> r
2020-06-19 14:05:55 DEBUG [MockBuilder.java:94] set fobPoint -> Wm
2020-06-19 14:05:55 DEBUG [MockBuilder.java:94] set onlineType -> j
2020-06-19 14:05:55 DEBUG [MockBuilder.java:94] set crossDockCenter -> hNgtDAjuOT
2020-06-19 14:05:55 DEBUG [MockBuilder.java:94] set frtCode -> X
2020-06-19 14:05:55 DEBUG [MockBuilder.java:94] set orderDate -> 1973-02-24
2020-06-19 14:05:55 DEBUG [MockBuilder.java:94] set custDept -> ovhGK
2020-06-19 14:05:55 DEBUG [MockBuilder.java:94] set giftMessage1 -> TDhJDcVgwULPPRyDskEf
2020-06-19 14:05:55 DEBUG [MockBuilder.java:94] set orderLoc -> nX
2020-06-19 14:05:55 DEBUG [MockBuilder.java:94] set chngLid -> SFycFTHg
2020-06-19 14:05:55 DEBUG [MockBuilder.java:94] set giftMessage2 -> KpzEOOrrXEOLhWmxWeko
2020-06-19 14:05:55 DEBUG [MockBuilder.java:94] set orderMerCost -> 4029992.714988457
2020-06-19 14:05:55 DEBUG [MockBuilder.java:94] set chngTimestamp -> 1970-01-01T01:06:17
2020-06-19 14:05:55 DEBUG [MockBuilder.java:94] set hostAlertFlag -> x
2020-06-19 14:05:55 DEBUG [MockBuilder.java:94] set shawOrderNumber -> FdCpIt
2020-06-19 14:05:55 DEBUG [MockBuilder.java:94] set commCust -> NqpuMHA
2020-06-19 14:05:55 DEBUG [MockBuilder.java:94] set dunsNbr -> CGTQaVJoYoGszxt
2020-06-19 14:05:55 DEBUG [MockBuilder.java:94] set nbDate -> 1990-08-18
2020-06-19 14:05:55 DEBUG [MockBuilder.java:94] set customerCode -> Ws
2020-06-19 14:05:55 DEBUG [MockBuilder.java:94] set errorCode -> FIx
2020-06-19 14:05:55 DEBUG [MockBuilder.java:94] set newStoreInd -> O
2020-06-19 14:05:55 DEBUG [MockBuilder.java:94] set custNbr -> wLfWOeU
2020-06-19 14:05:55 DEBUG [MockBuilder.java:94] set errorDescription -> wmdwbUUMPfRMKWDUgQzU
2020-06-19 14:05:55 DEBUG [MockBuilder.java:94] set noAsnFlag -> M
2020-06-19 14:05:55 DEBUG [MockBuilder.java:94] set customerRefNbr -> kHT
2020-06-19 14:05:55 DEBUG [MockBuilder.java:94] set errorTimestamp -> 1970-01-01T00:58:11
2020-06-19 14:05:55 DEBUG [MockBuilder.java:94] set ohCancelDateValue -> 1980-08-23
2020-06-19 14:05:55 DEBUG [MockBuilder.java:94] set customerSidemark -> agxkknrkLrJBKTLTUbtU
2020-06-19 14:05:55 DEBUG [MockBuilder.java:94] set deliveryDate -> 1973-09-03
2020-06-19 14:05:55 DEBUG [MockBuilder.java:94] set inputMethod -> ecOkIYgnmT
2020-06-19 14:05:55 DEBUG [MockBuilder.java:94] set custPmtMeth -> SSPWOMFMFkfOHhMYHjcm
2020-06-19 14:05:55 DEBUG [MockBuilder.java:94] set delvCutOffDt -> 1970-08-16
2020-06-19 14:05:55 DEBUG [MockBuilder.java:94] set markForStore -> ANPcTlyYki
2020-06-19 14:05:55 DEBUG [MockBuilder.java:94] set custSpInst -> WRCNCiFupohdWiONnjKE
2020-06-19 14:05:55 DEBUG [MockBuilder.java:94] set divDesc -> XjaJyztFPqnAmzpmLcGm
2020-06-19 14:05:55 DEBUG [MockBuilder.java:94] set mediaEventCode -> hf
2020-06-19 14:05:55 DEBUG [MockBuilder.java:94] set custWhNbr -> ZmgV
2020-06-19 14:05:55 DEBUG [MockBuilder.java:94] set orderingSystem -> Zi
2020-06-19 14:05:55 DEBUG [MockBuilder.java:94] set orderRetTotal -> 1131183.3313578826
2020-06-19 14:05:55 DEBUG [MockBuilder.java:94] set phoneNumber -> AiUagPFWLrE
2020-06-19 14:05:55 DEBUG [MockBuilder.java:94] set poControl -> YIaXN
2020-06-19 14:05:55 DEBUG [MockBuilder.java:94] set orderType -> X
2020-06-19 14:05:55 DEBUG [MockBuilder.java:94] set poDateValue -> 1981-12-15
2020-06-19 14:05:55 DEBUG [MockBuilder.java:94] set orderTypeDesc -> MfPJeuEqgHdvfZU
2020-06-19 14:05:55 DEBUG [MockBuilder.java:94] set shipComplete -> Q
2020-06-19 14:05:55 DEBUG [MockBuilder.java:94] set poDateQualifier -> NUq
2020-06-19 14:05:55 DEBUG [MockBuilder.java:94] set shipDateValue -> 1981-11-04
2020-06-19 14:05:55 DEBUG [MockBuilder.java:94] set storeName -> EelHnELyLClPvMFsGaLa
2020-06-19 14:05:55 DEBUG [MockBuilder.java:94] set poNumber -> AdygDhmiBShozTRJgGgy
2020-06-19 14:05:55 DEBUG [MockBuilder.java:94] set salesCheckNumber -> adaJlCafHTGgpxnnwCPS
2020-06-19 14:05:55 DEBUG [MockBuilder.java:94] set shipDateQualifier -> tgP
2020-06-19 14:05:55 DEBUG [MockBuilder.java:94] set poQual -> Zh
2020-06-19 14:05:55 DEBUG [MockBuilder.java:94] set termsNetDays -> Nlq
2020-06-19 14:05:55 DEBUG [MockBuilder.java:94] set salesReqCode -> SN
2020-06-19 14:05:55 DEBUG [MockBuilder.java:94] set shipInstruction -> FqebBhRTnPrBgtliHpHV
2020-06-19 14:05:55 DEBUG [MockBuilder.java:94] set poType -> gdpKT
2020-06-19 14:05:55 DEBUG [MockBuilder.java:94] set sellCo -> bX
2020-06-19 14:05:55 DEBUG [MockBuilder.java:94] set shipByCutOffDt -> 1984-03-09
2020-06-19 14:05:55 DEBUG [MockBuilder.java:94] set poTypeSuffix -> KmUOZPrVDX
2020-06-19 14:05:55 DEBUG [MockBuilder.java:94] set seqNbr -> 655549
2020-06-19 14:05:55 DEBUG [MockBuilder.java:94] set shipByDate -> 1974-07-01
2020-06-19 14:05:55 DEBUG [MockBuilder.java:94] set psMsg -> PPjPGqBAPmHgWAHhaOqz
2020-06-19 14:05:55 DEBUG [MockBuilder.java:94] set reserveOrderInd -> d
2020-06-19 14:05:55 DEBUG [MockBuilder.java:94] set shipCancelDate -> 1981-08-20
2020-06-19 14:05:55 DEBUG [MockBuilder.java:94] set agreementNumber -> tEETZDBffKdsWrI
2020-06-19 14:05:55 DEBUG [MockBuilder.java:94] set returnMsg -> XtfhQVBxawaYMbpoZXCH
2020-06-19 14:05:55 DEBUG [MockBuilder.java:94] set specialInstruct2 -> IiQWRbxncRXnsWbbdPvD
2020-06-19 14:05:55 DEBUG [MockBuilder.java:94] set assignedAgent -> cBSftmcD
2020-06-19 14:05:55 DEBUG [MockBuilder.java:94] set routeByDate -> 1987-04-19
2020-06-19 14:05:55 DEBUG [MockBuilder.java:94] set specialInstruct3 -> ERvEvibttKPMJibEyWKu
2020-06-19 14:05:55 DEBUG [MockBuilder.java:94] set authRep -> xMEuJsdQXGetfVByDoQa
2020-06-19 14:05:55 DEBUG [MockBuilder.java:94] set specialInstruct4 -> FkNIbTvnhtlDrQPFijsq
2020-06-19 14:05:55 DEBUG [MockBuilder.java:94] set authorizationNo -> KGdOcABdBm
2020-06-19 14:05:55 DEBUG [MockBuilder.java:94] set specialPoNo -> XGtwESOiJlHrpsdyWJPH
2020-06-19 14:05:55 DEBUG [MockBuilder.java:94] set acctContact -> wdohPlhiRfubOMXiRUbI
2020-06-19 14:05:55 DEBUG [MockBuilder.java:94] set phone -> JHFUmkyzZAklyAs
2020-06-19 14:05:55 DEBUG [MockBuilder.java:94] set userId -> KPWAGGZe
2020-06-19 14:05:55 DEBUG [MockBuilder.java:94] set acknowlegeOrdInd -> Y
2020-06-19 14:05:55 DEBUG [MockBuilder.java:94] set vendorNo -> hKnXqabGLbyUlvZ
2020-06-19 14:05:55 DEBUG [MockBuilder.java:94] set province -> GbxKiQYhhxEDPVOBZxh
2020-06-19 14:05:55 DEBUG [MockBuilder.java:94] set addrKey -> 269654
2020-06-19 14:05:55 DEBUG [MockBuilder.java:94] set wcStore -> IxYFZxXCJm
2020-06-19 14:05:55 DEBUG [MockBuilder.java:94] set bsStoreNbr -> LvjJItoTHq
2020-06-19 14:05:55 DEBUG [MockBuilder.java:94] set name -> tHRTLEtKFVSrtTcVqwZq
2020-06-19 14:05:55 DEBUG [MockBuilder.java:94] set cancelDateQualifier -> zUn
2020-06-19 14:05:55 DEBUG [MockBuilder.java:94] set flag -> 838091
2020-06-19 14:05:55 DEBUG [MockBuilder.java:94] set carrierCode -> JJ
2020-06-19 14:05:55 DEBUG [MockBuilder.java:94] set name -> JXfZkNsNqjyFTcFESLJI
2020-06-19 14:05:55 DEBUG [MockBuilder.java:94] set beg -> qUGIY
2020-06-19 14:05:55 DEBUG [MockBuilder.java:94] set cbCutLength -> 6782813.444497251
2020-06-19 14:05:55 DEBUG [MockBuilder.java:94] set billToState -> eB
2020-06-19 14:05:55 DEBUG [MockBuilder.java:94] set srvLevel -> Ui
2020-06-19 14:05:55 DEBUG [MockBuilder.java:94] set consumerPoDateValue -> 1990-07-18
2020-06-19 14:05:55 DEBUG [MockBuilder.java:94] set orderWeight -> 207108.5162361035
2020-06-19 14:05:55 DEBUG [MockBuilder.java:94] set orderRetHand -> 3800426.2574714813
2020-06-19 14:05:55 DEBUG [MockBuilder.java:94] set statusCode -> z
2020-06-19 14:05:55 DEBUG [MockBuilder.java:94] set stdCarrAlphaInd -> JYmm
2020-06-19 14:05:55 DEBUG [MockBuilder.java:94] set cphone -> MeJURsGmovWtBhnbLlLi
2020-06-19 14:05:55 DEBUG [MockBuilder.java:94] set addressLine2 -> FIHyMlXPaizKmDacIdlV
2020-06-19 14:05:55 DEBUG [MockBuilder.java:94] set shipPartCompInd -> f
2020-06-19 14:05:55 DEBUG [MockBuilder.java:94] set billToStore -> LOGbRHvPxL
2020-06-19 14:05:55 DEBUG [MockBuilder.java:94] set termsTypeFlag -> OX
2020-06-19 14:05:55 DEBUG [MockBuilder.java:94] set shipPt -> jk
2020-06-19 14:05:55 DEBUG [MockBuilder.java:94] set ccountry -> cHwShZeFiSQpwuoaKIPj
2020-06-19 14:05:55 DEBUG [MockBuilder.java:94] set totalBindingFt -> 3733460.1349240257
2020-06-19 14:05:55 DEBUG [MockBuilder.java:94] set specialInstruct1 -> yLwiQKNPzAjCoONyORbk
2020-06-19 14:05:55 DEBUG [MockBuilder.java:94] set cprovince -> LLbKKpmLoYTuMumpieWA
2020-06-19 14:05:55 DEBUG [MockBuilder.java:94] set addressLine2 -> SCNOSYFlrczOVIyxWidj
2020-06-19 14:05:55 DEBUG [MockBuilder.java:94] set truncFlag -> X
2020-06-19 14:05:55 DEBUG [MockBuilder.java:94] set addressLine1 -> LhhOlYzclIxxWFqAjdWY
2020-06-19 14:05:55 DEBUG [MockBuilder.java:94] set city -> VcPyHMqPCNIkbMZpMOp
2020-06-19 14:05:55 DEBUG [MockBuilder.java:94] set zip -> aSGLvuXaiHP
2020-06-19 14:05:55 DEBUG [MockBuilder.java:94] set destCode -> mS
2020-06-19 14:05:55 DEBUG [MockBuilder.java:94] set store -> iKEIPatCrC
2020-06-19 14:05:55 DEBUG [MockBuilder.java:94] set state -> gw
2020-06-19 14:05:55 DEBUG [MockBuilder.java:94] set cnCity -> SYPxdmTTmNQfchDkQIs
2020-06-19 14:05:55 DEBUG [MockBuilder.java:94] set city -> FWCDdPBSeaGAgtnDrrU
2020-06-19 14:05:55 DEBUG [MockBuilder.java:94] set consumerShipFlg -> p
2020-06-19 14:05:55 DEBUG [MockBuilder.java:94] set zip -> VRvxnpWda
2020-06-19 14:05:55 DEBUG [MockBuilder.java:94] set orderRetSh -> 3214775.4261542526
2020-06-19 14:05:55 DEBUG [MockBuilder.java:94] set orderRetTax -> 2104159.477736958
2020-06-19 14:05:55 DEBUG [MockBuilder.java:94] set addressLine1 -> RsLaSvGmxxuYjpASuPiG
2020-06-19 14:05:55 DEBUG [MockBuilder.java:94] set country -> UfLAaOojLddcYbPWXri
2020-06-19 14:05:55 DEBUG [MockBuilder.java:94] set state -> uD
2020-06-19 14:05:55 DEBUG [MockBuilder.java:94] set custNbr -> rjbdYVM
2020-06-19 14:05:55 DEBUG [MockBuilder.java:94] set consumerAddress -> LegacyConsumerAddress [cprovince=LLbKKpmLoYTuMumpieWA, ccountry=cHwShZeFiSQpwuoaKIPj, cphone=MeJURsGmovWtBhnbLlLi, addressLine1=RsLaSvGmxxuYjpASuPiG, addressLine2=FIHyMlXPaizKmDacIdlV, city=FWCDdPBSeaGAgtnDrrU, name=JXfZkNsNqjyFTcFESLJI, consumerPoDateValue=1990-07-18, consumerShipFlg=p, state=uD, zip=VRvxnpWda]
2020-06-19 14:05:55 DEBUG [MockBuilder.java:94] set shipToAddress -> LegacyShipToAddress [addressLine1=LhhOlYzclIxxWFqAjdWY, addressLine2=SCNOSYFlrczOVIyxWidj, city=VcPyHMqPCNIkbMZpMOp, cnCity=SYPxdmTTmNQfchDkQIs, country=UfLAaOojLddcYbPWXri, custNbr=rjbdYVM, destCode=mS, flag=838091, name=tHRTLEtKFVSrtTcVqwZq, phone=JHFUmkyzZAklyAs, province=GbxKiQYhhxEDPVOBZxh, state=gw, store=iKEIPatCrC, truncFlag=X, zip=aSGLvuXaiHP]
2020-06-19 14:05:55 DEBUG [MockBuilder.java:94] set purchasedBy -> qoMbktgrKIzvFXWzBrkX
2020-06-19 14:05:55 DEBUG [MockBuilder.java:94] set city -> xTkMgijrYeBgconsTIyI
2020-06-19 14:05:55 DEBUG [MockBuilder.java:94] set addressLine1 -> ROAiHSHrZIZnxgFaTUxy
2020-06-19 14:05:55 DEBUG [MockBuilder.java:94] set rcdCode -> O
2020-06-19 14:05:55 DEBUG [MockBuilder.java:94] set accountNbr -> VhWSYvGwRSnVhvrhIWyY
2020-06-19 14:05:55 DEBUG [MockBuilder.java:94] set name -> NFypfmQbcNzaCgwpYHOd
2020-06-19 14:05:55 DEBUG [MockBuilder.java:94] set addressLine2 -> KhemLmNMPcrtuBFxKAkZ
2020-06-19 14:05:55 DEBUG [MockBuilder.java:94] set billFlag -> U
2020-06-19 14:05:55 DEBUG [MockBuilder.java:94] set tpcountry -> KuTPsRHdDGDJCoDcRpUZ
2020-06-19 14:05:55 DEBUG [MockBuilder.java:94] set receivedTimestamp -> 1970-01-01T00:34:28
2020-06-19 14:05:55 DEBUG [MockBuilder.java:94] set state -> xp
2020-06-19 14:05:55 DEBUG [MockBuilder.java:94] set tpphone -> jRqZZhpvlnWaTjyRoVSl
2020-06-19 14:05:55 DEBUG [MockBuilder.java:94] set tpprovince -> MZpPrmQOUgrTkPcAsKkR
2020-06-19 14:05:55 DEBUG [MockBuilder.java:94] set zip -> qLXaXmbNCmUdXqzf
2020-06-19 14:05:55 DEBUG [MockBuilder.java:94] set refTcNbr -> DfNDpSSeBIMmzAimexTW
2020-06-19 14:05:55 DEBUG [MockBuilder.java:94] set name2 -> nMDoZIgwRHPOqhtCdaBz
2020-06-19 14:05:55 DEBUG [MockBuilder.java:94] set thirdPartyAddress -> LegacyThirdPartyAddress [tpprovince=MZpPrmQOUgrTkPcAsKkR, tpcountry=KuTPsRHdDGDJCoDcRpUZ, tpphone=jRqZZhpvlnWaTjyRoVSl, addressLine1=ROAiHSHrZIZnxgFaTUxy, addressLine2=KhemLmNMPcrtuBFxKAkZ, accountNbr=VhWSYvGwRSnVhvrhIWyY, billFlag=U, city=xTkMgijrYeBgconsTIyI, name=NFypfmQbcNzaCgwpYHOd, name2=nMDoZIgwRHPOqhtCdaBz, state=xp, zip=qLXaXmbNCmUdXqzf]
2020-06-19 14:05:55 DEBUG [MockBuilder.java:94] set dates -> null
2020-06-19 14:05:55 DEBUG [MockBuilder.java:94] set lines -> null
2020-06-19 14:05:55 DEBUG [MockHelper.java:99] EdiOrderHeader [legacyOrderNumber=null, acctContact=wdohPlhiRfubOMXiRUbI, acknowlegeOrdInd=Y, addrKey=269654, agreementNumber=tEETZDBffKdsWrI, assignedAgent=cBSftmcD, authRep=xMEuJsdQXGetfVByDoQa, authorizationNo=KGdOcABdBm, beg=qUGIY, billToState=eB, billToStore=LOGbRHvPxL, bsStoreNbr=LvjJItoTHq, cancelDateQualifier=zUn, carrierCode=JJ, cbCutLength=6782813.444497251, chngLid=SFycFTHg, chngTimestamp=1970-01-01T01:06:17, commCust=NqpuMHA, consStatusMsg=GTYamzXwpPFjkJhTeHcf, contractUsageInd=r, crossDockCenter=hNgtDAjuOT, custDept=ovhGK, custPmtMeth=SSPWOMFMFkfOHhMYHjcm, custSpInst=WRCNCiFupohdWiONnjKE, custWhNbr=ZmgV, customerCode=Ws, custNbr=wLfWOeU, customerRefNbr=kHT, customerSidemark=agxkknrkLrJBKTLTUbtU, deliveryDate=1973-09-03, delvCutOffDt=1970-08-16, divDesc=XjaJyztFPqnAmzpmLcGm, dunsNbr=CGTQaVJoYoGszxt, errorCode=FIx, errorDescription=wmdwbUUMPfRMKWDUgQzU, errorTimestamp=1970-01-01T00:58:11, eventInfo=YduECBKLkewrPti, explodeFlag=v, fobPoint=Wm, frtCode=X, giftMessage1=TDhJDcVgwULPPRyDskEf, giftMessage2=KpzEOOrrXEOLhWmxWeko, hostAlertFlag=x, inputMethod=ecOkIYgnmT, markForStore=ANPcTlyYki, mediaEventCode=hf, nbDate=1990-08-18, newStoreInd=O, noAsnFlag=M, ohCancelDateValue=1980-08-23, ohStatusCode=o, onNote=jwnTwZEKdozhkKgJmgIQ, onlineType=j, orderDate=1973-02-24, orderLoc=01, orderMerCost=4029992.714988457, shawOrderNumber=FdCpIt, orderRetHand=3800426.2574714813, orderRetSh=3214775.4261542526, orderRetTax=2104159.477736958, orderRetTotal=1131183.3313578826, orderType=S, orderTypeDesc=SAMPLES, orderWeight=207108.5162361035, orderingSystem=Zi, phoneNumber=AiUagPFWLrE, poControl=YIaXN, poDateValue=1981-12-15, poDateQualifier=NUq, poNumber=AdygDhmiBShozTRJgGgy, poQual=Zh, poType=gdpKT, poTypeSuffix=KmUOZPrVDX, psMsg=PPjPGqBAPmHgWAHhaOqz, purchasedBy=qoMbktgrKIzvFXWzBrkX, rcdCode=O, receivedTimestamp=1970-01-01T00:34:28, refTcNbr=DfNDpSSeBIMmzAimexTW, reserveOrderInd=d, returnMsg=XtfhQVBxawaYMbpoZXCH, routeByDate=1987-04-19, salesCheckNumber=adaJlCafHTGgpxnnwCPS, salesReqCode=SN, sellCo=bX, seqNbr=655549, shipByCutOffDt=1984-03-09, shipByDate=1974-07-01, shipCancelDate=1981-08-20, shipComplete=Q, shipDateValue=1981-11-04, shipDateQualifier=tgP, shipInstruction=FqebBhRTnPrBgtliHpHV, shipPartCompInd=f, shipPt=jk, specialInstruct1=yLwiQKNPzAjCoONyORbk, specialInstruct2=IiQWRbxncRXnsWbbdPvD, specialInstruct3=ERvEvibttKPMJibEyWKu, specialInstruct4=FkNIbTvnhtlDrQPFijsq, specialPoNo=XGtwESOiJlHrpsdyWJPH, srvLevel=Ui, statusCode=z, stdCarrAlphaInd=JYmm, storeName=EelHnELyLClPvMFsGaLa, termsNetDays=Nlq, termsTypeFlag=OX, totalBindingFt=3733460.1349240257, userId=KPWAGGZe, vendorNo=hKnXqabGLbyUlvZ, wcStore=IxYFZxXCJm, consumerAddress=LegacyConsumerAddress [cprovince=LLbKKpmLoYTuMumpieWA, ccountry=cHwShZeFiSQpwuoaKIPj, cphone=MeJURsGmovWtBhnbLlLi, addressLine1=RsLaSvGmxxuYjpASuPiG, addressLine2=FIHyMlXPaizKmDacIdlV, city=FWCDdPBSeaGAgtnDrrU, name=JXfZkNsNqjyFTcFESLJI, consumerPoDateValue=1990-07-18, consumerShipFlg=p, state=uD, zip=VRvxnpWda], shipToAddress=LegacyShipToAddress [addressLine1=LhhOlYzclIxxWFqAjdWY, addressLine2=SCNOSYFlrczOVIyxWidj, city=VcPyHMqPCNIkbMZpMOp, cnCity=SYPxdmTTmNQfchDkQIs, country=UfLAaOojLddcYbPWXri, custNbr=rjbdYVM, destCode=mS, flag=838091, name=tHRTLEtKFVSrtTcVqwZq, phone=JHFUmkyzZAklyAs, province=GbxKiQYhhxEDPVOBZxh, state=gw, store=iKEIPatCrC, truncFlag=X, zip=aSGLvuXaiHP], thirdPartyAddress=LegacyThirdPartyAddress [tpprovince=MZpPrmQOUgrTkPcAsKkR, tpcountry=KuTPsRHdDGDJCoDcRpUZ, tpphone=jRqZZhpvlnWaTjyRoVSl, addressLine1=ROAiHSHrZIZnxgFaTUxy, addressLine2=KhemLmNMPcrtuBFxKAkZ, accountNbr=VhWSYvGwRSnVhvrhIWyY, billFlag=U, city=xTkMgijrYeBgconsTIyI, name=NFypfmQbcNzaCgwpYHOd, name2=nMDoZIgwRHPOqhtCdaBz, state=xp, zip=qLXaXmbNCmUdXqzf], dates=null, lines=null]
Hibernate: call next value for SHXP.EDI_ORDER_NBR
Hibernate: insert into EDI_ORDER_HEADER (ACCT_CONTACT, ACKNOWLEGE_ORD_IND, ADDR_KEY, AGREEMENT_NUMBER, ASSIGNED_AGENT, AUTH_REP, AUTHORIZATION_NO, beg, BILL_TO_STATE, BILL_TO_STORE, BS_STORE_NBR, CANCEL_DATE_QUAL, CARRIER_CODE, CB_CUT_LENGTH, CHNG_LID, CHNG_TIMESTAMP, COMM_CUST, CONS_STATUS_MSG, CONSUMER_ADDRESS, CONSUMER_ADDRESS_2, CONSUMER_CITY, CONSUMER_PO_DATE, CONSUMER_SHIP_FLG, CONSUMER_NAME, CONSUMER_STATE, CONSUMER_ZIP, CONTRACT_USAGE_IND, CROSS_DOCK_CENTER, CUST_DEPT, CUSTOMER_NUMBER, CUST_PMT_METH, CUST_SP_INST, CUST_WH_NBR, CUSTOMER_CODE, CUSTOMER_REF_NBR, CUSTOMER_SIDEMARK, DELIVERY_DATE, DELV_CUT_OFF_DT, DIV_DESC, DUNS_NBR, ERROR_CODE, ERROR_DESCRIPTION, ERROR_TIMESTAMP, EVENT_INFO, EXPLODE_FLAG, FOB_POINT, FRT_CODE, GIFT_MESSAGE_1, GIFT_MESSAGE_2, HOST_ALERT_FLAG, INPUT_METHOD, MARK_FOR_STORE, MEDIA_EVENT_CODE, NB_DATE, NEW_STORE_IND, NO_ASN_FLAG, OH_CANCEL_DATE, OH_STATUS_CODE, ON_NOTE, ONLINE_TYPE, ORDER_DATE, ORDER_LOC, ORDER_MER_COST, ORDER_RET_HAND, ORDER_RET_SH, ORDER_RET_TAX, ORDER_RET_TOTAL, ORDER_TYPE, ORDER_TYPE_DESC, ORDER_WEIGHT, ORDERING_SYSTEM, PHONE_NUMBER, PO_CONTROL, PO_DATE_QUAL, PO_DATE, PO_NUMBER, PO_QUAL, PO_TYPE, PO_TYPE_SUFFIX, PS_MSG, PURCHASED_BY, RCD_CODE, RECEIVED_TIMESTAMP, REF_TC_NBR, RESERVE_ORDER_IND, RETURN_MSG, ROUTE_BY_DATE, SALES_CHECK_NUMBER, SALES_REQ_CODE, SELL_CO, SEQ_NBR, ORDER_NUMBER, SHIP_BY_CUT_OFF_DT, SHIP_BY_DATE, SHIP_CANCEL_DATE, SHIP_COMPLETE, SHIP_DATE_QUAL, SHIP_DATE, SHIP_INSTRUCTION, SHIP_PART_COMP_IND, SHIP_PT, SHIP_TO_ADDRESS_1, SHIP_TO_ADDRESS_2, SHIP_TO_CITY, SHIP_TO_CN_CITY, SHIP_TO_COUNTRY, SHIP_TO_CUST_NBR, SHIP_TO_DEST_COD, SHIP_TO_FLAG, SHIP_TO_NAME, SHIP_TO_PHONE, SHIP_TO_PROVENCE, SHIP_TO_STATE, SHIP_TO_STORE, SHIP_TO_TRUNC_FLG, SHIP_TO_ZIP, SPECIAL_INSTRUCT_1, SPECIAL_INSTRUCT_2, SPECIAL_INSTRUCT_3, SPECIAL_INSTRUCT_4, SPECIAL_PO_NO, SRV_LEVEL, STATUS_CODE, STD_CARR_ALPHA_IND, STORE_NAME, TERMS_NET_DAYS, TERMS_TYPE_FLAG, THIRD_PARTY_ACCT_NBR, THIRD_PARTY_ADDR_1, THIRD_PARTY_ADDR_2, THIRD_PARTY_BILL_FLAG, THIRD_PARTY_CITY, THIRD_PARTY_NAME, THIRD_PARTY_NAME_2, THIRD_PARTY_STATE, THIRD_PARTY_ZIP, TOTAL_BINDING_FT, USER_ID, VENDOR_NO, WC_STORE, EDI_ORDER_NUMBER) values (?, ?, ?, ?, ?, ?, ?, ?, ?, ?, ?, ?, ?, ?, ?, ?, ?, ?, ?, ?, ?, ?, ?, ?, ?, ?, ?, ?, ?, ?, ?, ?, ?, ?, ?, ?, ?, ?, ?, ?, ?, ?, ?, ?, ?, ?, ?, ?, ?, ?, ?, ?, ?, ?, ?, ?, ?, ?, ?, ?, ?, ?, ?, ?, ?, ?, ?, ?, ?, ?, ?, ?, ?, ?, ?, ?, ?, ?, ?, ?, ?, ?, ?, ?, ?, ?, ?, ?, ?, ?, ?, ?, ?, ?, ?, ?, ?, ?, ?, ?, ?, ?, ?, ?, ?, ?, ?, ?, ?, ?, ?, ?, ?, ?, ?, ?, ?, ?, ?, ?, ?, ?, ?, ?, ?, ?, ?, ?, ?, ?, ?, ?, ?, ?, ?, ?, ?, ?, ?, ?, ?)
2020-06-19 14:05:55 TRACE [BasicBinder.java:64] binding parameter [1] as [VARCHAR] - [wdohPlhiRfubOMXiRUbI]
2020-06-19 14:05:55 TRACE [BasicBinder.java:64] binding parameter [2] as [VARCHAR] - [Y]
2020-06-19 14:05:55 TRACE [BasicBinder.java:64] binding parameter [3] as [INTEGER] - [269654]
2020-06-19 14:05:55 TRACE [BasicBinder.java:64] binding parameter [4] as [VARCHAR] - [tEETZDBffKdsWrI]
2020-06-19 14:05:55 TRACE [BasicBinder.java:64] binding parameter [5] as [VARCHAR] - [cBSftmcD]
2020-06-19 14:05:55 TRACE [BasicBinder.java:64] binding parameter [6] as [VARCHAR] - [xMEuJsdQXGetfVByDoQa]
2020-06-19 14:05:55 TRACE [BasicBinder.java:64] binding parameter [7] as [VARCHAR] - [KGdOcABdBm]
2020-06-19 14:05:55 TRACE [BasicBinder.java:64] binding parameter [8] as [VARCHAR] - [qUGIY]
2020-06-19 14:05:55 TRACE [BasicBinder.java:64] binding parameter [9] as [VARCHAR] - [eB]
2020-06-19 14:05:55 TRACE [BasicBinder.java:64] binding parameter [10] as [VARCHAR] - [LOGbRHvPxL]
2020-06-19 14:05:55 TRACE [BasicBinder.java:64] binding parameter [11] as [VARCHAR] - [LvjJItoTHq]
2020-06-19 14:05:55 TRACE [BasicBinder.java:64] binding parameter [12] as [VARCHAR] - [zUn]
2020-06-19 14:05:55 TRACE [BasicBinder.java:64] binding parameter [13] as [VARCHAR] - [JJ]
2020-06-19 14:05:55 TRACE [BasicBinder.java:64] binding parameter [14] as [DOUBLE] - [6782813.444497251]
2020-06-19 14:05:55 TRACE [BasicBinder.java:64] binding parameter [15] as [VARCHAR] - [SFycFTHg]
2020-06-19 14:05:55 TRACE [BasicBinder.java:64] binding parameter [16] as [TIMESTAMP] - [1970-01-01T01:06:17]
2020-06-19 14:05:55 TRACE [BasicBinder.java:64] binding parameter [17] as [VARCHAR] - [NqpuMHA]
2020-06-19 14:05:55 TRACE [BasicBinder.java:64] binding parameter [18] as [VARCHAR] - [GTYamzXwpPFjkJhTeHcf]
2020-06-19 14:05:55 TRACE [BasicBinder.java:64] binding parameter [19] as [VARCHAR] - [RsLaSvGmxxuYjpASuPiG]
2020-06-19 14:05:55 TRACE [BasicBinder.java:64] binding parameter [20] as [VARCHAR] - [FIHyMlXPaizKmDacIdlV]
2020-06-19 14:05:55 TRACE [BasicBinder.java:64] binding parameter [21] as [VARCHAR] - [FWCDdPBSeaGAgtnDrrU]
2020-06-19 14:05:55 TRACE [BasicBinder.java:64] binding parameter [22] as [DATE] - [1990-07-18]
2020-06-19 14:05:55 TRACE [BasicBinder.java:64] binding parameter [23] as [VARCHAR] - [p]
2020-06-19 14:05:55 TRACE [BasicBinder.java:64] binding parameter [24] as [VARCHAR] - [JXfZkNsNqjyFTcFESLJI]
2020-06-19 14:05:55 TRACE [BasicBinder.java:64] binding parameter [25] as [VARCHAR] - [uD]
2020-06-19 14:05:55 TRACE [BasicBinder.java:64] binding parameter [26] as [VARCHAR] - [VRvxnpWda]
2020-06-19 14:05:55 TRACE [BasicBinder.java:64] binding parameter [27] as [VARCHAR] - [r]
2020-06-19 14:05:55 TRACE [BasicBinder.java:64] binding parameter [28] as [VARCHAR] - [hNgtDAjuOT]
2020-06-19 14:05:55 TRACE [BasicBinder.java:64] binding parameter [29] as [VARCHAR] - [ovhGK]
2020-06-19 14:05:55 TRACE [BasicBinder.java:64] binding parameter [30] as [VARCHAR] - [wLfWOeU]
2020-06-19 14:05:55 TRACE [BasicBinder.java:64] binding parameter [31] as [VARCHAR] - [SSPWOMFMFkfOHhMYHjcm]
2020-06-19 14:05:55 TRACE [BasicBinder.java:64] binding parameter [32] as [VARCHAR] - [WRCNCiFupohdWiONnjKE]
2020-06-19 14:05:55 TRACE [BasicBinder.java:64] binding parameter [33] as [VARCHAR] - [ZmgV]
2020-06-19 14:05:55 TRACE [BasicBinder.java:64] binding parameter [34] as [VARCHAR] - [Ws]
2020-06-19 14:05:55 TRACE [BasicBinder.java:64] binding parameter [35] as [VARCHAR] - [kHT]
2020-06-19 14:05:55 TRACE [BasicBinder.java:64] binding parameter [36] as [VARCHAR] - [agxkknrkLrJBKTLTUbtU]
2020-06-19 14:05:55 TRACE [BasicBinder.java:64] binding parameter [37] as [DATE] - [1973-09-03]
2020-06-19 14:05:55 TRACE [BasicBinder.java:64] binding parameter [38] as [DATE] - [1970-08-16]
2020-06-19 14:05:55 TRACE [BasicBinder.java:64] binding parameter [39] as [VARCHAR] - [XjaJyztFPqnAmzpmLcGm]
2020-06-19 14:05:55 TRACE [BasicBinder.java:64] binding parameter [40] as [VARCHAR] - [CGTQaVJoYoGszxt]
2020-06-19 14:05:55 TRACE [BasicBinder.java:64] binding parameter [41] as [VARCHAR] - [FIx]
2020-06-19 14:05:55 TRACE [BasicBinder.java:64] binding parameter [42] as [VARCHAR] - [wmdwbUUMPfRMKWDUgQzU]
2020-06-19 14:05:55 TRACE [BasicBinder.java:64] binding parameter [43] as [TIMESTAMP] - [1970-01-01T00:58:11]
2020-06-19 14:05:55 TRACE [BasicBinder.java:64] binding parameter [44] as [VARCHAR] - [YduECBKLkewrPti]
2020-06-19 14:05:55 TRACE [BasicBinder.java:64] binding parameter [45] as [VARCHAR] - [v]
2020-06-19 14:05:55 TRACE [BasicBinder.java:64] binding parameter [46] as [VARCHAR] - [Wm]
2020-06-19 14:05:55 TRACE [BasicBinder.java:64] binding parameter [47] as [VARCHAR] - [X]
2020-06-19 14:05:55 TRACE [BasicBinder.java:64] binding parameter [48] as [VARCHAR] - [TDhJDcVgwULPPRyDskEf]
2020-06-19 14:05:55 TRACE [BasicBinder.java:64] binding parameter [49] as [VARCHAR] - [KpzEOOrrXEOLhWmxWeko]
2020-06-19 14:05:55 TRACE [BasicBinder.java:64] binding parameter [50] as [VARCHAR] - [x]
2020-06-19 14:05:55 TRACE [BasicBinder.java:64] binding parameter [51] as [VARCHAR] - [ecOkIYgnmT]
2020-06-19 14:05:55 TRACE [BasicBinder.java:64] binding parameter [52] as [VARCHAR] - [ANPcTlyYki]
2020-06-19 14:05:55 TRACE [BasicBinder.java:64] binding parameter [53] as [VARCHAR] - [hf]
2020-06-19 14:05:55 TRACE [BasicBinder.java:64] binding parameter [54] as [DATE] - [1990-08-18]
2020-06-19 14:05:55 TRACE [BasicBinder.java:64] binding parameter [55] as [VARCHAR] - [O]
2020-06-19 14:05:55 TRACE [BasicBinder.java:64] binding parameter [56] as [VARCHAR] - [M]
2020-06-19 14:05:55 TRACE [BasicBinder.java:64] binding parameter [57] as [DATE] - [1980-08-23]
2020-06-19 14:05:55 TRACE [BasicBinder.java:64] binding parameter [58] as [VARCHAR] - [o]
2020-06-19 14:05:55 TRACE [BasicBinder.java:64] binding parameter [59] as [VARCHAR] - [jwnTwZEKdozhkKgJmgIQ]
2020-06-19 14:05:55 TRACE [BasicBinder.java:64] binding parameter [60] as [VARCHAR] - [j]
2020-06-19 14:05:55 TRACE [BasicBinder.java:64] binding parameter [61] as [DATE] - [1973-02-24]
2020-06-19 14:05:55 TRACE [BasicBinder.java:64] binding parameter [62] as [VARCHAR] - [01]
2020-06-19 14:05:55 TRACE [BasicBinder.java:64] binding parameter [63] as [DOUBLE] - [4029992.714988457]
2020-06-19 14:05:55 TRACE [BasicBinder.java:64] binding parameter [64] as [DOUBLE] - [3800426.2574714813]
2020-06-19 14:05:55 TRACE [BasicBinder.java:64] binding parameter [65] as [DOUBLE] - [3214775.4261542526]
2020-06-19 14:05:55 TRACE [BasicBinder.java:64] binding parameter [66] as [DOUBLE] - [2104159.477736958]
2020-06-19 14:05:55 TRACE [BasicBinder.java:64] binding parameter [67] as [DOUBLE] - [1131183.3313578826]
2020-06-19 14:05:55 TRACE [BasicBinder.java:64] binding parameter [68] as [VARCHAR] - [S]
2020-06-19 14:05:55 TRACE [BasicBinder.java:64] binding parameter [69] as [VARCHAR] - [SAMPLES]
2020-06-19 14:05:55 TRACE [BasicBinder.java:64] binding parameter [70] as [DOUBLE] - [207108.5162361035]
2020-06-19 14:05:55 TRACE [BasicBinder.java:64] binding parameter [71] as [VARCHAR] - [Zi]
2020-06-19 14:05:55 TRACE [BasicBinder.java:64] binding parameter [72] as [VARCHAR] - [AiUagPFWLrE]
2020-06-19 14:05:55 TRACE [BasicBinder.java:64] binding parameter [73] as [VARCHAR] - [YIaXN]
2020-06-19 14:05:55 TRACE [BasicBinder.java:64] binding parameter [74] as [VARCHAR] - [NUq]
2020-06-19 14:05:55 TRACE [BasicBinder.java:64] binding parameter [75] as [DATE] - [1981-12-15]
2020-06-19 14:05:55 TRACE [BasicBinder.java:64] binding parameter [76] as [VARCHAR] - [AdygDhmiBShozTRJgGgy]
2020-06-19 14:05:55 TRACE [BasicBinder.java:64] binding parameter [77] as [VARCHAR] - [Zh]
2020-06-19 14:05:55 TRACE [BasicBinder.java:64] binding parameter [78] as [VARCHAR] - [gdpKT]
2020-06-19 14:05:55 TRACE [BasicBinder.java:64] binding parameter [79] as [VARCHAR] - [KmUOZPrVDX]
2020-06-19 14:05:55 TRACE [BasicBinder.java:64] binding parameter [80] as [VARCHAR] - [PPjPGqBAPmHgWAHhaOqz]
2020-06-19 14:05:55 TRACE [BasicBinder.java:64] binding parameter [81] as [VARCHAR] - [qoMbktgrKIzvFXWzBrkX]
2020-06-19 14:05:55 TRACE [BasicBinder.java:64] binding parameter [82] as [VARCHAR] - [O]
2020-06-19 14:05:55 TRACE [BasicBinder.java:64] binding parameter [83] as [TIMESTAMP] - [1970-01-01T00:34:28]
2020-06-19 14:05:55 TRACE [BasicBinder.java:64] binding parameter [84] as [VARCHAR] - [DfNDpSSeBIMmzAimexTW]
2020-06-19 14:05:55 TRACE [BasicBinder.java:64] binding parameter [85] as [VARCHAR] - [d]
2020-06-19 14:05:55 TRACE [BasicBinder.java:64] binding parameter [86] as [VARCHAR] - [XtfhQVBxawaYMbpoZXCH]
2020-06-19 14:05:55 TRACE [BasicBinder.java:64] binding parameter [87] as [DATE] - [1987-04-19]
2020-06-19 14:05:55 TRACE [BasicBinder.java:64] binding parameter [88] as [VARCHAR] - [adaJlCafHTGgpxnnwCPS]
2020-06-19 14:05:55 TRACE [BasicBinder.java:64] binding parameter [89] as [VARCHAR] - [SN]
2020-06-19 14:05:55 TRACE [BasicBinder.java:64] binding parameter [90] as [VARCHAR] - [bX]
2020-06-19 14:05:55 TRACE [BasicBinder.java:64] binding parameter [91] as [INTEGER] - [655549]
2020-06-19 14:05:55 TRACE [BasicBinder.java:64] binding parameter [92] as [VARCHAR] - [FdCpIt]
2020-06-19 14:05:55 TRACE [BasicBinder.java:64] binding parameter [93] as [DATE] - [1984-03-09]
2020-06-19 14:05:55 TRACE [BasicBinder.java:64] binding parameter [94] as [DATE] - [1974-07-01]
2020-06-19 14:05:55 TRACE [BasicBinder.java:64] binding parameter [95] as [DATE] - [1981-08-20]
2020-06-19 14:05:55 TRACE [BasicBinder.java:64] binding parameter [96] as [VARCHAR] - [Q]
2020-06-19 14:05:55 TRACE [BasicBinder.java:64] binding parameter [97] as [VARCHAR] - [tgP]
2020-06-19 14:05:55 TRACE [BasicBinder.java:64] binding parameter [98] as [DATE] - [1981-11-04]
2020-06-19 14:05:55 TRACE [BasicBinder.java:64] binding parameter [99] as [VARCHAR] - [FqebBhRTnPrBgtliHpHV]
2020-06-19 14:05:55 TRACE [BasicBinder.java:64] binding parameter [100] as [VARCHAR] - [f]
2020-06-19 14:05:55 TRACE [BasicBinder.java:64] binding parameter [101] as [VARCHAR] - [jk]
2020-06-19 14:05:55 TRACE [BasicBinder.java:64] binding parameter [102] as [VARCHAR] - [LhhOlYzclIxxWFqAjdWY]
2020-06-19 14:05:55 TRACE [BasicBinder.java:64] binding parameter [103] as [VARCHAR] - [SCNOSYFlrczOVIyxWidj]
2020-06-19 14:05:55 TRACE [BasicBinder.java:64] binding parameter [104] as [VARCHAR] - [VcPyHMqPCNIkbMZpMOp]
2020-06-19 14:05:55 TRACE [BasicBinder.java:64] binding parameter [105] as [VARCHAR] - [SYPxdmTTmNQfchDkQIs]
2020-06-19 14:05:55 TRACE [BasicBinder.java:64] binding parameter [106] as [VARCHAR] - [UfLAaOojLddcYbPWXri]
2020-06-19 14:05:55 TRACE [BasicBinder.java:64] binding parameter [107] as [VARCHAR] - [rjbdYVM]
2020-06-19 14:05:55 TRACE [BasicBinder.java:64] binding parameter [108] as [VARCHAR] - [mS]
2020-06-19 14:05:55 TRACE [BasicBinder.java:64] binding parameter [109] as [INTEGER] - [838091]
2020-06-19 14:05:55 TRACE [BasicBinder.java:64] binding parameter [110] as [VARCHAR] - [tHRTLEtKFVSrtTcVqwZq]
2020-06-19 14:05:55 TRACE [BasicBinder.java:64] binding parameter [111] as [VARCHAR] - [JHFUmkyzZAklyAs]
2020-06-19 14:05:55 TRACE [BasicBinder.java:64] binding parameter [112] as [VARCHAR] - [GbxKiQYhhxEDPVOBZxh]
2020-06-19 14:05:55 TRACE [BasicBinder.java:64] binding parameter [113] as [VARCHAR] - [gw]
2020-06-19 14:05:55 TRACE [BasicBinder.java:64] binding parameter [114] as [VARCHAR] - [iKEIPatCrC]
2020-06-19 14:05:55 TRACE [BasicBinder.java:64] binding parameter [115] as [VARCHAR] - [X]
2020-06-19 14:05:55 TRACE [BasicBinder.java:64] binding parameter [116] as [VARCHAR] - [aSGLvuXaiHP]
2020-06-19 14:05:55 TRACE [BasicBinder.java:64] binding parameter [117] as [VARCHAR] - [yLwiQKNPzAjCoONyORbk]
2020-06-19 14:05:55 TRACE [BasicBinder.java:64] binding parameter [118] as [VARCHAR] - [IiQWRbxncRXnsWbbdPvD]
2020-06-19 14:05:55 TRACE [BasicBinder.java:64] binding parameter [119] as [VARCHAR] - [ERvEvibttKPMJibEyWKu]
2020-06-19 14:05:55 TRACE [BasicBinder.java:64] binding parameter [120] as [VARCHAR] - [FkNIbTvnhtlDrQPFijsq]
2020-06-19 14:05:55 TRACE [BasicBinder.java:64] binding parameter [121] as [VARCHAR] - [XGtwESOiJlHrpsdyWJPH]
2020-06-19 14:05:55 TRACE [BasicBinder.java:64] binding parameter [122] as [VARCHAR] - [Ui]
2020-06-19 14:05:55 TRACE [BasicBinder.java:64] binding parameter [123] as [VARCHAR] - [z]
2020-06-19 14:05:55 TRACE [BasicBinder.java:64] binding parameter [124] as [VARCHAR] - [JYmm]
2020-06-19 14:05:55 TRACE [BasicBinder.java:64] binding parameter [125] as [VARCHAR] - [EelHnELyLClPvMFsGaLa]
2020-06-19 14:05:55 TRACE [BasicBinder.java:64] binding parameter [126] as [VARCHAR] - [Nlq]
2020-06-19 14:05:55 TRACE [BasicBinder.java:64] binding parameter [127] as [VARCHAR] - [OX]
2020-06-19 14:05:55 TRACE [BasicBinder.java:64] binding parameter [128] as [VARCHAR] - [VhWSYvGwRSnVhvrhIWyY]
2020-06-19 14:05:55 TRACE [BasicBinder.java:64] binding parameter [129] as [VARCHAR] - [ROAiHSHrZIZnxgFaTUxy]
2020-06-19 14:05:55 TRACE [BasicBinder.java:64] binding parameter [130] as [VARCHAR] - [KhemLmNMPcrtuBFxKAkZ]
2020-06-19 14:05:55 TRACE [BasicBinder.java:64] binding parameter [131] as [VARCHAR] - [U]
2020-06-19 14:05:55 TRACE [BasicBinder.java:64] binding parameter [132] as [VARCHAR] - [xTkMgijrYeBgconsTIyI]
2020-06-19 14:05:55 TRACE [BasicBinder.java:64] binding parameter [133] as [VARCHAR] - [NFypfmQbcNzaCgwpYHOd]
2020-06-19 14:05:55 TRACE [BasicBinder.java:64] binding parameter [134] as [VARCHAR] - [nMDoZIgwRHPOqhtCdaBz]
2020-06-19 14:05:55 TRACE [BasicBinder.java:64] binding parameter [135] as [VARCHAR] - [xp]
2020-06-19 14:05:55 TRACE [BasicBinder.java:64] binding parameter [136] as [VARCHAR] - [qLXaXmbNCmUdXqzf]
2020-06-19 14:05:55 TRACE [BasicBinder.java:64] binding parameter [137] as [DOUBLE] - [3733460.1349240257]
2020-06-19 14:05:55 TRACE [BasicBinder.java:64] binding parameter [138] as [VARCHAR] - [KPWAGGZe]
2020-06-19 14:05:55 TRACE [BasicBinder.java:64] binding parameter [139] as [VARCHAR] - [hKnXqabGLbyUlvZ]
2020-06-19 14:05:55 TRACE [BasicBinder.java:64] binding parameter [140] as [VARCHAR] - [IxYFZxXCJm]
2020-06-19 14:05:55 TRACE [BasicBinder.java:64] binding parameter [141] as [BIGINT] - [34]
2020-06-19 14:05:55 DEBUG [MockBuilder.java:94] set storeName -> OznLrMjJOClWYhGbplJV
2020-06-19 14:05:55 DEBUG [MockBuilder.java:94] set purchasedBy -> YjShqjycfNUqqMkjFCeF
2020-06-19 14:05:55 DEBUG [MockBuilder.java:94] set eventInfo -> MydJSIdmEzLTjhF
2020-06-19 14:05:55 DEBUG [MockBuilder.java:94] set consStatusMsg -> opnOdLhjvYApJJCYsJVn
2020-06-19 14:05:55 DEBUG [MockBuilder.java:94] set explodeFlag -> j
2020-06-19 14:05:55 DEBUG [MockBuilder.java:94] set contractUsageInd -> w
2020-06-19 14:05:55 DEBUG [MockBuilder.java:94] set fobPoint -> wa
2020-06-19 14:05:55 DEBUG [MockBuilder.java:94] set crossDockCenter -> XdHmECQuLc
2020-06-19 14:05:55 DEBUG [MockBuilder.java:94] set frtCode -> J
2020-06-19 14:05:55 DEBUG [MockBuilder.java:94] set custDept -> fNCiR
2020-06-19 14:05:55 DEBUG [MockBuilder.java:94] set giftMessage1 -> rLKthccaEfzBJTturuxj
2020-06-19 14:05:55 DEBUG [MockBuilder.java:94] set chngLid -> YsVXnrgC
2020-06-19 14:05:55 DEBUG [MockBuilder.java:94] set giftMessage2 -> KQkGYvPAlgVqhgcuFqON
2020-06-19 14:05:55 DEBUG [MockBuilder.java:94] set hostAlertFlag -> u
2020-06-19 14:05:55 DEBUG [MockBuilder.java:94] set dunsNbr -> KOFsUkqZaAGsshC
2020-06-19 14:05:55 DEBUG [MockBuilder.java:94] set beg -> UFWGk
2020-06-19 14:05:55 DEBUG [MockBuilder.java:94] set errorCode -> xHd
2020-06-19 14:05:55 DEBUG [MockBuilder.java:94] set errorDescription -> zuepuRXrfTcbepUwmkjV
2020-06-19 14:05:55 DEBUG [MockBuilder.java:94] set ohStatusCode -> L
2020-06-19 14:05:55 DEBUG [MockBuilder.java:94] set orderingSystem -> lX
2020-06-19 14:05:55 DEBUG [MockBuilder.java:94] set onNote -> xwbxSNpByNcAwBdCVRrg
2020-06-19 14:05:55 DEBUG [MockBuilder.java:94] set errorTimestamp -> 1970-01-01T00:46:16
2020-06-19 14:05:55 DEBUG [MockBuilder.java:94] set onlineType -> q
2020-06-19 14:05:55 DEBUG [MockBuilder.java:94] set customerCode -> wn
2020-06-19 14:05:55 DEBUG [MockBuilder.java:94] set orderDate -> 1979-11-22
2020-06-19 14:05:55 DEBUG [MockBuilder.java:94] set custNbr -> mEiQBQY
2020-06-19 14:05:55 DEBUG [MockBuilder.java:94] set billToState -> Zr
2020-06-19 14:05:55 DEBUG [MockBuilder.java:94] set orderLoc -> Pq
2020-06-19 14:05:55 DEBUG [MockBuilder.java:94] set customerRefNbr -> nlE
2020-06-19 14:05:55 DEBUG [MockBuilder.java:94] set orderMerCost -> 9025305.027011609
2020-06-19 14:05:55 DEBUG [MockBuilder.java:94] set customerSidemark -> AMcVCAfxmWWvjvDtmdmw
2020-06-19 14:05:55 DEBUG [MockBuilder.java:94] set shawOrderNumber -> LfSZUq
2020-06-19 14:05:55 DEBUG [MockBuilder.java:94] set custPmtMeth -> OmxeQqWDgAtLCKjmcwwn
2020-06-19 14:05:55 DEBUG [MockBuilder.java:94] set nbDate -> 1996-11-30
2020-06-19 14:05:55 DEBUG [MockBuilder.java:94] set custSpInst -> LjCsFysBqLillEKjteKe
2020-06-19 14:05:55 DEBUG [MockBuilder.java:94] set newStoreInd -> V
2020-06-19 14:05:55 DEBUG [MockBuilder.java:94] set custWhNbr -> qjnk
2020-06-19 14:05:55 DEBUG [MockBuilder.java:94] set noAsnFlag -> e
2020-06-19 14:05:55 DEBUG [MockBuilder.java:94] set inputMethod -> lAcRXOcnpP
2020-06-19 14:05:55 DEBUG [MockBuilder.java:94] set ohCancelDateValue -> 1992-11-04
2020-06-19 14:05:55 DEBUG [MockBuilder.java:94] set markForStore -> rxOzAqYkDK
2020-06-19 14:05:55 DEBUG [MockBuilder.java:94] set shipPartCompInd -> w
2020-06-19 14:05:55 DEBUG [MockBuilder.java:94] set mediaEventCode -> RR
2020-06-19 14:05:55 DEBUG [MockBuilder.java:94] set shipPt -> LV
2020-06-19 14:05:55 DEBUG [MockBuilder.java:94] set shipComplete -> L
2020-06-19 14:05:55 DEBUG [MockBuilder.java:94] set specialInstruct1 -> wijpJVxMEujvLwxIRhbp
2020-06-19 14:05:55 DEBUG [MockBuilder.java:94] set shipDateValue -> 1996-06-01
2020-06-19 14:05:55 DEBUG [MockBuilder.java:94] set billToStore -> CukhyAYwnz
2020-06-19 14:05:55 DEBUG [MockBuilder.java:94] set shipDateQualifier -> kMV
2020-06-19 14:05:55 DEBUG [MockBuilder.java:94] set bsStoreNbr -> dRZyRDoJmp
2020-06-19 14:05:55 DEBUG [MockBuilder.java:94] set shipInstruction -> sSHSBkpYaIlvIIbelPyb
2020-06-19 14:05:55 DEBUG [MockBuilder.java:94] set cancelDateQualifier -> RYb
2020-06-19 14:05:55 DEBUG [MockBuilder.java:94] set shipByCutOffDt -> 1994-12-14
2020-06-19 14:05:55 DEBUG [MockBuilder.java:94] set carrierCode -> FP
2020-06-19 14:05:55 DEBUG [MockBuilder.java:94] set shipByDate -> 1996-03-29
2020-06-19 14:05:55 DEBUG [MockBuilder.java:94] set cbCutLength -> 6677366.6641323175
2020-06-19 14:05:55 DEBUG [MockBuilder.java:94] set shipCancelDate -> 1978-10-26
2020-06-19 14:05:55 DEBUG [MockBuilder.java:94] set agreementNumber -> PQskYXdWVhNEoIk
2020-06-19 14:05:55 DEBUG [MockBuilder.java:94] set assignedAgent -> wRYNPeWt
2020-06-19 14:05:55 DEBUG [MockBuilder.java:94] set authRep -> bttzMUgEWXthmiSBunfx
2020-06-19 14:05:55 DEBUG [MockBuilder.java:94] set phone -> sQyLMMEVMThePqG
2020-06-19 14:05:55 DEBUG [MockBuilder.java:94] set authorizationNo -> mmACxwgpbQ
2020-06-19 14:05:55 DEBUG [MockBuilder.java:94] set acctContact -> cICSRvTXyJCXdXvuUuev
2020-06-19 14:05:55 DEBUG [MockBuilder.java:94] set province -> ePrJHHktynxBQPKGtBb
2020-06-19 14:05:55 DEBUG [MockBuilder.java:94] set termsNetDays -> Qqw
2020-06-19 14:05:55 DEBUG [MockBuilder.java:94] set acknowlegeOrdInd -> Y
2020-06-19 14:05:55 DEBUG [MockBuilder.java:94] set name -> cUuzWefyKYmjWWxQxQFJ
2020-06-19 14:05:55 DEBUG [MockBuilder.java:94] set termsTypeFlag -> BY
2020-06-19 14:05:55 DEBUG [MockBuilder.java:94] set addrKey -> 72474
2020-06-19 14:05:55 DEBUG [MockBuilder.java:94] set totalBindingFt -> 5802831.82390399
2020-06-19 14:05:55 DEBUG [MockBuilder.java:94] set flag -> 212530
2020-06-19 14:05:55 DEBUG [MockBuilder.java:94] set salesCheckNumber -> eoTlSDqupLdpFehaqAOq
2020-06-19 14:05:55 DEBUG [MockBuilder.java:94] set rcdCode -> H
2020-06-19 14:05:55 DEBUG [MockBuilder.java:94] set salesReqCode -> uJ
2020-06-19 14:05:55 DEBUG [MockBuilder.java:94] set chngTimestamp -> 1970-01-01T02:14:39
2020-06-19 14:05:55 DEBUG [MockBuilder.java:94] set commCust -> JAcXKtl
2020-06-19 14:05:55 DEBUG [MockBuilder.java:94] set phoneNumber -> ZmbQeLtKWZT
2020-06-19 14:05:55 DEBUG [MockBuilder.java:94] set receivedTimestamp -> 1970-01-01T00:18:12
2020-06-19 14:05:55 DEBUG [MockBuilder.java:94] set reserveOrderInd -> p
2020-06-19 14:05:55 DEBUG [MockBuilder.java:94] set poControl -> eMpTR
2020-06-19 14:05:55 DEBUG [MockBuilder.java:94] set returnMsg -> LOVEBHWYHNRWAsxzZWPu
2020-06-19 14:05:55 DEBUG [MockBuilder.java:94] set poDateValue -> 1995-09-17
2020-06-19 14:05:55 DEBUG [MockBuilder.java:94] set refTcNbr -> yNRraeGntCqzyWnwPxGJ
2020-06-19 14:05:55 DEBUG [MockBuilder.java:94] set routeByDate -> 1982-03-11
2020-06-19 14:05:55 DEBUG [MockBuilder.java:94] set poDateQualifier -> wtC
2020-06-19 14:05:55 DEBUG [MockBuilder.java:94] set poNumber -> ErtMJvKrAULXbpsBTPYp
2020-06-19 14:05:55 DEBUG [MockBuilder.java:94] set poType -> muzXM
2020-06-19 14:05:55 DEBUG [MockBuilder.java:94] set userId -> hNnMkuel
2020-06-19 14:05:55 DEBUG [MockBuilder.java:94] set vendorNo -> uAjfnfektoTnAOV
2020-06-19 14:05:55 DEBUG [MockBuilder.java:94] set wcStore -> rESneFJqMw
2020-06-19 14:05:55 DEBUG [MockBuilder.java:94] set deliveryDate -> 1977-09-20
2020-06-19 14:05:55 DEBUG [MockBuilder.java:94] set poTypeSuffix -> bJzVofzGkG
2020-06-19 14:05:55 DEBUG [MockBuilder.java:94] set poQual -> Vv
2020-06-19 14:05:55 DEBUG [MockBuilder.java:94] set delvCutOffDt -> 1994-07-07
2020-06-19 14:05:55 DEBUG [MockBuilder.java:94] set divDesc -> asYDXZMSVCawYVcLqBGY
2020-06-19 14:05:55 DEBUG [MockBuilder.java:94] set name -> wBaZykPNgWXvSMOBrDJG
2020-06-19 14:05:55 DEBUG [MockBuilder.java:94] set specialInstruct2 -> zmLbhnyvQxIkFrWfXDzz
2020-06-19 14:05:55 DEBUG [MockBuilder.java:94] set country -> YSzHPvfpoSWOxIPuJBo
2020-06-19 14:05:55 DEBUG [MockBuilder.java:94] set specialInstruct3 -> mmJFUlpSDwfnJcvrbjrs
2020-06-19 14:05:55 DEBUG [MockBuilder.java:94] set cnCity -> viTztUKLPgcOPKatwiB
2020-06-19 14:05:55 DEBUG [MockBuilder.java:94] set consumerPoDateValue -> 1993-09-28
2020-06-19 14:05:55 DEBUG [MockBuilder.java:94] set specialInstruct4 -> YeJgZfbKVOCSMtFYcpuW
2020-06-19 14:05:55 DEBUG [MockBuilder.java:94] set destCode -> lt
2020-06-19 14:05:55 DEBUG [MockBuilder.java:94] set city -> SPwatuWarfzbvKuBous
2020-06-19 14:05:55 DEBUG [MockBuilder.java:94] set specialPoNo -> yDVANSPyxExIJUZJBKvc
2020-06-19 14:05:55 DEBUG [MockBuilder.java:94] set custNbr -> aTWOedE
2020-06-19 14:05:55 DEBUG [MockBuilder.java:94] set cphone -> uTFsSBLhGPSuSpfQyWKE
2020-06-19 14:05:55 DEBUG [MockBuilder.java:94] set addressLine2 -> EbBEVNROaSJAsvviwIMb
2020-06-19 14:05:55 DEBUG [MockBuilder.java:94] set addressLine2 -> kKMVSLjprMvDPZQLxPtU
2020-06-19 14:05:55 DEBUG [MockBuilder.java:94] set city -> ROpltwYAfGZFiCGRolB
2020-06-19 14:05:55 DEBUG [MockBuilder.java:94] set srvLevel -> YW
2020-06-19 14:05:55 DEBUG [MockBuilder.java:94] set addressLine1 -> IuPiGerqjlZaQtcJtbUs
2020-06-19 14:05:55 DEBUG [MockBuilder.java:94] set addressLine1 -> UXAYjUuWAxGFlGdrPQAp
2020-06-19 14:05:55 DEBUG [MockBuilder.java:94] set statusCode -> a
2020-06-19 14:05:55 DEBUG [MockBuilder.java:94] set ccountry -> itiNBagtBJTLKlMrObHo
2020-06-19 14:05:55 DEBUG [MockBuilder.java:94] set store -> PrhkNitqFT
2020-06-19 14:05:55 DEBUG [MockBuilder.java:94] set stdCarrAlphaInd -> zbea
2020-06-19 14:05:55 DEBUG [MockBuilder.java:94] set cprovince -> jxSBeraaZQTdFbGZpQZT
2020-06-19 14:05:55 DEBUG [MockBuilder.java:94] set state -> qO
2020-06-19 14:05:55 DEBUG [MockBuilder.java:94] set zip -> OLOQumyNKRD
2020-06-19 14:05:55 DEBUG [MockBuilder.java:94] set consumerShipFlg -> l
2020-06-19 14:05:55 DEBUG [MockBuilder.java:94] set orderRetHand -> 7067217.470610347
2020-06-19 14:05:55 DEBUG [MockBuilder.java:94] set zip -> nNDoIkpeZ
2020-06-19 14:05:55 DEBUG [MockBuilder.java:94] set orderRetSh -> 5084338.5823797975
2020-06-19 14:05:55 DEBUG [MockBuilder.java:94] set truncFlag -> C
2020-06-19 14:05:55 DEBUG [MockBuilder.java:94] set orderRetTax -> 3468854.89988802
2020-06-19 14:05:55 DEBUG [MockBuilder.java:94] set shipToAddress -> LegacyShipToAddress [addressLine1=UXAYjUuWAxGFlGdrPQAp, addressLine2=EbBEVNROaSJAsvviwIMb, city=ROpltwYAfGZFiCGRolB, cnCity=viTztUKLPgcOPKatwiB, country=YSzHPvfpoSWOxIPuJBo, custNbr=aTWOedE, destCode=lt, flag=212530, name=cUuzWefyKYmjWWxQxQFJ, phone=sQyLMMEVMThePqG, province=ePrJHHktynxBQPKGtBb, state=qO, store=PrhkNitqFT, truncFlag=C, zip=OLOQumyNKRD]
2020-06-19 14:05:55 DEBUG [MockBuilder.java:94] set sellCo -> Qt
2020-06-19 14:05:55 DEBUG [MockBuilder.java:94] set orderRetTotal -> 3953762.431187117
2020-06-19 14:05:55 DEBUG [MockBuilder.java:94] set psMsg -> lVIQQksCoeUFyUmRQYie
2020-06-19 14:05:55 DEBUG [MockBuilder.java:94] set orderType -> w
2020-06-19 14:05:55 DEBUG [MockBuilder.java:94] set city -> coARjuIWldGzJcLilXHQ
2020-06-19 14:05:55 DEBUG [MockBuilder.java:94] set orderTypeDesc -> AmHvRcEpyKgufmE
2020-06-19 14:05:55 DEBUG [MockBuilder.java:94] set addressLine1 -> nGdhXDojFIvlFuPagKFy
2020-06-19 14:05:55 DEBUG [MockBuilder.java:94] set accountNbr -> JhMQXhianfRqGdduRtmX
2020-06-19 14:05:55 DEBUG [MockBuilder.java:94] set name -> dtoNZekMikBreWMUxfcz
2020-06-19 14:05:55 DEBUG [MockBuilder.java:94] set state -> NS
2020-06-19 14:05:55 DEBUG [MockBuilder.java:94] set addressLine2 -> wNMpTtmlnzeDmycKZqJs
2020-06-19 14:05:55 DEBUG [MockBuilder.java:94] set billFlag -> b
2020-06-19 14:05:55 DEBUG [MockBuilder.java:94] set tpcountry -> IISLKnEHOPuirRvQCsHu
2020-06-19 14:05:55 DEBUG [MockBuilder.java:94] set consumerAddress -> LegacyConsumerAddress [cprovince=jxSBeraaZQTdFbGZpQZT, ccountry=itiNBagtBJTLKlMrObHo, cphone=uTFsSBLhGPSuSpfQyWKE, addressLine1=IuPiGerqjlZaQtcJtbUs, addressLine2=kKMVSLjprMvDPZQLxPtU, city=SPwatuWarfzbvKuBous, name=wBaZykPNgWXvSMOBrDJG, consumerPoDateValue=1993-09-28, consumerShipFlg=l, state=NS, zip=nNDoIkpeZ]
2020-06-19 14:05:55 DEBUG [MockBuilder.java:94] set name2 -> bzCuUiEHCqtHfTxXolrc
2020-06-19 14:05:55 DEBUG [MockBuilder.java:94] set zip -> PwHIIdndXcgQEUlt
2020-06-19 14:05:55 DEBUG [MockBuilder.java:94] set state -> le
2020-06-19 14:05:55 DEBUG [MockBuilder.java:94] set tpprovince -> ZhSjILTncXaqQqYasECB
2020-06-19 14:05:55 DEBUG [MockBuilder.java:94] set tpphone -> XfAgqncNaJmoSvSUcnlG
2020-06-19 14:05:55 DEBUG [MockBuilder.java:94] set seqNbr -> 189280
2020-06-19 14:05:55 DEBUG [MockBuilder.java:94] set orderWeight -> 8079944.658130642
2020-06-19 14:05:55 DEBUG [MockBuilder.java:94] set thirdPartyAddress -> LegacyThirdPartyAddress [tpprovince=ZhSjILTncXaqQqYasECB, tpcountry=IISLKnEHOPuirRvQCsHu, tpphone=XfAgqncNaJmoSvSUcnlG, addressLine1=nGdhXDojFIvlFuPagKFy, addressLine2=wNMpTtmlnzeDmycKZqJs, accountNbr=JhMQXhianfRqGdduRtmX, billFlag=b, city=coARjuIWldGzJcLilXHQ, name=dtoNZekMikBreWMUxfcz, name2=bzCuUiEHCqtHfTxXolrc, state=le, zip=PwHIIdndXcgQEUlt]
2020-06-19 14:05:55 DEBUG [MockBuilder.java:94] set dates -> null
2020-06-19 14:05:55 DEBUG [MockBuilder.java:94] set lines -> null
2020-06-19 14:05:55 DEBUG [MockHelper.java:99] EdiOrderHeader [legacyOrderNumber=null, acctContact=cICSRvTXyJCXdXvuUuev, acknowlegeOrdInd=Y, addrKey=72474, agreementNumber=PQskYXdWVhNEoIk, assignedAgent=wRYNPeWt, authRep=bttzMUgEWXthmiSBunfx, authorizationNo=mmACxwgpbQ, beg=UFWGk, billToState=Zr, billToStore=CukhyAYwnz, bsStoreNbr=dRZyRDoJmp, cancelDateQualifier=RYb, carrierCode=FP, cbCutLength=6677366.6641323175, chngLid=YsVXnrgC, chngTimestamp=1970-01-01T02:14:39, commCust=JAcXKtl, consStatusMsg=opnOdLhjvYApJJCYsJVn, contractUsageInd=w, crossDockCenter=XdHmECQuLc, custDept=fNCiR, custPmtMeth=OmxeQqWDgAtLCKjmcwwn, custSpInst=LjCsFysBqLillEKjteKe, custWhNbr=qjnk, customerCode=wn, custNbr=mEiQBQY, customerRefNbr=nlE, customerSidemark=AMcVCAfxmWWvjvDtmdmw, deliveryDate=1977-09-20, delvCutOffDt=1994-07-07, divDesc=asYDXZMSVCawYVcLqBGY, dunsNbr=KOFsUkqZaAGsshC, errorCode=xHd, errorDescription=zuepuRXrfTcbepUwmkjV, errorTimestamp=1970-01-01T00:46:16, eventInfo=MydJSIdmEzLTjhF, explodeFlag=j, fobPoint=wa, frtCode=J, giftMessage1=rLKthccaEfzBJTturuxj, giftMessage2=KQkGYvPAlgVqhgcuFqON, hostAlertFlag=u, inputMethod=lAcRXOcnpP, markForStore=rxOzAqYkDK, mediaEventCode=RR, nbDate=1996-11-30, newStoreInd=V, noAsnFlag=e, ohCancelDateValue=1992-11-04, ohStatusCode=L, onNote=xwbxSNpByNcAwBdCVRrg, onlineType=q, orderDate=1979-11-22, orderLoc=01, orderMerCost=9025305.027011609, shawOrderNumber=LfSZUq, orderRetHand=7067217.470610347, orderRetSh=5084338.5823797975, orderRetTax=3468854.89988802, orderRetTotal=3953762.431187117, orderType=H, orderTypeDesc=HARDSURFACES, orderWeight=8079944.658130642, orderingSystem=lX, phoneNumber=ZmbQeLtKWZT, poControl=eMpTR, poDateValue=1995-09-17, poDateQualifier=wtC, poNumber=ErtMJvKrAULXbpsBTPYp, poQual=Vv, poType=muzXM, poTypeSuffix=bJzVofzGkG, psMsg=lVIQQksCoeUFyUmRQYie, purchasedBy=YjShqjycfNUqqMkjFCeF, rcdCode=H, receivedTimestamp=1970-01-01T00:18:12, refTcNbr=yNRraeGntCqzyWnwPxGJ, reserveOrderInd=p, returnMsg=LOVEBHWYHNRWAsxzZWPu, routeByDate=1982-03-11, salesCheckNumber=eoTlSDqupLdpFehaqAOq, salesReqCode=uJ, sellCo=Qt, seqNbr=189280, shipByCutOffDt=1994-12-14, shipByDate=1996-03-29, shipCancelDate=1978-10-26, shipComplete=L, shipDateValue=1996-06-01, shipDateQualifier=kMV, shipInstruction=sSHSBkpYaIlvIIbelPyb, shipPartCompInd=w, shipPt=LV, specialInstruct1=wijpJVxMEujvLwxIRhbp, specialInstruct2=zmLbhnyvQxIkFrWfXDzz, specialInstruct3=mmJFUlpSDwfnJcvrbjrs, specialInstruct4=YeJgZfbKVOCSMtFYcpuW, specialPoNo=yDVANSPyxExIJUZJBKvc, srvLevel=YW, statusCode=a, stdCarrAlphaInd=zbea, storeName=OznLrMjJOClWYhGbplJV, termsNetDays=Qqw, termsTypeFlag=BY, totalBindingFt=5802831.82390399, userId=hNnMkuel, vendorNo=uAjfnfektoTnAOV, wcStore=rESneFJqMw, consumerAddress=LegacyConsumerAddress [cprovince=jxSBeraaZQTdFbGZpQZT, ccountry=itiNBagtBJTLKlMrObHo, cphone=uTFsSBLhGPSuSpfQyWKE, addressLine1=IuPiGerqjlZaQtcJtbUs, addressLine2=kKMVSLjprMvDPZQLxPtU, city=SPwatuWarfzbvKuBous, name=wBaZykPNgWXvSMOBrDJG, consumerPoDateValue=1993-09-28, consumerShipFlg=l, state=NS, zip=nNDoIkpeZ], shipToAddress=LegacyShipToAddress [addressLine1=UXAYjUuWAxGFlGdrPQAp, addressLine2=EbBEVNROaSJAsvviwIMb, city=ROpltwYAfGZFiCGRolB, cnCity=viTztUKLPgcOPKatwiB, country=YSzHPvfpoSWOxIPuJBo, custNbr=aTWOedE, destCode=lt, flag=212530, name=cUuzWefyKYmjWWxQxQFJ, phone=sQyLMMEVMThePqG, province=ePrJHHktynxBQPKGtBb, state=qO, store=PrhkNitqFT, truncFlag=C, zip=OLOQumyNKRD], thirdPartyAddress=LegacyThirdPartyAddress [tpprovince=ZhSjILTncXaqQqYasECB, tpcountry=IISLKnEHOPuirRvQCsHu, tpphone=XfAgqncNaJmoSvSUcnlG, addressLine1=nGdhXDojFIvlFuPagKFy, addressLine2=wNMpTtmlnzeDmycKZqJs, accountNbr=JhMQXhianfRqGdduRtmX, billFlag=b, city=coARjuIWldGzJcLilXHQ, name=dtoNZekMikBreWMUxfcz, name2=bzCuUiEHCqtHfTxXolrc, state=le, zip=PwHIIdndXcgQEUlt], dates=null, lines=null]
Hibernate: call next value for SHXP.EDI_ORDER_NBR
Hibernate: insert into EDI_ORDER_HEADER (ACCT_CONTACT, ACKNOWLEGE_ORD_IND, ADDR_KEY, AGREEMENT_NUMBER, ASSIGNED_AGENT, AUTH_REP, AUTHORIZATION_NO, beg, BILL_TO_STATE, BILL_TO_STORE, BS_STORE_NBR, CANCEL_DATE_QUAL, CARRIER_CODE, CB_CUT_LENGTH, CHNG_LID, CHNG_TIMESTAMP, COMM_CUST, CONS_STATUS_MSG, CONSUMER_ADDRESS, CONSUMER_ADDRESS_2, CONSUMER_CITY, CONSUMER_PO_DATE, CONSUMER_SHIP_FLG, CONSUMER_NAME, CONSUMER_STATE, CONSUMER_ZIP, CONTRACT_USAGE_IND, CROSS_DOCK_CENTER, CUST_DEPT, CUSTOMER_NUMBER, CUST_PMT_METH, CUST_SP_INST, CUST_WH_NBR, CUSTOMER_CODE, CUSTOMER_REF_NBR, CUSTOMER_SIDEMARK, DELIVERY_DATE, DELV_CUT_OFF_DT, DIV_DESC, DUNS_NBR, ERROR_CODE, ERROR_DESCRIPTION, ERROR_TIMESTAMP, EVENT_INFO, EXPLODE_FLAG, FOB_POINT, FRT_CODE, GIFT_MESSAGE_1, GIFT_MESSAGE_2, HOST_ALERT_FLAG, INPUT_METHOD, MARK_FOR_STORE, MEDIA_EVENT_CODE, NB_DATE, NEW_STORE_IND, NO_ASN_FLAG, OH_CANCEL_DATE, OH_STATUS_CODE, ON_NOTE, ONLINE_TYPE, ORDER_DATE, ORDER_LOC, ORDER_MER_COST, ORDER_RET_HAND, ORDER_RET_SH, ORDER_RET_TAX, ORDER_RET_TOTAL, ORDER_TYPE, ORDER_TYPE_DESC, ORDER_WEIGHT, ORDERING_SYSTEM, PHONE_NUMBER, PO_CONTROL, PO_DATE_QUAL, PO_DATE, PO_NUMBER, PO_QUAL, PO_TYPE, PO_TYPE_SUFFIX, PS_MSG, PURCHASED_BY, RCD_CODE, RECEIVED_TIMESTAMP, REF_TC_NBR, RESERVE_ORDER_IND, RETURN_MSG, ROUTE_BY_DATE, SALES_CHECK_NUMBER, SALES_REQ_CODE, SELL_CO, SEQ_NBR, ORDER_NUMBER, SHIP_BY_CUT_OFF_DT, SHIP_BY_DATE, SHIP_CANCEL_DATE, SHIP_COMPLETE, SHIP_DATE_QUAL, SHIP_DATE, SHIP_INSTRUCTION, SHIP_PART_COMP_IND, SHIP_PT, SHIP_TO_ADDRESS_1, SHIP_TO_ADDRESS_2, SHIP_TO_CITY, SHIP_TO_CN_CITY, SHIP_TO_COUNTRY, SHIP_TO_CUST_NBR, SHIP_TO_DEST_COD, SHIP_TO_FLAG, SHIP_TO_NAME, SHIP_TO_PHONE, SHIP_TO_PROVENCE, SHIP_TO_STATE, SHIP_TO_STORE, SHIP_TO_TRUNC_FLG, SHIP_TO_ZIP, SPECIAL_INSTRUCT_1, SPECIAL_INSTRUCT_2, SPECIAL_INSTRUCT_3, SPECIAL_INSTRUCT_4, SPECIAL_PO_NO, SRV_LEVEL, STATUS_CODE, STD_CARR_ALPHA_IND, STORE_NAME, TERMS_NET_DAYS, TERMS_TYPE_FLAG, THIRD_PARTY_ACCT_NBR, THIRD_PARTY_ADDR_1, THIRD_PARTY_ADDR_2, THIRD_PARTY_BILL_FLAG, THIRD_PARTY_CITY, THIRD_PARTY_NAME, THIRD_PARTY_NAME_2, THIRD_PARTY_STATE, THIRD_PARTY_ZIP, TOTAL_BINDING_FT, USER_ID, VENDOR_NO, WC_STORE, EDI_ORDER_NUMBER) values (?, ?, ?, ?, ?, ?, ?, ?, ?, ?, ?, ?, ?, ?, ?, ?, ?, ?, ?, ?, ?, ?, ?, ?, ?, ?, ?, ?, ?, ?, ?, ?, ?, ?, ?, ?, ?, ?, ?, ?, ?, ?, ?, ?, ?, ?, ?, ?, ?, ?, ?, ?, ?, ?, ?, ?, ?, ?, ?, ?, ?, ?, ?, ?, ?, ?, ?, ?, ?, ?, ?, ?, ?, ?, ?, ?, ?, ?, ?, ?, ?, ?, ?, ?, ?, ?, ?, ?, ?, ?, ?, ?, ?, ?, ?, ?, ?, ?, ?, ?, ?, ?, ?, ?, ?, ?, ?, ?, ?, ?, ?, ?, ?, ?, ?, ?, ?, ?, ?, ?, ?, ?, ?, ?, ?, ?, ?, ?, ?, ?, ?, ?, ?, ?, ?, ?, ?, ?, ?, ?, ?)
2020-06-19 14:05:55 TRACE [BasicBinder.java:64] binding parameter [1] as [VARCHAR] - [cICSRvTXyJCXdXvuUuev]
2020-06-19 14:05:55 TRACE [BasicBinder.java:64] binding parameter [2] as [VARCHAR] - [Y]
2020-06-19 14:05:55 TRACE [BasicBinder.java:64] binding parameter [3] as [INTEGER] - [72474]
2020-06-19 14:05:55 TRACE [BasicBinder.java:64] binding parameter [4] as [VARCHAR] - [PQskYXdWVhNEoIk]
2020-06-19 14:05:55 TRACE [BasicBinder.java:64] binding parameter [5] as [VARCHAR] - [wRYNPeWt]
2020-06-19 14:05:55 TRACE [BasicBinder.java:64] binding parameter [6] as [VARCHAR] - [bttzMUgEWXthmiSBunfx]
2020-06-19 14:05:55 TRACE [BasicBinder.java:64] binding parameter [7] as [VARCHAR] - [mmACxwgpbQ]
2020-06-19 14:05:55 TRACE [BasicBinder.java:64] binding parameter [8] as [VARCHAR] - [UFWGk]
2020-06-19 14:05:55 TRACE [BasicBinder.java:64] binding parameter [9] as [VARCHAR] - [Zr]
2020-06-19 14:05:55 TRACE [BasicBinder.java:64] binding parameter [10] as [VARCHAR] - [CukhyAYwnz]
2020-06-19 14:05:55 TRACE [BasicBinder.java:64] binding parameter [11] as [VARCHAR] - [dRZyRDoJmp]
2020-06-19 14:05:55 TRACE [BasicBinder.java:64] binding parameter [12] as [VARCHAR] - [RYb]
2020-06-19 14:05:55 TRACE [BasicBinder.java:64] binding parameter [13] as [VARCHAR] - [FP]
2020-06-19 14:05:55 TRACE [BasicBinder.java:64] binding parameter [14] as [DOUBLE] - [6677366.6641323175]
2020-06-19 14:05:55 TRACE [BasicBinder.java:64] binding parameter [15] as [VARCHAR] - [YsVXnrgC]
2020-06-19 14:05:55 TRACE [BasicBinder.java:64] binding parameter [16] as [TIMESTAMP] - [1970-01-01T02:14:39]
2020-06-19 14:05:55 TRACE [BasicBinder.java:64] binding parameter [17] as [VARCHAR] - [JAcXKtl]
2020-06-19 14:05:55 TRACE [BasicBinder.java:64] binding parameter [18] as [VARCHAR] - [opnOdLhjvYApJJCYsJVn]
2020-06-19 14:05:55 TRACE [BasicBinder.java:64] binding parameter [19] as [VARCHAR] - [IuPiGerqjlZaQtcJtbUs]
2020-06-19 14:05:55 TRACE [BasicBinder.java:64] binding parameter [20] as [VARCHAR] - [kKMVSLjprMvDPZQLxPtU]
2020-06-19 14:05:55 TRACE [BasicBinder.java:64] binding parameter [21] as [VARCHAR] - [SPwatuWarfzbvKuBous]
2020-06-19 14:05:55 TRACE [BasicBinder.java:64] binding parameter [22] as [DATE] - [1993-09-28]
2020-06-19 14:05:55 TRACE [BasicBinder.java:64] binding parameter [23] as [VARCHAR] - [l]
2020-06-19 14:05:55 TRACE [BasicBinder.java:64] binding parameter [24] as [VARCHAR] - [wBaZykPNgWXvSMOBrDJG]
2020-06-19 14:05:55 TRACE [BasicBinder.java:64] binding parameter [25] as [VARCHAR] - [NS]
2020-06-19 14:05:55 TRACE [BasicBinder.java:64] binding parameter [26] as [VARCHAR] - [nNDoIkpeZ]
2020-06-19 14:05:55 TRACE [BasicBinder.java:64] binding parameter [27] as [VARCHAR] - [w]
2020-06-19 14:05:55 TRACE [BasicBinder.java:64] binding parameter [28] as [VARCHAR] - [XdHmECQuLc]
2020-06-19 14:05:55 TRACE [BasicBinder.java:64] binding parameter [29] as [VARCHAR] - [fNCiR]
2020-06-19 14:05:55 TRACE [BasicBinder.java:64] binding parameter [30] as [VARCHAR] - [mEiQBQY]
2020-06-19 14:05:55 TRACE [BasicBinder.java:64] binding parameter [31] as [VARCHAR] - [OmxeQqWDgAtLCKjmcwwn]
2020-06-19 14:05:55 TRACE [BasicBinder.java:64] binding parameter [32] as [VARCHAR] - [LjCsFysBqLillEKjteKe]
2020-06-19 14:05:55 TRACE [BasicBinder.java:64] binding parameter [33] as [VARCHAR] - [qjnk]
2020-06-19 14:05:55 TRACE [BasicBinder.java:64] binding parameter [34] as [VARCHAR] - [wn]
2020-06-19 14:05:55 TRACE [BasicBinder.java:64] binding parameter [35] as [VARCHAR] - [nlE]
2020-06-19 14:05:55 TRACE [BasicBinder.java:64] binding parameter [36] as [VARCHAR] - [AMcVCAfxmWWvjvDtmdmw]
2020-06-19 14:05:55 TRACE [BasicBinder.java:64] binding parameter [37] as [DATE] - [1977-09-20]
2020-06-19 14:05:55 TRACE [BasicBinder.java:64] binding parameter [38] as [DATE] - [1994-07-07]
2020-06-19 14:05:55 TRACE [BasicBinder.java:64] binding parameter [39] as [VARCHAR] - [asYDXZMSVCawYVcLqBGY]
2020-06-19 14:05:55 TRACE [BasicBinder.java:64] binding parameter [40] as [VARCHAR] - [KOFsUkqZaAGsshC]
2020-06-19 14:05:55 TRACE [BasicBinder.java:64] binding parameter [41] as [VARCHAR] - [xHd]
2020-06-19 14:05:55 TRACE [BasicBinder.java:64] binding parameter [42] as [VARCHAR] - [zuepuRXrfTcbepUwmkjV]
2020-06-19 14:05:55 TRACE [BasicBinder.java:64] binding parameter [43] as [TIMESTAMP] - [1970-01-01T00:46:16]
2020-06-19 14:05:55 TRACE [BasicBinder.java:64] binding parameter [44] as [VARCHAR] - [MydJSIdmEzLTjhF]
2020-06-19 14:05:55 TRACE [BasicBinder.java:64] binding parameter [45] as [VARCHAR] - [j]
2020-06-19 14:05:55 TRACE [BasicBinder.java:64] binding parameter [46] as [VARCHAR] - [wa]
2020-06-19 14:05:55 TRACE [BasicBinder.java:64] binding parameter [47] as [VARCHAR] - [J]
2020-06-19 14:05:55 TRACE [BasicBinder.java:64] binding parameter [48] as [VARCHAR] - [rLKthccaEfzBJTturuxj]
2020-06-19 14:05:55 TRACE [BasicBinder.java:64] binding parameter [49] as [VARCHAR] - [KQkGYvPAlgVqhgcuFqON]
2020-06-19 14:05:55 TRACE [BasicBinder.java:64] binding parameter [50] as [VARCHAR] - [u]
2020-06-19 14:05:55 TRACE [BasicBinder.java:64] binding parameter [51] as [VARCHAR] - [lAcRXOcnpP]
2020-06-19 14:05:55 TRACE [BasicBinder.java:64] binding parameter [52] as [VARCHAR] - [rxOzAqYkDK]
2020-06-19 14:05:55 TRACE [BasicBinder.java:64] binding parameter [53] as [VARCHAR] - [RR]
2020-06-19 14:05:55 TRACE [BasicBinder.java:64] binding parameter [54] as [DATE] - [1996-11-30]
2020-06-19 14:05:55 TRACE [BasicBinder.java:64] binding parameter [55] as [VARCHAR] - [V]
2020-06-19 14:05:55 TRACE [BasicBinder.java:64] binding parameter [56] as [VARCHAR] - [e]
2020-06-19 14:05:55 TRACE [BasicBinder.java:64] binding parameter [57] as [DATE] - [1992-11-04]
2020-06-19 14:05:55 TRACE [BasicBinder.java:64] binding parameter [58] as [VARCHAR] - [L]
2020-06-19 14:05:55 TRACE [BasicBinder.java:64] binding parameter [59] as [VARCHAR] - [xwbxSNpByNcAwBdCVRrg]
2020-06-19 14:05:55 TRACE [BasicBinder.java:64] binding parameter [60] as [VARCHAR] - [q]
2020-06-19 14:05:55 TRACE [BasicBinder.java:64] binding parameter [61] as [DATE] - [1979-11-22]
2020-06-19 14:05:55 TRACE [BasicBinder.java:64] binding parameter [62] as [VARCHAR] - [01]
2020-06-19 14:05:55 TRACE [BasicBinder.java:64] binding parameter [63] as [DOUBLE] - [9025305.027011609]
2020-06-19 14:05:55 TRACE [BasicBinder.java:64] binding parameter [64] as [DOUBLE] - [7067217.470610347]
2020-06-19 14:05:55 TRACE [BasicBinder.java:64] binding parameter [65] as [DOUBLE] - [5084338.5823797975]
2020-06-19 14:05:55 TRACE [BasicBinder.java:64] binding parameter [66] as [DOUBLE] - [3468854.89988802]
2020-06-19 14:05:55 TRACE [BasicBinder.java:64] binding parameter [67] as [DOUBLE] - [3953762.431187117]
2020-06-19 14:05:55 TRACE [BasicBinder.java:64] binding parameter [68] as [VARCHAR] - [H]
2020-06-19 14:05:55 TRACE [BasicBinder.java:64] binding parameter [69] as [VARCHAR] - [HARDSURFACES]
2020-06-19 14:05:55 TRACE [BasicBinder.java:64] binding parameter [70] as [DOUBLE] - [8079944.658130642]
2020-06-19 14:05:55 TRACE [BasicBinder.java:64] binding parameter [71] as [VARCHAR] - [lX]
2020-06-19 14:05:55 TRACE [BasicBinder.java:64] binding parameter [72] as [VARCHAR] - [ZmbQeLtKWZT]
2020-06-19 14:05:55 TRACE [BasicBinder.java:64] binding parameter [73] as [VARCHAR] - [eMpTR]
2020-06-19 14:05:55 TRACE [BasicBinder.java:64] binding parameter [74] as [VARCHAR] - [wtC]
2020-06-19 14:05:55 TRACE [BasicBinder.java:64] binding parameter [75] as [DATE] - [1995-09-17]
2020-06-19 14:05:55 TRACE [BasicBinder.java:64] binding parameter [76] as [VARCHAR] - [ErtMJvKrAULXbpsBTPYp]
2020-06-19 14:05:55 TRACE [BasicBinder.java:64] binding parameter [77] as [VARCHAR] - [Vv]
2020-06-19 14:05:55 TRACE [BasicBinder.java:64] binding parameter [78] as [VARCHAR] - [muzXM]
2020-06-19 14:05:55 TRACE [BasicBinder.java:64] binding parameter [79] as [VARCHAR] - [bJzVofzGkG]
2020-06-19 14:05:55 TRACE [BasicBinder.java:64] binding parameter [80] as [VARCHAR] - [lVIQQksCoeUFyUmRQYie]
2020-06-19 14:05:55 TRACE [BasicBinder.java:64] binding parameter [81] as [VARCHAR] - [YjShqjycfNUqqMkjFCeF]
2020-06-19 14:05:55 TRACE [BasicBinder.java:64] binding parameter [82] as [VARCHAR] - [H]
2020-06-19 14:05:55 TRACE [BasicBinder.java:64] binding parameter [83] as [TIMESTAMP] - [1970-01-01T00:18:12]
2020-06-19 14:05:55 TRACE [BasicBinder.java:64] binding parameter [84] as [VARCHAR] - [yNRraeGntCqzyWnwPxGJ]
2020-06-19 14:05:55 TRACE [BasicBinder.java:64] binding parameter [85] as [VARCHAR] - [p]
2020-06-19 14:05:55 TRACE [BasicBinder.java:64] binding parameter [86] as [VARCHAR] - [LOVEBHWYHNRWAsxzZWPu]
2020-06-19 14:05:55 TRACE [BasicBinder.java:64] binding parameter [87] as [DATE] - [1982-03-11]
2020-06-19 14:05:55 TRACE [BasicBinder.java:64] binding parameter [88] as [VARCHAR] - [eoTlSDqupLdpFehaqAOq]
2020-06-19 14:05:55 TRACE [BasicBinder.java:64] binding parameter [89] as [VARCHAR] - [uJ]
2020-06-19 14:05:55 TRACE [BasicBinder.java:64] binding parameter [90] as [VARCHAR] - [Qt]
2020-06-19 14:05:55 TRACE [BasicBinder.java:64] binding parameter [91] as [INTEGER] - [189280]
2020-06-19 14:05:55 TRACE [BasicBinder.java:64] binding parameter [92] as [VARCHAR] - [LfSZUq]
2020-06-19 14:05:55 TRACE [BasicBinder.java:64] binding parameter [93] as [DATE] - [1994-12-14]
2020-06-19 14:05:55 TRACE [BasicBinder.java:64] binding parameter [94] as [DATE] - [1996-03-29]
2020-06-19 14:05:55 TRACE [BasicBinder.java:64] binding parameter [95] as [DATE] - [1978-10-26]
2020-06-19 14:05:55 TRACE [BasicBinder.java:64] binding parameter [96] as [VARCHAR] - [L]
2020-06-19 14:05:55 TRACE [BasicBinder.java:64] binding parameter [97] as [VARCHAR] - [kMV]
2020-06-19 14:05:55 TRACE [BasicBinder.java:64] binding parameter [98] as [DATE] - [1996-06-01]
2020-06-19 14:05:55 TRACE [BasicBinder.java:64] binding parameter [99] as [VARCHAR] - [sSHSBkpYaIlvIIbelPyb]
2020-06-19 14:05:55 TRACE [BasicBinder.java:64] binding parameter [100] as [VARCHAR] - [w]
2020-06-19 14:05:55 TRACE [BasicBinder.java:64] binding parameter [101] as [VARCHAR] - [LV]
2020-06-19 14:05:55 TRACE [BasicBinder.java:64] binding parameter [102] as [VARCHAR] - [UXAYjUuWAxGFlGdrPQAp]
2020-06-19 14:05:55 TRACE [BasicBinder.java:64] binding parameter [103] as [VARCHAR] - [EbBEVNROaSJAsvviwIMb]
2020-06-19 14:05:55 TRACE [BasicBinder.java:64] binding parameter [104] as [VARCHAR] - [ROpltwYAfGZFiCGRolB]
2020-06-19 14:05:55 TRACE [BasicBinder.java:64] binding parameter [105] as [VARCHAR] - [viTztUKLPgcOPKatwiB]
2020-06-19 14:05:55 TRACE [BasicBinder.java:64] binding parameter [106] as [VARCHAR] - [YSzHPvfpoSWOxIPuJBo]
2020-06-19 14:05:55 TRACE [BasicBinder.java:64] binding parameter [107] as [VARCHAR] - [aTWOedE]
2020-06-19 14:05:55 TRACE [BasicBinder.java:64] binding parameter [108] as [VARCHAR] - [lt]
2020-06-19 14:05:55 TRACE [BasicBinder.java:64] binding parameter [109] as [INTEGER] - [212530]
2020-06-19 14:05:55 TRACE [BasicBinder.java:64] binding parameter [110] as [VARCHAR] - [cUuzWefyKYmjWWxQxQFJ]
2020-06-19 14:05:55 TRACE [BasicBinder.java:64] binding parameter [111] as [VARCHAR] - [sQyLMMEVMThePqG]
2020-06-19 14:05:55 TRACE [BasicBinder.java:64] binding parameter [112] as [VARCHAR] - [ePrJHHktynxBQPKGtBb]
2020-06-19 14:05:55 TRACE [BasicBinder.java:64] binding parameter [113] as [VARCHAR] - [qO]
2020-06-19 14:05:55 TRACE [BasicBinder.java:64] binding parameter [114] as [VARCHAR] - [PrhkNitqFT]
2020-06-19 14:05:55 TRACE [BasicBinder.java:64] binding parameter [115] as [VARCHAR] - [C]
2020-06-19 14:05:55 TRACE [BasicBinder.java:64] binding parameter [116] as [VARCHAR] - [OLOQumyNKRD]
2020-06-19 14:05:55 TRACE [BasicBinder.java:64] binding parameter [117] as [VARCHAR] - [wijpJVxMEujvLwxIRhbp]
2020-06-19 14:05:55 TRACE [BasicBinder.java:64] binding parameter [118] as [VARCHAR] - [zmLbhnyvQxIkFrWfXDzz]
2020-06-19 14:05:55 TRACE [BasicBinder.java:64] binding parameter [119] as [VARCHAR] - [mmJFUlpSDwfnJcvrbjrs]
2020-06-19 14:05:55 TRACE [BasicBinder.java:64] binding parameter [120] as [VARCHAR] - [YeJgZfbKVOCSMtFYcpuW]
2020-06-19 14:05:55 TRACE [BasicBinder.java:64] binding parameter [121] as [VARCHAR] - [yDVANSPyxExIJUZJBKvc]
2020-06-19 14:05:55 TRACE [BasicBinder.java:64] binding parameter [122] as [VARCHAR] - [YW]
2020-06-19 14:05:55 TRACE [BasicBinder.java:64] binding parameter [123] as [VARCHAR] - [a]
2020-06-19 14:05:55 TRACE [BasicBinder.java:64] binding parameter [124] as [VARCHAR] - [zbea]
2020-06-19 14:05:55 TRACE [BasicBinder.java:64] binding parameter [125] as [VARCHAR] - [OznLrMjJOClWYhGbplJV]
2020-06-19 14:05:55 TRACE [BasicBinder.java:64] binding parameter [126] as [VARCHAR] - [Qqw]
2020-06-19 14:05:55 TRACE [BasicBinder.java:64] binding parameter [127] as [VARCHAR] - [BY]
2020-06-19 14:05:55 TRACE [BasicBinder.java:64] binding parameter [128] as [VARCHAR] - [JhMQXhianfRqGdduRtmX]
2020-06-19 14:05:55 TRACE [BasicBinder.java:64] binding parameter [129] as [VARCHAR] - [nGdhXDojFIvlFuPagKFy]
2020-06-19 14:05:55 TRACE [BasicBinder.java:64] binding parameter [130] as [VARCHAR] - [wNMpTtmlnzeDmycKZqJs]
2020-06-19 14:05:55 TRACE [BasicBinder.java:64] binding parameter [131] as [VARCHAR] - [b]
2020-06-19 14:05:55 TRACE [BasicBinder.java:64] binding parameter [132] as [VARCHAR] - [coARjuIWldGzJcLilXHQ]
2020-06-19 14:05:55 TRACE [BasicBinder.java:64] binding parameter [133] as [VARCHAR] - [dtoNZekMikBreWMUxfcz]
2020-06-19 14:05:55 TRACE [BasicBinder.java:64] binding parameter [134] as [VARCHAR] - [bzCuUiEHCqtHfTxXolrc]
2020-06-19 14:05:55 TRACE [BasicBinder.java:64] binding parameter [135] as [VARCHAR] - [le]
2020-06-19 14:05:55 TRACE [BasicBinder.java:64] binding parameter [136] as [VARCHAR] - [PwHIIdndXcgQEUlt]
2020-06-19 14:05:55 TRACE [BasicBinder.java:64] binding parameter [137] as [DOUBLE] - [5802831.82390399]
2020-06-19 14:05:55 TRACE [BasicBinder.java:64] binding parameter [138] as [VARCHAR] - [hNnMkuel]
2020-06-19 14:05:55 TRACE [BasicBinder.java:64] binding parameter [139] as [VARCHAR] - [uAjfnfektoTnAOV]
2020-06-19 14:05:55 TRACE [BasicBinder.java:64] binding parameter [140] as [VARCHAR] - [rESneFJqMw]
2020-06-19 14:05:55 TRACE [BasicBinder.java:64] binding parameter [141] as [BIGINT] - [35]
2020-06-19 14:05:55 DEBUG [MockBuilder.java:94] set changeTimestamp -> 1970-01-01T02:30:06
2020-06-19 14:05:55 DEBUG [MockBuilder.java:94] set autoCreateFlag -> c
2020-06-19 14:05:55 DEBUG [MockBuilder.java:94] set createTimestamp -> 1970-01-01T02:23:28
2020-06-19 14:05:55 DEBUG [MockBuilder.java:94] set level -> f
2020-06-19 14:05:55 DEBUG [MockBuilder.java:94] set changedBy -> TwvYPPiS
2020-06-19 14:05:55 DEBUG [MockBuilder.java:94] set ediOrdValidations -> null
2020-06-19 14:05:55 DEBUG [MockBuilder.java:94] set createdBy -> puyiqcma
2020-06-19 14:05:55 DEBUG [MockBuilder.java:94] set description -> pMHRvZQLSBHjRWHXQaLu
2020-06-19 14:05:55 DEBUG [MockBuilder.java:94] set defaultAction -> O
2020-06-19 14:05:55 DEBUG [MockBuilder.java:94] set ediReasonCode -> 65648
2020-06-19 14:05:55 DEBUG [MockBuilder.java:94] set precedence -> 9616726.142137242
Hibernate: select edireasonc0_.EDI_REASON_CODE as edi_reas1_6_1_, edireasonc0_.AUTO_CREATE_FLAG as auto_cre2_6_1_, edireasonc0_.CHANGE_TIMESTAMP as change_t3_6_1_, edireasonc0_.CHANGED_BY as changed_4_6_1_, edireasonc0_.CREATE_TIMESTAMP as create_t5_6_1_, edireasonc0_.CREATED_BY as created_6_6_1_, edireasonc0_.DEFAULT_ACTION as default_7_6_1_, edireasonc0_.description as descript8_6_1_, edireasonc0_.LEVEL as level9_6_1_, edireasonc0_.precedence as precede10_6_1_, ediordvali1_.edi_reason_code as edi_rea11_2_3_, ediordvali1_.EDI_ORDER_NBR as edi_orde1_2_3_, ediordvali1_.PO_LINE_NBR as po_line_2_2_3_, ediordvali1_.TIME_STAMP as time_sta3_2_3_, ediordvali1_.EDI_ORDER_NBR as edi_orde1_2_0_, ediordvali1_.PO_LINE_NBR as po_line_2_2_0_, ediordvali1_.TIME_STAMP as time_sta3_2_0_, ediordvali1_.ACTION_CODE as action_c4_2_0_, ediordvali1_.ASSIGNED_TO as assigned5_2_0_, ediordvali1_.CHANGED_BY as changed_6_2_0_, ediordvali1_.CHANGED_TIMESTAMP as changed_7_2_0_, ediordvali1_.CREATED_BY as created_8_2_0_, ediordvali1_.CREATED_TIMESTAMP as created_9_2_0_, ediordvali1_.edi_reason_code as edi_rea11_2_0_, ediordvali1_.status as status10_2_0_ from EDI_REASON_CODE edireasonc0_ left outer join EDI_ORD_VALIDATION ediordvali1_ on edireasonc0_.EDI_REASON_CODE=ediordvali1_.edi_reason_code where edireasonc0_.EDI_REASON_CODE=?
2020-06-19 14:05:55 TRACE [BasicBinder.java:64] binding parameter [1] as [INTEGER] - [63]
2020-06-19 14:05:55 DEBUG [MockBuilder.java:94] set eventInfo -> dgEJksMnMPMRrAZ
2020-06-19 14:05:55 DEBUG [MockBuilder.java:94] set purchasedBy -> IglqYrCybPPlRhQBLAFb
2020-06-19 14:05:55 DEBUG [MockBuilder.java:94] set consStatusMsg -> PmVJkNqViZziAKoBBoRG
2020-06-19 14:05:55 DEBUG [MockBuilder.java:94] set shipPartCompInd -> c
2020-06-19 14:05:55 DEBUG [MockBuilder.java:94] set contractUsageInd -> a
2020-06-19 14:05:55 DEBUG [MockBuilder.java:94] set rcdCode -> k
2020-06-19 14:05:55 DEBUG [MockBuilder.java:94] set crossDockCenter -> tGVpIzDLRB
2020-06-19 14:05:55 DEBUG [MockBuilder.java:94] set orderingSystem -> xv
2020-06-19 14:05:55 DEBUG [MockBuilder.java:94] set custDept -> ezToC
2020-06-19 14:05:55 DEBUG [MockBuilder.java:94] set receivedTimestamp -> 1970-01-01T00:49:47
2020-06-19 14:05:55 DEBUG [MockBuilder.java:94] set salesCheckNumber -> VvYafBjOEpQkCMWJcnvK
2020-06-19 14:05:55 DEBUG [MockBuilder.java:94] set salesReqCode -> hL
2020-06-19 14:05:55 DEBUG [MockBuilder.java:94] set reserveOrderInd -> w
2020-06-19 14:05:55 DEBUG [MockBuilder.java:94] set refTcNbr -> uSEnNpeUidWuSypCVxEy
2020-06-19 14:05:55 DEBUG [MockBuilder.java:94] set sellCo -> FA
2020-06-19 14:05:55 DEBUG [MockBuilder.java:94] set returnMsg -> jHabJLVFBoqzzswyGpfW
2020-06-19 14:05:55 DEBUG [MockBuilder.java:94] set seqNbr -> 411970
2020-06-19 14:05:55 DEBUG [MockBuilder.java:94] set routeByDate -> 1997-04-30
2020-06-19 14:05:55 DEBUG [MockBuilder.java:94] set ohStatusCode -> h
2020-06-19 14:05:55 DEBUG [MockBuilder.java:94] set nbDate -> 1987-05-10
2020-06-19 14:05:55 DEBUG [MockBuilder.java:94] set poType -> FZgiK
2020-06-19 14:05:55 DEBUG [MockBuilder.java:94] set onNote -> YQSVVVxPtePuSFexkJgA
2020-06-19 14:05:55 DEBUG [MockBuilder.java:94] set onlineType -> U
2020-06-19 14:05:55 DEBUG [MockBuilder.java:94] set poTypeSuffix -> LZUHijsdnA
2020-06-19 14:05:55 DEBUG [MockBuilder.java:94] set orderDate -> 1980-04-23
2020-06-19 14:05:55 DEBUG [MockBuilder.java:94] set storeName -> wJWeIzcweYXVXRbHTRWk
2020-06-19 14:05:55 DEBUG [MockBuilder.java:94] set orderLoc -> qN
2020-06-19 14:05:55 DEBUG [MockBuilder.java:94] set explodeFlag -> s
2020-06-19 14:05:55 DEBUG [MockBuilder.java:94] set termsNetDays -> Xro
2020-06-19 14:05:55 DEBUG [MockBuilder.java:94] set orderMerCost -> 1873688.7634438223
2020-06-19 14:05:55 DEBUG [MockBuilder.java:94] set psMsg -> kdEvUmlgfVbRefJItvhV
2020-06-19 14:05:55 DEBUG [MockBuilder.java:94] set termsTypeFlag -> aB
2020-06-19 14:05:55 DEBUG [MockBuilder.java:94] set shawOrderNumber -> jKGeNO
2020-06-19 14:05:55 DEBUG [MockBuilder.java:94] set totalBindingFt -> 1823905.4811912521
2020-06-19 14:05:55 DEBUG [MockBuilder.java:94] set shipPt -> xM
2020-06-19 14:05:55 DEBUG [MockBuilder.java:94] set dunsNbr -> QjeXLxJYqfEJsen
2020-06-19 14:05:55 DEBUG [MockBuilder.java:94] set specialInstruct1 -> KwDgQUqDcVKwrMykLDTD
2020-06-19 14:05:55 DEBUG [MockBuilder.java:94] set errorCode -> WBI
2020-06-19 14:05:55 DEBUG [MockBuilder.java:94] set specialInstruct2 -> ZPfagiDaLYKeRJTdbIkq
2020-06-19 14:05:55 DEBUG [MockBuilder.java:94] set errorDescription -> ByDeoYwFQFpRhnjPaVsq
2020-06-19 14:05:55 DEBUG [MockBuilder.java:94] set specialInstruct3 -> HlANydqHsbBOzMtfIjqT
2020-06-19 14:05:55 DEBUG [MockBuilder.java:94] set errorTimestamp -> 1970-01-01T01:16:36
2020-06-19 14:05:55 DEBUG [MockBuilder.java:94] set chngLid -> BlIZWBnI
2020-06-19 14:05:55 DEBUG [MockBuilder.java:94] set deliveryDate -> 1979-12-14
2020-06-19 14:05:55 DEBUG [MockBuilder.java:94] set phoneNumber -> nfcigIijvTU
2020-06-19 14:05:55 DEBUG [MockBuilder.java:94] set delvCutOffDt -> 1996-06-09
2020-06-19 14:05:55 DEBUG [MockBuilder.java:94] set chngTimestamp -> 1970-01-01T01:19:38
2020-06-19 14:05:55 DEBUG [MockBuilder.java:94] set newStoreInd -> O
2020-06-19 14:05:55 DEBUG [MockBuilder.java:94] set poControl -> xLtCU
2020-06-19 14:05:55 DEBUG [MockBuilder.java:94] set fobPoint -> yR
2020-06-19 14:05:55 DEBUG [MockBuilder.java:94] set noAsnFlag -> N
2020-06-19 14:05:55 DEBUG [MockBuilder.java:94] set srvLevel -> ce
2020-06-19 14:05:55 DEBUG [MockBuilder.java:94] set ohCancelDateValue -> 1988-01-27
2020-06-19 14:05:55 DEBUG [MockBuilder.java:94] set specialInstruct4 -> OIImwodKHgfGjhqSDuoQ
2020-06-19 14:05:55 DEBUG [MockBuilder.java:94] set statusCode -> o
2020-06-19 14:05:55 DEBUG [MockBuilder.java:94] set inputMethod -> yBgSrAcdfr
2020-06-19 14:05:55 DEBUG [MockBuilder.java:94] set specialPoNo -> JhELgQdVIneihcyiIqur
2020-06-19 14:05:55 DEBUG [MockBuilder.java:94] set stdCarrAlphaInd -> GFmj
2020-06-19 14:05:55 DEBUG [MockBuilder.java:94] set markForStore -> ihrtpsFKWN
2020-06-19 14:05:55 DEBUG [MockBuilder.java:94] set shipComplete -> G
2020-06-19 14:05:55 DEBUG [MockBuilder.java:94] set mediaEventCode -> EX
2020-06-19 14:05:55 DEBUG [MockBuilder.java:94] set shipDateValue -> 1990-08-07
2020-06-19 14:05:55 DEBUG [MockBuilder.java:94] set userId -> ojNICmHq
2020-06-19 14:05:55 DEBUG [MockBuilder.java:94] set phone -> JJZKUiqSixlZKZS
2020-06-19 14:05:55 DEBUG [MockBuilder.java:94] set vendorNo -> SJCYrsNXVJQpbkS
2020-06-19 14:05:55 DEBUG [MockBuilder.java:94] set divDesc -> SuGTQYOaPYIZTZnKpPvF
2020-06-19 14:05:55 DEBUG [MockBuilder.java:94] set wcStore -> nhjmiMFIKl
2020-06-19 14:05:55 DEBUG [MockBuilder.java:94] set commCust -> XcnZctj
2020-06-19 14:05:55 DEBUG [MockBuilder.java:94] set country -> kYKlvuWGqWYLDhGYseJ
2020-06-19 14:05:55 DEBUG [MockBuilder.java:94] set poDateValue -> 1995-08-19
2020-06-19 14:05:55 DEBUG [MockBuilder.java:94] set cnCity -> dEKvzEasFJLTfLpoJBC
2020-06-19 14:05:55 DEBUG [MockBuilder.java:94] set customerCode -> pe
2020-06-19 14:05:55 DEBUG [MockBuilder.java:94] set destCode -> Mg
2020-06-19 14:05:55 DEBUG [MockBuilder.java:94] set name -> ewsEBKpIJTkLnCeweLuo
2020-06-19 14:05:55 DEBUG [MockBuilder.java:94] set custNbr -> NfnJAfD
2020-06-19 14:05:55 DEBUG [MockBuilder.java:94] set custNbr -> oQowQzn
2020-06-19 14:05:55 DEBUG [MockBuilder.java:94] set customerRefNbr -> mhU
2020-06-19 14:05:55 DEBUG [MockBuilder.java:94] set consumerPoDateValue -> 1986-07-26
2020-06-19 14:05:55 DEBUG [MockBuilder.java:94] set addressLine2 -> mBgjooJDVMmhZWvNkVPX
2020-06-19 14:05:55 DEBUG [MockBuilder.java:94] set customerSidemark -> oewysMnTkinbVONQxFBK
2020-06-19 14:05:55 DEBUG [MockBuilder.java:94] set city -> yOUTYvShWhDJVqfSdcu
2020-06-19 14:05:55 DEBUG [MockBuilder.java:94] set city -> JYPwlYgRQMzbDOrAFTI
2020-06-19 14:05:55 DEBUG [MockBuilder.java:94] set custPmtMeth -> MCUvXOpmyaTCbAvoAMSw
2020-06-19 14:05:55 DEBUG [MockBuilder.java:94] set addressLine1 -> tZwuxzsvuGNUTfyGBYNh
2020-06-19 14:05:55 DEBUG [MockBuilder.java:94] set custSpInst -> JlRhScNFmYJbCZSoXpRh
2020-06-19 14:05:55 DEBUG [MockBuilder.java:94] set state -> tI
2020-06-19 14:05:55 DEBUG [MockBuilder.java:94] set truncFlag -> z
2020-06-19 14:05:55 DEBUG [MockBuilder.java:94] set custWhNbr -> hDwG
2020-06-19 14:05:55 DEBUG [MockBuilder.java:94] set zip -> HThyoyMBnkE
2020-06-19 14:05:55 DEBUG [MockBuilder.java:94] set zip -> STzXIgseZ
2020-06-19 14:05:55 DEBUG [MockBuilder.java:94] set beg -> kVqYz
2020-06-19 14:05:55 DEBUG [MockBuilder.java:94] set store -> oJoykMHdIq
2020-06-19 14:05:55 DEBUG [MockBuilder.java:94] set billToState -> vQ
2020-06-19 14:05:55 DEBUG [MockBuilder.java:94] set state -> pT
2020-06-19 14:05:55 DEBUG [MockBuilder.java:94] set billToStore -> YznFmSwWpr
2020-06-19 14:05:55 DEBUG [MockBuilder.java:94] set poDateQualifier -> jPi
2020-06-19 14:05:55 DEBUG [MockBuilder.java:94] set name -> QqsoZqyQuGZHSTekKFdP
2020-06-19 14:05:55 DEBUG [MockBuilder.java:94] set bsStoreNbr -> vZEUxHXxMB
2020-06-19 14:05:55 DEBUG [MockBuilder.java:94] set poNumber -> NUSFXtDmeXYEoDbXHpWd
2020-06-19 14:05:55 DEBUG [MockBuilder.java:94] set flag -> 162137
2020-06-19 14:05:55 DEBUG [MockBuilder.java:94] set cancelDateQualifier -> OaQ
2020-06-19 14:05:55 DEBUG [MockBuilder.java:94] set poQual -> ov
2020-06-19 14:05:55 DEBUG [MockBuilder.java:94] set orderRetTotal -> 3560450.158888053
2020-06-19 14:05:55 DEBUG [MockBuilder.java:94] set carrierCode -> ZT
2020-06-19 14:05:55 DEBUG [MockBuilder.java:94] set shipByCutOffDt -> 1986-09-29
2020-06-19 14:05:55 DEBUG [MockBuilder.java:94] set orderType -> n
2020-06-19 14:05:55 DEBUG [MockBuilder.java:94] set cbCutLength -> 4717845.953086794
2020-06-19 14:05:55 DEBUG [MockBuilder.java:94] set shipByDate -> 1983-05-25
2020-06-19 14:05:55 DEBUG [MockBuilder.java:94] set orderTypeDesc -> QuXFVXerRZcJbkx
2020-06-19 14:05:55 DEBUG [MockBuilder.java:94] set agreementNumber -> kTDoEhSAbrLOGTK
2020-06-19 14:05:55 DEBUG [MockBuilder.java:94] set shipCancelDate -> 1975-11-01
2020-06-19 14:05:55 DEBUG [MockBuilder.java:94] set orderWeight -> 5157930.754612499
2020-06-19 14:05:55 DEBUG [MockBuilder.java:94] set assignedAgent -> qHOYbRnF
2020-06-19 14:05:55 DEBUG [MockBuilder.java:94] set orderRetHand -> 9002794.424066635
2020-06-19 14:05:55 DEBUG [MockBuilder.java:94] set acctContact -> tjndLvSWcbTmVIPVDfDk
2020-06-19 14:05:55 DEBUG [MockBuilder.java:94] set authRep -> jtzcxHMXKkRKgBTplEON
2020-06-19 14:05:55 DEBUG [MockBuilder.java:94] set orderRetSh -> 8984739.7630398
2020-06-19 14:05:55 DEBUG [MockBuilder.java:94] set acknowlegeOrdInd -> u
2020-06-19 14:05:55 DEBUG [MockBuilder.java:94] set authorizationNo -> RuZOEkmdIA
2020-06-19 14:05:55 DEBUG [MockBuilder.java:94] set orderRetTax -> 435005.94034663803
2020-06-19 14:05:55 DEBUG [MockBuilder.java:94] set addrKey -> 335697
2020-06-19 14:05:55 DEBUG [MockBuilder.java:94] set cphone -> qEyAaAFGuIbsmdepybGu
2020-06-19 14:05:55 DEBUG [MockBuilder.java:94] set ccountry -> IgcwMXCRTSplnoYlTaXl
2020-06-19 14:05:55 DEBUG [MockBuilder.java:94] set addressLine2 -> jicUCbXsrBnnvYMhIFWc
2020-06-19 14:05:55 DEBUG [MockBuilder.java:94] set cprovince -> KgaRVYelKtAtiAgNLDqw
2020-06-19 14:05:55 DEBUG [MockBuilder.java:94] set frtCode -> x
2020-06-19 14:05:55 DEBUG [MockBuilder.java:94] set addressLine1 -> PcGpQUICeARCptpqhgeO
2020-06-19 14:05:55 DEBUG [MockBuilder.java:94] set shipDateQualifier -> yKS
2020-06-19 14:05:55 DEBUG [MockBuilder.java:94] set giftMessage1 -> vwZuOzqrNLxGnumDiIzn
2020-06-19 14:05:55 DEBUG [MockBuilder.java:94] set province -> MAWimXXogTKOHAPJyYa
2020-06-19 14:05:55 DEBUG [MockBuilder.java:94] set shipInstruction -> knPvsWCxsgxCtPRugNQF
2020-06-19 14:05:55 DEBUG [MockBuilder.java:94] set consumerShipFlg -> v
2020-06-19 14:05:55 DEBUG [MockBuilder.java:94] set shipToAddress -> LegacyShipToAddress [addressLine1=tZwuxzsvuGNUTfyGBYNh, addressLine2=mBgjooJDVMmhZWvNkVPX, city=yOUTYvShWhDJVqfSdcu, cnCity=dEKvzEasFJLTfLpoJBC, country=kYKlvuWGqWYLDhGYseJ, custNbr=oQowQzn, destCode=Mg, flag=162137, name=QqsoZqyQuGZHSTekKFdP, phone=JJZKUiqSixlZKZS, province=MAWimXXogTKOHAPJyYa, state=pT, store=oJoykMHdIq, truncFlag=z, zip=HThyoyMBnkE]
2020-06-19 14:05:55 DEBUG [MockBuilder.java:94] set giftMessage2 -> ZqihqonmLTgaPDITZrEW
2020-06-19 14:05:55 DEBUG [MockBuilder.java:94] set consumerAddress -> LegacyConsumerAddress [cprovince=KgaRVYelKtAtiAgNLDqw, ccountry=IgcwMXCRTSplnoYlTaXl, cphone=qEyAaAFGuIbsmdepybGu, addressLine1=PcGpQUICeARCptpqhgeO, addressLine2=jicUCbXsrBnnvYMhIFWc, city=JYPwlYgRQMzbDOrAFTI, name=ewsEBKpIJTkLnCeweLuo, consumerPoDateValue=1986-07-26, consumerShipFlg=v, state=tI, zip=STzXIgseZ]
2020-06-19 14:05:55 DEBUG [MockBuilder.java:94] set addressLine1 -> lJEVHjvyZYwspHEVlFeK
2020-06-19 14:05:55 DEBUG [MockBuilder.java:94] set city -> uKtlgqnVzuIGuKThnYBo
2020-06-19 14:05:55 DEBUG [MockBuilder.java:94] set accountNbr -> EICvegtWKUWTGTllppqW
2020-06-19 14:05:55 DEBUG [MockBuilder.java:94] set hostAlertFlag -> i
2020-06-19 14:05:55 DEBUG [MockBuilder.java:94] set addressLine2 -> NUDSUTlIquGhWnaNletJ
2020-06-19 14:05:55 DEBUG [MockBuilder.java:94] set name -> RxgoqPhGJkovCvPqQoxT
2020-06-19 14:05:55 DEBUG [MockBuilder.java:94] set name2 -> vrAVFcihXONkiaJCgJGl
2020-06-19 14:05:55 DEBUG [MockBuilder.java:94] set zip -> XpVFJHDHiWFUYpXV
2020-06-19 14:05:55 DEBUG [MockBuilder.java:94] set tpcountry -> flphKxWPOcZWxXctsEZU
2020-06-19 14:05:55 DEBUG [MockBuilder.java:94] set tpprovince -> wbetzpnynGqhQpNNHGqh
2020-06-19 14:05:55 DEBUG [MockBuilder.java:94] set state -> KC
2020-06-19 14:05:55 DEBUG [MockBuilder.java:94] set tpphone -> IrgxhiWsmExDBredBSJu
2020-06-19 14:05:55 DEBUG [MockBuilder.java:94] set billFlag -> D
2020-06-19 14:05:55 DEBUG [MockBuilder.java:94] set thirdPartyAddress -> LegacyThirdPartyAddress [tpprovince=wbetzpnynGqhQpNNHGqh, tpcountry=flphKxWPOcZWxXctsEZU, tpphone=IrgxhiWsmExDBredBSJu, addressLine1=lJEVHjvyZYwspHEVlFeK, addressLine2=NUDSUTlIquGhWnaNletJ, accountNbr=EICvegtWKUWTGTllppqW, billFlag=D, city=uKtlgqnVzuIGuKThnYBo, name=RxgoqPhGJkovCvPqQoxT, name2=vrAVFcihXONkiaJCgJGl, state=KC, zip=XpVFJHDHiWFUYpXV]
2020-06-19 14:05:55 DEBUG [MockBuilder.java:94] set dates -> null
2020-06-19 14:05:55 DEBUG [MockBuilder.java:94] set lines -> null
2020-06-19 14:05:55 DEBUG [MockBuilder.java:94] set createdBy -> BTVjoZywKt
2020-06-19 14:05:55 DEBUG [MockBuilder.java:94] set beg -> nWoFL
2020-06-19 14:05:55 DEBUG [MockBuilder.java:94] set type -> OWgrOmeyxbXEevPsoaXf
2020-06-19 14:05:55 DEBUG [MockBuilder.java:94] set validations -> null
2020-06-19 14:05:55 DEBUG [MockBuilder.java:94] set shipByDate -> 1988-07-16
2020-06-19 14:05:55 DEBUG [MockBuilder.java:94] set orderingSystem -> zI
2020-06-19 14:05:55 DEBUG [MockBuilder.java:94] set createTimestamp -> 1970-01-01T02:28:33
2020-06-19 14:05:55 DEBUG [MockBuilder.java:94] set changedBy -> suOrDxmiDu
2020-06-19 14:05:55 DEBUG [MockBuilder.java:94] set shipCancelDate -> 1974-02-12
2020-06-19 14:05:55 DEBUG [MockBuilder.java:94] set createTimestamp -> 1970-01-01T01:22:20
2020-06-19 14:05:55 DEBUG [MockBuilder.java:94] set legacyOrderNumber -> 310400124
2020-06-19 14:05:55 DEBUG [MockBuilder.java:94] set changeTimestamp -> 1970-01-01T02:26:22
2020-06-19 14:05:55 DEBUG [MockBuilder.java:94] set changeTimestamp -> 1970-01-01T01:07:20
2020-06-19 14:05:55 DEBUG [MockBuilder.java:94] set shawOrderNbr -> zxKSCC
2020-06-19 14:05:55 DEBUG [MockBuilder.java:94] set createTimestamp -> 1970-01-01T00:34:13
2020-06-19 14:05:55 DEBUG [MockBuilder.java:94] set agreementNumber -> ymNkJsdvTJRGNzX
2020-06-19 14:05:55 DEBUG [MockBuilder.java:94] set orderType -> BYfPYHYrgTjWQtnEejtt
2020-06-19 14:05:55 DEBUG [MockBuilder.java:94] set nbDate -> 1978-07-04
2020-06-19 14:05:55 DEBUG [MockBuilder.java:94] set country -> Wx
2020-06-19 14:05:55 DEBUG [MockBuilder.java:94] set dunsNbr -> KZvaaqTLHbztYgN
2020-06-19 14:05:55 DEBUG [MockBuilder.java:94] set storeName -> LdUzmnmZJZIyeksBEwyg
2020-06-19 14:05:55 DEBUG [MockBuilder.java:94] set changeTimestamp -> 1970-01-01T02:34:02
2020-06-19 14:05:55 DEBUG [MockBuilder.java:94] set custDept -> KUGbM
2020-06-19 14:05:55 DEBUG [MockBuilder.java:94] set billToStore -> WLXKuQzUNq
2020-06-19 14:05:55 DEBUG [MockBuilder.java:94] set serviceCode -> dHgrNnyUwaJvrZadUhsR
2020-06-19 14:05:55 DEBUG [MockBuilder.java:94] set dateValue -> 1978-02-21
2020-06-19 14:05:55 DEBUG [MockBuilder.java:94] set customerNumber -> JGfKMW
2020-06-19 14:05:55 DEBUG [MockBuilder.java:94] set createdBy -> xpifEluCxL
2020-06-19 14:05:55 DEBUG [MockBuilder.java:94] set commCust -> xMrcYrW
2020-06-19 14:05:55 DEBUG [MockBuilder.java:94] set requestOrderJson -> RohFfEFhUIrEGtFqDInx
2020-06-19 14:05:55 DEBUG [MockBuilder.java:94] set qualifier -> jRW
2020-06-19 14:05:55 DEBUG [MockBuilder.java:94] set freightType -> UecfpkjMqcsMgciYgFbE
2020-06-19 14:05:55 DEBUG [MockBuilder.java:94] set customerCode -> Ai
2020-06-19 14:05:55 DEBUG [MockBuilder.java:94] set sampVvalue -> uzIIzhRkEbInXZhwlPzy
2020-06-19 14:05:55 DEBUG [MockBuilder.java:94] set sampType -> NJcbAEJEQNWLsvFlJOPt
2020-06-19 14:05:55 DEBUG [MockBuilder.java:94] set createTimestamp -> 1970-01-01T01:34:13
2020-06-19 14:05:55 DEBUG [MockBuilder.java:94] set dateValue -> 1991-02-12
2020-06-19 14:05:55 DEBUG [MockBuilder.java:94] set createdBy -> qUIRFcksDC
2020-06-19 14:05:55 DEBUG [MockBuilder.java:94] set changeTimestamp -> 1970-01-01T00:26:40
2020-06-19 14:05:55 DEBUG [MockBuilder.java:94] set qualifier -> HNt
2020-06-19 14:05:55 DEBUG [MockBuilder.java:94] set dates -> null
2020-06-19 14:05:55 DEBUG [MockBuilder.java:94] set changedBy -> STFZSJZoKl
2020-06-19 14:05:55 DEBUG [MockBuilder.java:94] set dateValue -> 1987-07-30
2020-06-19 14:05:55 DEBUG [MockBuilder.java:94] set cancelDate -> com.shaw.ediorderservices.persistance.sqlserver.entity.date.CancelDate@2c6dd0db
2020-06-19 14:05:55 DEBUG [MockBuilder.java:94] set createdBy -> SVtTZOOuhX
2020-06-19 14:05:55 DEBUG [MockBuilder.java:94] set changedBy -> nwmLdfAYAA
2020-06-19 14:05:55 DEBUG [MockBuilder.java:94] set qualifier -> sfB
2020-06-19 14:05:55 DEBUG [MockBuilder.java:94] set country -> Tq
2020-06-19 14:05:55 DEBUG [MockBuilder.java:94] set zip -> EXYwsxWmZviEFtsd
2020-06-19 14:05:55 DEBUG [MockBuilder.java:94] set province -> kMtnSdGPQzsfKFTPpdb
2020-06-19 14:05:55 DEBUG [MockBuilder.java:94] set state -> at
2020-06-19 14:05:55 DEBUG [MockBuilder.java:94] set createTimestamp -> 1970-01-01T02:08:16
2020-06-19 14:05:55 DEBUG [MockBuilder.java:94] set changeTimestamp -> 1970-01-01T00:32:08
2020-06-19 14:05:55 DEBUG [MockBuilder.java:94] set changedBy -> ftPbUWtSEP
2020-06-19 14:05:55 DEBUG [MockBuilder.java:94] set createdBy -> bjFhrsTVEb
2020-06-19 14:05:55 DEBUG [MockBuilder.java:94] set phone -> ptXkzLunaZIeclJ
2020-06-19 14:05:55 DEBUG [MockBuilder.java:94] set careOf -> ysXeEFfIadPZXBeEseQg
2020-06-19 14:05:55 DEBUG [MockBuilder.java:94] set name -> mqVzsduFACwXdOLQIzyK
2020-06-19 14:05:55 DEBUG [MockBuilder.java:94] set addressLine2 -> eWlbRukUBCtQKbtRMqUi
2020-06-19 14:05:55 DEBUG [MockBuilder.java:94] set city -> QFuuqepfMcesBHzIGKlh
2020-06-19 14:05:55 DEBUG [MockBuilder.java:94] set addressLine1 -> oXxcnykeLQZAZckBMwfg
2020-06-19 14:05:55 DEBUG [MockBuilder.java:94] set shipToFlag -> 3975579.060220918
2020-06-19 14:05:55 DEBUG [MockBuilder.java:94] set truncFlag -> F
2020-06-19 14:05:55 DEBUG [MockBuilder.java:94] set custNbr -> sxQzADI
2020-06-19 14:05:55 DEBUG [MockBuilder.java:94] set destinationCode -> mA
2020-06-19 14:05:55 DEBUG [MockBuilder.java:94] set shipToAddress -> com.shaw.ediorderservices.persistance.sqlserver.entity.address.ShipToAddress@5ebe00e3
2020-06-19 14:05:55 DEBUG [MockBuilder.java:94] set addressLine1 -> tTuJYOZvMdBWhgVcbOrZ
2020-06-19 14:05:55 DEBUG [MockBuilder.java:94] set careOf -> PudaFwUsbzQFRCLwRtgq
2020-06-19 14:05:55 DEBUG [MockBuilder.java:94] set city -> QlUYasukSqflBwVkBlSD
2020-06-19 14:05:55 DEBUG [MockBuilder.java:94] set addressLine2 -> fESzLkzgbFRSKLKYEYkW
2020-06-19 14:05:55 DEBUG [MockBuilder.java:94] set country -> ow
2020-06-19 14:05:55 DEBUG [MockBuilder.java:94] set zip -> bYQzlnvGXzNcokya
2020-06-19 14:05:55 DEBUG [MockBuilder.java:94] set vendorNo -> MnzoUBMXmIlEdUA
2020-06-19 14:05:55 DEBUG [MockBuilder.java:94] set province -> WKYRVWIkFEoxdNDxtqK
2020-06-19 14:05:55 DEBUG [MockBuilder.java:94] set poDate -> com.shaw.ediorderservices.persistance.sqlserver.entity.date.PoDate@146ecd41
2020-06-19 14:05:55 DEBUG [MockBuilder.java:94] set state -> pe
2020-06-19 14:05:55 DEBUG [MockBuilder.java:94] set generics -> null
2020-06-19 14:05:55 DEBUG [MockBuilder.java:94] set createTimestamp -> 1970-01-01T02:12:27
2020-06-19 14:05:55 DEBUG [MockBuilder.java:94] set lines -> null
2020-06-19 14:05:55 DEBUG [MockBuilder.java:94] set addressLine1 -> BtLXeMdfQdSbWlFYscPt
2020-06-19 14:05:55 DEBUG [MockBuilder.java:94] set changeTimestamp -> 1970-01-01T01:06:08
2020-06-19 14:05:55 DEBUG [MockBuilder.java:94] set careOf -> YYIaxXkeHpXjIQmkEegi
2020-06-19 14:05:55 DEBUG [MockBuilder.java:94] set changedBy -> QkcczRVRTk
2020-06-19 14:05:55 DEBUG [MockBuilder.java:94] set shipFlag -> t
2020-06-19 14:05:55 DEBUG [MockBuilder.java:94] set createdBy -> CvEkcAdHnx
2020-06-19 14:05:55 DEBUG [MockBuilder.java:94] set poDate -> 1978-09-07
2020-06-19 14:05:55 DEBUG [MockBuilder.java:94] set phone -> ibwUfYRHuqfKvLJ
2020-06-19 14:05:55 DEBUG [MockBuilder.java:94] set name -> QWJEhaqZjSrZewbxHRGU
2020-06-19 14:05:55 DEBUG [MockBuilder.java:94] set city -> IFKjkqzLBODxtBCsfvQx
2020-06-19 14:05:55 DEBUG [MockBuilder.java:94] set addressLine2 -> AoNwQLHWUtWEZmeUuYlm
2020-06-19 14:05:55 DEBUG [MockBuilder.java:94] set createTimestamp -> 1970-01-01T02:08:47
2020-06-19 14:05:55 DEBUG [MockBuilder.java:94] set changeTimestamp -> 1970-01-01T01:02:07
2020-06-19 14:05:55 DEBUG [MockBuilder.java:94] set changedBy -> JAEzyxSAXb
2020-06-19 14:05:55 DEBUG [MockBuilder.java:94] set createdBy -> SizKveJXqJ
2020-06-19 14:05:55 DEBUG [MockBuilder.java:94] set phone -> rVZsSCmEnhjezgO
2020-06-19 14:05:55 DEBUG [MockBuilder.java:94] set province -> gIfYNMmDwkqsZbhCfIn
2020-06-19 14:05:55 DEBUG [MockBuilder.java:94] set state -> pp
2020-06-19 14:05:55 DEBUG [MockBuilder.java:94] set billFlag -> M
2020-06-19 14:05:55 DEBUG [MockBuilder.java:94] set accountNbr -> SrchRawKZzrDCeHdMryE
2020-06-19 14:05:55 DEBUG [MockBuilder.java:94] set name -> YlpuCPZIhoHCpLaqgQza
2020-06-19 14:05:55 DEBUG [MockBuilder.java:94] set zip -> fdoeNsxiVtPtVCGI
2020-06-19 14:05:55 DEBUG [MockBuilder.java:94] set ediOrder -> null
2020-06-19 14:05:55 DEBUG [MockBuilder.java:94] set changedBy -> ykpTRoubgz
2020-06-19 14:05:55 DEBUG [MockBuilder.java:94] set shipDate -> com.shaw.ediorderservices.persistance.sqlserver.entity.date.ShipDate@19f4699d
2020-06-19 14:05:55 DEBUG [MockBuilder.java:94] set consumerAddress -> com.shaw.ediorderservices.persistance.sqlserver.entity.address.ConsumerAddress@5ebd5214
2020-06-19 14:05:55 DEBUG [MockBuilder.java:94] set ediOrder -> null
2020-06-19 14:05:55 DEBUG [MockBuilder.java:94] set carrierCode -> hx
2020-06-19 14:05:55 DEBUG [MockBuilder.java:94] set poNumber -> QwdSZLkzjjTovosMShQW
2020-06-19 14:05:55 DEBUG [MockBuilder.java:94] set thirdPartyAddress -> com.shaw.ediorderservices.persistance.sqlserver.entity.address.ThirdPartyAddress@5c70279b
2020-06-19 14:05:55 DEBUG [MockBuilder.java:94] set shipDate -> 1995-08-10
2020-06-19 14:05:55 DEBUG [MockBuilder.java:94] set changedBy -> UzhyaQLCCE
2020-06-19 14:05:55 DEBUG [MockBuilder.java:94] set lineType -> tCbjSOUdBvgUMEUMnQiX
2020-06-19 14:05:55 DEBUG [MockBuilder.java:94] set changeTimestamp -> 1970-01-01T01:41:08
2020-06-19 14:05:55 DEBUG [MockBuilder.java:94] set custReqShipDate -> 1976-12-08
2020-06-19 14:05:55 DEBUG [MockBuilder.java:94] set samplesValue -> DPlOrMCETBfWhOxCaijS
2020-06-19 14:05:55 DEBUG [MockBuilder.java:94] set color -> cXSGm
2020-06-19 14:05:55 DEBUG [MockBuilder.java:94] set createdBy -> DJlDxWNoVW
2020-06-19 14:05:55 DEBUG [MockBuilder.java:94] set lineNbr -> 612284
2020-06-19 14:05:55 DEBUG [MockBuilder.java:94] set style -> HMNnY
2020-06-19 14:05:55 DEBUG [MockBuilder.java:94] set ref -> Qhj
2020-06-19 14:05:55 DEBUG [MockBuilder.java:94] set createTimestamp -> 1970-01-01T00:55:16
2020-06-19 14:05:55 DEBUG [MockBuilder.java:94] set validations -> null
2020-06-19 14:05:55 DEBUG [MockHelper.java:58] EdiOrder [id=null, customerCode=Ai, orderingSystem=zI, type=BYfPYHYrgTjWQtnEejtt, legacyId=310400124, shawOrderNbr=zxKSCC, carrierCode=hx, customerNumber=JGfKMW, commCust=xMrcYrW, poNumber=QwdSZLkzjjTovosMShQW, freightType=UecfpkjMqcsMgciYgFbE, serviceCode=dHgrNnyUwaJvrZadUhsR, billToStore=WLXKuQzUNq, agreementNumber=ymNkJsdvTJRGNzX, custDept=KUGbM, storeName=LdUzmnmZJZIyeksBEwyg, vendorNo=MnzoUBMXmIlEdUA, dunsNbr=KZvaaqTLHbztYgN, beg=nWoFL, shipCancelDate=1974-02-12, shipByDate=1988-07-16, nbDate=1978-07-04, shipDate=com.shaw.ediorderservices.persistance.sqlserver.entity.date.ShipDate@19f4699d, cancelDate=com.shaw.ediorderservices.persistance.sqlserver.entity.date.CancelDate@2c6dd0db, poDate=com.shaw.ediorderservices.persistance.sqlserver.entity.date.PoDate@146ecd41, dates=null, shipToAddress=com.shaw.ediorderservices.persistance.sqlserver.entity.address.ShipToAddress@5ebe00e3, consumerAddress=com.shaw.ediorderservices.persistance.sqlserver.entity.address.ConsumerAddress@5ebd5214, thirdPartyAddress=com.shaw.ediorderservices.persistance.sqlserver.entity.address.ThirdPartyAddress@5c70279b, lines=[com.shaw.ediorderservices.persistance.sqlserver.entity.line.SamplesEdiLine@6f4be694], generics=null, validations=null]
]]></system-out>
    <system-err><![CDATA[java.lang.InstantiationException
	at java.base/jdk.internal.reflect.InstantiationExceptionConstructorAccessorImpl.newInstance(InstantiationExceptionConstructorAccessorImpl.java:48)
	at java.base/java.lang.reflect.Constructor.newInstanceWithCaller(Constructor.java:500)
	at java.base/java.lang.reflect.Constructor.newInstance(Constructor.java:481)
	at com.shaw.mock.builder.MockBuilder.build(MockBuilder.java:41)
	at com.shaw.mock.builder.MockBuilder.setMockValue(MockBuilder.java:86)
	at com.shaw.mock.builder.MockBuilder.lambda$build$3(MockBuilder.java:42)
	at java.base/java.util.stream.ForEachOps$ForEachOp$OfRef.accept(ForEachOps.java:183)
	at java.base/java.util.ArrayList$ArrayListSpliterator.forEachRemaining(ArrayList.java:1624)
	at java.base/java.util.stream.AbstractPipeline.copyInto(AbstractPipeline.java:484)
	at java.base/java.util.stream.ForEachOps$ForEachTask.compute(ForEachOps.java:290)
	at java.base/java.util.concurrent.CountedCompleter.exec(CountedCompleter.java:746)
	at java.base/java.util.concurrent.ForkJoinTask.doExec(ForkJoinTask.java:290)
	at java.base/java.util.concurrent.ForkJoinPool$WorkQueue.topLevelExec(ForkJoinPool.java:1016)
	at java.base/java.util.concurrent.ForkJoinPool.scan(ForkJoinPool.java:1665)
	at java.base/java.util.concurrent.ForkJoinPool.runWorker(ForkJoinPool.java:1598)
	at java.base/java.util.concurrent.ForkJoinWorkerThread.run(ForkJoinWorkerThread.java:177)
java.lang.InstantiationException
	at java.base/jdk.internal.reflect.InstantiationExceptionConstructorAccessorImpl.newInstance(InstantiationExceptionConstructorAccessorImpl.java:48)
	at java.base/java.lang.reflect.Constructor.newInstanceWithCaller(Constructor.java:500)
	at java.base/java.lang.reflect.Constructor.newInstance(Constructor.java:481)
	at com.shaw.mock.builder.MockBuilder.build(MockBuilder.java:41)
	at com.shaw.mock.builder.MockBuilder.setMockValue(MockBuilder.java:86)
	at com.shaw.mock.builder.MockBuilder.lambda$build$3(MockBuilder.java:42)
	at java.base/java.util.stream.ForEachOps$ForEachOp$OfRef.accept(ForEachOps.java:183)
	at java.base/java.util.ArrayList$ArrayListSpliterator.forEachRemaining(ArrayList.java:1624)
	at java.base/java.util.stream.AbstractPipeline.copyInto(AbstractPipeline.java:484)
	at java.base/java.util.stream.ForEachOps$ForEachTask.compute(ForEachOps.java:290)
	at java.base/java.util.concurrent.CountedCompleter.exec(CountedCompleter.java:746)
	at java.base/java.util.concurrent.ForkJoinTask.doExec(ForkJoinTask.java:290)
	at java.base/java.util.concurrent.ForkJoinPool$WorkQueue.topLevelExec(ForkJoinPool.java:1016)
	at java.base/java.util.concurrent.ForkJoinPool.scan(ForkJoinPool.java:1665)
	at java.base/java.util.concurrent.ForkJoinPool.runWorker(ForkJoinPool.java:1598)
	at java.base/java.util.concurrent.ForkJoinWorkerThread.run(ForkJoinWorkerThread.java:177)
]]></system-err>
  </testcase>
</testsuite>